[2024-07-26T12:15:29.777+0000] {processor.py:161} INFO - Started process (PID=126) to work on /home/airflow/.local/lib/python3.8/site-packages/airflow/example_dags/example_external_task_marker_dag.py
[2024-07-26T12:15:29.778+0000] {processor.py:830} INFO - Processing file /home/airflow/.local/lib/python3.8/site-packages/airflow/example_dags/example_external_task_marker_dag.py for tasks to queue
[2024-07-26T12:15:29.781+0000] {logging_mixin.py:188} INFO - [2024-07-26T12:15:29.780+0000] {dagbag.py:538} INFO - Filling up the DagBag from /home/airflow/.local/lib/python3.8/site-packages/airflow/example_dags/example_external_task_marker_dag.py
[2024-07-26T12:15:29.790+0000] {processor.py:840} INFO - DAG(s) 'example_external_task_marker_parent', 'example_external_task_marker_child' retrieved from /home/airflow/.local/lib/python3.8/site-packages/airflow/example_dags/example_external_task_marker_dag.py
[2024-07-26T12:15:29.929+0000] {logging_mixin.py:188} INFO - [2024-07-26T12:15:29.928+0000] {dag.py:3036} INFO - Sync 2 DAGs
[2024-07-26T12:15:29.942+0000] {logging_mixin.py:188} INFO - [2024-07-26T12:15:29.941+0000] {dag.py:3823} INFO - Setting next_dagrun for example_external_task_marker_child to None, run_after=None
[2024-07-26T12:15:29.946+0000] {logging_mixin.py:188} INFO - [2024-07-26T12:15:29.945+0000] {dag.py:3823} INFO - Setting next_dagrun for example_external_task_marker_parent to None, run_after=None
[2024-07-26T12:15:29.972+0000] {processor.py:183} INFO - Processing /home/airflow/.local/lib/python3.8/site-packages/airflow/example_dags/example_external_task_marker_dag.py took 0.198 seconds
[2024-07-26T12:16:00.768+0000] {processor.py:161} INFO - Started process (PID=190) to work on /home/airflow/.local/lib/python3.8/site-packages/airflow/example_dags/example_external_task_marker_dag.py
[2024-07-26T12:16:00.769+0000] {processor.py:830} INFO - Processing file /home/airflow/.local/lib/python3.8/site-packages/airflow/example_dags/example_external_task_marker_dag.py for tasks to queue
[2024-07-26T12:16:00.771+0000] {logging_mixin.py:188} INFO - [2024-07-26T12:16:00.771+0000] {dagbag.py:538} INFO - Filling up the DagBag from /home/airflow/.local/lib/python3.8/site-packages/airflow/example_dags/example_external_task_marker_dag.py
[2024-07-26T12:16:00.779+0000] {processor.py:840} INFO - DAG(s) 'example_external_task_marker_child', 'example_external_task_marker_parent' retrieved from /home/airflow/.local/lib/python3.8/site-packages/airflow/example_dags/example_external_task_marker_dag.py
[2024-07-26T12:16:00.808+0000] {logging_mixin.py:188} INFO - [2024-07-26T12:16:00.807+0000] {dag.py:3036} INFO - Sync 2 DAGs
[2024-07-26T12:16:00.829+0000] {logging_mixin.py:188} INFO - [2024-07-26T12:16:00.829+0000] {dag.py:3823} INFO - Setting next_dagrun for example_external_task_marker_child to None, run_after=None
[2024-07-26T12:16:00.838+0000] {logging_mixin.py:188} INFO - [2024-07-26T12:16:00.838+0000] {dag.py:3823} INFO - Setting next_dagrun for example_external_task_marker_parent to None, run_after=None
[2024-07-26T12:16:00.859+0000] {processor.py:183} INFO - Processing /home/airflow/.local/lib/python3.8/site-packages/airflow/example_dags/example_external_task_marker_dag.py took 0.096 seconds
[2024-07-26T12:16:31.148+0000] {processor.py:161} INFO - Started process (PID=254) to work on /home/airflow/.local/lib/python3.8/site-packages/airflow/example_dags/example_external_task_marker_dag.py
[2024-07-26T12:16:31.150+0000] {processor.py:830} INFO - Processing file /home/airflow/.local/lib/python3.8/site-packages/airflow/example_dags/example_external_task_marker_dag.py for tasks to queue
[2024-07-26T12:16:31.152+0000] {logging_mixin.py:188} INFO - [2024-07-26T12:16:31.151+0000] {dagbag.py:538} INFO - Filling up the DagBag from /home/airflow/.local/lib/python3.8/site-packages/airflow/example_dags/example_external_task_marker_dag.py
[2024-07-26T12:16:31.158+0000] {processor.py:840} INFO - DAG(s) 'example_external_task_marker_child', 'example_external_task_marker_parent' retrieved from /home/airflow/.local/lib/python3.8/site-packages/airflow/example_dags/example_external_task_marker_dag.py
[2024-07-26T12:16:31.188+0000] {logging_mixin.py:188} INFO - [2024-07-26T12:16:31.187+0000] {dag.py:3036} INFO - Sync 2 DAGs
[2024-07-26T12:16:31.205+0000] {logging_mixin.py:188} INFO - [2024-07-26T12:16:31.204+0000] {dag.py:3823} INFO - Setting next_dagrun for example_external_task_marker_child to None, run_after=None
[2024-07-26T12:16:31.211+0000] {logging_mixin.py:188} INFO - [2024-07-26T12:16:31.211+0000] {dag.py:3823} INFO - Setting next_dagrun for example_external_task_marker_parent to None, run_after=None
[2024-07-26T12:16:31.231+0000] {processor.py:183} INFO - Processing /home/airflow/.local/lib/python3.8/site-packages/airflow/example_dags/example_external_task_marker_dag.py took 0.086 seconds
[2024-07-26T12:17:01.989+0000] {processor.py:161} INFO - Started process (PID=318) to work on /home/airflow/.local/lib/python3.8/site-packages/airflow/example_dags/example_external_task_marker_dag.py
[2024-07-26T12:17:01.990+0000] {processor.py:830} INFO - Processing file /home/airflow/.local/lib/python3.8/site-packages/airflow/example_dags/example_external_task_marker_dag.py for tasks to queue
[2024-07-26T12:17:01.993+0000] {logging_mixin.py:188} INFO - [2024-07-26T12:17:01.993+0000] {dagbag.py:538} INFO - Filling up the DagBag from /home/airflow/.local/lib/python3.8/site-packages/airflow/example_dags/example_external_task_marker_dag.py
[2024-07-26T12:17:01.999+0000] {processor.py:840} INFO - DAG(s) 'example_external_task_marker_child', 'example_external_task_marker_parent' retrieved from /home/airflow/.local/lib/python3.8/site-packages/airflow/example_dags/example_external_task_marker_dag.py
[2024-07-26T12:17:02.027+0000] {logging_mixin.py:188} INFO - [2024-07-26T12:17:02.027+0000] {dag.py:3036} INFO - Sync 2 DAGs
[2024-07-26T12:17:02.043+0000] {logging_mixin.py:188} INFO - [2024-07-26T12:17:02.043+0000] {dag.py:3823} INFO - Setting next_dagrun for example_external_task_marker_child to None, run_after=None
[2024-07-26T12:17:02.048+0000] {logging_mixin.py:188} INFO - [2024-07-26T12:17:02.048+0000] {dag.py:3823} INFO - Setting next_dagrun for example_external_task_marker_parent to None, run_after=None
[2024-07-26T12:17:02.068+0000] {processor.py:183} INFO - Processing /home/airflow/.local/lib/python3.8/site-packages/airflow/example_dags/example_external_task_marker_dag.py took 0.082 seconds
[2024-07-26T12:17:32.410+0000] {processor.py:161} INFO - Started process (PID=382) to work on /home/airflow/.local/lib/python3.8/site-packages/airflow/example_dags/example_external_task_marker_dag.py
[2024-07-26T12:17:32.411+0000] {processor.py:830} INFO - Processing file /home/airflow/.local/lib/python3.8/site-packages/airflow/example_dags/example_external_task_marker_dag.py for tasks to queue
[2024-07-26T12:17:32.416+0000] {logging_mixin.py:188} INFO - [2024-07-26T12:17:32.416+0000] {dagbag.py:538} INFO - Filling up the DagBag from /home/airflow/.local/lib/python3.8/site-packages/airflow/example_dags/example_external_task_marker_dag.py
[2024-07-26T12:17:32.424+0000] {processor.py:840} INFO - DAG(s) 'example_external_task_marker_child', 'example_external_task_marker_parent' retrieved from /home/airflow/.local/lib/python3.8/site-packages/airflow/example_dags/example_external_task_marker_dag.py
[2024-07-26T12:17:32.450+0000] {logging_mixin.py:188} INFO - [2024-07-26T12:17:32.449+0000] {dag.py:3036} INFO - Sync 2 DAGs
[2024-07-26T12:17:32.465+0000] {logging_mixin.py:188} INFO - [2024-07-26T12:17:32.465+0000] {dag.py:3823} INFO - Setting next_dagrun for example_external_task_marker_child to None, run_after=None
[2024-07-26T12:17:32.472+0000] {logging_mixin.py:188} INFO - [2024-07-26T12:17:32.472+0000] {dag.py:3823} INFO - Setting next_dagrun for example_external_task_marker_parent to None, run_after=None
[2024-07-26T12:17:32.495+0000] {processor.py:183} INFO - Processing /home/airflow/.local/lib/python3.8/site-packages/airflow/example_dags/example_external_task_marker_dag.py took 0.089 seconds
[2024-07-26T12:18:03.546+0000] {processor.py:161} INFO - Started process (PID=446) to work on /home/airflow/.local/lib/python3.8/site-packages/airflow/example_dags/example_external_task_marker_dag.py
[2024-07-26T12:18:03.547+0000] {processor.py:830} INFO - Processing file /home/airflow/.local/lib/python3.8/site-packages/airflow/example_dags/example_external_task_marker_dag.py for tasks to queue
[2024-07-26T12:18:03.549+0000] {logging_mixin.py:188} INFO - [2024-07-26T12:18:03.548+0000] {dagbag.py:538} INFO - Filling up the DagBag from /home/airflow/.local/lib/python3.8/site-packages/airflow/example_dags/example_external_task_marker_dag.py
[2024-07-26T12:18:03.555+0000] {processor.py:840} INFO - DAG(s) 'example_external_task_marker_parent', 'example_external_task_marker_child' retrieved from /home/airflow/.local/lib/python3.8/site-packages/airflow/example_dags/example_external_task_marker_dag.py
[2024-07-26T12:18:03.583+0000] {logging_mixin.py:188} INFO - [2024-07-26T12:18:03.583+0000] {dag.py:3036} INFO - Sync 2 DAGs
[2024-07-26T12:18:03.597+0000] {logging_mixin.py:188} INFO - [2024-07-26T12:18:03.597+0000] {dag.py:3823} INFO - Setting next_dagrun for example_external_task_marker_child to None, run_after=None
[2024-07-26T12:18:03.602+0000] {logging_mixin.py:188} INFO - [2024-07-26T12:18:03.601+0000] {dag.py:3823} INFO - Setting next_dagrun for example_external_task_marker_parent to None, run_after=None
[2024-07-26T12:18:03.623+0000] {processor.py:183} INFO - Processing /home/airflow/.local/lib/python3.8/site-packages/airflow/example_dags/example_external_task_marker_dag.py took 0.081 seconds
[2024-07-26T12:18:34.660+0000] {processor.py:161} INFO - Started process (PID=510) to work on /home/airflow/.local/lib/python3.8/site-packages/airflow/example_dags/example_external_task_marker_dag.py
[2024-07-26T12:18:34.662+0000] {processor.py:830} INFO - Processing file /home/airflow/.local/lib/python3.8/site-packages/airflow/example_dags/example_external_task_marker_dag.py for tasks to queue
[2024-07-26T12:18:34.665+0000] {logging_mixin.py:188} INFO - [2024-07-26T12:18:34.664+0000] {dagbag.py:538} INFO - Filling up the DagBag from /home/airflow/.local/lib/python3.8/site-packages/airflow/example_dags/example_external_task_marker_dag.py
[2024-07-26T12:18:34.673+0000] {processor.py:840} INFO - DAG(s) 'example_external_task_marker_child', 'example_external_task_marker_parent' retrieved from /home/airflow/.local/lib/python3.8/site-packages/airflow/example_dags/example_external_task_marker_dag.py
[2024-07-26T12:18:34.704+0000] {logging_mixin.py:188} INFO - [2024-07-26T12:18:34.704+0000] {dag.py:3036} INFO - Sync 2 DAGs
[2024-07-26T12:18:34.721+0000] {logging_mixin.py:188} INFO - [2024-07-26T12:18:34.721+0000] {dag.py:3823} INFO - Setting next_dagrun for example_external_task_marker_child to None, run_after=None
[2024-07-26T12:18:34.726+0000] {logging_mixin.py:188} INFO - [2024-07-26T12:18:34.726+0000] {dag.py:3823} INFO - Setting next_dagrun for example_external_task_marker_parent to None, run_after=None
[2024-07-26T12:18:34.747+0000] {processor.py:183} INFO - Processing /home/airflow/.local/lib/python3.8/site-packages/airflow/example_dags/example_external_task_marker_dag.py took 0.091 seconds
[2024-07-26T12:19:05.463+0000] {processor.py:161} INFO - Started process (PID=574) to work on /home/airflow/.local/lib/python3.8/site-packages/airflow/example_dags/example_external_task_marker_dag.py
[2024-07-26T12:19:05.464+0000] {processor.py:830} INFO - Processing file /home/airflow/.local/lib/python3.8/site-packages/airflow/example_dags/example_external_task_marker_dag.py for tasks to queue
[2024-07-26T12:19:05.466+0000] {logging_mixin.py:188} INFO - [2024-07-26T12:19:05.466+0000] {dagbag.py:538} INFO - Filling up the DagBag from /home/airflow/.local/lib/python3.8/site-packages/airflow/example_dags/example_external_task_marker_dag.py
[2024-07-26T12:19:05.473+0000] {processor.py:840} INFO - DAG(s) 'example_external_task_marker_child', 'example_external_task_marker_parent' retrieved from /home/airflow/.local/lib/python3.8/site-packages/airflow/example_dags/example_external_task_marker_dag.py
[2024-07-26T12:19:05.498+0000] {logging_mixin.py:188} INFO - [2024-07-26T12:19:05.497+0000] {dag.py:3036} INFO - Sync 2 DAGs
[2024-07-26T12:19:05.511+0000] {logging_mixin.py:188} INFO - [2024-07-26T12:19:05.511+0000] {dag.py:3823} INFO - Setting next_dagrun for example_external_task_marker_child to None, run_after=None
[2024-07-26T12:19:05.516+0000] {logging_mixin.py:188} INFO - [2024-07-26T12:19:05.515+0000] {dag.py:3823} INFO - Setting next_dagrun for example_external_task_marker_parent to None, run_after=None
[2024-07-26T12:19:05.531+0000] {processor.py:183} INFO - Processing /home/airflow/.local/lib/python3.8/site-packages/airflow/example_dags/example_external_task_marker_dag.py took 0.071 seconds
[2024-07-26T12:19:35.726+0000] {processor.py:161} INFO - Started process (PID=630) to work on /home/airflow/.local/lib/python3.8/site-packages/airflow/example_dags/example_external_task_marker_dag.py
[2024-07-26T12:19:35.728+0000] {processor.py:830} INFO - Processing file /home/airflow/.local/lib/python3.8/site-packages/airflow/example_dags/example_external_task_marker_dag.py for tasks to queue
[2024-07-26T12:19:35.729+0000] {logging_mixin.py:188} INFO - [2024-07-26T12:19:35.729+0000] {dagbag.py:538} INFO - Filling up the DagBag from /home/airflow/.local/lib/python3.8/site-packages/airflow/example_dags/example_external_task_marker_dag.py
[2024-07-26T12:19:35.735+0000] {processor.py:840} INFO - DAG(s) 'example_external_task_marker_child', 'example_external_task_marker_parent' retrieved from /home/airflow/.local/lib/python3.8/site-packages/airflow/example_dags/example_external_task_marker_dag.py
[2024-07-26T12:19:35.767+0000] {logging_mixin.py:188} INFO - [2024-07-26T12:19:35.766+0000] {dag.py:3036} INFO - Sync 2 DAGs
[2024-07-26T12:19:35.789+0000] {logging_mixin.py:188} INFO - [2024-07-26T12:19:35.788+0000] {dag.py:3823} INFO - Setting next_dagrun for example_external_task_marker_child to None, run_after=None
[2024-07-26T12:19:35.795+0000] {logging_mixin.py:188} INFO - [2024-07-26T12:19:35.795+0000] {dag.py:3823} INFO - Setting next_dagrun for example_external_task_marker_parent to None, run_after=None
[2024-07-26T12:19:35.823+0000] {processor.py:183} INFO - Processing /home/airflow/.local/lib/python3.8/site-packages/airflow/example_dags/example_external_task_marker_dag.py took 0.101 seconds
[2024-07-26T12:28:20.401+0000] {processor.py:161} INFO - Started process (PID=128) to work on /home/airflow/.local/lib/python3.8/site-packages/airflow/example_dags/example_external_task_marker_dag.py
[2024-07-26T12:28:20.402+0000] {processor.py:830} INFO - Processing file /home/airflow/.local/lib/python3.8/site-packages/airflow/example_dags/example_external_task_marker_dag.py for tasks to queue
[2024-07-26T12:28:20.405+0000] {logging_mixin.py:188} INFO - [2024-07-26T12:28:20.404+0000] {dagbag.py:538} INFO - Filling up the DagBag from /home/airflow/.local/lib/python3.8/site-packages/airflow/example_dags/example_external_task_marker_dag.py
[2024-07-26T12:28:20.411+0000] {processor.py:840} INFO - DAG(s) 'example_external_task_marker_parent', 'example_external_task_marker_child' retrieved from /home/airflow/.local/lib/python3.8/site-packages/airflow/example_dags/example_external_task_marker_dag.py
[2024-07-26T12:28:20.566+0000] {logging_mixin.py:188} INFO - [2024-07-26T12:28:20.566+0000] {dag.py:3036} INFO - Sync 2 DAGs
[2024-07-26T12:28:20.582+0000] {logging_mixin.py:188} INFO - [2024-07-26T12:28:20.581+0000] {dag.py:3823} INFO - Setting next_dagrun for example_external_task_marker_child to None, run_after=None
[2024-07-26T12:28:20.586+0000] {logging_mixin.py:188} INFO - [2024-07-26T12:28:20.585+0000] {dag.py:3823} INFO - Setting next_dagrun for example_external_task_marker_parent to None, run_after=None
[2024-07-26T12:28:20.611+0000] {processor.py:183} INFO - Processing /home/airflow/.local/lib/python3.8/site-packages/airflow/example_dags/example_external_task_marker_dag.py took 0.214 seconds
[2024-07-26T12:28:50.950+0000] {processor.py:161} INFO - Started process (PID=191) to work on /home/airflow/.local/lib/python3.8/site-packages/airflow/example_dags/example_external_task_marker_dag.py
[2024-07-26T12:28:50.951+0000] {processor.py:830} INFO - Processing file /home/airflow/.local/lib/python3.8/site-packages/airflow/example_dags/example_external_task_marker_dag.py for tasks to queue
[2024-07-26T12:28:50.953+0000] {logging_mixin.py:188} INFO - [2024-07-26T12:28:50.952+0000] {dagbag.py:538} INFO - Filling up the DagBag from /home/airflow/.local/lib/python3.8/site-packages/airflow/example_dags/example_external_task_marker_dag.py
[2024-07-26T12:28:50.959+0000] {processor.py:840} INFO - DAG(s) 'example_external_task_marker_parent', 'example_external_task_marker_child' retrieved from /home/airflow/.local/lib/python3.8/site-packages/airflow/example_dags/example_external_task_marker_dag.py
[2024-07-26T12:28:50.983+0000] {logging_mixin.py:188} INFO - [2024-07-26T12:28:50.983+0000] {dag.py:3036} INFO - Sync 2 DAGs
[2024-07-26T12:28:50.997+0000] {logging_mixin.py:188} INFO - [2024-07-26T12:28:50.997+0000] {dag.py:3823} INFO - Setting next_dagrun for example_external_task_marker_child to None, run_after=None
[2024-07-26T12:28:51.001+0000] {logging_mixin.py:188} INFO - [2024-07-26T12:28:51.000+0000] {dag.py:3823} INFO - Setting next_dagrun for example_external_task_marker_parent to None, run_after=None
[2024-07-26T12:28:51.020+0000] {processor.py:183} INFO - Processing /home/airflow/.local/lib/python3.8/site-packages/airflow/example_dags/example_external_task_marker_dag.py took 0.074 seconds
[2024-07-26T12:29:21.109+0000] {processor.py:161} INFO - Started process (PID=255) to work on /home/airflow/.local/lib/python3.8/site-packages/airflow/example_dags/example_external_task_marker_dag.py
[2024-07-26T12:29:21.110+0000] {processor.py:830} INFO - Processing file /home/airflow/.local/lib/python3.8/site-packages/airflow/example_dags/example_external_task_marker_dag.py for tasks to queue
[2024-07-26T12:29:21.112+0000] {logging_mixin.py:188} INFO - [2024-07-26T12:29:21.112+0000] {dagbag.py:538} INFO - Filling up the DagBag from /home/airflow/.local/lib/python3.8/site-packages/airflow/example_dags/example_external_task_marker_dag.py
[2024-07-26T12:29:21.120+0000] {processor.py:840} INFO - DAG(s) 'example_external_task_marker_child', 'example_external_task_marker_parent' retrieved from /home/airflow/.local/lib/python3.8/site-packages/airflow/example_dags/example_external_task_marker_dag.py
[2024-07-26T12:29:21.148+0000] {logging_mixin.py:188} INFO - [2024-07-26T12:29:21.148+0000] {dag.py:3036} INFO - Sync 2 DAGs
[2024-07-26T12:29:21.162+0000] {logging_mixin.py:188} INFO - [2024-07-26T12:29:21.161+0000] {dag.py:3823} INFO - Setting next_dagrun for example_external_task_marker_child to None, run_after=None
[2024-07-26T12:29:21.166+0000] {logging_mixin.py:188} INFO - [2024-07-26T12:29:21.166+0000] {dag.py:3823} INFO - Setting next_dagrun for example_external_task_marker_parent to None, run_after=None
[2024-07-26T12:29:21.185+0000] {processor.py:183} INFO - Processing /home/airflow/.local/lib/python3.8/site-packages/airflow/example_dags/example_external_task_marker_dag.py took 0.080 seconds
[2024-07-26T12:29:52.797+0000] {processor.py:161} INFO - Started process (PID=319) to work on /home/airflow/.local/lib/python3.8/site-packages/airflow/example_dags/example_external_task_marker_dag.py
[2024-07-26T12:29:52.798+0000] {processor.py:830} INFO - Processing file /home/airflow/.local/lib/python3.8/site-packages/airflow/example_dags/example_external_task_marker_dag.py for tasks to queue
[2024-07-26T12:29:52.800+0000] {logging_mixin.py:188} INFO - [2024-07-26T12:29:52.800+0000] {dagbag.py:538} INFO - Filling up the DagBag from /home/airflow/.local/lib/python3.8/site-packages/airflow/example_dags/example_external_task_marker_dag.py
[2024-07-26T12:29:52.807+0000] {processor.py:840} INFO - DAG(s) 'example_external_task_marker_child', 'example_external_task_marker_parent' retrieved from /home/airflow/.local/lib/python3.8/site-packages/airflow/example_dags/example_external_task_marker_dag.py
[2024-07-26T12:29:52.834+0000] {logging_mixin.py:188} INFO - [2024-07-26T12:29:52.833+0000] {dag.py:3036} INFO - Sync 2 DAGs
[2024-07-26T12:29:52.853+0000] {logging_mixin.py:188} INFO - [2024-07-26T12:29:52.852+0000] {dag.py:3823} INFO - Setting next_dagrun for example_external_task_marker_child to None, run_after=None
[2024-07-26T12:29:52.857+0000] {logging_mixin.py:188} INFO - [2024-07-26T12:29:52.856+0000] {dag.py:3823} INFO - Setting next_dagrun for example_external_task_marker_parent to None, run_after=None
[2024-07-26T12:29:52.878+0000] {processor.py:183} INFO - Processing /home/airflow/.local/lib/python3.8/site-packages/airflow/example_dags/example_external_task_marker_dag.py took 0.084 seconds
[2024-07-26T12:30:23.520+0000] {processor.py:161} INFO - Started process (PID=383) to work on /home/airflow/.local/lib/python3.8/site-packages/airflow/example_dags/example_external_task_marker_dag.py
[2024-07-26T12:30:23.521+0000] {processor.py:830} INFO - Processing file /home/airflow/.local/lib/python3.8/site-packages/airflow/example_dags/example_external_task_marker_dag.py for tasks to queue
[2024-07-26T12:30:23.523+0000] {logging_mixin.py:188} INFO - [2024-07-26T12:30:23.522+0000] {dagbag.py:538} INFO - Filling up the DagBag from /home/airflow/.local/lib/python3.8/site-packages/airflow/example_dags/example_external_task_marker_dag.py
[2024-07-26T12:30:23.530+0000] {processor.py:840} INFO - DAG(s) 'example_external_task_marker_child', 'example_external_task_marker_parent' retrieved from /home/airflow/.local/lib/python3.8/site-packages/airflow/example_dags/example_external_task_marker_dag.py
[2024-07-26T12:30:23.557+0000] {logging_mixin.py:188} INFO - [2024-07-26T12:30:23.557+0000] {dag.py:3036} INFO - Sync 2 DAGs
[2024-07-26T12:30:23.573+0000] {logging_mixin.py:188} INFO - [2024-07-26T12:30:23.573+0000] {dag.py:3823} INFO - Setting next_dagrun for example_external_task_marker_child to None, run_after=None
[2024-07-26T12:30:23.581+0000] {logging_mixin.py:188} INFO - [2024-07-26T12:30:23.580+0000] {dag.py:3823} INFO - Setting next_dagrun for example_external_task_marker_parent to None, run_after=None
[2024-07-26T12:30:23.602+0000] {processor.py:183} INFO - Processing /home/airflow/.local/lib/python3.8/site-packages/airflow/example_dags/example_external_task_marker_dag.py took 0.087 seconds
[2024-07-26T12:30:54.090+0000] {processor.py:161} INFO - Started process (PID=440) to work on /home/airflow/.local/lib/python3.8/site-packages/airflow/example_dags/example_external_task_marker_dag.py
[2024-07-26T12:30:54.091+0000] {processor.py:830} INFO - Processing file /home/airflow/.local/lib/python3.8/site-packages/airflow/example_dags/example_external_task_marker_dag.py for tasks to queue
[2024-07-26T12:30:54.093+0000] {logging_mixin.py:188} INFO - [2024-07-26T12:30:54.093+0000] {dagbag.py:538} INFO - Filling up the DagBag from /home/airflow/.local/lib/python3.8/site-packages/airflow/example_dags/example_external_task_marker_dag.py
[2024-07-26T12:30:54.101+0000] {processor.py:840} INFO - DAG(s) 'example_external_task_marker_child', 'example_external_task_marker_parent' retrieved from /home/airflow/.local/lib/python3.8/site-packages/airflow/example_dags/example_external_task_marker_dag.py
[2024-07-26T12:30:54.127+0000] {logging_mixin.py:188} INFO - [2024-07-26T12:30:54.127+0000] {dag.py:3036} INFO - Sync 2 DAGs
[2024-07-26T12:30:54.141+0000] {logging_mixin.py:188} INFO - [2024-07-26T12:30:54.140+0000] {dag.py:3823} INFO - Setting next_dagrun for example_external_task_marker_child to None, run_after=None
[2024-07-26T12:30:54.147+0000] {logging_mixin.py:188} INFO - [2024-07-26T12:30:54.147+0000] {dag.py:3823} INFO - Setting next_dagrun for example_external_task_marker_parent to None, run_after=None
[2024-07-26T12:30:54.165+0000] {processor.py:183} INFO - Processing /home/airflow/.local/lib/python3.8/site-packages/airflow/example_dags/example_external_task_marker_dag.py took 0.079 seconds
[2024-07-26T12:31:24.260+0000] {processor.py:161} INFO - Started process (PID=502) to work on /home/airflow/.local/lib/python3.8/site-packages/airflow/example_dags/example_external_task_marker_dag.py
[2024-07-26T12:31:24.262+0000] {processor.py:830} INFO - Processing file /home/airflow/.local/lib/python3.8/site-packages/airflow/example_dags/example_external_task_marker_dag.py for tasks to queue
[2024-07-26T12:31:24.265+0000] {logging_mixin.py:188} INFO - [2024-07-26T12:31:24.264+0000] {dagbag.py:538} INFO - Filling up the DagBag from /home/airflow/.local/lib/python3.8/site-packages/airflow/example_dags/example_external_task_marker_dag.py
[2024-07-26T12:31:24.275+0000] {processor.py:840} INFO - DAG(s) 'example_external_task_marker_child', 'example_external_task_marker_parent' retrieved from /home/airflow/.local/lib/python3.8/site-packages/airflow/example_dags/example_external_task_marker_dag.py
[2024-07-26T12:31:24.305+0000] {logging_mixin.py:188} INFO - [2024-07-26T12:31:24.305+0000] {dag.py:3036} INFO - Sync 2 DAGs
[2024-07-26T12:31:24.322+0000] {logging_mixin.py:188} INFO - [2024-07-26T12:31:24.321+0000] {dag.py:3823} INFO - Setting next_dagrun for example_external_task_marker_child to None, run_after=None
[2024-07-26T12:31:24.326+0000] {logging_mixin.py:188} INFO - [2024-07-26T12:31:24.325+0000] {dag.py:3823} INFO - Setting next_dagrun for example_external_task_marker_parent to None, run_after=None
[2024-07-26T12:31:24.347+0000] {processor.py:183} INFO - Processing /home/airflow/.local/lib/python3.8/site-packages/airflow/example_dags/example_external_task_marker_dag.py took 0.091 seconds
[2024-07-26T12:31:55.233+0000] {processor.py:161} INFO - Started process (PID=566) to work on /home/airflow/.local/lib/python3.8/site-packages/airflow/example_dags/example_external_task_marker_dag.py
[2024-07-26T12:31:55.234+0000] {processor.py:830} INFO - Processing file /home/airflow/.local/lib/python3.8/site-packages/airflow/example_dags/example_external_task_marker_dag.py for tasks to queue
[2024-07-26T12:31:55.235+0000] {logging_mixin.py:188} INFO - [2024-07-26T12:31:55.235+0000] {dagbag.py:538} INFO - Filling up the DagBag from /home/airflow/.local/lib/python3.8/site-packages/airflow/example_dags/example_external_task_marker_dag.py
[2024-07-26T12:31:55.242+0000] {processor.py:840} INFO - DAG(s) 'example_external_task_marker_parent', 'example_external_task_marker_child' retrieved from /home/airflow/.local/lib/python3.8/site-packages/airflow/example_dags/example_external_task_marker_dag.py
[2024-07-26T12:31:55.267+0000] {logging_mixin.py:188} INFO - [2024-07-26T12:31:55.266+0000] {dag.py:3036} INFO - Sync 2 DAGs
[2024-07-26T12:31:55.290+0000] {logging_mixin.py:188} INFO - [2024-07-26T12:31:55.289+0000] {dag.py:3823} INFO - Setting next_dagrun for example_external_task_marker_child to None, run_after=None
[2024-07-26T12:31:55.295+0000] {logging_mixin.py:188} INFO - [2024-07-26T12:31:55.295+0000] {dag.py:3823} INFO - Setting next_dagrun for example_external_task_marker_parent to None, run_after=None
[2024-07-26T12:31:55.315+0000] {processor.py:183} INFO - Processing /home/airflow/.local/lib/python3.8/site-packages/airflow/example_dags/example_external_task_marker_dag.py took 0.085 seconds
[2024-07-26T12:32:25.999+0000] {processor.py:161} INFO - Started process (PID=630) to work on /home/airflow/.local/lib/python3.8/site-packages/airflow/example_dags/example_external_task_marker_dag.py
[2024-07-26T12:32:26.001+0000] {processor.py:830} INFO - Processing file /home/airflow/.local/lib/python3.8/site-packages/airflow/example_dags/example_external_task_marker_dag.py for tasks to queue
[2024-07-26T12:32:26.003+0000] {logging_mixin.py:188} INFO - [2024-07-26T12:32:26.003+0000] {dagbag.py:538} INFO - Filling up the DagBag from /home/airflow/.local/lib/python3.8/site-packages/airflow/example_dags/example_external_task_marker_dag.py
[2024-07-26T12:32:26.011+0000] {processor.py:840} INFO - DAG(s) 'example_external_task_marker_child', 'example_external_task_marker_parent' retrieved from /home/airflow/.local/lib/python3.8/site-packages/airflow/example_dags/example_external_task_marker_dag.py
[2024-07-26T12:32:26.036+0000] {logging_mixin.py:188} INFO - [2024-07-26T12:32:26.035+0000] {dag.py:3036} INFO - Sync 2 DAGs
[2024-07-26T12:32:26.056+0000] {logging_mixin.py:188} INFO - [2024-07-26T12:32:26.056+0000] {dag.py:3823} INFO - Setting next_dagrun for example_external_task_marker_child to None, run_after=None
[2024-07-26T12:32:26.061+0000] {logging_mixin.py:188} INFO - [2024-07-26T12:32:26.061+0000] {dag.py:3823} INFO - Setting next_dagrun for example_external_task_marker_parent to None, run_after=None
[2024-07-26T12:32:26.082+0000] {processor.py:183} INFO - Processing /home/airflow/.local/lib/python3.8/site-packages/airflow/example_dags/example_external_task_marker_dag.py took 0.086 seconds
[2024-07-26T12:32:57.023+0000] {processor.py:161} INFO - Started process (PID=694) to work on /home/airflow/.local/lib/python3.8/site-packages/airflow/example_dags/example_external_task_marker_dag.py
[2024-07-26T12:32:57.024+0000] {processor.py:830} INFO - Processing file /home/airflow/.local/lib/python3.8/site-packages/airflow/example_dags/example_external_task_marker_dag.py for tasks to queue
[2024-07-26T12:32:57.027+0000] {logging_mixin.py:188} INFO - [2024-07-26T12:32:57.026+0000] {dagbag.py:538} INFO - Filling up the DagBag from /home/airflow/.local/lib/python3.8/site-packages/airflow/example_dags/example_external_task_marker_dag.py
[2024-07-26T12:32:57.032+0000] {processor.py:840} INFO - DAG(s) 'example_external_task_marker_parent', 'example_external_task_marker_child' retrieved from /home/airflow/.local/lib/python3.8/site-packages/airflow/example_dags/example_external_task_marker_dag.py
[2024-07-26T12:32:57.060+0000] {logging_mixin.py:188} INFO - [2024-07-26T12:32:57.060+0000] {dag.py:3036} INFO - Sync 2 DAGs
[2024-07-26T12:32:57.075+0000] {logging_mixin.py:188} INFO - [2024-07-26T12:32:57.074+0000] {dag.py:3823} INFO - Setting next_dagrun for example_external_task_marker_child to None, run_after=None
[2024-07-26T12:32:57.079+0000] {logging_mixin.py:188} INFO - [2024-07-26T12:32:57.079+0000] {dag.py:3823} INFO - Setting next_dagrun for example_external_task_marker_parent to None, run_after=None
[2024-07-26T12:32:57.099+0000] {processor.py:183} INFO - Processing /home/airflow/.local/lib/python3.8/site-packages/airflow/example_dags/example_external_task_marker_dag.py took 0.080 seconds
[2024-07-26T12:33:27.436+0000] {processor.py:161} INFO - Started process (PID=759) to work on /home/airflow/.local/lib/python3.8/site-packages/airflow/example_dags/example_external_task_marker_dag.py
[2024-07-26T12:33:27.437+0000] {processor.py:830} INFO - Processing file /home/airflow/.local/lib/python3.8/site-packages/airflow/example_dags/example_external_task_marker_dag.py for tasks to queue
[2024-07-26T12:33:27.439+0000] {logging_mixin.py:188} INFO - [2024-07-26T12:33:27.439+0000] {dagbag.py:538} INFO - Filling up the DagBag from /home/airflow/.local/lib/python3.8/site-packages/airflow/example_dags/example_external_task_marker_dag.py
[2024-07-26T12:33:27.446+0000] {processor.py:840} INFO - DAG(s) 'example_external_task_marker_parent', 'example_external_task_marker_child' retrieved from /home/airflow/.local/lib/python3.8/site-packages/airflow/example_dags/example_external_task_marker_dag.py
[2024-07-26T12:33:27.474+0000] {logging_mixin.py:188} INFO - [2024-07-26T12:33:27.474+0000] {dag.py:3036} INFO - Sync 2 DAGs
[2024-07-26T12:33:27.490+0000] {logging_mixin.py:188} INFO - [2024-07-26T12:33:27.489+0000] {dag.py:3823} INFO - Setting next_dagrun for example_external_task_marker_child to None, run_after=None
[2024-07-26T12:33:27.494+0000] {logging_mixin.py:188} INFO - [2024-07-26T12:33:27.494+0000] {dag.py:3823} INFO - Setting next_dagrun for example_external_task_marker_parent to None, run_after=None
[2024-07-26T12:33:27.514+0000] {processor.py:183} INFO - Processing /home/airflow/.local/lib/python3.8/site-packages/airflow/example_dags/example_external_task_marker_dag.py took 0.081 seconds
[2024-07-26T12:33:58.060+0000] {processor.py:161} INFO - Started process (PID=823) to work on /home/airflow/.local/lib/python3.8/site-packages/airflow/example_dags/example_external_task_marker_dag.py
[2024-07-26T12:33:58.061+0000] {processor.py:830} INFO - Processing file /home/airflow/.local/lib/python3.8/site-packages/airflow/example_dags/example_external_task_marker_dag.py for tasks to queue
[2024-07-26T12:33:58.063+0000] {logging_mixin.py:188} INFO - [2024-07-26T12:33:58.063+0000] {dagbag.py:538} INFO - Filling up the DagBag from /home/airflow/.local/lib/python3.8/site-packages/airflow/example_dags/example_external_task_marker_dag.py
[2024-07-26T12:33:58.070+0000] {processor.py:840} INFO - DAG(s) 'example_external_task_marker_child', 'example_external_task_marker_parent' retrieved from /home/airflow/.local/lib/python3.8/site-packages/airflow/example_dags/example_external_task_marker_dag.py
[2024-07-26T12:33:58.097+0000] {logging_mixin.py:188} INFO - [2024-07-26T12:33:58.097+0000] {dag.py:3036} INFO - Sync 2 DAGs
[2024-07-26T12:33:58.110+0000] {logging_mixin.py:188} INFO - [2024-07-26T12:33:58.110+0000] {dag.py:3823} INFO - Setting next_dagrun for example_external_task_marker_child to None, run_after=None
[2024-07-26T12:33:58.114+0000] {logging_mixin.py:188} INFO - [2024-07-26T12:33:58.114+0000] {dag.py:3823} INFO - Setting next_dagrun for example_external_task_marker_parent to None, run_after=None
[2024-07-26T12:33:58.133+0000] {processor.py:183} INFO - Processing /home/airflow/.local/lib/python3.8/site-packages/airflow/example_dags/example_external_task_marker_dag.py took 0.076 seconds
[2024-07-26T12:34:28.277+0000] {processor.py:161} INFO - Started process (PID=887) to work on /home/airflow/.local/lib/python3.8/site-packages/airflow/example_dags/example_external_task_marker_dag.py
[2024-07-26T12:34:28.278+0000] {processor.py:830} INFO - Processing file /home/airflow/.local/lib/python3.8/site-packages/airflow/example_dags/example_external_task_marker_dag.py for tasks to queue
[2024-07-26T12:34:28.280+0000] {logging_mixin.py:188} INFO - [2024-07-26T12:34:28.279+0000] {dagbag.py:538} INFO - Filling up the DagBag from /home/airflow/.local/lib/python3.8/site-packages/airflow/example_dags/example_external_task_marker_dag.py
[2024-07-26T12:34:28.287+0000] {processor.py:840} INFO - DAG(s) 'example_external_task_marker_parent', 'example_external_task_marker_child' retrieved from /home/airflow/.local/lib/python3.8/site-packages/airflow/example_dags/example_external_task_marker_dag.py
[2024-07-26T12:34:28.314+0000] {logging_mixin.py:188} INFO - [2024-07-26T12:34:28.314+0000] {dag.py:3036} INFO - Sync 2 DAGs
[2024-07-26T12:34:28.327+0000] {logging_mixin.py:188} INFO - [2024-07-26T12:34:28.327+0000] {dag.py:3823} INFO - Setting next_dagrun for example_external_task_marker_child to None, run_after=None
[2024-07-26T12:34:28.331+0000] {logging_mixin.py:188} INFO - [2024-07-26T12:34:28.331+0000] {dag.py:3823} INFO - Setting next_dagrun for example_external_task_marker_parent to None, run_after=None
[2024-07-26T12:34:28.349+0000] {processor.py:183} INFO - Processing /home/airflow/.local/lib/python3.8/site-packages/airflow/example_dags/example_external_task_marker_dag.py took 0.075 seconds
[2024-07-26T12:34:59.066+0000] {processor.py:161} INFO - Started process (PID=951) to work on /home/airflow/.local/lib/python3.8/site-packages/airflow/example_dags/example_external_task_marker_dag.py
[2024-07-26T12:34:59.067+0000] {processor.py:830} INFO - Processing file /home/airflow/.local/lib/python3.8/site-packages/airflow/example_dags/example_external_task_marker_dag.py for tasks to queue
[2024-07-26T12:34:59.069+0000] {logging_mixin.py:188} INFO - [2024-07-26T12:34:59.068+0000] {dagbag.py:538} INFO - Filling up the DagBag from /home/airflow/.local/lib/python3.8/site-packages/airflow/example_dags/example_external_task_marker_dag.py
[2024-07-26T12:34:59.077+0000] {processor.py:840} INFO - DAG(s) 'example_external_task_marker_parent', 'example_external_task_marker_child' retrieved from /home/airflow/.local/lib/python3.8/site-packages/airflow/example_dags/example_external_task_marker_dag.py
[2024-07-26T12:34:59.103+0000] {logging_mixin.py:188} INFO - [2024-07-26T12:34:59.103+0000] {dag.py:3036} INFO - Sync 2 DAGs
[2024-07-26T12:34:59.117+0000] {logging_mixin.py:188} INFO - [2024-07-26T12:34:59.116+0000] {dag.py:3823} INFO - Setting next_dagrun for example_external_task_marker_child to None, run_after=None
[2024-07-26T12:34:59.121+0000] {logging_mixin.py:188} INFO - [2024-07-26T12:34:59.121+0000] {dag.py:3823} INFO - Setting next_dagrun for example_external_task_marker_parent to None, run_after=None
[2024-07-26T12:34:59.144+0000] {processor.py:183} INFO - Processing /home/airflow/.local/lib/python3.8/site-packages/airflow/example_dags/example_external_task_marker_dag.py took 0.081 seconds
[2024-07-26T12:35:29.799+0000] {processor.py:161} INFO - Started process (PID=1015) to work on /home/airflow/.local/lib/python3.8/site-packages/airflow/example_dags/example_external_task_marker_dag.py
[2024-07-26T12:35:29.800+0000] {processor.py:830} INFO - Processing file /home/airflow/.local/lib/python3.8/site-packages/airflow/example_dags/example_external_task_marker_dag.py for tasks to queue
[2024-07-26T12:35:29.802+0000] {logging_mixin.py:188} INFO - [2024-07-26T12:35:29.802+0000] {dagbag.py:538} INFO - Filling up the DagBag from /home/airflow/.local/lib/python3.8/site-packages/airflow/example_dags/example_external_task_marker_dag.py
[2024-07-26T12:35:29.808+0000] {processor.py:840} INFO - DAG(s) 'example_external_task_marker_child', 'example_external_task_marker_parent' retrieved from /home/airflow/.local/lib/python3.8/site-packages/airflow/example_dags/example_external_task_marker_dag.py
[2024-07-26T12:35:29.832+0000] {logging_mixin.py:188} INFO - [2024-07-26T12:35:29.832+0000] {dag.py:3036} INFO - Sync 2 DAGs
[2024-07-26T12:35:29.846+0000] {logging_mixin.py:188} INFO - [2024-07-26T12:35:29.846+0000] {dag.py:3823} INFO - Setting next_dagrun for example_external_task_marker_child to None, run_after=None
[2024-07-26T12:35:29.851+0000] {logging_mixin.py:188} INFO - [2024-07-26T12:35:29.850+0000] {dag.py:3823} INFO - Setting next_dagrun for example_external_task_marker_parent to None, run_after=None
[2024-07-26T12:35:29.870+0000] {processor.py:183} INFO - Processing /home/airflow/.local/lib/python3.8/site-packages/airflow/example_dags/example_external_task_marker_dag.py took 0.075 seconds
[2024-07-26T12:36:00.089+0000] {processor.py:161} INFO - Started process (PID=1079) to work on /home/airflow/.local/lib/python3.8/site-packages/airflow/example_dags/example_external_task_marker_dag.py
[2024-07-26T12:36:00.090+0000] {processor.py:830} INFO - Processing file /home/airflow/.local/lib/python3.8/site-packages/airflow/example_dags/example_external_task_marker_dag.py for tasks to queue
[2024-07-26T12:36:00.092+0000] {logging_mixin.py:188} INFO - [2024-07-26T12:36:00.092+0000] {dagbag.py:538} INFO - Filling up the DagBag from /home/airflow/.local/lib/python3.8/site-packages/airflow/example_dags/example_external_task_marker_dag.py
[2024-07-26T12:36:00.099+0000] {processor.py:840} INFO - DAG(s) 'example_external_task_marker_child', 'example_external_task_marker_parent' retrieved from /home/airflow/.local/lib/python3.8/site-packages/airflow/example_dags/example_external_task_marker_dag.py
[2024-07-26T12:36:00.126+0000] {logging_mixin.py:188} INFO - [2024-07-26T12:36:00.126+0000] {dag.py:3036} INFO - Sync 2 DAGs
[2024-07-26T12:36:00.141+0000] {logging_mixin.py:188} INFO - [2024-07-26T12:36:00.141+0000] {dag.py:3823} INFO - Setting next_dagrun for example_external_task_marker_child to None, run_after=None
[2024-07-26T12:36:00.147+0000] {logging_mixin.py:188} INFO - [2024-07-26T12:36:00.147+0000] {dag.py:3823} INFO - Setting next_dagrun for example_external_task_marker_parent to None, run_after=None
[2024-07-26T12:36:00.166+0000] {processor.py:183} INFO - Processing /home/airflow/.local/lib/python3.8/site-packages/airflow/example_dags/example_external_task_marker_dag.py took 0.082 seconds
[2024-07-26T12:36:30.410+0000] {processor.py:161} INFO - Started process (PID=1143) to work on /home/airflow/.local/lib/python3.8/site-packages/airflow/example_dags/example_external_task_marker_dag.py
[2024-07-26T12:36:30.411+0000] {processor.py:830} INFO - Processing file /home/airflow/.local/lib/python3.8/site-packages/airflow/example_dags/example_external_task_marker_dag.py for tasks to queue
[2024-07-26T12:36:30.413+0000] {logging_mixin.py:188} INFO - [2024-07-26T12:36:30.413+0000] {dagbag.py:538} INFO - Filling up the DagBag from /home/airflow/.local/lib/python3.8/site-packages/airflow/example_dags/example_external_task_marker_dag.py
[2024-07-26T12:36:30.420+0000] {processor.py:840} INFO - DAG(s) 'example_external_task_marker_child', 'example_external_task_marker_parent' retrieved from /home/airflow/.local/lib/python3.8/site-packages/airflow/example_dags/example_external_task_marker_dag.py
[2024-07-26T12:36:30.447+0000] {logging_mixin.py:188} INFO - [2024-07-26T12:36:30.447+0000] {dag.py:3036} INFO - Sync 2 DAGs
[2024-07-26T12:36:30.464+0000] {logging_mixin.py:188} INFO - [2024-07-26T12:36:30.464+0000] {dag.py:3823} INFO - Setting next_dagrun for example_external_task_marker_child to None, run_after=None
[2024-07-26T12:36:30.471+0000] {logging_mixin.py:188} INFO - [2024-07-26T12:36:30.471+0000] {dag.py:3823} INFO - Setting next_dagrun for example_external_task_marker_parent to None, run_after=None
[2024-07-26T12:36:30.491+0000] {processor.py:183} INFO - Processing /home/airflow/.local/lib/python3.8/site-packages/airflow/example_dags/example_external_task_marker_dag.py took 0.084 seconds
[2024-07-26T12:37:00.895+0000] {processor.py:161} INFO - Started process (PID=1207) to work on /home/airflow/.local/lib/python3.8/site-packages/airflow/example_dags/example_external_task_marker_dag.py
[2024-07-26T12:37:00.896+0000] {processor.py:830} INFO - Processing file /home/airflow/.local/lib/python3.8/site-packages/airflow/example_dags/example_external_task_marker_dag.py for tasks to queue
[2024-07-26T12:37:00.898+0000] {logging_mixin.py:188} INFO - [2024-07-26T12:37:00.898+0000] {dagbag.py:538} INFO - Filling up the DagBag from /home/airflow/.local/lib/python3.8/site-packages/airflow/example_dags/example_external_task_marker_dag.py
[2024-07-26T12:37:00.904+0000] {processor.py:840} INFO - DAG(s) 'example_external_task_marker_parent', 'example_external_task_marker_child' retrieved from /home/airflow/.local/lib/python3.8/site-packages/airflow/example_dags/example_external_task_marker_dag.py
[2024-07-26T12:37:00.934+0000] {logging_mixin.py:188} INFO - [2024-07-26T12:37:00.934+0000] {dag.py:3036} INFO - Sync 2 DAGs
[2024-07-26T12:37:00.952+0000] {logging_mixin.py:188} INFO - [2024-07-26T12:37:00.951+0000] {dag.py:3823} INFO - Setting next_dagrun for example_external_task_marker_child to None, run_after=None
[2024-07-26T12:37:00.956+0000] {logging_mixin.py:188} INFO - [2024-07-26T12:37:00.955+0000] {dag.py:3823} INFO - Setting next_dagrun for example_external_task_marker_parent to None, run_after=None
[2024-07-26T12:37:00.976+0000] {processor.py:183} INFO - Processing /home/airflow/.local/lib/python3.8/site-packages/airflow/example_dags/example_external_task_marker_dag.py took 0.086 seconds
[2024-07-26T12:37:31.189+0000] {processor.py:161} INFO - Started process (PID=1271) to work on /home/airflow/.local/lib/python3.8/site-packages/airflow/example_dags/example_external_task_marker_dag.py
[2024-07-26T12:37:31.190+0000] {processor.py:830} INFO - Processing file /home/airflow/.local/lib/python3.8/site-packages/airflow/example_dags/example_external_task_marker_dag.py for tasks to queue
[2024-07-26T12:37:31.193+0000] {logging_mixin.py:188} INFO - [2024-07-26T12:37:31.192+0000] {dagbag.py:538} INFO - Filling up the DagBag from /home/airflow/.local/lib/python3.8/site-packages/airflow/example_dags/example_external_task_marker_dag.py
[2024-07-26T12:37:31.204+0000] {processor.py:840} INFO - DAG(s) 'example_external_task_marker_parent', 'example_external_task_marker_child' retrieved from /home/airflow/.local/lib/python3.8/site-packages/airflow/example_dags/example_external_task_marker_dag.py
[2024-07-26T12:37:31.230+0000] {logging_mixin.py:188} INFO - [2024-07-26T12:37:31.230+0000] {dag.py:3036} INFO - Sync 2 DAGs
[2024-07-26T12:37:31.246+0000] {logging_mixin.py:188} INFO - [2024-07-26T12:37:31.246+0000] {dag.py:3823} INFO - Setting next_dagrun for example_external_task_marker_child to None, run_after=None
[2024-07-26T12:37:31.251+0000] {logging_mixin.py:188} INFO - [2024-07-26T12:37:31.250+0000] {dag.py:3823} INFO - Setting next_dagrun for example_external_task_marker_parent to None, run_after=None
[2024-07-26T12:37:31.271+0000] {processor.py:183} INFO - Processing /home/airflow/.local/lib/python3.8/site-packages/airflow/example_dags/example_external_task_marker_dag.py took 0.086 seconds
[2024-07-26T12:38:53.289+0000] {processor.py:161} INFO - Started process (PID=116) to work on /home/airflow/.local/lib/python3.8/site-packages/airflow/example_dags/example_external_task_marker_dag.py
[2024-07-26T12:38:53.290+0000] {processor.py:830} INFO - Processing file /home/airflow/.local/lib/python3.8/site-packages/airflow/example_dags/example_external_task_marker_dag.py for tasks to queue
[2024-07-26T12:38:53.292+0000] {logging_mixin.py:188} INFO - [2024-07-26T12:38:53.291+0000] {dagbag.py:538} INFO - Filling up the DagBag from /home/airflow/.local/lib/python3.8/site-packages/airflow/example_dags/example_external_task_marker_dag.py
[2024-07-26T12:38:53.299+0000] {processor.py:840} INFO - DAG(s) 'example_external_task_marker_parent', 'example_external_task_marker_child' retrieved from /home/airflow/.local/lib/python3.8/site-packages/airflow/example_dags/example_external_task_marker_dag.py
[2024-07-26T12:38:53.316+0000] {logging_mixin.py:188} INFO - [2024-07-26T12:38:53.316+0000] {dag.py:3036} INFO - Sync 2 DAGs
[2024-07-26T12:38:53.334+0000] {logging_mixin.py:188} INFO - [2024-07-26T12:38:53.333+0000] {dag.py:3823} INFO - Setting next_dagrun for example_external_task_marker_child to None, run_after=None
[2024-07-26T12:38:53.340+0000] {logging_mixin.py:188} INFO - [2024-07-26T12:38:53.340+0000] {dag.py:3823} INFO - Setting next_dagrun for example_external_task_marker_parent to None, run_after=None
[2024-07-26T12:38:53.368+0000] {processor.py:183} INFO - Processing /home/airflow/.local/lib/python3.8/site-packages/airflow/example_dags/example_external_task_marker_dag.py took 0.084 seconds
[2024-07-26T12:39:26.020+0000] {processor.py:161} INFO - Started process (PID=180) to work on /home/airflow/.local/lib/python3.8/site-packages/airflow/example_dags/example_external_task_marker_dag.py
[2024-07-26T12:39:26.021+0000] {processor.py:830} INFO - Processing file /home/airflow/.local/lib/python3.8/site-packages/airflow/example_dags/example_external_task_marker_dag.py for tasks to queue
[2024-07-26T12:39:26.023+0000] {logging_mixin.py:188} INFO - [2024-07-26T12:39:26.022+0000] {dagbag.py:538} INFO - Filling up the DagBag from /home/airflow/.local/lib/python3.8/site-packages/airflow/example_dags/example_external_task_marker_dag.py
[2024-07-26T12:39:26.031+0000] {processor.py:840} INFO - DAG(s) 'example_external_task_marker_child', 'example_external_task_marker_parent' retrieved from /home/airflow/.local/lib/python3.8/site-packages/airflow/example_dags/example_external_task_marker_dag.py
[2024-07-26T12:39:26.218+0000] {logging_mixin.py:188} INFO - [2024-07-26T12:39:26.217+0000] {dag.py:3036} INFO - Sync 2 DAGs
[2024-07-26T12:39:26.234+0000] {logging_mixin.py:188} INFO - [2024-07-26T12:39:26.234+0000] {dag.py:3823} INFO - Setting next_dagrun for example_external_task_marker_child to None, run_after=None
[2024-07-26T12:39:26.239+0000] {logging_mixin.py:188} INFO - [2024-07-26T12:39:26.239+0000] {dag.py:3823} INFO - Setting next_dagrun for example_external_task_marker_parent to None, run_after=None
[2024-07-26T12:39:26.261+0000] {processor.py:183} INFO - Processing /home/airflow/.local/lib/python3.8/site-packages/airflow/example_dags/example_external_task_marker_dag.py took 0.244 seconds
[2024-07-26T12:43:20.840+0000] {processor.py:161} INFO - Started process (PID=127) to work on /home/airflow/.local/lib/python3.8/site-packages/airflow/example_dags/example_external_task_marker_dag.py
[2024-07-26T12:43:20.841+0000] {processor.py:830} INFO - Processing file /home/airflow/.local/lib/python3.8/site-packages/airflow/example_dags/example_external_task_marker_dag.py for tasks to queue
[2024-07-26T12:43:20.844+0000] {logging_mixin.py:188} INFO - [2024-07-26T12:43:20.844+0000] {dagbag.py:538} INFO - Filling up the DagBag from /home/airflow/.local/lib/python3.8/site-packages/airflow/example_dags/example_external_task_marker_dag.py
[2024-07-26T12:43:20.852+0000] {processor.py:840} INFO - DAG(s) 'example_external_task_marker_child', 'example_external_task_marker_parent' retrieved from /home/airflow/.local/lib/python3.8/site-packages/airflow/example_dags/example_external_task_marker_dag.py
[2024-07-26T12:43:21.042+0000] {logging_mixin.py:188} INFO - [2024-07-26T12:43:21.042+0000] {dag.py:3036} INFO - Sync 2 DAGs
[2024-07-26T12:43:21.058+0000] {logging_mixin.py:188} INFO - [2024-07-26T12:43:21.057+0000] {dag.py:3823} INFO - Setting next_dagrun for example_external_task_marker_child to None, run_after=None
[2024-07-26T12:43:21.063+0000] {logging_mixin.py:188} INFO - [2024-07-26T12:43:21.063+0000] {dag.py:3823} INFO - Setting next_dagrun for example_external_task_marker_parent to None, run_after=None
[2024-07-26T12:43:21.090+0000] {processor.py:183} INFO - Processing /home/airflow/.local/lib/python3.8/site-packages/airflow/example_dags/example_external_task_marker_dag.py took 0.254 seconds
[2024-07-26T12:43:51.890+0000] {processor.py:161} INFO - Started process (PID=191) to work on /home/airflow/.local/lib/python3.8/site-packages/airflow/example_dags/example_external_task_marker_dag.py
[2024-07-26T12:43:51.892+0000] {processor.py:830} INFO - Processing file /home/airflow/.local/lib/python3.8/site-packages/airflow/example_dags/example_external_task_marker_dag.py for tasks to queue
[2024-07-26T12:43:51.895+0000] {logging_mixin.py:188} INFO - [2024-07-26T12:43:51.895+0000] {dagbag.py:538} INFO - Filling up the DagBag from /home/airflow/.local/lib/python3.8/site-packages/airflow/example_dags/example_external_task_marker_dag.py
[2024-07-26T12:43:51.912+0000] {processor.py:840} INFO - DAG(s) 'example_external_task_marker_child', 'example_external_task_marker_parent' retrieved from /home/airflow/.local/lib/python3.8/site-packages/airflow/example_dags/example_external_task_marker_dag.py
[2024-07-26T12:43:51.977+0000] {logging_mixin.py:188} INFO - [2024-07-26T12:43:51.976+0000] {dag.py:3036} INFO - Sync 2 DAGs
[2024-07-26T12:43:52.006+0000] {logging_mixin.py:188} INFO - [2024-07-26T12:43:52.006+0000] {dag.py:3823} INFO - Setting next_dagrun for example_external_task_marker_child to None, run_after=None
[2024-07-26T12:43:52.013+0000] {logging_mixin.py:188} INFO - [2024-07-26T12:43:52.012+0000] {dag.py:3823} INFO - Setting next_dagrun for example_external_task_marker_parent to None, run_after=None
[2024-07-26T12:43:52.040+0000] {processor.py:183} INFO - Processing /home/airflow/.local/lib/python3.8/site-packages/airflow/example_dags/example_external_task_marker_dag.py took 0.155 seconds
[2024-07-26T12:44:22.213+0000] {processor.py:161} INFO - Started process (PID=255) to work on /home/airflow/.local/lib/python3.8/site-packages/airflow/example_dags/example_external_task_marker_dag.py
[2024-07-26T12:44:22.214+0000] {processor.py:830} INFO - Processing file /home/airflow/.local/lib/python3.8/site-packages/airflow/example_dags/example_external_task_marker_dag.py for tasks to queue
[2024-07-26T12:44:22.216+0000] {logging_mixin.py:188} INFO - [2024-07-26T12:44:22.216+0000] {dagbag.py:538} INFO - Filling up the DagBag from /home/airflow/.local/lib/python3.8/site-packages/airflow/example_dags/example_external_task_marker_dag.py
[2024-07-26T12:44:22.222+0000] {processor.py:840} INFO - DAG(s) 'example_external_task_marker_parent', 'example_external_task_marker_child' retrieved from /home/airflow/.local/lib/python3.8/site-packages/airflow/example_dags/example_external_task_marker_dag.py
[2024-07-26T12:44:22.252+0000] {logging_mixin.py:188} INFO - [2024-07-26T12:44:22.252+0000] {dag.py:3036} INFO - Sync 2 DAGs
[2024-07-26T12:44:22.266+0000] {logging_mixin.py:188} INFO - [2024-07-26T12:44:22.266+0000] {dag.py:3823} INFO - Setting next_dagrun for example_external_task_marker_child to None, run_after=None
[2024-07-26T12:44:22.270+0000] {logging_mixin.py:188} INFO - [2024-07-26T12:44:22.270+0000] {dag.py:3823} INFO - Setting next_dagrun for example_external_task_marker_parent to None, run_after=None
[2024-07-26T12:44:22.289+0000] {processor.py:183} INFO - Processing /home/airflow/.local/lib/python3.8/site-packages/airflow/example_dags/example_external_task_marker_dag.py took 0.081 seconds
[2024-07-26T12:49:48.091+0000] {processor.py:161} INFO - Started process (PID=121) to work on /home/airflow/.local/lib/python3.8/site-packages/airflow/example_dags/example_external_task_marker_dag.py
[2024-07-26T12:49:48.092+0000] {processor.py:830} INFO - Processing file /home/airflow/.local/lib/python3.8/site-packages/airflow/example_dags/example_external_task_marker_dag.py for tasks to queue
[2024-07-26T12:49:48.093+0000] {logging_mixin.py:188} INFO - [2024-07-26T12:49:48.093+0000] {dagbag.py:538} INFO - Filling up the DagBag from /home/airflow/.local/lib/python3.8/site-packages/airflow/example_dags/example_external_task_marker_dag.py
[2024-07-26T12:49:48.101+0000] {processor.py:840} INFO - DAG(s) 'example_external_task_marker_parent', 'example_external_task_marker_child' retrieved from /home/airflow/.local/lib/python3.8/site-packages/airflow/example_dags/example_external_task_marker_dag.py
[2024-07-26T12:49:48.259+0000] {logging_mixin.py:188} INFO - [2024-07-26T12:49:48.259+0000] {dag.py:3036} INFO - Sync 2 DAGs
[2024-07-26T12:49:48.273+0000] {logging_mixin.py:188} INFO - [2024-07-26T12:49:48.272+0000] {dag.py:3823} INFO - Setting next_dagrun for example_external_task_marker_child to None, run_after=None
[2024-07-26T12:49:48.276+0000] {logging_mixin.py:188} INFO - [2024-07-26T12:49:48.276+0000] {dag.py:3823} INFO - Setting next_dagrun for example_external_task_marker_parent to None, run_after=None
[2024-07-26T12:49:48.301+0000] {processor.py:183} INFO - Processing /home/airflow/.local/lib/python3.8/site-packages/airflow/example_dags/example_external_task_marker_dag.py took 0.214 seconds
[2024-07-26T12:50:18.343+0000] {processor.py:161} INFO - Started process (PID=185) to work on /home/airflow/.local/lib/python3.8/site-packages/airflow/example_dags/example_external_task_marker_dag.py
[2024-07-26T12:50:18.344+0000] {processor.py:830} INFO - Processing file /home/airflow/.local/lib/python3.8/site-packages/airflow/example_dags/example_external_task_marker_dag.py for tasks to queue
[2024-07-26T12:50:18.346+0000] {logging_mixin.py:188} INFO - [2024-07-26T12:50:18.346+0000] {dagbag.py:538} INFO - Filling up the DagBag from /home/airflow/.local/lib/python3.8/site-packages/airflow/example_dags/example_external_task_marker_dag.py
[2024-07-26T12:50:18.352+0000] {processor.py:840} INFO - DAG(s) 'example_external_task_marker_parent', 'example_external_task_marker_child' retrieved from /home/airflow/.local/lib/python3.8/site-packages/airflow/example_dags/example_external_task_marker_dag.py
[2024-07-26T12:50:18.382+0000] {logging_mixin.py:188} INFO - [2024-07-26T12:50:18.382+0000] {dag.py:3036} INFO - Sync 2 DAGs
[2024-07-26T12:50:18.397+0000] {logging_mixin.py:188} INFO - [2024-07-26T12:50:18.397+0000] {dag.py:3823} INFO - Setting next_dagrun for example_external_task_marker_child to None, run_after=None
[2024-07-26T12:50:18.402+0000] {logging_mixin.py:188} INFO - [2024-07-26T12:50:18.402+0000] {dag.py:3823} INFO - Setting next_dagrun for example_external_task_marker_parent to None, run_after=None
[2024-07-26T12:50:18.423+0000] {processor.py:183} INFO - Processing /home/airflow/.local/lib/python3.8/site-packages/airflow/example_dags/example_external_task_marker_dag.py took 0.084 seconds
[2024-07-26T12:50:49.230+0000] {processor.py:161} INFO - Started process (PID=249) to work on /home/airflow/.local/lib/python3.8/site-packages/airflow/example_dags/example_external_task_marker_dag.py
[2024-07-26T12:50:49.232+0000] {processor.py:830} INFO - Processing file /home/airflow/.local/lib/python3.8/site-packages/airflow/example_dags/example_external_task_marker_dag.py for tasks to queue
[2024-07-26T12:50:49.234+0000] {logging_mixin.py:188} INFO - [2024-07-26T12:50:49.234+0000] {dagbag.py:538} INFO - Filling up the DagBag from /home/airflow/.local/lib/python3.8/site-packages/airflow/example_dags/example_external_task_marker_dag.py
[2024-07-26T12:50:49.242+0000] {processor.py:840} INFO - DAG(s) 'example_external_task_marker_parent', 'example_external_task_marker_child' retrieved from /home/airflow/.local/lib/python3.8/site-packages/airflow/example_dags/example_external_task_marker_dag.py
[2024-07-26T12:50:49.281+0000] {logging_mixin.py:188} INFO - [2024-07-26T12:50:49.280+0000] {dag.py:3036} INFO - Sync 2 DAGs
[2024-07-26T12:50:49.298+0000] {logging_mixin.py:188} INFO - [2024-07-26T12:50:49.297+0000] {dag.py:3823} INFO - Setting next_dagrun for example_external_task_marker_child to None, run_after=None
[2024-07-26T12:50:49.303+0000] {logging_mixin.py:188} INFO - [2024-07-26T12:50:49.303+0000] {dag.py:3823} INFO - Setting next_dagrun for example_external_task_marker_parent to None, run_after=None
[2024-07-26T12:50:49.326+0000] {processor.py:183} INFO - Processing /home/airflow/.local/lib/python3.8/site-packages/airflow/example_dags/example_external_task_marker_dag.py took 0.099 seconds
[2024-07-26T12:51:20.444+0000] {processor.py:161} INFO - Started process (PID=313) to work on /home/airflow/.local/lib/python3.8/site-packages/airflow/example_dags/example_external_task_marker_dag.py
[2024-07-26T12:51:20.446+0000] {processor.py:830} INFO - Processing file /home/airflow/.local/lib/python3.8/site-packages/airflow/example_dags/example_external_task_marker_dag.py for tasks to queue
[2024-07-26T12:51:20.448+0000] {logging_mixin.py:188} INFO - [2024-07-26T12:51:20.447+0000] {dagbag.py:538} INFO - Filling up the DagBag from /home/airflow/.local/lib/python3.8/site-packages/airflow/example_dags/example_external_task_marker_dag.py
[2024-07-26T12:51:20.453+0000] {processor.py:840} INFO - DAG(s) 'example_external_task_marker_child', 'example_external_task_marker_parent' retrieved from /home/airflow/.local/lib/python3.8/site-packages/airflow/example_dags/example_external_task_marker_dag.py
[2024-07-26T12:51:20.482+0000] {logging_mixin.py:188} INFO - [2024-07-26T12:51:20.481+0000] {dag.py:3036} INFO - Sync 2 DAGs
[2024-07-26T12:51:20.496+0000] {logging_mixin.py:188} INFO - [2024-07-26T12:51:20.496+0000] {dag.py:3823} INFO - Setting next_dagrun for example_external_task_marker_child to None, run_after=None
[2024-07-26T12:51:20.500+0000] {logging_mixin.py:188} INFO - [2024-07-26T12:51:20.500+0000] {dag.py:3823} INFO - Setting next_dagrun for example_external_task_marker_parent to None, run_after=None
[2024-07-26T12:51:20.517+0000] {processor.py:183} INFO - Processing /home/airflow/.local/lib/python3.8/site-packages/airflow/example_dags/example_external_task_marker_dag.py took 0.076 seconds
[2024-07-26T12:51:51.041+0000] {processor.py:161} INFO - Started process (PID=377) to work on /home/airflow/.local/lib/python3.8/site-packages/airflow/example_dags/example_external_task_marker_dag.py
[2024-07-26T12:51:51.043+0000] {processor.py:830} INFO - Processing file /home/airflow/.local/lib/python3.8/site-packages/airflow/example_dags/example_external_task_marker_dag.py for tasks to queue
[2024-07-26T12:51:51.044+0000] {logging_mixin.py:188} INFO - [2024-07-26T12:51:51.044+0000] {dagbag.py:538} INFO - Filling up the DagBag from /home/airflow/.local/lib/python3.8/site-packages/airflow/example_dags/example_external_task_marker_dag.py
[2024-07-26T12:51:51.051+0000] {processor.py:840} INFO - DAG(s) 'example_external_task_marker_child', 'example_external_task_marker_parent' retrieved from /home/airflow/.local/lib/python3.8/site-packages/airflow/example_dags/example_external_task_marker_dag.py
[2024-07-26T12:51:51.078+0000] {logging_mixin.py:188} INFO - [2024-07-26T12:51:51.078+0000] {dag.py:3036} INFO - Sync 2 DAGs
[2024-07-26T12:51:51.093+0000] {logging_mixin.py:188} INFO - [2024-07-26T12:51:51.093+0000] {dag.py:3823} INFO - Setting next_dagrun for example_external_task_marker_child to None, run_after=None
[2024-07-26T12:51:51.100+0000] {logging_mixin.py:188} INFO - [2024-07-26T12:51:51.099+0000] {dag.py:3823} INFO - Setting next_dagrun for example_external_task_marker_parent to None, run_after=None
[2024-07-26T12:51:51.119+0000] {processor.py:183} INFO - Processing /home/airflow/.local/lib/python3.8/site-packages/airflow/example_dags/example_external_task_marker_dag.py took 0.081 seconds
[2024-07-26T12:52:21.147+0000] {processor.py:161} INFO - Started process (PID=432) to work on /home/airflow/.local/lib/python3.8/site-packages/airflow/example_dags/example_external_task_marker_dag.py
[2024-07-26T12:52:21.148+0000] {processor.py:830} INFO - Processing file /home/airflow/.local/lib/python3.8/site-packages/airflow/example_dags/example_external_task_marker_dag.py for tasks to queue
[2024-07-26T12:52:21.150+0000] {logging_mixin.py:188} INFO - [2024-07-26T12:52:21.150+0000] {dagbag.py:538} INFO - Filling up the DagBag from /home/airflow/.local/lib/python3.8/site-packages/airflow/example_dags/example_external_task_marker_dag.py
[2024-07-26T12:52:21.156+0000] {processor.py:840} INFO - DAG(s) 'example_external_task_marker_parent', 'example_external_task_marker_child' retrieved from /home/airflow/.local/lib/python3.8/site-packages/airflow/example_dags/example_external_task_marker_dag.py
[2024-07-26T12:52:21.185+0000] {logging_mixin.py:188} INFO - [2024-07-26T12:52:21.185+0000] {dag.py:3036} INFO - Sync 2 DAGs
[2024-07-26T12:52:21.201+0000] {logging_mixin.py:188} INFO - [2024-07-26T12:52:21.200+0000] {dag.py:3823} INFO - Setting next_dagrun for example_external_task_marker_child to None, run_after=None
[2024-07-26T12:52:21.205+0000] {logging_mixin.py:188} INFO - [2024-07-26T12:52:21.205+0000] {dag.py:3823} INFO - Setting next_dagrun for example_external_task_marker_parent to None, run_after=None
[2024-07-26T12:52:21.225+0000] {processor.py:183} INFO - Processing /home/airflow/.local/lib/python3.8/site-packages/airflow/example_dags/example_external_task_marker_dag.py took 0.082 seconds
[2024-07-26T12:52:51.730+0000] {processor.py:161} INFO - Started process (PID=496) to work on /home/airflow/.local/lib/python3.8/site-packages/airflow/example_dags/example_external_task_marker_dag.py
[2024-07-26T12:52:51.731+0000] {processor.py:830} INFO - Processing file /home/airflow/.local/lib/python3.8/site-packages/airflow/example_dags/example_external_task_marker_dag.py for tasks to queue
[2024-07-26T12:52:51.733+0000] {logging_mixin.py:188} INFO - [2024-07-26T12:52:51.733+0000] {dagbag.py:538} INFO - Filling up the DagBag from /home/airflow/.local/lib/python3.8/site-packages/airflow/example_dags/example_external_task_marker_dag.py
[2024-07-26T12:52:51.739+0000] {processor.py:840} INFO - DAG(s) 'example_external_task_marker_parent', 'example_external_task_marker_child' retrieved from /home/airflow/.local/lib/python3.8/site-packages/airflow/example_dags/example_external_task_marker_dag.py
[2024-07-26T12:52:51.765+0000] {logging_mixin.py:188} INFO - [2024-07-26T12:52:51.765+0000] {dag.py:3036} INFO - Sync 2 DAGs
[2024-07-26T12:52:51.778+0000] {logging_mixin.py:188} INFO - [2024-07-26T12:52:51.777+0000] {dag.py:3823} INFO - Setting next_dagrun for example_external_task_marker_child to None, run_after=None
[2024-07-26T12:52:51.782+0000] {logging_mixin.py:188} INFO - [2024-07-26T12:52:51.782+0000] {dag.py:3823} INFO - Setting next_dagrun for example_external_task_marker_parent to None, run_after=None
[2024-07-26T12:52:51.800+0000] {processor.py:183} INFO - Processing /home/airflow/.local/lib/python3.8/site-packages/airflow/example_dags/example_external_task_marker_dag.py took 0.074 seconds
[2024-07-26T12:53:22.147+0000] {processor.py:161} INFO - Started process (PID=560) to work on /home/airflow/.local/lib/python3.8/site-packages/airflow/example_dags/example_external_task_marker_dag.py
[2024-07-26T12:53:22.148+0000] {processor.py:830} INFO - Processing file /home/airflow/.local/lib/python3.8/site-packages/airflow/example_dags/example_external_task_marker_dag.py for tasks to queue
[2024-07-26T12:53:22.150+0000] {logging_mixin.py:188} INFO - [2024-07-26T12:53:22.149+0000] {dagbag.py:538} INFO - Filling up the DagBag from /home/airflow/.local/lib/python3.8/site-packages/airflow/example_dags/example_external_task_marker_dag.py
[2024-07-26T12:53:22.155+0000] {processor.py:840} INFO - DAG(s) 'example_external_task_marker_child', 'example_external_task_marker_parent' retrieved from /home/airflow/.local/lib/python3.8/site-packages/airflow/example_dags/example_external_task_marker_dag.py
[2024-07-26T12:53:22.182+0000] {logging_mixin.py:188} INFO - [2024-07-26T12:53:22.181+0000] {dag.py:3036} INFO - Sync 2 DAGs
[2024-07-26T12:53:22.196+0000] {logging_mixin.py:188} INFO - [2024-07-26T12:53:22.196+0000] {dag.py:3823} INFO - Setting next_dagrun for example_external_task_marker_child to None, run_after=None
[2024-07-26T12:53:22.201+0000] {logging_mixin.py:188} INFO - [2024-07-26T12:53:22.201+0000] {dag.py:3823} INFO - Setting next_dagrun for example_external_task_marker_parent to None, run_after=None
[2024-07-26T12:53:22.223+0000] {processor.py:183} INFO - Processing /home/airflow/.local/lib/python3.8/site-packages/airflow/example_dags/example_external_task_marker_dag.py took 0.080 seconds
[2024-07-26T12:53:52.523+0000] {processor.py:161} INFO - Started process (PID=624) to work on /home/airflow/.local/lib/python3.8/site-packages/airflow/example_dags/example_external_task_marker_dag.py
[2024-07-26T12:53:52.525+0000] {processor.py:830} INFO - Processing file /home/airflow/.local/lib/python3.8/site-packages/airflow/example_dags/example_external_task_marker_dag.py for tasks to queue
[2024-07-26T12:53:52.527+0000] {logging_mixin.py:188} INFO - [2024-07-26T12:53:52.526+0000] {dagbag.py:538} INFO - Filling up the DagBag from /home/airflow/.local/lib/python3.8/site-packages/airflow/example_dags/example_external_task_marker_dag.py
[2024-07-26T12:53:52.533+0000] {processor.py:840} INFO - DAG(s) 'example_external_task_marker_parent', 'example_external_task_marker_child' retrieved from /home/airflow/.local/lib/python3.8/site-packages/airflow/example_dags/example_external_task_marker_dag.py
[2024-07-26T12:53:52.562+0000] {logging_mixin.py:188} INFO - [2024-07-26T12:53:52.562+0000] {dag.py:3036} INFO - Sync 2 DAGs
[2024-07-26T12:53:52.581+0000] {logging_mixin.py:188} INFO - [2024-07-26T12:53:52.581+0000] {dag.py:3823} INFO - Setting next_dagrun for example_external_task_marker_child to None, run_after=None
[2024-07-26T12:53:52.587+0000] {logging_mixin.py:188} INFO - [2024-07-26T12:53:52.586+0000] {dag.py:3823} INFO - Setting next_dagrun for example_external_task_marker_parent to None, run_after=None
[2024-07-26T12:53:52.618+0000] {processor.py:183} INFO - Processing /home/airflow/.local/lib/python3.8/site-packages/airflow/example_dags/example_external_task_marker_dag.py took 0.099 seconds
[2024-07-26T12:54:23.089+0000] {processor.py:161} INFO - Started process (PID=688) to work on /home/airflow/.local/lib/python3.8/site-packages/airflow/example_dags/example_external_task_marker_dag.py
[2024-07-26T12:54:23.090+0000] {processor.py:830} INFO - Processing file /home/airflow/.local/lib/python3.8/site-packages/airflow/example_dags/example_external_task_marker_dag.py for tasks to queue
[2024-07-26T12:54:23.093+0000] {logging_mixin.py:188} INFO - [2024-07-26T12:54:23.093+0000] {dagbag.py:538} INFO - Filling up the DagBag from /home/airflow/.local/lib/python3.8/site-packages/airflow/example_dags/example_external_task_marker_dag.py
[2024-07-26T12:54:23.103+0000] {processor.py:840} INFO - DAG(s) 'example_external_task_marker_child', 'example_external_task_marker_parent' retrieved from /home/airflow/.local/lib/python3.8/site-packages/airflow/example_dags/example_external_task_marker_dag.py
[2024-07-26T12:54:23.138+0000] {logging_mixin.py:188} INFO - [2024-07-26T12:54:23.137+0000] {dag.py:3036} INFO - Sync 2 DAGs
[2024-07-26T12:54:23.151+0000] {logging_mixin.py:188} INFO - [2024-07-26T12:54:23.151+0000] {dag.py:3823} INFO - Setting next_dagrun for example_external_task_marker_child to None, run_after=None
[2024-07-26T12:54:23.155+0000] {logging_mixin.py:188} INFO - [2024-07-26T12:54:23.155+0000] {dag.py:3823} INFO - Setting next_dagrun for example_external_task_marker_parent to None, run_after=None
[2024-07-26T12:54:23.170+0000] {processor.py:183} INFO - Processing /home/airflow/.local/lib/python3.8/site-packages/airflow/example_dags/example_external_task_marker_dag.py took 0.086 seconds
[2024-07-26T12:54:53.231+0000] {processor.py:161} INFO - Started process (PID=752) to work on /home/airflow/.local/lib/python3.8/site-packages/airflow/example_dags/example_external_task_marker_dag.py
[2024-07-26T12:54:53.232+0000] {processor.py:830} INFO - Processing file /home/airflow/.local/lib/python3.8/site-packages/airflow/example_dags/example_external_task_marker_dag.py for tasks to queue
[2024-07-26T12:54:53.234+0000] {logging_mixin.py:188} INFO - [2024-07-26T12:54:53.234+0000] {dagbag.py:538} INFO - Filling up the DagBag from /home/airflow/.local/lib/python3.8/site-packages/airflow/example_dags/example_external_task_marker_dag.py
[2024-07-26T12:54:53.240+0000] {processor.py:840} INFO - DAG(s) 'example_external_task_marker_parent', 'example_external_task_marker_child' retrieved from /home/airflow/.local/lib/python3.8/site-packages/airflow/example_dags/example_external_task_marker_dag.py
[2024-07-26T12:54:53.271+0000] {logging_mixin.py:188} INFO - [2024-07-26T12:54:53.270+0000] {dag.py:3036} INFO - Sync 2 DAGs
[2024-07-26T12:54:53.291+0000] {logging_mixin.py:188} INFO - [2024-07-26T12:54:53.291+0000] {dag.py:3823} INFO - Setting next_dagrun for example_external_task_marker_child to None, run_after=None
[2024-07-26T12:54:53.298+0000] {logging_mixin.py:188} INFO - [2024-07-26T12:54:53.298+0000] {dag.py:3823} INFO - Setting next_dagrun for example_external_task_marker_parent to None, run_after=None
[2024-07-26T12:54:53.324+0000] {processor.py:183} INFO - Processing /home/airflow/.local/lib/python3.8/site-packages/airflow/example_dags/example_external_task_marker_dag.py took 0.096 seconds
[2024-07-26T12:55:23.942+0000] {processor.py:161} INFO - Started process (PID=816) to work on /home/airflow/.local/lib/python3.8/site-packages/airflow/example_dags/example_external_task_marker_dag.py
[2024-07-26T12:55:23.943+0000] {processor.py:830} INFO - Processing file /home/airflow/.local/lib/python3.8/site-packages/airflow/example_dags/example_external_task_marker_dag.py for tasks to queue
[2024-07-26T12:55:23.946+0000] {logging_mixin.py:188} INFO - [2024-07-26T12:55:23.945+0000] {dagbag.py:538} INFO - Filling up the DagBag from /home/airflow/.local/lib/python3.8/site-packages/airflow/example_dags/example_external_task_marker_dag.py
[2024-07-26T12:55:23.952+0000] {processor.py:840} INFO - DAG(s) 'example_external_task_marker_parent', 'example_external_task_marker_child' retrieved from /home/airflow/.local/lib/python3.8/site-packages/airflow/example_dags/example_external_task_marker_dag.py
[2024-07-26T12:55:23.980+0000] {logging_mixin.py:188} INFO - [2024-07-26T12:55:23.979+0000] {dag.py:3036} INFO - Sync 2 DAGs
[2024-07-26T12:55:23.997+0000] {logging_mixin.py:188} INFO - [2024-07-26T12:55:23.996+0000] {dag.py:3823} INFO - Setting next_dagrun for example_external_task_marker_child to None, run_after=None
[2024-07-26T12:55:24.002+0000] {logging_mixin.py:188} INFO - [2024-07-26T12:55:24.001+0000] {dag.py:3823} INFO - Setting next_dagrun for example_external_task_marker_parent to None, run_after=None
[2024-07-26T12:55:24.023+0000] {processor.py:183} INFO - Processing /home/airflow/.local/lib/python3.8/site-packages/airflow/example_dags/example_external_task_marker_dag.py took 0.084 seconds
[2024-07-26T12:55:54.823+0000] {processor.py:161} INFO - Started process (PID=880) to work on /home/airflow/.local/lib/python3.8/site-packages/airflow/example_dags/example_external_task_marker_dag.py
[2024-07-26T12:55:54.824+0000] {processor.py:830} INFO - Processing file /home/airflow/.local/lib/python3.8/site-packages/airflow/example_dags/example_external_task_marker_dag.py for tasks to queue
[2024-07-26T12:55:54.826+0000] {logging_mixin.py:188} INFO - [2024-07-26T12:55:54.825+0000] {dagbag.py:538} INFO - Filling up the DagBag from /home/airflow/.local/lib/python3.8/site-packages/airflow/example_dags/example_external_task_marker_dag.py
[2024-07-26T12:55:54.833+0000] {processor.py:840} INFO - DAG(s) 'example_external_task_marker_child', 'example_external_task_marker_parent' retrieved from /home/airflow/.local/lib/python3.8/site-packages/airflow/example_dags/example_external_task_marker_dag.py
[2024-07-26T12:55:54.860+0000] {logging_mixin.py:188} INFO - [2024-07-26T12:55:54.859+0000] {dag.py:3036} INFO - Sync 2 DAGs
[2024-07-26T12:55:54.874+0000] {logging_mixin.py:188} INFO - [2024-07-26T12:55:54.873+0000] {dag.py:3823} INFO - Setting next_dagrun for example_external_task_marker_child to None, run_after=None
[2024-07-26T12:55:54.878+0000] {logging_mixin.py:188} INFO - [2024-07-26T12:55:54.878+0000] {dag.py:3823} INFO - Setting next_dagrun for example_external_task_marker_parent to None, run_after=None
[2024-07-26T12:55:54.895+0000] {processor.py:183} INFO - Processing /home/airflow/.local/lib/python3.8/site-packages/airflow/example_dags/example_external_task_marker_dag.py took 0.077 seconds
[2024-07-26T12:56:25.566+0000] {processor.py:161} INFO - Started process (PID=944) to work on /home/airflow/.local/lib/python3.8/site-packages/airflow/example_dags/example_external_task_marker_dag.py
[2024-07-26T12:56:25.567+0000] {processor.py:830} INFO - Processing file /home/airflow/.local/lib/python3.8/site-packages/airflow/example_dags/example_external_task_marker_dag.py for tasks to queue
[2024-07-26T12:56:25.569+0000] {logging_mixin.py:188} INFO - [2024-07-26T12:56:25.568+0000] {dagbag.py:538} INFO - Filling up the DagBag from /home/airflow/.local/lib/python3.8/site-packages/airflow/example_dags/example_external_task_marker_dag.py
[2024-07-26T12:56:25.576+0000] {processor.py:840} INFO - DAG(s) 'example_external_task_marker_child', 'example_external_task_marker_parent' retrieved from /home/airflow/.local/lib/python3.8/site-packages/airflow/example_dags/example_external_task_marker_dag.py
[2024-07-26T12:56:25.602+0000] {logging_mixin.py:188} INFO - [2024-07-26T12:56:25.601+0000] {dag.py:3036} INFO - Sync 2 DAGs
[2024-07-26T12:56:25.615+0000] {logging_mixin.py:188} INFO - [2024-07-26T12:56:25.615+0000] {dag.py:3823} INFO - Setting next_dagrun for example_external_task_marker_child to None, run_after=None
[2024-07-26T12:56:25.619+0000] {logging_mixin.py:188} INFO - [2024-07-26T12:56:25.619+0000] {dag.py:3823} INFO - Setting next_dagrun for example_external_task_marker_parent to None, run_after=None
[2024-07-26T12:56:25.638+0000] {processor.py:183} INFO - Processing /home/airflow/.local/lib/python3.8/site-packages/airflow/example_dags/example_external_task_marker_dag.py took 0.076 seconds
[2024-07-26T12:56:56.124+0000] {processor.py:161} INFO - Started process (PID=1008) to work on /home/airflow/.local/lib/python3.8/site-packages/airflow/example_dags/example_external_task_marker_dag.py
[2024-07-26T12:56:56.126+0000] {processor.py:830} INFO - Processing file /home/airflow/.local/lib/python3.8/site-packages/airflow/example_dags/example_external_task_marker_dag.py for tasks to queue
[2024-07-26T12:56:56.127+0000] {logging_mixin.py:188} INFO - [2024-07-26T12:56:56.127+0000] {dagbag.py:538} INFO - Filling up the DagBag from /home/airflow/.local/lib/python3.8/site-packages/airflow/example_dags/example_external_task_marker_dag.py
[2024-07-26T12:56:56.134+0000] {processor.py:840} INFO - DAG(s) 'example_external_task_marker_child', 'example_external_task_marker_parent' retrieved from /home/airflow/.local/lib/python3.8/site-packages/airflow/example_dags/example_external_task_marker_dag.py
[2024-07-26T12:56:56.160+0000] {logging_mixin.py:188} INFO - [2024-07-26T12:56:56.160+0000] {dag.py:3036} INFO - Sync 2 DAGs
[2024-07-26T12:56:56.179+0000] {logging_mixin.py:188} INFO - [2024-07-26T12:56:56.179+0000] {dag.py:3823} INFO - Setting next_dagrun for example_external_task_marker_child to None, run_after=None
[2024-07-26T12:56:56.185+0000] {logging_mixin.py:188} INFO - [2024-07-26T12:56:56.185+0000] {dag.py:3823} INFO - Setting next_dagrun for example_external_task_marker_parent to None, run_after=None
[2024-07-26T12:56:56.226+0000] {processor.py:183} INFO - Processing /home/airflow/.local/lib/python3.8/site-packages/airflow/example_dags/example_external_task_marker_dag.py took 0.105 seconds
[2024-07-26T12:57:26.679+0000] {processor.py:161} INFO - Started process (PID=1072) to work on /home/airflow/.local/lib/python3.8/site-packages/airflow/example_dags/example_external_task_marker_dag.py
[2024-07-26T12:57:26.681+0000] {processor.py:830} INFO - Processing file /home/airflow/.local/lib/python3.8/site-packages/airflow/example_dags/example_external_task_marker_dag.py for tasks to queue
[2024-07-26T12:57:26.684+0000] {logging_mixin.py:188} INFO - [2024-07-26T12:57:26.683+0000] {dagbag.py:538} INFO - Filling up the DagBag from /home/airflow/.local/lib/python3.8/site-packages/airflow/example_dags/example_external_task_marker_dag.py
[2024-07-26T12:57:26.690+0000] {processor.py:840} INFO - DAG(s) 'example_external_task_marker_child', 'example_external_task_marker_parent' retrieved from /home/airflow/.local/lib/python3.8/site-packages/airflow/example_dags/example_external_task_marker_dag.py
[2024-07-26T12:57:26.717+0000] {logging_mixin.py:188} INFO - [2024-07-26T12:57:26.717+0000] {dag.py:3036} INFO - Sync 2 DAGs
[2024-07-26T12:57:26.730+0000] {logging_mixin.py:188} INFO - [2024-07-26T12:57:26.730+0000] {dag.py:3823} INFO - Setting next_dagrun for example_external_task_marker_child to None, run_after=None
[2024-07-26T12:57:26.735+0000] {logging_mixin.py:188} INFO - [2024-07-26T12:57:26.735+0000] {dag.py:3823} INFO - Setting next_dagrun for example_external_task_marker_parent to None, run_after=None
[2024-07-26T12:57:26.752+0000] {processor.py:183} INFO - Processing /home/airflow/.local/lib/python3.8/site-packages/airflow/example_dags/example_external_task_marker_dag.py took 0.076 seconds
[2024-07-26T12:57:57.188+0000] {processor.py:161} INFO - Started process (PID=1136) to work on /home/airflow/.local/lib/python3.8/site-packages/airflow/example_dags/example_external_task_marker_dag.py
[2024-07-26T12:57:57.190+0000] {processor.py:830} INFO - Processing file /home/airflow/.local/lib/python3.8/site-packages/airflow/example_dags/example_external_task_marker_dag.py for tasks to queue
[2024-07-26T12:57:57.192+0000] {logging_mixin.py:188} INFO - [2024-07-26T12:57:57.191+0000] {dagbag.py:538} INFO - Filling up the DagBag from /home/airflow/.local/lib/python3.8/site-packages/airflow/example_dags/example_external_task_marker_dag.py
[2024-07-26T12:57:57.200+0000] {processor.py:840} INFO - DAG(s) 'example_external_task_marker_parent', 'example_external_task_marker_child' retrieved from /home/airflow/.local/lib/python3.8/site-packages/airflow/example_dags/example_external_task_marker_dag.py
[2024-07-26T12:57:57.227+0000] {logging_mixin.py:188} INFO - [2024-07-26T12:57:57.226+0000] {dag.py:3036} INFO - Sync 2 DAGs
[2024-07-26T12:57:57.243+0000] {logging_mixin.py:188} INFO - [2024-07-26T12:57:57.242+0000] {dag.py:3823} INFO - Setting next_dagrun for example_external_task_marker_child to None, run_after=None
[2024-07-26T12:57:57.248+0000] {logging_mixin.py:188} INFO - [2024-07-26T12:57:57.248+0000] {dag.py:3823} INFO - Setting next_dagrun for example_external_task_marker_parent to None, run_after=None
[2024-07-26T12:57:57.267+0000] {processor.py:183} INFO - Processing /home/airflow/.local/lib/python3.8/site-packages/airflow/example_dags/example_external_task_marker_dag.py took 0.082 seconds
[2024-07-26T12:58:27.487+0000] {processor.py:161} INFO - Started process (PID=1200) to work on /home/airflow/.local/lib/python3.8/site-packages/airflow/example_dags/example_external_task_marker_dag.py
[2024-07-26T12:58:27.488+0000] {processor.py:830} INFO - Processing file /home/airflow/.local/lib/python3.8/site-packages/airflow/example_dags/example_external_task_marker_dag.py for tasks to queue
[2024-07-26T12:58:27.490+0000] {logging_mixin.py:188} INFO - [2024-07-26T12:58:27.490+0000] {dagbag.py:538} INFO - Filling up the DagBag from /home/airflow/.local/lib/python3.8/site-packages/airflow/example_dags/example_external_task_marker_dag.py
[2024-07-26T12:58:27.497+0000] {processor.py:840} INFO - DAG(s) 'example_external_task_marker_parent', 'example_external_task_marker_child' retrieved from /home/airflow/.local/lib/python3.8/site-packages/airflow/example_dags/example_external_task_marker_dag.py
[2024-07-26T12:58:27.522+0000] {logging_mixin.py:188} INFO - [2024-07-26T12:58:27.522+0000] {dag.py:3036} INFO - Sync 2 DAGs
[2024-07-26T12:58:27.536+0000] {logging_mixin.py:188} INFO - [2024-07-26T12:58:27.535+0000] {dag.py:3823} INFO - Setting next_dagrun for example_external_task_marker_child to None, run_after=None
[2024-07-26T12:58:27.540+0000] {logging_mixin.py:188} INFO - [2024-07-26T12:58:27.540+0000] {dag.py:3823} INFO - Setting next_dagrun for example_external_task_marker_parent to None, run_after=None
[2024-07-26T12:58:27.557+0000] {processor.py:183} INFO - Processing /home/airflow/.local/lib/python3.8/site-packages/airflow/example_dags/example_external_task_marker_dag.py took 0.074 seconds
[2024-07-26T12:58:57.850+0000] {processor.py:161} INFO - Started process (PID=1264) to work on /home/airflow/.local/lib/python3.8/site-packages/airflow/example_dags/example_external_task_marker_dag.py
[2024-07-26T12:58:57.851+0000] {processor.py:830} INFO - Processing file /home/airflow/.local/lib/python3.8/site-packages/airflow/example_dags/example_external_task_marker_dag.py for tasks to queue
[2024-07-26T12:58:57.853+0000] {logging_mixin.py:188} INFO - [2024-07-26T12:58:57.852+0000] {dagbag.py:538} INFO - Filling up the DagBag from /home/airflow/.local/lib/python3.8/site-packages/airflow/example_dags/example_external_task_marker_dag.py
[2024-07-26T12:58:57.860+0000] {processor.py:840} INFO - DAG(s) 'example_external_task_marker_child', 'example_external_task_marker_parent' retrieved from /home/airflow/.local/lib/python3.8/site-packages/airflow/example_dags/example_external_task_marker_dag.py
[2024-07-26T12:58:57.888+0000] {logging_mixin.py:188} INFO - [2024-07-26T12:58:57.888+0000] {dag.py:3036} INFO - Sync 2 DAGs
[2024-07-26T12:58:57.905+0000] {logging_mixin.py:188} INFO - [2024-07-26T12:58:57.905+0000] {dag.py:3823} INFO - Setting next_dagrun for example_external_task_marker_child to None, run_after=None
[2024-07-26T12:58:57.910+0000] {logging_mixin.py:188} INFO - [2024-07-26T12:58:57.910+0000] {dag.py:3823} INFO - Setting next_dagrun for example_external_task_marker_parent to None, run_after=None
[2024-07-26T12:58:57.929+0000] {processor.py:183} INFO - Processing /home/airflow/.local/lib/python3.8/site-packages/airflow/example_dags/example_external_task_marker_dag.py took 0.083 seconds
