[2024-07-26T12:15:25.399+0000] {processor.py:161} INFO - Started process (PID=99) to work on /home/airflow/.local/lib/python3.8/site-packages/airflow/example_dags/example_params_trigger_ui.py
[2024-07-26T12:15:25.400+0000] {processor.py:830} INFO - Processing file /home/airflow/.local/lib/python3.8/site-packages/airflow/example_dags/example_params_trigger_ui.py for tasks to queue
[2024-07-26T12:15:25.403+0000] {logging_mixin.py:188} INFO - [2024-07-26T12:15:25.402+0000] {dagbag.py:538} INFO - Filling up the DagBag from /home/airflow/.local/lib/python3.8/site-packages/airflow/example_dags/example_params_trigger_ui.py
[2024-07-26T12:15:25.428+0000] {processor.py:840} INFO - DAG(s) 'example_params_trigger_ui' retrieved from /home/airflow/.local/lib/python3.8/site-packages/airflow/example_dags/example_params_trigger_ui.py
[2024-07-26T12:15:25.639+0000] {logging_mixin.py:188} INFO - [2024-07-26T12:15:25.639+0000] {dag.py:3036} INFO - Sync 1 DAGs
[2024-07-26T12:15:25.654+0000] {logging_mixin.py:188} INFO - [2024-07-26T12:15:25.654+0000] {dag.py:3823} INFO - Setting next_dagrun for example_params_trigger_ui to None, run_after=None
[2024-07-26T12:15:25.683+0000] {processor.py:183} INFO - Processing /home/airflow/.local/lib/python3.8/site-packages/airflow/example_dags/example_params_trigger_ui.py took 0.287 seconds
[2024-07-26T12:15:56.515+0000] {processor.py:161} INFO - Started process (PID=163) to work on /home/airflow/.local/lib/python3.8/site-packages/airflow/example_dags/example_params_trigger_ui.py
[2024-07-26T12:15:56.516+0000] {processor.py:830} INFO - Processing file /home/airflow/.local/lib/python3.8/site-packages/airflow/example_dags/example_params_trigger_ui.py for tasks to queue
[2024-07-26T12:15:56.518+0000] {logging_mixin.py:188} INFO - [2024-07-26T12:15:56.517+0000] {dagbag.py:538} INFO - Filling up the DagBag from /home/airflow/.local/lib/python3.8/site-packages/airflow/example_dags/example_params_trigger_ui.py
[2024-07-26T12:15:56.535+0000] {processor.py:840} INFO - DAG(s) 'example_params_trigger_ui' retrieved from /home/airflow/.local/lib/python3.8/site-packages/airflow/example_dags/example_params_trigger_ui.py
[2024-07-26T12:15:56.603+0000] {logging_mixin.py:188} INFO - [2024-07-26T12:15:56.603+0000] {dag.py:3036} INFO - Sync 1 DAGs
[2024-07-26T12:15:56.618+0000] {logging_mixin.py:188} INFO - [2024-07-26T12:15:56.618+0000] {dag.py:3823} INFO - Setting next_dagrun for example_params_trigger_ui to None, run_after=None
[2024-07-26T12:15:56.641+0000] {processor.py:183} INFO - Processing /home/airflow/.local/lib/python3.8/site-packages/airflow/example_dags/example_params_trigger_ui.py took 0.130 seconds
[2024-07-26T12:16:26.925+0000] {processor.py:161} INFO - Started process (PID=219) to work on /home/airflow/.local/lib/python3.8/site-packages/airflow/example_dags/example_params_trigger_ui.py
[2024-07-26T12:16:26.927+0000] {processor.py:830} INFO - Processing file /home/airflow/.local/lib/python3.8/site-packages/airflow/example_dags/example_params_trigger_ui.py for tasks to queue
[2024-07-26T12:16:26.930+0000] {logging_mixin.py:188} INFO - [2024-07-26T12:16:26.929+0000] {dagbag.py:538} INFO - Filling up the DagBag from /home/airflow/.local/lib/python3.8/site-packages/airflow/example_dags/example_params_trigger_ui.py
[2024-07-26T12:16:26.948+0000] {processor.py:840} INFO - DAG(s) 'example_params_trigger_ui' retrieved from /home/airflow/.local/lib/python3.8/site-packages/airflow/example_dags/example_params_trigger_ui.py
[2024-07-26T12:16:27.032+0000] {logging_mixin.py:188} INFO - [2024-07-26T12:16:27.032+0000] {dag.py:3036} INFO - Sync 1 DAGs
[2024-07-26T12:16:27.049+0000] {logging_mixin.py:188} INFO - [2024-07-26T12:16:27.048+0000] {dag.py:3823} INFO - Setting next_dagrun for example_params_trigger_ui to None, run_after=None
[2024-07-26T12:16:27.070+0000] {processor.py:183} INFO - Processing /home/airflow/.local/lib/python3.8/site-packages/airflow/example_dags/example_params_trigger_ui.py took 0.148 seconds
[2024-07-26T12:16:57.342+0000] {processor.py:161} INFO - Started process (PID=282) to work on /home/airflow/.local/lib/python3.8/site-packages/airflow/example_dags/example_params_trigger_ui.py
[2024-07-26T12:16:57.343+0000] {processor.py:830} INFO - Processing file /home/airflow/.local/lib/python3.8/site-packages/airflow/example_dags/example_params_trigger_ui.py for tasks to queue
[2024-07-26T12:16:57.346+0000] {logging_mixin.py:188} INFO - [2024-07-26T12:16:57.345+0000] {dagbag.py:538} INFO - Filling up the DagBag from /home/airflow/.local/lib/python3.8/site-packages/airflow/example_dags/example_params_trigger_ui.py
[2024-07-26T12:16:57.365+0000] {processor.py:840} INFO - DAG(s) 'example_params_trigger_ui' retrieved from /home/airflow/.local/lib/python3.8/site-packages/airflow/example_dags/example_params_trigger_ui.py
[2024-07-26T12:16:57.454+0000] {logging_mixin.py:188} INFO - [2024-07-26T12:16:57.453+0000] {dag.py:3036} INFO - Sync 1 DAGs
[2024-07-26T12:16:57.472+0000] {logging_mixin.py:188} INFO - [2024-07-26T12:16:57.472+0000] {dag.py:3823} INFO - Setting next_dagrun for example_params_trigger_ui to None, run_after=None
[2024-07-26T12:16:57.497+0000] {processor.py:183} INFO - Processing /home/airflow/.local/lib/python3.8/site-packages/airflow/example_dags/example_params_trigger_ui.py took 0.159 seconds
[2024-07-26T12:17:27.924+0000] {processor.py:161} INFO - Started process (PID=346) to work on /home/airflow/.local/lib/python3.8/site-packages/airflow/example_dags/example_params_trigger_ui.py
[2024-07-26T12:17:27.926+0000] {processor.py:830} INFO - Processing file /home/airflow/.local/lib/python3.8/site-packages/airflow/example_dags/example_params_trigger_ui.py for tasks to queue
[2024-07-26T12:17:27.928+0000] {logging_mixin.py:188} INFO - [2024-07-26T12:17:27.927+0000] {dagbag.py:538} INFO - Filling up the DagBag from /home/airflow/.local/lib/python3.8/site-packages/airflow/example_dags/example_params_trigger_ui.py
[2024-07-26T12:17:27.944+0000] {processor.py:840} INFO - DAG(s) 'example_params_trigger_ui' retrieved from /home/airflow/.local/lib/python3.8/site-packages/airflow/example_dags/example_params_trigger_ui.py
[2024-07-26T12:17:28.020+0000] {logging_mixin.py:188} INFO - [2024-07-26T12:17:28.020+0000] {dag.py:3036} INFO - Sync 1 DAGs
[2024-07-26T12:17:28.036+0000] {logging_mixin.py:188} INFO - [2024-07-26T12:17:28.036+0000] {dag.py:3823} INFO - Setting next_dagrun for example_params_trigger_ui to None, run_after=None
[2024-07-26T12:17:28.063+0000] {processor.py:183} INFO - Processing /home/airflow/.local/lib/python3.8/site-packages/airflow/example_dags/example_params_trigger_ui.py took 0.142 seconds
[2024-07-26T12:17:58.170+0000] {processor.py:161} INFO - Started process (PID=410) to work on /home/airflow/.local/lib/python3.8/site-packages/airflow/example_dags/example_params_trigger_ui.py
[2024-07-26T12:17:58.171+0000] {processor.py:830} INFO - Processing file /home/airflow/.local/lib/python3.8/site-packages/airflow/example_dags/example_params_trigger_ui.py for tasks to queue
[2024-07-26T12:17:58.175+0000] {logging_mixin.py:188} INFO - [2024-07-26T12:17:58.174+0000] {dagbag.py:538} INFO - Filling up the DagBag from /home/airflow/.local/lib/python3.8/site-packages/airflow/example_dags/example_params_trigger_ui.py
[2024-07-26T12:17:58.193+0000] {processor.py:840} INFO - DAG(s) 'example_params_trigger_ui' retrieved from /home/airflow/.local/lib/python3.8/site-packages/airflow/example_dags/example_params_trigger_ui.py
[2024-07-26T12:17:58.264+0000] {logging_mixin.py:188} INFO - [2024-07-26T12:17:58.264+0000] {dag.py:3036} INFO - Sync 1 DAGs
[2024-07-26T12:17:58.279+0000] {logging_mixin.py:188} INFO - [2024-07-26T12:17:58.279+0000] {dag.py:3823} INFO - Setting next_dagrun for example_params_trigger_ui to None, run_after=None
[2024-07-26T12:17:58.309+0000] {processor.py:183} INFO - Processing /home/airflow/.local/lib/python3.8/site-packages/airflow/example_dags/example_params_trigger_ui.py took 0.142 seconds
[2024-07-26T12:18:29.012+0000] {processor.py:161} INFO - Started process (PID=474) to work on /home/airflow/.local/lib/python3.8/site-packages/airflow/example_dags/example_params_trigger_ui.py
[2024-07-26T12:18:29.013+0000] {processor.py:830} INFO - Processing file /home/airflow/.local/lib/python3.8/site-packages/airflow/example_dags/example_params_trigger_ui.py for tasks to queue
[2024-07-26T12:18:29.015+0000] {logging_mixin.py:188} INFO - [2024-07-26T12:18:29.015+0000] {dagbag.py:538} INFO - Filling up the DagBag from /home/airflow/.local/lib/python3.8/site-packages/airflow/example_dags/example_params_trigger_ui.py
[2024-07-26T12:18:29.031+0000] {processor.py:840} INFO - DAG(s) 'example_params_trigger_ui' retrieved from /home/airflow/.local/lib/python3.8/site-packages/airflow/example_dags/example_params_trigger_ui.py
[2024-07-26T12:18:29.097+0000] {logging_mixin.py:188} INFO - [2024-07-26T12:18:29.097+0000] {dag.py:3036} INFO - Sync 1 DAGs
[2024-07-26T12:18:29.112+0000] {logging_mixin.py:188} INFO - [2024-07-26T12:18:29.112+0000] {dag.py:3823} INFO - Setting next_dagrun for example_params_trigger_ui to None, run_after=None
[2024-07-26T12:18:29.147+0000] {processor.py:183} INFO - Processing /home/airflow/.local/lib/python3.8/site-packages/airflow/example_dags/example_params_trigger_ui.py took 0.138 seconds
[2024-07-26T12:18:59.369+0000] {processor.py:161} INFO - Started process (PID=538) to work on /home/airflow/.local/lib/python3.8/site-packages/airflow/example_dags/example_params_trigger_ui.py
[2024-07-26T12:18:59.370+0000] {processor.py:830} INFO - Processing file /home/airflow/.local/lib/python3.8/site-packages/airflow/example_dags/example_params_trigger_ui.py for tasks to queue
[2024-07-26T12:18:59.372+0000] {logging_mixin.py:188} INFO - [2024-07-26T12:18:59.371+0000] {dagbag.py:538} INFO - Filling up the DagBag from /home/airflow/.local/lib/python3.8/site-packages/airflow/example_dags/example_params_trigger_ui.py
[2024-07-26T12:18:59.390+0000] {processor.py:840} INFO - DAG(s) 'example_params_trigger_ui' retrieved from /home/airflow/.local/lib/python3.8/site-packages/airflow/example_dags/example_params_trigger_ui.py
[2024-07-26T12:18:59.454+0000] {logging_mixin.py:188} INFO - [2024-07-26T12:18:59.454+0000] {dag.py:3036} INFO - Sync 1 DAGs
[2024-07-26T12:18:59.468+0000] {logging_mixin.py:188} INFO - [2024-07-26T12:18:59.468+0000] {dag.py:3823} INFO - Setting next_dagrun for example_params_trigger_ui to None, run_after=None
[2024-07-26T12:18:59.486+0000] {processor.py:183} INFO - Processing /home/airflow/.local/lib/python3.8/site-packages/airflow/example_dags/example_params_trigger_ui.py took 0.121 seconds
[2024-07-26T12:19:30.409+0000] {processor.py:161} INFO - Started process (PID=603) to work on /home/airflow/.local/lib/python3.8/site-packages/airflow/example_dags/example_params_trigger_ui.py
[2024-07-26T12:19:30.411+0000] {processor.py:830} INFO - Processing file /home/airflow/.local/lib/python3.8/site-packages/airflow/example_dags/example_params_trigger_ui.py for tasks to queue
[2024-07-26T12:19:30.413+0000] {logging_mixin.py:188} INFO - [2024-07-26T12:19:30.412+0000] {dagbag.py:538} INFO - Filling up the DagBag from /home/airflow/.local/lib/python3.8/site-packages/airflow/example_dags/example_params_trigger_ui.py
[2024-07-26T12:19:30.443+0000] {processor.py:840} INFO - DAG(s) 'example_params_trigger_ui' retrieved from /home/airflow/.local/lib/python3.8/site-packages/airflow/example_dags/example_params_trigger_ui.py
[2024-07-26T12:19:30.555+0000] {logging_mixin.py:188} INFO - [2024-07-26T12:19:30.554+0000] {dag.py:3036} INFO - Sync 1 DAGs
[2024-07-26T12:19:30.580+0000] {logging_mixin.py:188} INFO - [2024-07-26T12:19:30.579+0000] {dag.py:3823} INFO - Setting next_dagrun for example_params_trigger_ui to None, run_after=None
[2024-07-26T12:19:30.611+0000] {processor.py:183} INFO - Processing /home/airflow/.local/lib/python3.8/site-packages/airflow/example_dags/example_params_trigger_ui.py took 0.206 seconds
[2024-07-26T12:28:16.758+0000] {processor.py:161} INFO - Started process (PID=95) to work on /home/airflow/.local/lib/python3.8/site-packages/airflow/example_dags/example_params_trigger_ui.py
[2024-07-26T12:28:16.760+0000] {processor.py:830} INFO - Processing file /home/airflow/.local/lib/python3.8/site-packages/airflow/example_dags/example_params_trigger_ui.py for tasks to queue
[2024-07-26T12:28:16.762+0000] {logging_mixin.py:188} INFO - [2024-07-26T12:28:16.762+0000] {dagbag.py:538} INFO - Filling up the DagBag from /home/airflow/.local/lib/python3.8/site-packages/airflow/example_dags/example_params_trigger_ui.py
[2024-07-26T12:28:16.787+0000] {processor.py:840} INFO - DAG(s) 'example_params_trigger_ui' retrieved from /home/airflow/.local/lib/python3.8/site-packages/airflow/example_dags/example_params_trigger_ui.py
[2024-07-26T12:28:16.975+0000] {logging_mixin.py:188} INFO - [2024-07-26T12:28:16.975+0000] {dag.py:3036} INFO - Sync 1 DAGs
[2024-07-26T12:28:16.991+0000] {logging_mixin.py:188} INFO - [2024-07-26T12:28:16.991+0000] {dag.py:3823} INFO - Setting next_dagrun for example_params_trigger_ui to None, run_after=None
[2024-07-26T12:28:17.013+0000] {processor.py:183} INFO - Processing /home/airflow/.local/lib/python3.8/site-packages/airflow/example_dags/example_params_trigger_ui.py took 0.260 seconds
[2024-07-26T12:28:47.413+0000] {processor.py:161} INFO - Started process (PID=152) to work on /home/airflow/.local/lib/python3.8/site-packages/airflow/example_dags/example_params_trigger_ui.py
[2024-07-26T12:28:47.415+0000] {processor.py:830} INFO - Processing file /home/airflow/.local/lib/python3.8/site-packages/airflow/example_dags/example_params_trigger_ui.py for tasks to queue
[2024-07-26T12:28:47.417+0000] {logging_mixin.py:188} INFO - [2024-07-26T12:28:47.417+0000] {dagbag.py:538} INFO - Filling up the DagBag from /home/airflow/.local/lib/python3.8/site-packages/airflow/example_dags/example_params_trigger_ui.py
[2024-07-26T12:28:47.432+0000] {processor.py:840} INFO - DAG(s) 'example_params_trigger_ui' retrieved from /home/airflow/.local/lib/python3.8/site-packages/airflow/example_dags/example_params_trigger_ui.py
[2024-07-26T12:28:47.557+0000] {logging_mixin.py:188} INFO - [2024-07-26T12:28:47.552+0000] {dag.py:3036} INFO - Sync 1 DAGs
[2024-07-26T12:28:47.605+0000] {logging_mixin.py:188} INFO - [2024-07-26T12:28:47.605+0000] {dag.py:3823} INFO - Setting next_dagrun for example_params_trigger_ui to None, run_after=None
[2024-07-26T12:28:47.720+0000] {processor.py:183} INFO - Processing /home/airflow/.local/lib/python3.8/site-packages/airflow/example_dags/example_params_trigger_ui.py took 0.310 seconds
[2024-07-26T12:29:17.824+0000] {processor.py:161} INFO - Started process (PID=213) to work on /home/airflow/.local/lib/python3.8/site-packages/airflow/example_dags/example_params_trigger_ui.py
[2024-07-26T12:29:17.825+0000] {processor.py:830} INFO - Processing file /home/airflow/.local/lib/python3.8/site-packages/airflow/example_dags/example_params_trigger_ui.py for tasks to queue
[2024-07-26T12:29:17.827+0000] {logging_mixin.py:188} INFO - [2024-07-26T12:29:17.826+0000] {dagbag.py:538} INFO - Filling up the DagBag from /home/airflow/.local/lib/python3.8/site-packages/airflow/example_dags/example_params_trigger_ui.py
[2024-07-26T12:29:17.840+0000] {processor.py:840} INFO - DAG(s) 'example_params_trigger_ui' retrieved from /home/airflow/.local/lib/python3.8/site-packages/airflow/example_dags/example_params_trigger_ui.py
[2024-07-26T12:29:17.902+0000] {logging_mixin.py:188} INFO - [2024-07-26T12:29:17.902+0000] {dag.py:3036} INFO - Sync 1 DAGs
[2024-07-26T12:29:17.916+0000] {logging_mixin.py:188} INFO - [2024-07-26T12:29:17.916+0000] {dag.py:3823} INFO - Setting next_dagrun for example_params_trigger_ui to None, run_after=None
[2024-07-26T12:29:17.938+0000] {processor.py:183} INFO - Processing /home/airflow/.local/lib/python3.8/site-packages/airflow/example_dags/example_params_trigger_ui.py took 0.117 seconds
[2024-07-26T12:29:48.276+0000] {processor.py:161} INFO - Started process (PID=277) to work on /home/airflow/.local/lib/python3.8/site-packages/airflow/example_dags/example_params_trigger_ui.py
[2024-07-26T12:29:48.278+0000] {processor.py:830} INFO - Processing file /home/airflow/.local/lib/python3.8/site-packages/airflow/example_dags/example_params_trigger_ui.py for tasks to queue
[2024-07-26T12:29:48.281+0000] {logging_mixin.py:188} INFO - [2024-07-26T12:29:48.280+0000] {dagbag.py:538} INFO - Filling up the DagBag from /home/airflow/.local/lib/python3.8/site-packages/airflow/example_dags/example_params_trigger_ui.py
[2024-07-26T12:29:48.304+0000] {processor.py:840} INFO - DAG(s) 'example_params_trigger_ui' retrieved from /home/airflow/.local/lib/python3.8/site-packages/airflow/example_dags/example_params_trigger_ui.py
[2024-07-26T12:29:48.410+0000] {logging_mixin.py:188} INFO - [2024-07-26T12:29:48.409+0000] {dag.py:3036} INFO - Sync 1 DAGs
[2024-07-26T12:29:48.429+0000] {logging_mixin.py:188} INFO - [2024-07-26T12:29:48.429+0000] {dag.py:3823} INFO - Setting next_dagrun for example_params_trigger_ui to None, run_after=None
[2024-07-26T12:29:48.457+0000] {processor.py:183} INFO - Processing /home/airflow/.local/lib/python3.8/site-packages/airflow/example_dags/example_params_trigger_ui.py took 0.187 seconds
[2024-07-26T12:30:18.566+0000] {processor.py:161} INFO - Started process (PID=347) to work on /home/airflow/.local/lib/python3.8/site-packages/airflow/example_dags/example_params_trigger_ui.py
[2024-07-26T12:30:18.567+0000] {processor.py:830} INFO - Processing file /home/airflow/.local/lib/python3.8/site-packages/airflow/example_dags/example_params_trigger_ui.py for tasks to queue
[2024-07-26T12:30:18.569+0000] {logging_mixin.py:188} INFO - [2024-07-26T12:30:18.568+0000] {dagbag.py:538} INFO - Filling up the DagBag from /home/airflow/.local/lib/python3.8/site-packages/airflow/example_dags/example_params_trigger_ui.py
[2024-07-26T12:30:18.585+0000] {processor.py:840} INFO - DAG(s) 'example_params_trigger_ui' retrieved from /home/airflow/.local/lib/python3.8/site-packages/airflow/example_dags/example_params_trigger_ui.py
[2024-07-26T12:30:18.653+0000] {logging_mixin.py:188} INFO - [2024-07-26T12:30:18.652+0000] {dag.py:3036} INFO - Sync 1 DAGs
[2024-07-26T12:30:18.668+0000] {logging_mixin.py:188} INFO - [2024-07-26T12:30:18.667+0000] {dag.py:3823} INFO - Setting next_dagrun for example_params_trigger_ui to None, run_after=None
[2024-07-26T12:30:18.690+0000] {processor.py:183} INFO - Processing /home/airflow/.local/lib/python3.8/site-packages/airflow/example_dags/example_params_trigger_ui.py took 0.128 seconds
[2024-07-26T12:30:49.651+0000] {processor.py:161} INFO - Started process (PID=411) to work on /home/airflow/.local/lib/python3.8/site-packages/airflow/example_dags/example_params_trigger_ui.py
[2024-07-26T12:30:49.652+0000] {processor.py:830} INFO - Processing file /home/airflow/.local/lib/python3.8/site-packages/airflow/example_dags/example_params_trigger_ui.py for tasks to queue
[2024-07-26T12:30:49.654+0000] {logging_mixin.py:188} INFO - [2024-07-26T12:30:49.654+0000] {dagbag.py:538} INFO - Filling up the DagBag from /home/airflow/.local/lib/python3.8/site-packages/airflow/example_dags/example_params_trigger_ui.py
[2024-07-26T12:30:49.669+0000] {processor.py:840} INFO - DAG(s) 'example_params_trigger_ui' retrieved from /home/airflow/.local/lib/python3.8/site-packages/airflow/example_dags/example_params_trigger_ui.py
[2024-07-26T12:30:49.794+0000] {logging_mixin.py:188} INFO - [2024-07-26T12:30:49.793+0000] {dag.py:3036} INFO - Sync 1 DAGs
[2024-07-26T12:30:49.816+0000] {logging_mixin.py:188} INFO - [2024-07-26T12:30:49.815+0000] {dag.py:3823} INFO - Setting next_dagrun for example_params_trigger_ui to None, run_after=None
[2024-07-26T12:30:49.853+0000] {processor.py:183} INFO - Processing /home/airflow/.local/lib/python3.8/site-packages/airflow/example_dags/example_params_trigger_ui.py took 0.207 seconds
[2024-07-26T12:31:20.148+0000] {processor.py:161} INFO - Started process (PID=475) to work on /home/airflow/.local/lib/python3.8/site-packages/airflow/example_dags/example_params_trigger_ui.py
[2024-07-26T12:31:20.149+0000] {processor.py:830} INFO - Processing file /home/airflow/.local/lib/python3.8/site-packages/airflow/example_dags/example_params_trigger_ui.py for tasks to queue
[2024-07-26T12:31:20.151+0000] {logging_mixin.py:188} INFO - [2024-07-26T12:31:20.151+0000] {dagbag.py:538} INFO - Filling up the DagBag from /home/airflow/.local/lib/python3.8/site-packages/airflow/example_dags/example_params_trigger_ui.py
[2024-07-26T12:31:20.165+0000] {processor.py:840} INFO - DAG(s) 'example_params_trigger_ui' retrieved from /home/airflow/.local/lib/python3.8/site-packages/airflow/example_dags/example_params_trigger_ui.py
[2024-07-26T12:31:20.235+0000] {logging_mixin.py:188} INFO - [2024-07-26T12:31:20.234+0000] {dag.py:3036} INFO - Sync 1 DAGs
[2024-07-26T12:31:20.249+0000] {logging_mixin.py:188} INFO - [2024-07-26T12:31:20.249+0000] {dag.py:3823} INFO - Setting next_dagrun for example_params_trigger_ui to None, run_after=None
[2024-07-26T12:31:20.270+0000] {processor.py:183} INFO - Processing /home/airflow/.local/lib/python3.8/site-packages/airflow/example_dags/example_params_trigger_ui.py took 0.126 seconds
[2024-07-26T12:31:50.410+0000] {processor.py:161} INFO - Started process (PID=539) to work on /home/airflow/.local/lib/python3.8/site-packages/airflow/example_dags/example_params_trigger_ui.py
[2024-07-26T12:31:50.412+0000] {processor.py:830} INFO - Processing file /home/airflow/.local/lib/python3.8/site-packages/airflow/example_dags/example_params_trigger_ui.py for tasks to queue
[2024-07-26T12:31:50.414+0000] {logging_mixin.py:188} INFO - [2024-07-26T12:31:50.414+0000] {dagbag.py:538} INFO - Filling up the DagBag from /home/airflow/.local/lib/python3.8/site-packages/airflow/example_dags/example_params_trigger_ui.py
[2024-07-26T12:31:50.430+0000] {processor.py:840} INFO - DAG(s) 'example_params_trigger_ui' retrieved from /home/airflow/.local/lib/python3.8/site-packages/airflow/example_dags/example_params_trigger_ui.py
[2024-07-26T12:31:50.512+0000] {logging_mixin.py:188} INFO - [2024-07-26T12:31:50.512+0000] {dag.py:3036} INFO - Sync 1 DAGs
[2024-07-26T12:31:50.530+0000] {logging_mixin.py:188} INFO - [2024-07-26T12:31:50.529+0000] {dag.py:3823} INFO - Setting next_dagrun for example_params_trigger_ui to None, run_after=None
[2024-07-26T12:31:50.553+0000] {processor.py:183} INFO - Processing /home/airflow/.local/lib/python3.8/site-packages/airflow/example_dags/example_params_trigger_ui.py took 0.147 seconds
[2024-07-26T12:32:21.018+0000] {processor.py:161} INFO - Started process (PID=603) to work on /home/airflow/.local/lib/python3.8/site-packages/airflow/example_dags/example_params_trigger_ui.py
[2024-07-26T12:32:21.019+0000] {processor.py:830} INFO - Processing file /home/airflow/.local/lib/python3.8/site-packages/airflow/example_dags/example_params_trigger_ui.py for tasks to queue
[2024-07-26T12:32:21.021+0000] {logging_mixin.py:188} INFO - [2024-07-26T12:32:21.021+0000] {dagbag.py:538} INFO - Filling up the DagBag from /home/airflow/.local/lib/python3.8/site-packages/airflow/example_dags/example_params_trigger_ui.py
[2024-07-26T12:32:21.041+0000] {processor.py:840} INFO - DAG(s) 'example_params_trigger_ui' retrieved from /home/airflow/.local/lib/python3.8/site-packages/airflow/example_dags/example_params_trigger_ui.py
[2024-07-26T12:32:21.115+0000] {logging_mixin.py:188} INFO - [2024-07-26T12:32:21.115+0000] {dag.py:3036} INFO - Sync 1 DAGs
[2024-07-26T12:32:21.130+0000] {logging_mixin.py:188} INFO - [2024-07-26T12:32:21.130+0000] {dag.py:3823} INFO - Setting next_dagrun for example_params_trigger_ui to None, run_after=None
[2024-07-26T12:32:21.153+0000] {processor.py:183} INFO - Processing /home/airflow/.local/lib/python3.8/site-packages/airflow/example_dags/example_params_trigger_ui.py took 0.139 seconds
[2024-07-26T12:32:51.689+0000] {processor.py:161} INFO - Started process (PID=667) to work on /home/airflow/.local/lib/python3.8/site-packages/airflow/example_dags/example_params_trigger_ui.py
[2024-07-26T12:32:51.690+0000] {processor.py:830} INFO - Processing file /home/airflow/.local/lib/python3.8/site-packages/airflow/example_dags/example_params_trigger_ui.py for tasks to queue
[2024-07-26T12:32:51.692+0000] {logging_mixin.py:188} INFO - [2024-07-26T12:32:51.692+0000] {dagbag.py:538} INFO - Filling up the DagBag from /home/airflow/.local/lib/python3.8/site-packages/airflow/example_dags/example_params_trigger_ui.py
[2024-07-26T12:32:51.706+0000] {processor.py:840} INFO - DAG(s) 'example_params_trigger_ui' retrieved from /home/airflow/.local/lib/python3.8/site-packages/airflow/example_dags/example_params_trigger_ui.py
[2024-07-26T12:32:51.771+0000] {logging_mixin.py:188} INFO - [2024-07-26T12:32:51.770+0000] {dag.py:3036} INFO - Sync 1 DAGs
[2024-07-26T12:32:51.784+0000] {logging_mixin.py:188} INFO - [2024-07-26T12:32:51.783+0000] {dag.py:3823} INFO - Setting next_dagrun for example_params_trigger_ui to None, run_after=None
[2024-07-26T12:32:51.811+0000] {processor.py:183} INFO - Processing /home/airflow/.local/lib/python3.8/site-packages/airflow/example_dags/example_params_trigger_ui.py took 0.126 seconds
[2024-07-26T12:33:22.388+0000] {processor.py:161} INFO - Started process (PID=732) to work on /home/airflow/.local/lib/python3.8/site-packages/airflow/example_dags/example_params_trigger_ui.py
[2024-07-26T12:33:22.389+0000] {processor.py:830} INFO - Processing file /home/airflow/.local/lib/python3.8/site-packages/airflow/example_dags/example_params_trigger_ui.py for tasks to queue
[2024-07-26T12:33:22.393+0000] {logging_mixin.py:188} INFO - [2024-07-26T12:33:22.392+0000] {dagbag.py:538} INFO - Filling up the DagBag from /home/airflow/.local/lib/python3.8/site-packages/airflow/example_dags/example_params_trigger_ui.py
[2024-07-26T12:33:22.410+0000] {processor.py:840} INFO - DAG(s) 'example_params_trigger_ui' retrieved from /home/airflow/.local/lib/python3.8/site-packages/airflow/example_dags/example_params_trigger_ui.py
[2024-07-26T12:33:22.492+0000] {logging_mixin.py:188} INFO - [2024-07-26T12:33:22.491+0000] {dag.py:3036} INFO - Sync 1 DAGs
[2024-07-26T12:33:22.508+0000] {logging_mixin.py:188} INFO - [2024-07-26T12:33:22.507+0000] {dag.py:3823} INFO - Setting next_dagrun for example_params_trigger_ui to None, run_after=None
[2024-07-26T12:33:22.534+0000] {processor.py:183} INFO - Processing /home/airflow/.local/lib/python3.8/site-packages/airflow/example_dags/example_params_trigger_ui.py took 0.149 seconds
[2024-07-26T12:33:52.919+0000] {processor.py:161} INFO - Started process (PID=796) to work on /home/airflow/.local/lib/python3.8/site-packages/airflow/example_dags/example_params_trigger_ui.py
[2024-07-26T12:33:52.921+0000] {processor.py:830} INFO - Processing file /home/airflow/.local/lib/python3.8/site-packages/airflow/example_dags/example_params_trigger_ui.py for tasks to queue
[2024-07-26T12:33:52.924+0000] {logging_mixin.py:188} INFO - [2024-07-26T12:33:52.924+0000] {dagbag.py:538} INFO - Filling up the DagBag from /home/airflow/.local/lib/python3.8/site-packages/airflow/example_dags/example_params_trigger_ui.py
[2024-07-26T12:33:52.941+0000] {processor.py:840} INFO - DAG(s) 'example_params_trigger_ui' retrieved from /home/airflow/.local/lib/python3.8/site-packages/airflow/example_dags/example_params_trigger_ui.py
[2024-07-26T12:33:53.012+0000] {logging_mixin.py:188} INFO - [2024-07-26T12:33:53.011+0000] {dag.py:3036} INFO - Sync 1 DAGs
[2024-07-26T12:33:53.029+0000] {logging_mixin.py:188} INFO - [2024-07-26T12:33:53.029+0000] {dag.py:3823} INFO - Setting next_dagrun for example_params_trigger_ui to None, run_after=None
[2024-07-26T12:33:53.055+0000] {processor.py:183} INFO - Processing /home/airflow/.local/lib/python3.8/site-packages/airflow/example_dags/example_params_trigger_ui.py took 0.141 seconds
[2024-07-26T12:34:23.252+0000] {processor.py:161} INFO - Started process (PID=859) to work on /home/airflow/.local/lib/python3.8/site-packages/airflow/example_dags/example_params_trigger_ui.py
[2024-07-26T12:34:23.254+0000] {processor.py:830} INFO - Processing file /home/airflow/.local/lib/python3.8/site-packages/airflow/example_dags/example_params_trigger_ui.py for tasks to queue
[2024-07-26T12:34:23.256+0000] {logging_mixin.py:188} INFO - [2024-07-26T12:34:23.256+0000] {dagbag.py:538} INFO - Filling up the DagBag from /home/airflow/.local/lib/python3.8/site-packages/airflow/example_dags/example_params_trigger_ui.py
[2024-07-26T12:34:23.271+0000] {processor.py:840} INFO - DAG(s) 'example_params_trigger_ui' retrieved from /home/airflow/.local/lib/python3.8/site-packages/airflow/example_dags/example_params_trigger_ui.py
[2024-07-26T12:34:23.382+0000] {logging_mixin.py:188} INFO - [2024-07-26T12:34:23.381+0000] {dag.py:3036} INFO - Sync 1 DAGs
[2024-07-26T12:34:23.408+0000] {logging_mixin.py:188} INFO - [2024-07-26T12:34:23.407+0000] {dag.py:3823} INFO - Setting next_dagrun for example_params_trigger_ui to None, run_after=None
[2024-07-26T12:34:23.434+0000] {processor.py:183} INFO - Processing /home/airflow/.local/lib/python3.8/site-packages/airflow/example_dags/example_params_trigger_ui.py took 0.185 seconds
[2024-07-26T12:34:53.550+0000] {processor.py:161} INFO - Started process (PID=923) to work on /home/airflow/.local/lib/python3.8/site-packages/airflow/example_dags/example_params_trigger_ui.py
[2024-07-26T12:34:53.552+0000] {processor.py:830} INFO - Processing file /home/airflow/.local/lib/python3.8/site-packages/airflow/example_dags/example_params_trigger_ui.py for tasks to queue
[2024-07-26T12:34:53.555+0000] {logging_mixin.py:188} INFO - [2024-07-26T12:34:53.555+0000] {dagbag.py:538} INFO - Filling up the DagBag from /home/airflow/.local/lib/python3.8/site-packages/airflow/example_dags/example_params_trigger_ui.py
[2024-07-26T12:34:53.572+0000] {processor.py:840} INFO - DAG(s) 'example_params_trigger_ui' retrieved from /home/airflow/.local/lib/python3.8/site-packages/airflow/example_dags/example_params_trigger_ui.py
[2024-07-26T12:34:53.648+0000] {logging_mixin.py:188} INFO - [2024-07-26T12:34:53.647+0000] {dag.py:3036} INFO - Sync 1 DAGs
[2024-07-26T12:34:53.666+0000] {logging_mixin.py:188} INFO - [2024-07-26T12:34:53.665+0000] {dag.py:3823} INFO - Setting next_dagrun for example_params_trigger_ui to None, run_after=None
[2024-07-26T12:34:53.688+0000] {processor.py:183} INFO - Processing /home/airflow/.local/lib/python3.8/site-packages/airflow/example_dags/example_params_trigger_ui.py took 0.141 seconds
[2024-07-26T12:35:23.720+0000] {processor.py:161} INFO - Started process (PID=987) to work on /home/airflow/.local/lib/python3.8/site-packages/airflow/example_dags/example_params_trigger_ui.py
[2024-07-26T12:35:23.721+0000] {processor.py:830} INFO - Processing file /home/airflow/.local/lib/python3.8/site-packages/airflow/example_dags/example_params_trigger_ui.py for tasks to queue
[2024-07-26T12:35:23.723+0000] {logging_mixin.py:188} INFO - [2024-07-26T12:35:23.723+0000] {dagbag.py:538} INFO - Filling up the DagBag from /home/airflow/.local/lib/python3.8/site-packages/airflow/example_dags/example_params_trigger_ui.py
[2024-07-26T12:35:23.740+0000] {processor.py:840} INFO - DAG(s) 'example_params_trigger_ui' retrieved from /home/airflow/.local/lib/python3.8/site-packages/airflow/example_dags/example_params_trigger_ui.py
[2024-07-26T12:35:23.811+0000] {logging_mixin.py:188} INFO - [2024-07-26T12:35:23.811+0000] {dag.py:3036} INFO - Sync 1 DAGs
[2024-07-26T12:35:23.842+0000] {logging_mixin.py:188} INFO - [2024-07-26T12:35:23.841+0000] {dag.py:3823} INFO - Setting next_dagrun for example_params_trigger_ui to None, run_after=None
[2024-07-26T12:35:23.876+0000] {processor.py:183} INFO - Processing /home/airflow/.local/lib/python3.8/site-packages/airflow/example_dags/example_params_trigger_ui.py took 0.159 seconds
[2024-07-26T12:35:53.958+0000] {processor.py:161} INFO - Started process (PID=1051) to work on /home/airflow/.local/lib/python3.8/site-packages/airflow/example_dags/example_params_trigger_ui.py
[2024-07-26T12:35:53.959+0000] {processor.py:830} INFO - Processing file /home/airflow/.local/lib/python3.8/site-packages/airflow/example_dags/example_params_trigger_ui.py for tasks to queue
[2024-07-26T12:35:53.961+0000] {logging_mixin.py:188} INFO - [2024-07-26T12:35:53.961+0000] {dagbag.py:538} INFO - Filling up the DagBag from /home/airflow/.local/lib/python3.8/site-packages/airflow/example_dags/example_params_trigger_ui.py
[2024-07-26T12:35:53.979+0000] {processor.py:840} INFO - DAG(s) 'example_params_trigger_ui' retrieved from /home/airflow/.local/lib/python3.8/site-packages/airflow/example_dags/example_params_trigger_ui.py
[2024-07-26T12:35:54.053+0000] {logging_mixin.py:188} INFO - [2024-07-26T12:35:54.053+0000] {dag.py:3036} INFO - Sync 1 DAGs
[2024-07-26T12:35:54.069+0000] {logging_mixin.py:188} INFO - [2024-07-26T12:35:54.068+0000] {dag.py:3823} INFO - Setting next_dagrun for example_params_trigger_ui to None, run_after=None
[2024-07-26T12:35:54.093+0000] {processor.py:183} INFO - Processing /home/airflow/.local/lib/python3.8/site-packages/airflow/example_dags/example_params_trigger_ui.py took 0.138 seconds
[2024-07-26T12:36:24.437+0000] {processor.py:161} INFO - Started process (PID=1115) to work on /home/airflow/.local/lib/python3.8/site-packages/airflow/example_dags/example_params_trigger_ui.py
[2024-07-26T12:36:24.439+0000] {processor.py:830} INFO - Processing file /home/airflow/.local/lib/python3.8/site-packages/airflow/example_dags/example_params_trigger_ui.py for tasks to queue
[2024-07-26T12:36:24.447+0000] {logging_mixin.py:188} INFO - [2024-07-26T12:36:24.447+0000] {dagbag.py:538} INFO - Filling up the DagBag from /home/airflow/.local/lib/python3.8/site-packages/airflow/example_dags/example_params_trigger_ui.py
[2024-07-26T12:36:24.478+0000] {processor.py:840} INFO - DAG(s) 'example_params_trigger_ui' retrieved from /home/airflow/.local/lib/python3.8/site-packages/airflow/example_dags/example_params_trigger_ui.py
[2024-07-26T12:36:24.627+0000] {logging_mixin.py:188} INFO - [2024-07-26T12:36:24.626+0000] {dag.py:3036} INFO - Sync 1 DAGs
[2024-07-26T12:36:24.641+0000] {logging_mixin.py:188} INFO - [2024-07-26T12:36:24.641+0000] {dag.py:3823} INFO - Setting next_dagrun for example_params_trigger_ui to None, run_after=None
[2024-07-26T12:36:24.662+0000] {processor.py:183} INFO - Processing /home/airflow/.local/lib/python3.8/site-packages/airflow/example_dags/example_params_trigger_ui.py took 0.229 seconds
[2024-07-26T12:36:54.848+0000] {processor.py:161} INFO - Started process (PID=1179) to work on /home/airflow/.local/lib/python3.8/site-packages/airflow/example_dags/example_params_trigger_ui.py
[2024-07-26T12:36:54.849+0000] {processor.py:830} INFO - Processing file /home/airflow/.local/lib/python3.8/site-packages/airflow/example_dags/example_params_trigger_ui.py for tasks to queue
[2024-07-26T12:36:54.851+0000] {logging_mixin.py:188} INFO - [2024-07-26T12:36:54.850+0000] {dagbag.py:538} INFO - Filling up the DagBag from /home/airflow/.local/lib/python3.8/site-packages/airflow/example_dags/example_params_trigger_ui.py
[2024-07-26T12:36:54.865+0000] {processor.py:840} INFO - DAG(s) 'example_params_trigger_ui' retrieved from /home/airflow/.local/lib/python3.8/site-packages/airflow/example_dags/example_params_trigger_ui.py
[2024-07-26T12:36:54.932+0000] {logging_mixin.py:188} INFO - [2024-07-26T12:36:54.932+0000] {dag.py:3036} INFO - Sync 1 DAGs
[2024-07-26T12:36:54.947+0000] {logging_mixin.py:188} INFO - [2024-07-26T12:36:54.946+0000] {dag.py:3823} INFO - Setting next_dagrun for example_params_trigger_ui to None, run_after=None
[2024-07-26T12:36:54.969+0000] {processor.py:183} INFO - Processing /home/airflow/.local/lib/python3.8/site-packages/airflow/example_dags/example_params_trigger_ui.py took 0.125 seconds
[2024-07-26T12:37:25.306+0000] {processor.py:161} INFO - Started process (PID=1243) to work on /home/airflow/.local/lib/python3.8/site-packages/airflow/example_dags/example_params_trigger_ui.py
[2024-07-26T12:37:25.308+0000] {processor.py:830} INFO - Processing file /home/airflow/.local/lib/python3.8/site-packages/airflow/example_dags/example_params_trigger_ui.py for tasks to queue
[2024-07-26T12:37:25.310+0000] {logging_mixin.py:188} INFO - [2024-07-26T12:37:25.309+0000] {dagbag.py:538} INFO - Filling up the DagBag from /home/airflow/.local/lib/python3.8/site-packages/airflow/example_dags/example_params_trigger_ui.py
[2024-07-26T12:37:25.324+0000] {processor.py:840} INFO - DAG(s) 'example_params_trigger_ui' retrieved from /home/airflow/.local/lib/python3.8/site-packages/airflow/example_dags/example_params_trigger_ui.py
[2024-07-26T12:37:25.393+0000] {logging_mixin.py:188} INFO - [2024-07-26T12:37:25.393+0000] {dag.py:3036} INFO - Sync 1 DAGs
[2024-07-26T12:37:25.411+0000] {logging_mixin.py:188} INFO - [2024-07-26T12:37:25.410+0000] {dag.py:3823} INFO - Setting next_dagrun for example_params_trigger_ui to None, run_after=None
[2024-07-26T12:37:25.436+0000] {processor.py:183} INFO - Processing /home/airflow/.local/lib/python3.8/site-packages/airflow/example_dags/example_params_trigger_ui.py took 0.133 seconds
[2024-07-26T12:38:51.444+0000] {processor.py:161} INFO - Started process (PID=89) to work on /home/airflow/.local/lib/python3.8/site-packages/airflow/example_dags/example_params_trigger_ui.py
[2024-07-26T12:38:51.445+0000] {processor.py:830} INFO - Processing file /home/airflow/.local/lib/python3.8/site-packages/airflow/example_dags/example_params_trigger_ui.py for tasks to queue
[2024-07-26T12:38:51.448+0000] {logging_mixin.py:188} INFO - [2024-07-26T12:38:51.447+0000] {dagbag.py:538} INFO - Filling up the DagBag from /home/airflow/.local/lib/python3.8/site-packages/airflow/example_dags/example_params_trigger_ui.py
[2024-07-26T12:38:51.472+0000] {processor.py:840} INFO - DAG(s) 'example_params_trigger_ui' retrieved from /home/airflow/.local/lib/python3.8/site-packages/airflow/example_dags/example_params_trigger_ui.py
[2024-07-26T12:38:51.484+0000] {logging_mixin.py:188} INFO - [2024-07-26T12:38:51.484+0000] {dag.py:3036} INFO - Sync 1 DAGs
[2024-07-26T12:38:51.505+0000] {logging_mixin.py:188} INFO - [2024-07-26T12:38:51.504+0000] {dag.py:3823} INFO - Setting next_dagrun for example_params_trigger_ui to None, run_after=None
[2024-07-26T12:38:51.528+0000] {processor.py:183} INFO - Processing /home/airflow/.local/lib/python3.8/site-packages/airflow/example_dags/example_params_trigger_ui.py took 0.089 seconds
[2024-07-26T12:39:21.667+0000] {processor.py:161} INFO - Started process (PID=144) to work on /home/airflow/.local/lib/python3.8/site-packages/airflow/example_dags/example_params_trigger_ui.py
[2024-07-26T12:39:21.668+0000] {processor.py:830} INFO - Processing file /home/airflow/.local/lib/python3.8/site-packages/airflow/example_dags/example_params_trigger_ui.py for tasks to queue
[2024-07-26T12:39:21.670+0000] {logging_mixin.py:188} INFO - [2024-07-26T12:39:21.670+0000] {dagbag.py:538} INFO - Filling up the DagBag from /home/airflow/.local/lib/python3.8/site-packages/airflow/example_dags/example_params_trigger_ui.py
[2024-07-26T12:39:21.689+0000] {processor.py:840} INFO - DAG(s) 'example_params_trigger_ui' retrieved from /home/airflow/.local/lib/python3.8/site-packages/airflow/example_dags/example_params_trigger_ui.py
[2024-07-26T12:39:21.870+0000] {logging_mixin.py:188} INFO - [2024-07-26T12:39:21.870+0000] {dag.py:3036} INFO - Sync 1 DAGs
[2024-07-26T12:39:21.887+0000] {logging_mixin.py:188} INFO - [2024-07-26T12:39:21.887+0000] {dag.py:3823} INFO - Setting next_dagrun for example_params_trigger_ui to None, run_after=None
[2024-07-26T12:39:21.914+0000] {processor.py:183} INFO - Processing /home/airflow/.local/lib/python3.8/site-packages/airflow/example_dags/example_params_trigger_ui.py took 0.250 seconds
[2024-07-26T12:43:16.785+0000] {processor.py:161} INFO - Started process (PID=94) to work on /home/airflow/.local/lib/python3.8/site-packages/airflow/example_dags/example_params_trigger_ui.py
[2024-07-26T12:43:16.786+0000] {processor.py:830} INFO - Processing file /home/airflow/.local/lib/python3.8/site-packages/airflow/example_dags/example_params_trigger_ui.py for tasks to queue
[2024-07-26T12:43:16.788+0000] {logging_mixin.py:188} INFO - [2024-07-26T12:43:16.788+0000] {dagbag.py:538} INFO - Filling up the DagBag from /home/airflow/.local/lib/python3.8/site-packages/airflow/example_dags/example_params_trigger_ui.py
[2024-07-26T12:43:16.810+0000] {processor.py:840} INFO - DAG(s) 'example_params_trigger_ui' retrieved from /home/airflow/.local/lib/python3.8/site-packages/airflow/example_dags/example_params_trigger_ui.py
[2024-07-26T12:43:16.996+0000] {logging_mixin.py:188} INFO - [2024-07-26T12:43:16.996+0000] {dag.py:3036} INFO - Sync 1 DAGs
[2024-07-26T12:43:17.007+0000] {logging_mixin.py:188} INFO - [2024-07-26T12:43:17.007+0000] {dag.py:3823} INFO - Setting next_dagrun for example_params_trigger_ui to None, run_after=None
[2024-07-26T12:43:17.027+0000] {processor.py:183} INFO - Processing /home/airflow/.local/lib/python3.8/site-packages/airflow/example_dags/example_params_trigger_ui.py took 0.245 seconds
[2024-07-26T12:43:47.630+0000] {processor.py:161} INFO - Started process (PID=151) to work on /home/airflow/.local/lib/python3.8/site-packages/airflow/example_dags/example_params_trigger_ui.py
[2024-07-26T12:43:47.631+0000] {processor.py:830} INFO - Processing file /home/airflow/.local/lib/python3.8/site-packages/airflow/example_dags/example_params_trigger_ui.py for tasks to queue
[2024-07-26T12:43:47.634+0000] {logging_mixin.py:188} INFO - [2024-07-26T12:43:47.633+0000] {dagbag.py:538} INFO - Filling up the DagBag from /home/airflow/.local/lib/python3.8/site-packages/airflow/example_dags/example_params_trigger_ui.py
[2024-07-26T12:43:47.650+0000] {processor.py:840} INFO - DAG(s) 'example_params_trigger_ui' retrieved from /home/airflow/.local/lib/python3.8/site-packages/airflow/example_dags/example_params_trigger_ui.py
[2024-07-26T12:43:47.719+0000] {logging_mixin.py:188} INFO - [2024-07-26T12:43:47.719+0000] {dag.py:3036} INFO - Sync 1 DAGs
[2024-07-26T12:43:47.737+0000] {logging_mixin.py:188} INFO - [2024-07-26T12:43:47.737+0000] {dag.py:3823} INFO - Setting next_dagrun for example_params_trigger_ui to None, run_after=None
[2024-07-26T12:43:47.756+0000] {processor.py:183} INFO - Processing /home/airflow/.local/lib/python3.8/site-packages/airflow/example_dags/example_params_trigger_ui.py took 0.130 seconds
[2024-07-26T12:44:18.830+0000] {processor.py:161} INFO - Started process (PID=220) to work on /home/airflow/.local/lib/python3.8/site-packages/airflow/example_dags/example_params_trigger_ui.py
[2024-07-26T12:44:18.831+0000] {processor.py:830} INFO - Processing file /home/airflow/.local/lib/python3.8/site-packages/airflow/example_dags/example_params_trigger_ui.py for tasks to queue
[2024-07-26T12:44:18.833+0000] {logging_mixin.py:188} INFO - [2024-07-26T12:44:18.833+0000] {dagbag.py:538} INFO - Filling up the DagBag from /home/airflow/.local/lib/python3.8/site-packages/airflow/example_dags/example_params_trigger_ui.py
[2024-07-26T12:44:18.850+0000] {processor.py:840} INFO - DAG(s) 'example_params_trigger_ui' retrieved from /home/airflow/.local/lib/python3.8/site-packages/airflow/example_dags/example_params_trigger_ui.py
[2024-07-26T12:44:18.920+0000] {logging_mixin.py:188} INFO - [2024-07-26T12:44:18.920+0000] {dag.py:3036} INFO - Sync 1 DAGs
[2024-07-26T12:44:18.935+0000] {logging_mixin.py:188} INFO - [2024-07-26T12:44:18.935+0000] {dag.py:3823} INFO - Setting next_dagrun for example_params_trigger_ui to None, run_after=None
[2024-07-26T12:44:18.965+0000] {processor.py:183} INFO - Processing /home/airflow/.local/lib/python3.8/site-packages/airflow/example_dags/example_params_trigger_ui.py took 0.139 seconds
[2024-07-26T12:49:44.225+0000] {processor.py:161} INFO - Started process (PID=87) to work on /home/airflow/.local/lib/python3.8/site-packages/airflow/example_dags/example_params_trigger_ui.py
[2024-07-26T12:49:44.227+0000] {processor.py:830} INFO - Processing file /home/airflow/.local/lib/python3.8/site-packages/airflow/example_dags/example_params_trigger_ui.py for tasks to queue
[2024-07-26T12:49:44.229+0000] {logging_mixin.py:188} INFO - [2024-07-26T12:49:44.229+0000] {dagbag.py:538} INFO - Filling up the DagBag from /home/airflow/.local/lib/python3.8/site-packages/airflow/example_dags/example_params_trigger_ui.py
[2024-07-26T12:49:44.253+0000] {processor.py:840} INFO - DAG(s) 'example_params_trigger_ui' retrieved from /home/airflow/.local/lib/python3.8/site-packages/airflow/example_dags/example_params_trigger_ui.py
[2024-07-26T12:49:44.267+0000] {logging_mixin.py:188} INFO - [2024-07-26T12:49:44.266+0000] {dag.py:3036} INFO - Sync 1 DAGs
[2024-07-26T12:49:44.284+0000] {logging_mixin.py:188} INFO - [2024-07-26T12:49:44.284+0000] {dag.py:3823} INFO - Setting next_dagrun for example_params_trigger_ui to None, run_after=None
[2024-07-26T12:49:44.308+0000] {processor.py:183} INFO - Processing /home/airflow/.local/lib/python3.8/site-packages/airflow/example_dags/example_params_trigger_ui.py took 0.087 seconds
[2024-07-26T12:50:14.737+0000] {processor.py:161} INFO - Started process (PID=149) to work on /home/airflow/.local/lib/python3.8/site-packages/airflow/example_dags/example_params_trigger_ui.py
[2024-07-26T12:50:14.738+0000] {processor.py:830} INFO - Processing file /home/airflow/.local/lib/python3.8/site-packages/airflow/example_dags/example_params_trigger_ui.py for tasks to queue
[2024-07-26T12:50:14.740+0000] {logging_mixin.py:188} INFO - [2024-07-26T12:50:14.740+0000] {dagbag.py:538} INFO - Filling up the DagBag from /home/airflow/.local/lib/python3.8/site-packages/airflow/example_dags/example_params_trigger_ui.py
[2024-07-26T12:50:14.765+0000] {processor.py:840} INFO - DAG(s) 'example_params_trigger_ui' retrieved from /home/airflow/.local/lib/python3.8/site-packages/airflow/example_dags/example_params_trigger_ui.py
[2024-07-26T12:50:15.063+0000] {logging_mixin.py:188} INFO - [2024-07-26T12:50:15.062+0000] {dag.py:3036} INFO - Sync 1 DAGs
[2024-07-26T12:50:15.080+0000] {logging_mixin.py:188} INFO - [2024-07-26T12:50:15.080+0000] {dag.py:3823} INFO - Setting next_dagrun for example_params_trigger_ui to None, run_after=None
[2024-07-26T12:50:15.108+0000] {processor.py:183} INFO - Processing /home/airflow/.local/lib/python3.8/site-packages/airflow/example_dags/example_params_trigger_ui.py took 0.375 seconds
[2024-07-26T12:50:45.969+0000] {processor.py:161} INFO - Started process (PID=213) to work on /home/airflow/.local/lib/python3.8/site-packages/airflow/example_dags/example_params_trigger_ui.py
[2024-07-26T12:50:45.971+0000] {processor.py:830} INFO - Processing file /home/airflow/.local/lib/python3.8/site-packages/airflow/example_dags/example_params_trigger_ui.py for tasks to queue
[2024-07-26T12:50:45.973+0000] {logging_mixin.py:188} INFO - [2024-07-26T12:50:45.972+0000] {dagbag.py:538} INFO - Filling up the DagBag from /home/airflow/.local/lib/python3.8/site-packages/airflow/example_dags/example_params_trigger_ui.py
[2024-07-26T12:50:45.988+0000] {processor.py:840} INFO - DAG(s) 'example_params_trigger_ui' retrieved from /home/airflow/.local/lib/python3.8/site-packages/airflow/example_dags/example_params_trigger_ui.py
[2024-07-26T12:50:46.060+0000] {logging_mixin.py:188} INFO - [2024-07-26T12:50:46.060+0000] {dag.py:3036} INFO - Sync 1 DAGs
[2024-07-26T12:50:46.079+0000] {logging_mixin.py:188} INFO - [2024-07-26T12:50:46.079+0000] {dag.py:3823} INFO - Setting next_dagrun for example_params_trigger_ui to None, run_after=None
[2024-07-26T12:50:46.099+0000] {processor.py:183} INFO - Processing /home/airflow/.local/lib/python3.8/site-packages/airflow/example_dags/example_params_trigger_ui.py took 0.133 seconds
[2024-07-26T12:51:16.165+0000] {processor.py:161} INFO - Started process (PID=278) to work on /home/airflow/.local/lib/python3.8/site-packages/airflow/example_dags/example_params_trigger_ui.py
[2024-07-26T12:51:16.167+0000] {processor.py:830} INFO - Processing file /home/airflow/.local/lib/python3.8/site-packages/airflow/example_dags/example_params_trigger_ui.py for tasks to queue
[2024-07-26T12:51:16.168+0000] {logging_mixin.py:188} INFO - [2024-07-26T12:51:16.168+0000] {dagbag.py:538} INFO - Filling up the DagBag from /home/airflow/.local/lib/python3.8/site-packages/airflow/example_dags/example_params_trigger_ui.py
[2024-07-26T12:51:16.185+0000] {processor.py:840} INFO - DAG(s) 'example_params_trigger_ui' retrieved from /home/airflow/.local/lib/python3.8/site-packages/airflow/example_dags/example_params_trigger_ui.py
[2024-07-26T12:51:16.254+0000] {logging_mixin.py:188} INFO - [2024-07-26T12:51:16.254+0000] {dag.py:3036} INFO - Sync 1 DAGs
[2024-07-26T12:51:16.271+0000] {logging_mixin.py:188} INFO - [2024-07-26T12:51:16.271+0000] {dag.py:3823} INFO - Setting next_dagrun for example_params_trigger_ui to None, run_after=None
[2024-07-26T12:51:16.293+0000] {processor.py:183} INFO - Processing /home/airflow/.local/lib/python3.8/site-packages/airflow/example_dags/example_params_trigger_ui.py took 0.130 seconds
[2024-07-26T12:51:46.520+0000] {processor.py:161} INFO - Started process (PID=342) to work on /home/airflow/.local/lib/python3.8/site-packages/airflow/example_dags/example_params_trigger_ui.py
[2024-07-26T12:51:46.521+0000] {processor.py:830} INFO - Processing file /home/airflow/.local/lib/python3.8/site-packages/airflow/example_dags/example_params_trigger_ui.py for tasks to queue
[2024-07-26T12:51:46.523+0000] {logging_mixin.py:188} INFO - [2024-07-26T12:51:46.523+0000] {dagbag.py:538} INFO - Filling up the DagBag from /home/airflow/.local/lib/python3.8/site-packages/airflow/example_dags/example_params_trigger_ui.py
[2024-07-26T12:51:46.538+0000] {processor.py:840} INFO - DAG(s) 'example_params_trigger_ui' retrieved from /home/airflow/.local/lib/python3.8/site-packages/airflow/example_dags/example_params_trigger_ui.py
[2024-07-26T12:51:46.606+0000] {logging_mixin.py:188} INFO - [2024-07-26T12:51:46.606+0000] {dag.py:3036} INFO - Sync 1 DAGs
[2024-07-26T12:51:46.622+0000] {logging_mixin.py:188} INFO - [2024-07-26T12:51:46.622+0000] {dag.py:3823} INFO - Setting next_dagrun for example_params_trigger_ui to None, run_after=None
[2024-07-26T12:51:46.644+0000] {processor.py:183} INFO - Processing /home/airflow/.local/lib/python3.8/site-packages/airflow/example_dags/example_params_trigger_ui.py took 0.127 seconds
[2024-07-26T12:52:17.331+0000] {processor.py:161} INFO - Started process (PID=406) to work on /home/airflow/.local/lib/python3.8/site-packages/airflow/example_dags/example_params_trigger_ui.py
[2024-07-26T12:52:17.333+0000] {processor.py:830} INFO - Processing file /home/airflow/.local/lib/python3.8/site-packages/airflow/example_dags/example_params_trigger_ui.py for tasks to queue
[2024-07-26T12:52:17.334+0000] {logging_mixin.py:188} INFO - [2024-07-26T12:52:17.334+0000] {dagbag.py:538} INFO - Filling up the DagBag from /home/airflow/.local/lib/python3.8/site-packages/airflow/example_dags/example_params_trigger_ui.py
[2024-07-26T12:52:17.350+0000] {processor.py:840} INFO - DAG(s) 'example_params_trigger_ui' retrieved from /home/airflow/.local/lib/python3.8/site-packages/airflow/example_dags/example_params_trigger_ui.py
[2024-07-26T12:52:17.418+0000] {logging_mixin.py:188} INFO - [2024-07-26T12:52:17.418+0000] {dag.py:3036} INFO - Sync 1 DAGs
[2024-07-26T12:52:17.438+0000] {logging_mixin.py:188} INFO - [2024-07-26T12:52:17.437+0000] {dag.py:3823} INFO - Setting next_dagrun for example_params_trigger_ui to None, run_after=None
[2024-07-26T12:52:17.574+0000] {processor.py:183} INFO - Processing /home/airflow/.local/lib/python3.8/site-packages/airflow/example_dags/example_params_trigger_ui.py took 0.246 seconds
[2024-07-26T12:52:47.972+0000] {processor.py:161} INFO - Started process (PID=471) to work on /home/airflow/.local/lib/python3.8/site-packages/airflow/example_dags/example_params_trigger_ui.py
[2024-07-26T12:52:47.973+0000] {processor.py:830} INFO - Processing file /home/airflow/.local/lib/python3.8/site-packages/airflow/example_dags/example_params_trigger_ui.py for tasks to queue
[2024-07-26T12:52:47.975+0000] {logging_mixin.py:188} INFO - [2024-07-26T12:52:47.975+0000] {dagbag.py:538} INFO - Filling up the DagBag from /home/airflow/.local/lib/python3.8/site-packages/airflow/example_dags/example_params_trigger_ui.py
[2024-07-26T12:52:47.992+0000] {processor.py:840} INFO - DAG(s) 'example_params_trigger_ui' retrieved from /home/airflow/.local/lib/python3.8/site-packages/airflow/example_dags/example_params_trigger_ui.py
[2024-07-26T12:52:48.065+0000] {logging_mixin.py:188} INFO - [2024-07-26T12:52:48.064+0000] {dag.py:3036} INFO - Sync 1 DAGs
[2024-07-26T12:52:48.079+0000] {logging_mixin.py:188} INFO - [2024-07-26T12:52:48.078+0000] {dag.py:3823} INFO - Setting next_dagrun for example_params_trigger_ui to None, run_after=None
[2024-07-26T12:52:48.102+0000] {processor.py:183} INFO - Processing /home/airflow/.local/lib/python3.8/site-packages/airflow/example_dags/example_params_trigger_ui.py took 0.134 seconds
[2024-07-26T12:53:18.635+0000] {processor.py:161} INFO - Started process (PID=536) to work on /home/airflow/.local/lib/python3.8/site-packages/airflow/example_dags/example_params_trigger_ui.py
[2024-07-26T12:53:18.637+0000] {processor.py:830} INFO - Processing file /home/airflow/.local/lib/python3.8/site-packages/airflow/example_dags/example_params_trigger_ui.py for tasks to queue
[2024-07-26T12:53:18.639+0000] {logging_mixin.py:188} INFO - [2024-07-26T12:53:18.639+0000] {dagbag.py:538} INFO - Filling up the DagBag from /home/airflow/.local/lib/python3.8/site-packages/airflow/example_dags/example_params_trigger_ui.py
[2024-07-26T12:53:18.657+0000] {processor.py:840} INFO - DAG(s) 'example_params_trigger_ui' retrieved from /home/airflow/.local/lib/python3.8/site-packages/airflow/example_dags/example_params_trigger_ui.py
[2024-07-26T12:53:18.724+0000] {logging_mixin.py:188} INFO - [2024-07-26T12:53:18.723+0000] {dag.py:3036} INFO - Sync 1 DAGs
[2024-07-26T12:53:18.737+0000] {logging_mixin.py:188} INFO - [2024-07-26T12:53:18.737+0000] {dag.py:3823} INFO - Setting next_dagrun for example_params_trigger_ui to None, run_after=None
[2024-07-26T12:53:18.758+0000] {processor.py:183} INFO - Processing /home/airflow/.local/lib/python3.8/site-packages/airflow/example_dags/example_params_trigger_ui.py took 0.125 seconds
[2024-07-26T12:53:48.854+0000] {processor.py:161} INFO - Started process (PID=599) to work on /home/airflow/.local/lib/python3.8/site-packages/airflow/example_dags/example_params_trigger_ui.py
[2024-07-26T12:53:48.855+0000] {processor.py:830} INFO - Processing file /home/airflow/.local/lib/python3.8/site-packages/airflow/example_dags/example_params_trigger_ui.py for tasks to queue
[2024-07-26T12:53:48.857+0000] {logging_mixin.py:188} INFO - [2024-07-26T12:53:48.857+0000] {dagbag.py:538} INFO - Filling up the DagBag from /home/airflow/.local/lib/python3.8/site-packages/airflow/example_dags/example_params_trigger_ui.py
[2024-07-26T12:53:48.872+0000] {processor.py:840} INFO - DAG(s) 'example_params_trigger_ui' retrieved from /home/airflow/.local/lib/python3.8/site-packages/airflow/example_dags/example_params_trigger_ui.py
[2024-07-26T12:53:48.935+0000] {logging_mixin.py:188} INFO - [2024-07-26T12:53:48.934+0000] {dag.py:3036} INFO - Sync 1 DAGs
[2024-07-26T12:53:48.947+0000] {logging_mixin.py:188} INFO - [2024-07-26T12:53:48.947+0000] {dag.py:3823} INFO - Setting next_dagrun for example_params_trigger_ui to None, run_after=None
[2024-07-26T12:53:48.967+0000] {processor.py:183} INFO - Processing /home/airflow/.local/lib/python3.8/site-packages/airflow/example_dags/example_params_trigger_ui.py took 0.115 seconds
[2024-07-26T12:54:19.093+0000] {processor.py:161} INFO - Started process (PID=663) to work on /home/airflow/.local/lib/python3.8/site-packages/airflow/example_dags/example_params_trigger_ui.py
[2024-07-26T12:54:19.095+0000] {processor.py:830} INFO - Processing file /home/airflow/.local/lib/python3.8/site-packages/airflow/example_dags/example_params_trigger_ui.py for tasks to queue
[2024-07-26T12:54:19.097+0000] {logging_mixin.py:188} INFO - [2024-07-26T12:54:19.097+0000] {dagbag.py:538} INFO - Filling up the DagBag from /home/airflow/.local/lib/python3.8/site-packages/airflow/example_dags/example_params_trigger_ui.py
[2024-07-26T12:54:19.118+0000] {processor.py:840} INFO - DAG(s) 'example_params_trigger_ui' retrieved from /home/airflow/.local/lib/python3.8/site-packages/airflow/example_dags/example_params_trigger_ui.py
[2024-07-26T12:54:19.185+0000] {logging_mixin.py:188} INFO - [2024-07-26T12:54:19.185+0000] {dag.py:3036} INFO - Sync 1 DAGs
[2024-07-26T12:54:19.199+0000] {logging_mixin.py:188} INFO - [2024-07-26T12:54:19.199+0000] {dag.py:3823} INFO - Setting next_dagrun for example_params_trigger_ui to None, run_after=None
[2024-07-26T12:54:19.218+0000] {processor.py:183} INFO - Processing /home/airflow/.local/lib/python3.8/site-packages/airflow/example_dags/example_params_trigger_ui.py took 0.129 seconds
[2024-07-26T12:54:49.315+0000] {processor.py:161} INFO - Started process (PID=726) to work on /home/airflow/.local/lib/python3.8/site-packages/airflow/example_dags/example_params_trigger_ui.py
[2024-07-26T12:54:49.316+0000] {processor.py:830} INFO - Processing file /home/airflow/.local/lib/python3.8/site-packages/airflow/example_dags/example_params_trigger_ui.py for tasks to queue
[2024-07-26T12:54:49.319+0000] {logging_mixin.py:188} INFO - [2024-07-26T12:54:49.319+0000] {dagbag.py:538} INFO - Filling up the DagBag from /home/airflow/.local/lib/python3.8/site-packages/airflow/example_dags/example_params_trigger_ui.py
[2024-07-26T12:54:49.335+0000] {processor.py:840} INFO - DAG(s) 'example_params_trigger_ui' retrieved from /home/airflow/.local/lib/python3.8/site-packages/airflow/example_dags/example_params_trigger_ui.py
[2024-07-26T12:54:49.408+0000] {logging_mixin.py:188} INFO - [2024-07-26T12:54:49.407+0000] {dag.py:3036} INFO - Sync 1 DAGs
[2024-07-26T12:54:49.427+0000] {logging_mixin.py:188} INFO - [2024-07-26T12:54:49.427+0000] {dag.py:3823} INFO - Setting next_dagrun for example_params_trigger_ui to None, run_after=None
[2024-07-26T12:54:49.465+0000] {processor.py:183} INFO - Processing /home/airflow/.local/lib/python3.8/site-packages/airflow/example_dags/example_params_trigger_ui.py took 0.153 seconds
[2024-07-26T12:55:19.589+0000] {processor.py:161} INFO - Started process (PID=790) to work on /home/airflow/.local/lib/python3.8/site-packages/airflow/example_dags/example_params_trigger_ui.py
[2024-07-26T12:55:19.590+0000] {processor.py:830} INFO - Processing file /home/airflow/.local/lib/python3.8/site-packages/airflow/example_dags/example_params_trigger_ui.py for tasks to queue
[2024-07-26T12:55:19.593+0000] {logging_mixin.py:188} INFO - [2024-07-26T12:55:19.592+0000] {dagbag.py:538} INFO - Filling up the DagBag from /home/airflow/.local/lib/python3.8/site-packages/airflow/example_dags/example_params_trigger_ui.py
[2024-07-26T12:55:19.607+0000] {processor.py:840} INFO - DAG(s) 'example_params_trigger_ui' retrieved from /home/airflow/.local/lib/python3.8/site-packages/airflow/example_dags/example_params_trigger_ui.py
[2024-07-26T12:55:19.675+0000] {logging_mixin.py:188} INFO - [2024-07-26T12:55:19.675+0000] {dag.py:3036} INFO - Sync 1 DAGs
[2024-07-26T12:55:19.691+0000] {logging_mixin.py:188} INFO - [2024-07-26T12:55:19.690+0000] {dag.py:3823} INFO - Setting next_dagrun for example_params_trigger_ui to None, run_after=None
[2024-07-26T12:55:19.714+0000] {processor.py:183} INFO - Processing /home/airflow/.local/lib/python3.8/site-packages/airflow/example_dags/example_params_trigger_ui.py took 0.128 seconds
[2024-07-26T12:55:49.847+0000] {processor.py:161} INFO - Started process (PID=853) to work on /home/airflow/.local/lib/python3.8/site-packages/airflow/example_dags/example_params_trigger_ui.py
[2024-07-26T12:55:49.848+0000] {processor.py:830} INFO - Processing file /home/airflow/.local/lib/python3.8/site-packages/airflow/example_dags/example_params_trigger_ui.py for tasks to queue
[2024-07-26T12:55:49.851+0000] {logging_mixin.py:188} INFO - [2024-07-26T12:55:49.850+0000] {dagbag.py:538} INFO - Filling up the DagBag from /home/airflow/.local/lib/python3.8/site-packages/airflow/example_dags/example_params_trigger_ui.py
[2024-07-26T12:55:49.869+0000] {processor.py:840} INFO - DAG(s) 'example_params_trigger_ui' retrieved from /home/airflow/.local/lib/python3.8/site-packages/airflow/example_dags/example_params_trigger_ui.py
[2024-07-26T12:55:49.954+0000] {logging_mixin.py:188} INFO - [2024-07-26T12:55:49.953+0000] {dag.py:3036} INFO - Sync 1 DAGs
[2024-07-26T12:55:49.974+0000] {logging_mixin.py:188} INFO - [2024-07-26T12:55:49.974+0000] {dag.py:3823} INFO - Setting next_dagrun for example_params_trigger_ui to None, run_after=None
[2024-07-26T12:55:50.000+0000] {processor.py:183} INFO - Processing /home/airflow/.local/lib/python3.8/site-packages/airflow/example_dags/example_params_trigger_ui.py took 0.156 seconds
[2024-07-26T12:56:20.650+0000] {processor.py:161} INFO - Started process (PID=916) to work on /home/airflow/.local/lib/python3.8/site-packages/airflow/example_dags/example_params_trigger_ui.py
[2024-07-26T12:56:20.651+0000] {processor.py:830} INFO - Processing file /home/airflow/.local/lib/python3.8/site-packages/airflow/example_dags/example_params_trigger_ui.py for tasks to queue
[2024-07-26T12:56:20.653+0000] {logging_mixin.py:188} INFO - [2024-07-26T12:56:20.653+0000] {dagbag.py:538} INFO - Filling up the DagBag from /home/airflow/.local/lib/python3.8/site-packages/airflow/example_dags/example_params_trigger_ui.py
[2024-07-26T12:56:20.670+0000] {processor.py:840} INFO - DAG(s) 'example_params_trigger_ui' retrieved from /home/airflow/.local/lib/python3.8/site-packages/airflow/example_dags/example_params_trigger_ui.py
[2024-07-26T12:56:20.745+0000] {logging_mixin.py:188} INFO - [2024-07-26T12:56:20.745+0000] {dag.py:3036} INFO - Sync 1 DAGs
[2024-07-26T12:56:20.763+0000] {logging_mixin.py:188} INFO - [2024-07-26T12:56:20.763+0000] {dag.py:3823} INFO - Setting next_dagrun for example_params_trigger_ui to None, run_after=None
[2024-07-26T12:56:20.791+0000] {processor.py:183} INFO - Processing /home/airflow/.local/lib/python3.8/site-packages/airflow/example_dags/example_params_trigger_ui.py took 0.145 seconds
[2024-07-26T12:56:50.874+0000] {processor.py:161} INFO - Started process (PID=980) to work on /home/airflow/.local/lib/python3.8/site-packages/airflow/example_dags/example_params_trigger_ui.py
[2024-07-26T12:56:50.875+0000] {processor.py:830} INFO - Processing file /home/airflow/.local/lib/python3.8/site-packages/airflow/example_dags/example_params_trigger_ui.py for tasks to queue
[2024-07-26T12:56:50.876+0000] {logging_mixin.py:188} INFO - [2024-07-26T12:56:50.876+0000] {dagbag.py:538} INFO - Filling up the DagBag from /home/airflow/.local/lib/python3.8/site-packages/airflow/example_dags/example_params_trigger_ui.py
[2024-07-26T12:56:50.894+0000] {processor.py:840} INFO - DAG(s) 'example_params_trigger_ui' retrieved from /home/airflow/.local/lib/python3.8/site-packages/airflow/example_dags/example_params_trigger_ui.py
[2024-07-26T12:56:50.964+0000] {logging_mixin.py:188} INFO - [2024-07-26T12:56:50.963+0000] {dag.py:3036} INFO - Sync 1 DAGs
[2024-07-26T12:56:50.980+0000] {logging_mixin.py:188} INFO - [2024-07-26T12:56:50.980+0000] {dag.py:3823} INFO - Setting next_dagrun for example_params_trigger_ui to None, run_after=None
[2024-07-26T12:56:51.001+0000] {processor.py:183} INFO - Processing /home/airflow/.local/lib/python3.8/site-packages/airflow/example_dags/example_params_trigger_ui.py took 0.131 seconds
[2024-07-26T12:57:21.305+0000] {processor.py:161} INFO - Started process (PID=1044) to work on /home/airflow/.local/lib/python3.8/site-packages/airflow/example_dags/example_params_trigger_ui.py
[2024-07-26T12:57:21.306+0000] {processor.py:830} INFO - Processing file /home/airflow/.local/lib/python3.8/site-packages/airflow/example_dags/example_params_trigger_ui.py for tasks to queue
[2024-07-26T12:57:21.308+0000] {logging_mixin.py:188} INFO - [2024-07-26T12:57:21.308+0000] {dagbag.py:538} INFO - Filling up the DagBag from /home/airflow/.local/lib/python3.8/site-packages/airflow/example_dags/example_params_trigger_ui.py
[2024-07-26T12:57:21.327+0000] {processor.py:840} INFO - DAG(s) 'example_params_trigger_ui' retrieved from /home/airflow/.local/lib/python3.8/site-packages/airflow/example_dags/example_params_trigger_ui.py
[2024-07-26T12:57:21.408+0000] {logging_mixin.py:188} INFO - [2024-07-26T12:57:21.408+0000] {dag.py:3036} INFO - Sync 1 DAGs
[2024-07-26T12:57:21.431+0000] {logging_mixin.py:188} INFO - [2024-07-26T12:57:21.431+0000] {dag.py:3823} INFO - Setting next_dagrun for example_params_trigger_ui to None, run_after=None
[2024-07-26T12:57:21.459+0000] {processor.py:183} INFO - Processing /home/airflow/.local/lib/python3.8/site-packages/airflow/example_dags/example_params_trigger_ui.py took 0.157 seconds
[2024-07-26T12:57:51.837+0000] {processor.py:161} INFO - Started process (PID=1108) to work on /home/airflow/.local/lib/python3.8/site-packages/airflow/example_dags/example_params_trigger_ui.py
[2024-07-26T12:57:51.838+0000] {processor.py:830} INFO - Processing file /home/airflow/.local/lib/python3.8/site-packages/airflow/example_dags/example_params_trigger_ui.py for tasks to queue
[2024-07-26T12:57:51.841+0000] {logging_mixin.py:188} INFO - [2024-07-26T12:57:51.840+0000] {dagbag.py:538} INFO - Filling up the DagBag from /home/airflow/.local/lib/python3.8/site-packages/airflow/example_dags/example_params_trigger_ui.py
[2024-07-26T12:57:51.855+0000] {processor.py:840} INFO - DAG(s) 'example_params_trigger_ui' retrieved from /home/airflow/.local/lib/python3.8/site-packages/airflow/example_dags/example_params_trigger_ui.py
[2024-07-26T12:57:51.925+0000] {logging_mixin.py:188} INFO - [2024-07-26T12:57:51.924+0000] {dag.py:3036} INFO - Sync 1 DAGs
[2024-07-26T12:57:51.939+0000] {logging_mixin.py:188} INFO - [2024-07-26T12:57:51.939+0000] {dag.py:3823} INFO - Setting next_dagrun for example_params_trigger_ui to None, run_after=None
[2024-07-26T12:57:51.961+0000] {processor.py:183} INFO - Processing /home/airflow/.local/lib/python3.8/site-packages/airflow/example_dags/example_params_trigger_ui.py took 0.127 seconds
[2024-07-26T12:58:22.323+0000] {processor.py:161} INFO - Started process (PID=1172) to work on /home/airflow/.local/lib/python3.8/site-packages/airflow/example_dags/example_params_trigger_ui.py
[2024-07-26T12:58:22.324+0000] {processor.py:830} INFO - Processing file /home/airflow/.local/lib/python3.8/site-packages/airflow/example_dags/example_params_trigger_ui.py for tasks to queue
[2024-07-26T12:58:22.326+0000] {logging_mixin.py:188} INFO - [2024-07-26T12:58:22.326+0000] {dagbag.py:538} INFO - Filling up the DagBag from /home/airflow/.local/lib/python3.8/site-packages/airflow/example_dags/example_params_trigger_ui.py
[2024-07-26T12:58:22.342+0000] {processor.py:840} INFO - DAG(s) 'example_params_trigger_ui' retrieved from /home/airflow/.local/lib/python3.8/site-packages/airflow/example_dags/example_params_trigger_ui.py
[2024-07-26T12:58:22.427+0000] {logging_mixin.py:188} INFO - [2024-07-26T12:58:22.426+0000] {dag.py:3036} INFO - Sync 1 DAGs
[2024-07-26T12:58:22.469+0000] {logging_mixin.py:188} INFO - [2024-07-26T12:58:22.469+0000] {dag.py:3823} INFO - Setting next_dagrun for example_params_trigger_ui to None, run_after=None
[2024-07-26T12:58:22.532+0000] {processor.py:183} INFO - Processing /home/airflow/.local/lib/python3.8/site-packages/airflow/example_dags/example_params_trigger_ui.py took 0.211 seconds
[2024-07-26T12:58:52.624+0000] {processor.py:161} INFO - Started process (PID=1236) to work on /home/airflow/.local/lib/python3.8/site-packages/airflow/example_dags/example_params_trigger_ui.py
[2024-07-26T12:58:52.625+0000] {processor.py:830} INFO - Processing file /home/airflow/.local/lib/python3.8/site-packages/airflow/example_dags/example_params_trigger_ui.py for tasks to queue
[2024-07-26T12:58:52.627+0000] {logging_mixin.py:188} INFO - [2024-07-26T12:58:52.627+0000] {dagbag.py:538} INFO - Filling up the DagBag from /home/airflow/.local/lib/python3.8/site-packages/airflow/example_dags/example_params_trigger_ui.py
[2024-07-26T12:58:52.644+0000] {processor.py:840} INFO - DAG(s) 'example_params_trigger_ui' retrieved from /home/airflow/.local/lib/python3.8/site-packages/airflow/example_dags/example_params_trigger_ui.py
[2024-07-26T12:58:52.725+0000] {logging_mixin.py:188} INFO - [2024-07-26T12:58:52.724+0000] {dag.py:3036} INFO - Sync 1 DAGs
[2024-07-26T12:58:52.740+0000] {logging_mixin.py:188} INFO - [2024-07-26T12:58:52.739+0000] {dag.py:3823} INFO - Setting next_dagrun for example_params_trigger_ui to None, run_after=None
[2024-07-26T12:58:52.762+0000] {processor.py:183} INFO - Processing /home/airflow/.local/lib/python3.8/site-packages/airflow/example_dags/example_params_trigger_ui.py took 0.142 seconds
