[2024-07-26T12:15:31.183+0000] {processor.py:161} INFO - Started process (PID=135) to work on /home/airflow/.local/lib/python3.8/site-packages/airflow/example_dags/example_branch_python_dop_operator_3.py
[2024-07-26T12:15:31.185+0000] {processor.py:830} INFO - Processing file /home/airflow/.local/lib/python3.8/site-packages/airflow/example_dags/example_branch_python_dop_operator_3.py for tasks to queue
[2024-07-26T12:15:31.187+0000] {logging_mixin.py:188} INFO - [2024-07-26T12:15:31.187+0000] {dagbag.py:538} INFO - Filling up the DagBag from /home/airflow/.local/lib/python3.8/site-packages/airflow/example_dags/example_branch_python_dop_operator_3.py
[2024-07-26T12:15:31.198+0000] {processor.py:840} INFO - DAG(s) 'example_branch_dop_operator_v3' retrieved from /home/airflow/.local/lib/python3.8/site-packages/airflow/example_dags/example_branch_python_dop_operator_3.py
[2024-07-26T12:15:31.333+0000] {logging_mixin.py:188} INFO - [2024-07-26T12:15:31.333+0000] {dag.py:3036} INFO - Sync 1 DAGs
[2024-07-26T12:15:31.364+0000] {logging_mixin.py:188} INFO - [2024-07-26T12:15:31.363+0000] {dag.py:3823} INFO - Setting next_dagrun for example_branch_dop_operator_v3 to 2024-07-26 12:14:00+00:00, run_after=2024-07-26 12:15:00+00:00
[2024-07-26T12:15:31.389+0000] {processor.py:183} INFO - Processing /home/airflow/.local/lib/python3.8/site-packages/airflow/example_dags/example_branch_python_dop_operator_3.py took 0.210 seconds
[2024-07-26T12:16:01.529+0000] {processor.py:161} INFO - Started process (PID=200) to work on /home/airflow/.local/lib/python3.8/site-packages/airflow/example_dags/example_branch_python_dop_operator_3.py
[2024-07-26T12:16:01.530+0000] {processor.py:830} INFO - Processing file /home/airflow/.local/lib/python3.8/site-packages/airflow/example_dags/example_branch_python_dop_operator_3.py for tasks to queue
[2024-07-26T12:16:01.532+0000] {logging_mixin.py:188} INFO - [2024-07-26T12:16:01.532+0000] {dagbag.py:538} INFO - Filling up the DagBag from /home/airflow/.local/lib/python3.8/site-packages/airflow/example_dags/example_branch_python_dop_operator_3.py
[2024-07-26T12:16:01.543+0000] {processor.py:840} INFO - DAG(s) 'example_branch_dop_operator_v3' retrieved from /home/airflow/.local/lib/python3.8/site-packages/airflow/example_dags/example_branch_python_dop_operator_3.py
[2024-07-26T12:16:01.572+0000] {logging_mixin.py:188} INFO - [2024-07-26T12:16:01.571+0000] {dag.py:3036} INFO - Sync 1 DAGs
[2024-07-26T12:16:01.615+0000] {logging_mixin.py:188} INFO - [2024-07-26T12:16:01.615+0000] {dag.py:3823} INFO - Setting next_dagrun for example_branch_dop_operator_v3 to 2024-07-26 12:15:00+00:00, run_after=2024-07-26 12:16:00+00:00
[2024-07-26T12:16:01.643+0000] {processor.py:183} INFO - Processing /home/airflow/.local/lib/python3.8/site-packages/airflow/example_dags/example_branch_python_dop_operator_3.py took 0.117 seconds
[2024-07-26T12:16:31.738+0000] {processor.py:161} INFO - Started process (PID=264) to work on /home/airflow/.local/lib/python3.8/site-packages/airflow/example_dags/example_branch_python_dop_operator_3.py
[2024-07-26T12:16:31.739+0000] {processor.py:830} INFO - Processing file /home/airflow/.local/lib/python3.8/site-packages/airflow/example_dags/example_branch_python_dop_operator_3.py for tasks to queue
[2024-07-26T12:16:31.741+0000] {logging_mixin.py:188} INFO - [2024-07-26T12:16:31.741+0000] {dagbag.py:538} INFO - Filling up the DagBag from /home/airflow/.local/lib/python3.8/site-packages/airflow/example_dags/example_branch_python_dop_operator_3.py
[2024-07-26T12:16:31.753+0000] {processor.py:840} INFO - DAG(s) 'example_branch_dop_operator_v3' retrieved from /home/airflow/.local/lib/python3.8/site-packages/airflow/example_dags/example_branch_python_dop_operator_3.py
[2024-07-26T12:16:31.773+0000] {logging_mixin.py:188} INFO - [2024-07-26T12:16:31.773+0000] {dag.py:3036} INFO - Sync 1 DAGs
[2024-07-26T12:16:31.803+0000] {logging_mixin.py:188} INFO - [2024-07-26T12:16:31.803+0000] {dag.py:3823} INFO - Setting next_dagrun for example_branch_dop_operator_v3 to 2024-07-26 12:15:00+00:00, run_after=2024-07-26 12:16:00+00:00
[2024-07-26T12:16:31.827+0000] {processor.py:183} INFO - Processing /home/airflow/.local/lib/python3.8/site-packages/airflow/example_dags/example_branch_python_dop_operator_3.py took 0.092 seconds
[2024-07-26T12:17:02.567+0000] {processor.py:161} INFO - Started process (PID=328) to work on /home/airflow/.local/lib/python3.8/site-packages/airflow/example_dags/example_branch_python_dop_operator_3.py
[2024-07-26T12:17:02.568+0000] {processor.py:830} INFO - Processing file /home/airflow/.local/lib/python3.8/site-packages/airflow/example_dags/example_branch_python_dop_operator_3.py for tasks to queue
[2024-07-26T12:17:02.570+0000] {logging_mixin.py:188} INFO - [2024-07-26T12:17:02.570+0000] {dagbag.py:538} INFO - Filling up the DagBag from /home/airflow/.local/lib/python3.8/site-packages/airflow/example_dags/example_branch_python_dop_operator_3.py
[2024-07-26T12:17:02.580+0000] {processor.py:840} INFO - DAG(s) 'example_branch_dop_operator_v3' retrieved from /home/airflow/.local/lib/python3.8/site-packages/airflow/example_dags/example_branch_python_dop_operator_3.py
[2024-07-26T12:17:02.609+0000] {logging_mixin.py:188} INFO - [2024-07-26T12:17:02.609+0000] {dag.py:3036} INFO - Sync 1 DAGs
[2024-07-26T12:17:02.639+0000] {logging_mixin.py:188} INFO - [2024-07-26T12:17:02.639+0000] {dag.py:3823} INFO - Setting next_dagrun for example_branch_dop_operator_v3 to 2024-07-26 12:16:00+00:00, run_after=2024-07-26 12:17:00+00:00
[2024-07-26T12:17:02.660+0000] {processor.py:183} INFO - Processing /home/airflow/.local/lib/python3.8/site-packages/airflow/example_dags/example_branch_python_dop_operator_3.py took 0.097 seconds
[2024-07-26T12:17:32.927+0000] {processor.py:161} INFO - Started process (PID=391) to work on /home/airflow/.local/lib/python3.8/site-packages/airflow/example_dags/example_branch_python_dop_operator_3.py
[2024-07-26T12:17:32.928+0000] {processor.py:830} INFO - Processing file /home/airflow/.local/lib/python3.8/site-packages/airflow/example_dags/example_branch_python_dop_operator_3.py for tasks to queue
[2024-07-26T12:17:32.931+0000] {logging_mixin.py:188} INFO - [2024-07-26T12:17:32.930+0000] {dagbag.py:538} INFO - Filling up the DagBag from /home/airflow/.local/lib/python3.8/site-packages/airflow/example_dags/example_branch_python_dop_operator_3.py
[2024-07-26T12:17:32.943+0000] {processor.py:840} INFO - DAG(s) 'example_branch_dop_operator_v3' retrieved from /home/airflow/.local/lib/python3.8/site-packages/airflow/example_dags/example_branch_python_dop_operator_3.py
[2024-07-26T12:17:32.966+0000] {logging_mixin.py:188} INFO - [2024-07-26T12:17:32.966+0000] {dag.py:3036} INFO - Sync 1 DAGs
[2024-07-26T12:17:32.999+0000] {logging_mixin.py:188} INFO - [2024-07-26T12:17:32.999+0000] {dag.py:3823} INFO - Setting next_dagrun for example_branch_dop_operator_v3 to 2024-07-26 12:16:00+00:00, run_after=2024-07-26 12:17:00+00:00
[2024-07-26T12:17:33.025+0000] {processor.py:183} INFO - Processing /home/airflow/.local/lib/python3.8/site-packages/airflow/example_dags/example_branch_python_dop_operator_3.py took 0.103 seconds
[2024-07-26T12:18:04.019+0000] {processor.py:161} INFO - Started process (PID=455) to work on /home/airflow/.local/lib/python3.8/site-packages/airflow/example_dags/example_branch_python_dop_operator_3.py
[2024-07-26T12:18:04.020+0000] {processor.py:830} INFO - Processing file /home/airflow/.local/lib/python3.8/site-packages/airflow/example_dags/example_branch_python_dop_operator_3.py for tasks to queue
[2024-07-26T12:18:04.022+0000] {logging_mixin.py:188} INFO - [2024-07-26T12:18:04.021+0000] {dagbag.py:538} INFO - Filling up the DagBag from /home/airflow/.local/lib/python3.8/site-packages/airflow/example_dags/example_branch_python_dop_operator_3.py
[2024-07-26T12:18:04.031+0000] {processor.py:840} INFO - DAG(s) 'example_branch_dop_operator_v3' retrieved from /home/airflow/.local/lib/python3.8/site-packages/airflow/example_dags/example_branch_python_dop_operator_3.py
[2024-07-26T12:18:04.054+0000] {logging_mixin.py:188} INFO - [2024-07-26T12:18:04.054+0000] {dag.py:3036} INFO - Sync 1 DAGs
[2024-07-26T12:18:04.088+0000] {logging_mixin.py:188} INFO - [2024-07-26T12:18:04.088+0000] {dag.py:3823} INFO - Setting next_dagrun for example_branch_dop_operator_v3 to 2024-07-26 12:17:00+00:00, run_after=2024-07-26 12:18:00+00:00
[2024-07-26T12:18:04.112+0000] {processor.py:183} INFO - Processing /home/airflow/.local/lib/python3.8/site-packages/airflow/example_dags/example_branch_python_dop_operator_3.py took 0.096 seconds
[2024-07-26T12:18:35.238+0000] {processor.py:161} INFO - Started process (PID=519) to work on /home/airflow/.local/lib/python3.8/site-packages/airflow/example_dags/example_branch_python_dop_operator_3.py
[2024-07-26T12:18:35.239+0000] {processor.py:830} INFO - Processing file /home/airflow/.local/lib/python3.8/site-packages/airflow/example_dags/example_branch_python_dop_operator_3.py for tasks to queue
[2024-07-26T12:18:35.241+0000] {logging_mixin.py:188} INFO - [2024-07-26T12:18:35.241+0000] {dagbag.py:538} INFO - Filling up the DagBag from /home/airflow/.local/lib/python3.8/site-packages/airflow/example_dags/example_branch_python_dop_operator_3.py
[2024-07-26T12:18:35.253+0000] {processor.py:840} INFO - DAG(s) 'example_branch_dop_operator_v3' retrieved from /home/airflow/.local/lib/python3.8/site-packages/airflow/example_dags/example_branch_python_dop_operator_3.py
[2024-07-26T12:18:35.276+0000] {logging_mixin.py:188} INFO - [2024-07-26T12:18:35.276+0000] {dag.py:3036} INFO - Sync 1 DAGs
[2024-07-26T12:18:35.313+0000] {logging_mixin.py:188} INFO - [2024-07-26T12:18:35.312+0000] {dag.py:3823} INFO - Setting next_dagrun for example_branch_dop_operator_v3 to 2024-07-26 12:17:00+00:00, run_after=2024-07-26 12:18:00+00:00
[2024-07-26T12:18:35.336+0000] {processor.py:183} INFO - Processing /home/airflow/.local/lib/python3.8/site-packages/airflow/example_dags/example_branch_python_dop_operator_3.py took 0.102 seconds
[2024-07-26T12:19:06.064+0000] {processor.py:161} INFO - Started process (PID=583) to work on /home/airflow/.local/lib/python3.8/site-packages/airflow/example_dags/example_branch_python_dop_operator_3.py
[2024-07-26T12:19:06.065+0000] {processor.py:830} INFO - Processing file /home/airflow/.local/lib/python3.8/site-packages/airflow/example_dags/example_branch_python_dop_operator_3.py for tasks to queue
[2024-07-26T12:19:06.067+0000] {logging_mixin.py:188} INFO - [2024-07-26T12:19:06.067+0000] {dagbag.py:538} INFO - Filling up the DagBag from /home/airflow/.local/lib/python3.8/site-packages/airflow/example_dags/example_branch_python_dop_operator_3.py
[2024-07-26T12:19:06.079+0000] {processor.py:840} INFO - DAG(s) 'example_branch_dop_operator_v3' retrieved from /home/airflow/.local/lib/python3.8/site-packages/airflow/example_dags/example_branch_python_dop_operator_3.py
[2024-07-26T12:19:06.103+0000] {logging_mixin.py:188} INFO - [2024-07-26T12:19:06.102+0000] {dag.py:3036} INFO - Sync 1 DAGs
[2024-07-26T12:19:06.141+0000] {logging_mixin.py:188} INFO - [2024-07-26T12:19:06.140+0000] {dag.py:3823} INFO - Setting next_dagrun for example_branch_dop_operator_v3 to 2024-07-26 12:18:00+00:00, run_after=2024-07-26 12:19:00+00:00
[2024-07-26T12:19:06.163+0000] {processor.py:183} INFO - Processing /home/airflow/.local/lib/python3.8/site-packages/airflow/example_dags/example_branch_python_dop_operator_3.py took 0.102 seconds
[2024-07-26T12:19:36.432+0000] {processor.py:161} INFO - Started process (PID=639) to work on /home/airflow/.local/lib/python3.8/site-packages/airflow/example_dags/example_branch_python_dop_operator_3.py
[2024-07-26T12:19:36.433+0000] {processor.py:830} INFO - Processing file /home/airflow/.local/lib/python3.8/site-packages/airflow/example_dags/example_branch_python_dop_operator_3.py for tasks to queue
[2024-07-26T12:19:36.434+0000] {logging_mixin.py:188} INFO - [2024-07-26T12:19:36.434+0000] {dagbag.py:538} INFO - Filling up the DagBag from /home/airflow/.local/lib/python3.8/site-packages/airflow/example_dags/example_branch_python_dop_operator_3.py
[2024-07-26T12:19:36.449+0000] {processor.py:840} INFO - DAG(s) 'example_branch_dop_operator_v3' retrieved from /home/airflow/.local/lib/python3.8/site-packages/airflow/example_dags/example_branch_python_dop_operator_3.py
[2024-07-26T12:19:36.475+0000] {logging_mixin.py:188} INFO - [2024-07-26T12:19:36.475+0000] {dag.py:3036} INFO - Sync 1 DAGs
[2024-07-26T12:19:36.515+0000] {logging_mixin.py:188} INFO - [2024-07-26T12:19:36.515+0000] {dag.py:3823} INFO - Setting next_dagrun for example_branch_dop_operator_v3 to 2024-07-26 12:18:00+00:00, run_after=2024-07-26 12:19:00+00:00
[2024-07-26T12:19:36.541+0000] {processor.py:183} INFO - Processing /home/airflow/.local/lib/python3.8/site-packages/airflow/example_dags/example_branch_python_dop_operator_3.py took 0.114 seconds
[2024-07-26T12:28:21.544+0000] {processor.py:161} INFO - Started process (PID=137) to work on /home/airflow/.local/lib/python3.8/site-packages/airflow/example_dags/example_branch_python_dop_operator_3.py
[2024-07-26T12:28:21.545+0000] {processor.py:830} INFO - Processing file /home/airflow/.local/lib/python3.8/site-packages/airflow/example_dags/example_branch_python_dop_operator_3.py for tasks to queue
[2024-07-26T12:28:21.547+0000] {logging_mixin.py:188} INFO - [2024-07-26T12:28:21.547+0000] {dagbag.py:538} INFO - Filling up the DagBag from /home/airflow/.local/lib/python3.8/site-packages/airflow/example_dags/example_branch_python_dop_operator_3.py
[2024-07-26T12:28:21.558+0000] {processor.py:840} INFO - DAG(s) 'example_branch_dop_operator_v3' retrieved from /home/airflow/.local/lib/python3.8/site-packages/airflow/example_dags/example_branch_python_dop_operator_3.py
[2024-07-26T12:28:21.694+0000] {logging_mixin.py:188} INFO - [2024-07-26T12:28:21.693+0000] {dag.py:3036} INFO - Sync 1 DAGs
[2024-07-26T12:28:21.721+0000] {logging_mixin.py:188} INFO - [2024-07-26T12:28:21.720+0000] {dag.py:3823} INFO - Setting next_dagrun for example_branch_dop_operator_v3 to 2024-07-26 12:27:00+00:00, run_after=2024-07-26 12:28:00+00:00
[2024-07-26T12:28:21.740+0000] {processor.py:183} INFO - Processing /home/airflow/.local/lib/python3.8/site-packages/airflow/example_dags/example_branch_python_dop_operator_3.py took 0.200 seconds
[2024-07-26T12:28:51.839+0000] {processor.py:161} INFO - Started process (PID=200) to work on /home/airflow/.local/lib/python3.8/site-packages/airflow/example_dags/example_branch_python_dop_operator_3.py
[2024-07-26T12:28:51.841+0000] {processor.py:830} INFO - Processing file /home/airflow/.local/lib/python3.8/site-packages/airflow/example_dags/example_branch_python_dop_operator_3.py for tasks to queue
[2024-07-26T12:28:51.843+0000] {logging_mixin.py:188} INFO - [2024-07-26T12:28:51.843+0000] {dagbag.py:538} INFO - Filling up the DagBag from /home/airflow/.local/lib/python3.8/site-packages/airflow/example_dags/example_branch_python_dop_operator_3.py
[2024-07-26T12:28:51.856+0000] {processor.py:840} INFO - DAG(s) 'example_branch_dop_operator_v3' retrieved from /home/airflow/.local/lib/python3.8/site-packages/airflow/example_dags/example_branch_python_dop_operator_3.py
[2024-07-26T12:28:51.879+0000] {logging_mixin.py:188} INFO - [2024-07-26T12:28:51.878+0000] {dag.py:3036} INFO - Sync 1 DAGs
[2024-07-26T12:28:51.916+0000] {logging_mixin.py:188} INFO - [2024-07-26T12:28:51.916+0000] {dag.py:3823} INFO - Setting next_dagrun for example_branch_dop_operator_v3 to 2024-07-26 12:27:00+00:00, run_after=2024-07-26 12:28:00+00:00
[2024-07-26T12:28:51.939+0000] {processor.py:183} INFO - Processing /home/airflow/.local/lib/python3.8/site-packages/airflow/example_dags/example_branch_python_dop_operator_3.py took 0.104 seconds
[2024-07-26T12:29:22.807+0000] {processor.py:161} INFO - Started process (PID=264) to work on /home/airflow/.local/lib/python3.8/site-packages/airflow/example_dags/example_branch_python_dop_operator_3.py
[2024-07-26T12:29:22.808+0000] {processor.py:830} INFO - Processing file /home/airflow/.local/lib/python3.8/site-packages/airflow/example_dags/example_branch_python_dop_operator_3.py for tasks to queue
[2024-07-26T12:29:22.811+0000] {logging_mixin.py:188} INFO - [2024-07-26T12:29:22.810+0000] {dagbag.py:538} INFO - Filling up the DagBag from /home/airflow/.local/lib/python3.8/site-packages/airflow/example_dags/example_branch_python_dop_operator_3.py
[2024-07-26T12:29:22.821+0000] {processor.py:840} INFO - DAG(s) 'example_branch_dop_operator_v3' retrieved from /home/airflow/.local/lib/python3.8/site-packages/airflow/example_dags/example_branch_python_dop_operator_3.py
[2024-07-26T12:29:22.843+0000] {logging_mixin.py:188} INFO - [2024-07-26T12:29:22.842+0000] {dag.py:3036} INFO - Sync 1 DAGs
[2024-07-26T12:29:22.875+0000] {logging_mixin.py:188} INFO - [2024-07-26T12:29:22.875+0000] {dag.py:3823} INFO - Setting next_dagrun for example_branch_dop_operator_v3 to 2024-07-26 12:28:00+00:00, run_after=2024-07-26 12:29:00+00:00
[2024-07-26T12:29:22.903+0000] {processor.py:183} INFO - Processing /home/airflow/.local/lib/python3.8/site-packages/airflow/example_dags/example_branch_python_dop_operator_3.py took 0.099 seconds
[2024-07-26T12:29:53.372+0000] {processor.py:161} INFO - Started process (PID=328) to work on /home/airflow/.local/lib/python3.8/site-packages/airflow/example_dags/example_branch_python_dop_operator_3.py
[2024-07-26T12:29:53.373+0000] {processor.py:830} INFO - Processing file /home/airflow/.local/lib/python3.8/site-packages/airflow/example_dags/example_branch_python_dop_operator_3.py for tasks to queue
[2024-07-26T12:29:53.375+0000] {logging_mixin.py:188} INFO - [2024-07-26T12:29:53.374+0000] {dagbag.py:538} INFO - Filling up the DagBag from /home/airflow/.local/lib/python3.8/site-packages/airflow/example_dags/example_branch_python_dop_operator_3.py
[2024-07-26T12:29:53.384+0000] {processor.py:840} INFO - DAG(s) 'example_branch_dop_operator_v3' retrieved from /home/airflow/.local/lib/python3.8/site-packages/airflow/example_dags/example_branch_python_dop_operator_3.py
[2024-07-26T12:29:53.405+0000] {logging_mixin.py:188} INFO - [2024-07-26T12:29:53.404+0000] {dag.py:3036} INFO - Sync 1 DAGs
[2024-07-26T12:29:53.436+0000] {logging_mixin.py:188} INFO - [2024-07-26T12:29:53.436+0000] {dag.py:3823} INFO - Setting next_dagrun for example_branch_dop_operator_v3 to 2024-07-26 12:28:00+00:00, run_after=2024-07-26 12:29:00+00:00
[2024-07-26T12:29:53.464+0000] {processor.py:183} INFO - Processing /home/airflow/.local/lib/python3.8/site-packages/airflow/example_dags/example_branch_python_dop_operator_3.py took 0.095 seconds
[2024-07-26T12:30:24.104+0000] {processor.py:161} INFO - Started process (PID=392) to work on /home/airflow/.local/lib/python3.8/site-packages/airflow/example_dags/example_branch_python_dop_operator_3.py
[2024-07-26T12:30:24.105+0000] {processor.py:830} INFO - Processing file /home/airflow/.local/lib/python3.8/site-packages/airflow/example_dags/example_branch_python_dop_operator_3.py for tasks to queue
[2024-07-26T12:30:24.107+0000] {logging_mixin.py:188} INFO - [2024-07-26T12:30:24.107+0000] {dagbag.py:538} INFO - Filling up the DagBag from /home/airflow/.local/lib/python3.8/site-packages/airflow/example_dags/example_branch_python_dop_operator_3.py
[2024-07-26T12:30:24.118+0000] {processor.py:840} INFO - DAG(s) 'example_branch_dop_operator_v3' retrieved from /home/airflow/.local/lib/python3.8/site-packages/airflow/example_dags/example_branch_python_dop_operator_3.py
[2024-07-26T12:30:24.141+0000] {logging_mixin.py:188} INFO - [2024-07-26T12:30:24.141+0000] {dag.py:3036} INFO - Sync 1 DAGs
[2024-07-26T12:30:24.180+0000] {logging_mixin.py:188} INFO - [2024-07-26T12:30:24.180+0000] {dag.py:3823} INFO - Setting next_dagrun for example_branch_dop_operator_v3 to 2024-07-26 12:29:00+00:00, run_after=2024-07-26 12:30:00+00:00
[2024-07-26T12:30:24.202+0000] {processor.py:183} INFO - Processing /home/airflow/.local/lib/python3.8/site-packages/airflow/example_dags/example_branch_python_dop_operator_3.py took 0.102 seconds
[2024-07-26T12:30:55.148+0000] {processor.py:161} INFO - Started process (PID=456) to work on /home/airflow/.local/lib/python3.8/site-packages/airflow/example_dags/example_branch_python_dop_operator_3.py
[2024-07-26T12:30:55.149+0000] {processor.py:830} INFO - Processing file /home/airflow/.local/lib/python3.8/site-packages/airflow/example_dags/example_branch_python_dop_operator_3.py for tasks to queue
[2024-07-26T12:30:55.151+0000] {logging_mixin.py:188} INFO - [2024-07-26T12:30:55.151+0000] {dagbag.py:538} INFO - Filling up the DagBag from /home/airflow/.local/lib/python3.8/site-packages/airflow/example_dags/example_branch_python_dop_operator_3.py
[2024-07-26T12:30:55.165+0000] {processor.py:840} INFO - DAG(s) 'example_branch_dop_operator_v3' retrieved from /home/airflow/.local/lib/python3.8/site-packages/airflow/example_dags/example_branch_python_dop_operator_3.py
[2024-07-26T12:30:55.185+0000] {logging_mixin.py:188} INFO - [2024-07-26T12:30:55.185+0000] {dag.py:3036} INFO - Sync 1 DAGs
[2024-07-26T12:30:55.217+0000] {logging_mixin.py:188} INFO - [2024-07-26T12:30:55.217+0000] {dag.py:3823} INFO - Setting next_dagrun for example_branch_dop_operator_v3 to 2024-07-26 12:29:00+00:00, run_after=2024-07-26 12:30:00+00:00
[2024-07-26T12:30:55.250+0000] {processor.py:183} INFO - Processing /home/airflow/.local/lib/python3.8/site-packages/airflow/example_dags/example_branch_python_dop_operator_3.py took 0.106 seconds
[2024-07-26T12:31:26.266+0000] {processor.py:161} INFO - Started process (PID=520) to work on /home/airflow/.local/lib/python3.8/site-packages/airflow/example_dags/example_branch_python_dop_operator_3.py
[2024-07-26T12:31:26.267+0000] {processor.py:830} INFO - Processing file /home/airflow/.local/lib/python3.8/site-packages/airflow/example_dags/example_branch_python_dop_operator_3.py for tasks to queue
[2024-07-26T12:31:26.270+0000] {logging_mixin.py:188} INFO - [2024-07-26T12:31:26.269+0000] {dagbag.py:538} INFO - Filling up the DagBag from /home/airflow/.local/lib/python3.8/site-packages/airflow/example_dags/example_branch_python_dop_operator_3.py
[2024-07-26T12:31:26.279+0000] {processor.py:840} INFO - DAG(s) 'example_branch_dop_operator_v3' retrieved from /home/airflow/.local/lib/python3.8/site-packages/airflow/example_dags/example_branch_python_dop_operator_3.py
[2024-07-26T12:31:26.304+0000] {logging_mixin.py:188} INFO - [2024-07-26T12:31:26.304+0000] {dag.py:3036} INFO - Sync 1 DAGs
[2024-07-26T12:31:26.334+0000] {logging_mixin.py:188} INFO - [2024-07-26T12:31:26.334+0000] {dag.py:3823} INFO - Setting next_dagrun for example_branch_dop_operator_v3 to 2024-07-26 12:30:00+00:00, run_after=2024-07-26 12:31:00+00:00
[2024-07-26T12:31:26.355+0000] {processor.py:183} INFO - Processing /home/airflow/.local/lib/python3.8/site-packages/airflow/example_dags/example_branch_python_dop_operator_3.py took 0.092 seconds
[2024-07-26T12:31:56.983+0000] {processor.py:161} INFO - Started process (PID=577) to work on /home/airflow/.local/lib/python3.8/site-packages/airflow/example_dags/example_branch_python_dop_operator_3.py
[2024-07-26T12:31:56.984+0000] {processor.py:830} INFO - Processing file /home/airflow/.local/lib/python3.8/site-packages/airflow/example_dags/example_branch_python_dop_operator_3.py for tasks to queue
[2024-07-26T12:31:56.986+0000] {logging_mixin.py:188} INFO - [2024-07-26T12:31:56.985+0000] {dagbag.py:538} INFO - Filling up the DagBag from /home/airflow/.local/lib/python3.8/site-packages/airflow/example_dags/example_branch_python_dop_operator_3.py
[2024-07-26T12:31:56.997+0000] {processor.py:840} INFO - DAG(s) 'example_branch_dop_operator_v3' retrieved from /home/airflow/.local/lib/python3.8/site-packages/airflow/example_dags/example_branch_python_dop_operator_3.py
[2024-07-26T12:31:57.020+0000] {logging_mixin.py:188} INFO - [2024-07-26T12:31:57.020+0000] {dag.py:3036} INFO - Sync 1 DAGs
[2024-07-26T12:31:57.051+0000] {logging_mixin.py:188} INFO - [2024-07-26T12:31:57.051+0000] {dag.py:3823} INFO - Setting next_dagrun for example_branch_dop_operator_v3 to 2024-07-26 12:30:00+00:00, run_after=2024-07-26 12:31:00+00:00
[2024-07-26T12:31:57.072+0000] {processor.py:183} INFO - Processing /home/airflow/.local/lib/python3.8/site-packages/airflow/example_dags/example_branch_python_dop_operator_3.py took 0.094 seconds
[2024-07-26T12:32:27.512+0000] {processor.py:161} INFO - Started process (PID=639) to work on /home/airflow/.local/lib/python3.8/site-packages/airflow/example_dags/example_branch_python_dop_operator_3.py
[2024-07-26T12:32:27.514+0000] {processor.py:830} INFO - Processing file /home/airflow/.local/lib/python3.8/site-packages/airflow/example_dags/example_branch_python_dop_operator_3.py for tasks to queue
[2024-07-26T12:32:27.516+0000] {logging_mixin.py:188} INFO - [2024-07-26T12:32:27.516+0000] {dagbag.py:538} INFO - Filling up the DagBag from /home/airflow/.local/lib/python3.8/site-packages/airflow/example_dags/example_branch_python_dop_operator_3.py
[2024-07-26T12:32:27.527+0000] {processor.py:840} INFO - DAG(s) 'example_branch_dop_operator_v3' retrieved from /home/airflow/.local/lib/python3.8/site-packages/airflow/example_dags/example_branch_python_dop_operator_3.py
[2024-07-26T12:32:27.559+0000] {logging_mixin.py:188} INFO - [2024-07-26T12:32:27.559+0000] {dag.py:3036} INFO - Sync 1 DAGs
[2024-07-26T12:32:27.611+0000] {logging_mixin.py:188} INFO - [2024-07-26T12:32:27.611+0000] {dag.py:3823} INFO - Setting next_dagrun for example_branch_dop_operator_v3 to 2024-07-26 12:31:00+00:00, run_after=2024-07-26 12:32:00+00:00
[2024-07-26T12:32:27.641+0000] {processor.py:183} INFO - Processing /home/airflow/.local/lib/python3.8/site-packages/airflow/example_dags/example_branch_python_dop_operator_3.py took 0.132 seconds
[2024-07-26T12:32:58.610+0000] {processor.py:161} INFO - Started process (PID=703) to work on /home/airflow/.local/lib/python3.8/site-packages/airflow/example_dags/example_branch_python_dop_operator_3.py
[2024-07-26T12:32:58.611+0000] {processor.py:830} INFO - Processing file /home/airflow/.local/lib/python3.8/site-packages/airflow/example_dags/example_branch_python_dop_operator_3.py for tasks to queue
[2024-07-26T12:32:58.613+0000] {logging_mixin.py:188} INFO - [2024-07-26T12:32:58.612+0000] {dagbag.py:538} INFO - Filling up the DagBag from /home/airflow/.local/lib/python3.8/site-packages/airflow/example_dags/example_branch_python_dop_operator_3.py
[2024-07-26T12:32:58.624+0000] {processor.py:840} INFO - DAG(s) 'example_branch_dop_operator_v3' retrieved from /home/airflow/.local/lib/python3.8/site-packages/airflow/example_dags/example_branch_python_dop_operator_3.py
[2024-07-26T12:32:58.650+0000] {logging_mixin.py:188} INFO - [2024-07-26T12:32:58.650+0000] {dag.py:3036} INFO - Sync 1 DAGs
[2024-07-26T12:32:58.683+0000] {logging_mixin.py:188} INFO - [2024-07-26T12:32:58.683+0000] {dag.py:3823} INFO - Setting next_dagrun for example_branch_dop_operator_v3 to 2024-07-26 12:31:00+00:00, run_after=2024-07-26 12:32:00+00:00
[2024-07-26T12:32:58.706+0000] {processor.py:183} INFO - Processing /home/airflow/.local/lib/python3.8/site-packages/airflow/example_dags/example_branch_python_dop_operator_3.py took 0.100 seconds
[2024-07-26T12:33:29.022+0000] {processor.py:161} INFO - Started process (PID=768) to work on /home/airflow/.local/lib/python3.8/site-packages/airflow/example_dags/example_branch_python_dop_operator_3.py
[2024-07-26T12:33:29.023+0000] {processor.py:830} INFO - Processing file /home/airflow/.local/lib/python3.8/site-packages/airflow/example_dags/example_branch_python_dop_operator_3.py for tasks to queue
[2024-07-26T12:33:29.025+0000] {logging_mixin.py:188} INFO - [2024-07-26T12:33:29.024+0000] {dagbag.py:538} INFO - Filling up the DagBag from /home/airflow/.local/lib/python3.8/site-packages/airflow/example_dags/example_branch_python_dop_operator_3.py
[2024-07-26T12:33:29.035+0000] {processor.py:840} INFO - DAG(s) 'example_branch_dop_operator_v3' retrieved from /home/airflow/.local/lib/python3.8/site-packages/airflow/example_dags/example_branch_python_dop_operator_3.py
[2024-07-26T12:33:29.054+0000] {logging_mixin.py:188} INFO - [2024-07-26T12:33:29.053+0000] {dag.py:3036} INFO - Sync 1 DAGs
[2024-07-26T12:33:29.085+0000] {logging_mixin.py:188} INFO - [2024-07-26T12:33:29.085+0000] {dag.py:3823} INFO - Setting next_dagrun for example_branch_dop_operator_v3 to 2024-07-26 12:32:00+00:00, run_after=2024-07-26 12:33:00+00:00
[2024-07-26T12:33:29.114+0000] {processor.py:183} INFO - Processing /home/airflow/.local/lib/python3.8/site-packages/airflow/example_dags/example_branch_python_dop_operator_3.py took 0.096 seconds
[2024-07-26T12:33:59.565+0000] {processor.py:161} INFO - Started process (PID=832) to work on /home/airflow/.local/lib/python3.8/site-packages/airflow/example_dags/example_branch_python_dop_operator_3.py
[2024-07-26T12:33:59.566+0000] {processor.py:830} INFO - Processing file /home/airflow/.local/lib/python3.8/site-packages/airflow/example_dags/example_branch_python_dop_operator_3.py for tasks to queue
[2024-07-26T12:33:59.568+0000] {logging_mixin.py:188} INFO - [2024-07-26T12:33:59.568+0000] {dagbag.py:538} INFO - Filling up the DagBag from /home/airflow/.local/lib/python3.8/site-packages/airflow/example_dags/example_branch_python_dop_operator_3.py
[2024-07-26T12:33:59.579+0000] {processor.py:840} INFO - DAG(s) 'example_branch_dop_operator_v3' retrieved from /home/airflow/.local/lib/python3.8/site-packages/airflow/example_dags/example_branch_python_dop_operator_3.py
[2024-07-26T12:33:59.605+0000] {logging_mixin.py:188} INFO - [2024-07-26T12:33:59.604+0000] {dag.py:3036} INFO - Sync 1 DAGs
[2024-07-26T12:33:59.640+0000] {logging_mixin.py:188} INFO - [2024-07-26T12:33:59.640+0000] {dag.py:3823} INFO - Setting next_dagrun for example_branch_dop_operator_v3 to 2024-07-26 12:32:00+00:00, run_after=2024-07-26 12:33:00+00:00
[2024-07-26T12:33:59.661+0000] {processor.py:183} INFO - Processing /home/airflow/.local/lib/python3.8/site-packages/airflow/example_dags/example_branch_python_dop_operator_3.py took 0.099 seconds
[2024-07-26T12:34:29.789+0000] {processor.py:161} INFO - Started process (PID=896) to work on /home/airflow/.local/lib/python3.8/site-packages/airflow/example_dags/example_branch_python_dop_operator_3.py
[2024-07-26T12:34:29.790+0000] {processor.py:830} INFO - Processing file /home/airflow/.local/lib/python3.8/site-packages/airflow/example_dags/example_branch_python_dop_operator_3.py for tasks to queue
[2024-07-26T12:34:29.791+0000] {logging_mixin.py:188} INFO - [2024-07-26T12:34:29.791+0000] {dagbag.py:538} INFO - Filling up the DagBag from /home/airflow/.local/lib/python3.8/site-packages/airflow/example_dags/example_branch_python_dop_operator_3.py
[2024-07-26T12:34:29.802+0000] {processor.py:840} INFO - DAG(s) 'example_branch_dop_operator_v3' retrieved from /home/airflow/.local/lib/python3.8/site-packages/airflow/example_dags/example_branch_python_dop_operator_3.py
[2024-07-26T12:34:29.824+0000] {logging_mixin.py:188} INFO - [2024-07-26T12:34:29.823+0000] {dag.py:3036} INFO - Sync 1 DAGs
[2024-07-26T12:34:29.855+0000] {logging_mixin.py:188} INFO - [2024-07-26T12:34:29.855+0000] {dag.py:3823} INFO - Setting next_dagrun for example_branch_dop_operator_v3 to 2024-07-26 12:33:00+00:00, run_after=2024-07-26 12:34:00+00:00
[2024-07-26T12:34:29.877+0000] {processor.py:183} INFO - Processing /home/airflow/.local/lib/python3.8/site-packages/airflow/example_dags/example_branch_python_dop_operator_3.py took 0.092 seconds
[2024-07-26T12:35:00.507+0000] {processor.py:161} INFO - Started process (PID=960) to work on /home/airflow/.local/lib/python3.8/site-packages/airflow/example_dags/example_branch_python_dop_operator_3.py
[2024-07-26T12:35:00.509+0000] {processor.py:830} INFO - Processing file /home/airflow/.local/lib/python3.8/site-packages/airflow/example_dags/example_branch_python_dop_operator_3.py for tasks to queue
[2024-07-26T12:35:00.511+0000] {logging_mixin.py:188} INFO - [2024-07-26T12:35:00.511+0000] {dagbag.py:538} INFO - Filling up the DagBag from /home/airflow/.local/lib/python3.8/site-packages/airflow/example_dags/example_branch_python_dop_operator_3.py
[2024-07-26T12:35:00.523+0000] {processor.py:840} INFO - DAG(s) 'example_branch_dop_operator_v3' retrieved from /home/airflow/.local/lib/python3.8/site-packages/airflow/example_dags/example_branch_python_dop_operator_3.py
[2024-07-26T12:35:00.547+0000] {logging_mixin.py:188} INFO - [2024-07-26T12:35:00.546+0000] {dag.py:3036} INFO - Sync 1 DAGs
[2024-07-26T12:35:00.575+0000] {logging_mixin.py:188} INFO - [2024-07-26T12:35:00.575+0000] {dag.py:3823} INFO - Setting next_dagrun for example_branch_dop_operator_v3 to 2024-07-26 12:34:00+00:00, run_after=2024-07-26 12:35:00+00:00
[2024-07-26T12:35:00.596+0000] {processor.py:183} INFO - Processing /home/airflow/.local/lib/python3.8/site-packages/airflow/example_dags/example_branch_python_dop_operator_3.py took 0.091 seconds
[2024-07-26T12:35:31.239+0000] {processor.py:161} INFO - Started process (PID=1024) to work on /home/airflow/.local/lib/python3.8/site-packages/airflow/example_dags/example_branch_python_dop_operator_3.py
[2024-07-26T12:35:31.240+0000] {processor.py:830} INFO - Processing file /home/airflow/.local/lib/python3.8/site-packages/airflow/example_dags/example_branch_python_dop_operator_3.py for tasks to queue
[2024-07-26T12:35:31.242+0000] {logging_mixin.py:188} INFO - [2024-07-26T12:35:31.242+0000] {dagbag.py:538} INFO - Filling up the DagBag from /home/airflow/.local/lib/python3.8/site-packages/airflow/example_dags/example_branch_python_dop_operator_3.py
[2024-07-26T12:35:31.252+0000] {processor.py:840} INFO - DAG(s) 'example_branch_dop_operator_v3' retrieved from /home/airflow/.local/lib/python3.8/site-packages/airflow/example_dags/example_branch_python_dop_operator_3.py
[2024-07-26T12:35:31.275+0000] {logging_mixin.py:188} INFO - [2024-07-26T12:35:31.274+0000] {dag.py:3036} INFO - Sync 1 DAGs
[2024-07-26T12:35:31.308+0000] {logging_mixin.py:188} INFO - [2024-07-26T12:35:31.307+0000] {dag.py:3823} INFO - Setting next_dagrun for example_branch_dop_operator_v3 to 2024-07-26 12:34:00+00:00, run_after=2024-07-26 12:35:00+00:00
[2024-07-26T12:35:31.326+0000] {processor.py:183} INFO - Processing /home/airflow/.local/lib/python3.8/site-packages/airflow/example_dags/example_branch_python_dop_operator_3.py took 0.092 seconds
[2024-07-26T12:36:01.620+0000] {processor.py:161} INFO - Started process (PID=1088) to work on /home/airflow/.local/lib/python3.8/site-packages/airflow/example_dags/example_branch_python_dop_operator_3.py
[2024-07-26T12:36:01.621+0000] {processor.py:830} INFO - Processing file /home/airflow/.local/lib/python3.8/site-packages/airflow/example_dags/example_branch_python_dop_operator_3.py for tasks to queue
[2024-07-26T12:36:01.622+0000] {logging_mixin.py:188} INFO - [2024-07-26T12:36:01.622+0000] {dagbag.py:538} INFO - Filling up the DagBag from /home/airflow/.local/lib/python3.8/site-packages/airflow/example_dags/example_branch_python_dop_operator_3.py
[2024-07-26T12:36:01.632+0000] {processor.py:840} INFO - DAG(s) 'example_branch_dop_operator_v3' retrieved from /home/airflow/.local/lib/python3.8/site-packages/airflow/example_dags/example_branch_python_dop_operator_3.py
[2024-07-26T12:36:01.659+0000] {logging_mixin.py:188} INFO - [2024-07-26T12:36:01.658+0000] {dag.py:3036} INFO - Sync 1 DAGs
[2024-07-26T12:36:01.699+0000] {logging_mixin.py:188} INFO - [2024-07-26T12:36:01.699+0000] {dag.py:3823} INFO - Setting next_dagrun for example_branch_dop_operator_v3 to 2024-07-26 12:35:00+00:00, run_after=2024-07-26 12:36:00+00:00
[2024-07-26T12:36:01.723+0000] {processor.py:183} INFO - Processing /home/airflow/.local/lib/python3.8/site-packages/airflow/example_dags/example_branch_python_dop_operator_3.py took 0.107 seconds
[2024-07-26T12:36:31.940+0000] {processor.py:161} INFO - Started process (PID=1152) to work on /home/airflow/.local/lib/python3.8/site-packages/airflow/example_dags/example_branch_python_dop_operator_3.py
[2024-07-26T12:36:31.942+0000] {processor.py:830} INFO - Processing file /home/airflow/.local/lib/python3.8/site-packages/airflow/example_dags/example_branch_python_dop_operator_3.py for tasks to queue
[2024-07-26T12:36:31.943+0000] {logging_mixin.py:188} INFO - [2024-07-26T12:36:31.943+0000] {dagbag.py:538} INFO - Filling up the DagBag from /home/airflow/.local/lib/python3.8/site-packages/airflow/example_dags/example_branch_python_dop_operator_3.py
[2024-07-26T12:36:31.954+0000] {processor.py:840} INFO - DAG(s) 'example_branch_dop_operator_v3' retrieved from /home/airflow/.local/lib/python3.8/site-packages/airflow/example_dags/example_branch_python_dop_operator_3.py
[2024-07-26T12:36:31.983+0000] {logging_mixin.py:188} INFO - [2024-07-26T12:36:31.983+0000] {dag.py:3036} INFO - Sync 1 DAGs
[2024-07-26T12:36:32.031+0000] {logging_mixin.py:188} INFO - [2024-07-26T12:36:32.031+0000] {dag.py:3823} INFO - Setting next_dagrun for example_branch_dop_operator_v3 to 2024-07-26 12:35:00+00:00, run_after=2024-07-26 12:36:00+00:00
[2024-07-26T12:36:32.054+0000] {processor.py:183} INFO - Processing /home/airflow/.local/lib/python3.8/site-packages/airflow/example_dags/example_branch_python_dop_operator_3.py took 0.117 seconds
[2024-07-26T12:37:02.431+0000] {processor.py:161} INFO - Started process (PID=1216) to work on /home/airflow/.local/lib/python3.8/site-packages/airflow/example_dags/example_branch_python_dop_operator_3.py
[2024-07-26T12:37:02.432+0000] {processor.py:830} INFO - Processing file /home/airflow/.local/lib/python3.8/site-packages/airflow/example_dags/example_branch_python_dop_operator_3.py for tasks to queue
[2024-07-26T12:37:02.434+0000] {logging_mixin.py:188} INFO - [2024-07-26T12:37:02.433+0000] {dagbag.py:538} INFO - Filling up the DagBag from /home/airflow/.local/lib/python3.8/site-packages/airflow/example_dags/example_branch_python_dop_operator_3.py
[2024-07-26T12:37:02.447+0000] {processor.py:840} INFO - DAG(s) 'example_branch_dop_operator_v3' retrieved from /home/airflow/.local/lib/python3.8/site-packages/airflow/example_dags/example_branch_python_dop_operator_3.py
[2024-07-26T12:37:02.472+0000] {logging_mixin.py:188} INFO - [2024-07-26T12:37:02.472+0000] {dag.py:3036} INFO - Sync 1 DAGs
[2024-07-26T12:37:02.506+0000] {logging_mixin.py:188} INFO - [2024-07-26T12:37:02.505+0000] {dag.py:3823} INFO - Setting next_dagrun for example_branch_dop_operator_v3 to 2024-07-26 12:36:00+00:00, run_after=2024-07-26 12:37:00+00:00
[2024-07-26T12:37:02.526+0000] {processor.py:183} INFO - Processing /home/airflow/.local/lib/python3.8/site-packages/airflow/example_dags/example_branch_python_dop_operator_3.py took 0.099 seconds
[2024-07-26T12:38:54.089+0000] {processor.py:161} INFO - Started process (PID=125) to work on /home/airflow/.local/lib/python3.8/site-packages/airflow/example_dags/example_branch_python_dop_operator_3.py
[2024-07-26T12:38:54.090+0000] {processor.py:830} INFO - Processing file /home/airflow/.local/lib/python3.8/site-packages/airflow/example_dags/example_branch_python_dop_operator_3.py for tasks to queue
[2024-07-26T12:38:54.092+0000] {logging_mixin.py:188} INFO - [2024-07-26T12:38:54.092+0000] {dagbag.py:538} INFO - Filling up the DagBag from /home/airflow/.local/lib/python3.8/site-packages/airflow/example_dags/example_branch_python_dop_operator_3.py
[2024-07-26T12:38:54.103+0000] {processor.py:840} INFO - DAG(s) 'example_branch_dop_operator_v3' retrieved from /home/airflow/.local/lib/python3.8/site-packages/airflow/example_dags/example_branch_python_dop_operator_3.py
[2024-07-26T12:38:54.115+0000] {logging_mixin.py:188} INFO - [2024-07-26T12:38:54.115+0000] {dag.py:3036} INFO - Sync 1 DAGs
[2024-07-26T12:38:54.146+0000] {logging_mixin.py:188} INFO - [2024-07-26T12:38:54.145+0000] {dag.py:3823} INFO - Setting next_dagrun for example_branch_dop_operator_v3 to 2024-07-26 12:37:00+00:00, run_after=2024-07-26 12:38:00+00:00
[2024-07-26T12:38:54.166+0000] {processor.py:183} INFO - Processing /home/airflow/.local/lib/python3.8/site-packages/airflow/example_dags/example_branch_python_dop_operator_3.py took 0.080 seconds
[2024-07-26T12:39:27.074+0000] {processor.py:161} INFO - Started process (PID=189) to work on /home/airflow/.local/lib/python3.8/site-packages/airflow/example_dags/example_branch_python_dop_operator_3.py
[2024-07-26T12:39:27.075+0000] {processor.py:830} INFO - Processing file /home/airflow/.local/lib/python3.8/site-packages/airflow/example_dags/example_branch_python_dop_operator_3.py for tasks to queue
[2024-07-26T12:39:27.077+0000] {logging_mixin.py:188} INFO - [2024-07-26T12:39:27.077+0000] {dagbag.py:538} INFO - Filling up the DagBag from /home/airflow/.local/lib/python3.8/site-packages/airflow/example_dags/example_branch_python_dop_operator_3.py
[2024-07-26T12:39:27.087+0000] {processor.py:840} INFO - DAG(s) 'example_branch_dop_operator_v3' retrieved from /home/airflow/.local/lib/python3.8/site-packages/airflow/example_dags/example_branch_python_dop_operator_3.py
[2024-07-26T12:39:27.198+0000] {logging_mixin.py:188} INFO - [2024-07-26T12:39:27.197+0000] {dag.py:3036} INFO - Sync 1 DAGs
[2024-07-26T12:39:27.228+0000] {logging_mixin.py:188} INFO - [2024-07-26T12:39:27.227+0000] {dag.py:3823} INFO - Setting next_dagrun for example_branch_dop_operator_v3 to 2024-07-26 12:38:00+00:00, run_after=2024-07-26 12:39:00+00:00
[2024-07-26T12:39:27.251+0000] {processor.py:183} INFO - Processing /home/airflow/.local/lib/python3.8/site-packages/airflow/example_dags/example_branch_python_dop_operator_3.py took 0.180 seconds
[2024-07-26T12:43:22.709+0000] {processor.py:161} INFO - Started process (PID=136) to work on /home/airflow/.local/lib/python3.8/site-packages/airflow/example_dags/example_branch_python_dop_operator_3.py
[2024-07-26T12:43:22.711+0000] {processor.py:830} INFO - Processing file /home/airflow/.local/lib/python3.8/site-packages/airflow/example_dags/example_branch_python_dop_operator_3.py for tasks to queue
[2024-07-26T12:43:22.714+0000] {logging_mixin.py:188} INFO - [2024-07-26T12:43:22.713+0000] {dagbag.py:538} INFO - Filling up the DagBag from /home/airflow/.local/lib/python3.8/site-packages/airflow/example_dags/example_branch_python_dop_operator_3.py
[2024-07-26T12:43:22.728+0000] {processor.py:840} INFO - DAG(s) 'example_branch_dop_operator_v3' retrieved from /home/airflow/.local/lib/python3.8/site-packages/airflow/example_dags/example_branch_python_dop_operator_3.py
[2024-07-26T12:43:22.861+0000] {logging_mixin.py:188} INFO - [2024-07-26T12:43:22.861+0000] {dag.py:3036} INFO - Sync 1 DAGs
[2024-07-26T12:43:22.891+0000] {logging_mixin.py:188} INFO - [2024-07-26T12:43:22.891+0000] {dag.py:3823} INFO - Setting next_dagrun for example_branch_dop_operator_v3 to 2024-07-26 12:42:00+00:00, run_after=2024-07-26 12:43:00+00:00
[2024-07-26T12:43:22.911+0000] {processor.py:183} INFO - Processing /home/airflow/.local/lib/python3.8/site-packages/airflow/example_dags/example_branch_python_dop_operator_3.py took 0.206 seconds
[2024-07-26T12:43:53.605+0000] {processor.py:161} INFO - Started process (PID=200) to work on /home/airflow/.local/lib/python3.8/site-packages/airflow/example_dags/example_branch_python_dop_operator_3.py
[2024-07-26T12:43:53.606+0000] {processor.py:830} INFO - Processing file /home/airflow/.local/lib/python3.8/site-packages/airflow/example_dags/example_branch_python_dop_operator_3.py for tasks to queue
[2024-07-26T12:43:53.608+0000] {logging_mixin.py:188} INFO - [2024-07-26T12:43:53.608+0000] {dagbag.py:538} INFO - Filling up the DagBag from /home/airflow/.local/lib/python3.8/site-packages/airflow/example_dags/example_branch_python_dop_operator_3.py
[2024-07-26T12:43:53.618+0000] {processor.py:840} INFO - DAG(s) 'example_branch_dop_operator_v3' retrieved from /home/airflow/.local/lib/python3.8/site-packages/airflow/example_dags/example_branch_python_dop_operator_3.py
[2024-07-26T12:43:53.638+0000] {logging_mixin.py:188} INFO - [2024-07-26T12:43:53.638+0000] {dag.py:3036} INFO - Sync 1 DAGs
[2024-07-26T12:43:53.667+0000] {logging_mixin.py:188} INFO - [2024-07-26T12:43:53.666+0000] {dag.py:3823} INFO - Setting next_dagrun for example_branch_dop_operator_v3 to 2024-07-26 12:42:00+00:00, run_after=2024-07-26 12:43:00+00:00
[2024-07-26T12:43:53.689+0000] {processor.py:183} INFO - Processing /home/airflow/.local/lib/python3.8/site-packages/airflow/example_dags/example_branch_python_dop_operator_3.py took 0.088 seconds
[2024-07-26T12:44:23.861+0000] {processor.py:161} INFO - Started process (PID=264) to work on /home/airflow/.local/lib/python3.8/site-packages/airflow/example_dags/example_branch_python_dop_operator_3.py
[2024-07-26T12:44:23.863+0000] {processor.py:830} INFO - Processing file /home/airflow/.local/lib/python3.8/site-packages/airflow/example_dags/example_branch_python_dop_operator_3.py for tasks to queue
[2024-07-26T12:44:23.865+0000] {logging_mixin.py:188} INFO - [2024-07-26T12:44:23.865+0000] {dagbag.py:538} INFO - Filling up the DagBag from /home/airflow/.local/lib/python3.8/site-packages/airflow/example_dags/example_branch_python_dop_operator_3.py
[2024-07-26T12:44:23.874+0000] {processor.py:840} INFO - DAG(s) 'example_branch_dop_operator_v3' retrieved from /home/airflow/.local/lib/python3.8/site-packages/airflow/example_dags/example_branch_python_dop_operator_3.py
[2024-07-26T12:44:23.896+0000] {logging_mixin.py:188} INFO - [2024-07-26T12:44:23.896+0000] {dag.py:3036} INFO - Sync 1 DAGs
[2024-07-26T12:44:23.930+0000] {logging_mixin.py:188} INFO - [2024-07-26T12:44:23.930+0000] {dag.py:3823} INFO - Setting next_dagrun for example_branch_dop_operator_v3 to 2024-07-26 12:43:00+00:00, run_after=2024-07-26 12:44:00+00:00
[2024-07-26T12:44:23.965+0000] {processor.py:183} INFO - Processing /home/airflow/.local/lib/python3.8/site-packages/airflow/example_dags/example_branch_python_dop_operator_3.py took 0.107 seconds
[2024-07-26T12:49:49.465+0000] {processor.py:161} INFO - Started process (PID=130) to work on /home/airflow/.local/lib/python3.8/site-packages/airflow/example_dags/example_branch_python_dop_operator_3.py
[2024-07-26T12:49:49.466+0000] {processor.py:830} INFO - Processing file /home/airflow/.local/lib/python3.8/site-packages/airflow/example_dags/example_branch_python_dop_operator_3.py for tasks to queue
[2024-07-26T12:49:49.468+0000] {logging_mixin.py:188} INFO - [2024-07-26T12:49:49.468+0000] {dagbag.py:538} INFO - Filling up the DagBag from /home/airflow/.local/lib/python3.8/site-packages/airflow/example_dags/example_branch_python_dop_operator_3.py
[2024-07-26T12:49:49.480+0000] {processor.py:840} INFO - DAG(s) 'example_branch_dop_operator_v3' retrieved from /home/airflow/.local/lib/python3.8/site-packages/airflow/example_dags/example_branch_python_dop_operator_3.py
[2024-07-26T12:49:49.624+0000] {logging_mixin.py:188} INFO - [2024-07-26T12:49:49.624+0000] {dag.py:3036} INFO - Sync 1 DAGs
[2024-07-26T12:49:49.660+0000] {logging_mixin.py:188} INFO - [2024-07-26T12:49:49.659+0000] {dag.py:3823} INFO - Setting next_dagrun for example_branch_dop_operator_v3 to 2024-07-26 12:48:00+00:00, run_after=2024-07-26 12:49:00+00:00
[2024-07-26T12:49:49.685+0000] {processor.py:183} INFO - Processing /home/airflow/.local/lib/python3.8/site-packages/airflow/example_dags/example_branch_python_dop_operator_3.py took 0.224 seconds
[2024-07-26T12:50:19.768+0000] {processor.py:161} INFO - Started process (PID=194) to work on /home/airflow/.local/lib/python3.8/site-packages/airflow/example_dags/example_branch_python_dop_operator_3.py
[2024-07-26T12:50:19.769+0000] {processor.py:830} INFO - Processing file /home/airflow/.local/lib/python3.8/site-packages/airflow/example_dags/example_branch_python_dop_operator_3.py for tasks to queue
[2024-07-26T12:50:19.771+0000] {logging_mixin.py:188} INFO - [2024-07-26T12:50:19.771+0000] {dagbag.py:538} INFO - Filling up the DagBag from /home/airflow/.local/lib/python3.8/site-packages/airflow/example_dags/example_branch_python_dop_operator_3.py
[2024-07-26T12:50:19.783+0000] {processor.py:840} INFO - DAG(s) 'example_branch_dop_operator_v3' retrieved from /home/airflow/.local/lib/python3.8/site-packages/airflow/example_dags/example_branch_python_dop_operator_3.py
[2024-07-26T12:50:19.813+0000] {logging_mixin.py:188} INFO - [2024-07-26T12:50:19.813+0000] {dag.py:3036} INFO - Sync 1 DAGs
[2024-07-26T12:50:19.864+0000] {logging_mixin.py:188} INFO - [2024-07-26T12:50:19.863+0000] {dag.py:3823} INFO - Setting next_dagrun for example_branch_dop_operator_v3 to 2024-07-26 12:49:00+00:00, run_after=2024-07-26 12:50:00+00:00
[2024-07-26T12:50:19.901+0000] {processor.py:183} INFO - Processing /home/airflow/.local/lib/python3.8/site-packages/airflow/example_dags/example_branch_python_dop_operator_3.py took 0.136 seconds
[2024-07-26T12:50:50.865+0000] {processor.py:161} INFO - Started process (PID=258) to work on /home/airflow/.local/lib/python3.8/site-packages/airflow/example_dags/example_branch_python_dop_operator_3.py
[2024-07-26T12:50:50.867+0000] {processor.py:830} INFO - Processing file /home/airflow/.local/lib/python3.8/site-packages/airflow/example_dags/example_branch_python_dop_operator_3.py for tasks to queue
[2024-07-26T12:50:50.870+0000] {logging_mixin.py:188} INFO - [2024-07-26T12:50:50.869+0000] {dagbag.py:538} INFO - Filling up the DagBag from /home/airflow/.local/lib/python3.8/site-packages/airflow/example_dags/example_branch_python_dop_operator_3.py
[2024-07-26T12:50:50.884+0000] {processor.py:840} INFO - DAG(s) 'example_branch_dop_operator_v3' retrieved from /home/airflow/.local/lib/python3.8/site-packages/airflow/example_dags/example_branch_python_dop_operator_3.py
[2024-07-26T12:50:50.915+0000] {logging_mixin.py:188} INFO - [2024-07-26T12:50:50.915+0000] {dag.py:3036} INFO - Sync 1 DAGs
[2024-07-26T12:50:50.969+0000] {logging_mixin.py:188} INFO - [2024-07-26T12:50:50.969+0000] {dag.py:3823} INFO - Setting next_dagrun for example_branch_dop_operator_v3 to 2024-07-26 12:49:00+00:00, run_after=2024-07-26 12:50:00+00:00
[2024-07-26T12:50:51.034+0000] {processor.py:183} INFO - Processing /home/airflow/.local/lib/python3.8/site-packages/airflow/example_dags/example_branch_python_dop_operator_3.py took 0.172 seconds
[2024-07-26T12:51:21.073+0000] {processor.py:161} INFO - Started process (PID=322) to work on /home/airflow/.local/lib/python3.8/site-packages/airflow/example_dags/example_branch_python_dop_operator_3.py
[2024-07-26T12:51:21.074+0000] {processor.py:830} INFO - Processing file /home/airflow/.local/lib/python3.8/site-packages/airflow/example_dags/example_branch_python_dop_operator_3.py for tasks to queue
[2024-07-26T12:51:21.076+0000] {logging_mixin.py:188} INFO - [2024-07-26T12:51:21.076+0000] {dagbag.py:538} INFO - Filling up the DagBag from /home/airflow/.local/lib/python3.8/site-packages/airflow/example_dags/example_branch_python_dop_operator_3.py
[2024-07-26T12:51:21.088+0000] {processor.py:840} INFO - DAG(s) 'example_branch_dop_operator_v3' retrieved from /home/airflow/.local/lib/python3.8/site-packages/airflow/example_dags/example_branch_python_dop_operator_3.py
[2024-07-26T12:51:21.109+0000] {logging_mixin.py:188} INFO - [2024-07-26T12:51:21.109+0000] {dag.py:3036} INFO - Sync 1 DAGs
[2024-07-26T12:51:21.141+0000] {logging_mixin.py:188} INFO - [2024-07-26T12:51:21.140+0000] {dag.py:3823} INFO - Setting next_dagrun for example_branch_dop_operator_v3 to 2024-07-26 12:50:00+00:00, run_after=2024-07-26 12:51:00+00:00
[2024-07-26T12:51:21.159+0000] {processor.py:183} INFO - Processing /home/airflow/.local/lib/python3.8/site-packages/airflow/example_dags/example_branch_python_dop_operator_3.py took 0.090 seconds
[2024-07-26T12:51:51.763+0000] {processor.py:161} INFO - Started process (PID=386) to work on /home/airflow/.local/lib/python3.8/site-packages/airflow/example_dags/example_branch_python_dop_operator_3.py
[2024-07-26T12:51:51.764+0000] {processor.py:830} INFO - Processing file /home/airflow/.local/lib/python3.8/site-packages/airflow/example_dags/example_branch_python_dop_operator_3.py for tasks to queue
[2024-07-26T12:51:51.766+0000] {logging_mixin.py:188} INFO - [2024-07-26T12:51:51.765+0000] {dagbag.py:538} INFO - Filling up the DagBag from /home/airflow/.local/lib/python3.8/site-packages/airflow/example_dags/example_branch_python_dop_operator_3.py
[2024-07-26T12:51:51.776+0000] {processor.py:840} INFO - DAG(s) 'example_branch_dop_operator_v3' retrieved from /home/airflow/.local/lib/python3.8/site-packages/airflow/example_dags/example_branch_python_dop_operator_3.py
[2024-07-26T12:51:51.797+0000] {logging_mixin.py:188} INFO - [2024-07-26T12:51:51.796+0000] {dag.py:3036} INFO - Sync 1 DAGs
[2024-07-26T12:51:51.827+0000] {logging_mixin.py:188} INFO - [2024-07-26T12:51:51.827+0000] {dag.py:3823} INFO - Setting next_dagrun for example_branch_dop_operator_v3 to 2024-07-26 12:50:00+00:00, run_after=2024-07-26 12:51:00+00:00
[2024-07-26T12:51:51.849+0000] {processor.py:183} INFO - Processing /home/airflow/.local/lib/python3.8/site-packages/airflow/example_dags/example_branch_python_dop_operator_3.py took 0.089 seconds
[2024-07-26T12:52:23.174+0000] {processor.py:161} INFO - Started process (PID=450) to work on /home/airflow/.local/lib/python3.8/site-packages/airflow/example_dags/example_branch_python_dop_operator_3.py
[2024-07-26T12:52:23.176+0000] {processor.py:830} INFO - Processing file /home/airflow/.local/lib/python3.8/site-packages/airflow/example_dags/example_branch_python_dop_operator_3.py for tasks to queue
[2024-07-26T12:52:23.178+0000] {logging_mixin.py:188} INFO - [2024-07-26T12:52:23.178+0000] {dagbag.py:538} INFO - Filling up the DagBag from /home/airflow/.local/lib/python3.8/site-packages/airflow/example_dags/example_branch_python_dop_operator_3.py
[2024-07-26T12:52:23.188+0000] {processor.py:840} INFO - DAG(s) 'example_branch_dop_operator_v3' retrieved from /home/airflow/.local/lib/python3.8/site-packages/airflow/example_dags/example_branch_python_dop_operator_3.py
[2024-07-26T12:52:23.210+0000] {logging_mixin.py:188} INFO - [2024-07-26T12:52:23.210+0000] {dag.py:3036} INFO - Sync 1 DAGs
[2024-07-26T12:52:23.242+0000] {logging_mixin.py:188} INFO - [2024-07-26T12:52:23.241+0000] {dag.py:3823} INFO - Setting next_dagrun for example_branch_dop_operator_v3 to 2024-07-26 12:51:00+00:00, run_after=2024-07-26 12:52:00+00:00
[2024-07-26T12:52:23.265+0000] {processor.py:183} INFO - Processing /home/airflow/.local/lib/python3.8/site-packages/airflow/example_dags/example_branch_python_dop_operator_3.py took 0.094 seconds
[2024-07-26T12:52:53.322+0000] {processor.py:161} INFO - Started process (PID=506) to work on /home/airflow/.local/lib/python3.8/site-packages/airflow/example_dags/example_branch_python_dop_operator_3.py
[2024-07-26T12:52:53.323+0000] {processor.py:830} INFO - Processing file /home/airflow/.local/lib/python3.8/site-packages/airflow/example_dags/example_branch_python_dop_operator_3.py for tasks to queue
[2024-07-26T12:52:53.325+0000] {logging_mixin.py:188} INFO - [2024-07-26T12:52:53.324+0000] {dagbag.py:538} INFO - Filling up the DagBag from /home/airflow/.local/lib/python3.8/site-packages/airflow/example_dags/example_branch_python_dop_operator_3.py
[2024-07-26T12:52:53.334+0000] {processor.py:840} INFO - DAG(s) 'example_branch_dop_operator_v3' retrieved from /home/airflow/.local/lib/python3.8/site-packages/airflow/example_dags/example_branch_python_dop_operator_3.py
[2024-07-26T12:52:53.359+0000] {logging_mixin.py:188} INFO - [2024-07-26T12:52:53.359+0000] {dag.py:3036} INFO - Sync 1 DAGs
[2024-07-26T12:52:53.389+0000] {logging_mixin.py:188} INFO - [2024-07-26T12:52:53.389+0000] {dag.py:3823} INFO - Setting next_dagrun for example_branch_dop_operator_v3 to 2024-07-26 12:51:00+00:00, run_after=2024-07-26 12:52:00+00:00
[2024-07-26T12:52:53.413+0000] {processor.py:183} INFO - Processing /home/airflow/.local/lib/python3.8/site-packages/airflow/example_dags/example_branch_python_dop_operator_3.py took 0.095 seconds
[2024-07-26T12:53:23.635+0000] {processor.py:161} INFO - Started process (PID=569) to work on /home/airflow/.local/lib/python3.8/site-packages/airflow/example_dags/example_branch_python_dop_operator_3.py
[2024-07-26T12:53:23.636+0000] {processor.py:830} INFO - Processing file /home/airflow/.local/lib/python3.8/site-packages/airflow/example_dags/example_branch_python_dop_operator_3.py for tasks to queue
[2024-07-26T12:53:23.638+0000] {logging_mixin.py:188} INFO - [2024-07-26T12:53:23.638+0000] {dagbag.py:538} INFO - Filling up the DagBag from /home/airflow/.local/lib/python3.8/site-packages/airflow/example_dags/example_branch_python_dop_operator_3.py
[2024-07-26T12:53:23.648+0000] {processor.py:840} INFO - DAG(s) 'example_branch_dop_operator_v3' retrieved from /home/airflow/.local/lib/python3.8/site-packages/airflow/example_dags/example_branch_python_dop_operator_3.py
[2024-07-26T12:53:23.670+0000] {logging_mixin.py:188} INFO - [2024-07-26T12:53:23.670+0000] {dag.py:3036} INFO - Sync 1 DAGs
[2024-07-26T12:53:23.702+0000] {logging_mixin.py:188} INFO - [2024-07-26T12:53:23.702+0000] {dag.py:3823} INFO - Setting next_dagrun for example_branch_dop_operator_v3 to 2024-07-26 12:52:00+00:00, run_after=2024-07-26 12:53:00+00:00
[2024-07-26T12:53:23.722+0000] {processor.py:183} INFO - Processing /home/airflow/.local/lib/python3.8/site-packages/airflow/example_dags/example_branch_python_dop_operator_3.py took 0.090 seconds
[2024-07-26T12:53:54.039+0000] {processor.py:161} INFO - Started process (PID=633) to work on /home/airflow/.local/lib/python3.8/site-packages/airflow/example_dags/example_branch_python_dop_operator_3.py
[2024-07-26T12:53:54.040+0000] {processor.py:830} INFO - Processing file /home/airflow/.local/lib/python3.8/site-packages/airflow/example_dags/example_branch_python_dop_operator_3.py for tasks to queue
[2024-07-26T12:53:54.042+0000] {logging_mixin.py:188} INFO - [2024-07-26T12:53:54.042+0000] {dagbag.py:538} INFO - Filling up the DagBag from /home/airflow/.local/lib/python3.8/site-packages/airflow/example_dags/example_branch_python_dop_operator_3.py
[2024-07-26T12:53:54.051+0000] {processor.py:840} INFO - DAG(s) 'example_branch_dop_operator_v3' retrieved from /home/airflow/.local/lib/python3.8/site-packages/airflow/example_dags/example_branch_python_dop_operator_3.py
[2024-07-26T12:53:54.072+0000] {logging_mixin.py:188} INFO - [2024-07-26T12:53:54.072+0000] {dag.py:3036} INFO - Sync 1 DAGs
[2024-07-26T12:53:54.105+0000] {logging_mixin.py:188} INFO - [2024-07-26T12:53:54.104+0000] {dag.py:3823} INFO - Setting next_dagrun for example_branch_dop_operator_v3 to 2024-07-26 12:52:00+00:00, run_after=2024-07-26 12:53:00+00:00
[2024-07-26T12:53:54.125+0000] {processor.py:183} INFO - Processing /home/airflow/.local/lib/python3.8/site-packages/airflow/example_dags/example_branch_python_dop_operator_3.py took 0.089 seconds
[2024-07-26T12:54:24.734+0000] {processor.py:161} INFO - Started process (PID=697) to work on /home/airflow/.local/lib/python3.8/site-packages/airflow/example_dags/example_branch_python_dop_operator_3.py
[2024-07-26T12:54:24.735+0000] {processor.py:830} INFO - Processing file /home/airflow/.local/lib/python3.8/site-packages/airflow/example_dags/example_branch_python_dop_operator_3.py for tasks to queue
[2024-07-26T12:54:24.737+0000] {logging_mixin.py:188} INFO - [2024-07-26T12:54:24.737+0000] {dagbag.py:538} INFO - Filling up the DagBag from /home/airflow/.local/lib/python3.8/site-packages/airflow/example_dags/example_branch_python_dop_operator_3.py
[2024-07-26T12:54:24.749+0000] {processor.py:840} INFO - DAG(s) 'example_branch_dop_operator_v3' retrieved from /home/airflow/.local/lib/python3.8/site-packages/airflow/example_dags/example_branch_python_dop_operator_3.py
[2024-07-26T12:54:24.773+0000] {logging_mixin.py:188} INFO - [2024-07-26T12:54:24.773+0000] {dag.py:3036} INFO - Sync 1 DAGs
[2024-07-26T12:54:24.808+0000] {logging_mixin.py:188} INFO - [2024-07-26T12:54:24.807+0000] {dag.py:3823} INFO - Setting next_dagrun for example_branch_dop_operator_v3 to 2024-07-26 12:53:00+00:00, run_after=2024-07-26 12:54:00+00:00
[2024-07-26T12:54:24.830+0000] {processor.py:183} INFO - Processing /home/airflow/.local/lib/python3.8/site-packages/airflow/example_dags/example_branch_python_dop_operator_3.py took 0.099 seconds
[2024-07-26T12:54:54.883+0000] {processor.py:161} INFO - Started process (PID=761) to work on /home/airflow/.local/lib/python3.8/site-packages/airflow/example_dags/example_branch_python_dop_operator_3.py
[2024-07-26T12:54:54.884+0000] {processor.py:830} INFO - Processing file /home/airflow/.local/lib/python3.8/site-packages/airflow/example_dags/example_branch_python_dop_operator_3.py for tasks to queue
[2024-07-26T12:54:54.887+0000] {logging_mixin.py:188} INFO - [2024-07-26T12:54:54.886+0000] {dagbag.py:538} INFO - Filling up the DagBag from /home/airflow/.local/lib/python3.8/site-packages/airflow/example_dags/example_branch_python_dop_operator_3.py
[2024-07-26T12:54:54.897+0000] {processor.py:840} INFO - DAG(s) 'example_branch_dop_operator_v3' retrieved from /home/airflow/.local/lib/python3.8/site-packages/airflow/example_dags/example_branch_python_dop_operator_3.py
[2024-07-26T12:54:54.918+0000] {logging_mixin.py:188} INFO - [2024-07-26T12:54:54.917+0000] {dag.py:3036} INFO - Sync 1 DAGs
[2024-07-26T12:54:54.948+0000] {logging_mixin.py:188} INFO - [2024-07-26T12:54:54.948+0000] {dag.py:3823} INFO - Setting next_dagrun for example_branch_dop_operator_v3 to 2024-07-26 12:53:00+00:00, run_after=2024-07-26 12:54:00+00:00
[2024-07-26T12:54:54.972+0000] {processor.py:183} INFO - Processing /home/airflow/.local/lib/python3.8/site-packages/airflow/example_dags/example_branch_python_dop_operator_3.py took 0.092 seconds
[2024-07-26T12:55:25.727+0000] {processor.py:161} INFO - Started process (PID=825) to work on /home/airflow/.local/lib/python3.8/site-packages/airflow/example_dags/example_branch_python_dop_operator_3.py
[2024-07-26T12:55:25.728+0000] {processor.py:830} INFO - Processing file /home/airflow/.local/lib/python3.8/site-packages/airflow/example_dags/example_branch_python_dop_operator_3.py for tasks to queue
[2024-07-26T12:55:25.730+0000] {logging_mixin.py:188} INFO - [2024-07-26T12:55:25.730+0000] {dagbag.py:538} INFO - Filling up the DagBag from /home/airflow/.local/lib/python3.8/site-packages/airflow/example_dags/example_branch_python_dop_operator_3.py
[2024-07-26T12:55:25.742+0000] {processor.py:840} INFO - DAG(s) 'example_branch_dop_operator_v3' retrieved from /home/airflow/.local/lib/python3.8/site-packages/airflow/example_dags/example_branch_python_dop_operator_3.py
[2024-07-26T12:55:25.764+0000] {logging_mixin.py:188} INFO - [2024-07-26T12:55:25.764+0000] {dag.py:3036} INFO - Sync 1 DAGs
[2024-07-26T12:55:25.805+0000] {logging_mixin.py:188} INFO - [2024-07-26T12:55:25.805+0000] {dag.py:3823} INFO - Setting next_dagrun for example_branch_dop_operator_v3 to 2024-07-26 12:54:00+00:00, run_after=2024-07-26 12:55:00+00:00
[2024-07-26T12:55:25.827+0000] {processor.py:183} INFO - Processing /home/airflow/.local/lib/python3.8/site-packages/airflow/example_dags/example_branch_python_dop_operator_3.py took 0.104 seconds
[2024-07-26T12:55:56.349+0000] {processor.py:161} INFO - Started process (PID=889) to work on /home/airflow/.local/lib/python3.8/site-packages/airflow/example_dags/example_branch_python_dop_operator_3.py
[2024-07-26T12:55:56.350+0000] {processor.py:830} INFO - Processing file /home/airflow/.local/lib/python3.8/site-packages/airflow/example_dags/example_branch_python_dop_operator_3.py for tasks to queue
[2024-07-26T12:55:56.353+0000] {logging_mixin.py:188} INFO - [2024-07-26T12:55:56.352+0000] {dagbag.py:538} INFO - Filling up the DagBag from /home/airflow/.local/lib/python3.8/site-packages/airflow/example_dags/example_branch_python_dop_operator_3.py
[2024-07-26T12:55:56.363+0000] {processor.py:840} INFO - DAG(s) 'example_branch_dop_operator_v3' retrieved from /home/airflow/.local/lib/python3.8/site-packages/airflow/example_dags/example_branch_python_dop_operator_3.py
[2024-07-26T12:55:56.388+0000] {logging_mixin.py:188} INFO - [2024-07-26T12:55:56.388+0000] {dag.py:3036} INFO - Sync 1 DAGs
[2024-07-26T12:55:56.447+0000] {logging_mixin.py:188} INFO - [2024-07-26T12:55:56.447+0000] {dag.py:3823} INFO - Setting next_dagrun for example_branch_dop_operator_v3 to 2024-07-26 12:54:00+00:00, run_after=2024-07-26 12:55:00+00:00
[2024-07-26T12:55:56.482+0000] {processor.py:183} INFO - Processing /home/airflow/.local/lib/python3.8/site-packages/airflow/example_dags/example_branch_python_dop_operator_3.py took 0.137 seconds
[2024-07-26T12:56:27.119+0000] {processor.py:161} INFO - Started process (PID=953) to work on /home/airflow/.local/lib/python3.8/site-packages/airflow/example_dags/example_branch_python_dop_operator_3.py
[2024-07-26T12:56:27.120+0000] {processor.py:830} INFO - Processing file /home/airflow/.local/lib/python3.8/site-packages/airflow/example_dags/example_branch_python_dop_operator_3.py for tasks to queue
[2024-07-26T12:56:27.122+0000] {logging_mixin.py:188} INFO - [2024-07-26T12:56:27.121+0000] {dagbag.py:538} INFO - Filling up the DagBag from /home/airflow/.local/lib/python3.8/site-packages/airflow/example_dags/example_branch_python_dop_operator_3.py
[2024-07-26T12:56:27.132+0000] {processor.py:840} INFO - DAG(s) 'example_branch_dop_operator_v3' retrieved from /home/airflow/.local/lib/python3.8/site-packages/airflow/example_dags/example_branch_python_dop_operator_3.py
[2024-07-26T12:56:27.155+0000] {logging_mixin.py:188} INFO - [2024-07-26T12:56:27.154+0000] {dag.py:3036} INFO - Sync 1 DAGs
[2024-07-26T12:56:27.189+0000] {logging_mixin.py:188} INFO - [2024-07-26T12:56:27.189+0000] {dag.py:3823} INFO - Setting next_dagrun for example_branch_dop_operator_v3 to 2024-07-26 12:55:00+00:00, run_after=2024-07-26 12:56:00+00:00
[2024-07-26T12:56:27.210+0000] {processor.py:183} INFO - Processing /home/airflow/.local/lib/python3.8/site-packages/airflow/example_dags/example_branch_python_dop_operator_3.py took 0.095 seconds
[2024-07-26T12:56:57.644+0000] {processor.py:161} INFO - Started process (PID=1017) to work on /home/airflow/.local/lib/python3.8/site-packages/airflow/example_dags/example_branch_python_dop_operator_3.py
[2024-07-26T12:56:57.645+0000] {processor.py:830} INFO - Processing file /home/airflow/.local/lib/python3.8/site-packages/airflow/example_dags/example_branch_python_dop_operator_3.py for tasks to queue
[2024-07-26T12:56:57.647+0000] {logging_mixin.py:188} INFO - [2024-07-26T12:56:57.647+0000] {dagbag.py:538} INFO - Filling up the DagBag from /home/airflow/.local/lib/python3.8/site-packages/airflow/example_dags/example_branch_python_dop_operator_3.py
[2024-07-26T12:56:57.658+0000] {processor.py:840} INFO - DAG(s) 'example_branch_dop_operator_v3' retrieved from /home/airflow/.local/lib/python3.8/site-packages/airflow/example_dags/example_branch_python_dop_operator_3.py
[2024-07-26T12:56:57.682+0000] {logging_mixin.py:188} INFO - [2024-07-26T12:56:57.681+0000] {dag.py:3036} INFO - Sync 1 DAGs
[2024-07-26T12:56:57.721+0000] {logging_mixin.py:188} INFO - [2024-07-26T12:56:57.721+0000] {dag.py:3823} INFO - Setting next_dagrun for example_branch_dop_operator_v3 to 2024-07-26 12:55:00+00:00, run_after=2024-07-26 12:56:00+00:00
[2024-07-26T12:56:57.745+0000] {processor.py:183} INFO - Processing /home/airflow/.local/lib/python3.8/site-packages/airflow/example_dags/example_branch_python_dop_operator_3.py took 0.104 seconds
[2024-07-26T12:57:28.218+0000] {processor.py:161} INFO - Started process (PID=1081) to work on /home/airflow/.local/lib/python3.8/site-packages/airflow/example_dags/example_branch_python_dop_operator_3.py
[2024-07-26T12:57:28.220+0000] {processor.py:830} INFO - Processing file /home/airflow/.local/lib/python3.8/site-packages/airflow/example_dags/example_branch_python_dop_operator_3.py for tasks to queue
[2024-07-26T12:57:28.221+0000] {logging_mixin.py:188} INFO - [2024-07-26T12:57:28.221+0000] {dagbag.py:538} INFO - Filling up the DagBag from /home/airflow/.local/lib/python3.8/site-packages/airflow/example_dags/example_branch_python_dop_operator_3.py
[2024-07-26T12:57:28.231+0000] {processor.py:840} INFO - DAG(s) 'example_branch_dop_operator_v3' retrieved from /home/airflow/.local/lib/python3.8/site-packages/airflow/example_dags/example_branch_python_dop_operator_3.py
[2024-07-26T12:57:28.256+0000] {logging_mixin.py:188} INFO - [2024-07-26T12:57:28.256+0000] {dag.py:3036} INFO - Sync 1 DAGs
[2024-07-26T12:57:28.290+0000] {logging_mixin.py:188} INFO - [2024-07-26T12:57:28.290+0000] {dag.py:3823} INFO - Setting next_dagrun for example_branch_dop_operator_v3 to 2024-07-26 12:56:00+00:00, run_after=2024-07-26 12:57:00+00:00
[2024-07-26T12:57:28.312+0000] {processor.py:183} INFO - Processing /home/airflow/.local/lib/python3.8/site-packages/airflow/example_dags/example_branch_python_dop_operator_3.py took 0.097 seconds
[2024-07-26T12:57:58.678+0000] {processor.py:161} INFO - Started process (PID=1145) to work on /home/airflow/.local/lib/python3.8/site-packages/airflow/example_dags/example_branch_python_dop_operator_3.py
[2024-07-26T12:57:58.679+0000] {processor.py:830} INFO - Processing file /home/airflow/.local/lib/python3.8/site-packages/airflow/example_dags/example_branch_python_dop_operator_3.py for tasks to queue
[2024-07-26T12:57:58.681+0000] {logging_mixin.py:188} INFO - [2024-07-26T12:57:58.681+0000] {dagbag.py:538} INFO - Filling up the DagBag from /home/airflow/.local/lib/python3.8/site-packages/airflow/example_dags/example_branch_python_dop_operator_3.py
[2024-07-26T12:57:58.694+0000] {processor.py:840} INFO - DAG(s) 'example_branch_dop_operator_v3' retrieved from /home/airflow/.local/lib/python3.8/site-packages/airflow/example_dags/example_branch_python_dop_operator_3.py
[2024-07-26T12:57:58.715+0000] {logging_mixin.py:188} INFO - [2024-07-26T12:57:58.714+0000] {dag.py:3036} INFO - Sync 1 DAGs
[2024-07-26T12:57:58.748+0000] {logging_mixin.py:188} INFO - [2024-07-26T12:57:58.748+0000] {dag.py:3823} INFO - Setting next_dagrun for example_branch_dop_operator_v3 to 2024-07-26 12:56:00+00:00, run_after=2024-07-26 12:57:00+00:00
[2024-07-26T12:57:58.773+0000] {processor.py:183} INFO - Processing /home/airflow/.local/lib/python3.8/site-packages/airflow/example_dags/example_branch_python_dop_operator_3.py took 0.098 seconds
[2024-07-26T12:58:28.935+0000] {processor.py:161} INFO - Started process (PID=1209) to work on /home/airflow/.local/lib/python3.8/site-packages/airflow/example_dags/example_branch_python_dop_operator_3.py
[2024-07-26T12:58:28.936+0000] {processor.py:830} INFO - Processing file /home/airflow/.local/lib/python3.8/site-packages/airflow/example_dags/example_branch_python_dop_operator_3.py for tasks to queue
[2024-07-26T12:58:28.938+0000] {logging_mixin.py:188} INFO - [2024-07-26T12:58:28.938+0000] {dagbag.py:538} INFO - Filling up the DagBag from /home/airflow/.local/lib/python3.8/site-packages/airflow/example_dags/example_branch_python_dop_operator_3.py
[2024-07-26T12:58:28.948+0000] {processor.py:840} INFO - DAG(s) 'example_branch_dop_operator_v3' retrieved from /home/airflow/.local/lib/python3.8/site-packages/airflow/example_dags/example_branch_python_dop_operator_3.py
[2024-07-26T12:58:28.970+0000] {logging_mixin.py:188} INFO - [2024-07-26T12:58:28.969+0000] {dag.py:3036} INFO - Sync 1 DAGs
[2024-07-26T12:58:29.001+0000] {logging_mixin.py:188} INFO - [2024-07-26T12:58:29.001+0000] {dag.py:3823} INFO - Setting next_dagrun for example_branch_dop_operator_v3 to 2024-07-26 12:57:00+00:00, run_after=2024-07-26 12:58:00+00:00
[2024-07-26T12:58:29.023+0000] {processor.py:183} INFO - Processing /home/airflow/.local/lib/python3.8/site-packages/airflow/example_dags/example_branch_python_dop_operator_3.py took 0.091 seconds
[2024-07-26T12:58:59.316+0000] {processor.py:161} INFO - Started process (PID=1273) to work on /home/airflow/.local/lib/python3.8/site-packages/airflow/example_dags/example_branch_python_dop_operator_3.py
[2024-07-26T12:58:59.317+0000] {processor.py:830} INFO - Processing file /home/airflow/.local/lib/python3.8/site-packages/airflow/example_dags/example_branch_python_dop_operator_3.py for tasks to queue
[2024-07-26T12:58:59.319+0000] {logging_mixin.py:188} INFO - [2024-07-26T12:58:59.319+0000] {dagbag.py:538} INFO - Filling up the DagBag from /home/airflow/.local/lib/python3.8/site-packages/airflow/example_dags/example_branch_python_dop_operator_3.py
[2024-07-26T12:58:59.330+0000] {processor.py:840} INFO - DAG(s) 'example_branch_dop_operator_v3' retrieved from /home/airflow/.local/lib/python3.8/site-packages/airflow/example_dags/example_branch_python_dop_operator_3.py
[2024-07-26T12:58:59.354+0000] {logging_mixin.py:188} INFO - [2024-07-26T12:58:59.353+0000] {dag.py:3036} INFO - Sync 1 DAGs
[2024-07-26T12:58:59.389+0000] {logging_mixin.py:188} INFO - [2024-07-26T12:58:59.389+0000] {dag.py:3823} INFO - Setting next_dagrun for example_branch_dop_operator_v3 to 2024-07-26 12:57:00+00:00, run_after=2024-07-26 12:58:00+00:00
[2024-07-26T12:58:59.408+0000] {processor.py:183} INFO - Processing /home/airflow/.local/lib/python3.8/site-packages/airflow/example_dags/example_branch_python_dop_operator_3.py took 0.097 seconds
