[2024-07-26T12:15:25.109+0000] {processor.py:161} INFO - Started process (PID=98) to work on /home/airflow/.local/lib/python3.8/site-packages/airflow/example_dags/example_task_group_decorator.py
[2024-07-26T12:15:25.109+0000] {processor.py:830} INFO - Processing file /home/airflow/.local/lib/python3.8/site-packages/airflow/example_dags/example_task_group_decorator.py for tasks to queue
[2024-07-26T12:15:25.112+0000] {logging_mixin.py:188} INFO - [2024-07-26T12:15:25.112+0000] {dagbag.py:538} INFO - Filling up the DagBag from /home/airflow/.local/lib/python3.8/site-packages/airflow/example_dags/example_task_group_decorator.py
[2024-07-26T12:15:25.147+0000] {processor.py:840} INFO - DAG(s) 'example_task_group_decorator' retrieved from /home/airflow/.local/lib/python3.8/site-packages/airflow/example_dags/example_task_group_decorator.py
[2024-07-26T12:15:25.305+0000] {logging_mixin.py:188} INFO - [2024-07-26T12:15:25.304+0000] {dag.py:3036} INFO - Sync 1 DAGs
[2024-07-26T12:15:25.331+0000] {logging_mixin.py:188} INFO - [2024-07-26T12:15:25.331+0000] {dag.py:3823} INFO - Setting next_dagrun for example_task_group_decorator to 2024-07-25 00:00:00+00:00, run_after=2024-07-26 00:00:00+00:00
[2024-07-26T12:15:25.362+0000] {processor.py:183} INFO - Processing /home/airflow/.local/lib/python3.8/site-packages/airflow/example_dags/example_task_group_decorator.py took 0.257 seconds
[2024-07-26T12:15:55.521+0000] {processor.py:161} INFO - Started process (PID=154) to work on /home/airflow/.local/lib/python3.8/site-packages/airflow/example_dags/example_task_group_decorator.py
[2024-07-26T12:15:55.523+0000] {processor.py:830} INFO - Processing file /home/airflow/.local/lib/python3.8/site-packages/airflow/example_dags/example_task_group_decorator.py for tasks to queue
[2024-07-26T12:15:55.525+0000] {logging_mixin.py:188} INFO - [2024-07-26T12:15:55.524+0000] {dagbag.py:538} INFO - Filling up the DagBag from /home/airflow/.local/lib/python3.8/site-packages/airflow/example_dags/example_task_group_decorator.py
[2024-07-26T12:15:55.542+0000] {processor.py:840} INFO - DAG(s) 'example_task_group_decorator' retrieved from /home/airflow/.local/lib/python3.8/site-packages/airflow/example_dags/example_task_group_decorator.py
[2024-07-26T12:15:55.572+0000] {logging_mixin.py:188} INFO - [2024-07-26T12:15:55.571+0000] {dag.py:3036} INFO - Sync 1 DAGs
[2024-07-26T12:15:55.597+0000] {logging_mixin.py:188} INFO - [2024-07-26T12:15:55.597+0000] {dag.py:3823} INFO - Setting next_dagrun for example_task_group_decorator to 2024-07-25 00:00:00+00:00, run_after=2024-07-26 00:00:00+00:00
[2024-07-26T12:15:55.619+0000] {processor.py:183} INFO - Processing /home/airflow/.local/lib/python3.8/site-packages/airflow/example_dags/example_task_group_decorator.py took 0.102 seconds
[2024-07-26T12:16:25.872+0000] {processor.py:161} INFO - Started process (PID=217) to work on /home/airflow/.local/lib/python3.8/site-packages/airflow/example_dags/example_task_group_decorator.py
[2024-07-26T12:16:25.873+0000] {processor.py:830} INFO - Processing file /home/airflow/.local/lib/python3.8/site-packages/airflow/example_dags/example_task_group_decorator.py for tasks to queue
[2024-07-26T12:16:25.875+0000] {logging_mixin.py:188} INFO - [2024-07-26T12:16:25.875+0000] {dagbag.py:538} INFO - Filling up the DagBag from /home/airflow/.local/lib/python3.8/site-packages/airflow/example_dags/example_task_group_decorator.py
[2024-07-26T12:16:25.890+0000] {processor.py:840} INFO - DAG(s) 'example_task_group_decorator' retrieved from /home/airflow/.local/lib/python3.8/site-packages/airflow/example_dags/example_task_group_decorator.py
[2024-07-26T12:16:25.916+0000] {logging_mixin.py:188} INFO - [2024-07-26T12:16:25.916+0000] {dag.py:3036} INFO - Sync 1 DAGs
[2024-07-26T12:16:25.939+0000] {logging_mixin.py:188} INFO - [2024-07-26T12:16:25.939+0000] {dag.py:3823} INFO - Setting next_dagrun for example_task_group_decorator to 2024-07-25 00:00:00+00:00, run_after=2024-07-26 00:00:00+00:00
[2024-07-26T12:16:25.958+0000] {processor.py:183} INFO - Processing /home/airflow/.local/lib/python3.8/site-packages/airflow/example_dags/example_task_group_decorator.py took 0.091 seconds
[2024-07-26T12:16:56.264+0000] {processor.py:161} INFO - Started process (PID=281) to work on /home/airflow/.local/lib/python3.8/site-packages/airflow/example_dags/example_task_group_decorator.py
[2024-07-26T12:16:56.265+0000] {processor.py:830} INFO - Processing file /home/airflow/.local/lib/python3.8/site-packages/airflow/example_dags/example_task_group_decorator.py for tasks to queue
[2024-07-26T12:16:56.267+0000] {logging_mixin.py:188} INFO - [2024-07-26T12:16:56.267+0000] {dagbag.py:538} INFO - Filling up the DagBag from /home/airflow/.local/lib/python3.8/site-packages/airflow/example_dags/example_task_group_decorator.py
[2024-07-26T12:16:56.290+0000] {processor.py:840} INFO - DAG(s) 'example_task_group_decorator' retrieved from /home/airflow/.local/lib/python3.8/site-packages/airflow/example_dags/example_task_group_decorator.py
[2024-07-26T12:16:56.323+0000] {logging_mixin.py:188} INFO - [2024-07-26T12:16:56.323+0000] {dag.py:3036} INFO - Sync 1 DAGs
[2024-07-26T12:16:56.349+0000] {logging_mixin.py:188} INFO - [2024-07-26T12:16:56.349+0000] {dag.py:3823} INFO - Setting next_dagrun for example_task_group_decorator to 2024-07-25 00:00:00+00:00, run_after=2024-07-26 00:00:00+00:00
[2024-07-26T12:16:56.371+0000] {processor.py:183} INFO - Processing /home/airflow/.local/lib/python3.8/site-packages/airflow/example_dags/example_task_group_decorator.py took 0.110 seconds
[2024-07-26T12:17:26.846+0000] {processor.py:161} INFO - Started process (PID=345) to work on /home/airflow/.local/lib/python3.8/site-packages/airflow/example_dags/example_task_group_decorator.py
[2024-07-26T12:17:26.847+0000] {processor.py:830} INFO - Processing file /home/airflow/.local/lib/python3.8/site-packages/airflow/example_dags/example_task_group_decorator.py for tasks to queue
[2024-07-26T12:17:26.850+0000] {logging_mixin.py:188} INFO - [2024-07-26T12:17:26.849+0000] {dagbag.py:538} INFO - Filling up the DagBag from /home/airflow/.local/lib/python3.8/site-packages/airflow/example_dags/example_task_group_decorator.py
[2024-07-26T12:17:26.867+0000] {processor.py:840} INFO - DAG(s) 'example_task_group_decorator' retrieved from /home/airflow/.local/lib/python3.8/site-packages/airflow/example_dags/example_task_group_decorator.py
[2024-07-26T12:17:26.897+0000] {logging_mixin.py:188} INFO - [2024-07-26T12:17:26.896+0000] {dag.py:3036} INFO - Sync 1 DAGs
[2024-07-26T12:17:26.921+0000] {logging_mixin.py:188} INFO - [2024-07-26T12:17:26.921+0000] {dag.py:3823} INFO - Setting next_dagrun for example_task_group_decorator to 2024-07-25 00:00:00+00:00, run_after=2024-07-26 00:00:00+00:00
[2024-07-26T12:17:26.940+0000] {processor.py:183} INFO - Processing /home/airflow/.local/lib/python3.8/site-packages/airflow/example_dags/example_task_group_decorator.py took 0.097 seconds
[2024-07-26T12:17:57.016+0000] {processor.py:161} INFO - Started process (PID=409) to work on /home/airflow/.local/lib/python3.8/site-packages/airflow/example_dags/example_task_group_decorator.py
[2024-07-26T12:17:57.017+0000] {processor.py:830} INFO - Processing file /home/airflow/.local/lib/python3.8/site-packages/airflow/example_dags/example_task_group_decorator.py for tasks to queue
[2024-07-26T12:17:57.019+0000] {logging_mixin.py:188} INFO - [2024-07-26T12:17:57.018+0000] {dagbag.py:538} INFO - Filling up the DagBag from /home/airflow/.local/lib/python3.8/site-packages/airflow/example_dags/example_task_group_decorator.py
[2024-07-26T12:17:57.038+0000] {processor.py:840} INFO - DAG(s) 'example_task_group_decorator' retrieved from /home/airflow/.local/lib/python3.8/site-packages/airflow/example_dags/example_task_group_decorator.py
[2024-07-26T12:17:57.077+0000] {logging_mixin.py:188} INFO - [2024-07-26T12:17:57.076+0000] {dag.py:3036} INFO - Sync 1 DAGs
[2024-07-26T12:17:57.104+0000] {logging_mixin.py:188} INFO - [2024-07-26T12:17:57.103+0000] {dag.py:3823} INFO - Setting next_dagrun for example_task_group_decorator to 2024-07-25 00:00:00+00:00, run_after=2024-07-26 00:00:00+00:00
[2024-07-26T12:17:57.128+0000] {processor.py:183} INFO - Processing /home/airflow/.local/lib/python3.8/site-packages/airflow/example_dags/example_task_group_decorator.py took 0.115 seconds
[2024-07-26T12:18:27.837+0000] {processor.py:161} INFO - Started process (PID=473) to work on /home/airflow/.local/lib/python3.8/site-packages/airflow/example_dags/example_task_group_decorator.py
[2024-07-26T12:18:27.838+0000] {processor.py:830} INFO - Processing file /home/airflow/.local/lib/python3.8/site-packages/airflow/example_dags/example_task_group_decorator.py for tasks to queue
[2024-07-26T12:18:27.841+0000] {logging_mixin.py:188} INFO - [2024-07-26T12:18:27.840+0000] {dagbag.py:538} INFO - Filling up the DagBag from /home/airflow/.local/lib/python3.8/site-packages/airflow/example_dags/example_task_group_decorator.py
[2024-07-26T12:18:27.867+0000] {processor.py:840} INFO - DAG(s) 'example_task_group_decorator' retrieved from /home/airflow/.local/lib/python3.8/site-packages/airflow/example_dags/example_task_group_decorator.py
[2024-07-26T12:18:27.902+0000] {logging_mixin.py:188} INFO - [2024-07-26T12:18:27.902+0000] {dag.py:3036} INFO - Sync 1 DAGs
[2024-07-26T12:18:27.929+0000] {logging_mixin.py:188} INFO - [2024-07-26T12:18:27.928+0000] {dag.py:3823} INFO - Setting next_dagrun for example_task_group_decorator to 2024-07-25 00:00:00+00:00, run_after=2024-07-26 00:00:00+00:00
[2024-07-26T12:18:27.952+0000] {processor.py:183} INFO - Processing /home/airflow/.local/lib/python3.8/site-packages/airflow/example_dags/example_task_group_decorator.py took 0.119 seconds
[2024-07-26T12:18:58.110+0000] {processor.py:161} INFO - Started process (PID=537) to work on /home/airflow/.local/lib/python3.8/site-packages/airflow/example_dags/example_task_group_decorator.py
[2024-07-26T12:18:58.111+0000] {processor.py:830} INFO - Processing file /home/airflow/.local/lib/python3.8/site-packages/airflow/example_dags/example_task_group_decorator.py for tasks to queue
[2024-07-26T12:18:58.113+0000] {logging_mixin.py:188} INFO - [2024-07-26T12:18:58.113+0000] {dagbag.py:538} INFO - Filling up the DagBag from /home/airflow/.local/lib/python3.8/site-packages/airflow/example_dags/example_task_group_decorator.py
[2024-07-26T12:18:58.138+0000] {processor.py:840} INFO - DAG(s) 'example_task_group_decorator' retrieved from /home/airflow/.local/lib/python3.8/site-packages/airflow/example_dags/example_task_group_decorator.py
[2024-07-26T12:18:58.173+0000] {logging_mixin.py:188} INFO - [2024-07-26T12:18:58.172+0000] {dag.py:3036} INFO - Sync 1 DAGs
[2024-07-26T12:18:58.205+0000] {logging_mixin.py:188} INFO - [2024-07-26T12:18:58.204+0000] {dag.py:3823} INFO - Setting next_dagrun for example_task_group_decorator to 2024-07-25 00:00:00+00:00, run_after=2024-07-26 00:00:00+00:00
[2024-07-26T12:18:58.228+0000] {processor.py:183} INFO - Processing /home/airflow/.local/lib/python3.8/site-packages/airflow/example_dags/example_task_group_decorator.py took 0.123 seconds
[2024-07-26T12:19:29.236+0000] {processor.py:161} INFO - Started process (PID=602) to work on /home/airflow/.local/lib/python3.8/site-packages/airflow/example_dags/example_task_group_decorator.py
[2024-07-26T12:19:29.238+0000] {processor.py:830} INFO - Processing file /home/airflow/.local/lib/python3.8/site-packages/airflow/example_dags/example_task_group_decorator.py for tasks to queue
[2024-07-26T12:19:29.240+0000] {logging_mixin.py:188} INFO - [2024-07-26T12:19:29.240+0000] {dagbag.py:538} INFO - Filling up the DagBag from /home/airflow/.local/lib/python3.8/site-packages/airflow/example_dags/example_task_group_decorator.py
[2024-07-26T12:19:29.266+0000] {processor.py:840} INFO - DAG(s) 'example_task_group_decorator' retrieved from /home/airflow/.local/lib/python3.8/site-packages/airflow/example_dags/example_task_group_decorator.py
[2024-07-26T12:19:29.300+0000] {logging_mixin.py:188} INFO - [2024-07-26T12:19:29.300+0000] {dag.py:3036} INFO - Sync 1 DAGs
[2024-07-26T12:19:29.326+0000] {logging_mixin.py:188} INFO - [2024-07-26T12:19:29.326+0000] {dag.py:3823} INFO - Setting next_dagrun for example_task_group_decorator to 2024-07-25 00:00:00+00:00, run_after=2024-07-26 00:00:00+00:00
[2024-07-26T12:19:29.363+0000] {processor.py:183} INFO - Processing /home/airflow/.local/lib/python3.8/site-packages/airflow/example_dags/example_task_group_decorator.py took 0.131 seconds
[2024-07-26T12:28:16.490+0000] {processor.py:161} INFO - Started process (PID=94) to work on /home/airflow/.local/lib/python3.8/site-packages/airflow/example_dags/example_task_group_decorator.py
[2024-07-26T12:28:16.491+0000] {processor.py:830} INFO - Processing file /home/airflow/.local/lib/python3.8/site-packages/airflow/example_dags/example_task_group_decorator.py for tasks to queue
[2024-07-26T12:28:16.493+0000] {logging_mixin.py:188} INFO - [2024-07-26T12:28:16.493+0000] {dagbag.py:538} INFO - Filling up the DagBag from /home/airflow/.local/lib/python3.8/site-packages/airflow/example_dags/example_task_group_decorator.py
[2024-07-26T12:28:16.516+0000] {processor.py:840} INFO - DAG(s) 'example_task_group_decorator' retrieved from /home/airflow/.local/lib/python3.8/site-packages/airflow/example_dags/example_task_group_decorator.py
[2024-07-26T12:28:16.665+0000] {logging_mixin.py:188} INFO - [2024-07-26T12:28:16.665+0000] {dag.py:3036} INFO - Sync 1 DAGs
[2024-07-26T12:28:16.694+0000] {logging_mixin.py:188} INFO - [2024-07-26T12:28:16.694+0000] {dag.py:3823} INFO - Setting next_dagrun for example_task_group_decorator to 2024-07-25 00:00:00+00:00, run_after=2024-07-26 00:00:00+00:00
[2024-07-26T12:28:16.725+0000] {processor.py:183} INFO - Processing /home/airflow/.local/lib/python3.8/site-packages/airflow/example_dags/example_task_group_decorator.py took 0.238 seconds
[2024-07-26T12:28:47.285+0000] {processor.py:161} INFO - Started process (PID=151) to work on /home/airflow/.local/lib/python3.8/site-packages/airflow/example_dags/example_task_group_decorator.py
[2024-07-26T12:28:47.286+0000] {processor.py:830} INFO - Processing file /home/airflow/.local/lib/python3.8/site-packages/airflow/example_dags/example_task_group_decorator.py for tasks to queue
[2024-07-26T12:28:47.288+0000] {logging_mixin.py:188} INFO - [2024-07-26T12:28:47.288+0000] {dagbag.py:538} INFO - Filling up the DagBag from /home/airflow/.local/lib/python3.8/site-packages/airflow/example_dags/example_task_group_decorator.py
[2024-07-26T12:28:47.308+0000] {processor.py:840} INFO - DAG(s) 'example_task_group_decorator' retrieved from /home/airflow/.local/lib/python3.8/site-packages/airflow/example_dags/example_task_group_decorator.py
[2024-07-26T12:28:47.337+0000] {logging_mixin.py:188} INFO - [2024-07-26T12:28:47.337+0000] {dag.py:3036} INFO - Sync 1 DAGs
[2024-07-26T12:28:47.361+0000] {logging_mixin.py:188} INFO - [2024-07-26T12:28:47.360+0000] {dag.py:3823} INFO - Setting next_dagrun for example_task_group_decorator to 2024-07-25 00:00:00+00:00, run_after=2024-07-26 00:00:00+00:00
[2024-07-26T12:28:47.383+0000] {processor.py:183} INFO - Processing /home/airflow/.local/lib/python3.8/site-packages/airflow/example_dags/example_task_group_decorator.py took 0.102 seconds
[2024-07-26T12:29:17.695+0000] {processor.py:161} INFO - Started process (PID=212) to work on /home/airflow/.local/lib/python3.8/site-packages/airflow/example_dags/example_task_group_decorator.py
[2024-07-26T12:29:17.696+0000] {processor.py:830} INFO - Processing file /home/airflow/.local/lib/python3.8/site-packages/airflow/example_dags/example_task_group_decorator.py for tasks to queue
[2024-07-26T12:29:17.698+0000] {logging_mixin.py:188} INFO - [2024-07-26T12:29:17.698+0000] {dagbag.py:538} INFO - Filling up the DagBag from /home/airflow/.local/lib/python3.8/site-packages/airflow/example_dags/example_task_group_decorator.py
[2024-07-26T12:29:17.717+0000] {processor.py:840} INFO - DAG(s) 'example_task_group_decorator' retrieved from /home/airflow/.local/lib/python3.8/site-packages/airflow/example_dags/example_task_group_decorator.py
[2024-07-26T12:29:17.744+0000] {logging_mixin.py:188} INFO - [2024-07-26T12:29:17.744+0000] {dag.py:3036} INFO - Sync 1 DAGs
[2024-07-26T12:29:17.767+0000] {logging_mixin.py:188} INFO - [2024-07-26T12:29:17.767+0000] {dag.py:3823} INFO - Setting next_dagrun for example_task_group_decorator to 2024-07-25 00:00:00+00:00, run_after=2024-07-26 00:00:00+00:00
[2024-07-26T12:29:17.787+0000] {processor.py:183} INFO - Processing /home/airflow/.local/lib/python3.8/site-packages/airflow/example_dags/example_task_group_decorator.py took 0.096 seconds
[2024-07-26T12:29:48.265+0000] {processor.py:161} INFO - Started process (PID=276) to work on /home/airflow/.local/lib/python3.8/site-packages/airflow/example_dags/example_task_group_decorator.py
[2024-07-26T12:29:48.267+0000] {processor.py:830} INFO - Processing file /home/airflow/.local/lib/python3.8/site-packages/airflow/example_dags/example_task_group_decorator.py for tasks to queue
[2024-07-26T12:29:48.270+0000] {logging_mixin.py:188} INFO - [2024-07-26T12:29:48.270+0000] {dagbag.py:538} INFO - Filling up the DagBag from /home/airflow/.local/lib/python3.8/site-packages/airflow/example_dags/example_task_group_decorator.py
[2024-07-26T12:29:48.297+0000] {processor.py:840} INFO - DAG(s) 'example_task_group_decorator' retrieved from /home/airflow/.local/lib/python3.8/site-packages/airflow/example_dags/example_task_group_decorator.py
[2024-07-26T12:29:48.350+0000] {logging_mixin.py:188} INFO - [2024-07-26T12:29:48.350+0000] {dag.py:3036} INFO - Sync 1 DAGs
[2024-07-26T12:29:48.386+0000] {logging_mixin.py:188} INFO - [2024-07-26T12:29:48.385+0000] {dag.py:3823} INFO - Setting next_dagrun for example_task_group_decorator to 2024-07-25 00:00:00+00:00, run_after=2024-07-26 00:00:00+00:00
[2024-07-26T12:29:48.411+0000] {processor.py:183} INFO - Processing /home/airflow/.local/lib/python3.8/site-packages/airflow/example_dags/example_task_group_decorator.py took 0.151 seconds
[2024-07-26T12:30:18.564+0000] {processor.py:161} INFO - Started process (PID=346) to work on /home/airflow/.local/lib/python3.8/site-packages/airflow/example_dags/example_task_group_decorator.py
[2024-07-26T12:30:18.566+0000] {processor.py:830} INFO - Processing file /home/airflow/.local/lib/python3.8/site-packages/airflow/example_dags/example_task_group_decorator.py for tasks to queue
[2024-07-26T12:30:18.568+0000] {logging_mixin.py:188} INFO - [2024-07-26T12:30:18.567+0000] {dagbag.py:538} INFO - Filling up the DagBag from /home/airflow/.local/lib/python3.8/site-packages/airflow/example_dags/example_task_group_decorator.py
[2024-07-26T12:30:18.586+0000] {processor.py:840} INFO - DAG(s) 'example_task_group_decorator' retrieved from /home/airflow/.local/lib/python3.8/site-packages/airflow/example_dags/example_task_group_decorator.py
[2024-07-26T12:30:18.615+0000] {logging_mixin.py:188} INFO - [2024-07-26T12:30:18.615+0000] {dag.py:3036} INFO - Sync 1 DAGs
[2024-07-26T12:30:18.640+0000] {logging_mixin.py:188} INFO - [2024-07-26T12:30:18.640+0000] {dag.py:3823} INFO - Setting next_dagrun for example_task_group_decorator to 2024-07-25 00:00:00+00:00, run_after=2024-07-26 00:00:00+00:00
[2024-07-26T12:30:18.661+0000] {processor.py:183} INFO - Processing /home/airflow/.local/lib/python3.8/site-packages/airflow/example_dags/example_task_group_decorator.py took 0.100 seconds
[2024-07-26T12:30:49.514+0000] {processor.py:161} INFO - Started process (PID=410) to work on /home/airflow/.local/lib/python3.8/site-packages/airflow/example_dags/example_task_group_decorator.py
[2024-07-26T12:30:49.515+0000] {processor.py:830} INFO - Processing file /home/airflow/.local/lib/python3.8/site-packages/airflow/example_dags/example_task_group_decorator.py for tasks to queue
[2024-07-26T12:30:49.518+0000] {logging_mixin.py:188} INFO - [2024-07-26T12:30:49.517+0000] {dagbag.py:538} INFO - Filling up the DagBag from /home/airflow/.local/lib/python3.8/site-packages/airflow/example_dags/example_task_group_decorator.py
[2024-07-26T12:30:49.535+0000] {processor.py:840} INFO - DAG(s) 'example_task_group_decorator' retrieved from /home/airflow/.local/lib/python3.8/site-packages/airflow/example_dags/example_task_group_decorator.py
[2024-07-26T12:30:49.568+0000] {logging_mixin.py:188} INFO - [2024-07-26T12:30:49.567+0000] {dag.py:3036} INFO - Sync 1 DAGs
[2024-07-26T12:30:49.597+0000] {logging_mixin.py:188} INFO - [2024-07-26T12:30:49.596+0000] {dag.py:3823} INFO - Setting next_dagrun for example_task_group_decorator to 2024-07-25 00:00:00+00:00, run_after=2024-07-26 00:00:00+00:00
[2024-07-26T12:30:49.623+0000] {processor.py:183} INFO - Processing /home/airflow/.local/lib/python3.8/site-packages/airflow/example_dags/example_task_group_decorator.py took 0.112 seconds
[2024-07-26T12:31:19.985+0000] {processor.py:161} INFO - Started process (PID=474) to work on /home/airflow/.local/lib/python3.8/site-packages/airflow/example_dags/example_task_group_decorator.py
[2024-07-26T12:31:19.986+0000] {processor.py:830} INFO - Processing file /home/airflow/.local/lib/python3.8/site-packages/airflow/example_dags/example_task_group_decorator.py for tasks to queue
[2024-07-26T12:31:19.989+0000] {logging_mixin.py:188} INFO - [2024-07-26T12:31:19.989+0000] {dagbag.py:538} INFO - Filling up the DagBag from /home/airflow/.local/lib/python3.8/site-packages/airflow/example_dags/example_task_group_decorator.py
[2024-07-26T12:31:20.015+0000] {processor.py:840} INFO - DAG(s) 'example_task_group_decorator' retrieved from /home/airflow/.local/lib/python3.8/site-packages/airflow/example_dags/example_task_group_decorator.py
[2024-07-26T12:31:20.056+0000] {logging_mixin.py:188} INFO - [2024-07-26T12:31:20.055+0000] {dag.py:3036} INFO - Sync 1 DAGs
[2024-07-26T12:31:20.094+0000] {logging_mixin.py:188} INFO - [2024-07-26T12:31:20.094+0000] {dag.py:3823} INFO - Setting next_dagrun for example_task_group_decorator to 2024-07-25 00:00:00+00:00, run_after=2024-07-26 00:00:00+00:00
[2024-07-26T12:31:20.121+0000] {processor.py:183} INFO - Processing /home/airflow/.local/lib/python3.8/site-packages/airflow/example_dags/example_task_group_decorator.py took 0.141 seconds
[2024-07-26T12:31:50.269+0000] {processor.py:161} INFO - Started process (PID=538) to work on /home/airflow/.local/lib/python3.8/site-packages/airflow/example_dags/example_task_group_decorator.py
[2024-07-26T12:31:50.271+0000] {processor.py:830} INFO - Processing file /home/airflow/.local/lib/python3.8/site-packages/airflow/example_dags/example_task_group_decorator.py for tasks to queue
[2024-07-26T12:31:50.273+0000] {logging_mixin.py:188} INFO - [2024-07-26T12:31:50.272+0000] {dagbag.py:538} INFO - Filling up the DagBag from /home/airflow/.local/lib/python3.8/site-packages/airflow/example_dags/example_task_group_decorator.py
[2024-07-26T12:31:50.292+0000] {processor.py:840} INFO - DAG(s) 'example_task_group_decorator' retrieved from /home/airflow/.local/lib/python3.8/site-packages/airflow/example_dags/example_task_group_decorator.py
[2024-07-26T12:31:50.324+0000] {logging_mixin.py:188} INFO - [2024-07-26T12:31:50.324+0000] {dag.py:3036} INFO - Sync 1 DAGs
[2024-07-26T12:31:50.354+0000] {logging_mixin.py:188} INFO - [2024-07-26T12:31:50.354+0000] {dag.py:3823} INFO - Setting next_dagrun for example_task_group_decorator to 2024-07-25 00:00:00+00:00, run_after=2024-07-26 00:00:00+00:00
[2024-07-26T12:31:50.379+0000] {processor.py:183} INFO - Processing /home/airflow/.local/lib/python3.8/site-packages/airflow/example_dags/example_task_group_decorator.py took 0.114 seconds
[2024-07-26T12:32:20.430+0000] {processor.py:161} INFO - Started process (PID=601) to work on /home/airflow/.local/lib/python3.8/site-packages/airflow/example_dags/example_task_group_decorator.py
[2024-07-26T12:32:20.432+0000] {processor.py:830} INFO - Processing file /home/airflow/.local/lib/python3.8/site-packages/airflow/example_dags/example_task_group_decorator.py for tasks to queue
[2024-07-26T12:32:20.433+0000] {logging_mixin.py:188} INFO - [2024-07-26T12:32:20.433+0000] {dagbag.py:538} INFO - Filling up the DagBag from /home/airflow/.local/lib/python3.8/site-packages/airflow/example_dags/example_task_group_decorator.py
[2024-07-26T12:32:20.451+0000] {processor.py:840} INFO - DAG(s) 'example_task_group_decorator' retrieved from /home/airflow/.local/lib/python3.8/site-packages/airflow/example_dags/example_task_group_decorator.py
[2024-07-26T12:32:20.486+0000] {logging_mixin.py:188} INFO - [2024-07-26T12:32:20.485+0000] {dag.py:3036} INFO - Sync 1 DAGs
[2024-07-26T12:32:20.514+0000] {logging_mixin.py:188} INFO - [2024-07-26T12:32:20.514+0000] {dag.py:3823} INFO - Setting next_dagrun for example_task_group_decorator to 2024-07-25 00:00:00+00:00, run_after=2024-07-26 00:00:00+00:00
[2024-07-26T12:32:20.537+0000] {processor.py:183} INFO - Processing /home/airflow/.local/lib/python3.8/site-packages/airflow/example_dags/example_task_group_decorator.py took 0.113 seconds
[2024-07-26T12:32:50.656+0000] {processor.py:161} INFO - Started process (PID=665) to work on /home/airflow/.local/lib/python3.8/site-packages/airflow/example_dags/example_task_group_decorator.py
[2024-07-26T12:32:50.657+0000] {processor.py:830} INFO - Processing file /home/airflow/.local/lib/python3.8/site-packages/airflow/example_dags/example_task_group_decorator.py for tasks to queue
[2024-07-26T12:32:50.659+0000] {logging_mixin.py:188} INFO - [2024-07-26T12:32:50.659+0000] {dagbag.py:538} INFO - Filling up the DagBag from /home/airflow/.local/lib/python3.8/site-packages/airflow/example_dags/example_task_group_decorator.py
[2024-07-26T12:32:50.674+0000] {processor.py:840} INFO - DAG(s) 'example_task_group_decorator' retrieved from /home/airflow/.local/lib/python3.8/site-packages/airflow/example_dags/example_task_group_decorator.py
[2024-07-26T12:32:50.702+0000] {logging_mixin.py:188} INFO - [2024-07-26T12:32:50.702+0000] {dag.py:3036} INFO - Sync 1 DAGs
[2024-07-26T12:32:50.726+0000] {logging_mixin.py:188} INFO - [2024-07-26T12:32:50.726+0000] {dag.py:3823} INFO - Setting next_dagrun for example_task_group_decorator to 2024-07-25 00:00:00+00:00, run_after=2024-07-26 00:00:00+00:00
[2024-07-26T12:32:50.744+0000] {processor.py:183} INFO - Processing /home/airflow/.local/lib/python3.8/site-packages/airflow/example_dags/example_task_group_decorator.py took 0.092 seconds
[2024-07-26T12:33:21.352+0000] {processor.py:161} INFO - Started process (PID=730) to work on /home/airflow/.local/lib/python3.8/site-packages/airflow/example_dags/example_task_group_decorator.py
[2024-07-26T12:33:21.354+0000] {processor.py:830} INFO - Processing file /home/airflow/.local/lib/python3.8/site-packages/airflow/example_dags/example_task_group_decorator.py for tasks to queue
[2024-07-26T12:33:21.356+0000] {logging_mixin.py:188} INFO - [2024-07-26T12:33:21.356+0000] {dagbag.py:538} INFO - Filling up the DagBag from /home/airflow/.local/lib/python3.8/site-packages/airflow/example_dags/example_task_group_decorator.py
[2024-07-26T12:33:21.372+0000] {processor.py:840} INFO - DAG(s) 'example_task_group_decorator' retrieved from /home/airflow/.local/lib/python3.8/site-packages/airflow/example_dags/example_task_group_decorator.py
[2024-07-26T12:33:21.401+0000] {logging_mixin.py:188} INFO - [2024-07-26T12:33:21.401+0000] {dag.py:3036} INFO - Sync 1 DAGs
[2024-07-26T12:33:21.425+0000] {logging_mixin.py:188} INFO - [2024-07-26T12:33:21.425+0000] {dag.py:3823} INFO - Setting next_dagrun for example_task_group_decorator to 2024-07-25 00:00:00+00:00, run_after=2024-07-26 00:00:00+00:00
[2024-07-26T12:33:21.445+0000] {processor.py:183} INFO - Processing /home/airflow/.local/lib/python3.8/site-packages/airflow/example_dags/example_task_group_decorator.py took 0.096 seconds
[2024-07-26T12:33:51.853+0000] {processor.py:161} INFO - Started process (PID=794) to work on /home/airflow/.local/lib/python3.8/site-packages/airflow/example_dags/example_task_group_decorator.py
[2024-07-26T12:33:51.854+0000] {processor.py:830} INFO - Processing file /home/airflow/.local/lib/python3.8/site-packages/airflow/example_dags/example_task_group_decorator.py for tasks to queue
[2024-07-26T12:33:51.857+0000] {logging_mixin.py:188} INFO - [2024-07-26T12:33:51.856+0000] {dagbag.py:538} INFO - Filling up the DagBag from /home/airflow/.local/lib/python3.8/site-packages/airflow/example_dags/example_task_group_decorator.py
[2024-07-26T12:33:51.873+0000] {processor.py:840} INFO - DAG(s) 'example_task_group_decorator' retrieved from /home/airflow/.local/lib/python3.8/site-packages/airflow/example_dags/example_task_group_decorator.py
[2024-07-26T12:33:51.900+0000] {logging_mixin.py:188} INFO - [2024-07-26T12:33:51.900+0000] {dag.py:3036} INFO - Sync 1 DAGs
[2024-07-26T12:33:51.926+0000] {logging_mixin.py:188} INFO - [2024-07-26T12:33:51.926+0000] {dag.py:3823} INFO - Setting next_dagrun for example_task_group_decorator to 2024-07-25 00:00:00+00:00, run_after=2024-07-26 00:00:00+00:00
[2024-07-26T12:33:51.946+0000] {processor.py:183} INFO - Processing /home/airflow/.local/lib/python3.8/site-packages/airflow/example_dags/example_task_group_decorator.py took 0.097 seconds
[2024-07-26T12:34:22.210+0000] {processor.py:161} INFO - Started process (PID=858) to work on /home/airflow/.local/lib/python3.8/site-packages/airflow/example_dags/example_task_group_decorator.py
[2024-07-26T12:34:22.212+0000] {processor.py:830} INFO - Processing file /home/airflow/.local/lib/python3.8/site-packages/airflow/example_dags/example_task_group_decorator.py for tasks to queue
[2024-07-26T12:34:22.214+0000] {logging_mixin.py:188} INFO - [2024-07-26T12:34:22.213+0000] {dagbag.py:538} INFO - Filling up the DagBag from /home/airflow/.local/lib/python3.8/site-packages/airflow/example_dags/example_task_group_decorator.py
[2024-07-26T12:34:22.230+0000] {processor.py:840} INFO - DAG(s) 'example_task_group_decorator' retrieved from /home/airflow/.local/lib/python3.8/site-packages/airflow/example_dags/example_task_group_decorator.py
[2024-07-26T12:34:22.258+0000] {logging_mixin.py:188} INFO - [2024-07-26T12:34:22.258+0000] {dag.py:3036} INFO - Sync 1 DAGs
[2024-07-26T12:34:22.284+0000] {logging_mixin.py:188} INFO - [2024-07-26T12:34:22.283+0000] {dag.py:3823} INFO - Setting next_dagrun for example_task_group_decorator to 2024-07-25 00:00:00+00:00, run_after=2024-07-26 00:00:00+00:00
[2024-07-26T12:34:22.303+0000] {processor.py:183} INFO - Processing /home/airflow/.local/lib/python3.8/site-packages/airflow/example_dags/example_task_group_decorator.py took 0.097 seconds
[2024-07-26T12:34:52.513+0000] {processor.py:161} INFO - Started process (PID=922) to work on /home/airflow/.local/lib/python3.8/site-packages/airflow/example_dags/example_task_group_decorator.py
[2024-07-26T12:34:52.515+0000] {processor.py:830} INFO - Processing file /home/airflow/.local/lib/python3.8/site-packages/airflow/example_dags/example_task_group_decorator.py for tasks to queue
[2024-07-26T12:34:52.517+0000] {logging_mixin.py:188} INFO - [2024-07-26T12:34:52.516+0000] {dagbag.py:538} INFO - Filling up the DagBag from /home/airflow/.local/lib/python3.8/site-packages/airflow/example_dags/example_task_group_decorator.py
[2024-07-26T12:34:52.533+0000] {processor.py:840} INFO - DAG(s) 'example_task_group_decorator' retrieved from /home/airflow/.local/lib/python3.8/site-packages/airflow/example_dags/example_task_group_decorator.py
[2024-07-26T12:34:52.562+0000] {logging_mixin.py:188} INFO - [2024-07-26T12:34:52.561+0000] {dag.py:3036} INFO - Sync 1 DAGs
[2024-07-26T12:34:52.586+0000] {logging_mixin.py:188} INFO - [2024-07-26T12:34:52.586+0000] {dag.py:3823} INFO - Setting next_dagrun for example_task_group_decorator to 2024-07-25 00:00:00+00:00, run_after=2024-07-26 00:00:00+00:00
[2024-07-26T12:34:52.606+0000] {processor.py:183} INFO - Processing /home/airflow/.local/lib/python3.8/site-packages/airflow/example_dags/example_task_group_decorator.py took 0.096 seconds
[2024-07-26T12:35:22.680+0000] {processor.py:161} INFO - Started process (PID=986) to work on /home/airflow/.local/lib/python3.8/site-packages/airflow/example_dags/example_task_group_decorator.py
[2024-07-26T12:35:22.681+0000] {processor.py:830} INFO - Processing file /home/airflow/.local/lib/python3.8/site-packages/airflow/example_dags/example_task_group_decorator.py for tasks to queue
[2024-07-26T12:35:22.683+0000] {logging_mixin.py:188} INFO - [2024-07-26T12:35:22.683+0000] {dagbag.py:538} INFO - Filling up the DagBag from /home/airflow/.local/lib/python3.8/site-packages/airflow/example_dags/example_task_group_decorator.py
[2024-07-26T12:35:22.702+0000] {processor.py:840} INFO - DAG(s) 'example_task_group_decorator' retrieved from /home/airflow/.local/lib/python3.8/site-packages/airflow/example_dags/example_task_group_decorator.py
[2024-07-26T12:35:22.731+0000] {logging_mixin.py:188} INFO - [2024-07-26T12:35:22.731+0000] {dag.py:3036} INFO - Sync 1 DAGs
[2024-07-26T12:35:22.755+0000] {logging_mixin.py:188} INFO - [2024-07-26T12:35:22.755+0000] {dag.py:3823} INFO - Setting next_dagrun for example_task_group_decorator to 2024-07-25 00:00:00+00:00, run_after=2024-07-26 00:00:00+00:00
[2024-07-26T12:35:22.777+0000] {processor.py:183} INFO - Processing /home/airflow/.local/lib/python3.8/site-packages/airflow/example_dags/example_task_group_decorator.py took 0.101 seconds
[2024-07-26T12:35:52.925+0000] {processor.py:161} INFO - Started process (PID=1050) to work on /home/airflow/.local/lib/python3.8/site-packages/airflow/example_dags/example_task_group_decorator.py
[2024-07-26T12:35:52.926+0000] {processor.py:830} INFO - Processing file /home/airflow/.local/lib/python3.8/site-packages/airflow/example_dags/example_task_group_decorator.py for tasks to queue
[2024-07-26T12:35:52.929+0000] {logging_mixin.py:188} INFO - [2024-07-26T12:35:52.929+0000] {dagbag.py:538} INFO - Filling up the DagBag from /home/airflow/.local/lib/python3.8/site-packages/airflow/example_dags/example_task_group_decorator.py
[2024-07-26T12:35:52.949+0000] {processor.py:840} INFO - DAG(s) 'example_task_group_decorator' retrieved from /home/airflow/.local/lib/python3.8/site-packages/airflow/example_dags/example_task_group_decorator.py
[2024-07-26T12:35:52.978+0000] {logging_mixin.py:188} INFO - [2024-07-26T12:35:52.977+0000] {dag.py:3036} INFO - Sync 1 DAGs
[2024-07-26T12:35:53.005+0000] {logging_mixin.py:188} INFO - [2024-07-26T12:35:53.004+0000] {dag.py:3823} INFO - Setting next_dagrun for example_task_group_decorator to 2024-07-25 00:00:00+00:00, run_after=2024-07-26 00:00:00+00:00
[2024-07-26T12:35:53.026+0000] {processor.py:183} INFO - Processing /home/airflow/.local/lib/python3.8/site-packages/airflow/example_dags/example_task_group_decorator.py took 0.105 seconds
[2024-07-26T12:36:23.373+0000] {processor.py:161} INFO - Started process (PID=1114) to work on /home/airflow/.local/lib/python3.8/site-packages/airflow/example_dags/example_task_group_decorator.py
[2024-07-26T12:36:23.375+0000] {processor.py:830} INFO - Processing file /home/airflow/.local/lib/python3.8/site-packages/airflow/example_dags/example_task_group_decorator.py for tasks to queue
[2024-07-26T12:36:23.377+0000] {logging_mixin.py:188} INFO - [2024-07-26T12:36:23.377+0000] {dagbag.py:538} INFO - Filling up the DagBag from /home/airflow/.local/lib/python3.8/site-packages/airflow/example_dags/example_task_group_decorator.py
[2024-07-26T12:36:23.401+0000] {processor.py:840} INFO - DAG(s) 'example_task_group_decorator' retrieved from /home/airflow/.local/lib/python3.8/site-packages/airflow/example_dags/example_task_group_decorator.py
[2024-07-26T12:36:23.442+0000] {logging_mixin.py:188} INFO - [2024-07-26T12:36:23.441+0000] {dag.py:3036} INFO - Sync 1 DAGs
[2024-07-26T12:36:23.494+0000] {logging_mixin.py:188} INFO - [2024-07-26T12:36:23.493+0000] {dag.py:3823} INFO - Setting next_dagrun for example_task_group_decorator to 2024-07-25 00:00:00+00:00, run_after=2024-07-26 00:00:00+00:00
[2024-07-26T12:36:23.541+0000] {processor.py:183} INFO - Processing /home/airflow/.local/lib/python3.8/site-packages/airflow/example_dags/example_task_group_decorator.py took 0.171 seconds
[2024-07-26T12:36:53.814+0000] {processor.py:161} INFO - Started process (PID=1178) to work on /home/airflow/.local/lib/python3.8/site-packages/airflow/example_dags/example_task_group_decorator.py
[2024-07-26T12:36:53.815+0000] {processor.py:830} INFO - Processing file /home/airflow/.local/lib/python3.8/site-packages/airflow/example_dags/example_task_group_decorator.py for tasks to queue
[2024-07-26T12:36:53.817+0000] {logging_mixin.py:188} INFO - [2024-07-26T12:36:53.817+0000] {dagbag.py:538} INFO - Filling up the DagBag from /home/airflow/.local/lib/python3.8/site-packages/airflow/example_dags/example_task_group_decorator.py
[2024-07-26T12:36:53.833+0000] {processor.py:840} INFO - DAG(s) 'example_task_group_decorator' retrieved from /home/airflow/.local/lib/python3.8/site-packages/airflow/example_dags/example_task_group_decorator.py
[2024-07-26T12:36:53.860+0000] {logging_mixin.py:188} INFO - [2024-07-26T12:36:53.860+0000] {dag.py:3036} INFO - Sync 1 DAGs
[2024-07-26T12:36:53.883+0000] {logging_mixin.py:188} INFO - [2024-07-26T12:36:53.883+0000] {dag.py:3823} INFO - Setting next_dagrun for example_task_group_decorator to 2024-07-25 00:00:00+00:00, run_after=2024-07-26 00:00:00+00:00
[2024-07-26T12:36:53.903+0000] {processor.py:183} INFO - Processing /home/airflow/.local/lib/python3.8/site-packages/airflow/example_dags/example_task_group_decorator.py took 0.092 seconds
[2024-07-26T12:37:24.276+0000] {processor.py:161} INFO - Started process (PID=1242) to work on /home/airflow/.local/lib/python3.8/site-packages/airflow/example_dags/example_task_group_decorator.py
[2024-07-26T12:37:24.278+0000] {processor.py:830} INFO - Processing file /home/airflow/.local/lib/python3.8/site-packages/airflow/example_dags/example_task_group_decorator.py for tasks to queue
[2024-07-26T12:37:24.281+0000] {logging_mixin.py:188} INFO - [2024-07-26T12:37:24.280+0000] {dagbag.py:538} INFO - Filling up the DagBag from /home/airflow/.local/lib/python3.8/site-packages/airflow/example_dags/example_task_group_decorator.py
[2024-07-26T12:37:24.298+0000] {processor.py:840} INFO - DAG(s) 'example_task_group_decorator' retrieved from /home/airflow/.local/lib/python3.8/site-packages/airflow/example_dags/example_task_group_decorator.py
[2024-07-26T12:37:24.326+0000] {logging_mixin.py:188} INFO - [2024-07-26T12:37:24.326+0000] {dag.py:3036} INFO - Sync 1 DAGs
[2024-07-26T12:37:24.355+0000] {logging_mixin.py:188} INFO - [2024-07-26T12:37:24.355+0000] {dag.py:3823} INFO - Setting next_dagrun for example_task_group_decorator to 2024-07-25 00:00:00+00:00, run_after=2024-07-26 00:00:00+00:00
[2024-07-26T12:37:24.376+0000] {processor.py:183} INFO - Processing /home/airflow/.local/lib/python3.8/site-packages/airflow/example_dags/example_task_group_decorator.py took 0.104 seconds
[2024-07-26T12:38:51.317+0000] {processor.py:161} INFO - Started process (PID=88) to work on /home/airflow/.local/lib/python3.8/site-packages/airflow/example_dags/example_task_group_decorator.py
[2024-07-26T12:38:51.318+0000] {processor.py:830} INFO - Processing file /home/airflow/.local/lib/python3.8/site-packages/airflow/example_dags/example_task_group_decorator.py for tasks to queue
[2024-07-26T12:38:51.320+0000] {logging_mixin.py:188} INFO - [2024-07-26T12:38:51.320+0000] {dagbag.py:538} INFO - Filling up the DagBag from /home/airflow/.local/lib/python3.8/site-packages/airflow/example_dags/example_task_group_decorator.py
[2024-07-26T12:38:51.347+0000] {processor.py:840} INFO - DAG(s) 'example_task_group_decorator' retrieved from /home/airflow/.local/lib/python3.8/site-packages/airflow/example_dags/example_task_group_decorator.py
[2024-07-26T12:38:51.361+0000] {logging_mixin.py:188} INFO - [2024-07-26T12:38:51.361+0000] {dag.py:3036} INFO - Sync 1 DAGs
[2024-07-26T12:38:51.392+0000] {logging_mixin.py:188} INFO - [2024-07-26T12:38:51.392+0000] {dag.py:3823} INFO - Setting next_dagrun for example_task_group_decorator to 2024-07-25 00:00:00+00:00, run_after=2024-07-26 00:00:00+00:00
[2024-07-26T12:38:51.413+0000] {processor.py:183} INFO - Processing /home/airflow/.local/lib/python3.8/site-packages/airflow/example_dags/example_task_group_decorator.py took 0.100 seconds
[2024-07-26T12:39:21.582+0000] {processor.py:161} INFO - Started process (PID=143) to work on /home/airflow/.local/lib/python3.8/site-packages/airflow/example_dags/example_task_group_decorator.py
[2024-07-26T12:39:21.583+0000] {processor.py:830} INFO - Processing file /home/airflow/.local/lib/python3.8/site-packages/airflow/example_dags/example_task_group_decorator.py for tasks to queue
[2024-07-26T12:39:21.586+0000] {logging_mixin.py:188} INFO - [2024-07-26T12:39:21.585+0000] {dagbag.py:538} INFO - Filling up the DagBag from /home/airflow/.local/lib/python3.8/site-packages/airflow/example_dags/example_task_group_decorator.py
[2024-07-26T12:39:21.605+0000] {processor.py:840} INFO - DAG(s) 'example_task_group_decorator' retrieved from /home/airflow/.local/lib/python3.8/site-packages/airflow/example_dags/example_task_group_decorator.py
[2024-07-26T12:39:21.747+0000] {logging_mixin.py:188} INFO - [2024-07-26T12:39:21.746+0000] {dag.py:3036} INFO - Sync 1 DAGs
[2024-07-26T12:39:21.771+0000] {logging_mixin.py:188} INFO - [2024-07-26T12:39:21.771+0000] {dag.py:3823} INFO - Setting next_dagrun for example_task_group_decorator to 2024-07-25 00:00:00+00:00, run_after=2024-07-26 00:00:00+00:00
[2024-07-26T12:39:21.795+0000] {processor.py:183} INFO - Processing /home/airflow/.local/lib/python3.8/site-packages/airflow/example_dags/example_task_group_decorator.py took 0.217 seconds
[2024-07-26T12:43:16.531+0000] {processor.py:161} INFO - Started process (PID=93) to work on /home/airflow/.local/lib/python3.8/site-packages/airflow/example_dags/example_task_group_decorator.py
[2024-07-26T12:43:16.532+0000] {processor.py:830} INFO - Processing file /home/airflow/.local/lib/python3.8/site-packages/airflow/example_dags/example_task_group_decorator.py for tasks to queue
[2024-07-26T12:43:16.534+0000] {logging_mixin.py:188} INFO - [2024-07-26T12:43:16.534+0000] {dagbag.py:538} INFO - Filling up the DagBag from /home/airflow/.local/lib/python3.8/site-packages/airflow/example_dags/example_task_group_decorator.py
[2024-07-26T12:43:16.556+0000] {processor.py:840} INFO - DAG(s) 'example_task_group_decorator' retrieved from /home/airflow/.local/lib/python3.8/site-packages/airflow/example_dags/example_task_group_decorator.py
[2024-07-26T12:43:16.708+0000] {logging_mixin.py:188} INFO - [2024-07-26T12:43:16.707+0000] {dag.py:3036} INFO - Sync 1 DAGs
[2024-07-26T12:43:16.731+0000] {logging_mixin.py:188} INFO - [2024-07-26T12:43:16.731+0000] {dag.py:3823} INFO - Setting next_dagrun for example_task_group_decorator to 2024-07-25 00:00:00+00:00, run_after=2024-07-26 00:00:00+00:00
[2024-07-26T12:43:16.753+0000] {processor.py:183} INFO - Processing /home/airflow/.local/lib/python3.8/site-packages/airflow/example_dags/example_task_group_decorator.py took 0.226 seconds
[2024-07-26T12:43:47.490+0000] {processor.py:161} INFO - Started process (PID=150) to work on /home/airflow/.local/lib/python3.8/site-packages/airflow/example_dags/example_task_group_decorator.py
[2024-07-26T12:43:47.492+0000] {processor.py:830} INFO - Processing file /home/airflow/.local/lib/python3.8/site-packages/airflow/example_dags/example_task_group_decorator.py for tasks to queue
[2024-07-26T12:43:47.493+0000] {logging_mixin.py:188} INFO - [2024-07-26T12:43:47.493+0000] {dagbag.py:538} INFO - Filling up the DagBag from /home/airflow/.local/lib/python3.8/site-packages/airflow/example_dags/example_task_group_decorator.py
[2024-07-26T12:43:47.511+0000] {processor.py:840} INFO - DAG(s) 'example_task_group_decorator' retrieved from /home/airflow/.local/lib/python3.8/site-packages/airflow/example_dags/example_task_group_decorator.py
[2024-07-26T12:43:47.545+0000] {logging_mixin.py:188} INFO - [2024-07-26T12:43:47.544+0000] {dag.py:3036} INFO - Sync 1 DAGs
[2024-07-26T12:43:47.575+0000] {logging_mixin.py:188} INFO - [2024-07-26T12:43:47.575+0000] {dag.py:3823} INFO - Setting next_dagrun for example_task_group_decorator to 2024-07-25 00:00:00+00:00, run_after=2024-07-26 00:00:00+00:00
[2024-07-26T12:43:47.600+0000] {processor.py:183} INFO - Processing /home/airflow/.local/lib/python3.8/site-packages/airflow/example_dags/example_task_group_decorator.py took 0.112 seconds
[2024-07-26T12:44:17.645+0000] {processor.py:161} INFO - Started process (PID=212) to work on /home/airflow/.local/lib/python3.8/site-packages/airflow/example_dags/example_task_group_decorator.py
[2024-07-26T12:44:17.646+0000] {processor.py:830} INFO - Processing file /home/airflow/.local/lib/python3.8/site-packages/airflow/example_dags/example_task_group_decorator.py for tasks to queue
[2024-07-26T12:44:17.648+0000] {logging_mixin.py:188} INFO - [2024-07-26T12:44:17.648+0000] {dagbag.py:538} INFO - Filling up the DagBag from /home/airflow/.local/lib/python3.8/site-packages/airflow/example_dags/example_task_group_decorator.py
[2024-07-26T12:44:17.667+0000] {processor.py:840} INFO - DAG(s) 'example_task_group_decorator' retrieved from /home/airflow/.local/lib/python3.8/site-packages/airflow/example_dags/example_task_group_decorator.py
[2024-07-26T12:44:17.698+0000] {logging_mixin.py:188} INFO - [2024-07-26T12:44:17.698+0000] {dag.py:3036} INFO - Sync 1 DAGs
[2024-07-26T12:44:17.723+0000] {logging_mixin.py:188} INFO - [2024-07-26T12:44:17.723+0000] {dag.py:3823} INFO - Setting next_dagrun for example_task_group_decorator to 2024-07-25 00:00:00+00:00, run_after=2024-07-26 00:00:00+00:00
[2024-07-26T12:44:17.749+0000] {processor.py:183} INFO - Processing /home/airflow/.local/lib/python3.8/site-packages/airflow/example_dags/example_task_group_decorator.py took 0.108 seconds
[2024-07-26T12:49:44.086+0000] {processor.py:161} INFO - Started process (PID=86) to work on /home/airflow/.local/lib/python3.8/site-packages/airflow/example_dags/example_task_group_decorator.py
[2024-07-26T12:49:44.088+0000] {processor.py:830} INFO - Processing file /home/airflow/.local/lib/python3.8/site-packages/airflow/example_dags/example_task_group_decorator.py for tasks to queue
[2024-07-26T12:49:44.092+0000] {logging_mixin.py:188} INFO - [2024-07-26T12:49:44.092+0000] {dagbag.py:538} INFO - Filling up the DagBag from /home/airflow/.local/lib/python3.8/site-packages/airflow/example_dags/example_task_group_decorator.py
[2024-07-26T12:49:44.115+0000] {processor.py:840} INFO - DAG(s) 'example_task_group_decorator' retrieved from /home/airflow/.local/lib/python3.8/site-packages/airflow/example_dags/example_task_group_decorator.py
[2024-07-26T12:49:44.130+0000] {logging_mixin.py:188} INFO - [2024-07-26T12:49:44.130+0000] {dag.py:3036} INFO - Sync 1 DAGs
[2024-07-26T12:49:44.162+0000] {logging_mixin.py:188} INFO - [2024-07-26T12:49:44.161+0000] {dag.py:3823} INFO - Setting next_dagrun for example_task_group_decorator to 2024-07-25 00:00:00+00:00, run_after=2024-07-26 00:00:00+00:00
[2024-07-26T12:49:44.189+0000] {processor.py:183} INFO - Processing /home/airflow/.local/lib/python3.8/site-packages/airflow/example_dags/example_task_group_decorator.py took 0.112 seconds
[2024-07-26T12:50:14.499+0000] {processor.py:161} INFO - Started process (PID=148) to work on /home/airflow/.local/lib/python3.8/site-packages/airflow/example_dags/example_task_group_decorator.py
[2024-07-26T12:50:14.500+0000] {processor.py:830} INFO - Processing file /home/airflow/.local/lib/python3.8/site-packages/airflow/example_dags/example_task_group_decorator.py for tasks to queue
[2024-07-26T12:50:14.502+0000] {logging_mixin.py:188} INFO - [2024-07-26T12:50:14.501+0000] {dagbag.py:538} INFO - Filling up the DagBag from /home/airflow/.local/lib/python3.8/site-packages/airflow/example_dags/example_task_group_decorator.py
[2024-07-26T12:50:14.518+0000] {processor.py:840} INFO - DAG(s) 'example_task_group_decorator' retrieved from /home/airflow/.local/lib/python3.8/site-packages/airflow/example_dags/example_task_group_decorator.py
[2024-07-26T12:50:14.648+0000] {logging_mixin.py:188} INFO - [2024-07-26T12:50:14.648+0000] {dag.py:3036} INFO - Sync 1 DAGs
[2024-07-26T12:50:14.674+0000] {logging_mixin.py:188} INFO - [2024-07-26T12:50:14.673+0000] {dag.py:3823} INFO - Setting next_dagrun for example_task_group_decorator to 2024-07-25 00:00:00+00:00, run_after=2024-07-26 00:00:00+00:00
[2024-07-26T12:50:14.703+0000] {processor.py:183} INFO - Processing /home/airflow/.local/lib/python3.8/site-packages/airflow/example_dags/example_task_group_decorator.py took 0.208 seconds
[2024-07-26T12:50:44.924+0000] {processor.py:161} INFO - Started process (PID=212) to work on /home/airflow/.local/lib/python3.8/site-packages/airflow/example_dags/example_task_group_decorator.py
[2024-07-26T12:50:44.925+0000] {processor.py:830} INFO - Processing file /home/airflow/.local/lib/python3.8/site-packages/airflow/example_dags/example_task_group_decorator.py for tasks to queue
[2024-07-26T12:50:44.927+0000] {logging_mixin.py:188} INFO - [2024-07-26T12:50:44.926+0000] {dagbag.py:538} INFO - Filling up the DagBag from /home/airflow/.local/lib/python3.8/site-packages/airflow/example_dags/example_task_group_decorator.py
[2024-07-26T12:50:44.947+0000] {processor.py:840} INFO - DAG(s) 'example_task_group_decorator' retrieved from /home/airflow/.local/lib/python3.8/site-packages/airflow/example_dags/example_task_group_decorator.py
[2024-07-26T12:50:44.972+0000] {logging_mixin.py:188} INFO - [2024-07-26T12:50:44.972+0000] {dag.py:3036} INFO - Sync 1 DAGs
[2024-07-26T12:50:44.997+0000] {logging_mixin.py:188} INFO - [2024-07-26T12:50:44.996+0000] {dag.py:3823} INFO - Setting next_dagrun for example_task_group_decorator to 2024-07-25 00:00:00+00:00, run_after=2024-07-26 00:00:00+00:00
[2024-07-26T12:50:45.016+0000] {processor.py:183} INFO - Processing /home/airflow/.local/lib/python3.8/site-packages/airflow/example_dags/example_task_group_decorator.py took 0.095 seconds
[2024-07-26T12:51:15.961+0000] {processor.py:161} INFO - Started process (PID=276) to work on /home/airflow/.local/lib/python3.8/site-packages/airflow/example_dags/example_task_group_decorator.py
[2024-07-26T12:51:15.962+0000] {processor.py:830} INFO - Processing file /home/airflow/.local/lib/python3.8/site-packages/airflow/example_dags/example_task_group_decorator.py for tasks to queue
[2024-07-26T12:51:15.964+0000] {logging_mixin.py:188} INFO - [2024-07-26T12:51:15.964+0000] {dagbag.py:538} INFO - Filling up the DagBag from /home/airflow/.local/lib/python3.8/site-packages/airflow/example_dags/example_task_group_decorator.py
[2024-07-26T12:51:15.983+0000] {processor.py:840} INFO - DAG(s) 'example_task_group_decorator' retrieved from /home/airflow/.local/lib/python3.8/site-packages/airflow/example_dags/example_task_group_decorator.py
[2024-07-26T12:51:16.013+0000] {logging_mixin.py:188} INFO - [2024-07-26T12:51:16.013+0000] {dag.py:3036} INFO - Sync 1 DAGs
[2024-07-26T12:51:16.038+0000] {logging_mixin.py:188} INFO - [2024-07-26T12:51:16.038+0000] {dag.py:3823} INFO - Setting next_dagrun for example_task_group_decorator to 2024-07-25 00:00:00+00:00, run_after=2024-07-26 00:00:00+00:00
[2024-07-26T12:51:16.061+0000] {processor.py:183} INFO - Processing /home/airflow/.local/lib/python3.8/site-packages/airflow/example_dags/example_task_group_decorator.py took 0.104 seconds
[2024-07-26T12:51:46.288+0000] {processor.py:161} INFO - Started process (PID=339) to work on /home/airflow/.local/lib/python3.8/site-packages/airflow/example_dags/example_task_group_decorator.py
[2024-07-26T12:51:46.289+0000] {processor.py:830} INFO - Processing file /home/airflow/.local/lib/python3.8/site-packages/airflow/example_dags/example_task_group_decorator.py for tasks to queue
[2024-07-26T12:51:46.291+0000] {logging_mixin.py:188} INFO - [2024-07-26T12:51:46.291+0000] {dagbag.py:538} INFO - Filling up the DagBag from /home/airflow/.local/lib/python3.8/site-packages/airflow/example_dags/example_task_group_decorator.py
[2024-07-26T12:51:46.308+0000] {processor.py:840} INFO - DAG(s) 'example_task_group_decorator' retrieved from /home/airflow/.local/lib/python3.8/site-packages/airflow/example_dags/example_task_group_decorator.py
[2024-07-26T12:51:46.336+0000] {logging_mixin.py:188} INFO - [2024-07-26T12:51:46.335+0000] {dag.py:3036} INFO - Sync 1 DAGs
[2024-07-26T12:51:46.359+0000] {logging_mixin.py:188} INFO - [2024-07-26T12:51:46.359+0000] {dag.py:3823} INFO - Setting next_dagrun for example_task_group_decorator to 2024-07-25 00:00:00+00:00, run_after=2024-07-26 00:00:00+00:00
[2024-07-26T12:51:46.381+0000] {processor.py:183} INFO - Processing /home/airflow/.local/lib/python3.8/site-packages/airflow/example_dags/example_task_group_decorator.py took 0.097 seconds
[2024-07-26T12:52:16.787+0000] {processor.py:161} INFO - Started process (PID=403) to work on /home/airflow/.local/lib/python3.8/site-packages/airflow/example_dags/example_task_group_decorator.py
[2024-07-26T12:52:16.788+0000] {processor.py:830} INFO - Processing file /home/airflow/.local/lib/python3.8/site-packages/airflow/example_dags/example_task_group_decorator.py for tasks to queue
[2024-07-26T12:52:16.790+0000] {logging_mixin.py:188} INFO - [2024-07-26T12:52:16.790+0000] {dagbag.py:538} INFO - Filling up the DagBag from /home/airflow/.local/lib/python3.8/site-packages/airflow/example_dags/example_task_group_decorator.py
[2024-07-26T12:52:16.807+0000] {processor.py:840} INFO - DAG(s) 'example_task_group_decorator' retrieved from /home/airflow/.local/lib/python3.8/site-packages/airflow/example_dags/example_task_group_decorator.py
[2024-07-26T12:52:16.835+0000] {logging_mixin.py:188} INFO - [2024-07-26T12:52:16.835+0000] {dag.py:3036} INFO - Sync 1 DAGs
[2024-07-26T12:52:16.859+0000] {logging_mixin.py:188} INFO - [2024-07-26T12:52:16.858+0000] {dag.py:3823} INFO - Setting next_dagrun for example_task_group_decorator to 2024-07-25 00:00:00+00:00, run_after=2024-07-26 00:00:00+00:00
[2024-07-26T12:52:16.883+0000] {processor.py:183} INFO - Processing /home/airflow/.local/lib/python3.8/site-packages/airflow/example_dags/example_task_group_decorator.py took 0.100 seconds
[2024-07-26T12:52:47.396+0000] {processor.py:161} INFO - Started process (PID=467) to work on /home/airflow/.local/lib/python3.8/site-packages/airflow/example_dags/example_task_group_decorator.py
[2024-07-26T12:52:47.397+0000] {processor.py:830} INFO - Processing file /home/airflow/.local/lib/python3.8/site-packages/airflow/example_dags/example_task_group_decorator.py for tasks to queue
[2024-07-26T12:52:47.400+0000] {logging_mixin.py:188} INFO - [2024-07-26T12:52:47.400+0000] {dagbag.py:538} INFO - Filling up the DagBag from /home/airflow/.local/lib/python3.8/site-packages/airflow/example_dags/example_task_group_decorator.py
[2024-07-26T12:52:47.418+0000] {processor.py:840} INFO - DAG(s) 'example_task_group_decorator' retrieved from /home/airflow/.local/lib/python3.8/site-packages/airflow/example_dags/example_task_group_decorator.py
[2024-07-26T12:52:47.449+0000] {logging_mixin.py:188} INFO - [2024-07-26T12:52:47.449+0000] {dag.py:3036} INFO - Sync 1 DAGs
[2024-07-26T12:52:47.475+0000] {logging_mixin.py:188} INFO - [2024-07-26T12:52:47.474+0000] {dag.py:3823} INFO - Setting next_dagrun for example_task_group_decorator to 2024-07-25 00:00:00+00:00, run_after=2024-07-26 00:00:00+00:00
[2024-07-26T12:52:47.497+0000] {processor.py:183} INFO - Processing /home/airflow/.local/lib/python3.8/site-packages/airflow/example_dags/example_task_group_decorator.py took 0.105 seconds
[2024-07-26T12:53:18.333+0000] {processor.py:161} INFO - Started process (PID=532) to work on /home/airflow/.local/lib/python3.8/site-packages/airflow/example_dags/example_task_group_decorator.py
[2024-07-26T12:53:18.334+0000] {processor.py:830} INFO - Processing file /home/airflow/.local/lib/python3.8/site-packages/airflow/example_dags/example_task_group_decorator.py for tasks to queue
[2024-07-26T12:53:18.336+0000] {logging_mixin.py:188} INFO - [2024-07-26T12:53:18.336+0000] {dagbag.py:538} INFO - Filling up the DagBag from /home/airflow/.local/lib/python3.8/site-packages/airflow/example_dags/example_task_group_decorator.py
[2024-07-26T12:53:18.351+0000] {processor.py:840} INFO - DAG(s) 'example_task_group_decorator' retrieved from /home/airflow/.local/lib/python3.8/site-packages/airflow/example_dags/example_task_group_decorator.py
[2024-07-26T12:53:18.382+0000] {logging_mixin.py:188} INFO - [2024-07-26T12:53:18.382+0000] {dag.py:3036} INFO - Sync 1 DAGs
[2024-07-26T12:53:18.407+0000] {logging_mixin.py:188} INFO - [2024-07-26T12:53:18.407+0000] {dag.py:3823} INFO - Setting next_dagrun for example_task_group_decorator to 2024-07-25 00:00:00+00:00, run_after=2024-07-26 00:00:00+00:00
[2024-07-26T12:53:18.429+0000] {processor.py:183} INFO - Processing /home/airflow/.local/lib/python3.8/site-packages/airflow/example_dags/example_task_group_decorator.py took 0.099 seconds
[2024-07-26T12:53:48.513+0000] {processor.py:161} INFO - Started process (PID=595) to work on /home/airflow/.local/lib/python3.8/site-packages/airflow/example_dags/example_task_group_decorator.py
[2024-07-26T12:53:48.514+0000] {processor.py:830} INFO - Processing file /home/airflow/.local/lib/python3.8/site-packages/airflow/example_dags/example_task_group_decorator.py for tasks to queue
[2024-07-26T12:53:48.516+0000] {logging_mixin.py:188} INFO - [2024-07-26T12:53:48.515+0000] {dagbag.py:538} INFO - Filling up the DagBag from /home/airflow/.local/lib/python3.8/site-packages/airflow/example_dags/example_task_group_decorator.py
[2024-07-26T12:53:48.531+0000] {processor.py:840} INFO - DAG(s) 'example_task_group_decorator' retrieved from /home/airflow/.local/lib/python3.8/site-packages/airflow/example_dags/example_task_group_decorator.py
[2024-07-26T12:53:48.558+0000] {logging_mixin.py:188} INFO - [2024-07-26T12:53:48.558+0000] {dag.py:3036} INFO - Sync 1 DAGs
[2024-07-26T12:53:48.583+0000] {logging_mixin.py:188} INFO - [2024-07-26T12:53:48.582+0000] {dag.py:3823} INFO - Setting next_dagrun for example_task_group_decorator to 2024-07-25 00:00:00+00:00, run_after=2024-07-26 00:00:00+00:00
[2024-07-26T12:53:48.604+0000] {processor.py:183} INFO - Processing /home/airflow/.local/lib/python3.8/site-packages/airflow/example_dags/example_task_group_decorator.py took 0.094 seconds
[2024-07-26T12:54:18.694+0000] {processor.py:161} INFO - Started process (PID=659) to work on /home/airflow/.local/lib/python3.8/site-packages/airflow/example_dags/example_task_group_decorator.py
[2024-07-26T12:54:18.695+0000] {processor.py:830} INFO - Processing file /home/airflow/.local/lib/python3.8/site-packages/airflow/example_dags/example_task_group_decorator.py for tasks to queue
[2024-07-26T12:54:18.698+0000] {logging_mixin.py:188} INFO - [2024-07-26T12:54:18.697+0000] {dagbag.py:538} INFO - Filling up the DagBag from /home/airflow/.local/lib/python3.8/site-packages/airflow/example_dags/example_task_group_decorator.py
[2024-07-26T12:54:18.713+0000] {processor.py:840} INFO - DAG(s) 'example_task_group_decorator' retrieved from /home/airflow/.local/lib/python3.8/site-packages/airflow/example_dags/example_task_group_decorator.py
[2024-07-26T12:54:18.751+0000] {logging_mixin.py:188} INFO - [2024-07-26T12:54:18.751+0000] {dag.py:3036} INFO - Sync 1 DAGs
[2024-07-26T12:54:18.782+0000] {logging_mixin.py:188} INFO - [2024-07-26T12:54:18.782+0000] {dag.py:3823} INFO - Setting next_dagrun for example_task_group_decorator to 2024-07-25 00:00:00+00:00, run_after=2024-07-26 00:00:00+00:00
[2024-07-26T12:54:18.809+0000] {processor.py:183} INFO - Processing /home/airflow/.local/lib/python3.8/site-packages/airflow/example_dags/example_task_group_decorator.py took 0.119 seconds
[2024-07-26T12:54:49.030+0000] {processor.py:161} INFO - Started process (PID=723) to work on /home/airflow/.local/lib/python3.8/site-packages/airflow/example_dags/example_task_group_decorator.py
[2024-07-26T12:54:49.031+0000] {processor.py:830} INFO - Processing file /home/airflow/.local/lib/python3.8/site-packages/airflow/example_dags/example_task_group_decorator.py for tasks to queue
[2024-07-26T12:54:49.034+0000] {logging_mixin.py:188} INFO - [2024-07-26T12:54:49.033+0000] {dagbag.py:538} INFO - Filling up the DagBag from /home/airflow/.local/lib/python3.8/site-packages/airflow/example_dags/example_task_group_decorator.py
[2024-07-26T12:54:49.056+0000] {processor.py:840} INFO - DAG(s) 'example_task_group_decorator' retrieved from /home/airflow/.local/lib/python3.8/site-packages/airflow/example_dags/example_task_group_decorator.py
[2024-07-26T12:54:49.091+0000] {logging_mixin.py:188} INFO - [2024-07-26T12:54:49.091+0000] {dag.py:3036} INFO - Sync 1 DAGs
[2024-07-26T12:54:49.126+0000] {logging_mixin.py:188} INFO - [2024-07-26T12:54:49.126+0000] {dag.py:3823} INFO - Setting next_dagrun for example_task_group_decorator to 2024-07-25 00:00:00+00:00, run_after=2024-07-26 00:00:00+00:00
[2024-07-26T12:54:49.156+0000] {processor.py:183} INFO - Processing /home/airflow/.local/lib/python3.8/site-packages/airflow/example_dags/example_task_group_decorator.py took 0.129 seconds
[2024-07-26T12:55:19.290+0000] {processor.py:161} INFO - Started process (PID=787) to work on /home/airflow/.local/lib/python3.8/site-packages/airflow/example_dags/example_task_group_decorator.py
[2024-07-26T12:55:19.291+0000] {processor.py:830} INFO - Processing file /home/airflow/.local/lib/python3.8/site-packages/airflow/example_dags/example_task_group_decorator.py for tasks to queue
[2024-07-26T12:55:19.294+0000] {logging_mixin.py:188} INFO - [2024-07-26T12:55:19.293+0000] {dagbag.py:538} INFO - Filling up the DagBag from /home/airflow/.local/lib/python3.8/site-packages/airflow/example_dags/example_task_group_decorator.py
[2024-07-26T12:55:19.319+0000] {processor.py:840} INFO - DAG(s) 'example_task_group_decorator' retrieved from /home/airflow/.local/lib/python3.8/site-packages/airflow/example_dags/example_task_group_decorator.py
[2024-07-26T12:55:19.361+0000] {logging_mixin.py:188} INFO - [2024-07-26T12:55:19.361+0000] {dag.py:3036} INFO - Sync 1 DAGs
[2024-07-26T12:55:19.394+0000] {logging_mixin.py:188} INFO - [2024-07-26T12:55:19.393+0000] {dag.py:3823} INFO - Setting next_dagrun for example_task_group_decorator to 2024-07-25 00:00:00+00:00, run_after=2024-07-26 00:00:00+00:00
[2024-07-26T12:55:19.417+0000] {processor.py:183} INFO - Processing /home/airflow/.local/lib/python3.8/site-packages/airflow/example_dags/example_task_group_decorator.py took 0.131 seconds
[2024-07-26T12:55:49.588+0000] {processor.py:161} INFO - Started process (PID=851) to work on /home/airflow/.local/lib/python3.8/site-packages/airflow/example_dags/example_task_group_decorator.py
[2024-07-26T12:55:49.589+0000] {processor.py:830} INFO - Processing file /home/airflow/.local/lib/python3.8/site-packages/airflow/example_dags/example_task_group_decorator.py for tasks to queue
[2024-07-26T12:55:49.592+0000] {logging_mixin.py:188} INFO - [2024-07-26T12:55:49.591+0000] {dagbag.py:538} INFO - Filling up the DagBag from /home/airflow/.local/lib/python3.8/site-packages/airflow/example_dags/example_task_group_decorator.py
[2024-07-26T12:55:49.609+0000] {processor.py:840} INFO - DAG(s) 'example_task_group_decorator' retrieved from /home/airflow/.local/lib/python3.8/site-packages/airflow/example_dags/example_task_group_decorator.py
[2024-07-26T12:55:49.646+0000] {logging_mixin.py:188} INFO - [2024-07-26T12:55:49.646+0000] {dag.py:3036} INFO - Sync 1 DAGs
[2024-07-26T12:55:49.682+0000] {logging_mixin.py:188} INFO - [2024-07-26T12:55:49.682+0000] {dag.py:3823} INFO - Setting next_dagrun for example_task_group_decorator to 2024-07-25 00:00:00+00:00, run_after=2024-07-26 00:00:00+00:00
[2024-07-26T12:55:49.707+0000] {processor.py:183} INFO - Processing /home/airflow/.local/lib/python3.8/site-packages/airflow/example_dags/example_task_group_decorator.py took 0.124 seconds
[2024-07-26T12:56:20.624+0000] {processor.py:161} INFO - Started process (PID=915) to work on /home/airflow/.local/lib/python3.8/site-packages/airflow/example_dags/example_task_group_decorator.py
[2024-07-26T12:56:20.626+0000] {processor.py:830} INFO - Processing file /home/airflow/.local/lib/python3.8/site-packages/airflow/example_dags/example_task_group_decorator.py for tasks to queue
[2024-07-26T12:56:20.629+0000] {logging_mixin.py:188} INFO - [2024-07-26T12:56:20.628+0000] {dagbag.py:538} INFO - Filling up the DagBag from /home/airflow/.local/lib/python3.8/site-packages/airflow/example_dags/example_task_group_decorator.py
[2024-07-26T12:56:20.649+0000] {processor.py:840} INFO - DAG(s) 'example_task_group_decorator' retrieved from /home/airflow/.local/lib/python3.8/site-packages/airflow/example_dags/example_task_group_decorator.py
[2024-07-26T12:56:20.679+0000] {logging_mixin.py:188} INFO - [2024-07-26T12:56:20.678+0000] {dag.py:3036} INFO - Sync 1 DAGs
[2024-07-26T12:56:20.707+0000] {logging_mixin.py:188} INFO - [2024-07-26T12:56:20.707+0000] {dag.py:3823} INFO - Setting next_dagrun for example_task_group_decorator to 2024-07-25 00:00:00+00:00, run_after=2024-07-26 00:00:00+00:00
[2024-07-26T12:56:20.729+0000] {processor.py:183} INFO - Processing /home/airflow/.local/lib/python3.8/site-packages/airflow/example_dags/example_task_group_decorator.py took 0.109 seconds
[2024-07-26T12:56:50.858+0000] {processor.py:161} INFO - Started process (PID=979) to work on /home/airflow/.local/lib/python3.8/site-packages/airflow/example_dags/example_task_group_decorator.py
[2024-07-26T12:56:50.860+0000] {processor.py:830} INFO - Processing file /home/airflow/.local/lib/python3.8/site-packages/airflow/example_dags/example_task_group_decorator.py for tasks to queue
[2024-07-26T12:56:50.862+0000] {logging_mixin.py:188} INFO - [2024-07-26T12:56:50.862+0000] {dagbag.py:538} INFO - Filling up the DagBag from /home/airflow/.local/lib/python3.8/site-packages/airflow/example_dags/example_task_group_decorator.py
[2024-07-26T12:56:50.880+0000] {processor.py:840} INFO - DAG(s) 'example_task_group_decorator' retrieved from /home/airflow/.local/lib/python3.8/site-packages/airflow/example_dags/example_task_group_decorator.py
[2024-07-26T12:56:50.906+0000] {logging_mixin.py:188} INFO - [2024-07-26T12:56:50.906+0000] {dag.py:3036} INFO - Sync 1 DAGs
[2024-07-26T12:56:50.930+0000] {logging_mixin.py:188} INFO - [2024-07-26T12:56:50.929+0000] {dag.py:3823} INFO - Setting next_dagrun for example_task_group_decorator to 2024-07-25 00:00:00+00:00, run_after=2024-07-26 00:00:00+00:00
[2024-07-26T12:56:50.950+0000] {processor.py:183} INFO - Processing /home/airflow/.local/lib/python3.8/site-packages/airflow/example_dags/example_task_group_decorator.py took 0.096 seconds
[2024-07-26T12:57:21.286+0000] {processor.py:161} INFO - Started process (PID=1043) to work on /home/airflow/.local/lib/python3.8/site-packages/airflow/example_dags/example_task_group_decorator.py
[2024-07-26T12:57:21.287+0000] {processor.py:830} INFO - Processing file /home/airflow/.local/lib/python3.8/site-packages/airflow/example_dags/example_task_group_decorator.py for tasks to queue
[2024-07-26T12:57:21.290+0000] {logging_mixin.py:188} INFO - [2024-07-26T12:57:21.289+0000] {dagbag.py:538} INFO - Filling up the DagBag from /home/airflow/.local/lib/python3.8/site-packages/airflow/example_dags/example_task_group_decorator.py
[2024-07-26T12:57:21.312+0000] {processor.py:840} INFO - DAG(s) 'example_task_group_decorator' retrieved from /home/airflow/.local/lib/python3.8/site-packages/airflow/example_dags/example_task_group_decorator.py
[2024-07-26T12:57:21.346+0000] {logging_mixin.py:188} INFO - [2024-07-26T12:57:21.346+0000] {dag.py:3036} INFO - Sync 1 DAGs
[2024-07-26T12:57:21.376+0000] {logging_mixin.py:188} INFO - [2024-07-26T12:57:21.375+0000] {dag.py:3823} INFO - Setting next_dagrun for example_task_group_decorator to 2024-07-25 00:00:00+00:00, run_after=2024-07-26 00:00:00+00:00
[2024-07-26T12:57:21.399+0000] {processor.py:183} INFO - Processing /home/airflow/.local/lib/python3.8/site-packages/airflow/example_dags/example_task_group_decorator.py took 0.116 seconds
[2024-07-26T12:57:51.816+0000] {processor.py:161} INFO - Started process (PID=1107) to work on /home/airflow/.local/lib/python3.8/site-packages/airflow/example_dags/example_task_group_decorator.py
[2024-07-26T12:57:51.817+0000] {processor.py:830} INFO - Processing file /home/airflow/.local/lib/python3.8/site-packages/airflow/example_dags/example_task_group_decorator.py for tasks to queue
[2024-07-26T12:57:51.819+0000] {logging_mixin.py:188} INFO - [2024-07-26T12:57:51.819+0000] {dagbag.py:538} INFO - Filling up the DagBag from /home/airflow/.local/lib/python3.8/site-packages/airflow/example_dags/example_task_group_decorator.py
[2024-07-26T12:57:51.835+0000] {processor.py:840} INFO - DAG(s) 'example_task_group_decorator' retrieved from /home/airflow/.local/lib/python3.8/site-packages/airflow/example_dags/example_task_group_decorator.py
[2024-07-26T12:57:51.864+0000] {logging_mixin.py:188} INFO - [2024-07-26T12:57:51.863+0000] {dag.py:3036} INFO - Sync 1 DAGs
[2024-07-26T12:57:51.887+0000] {logging_mixin.py:188} INFO - [2024-07-26T12:57:51.887+0000] {dag.py:3823} INFO - Setting next_dagrun for example_task_group_decorator to 2024-07-25 00:00:00+00:00, run_after=2024-07-26 00:00:00+00:00
[2024-07-26T12:57:51.906+0000] {processor.py:183} INFO - Processing /home/airflow/.local/lib/python3.8/site-packages/airflow/example_dags/example_task_group_decorator.py took 0.094 seconds
[2024-07-26T12:58:22.301+0000] {processor.py:161} INFO - Started process (PID=1171) to work on /home/airflow/.local/lib/python3.8/site-packages/airflow/example_dags/example_task_group_decorator.py
[2024-07-26T12:58:22.303+0000] {processor.py:830} INFO - Processing file /home/airflow/.local/lib/python3.8/site-packages/airflow/example_dags/example_task_group_decorator.py for tasks to queue
[2024-07-26T12:58:22.305+0000] {logging_mixin.py:188} INFO - [2024-07-26T12:58:22.305+0000] {dagbag.py:538} INFO - Filling up the DagBag from /home/airflow/.local/lib/python3.8/site-packages/airflow/example_dags/example_task_group_decorator.py
[2024-07-26T12:58:22.324+0000] {processor.py:840} INFO - DAG(s) 'example_task_group_decorator' retrieved from /home/airflow/.local/lib/python3.8/site-packages/airflow/example_dags/example_task_group_decorator.py
[2024-07-26T12:58:22.356+0000] {logging_mixin.py:188} INFO - [2024-07-26T12:58:22.356+0000] {dag.py:3036} INFO - Sync 1 DAGs
[2024-07-26T12:58:22.382+0000] {logging_mixin.py:188} INFO - [2024-07-26T12:58:22.382+0000] {dag.py:3823} INFO - Setting next_dagrun for example_task_group_decorator to 2024-07-25 00:00:00+00:00, run_after=2024-07-26 00:00:00+00:00
[2024-07-26T12:58:22.410+0000] {processor.py:183} INFO - Processing /home/airflow/.local/lib/python3.8/site-packages/airflow/example_dags/example_task_group_decorator.py took 0.113 seconds
[2024-07-26T12:58:52.609+0000] {processor.py:161} INFO - Started process (PID=1235) to work on /home/airflow/.local/lib/python3.8/site-packages/airflow/example_dags/example_task_group_decorator.py
[2024-07-26T12:58:52.610+0000] {processor.py:830} INFO - Processing file /home/airflow/.local/lib/python3.8/site-packages/airflow/example_dags/example_task_group_decorator.py for tasks to queue
[2024-07-26T12:58:52.612+0000] {logging_mixin.py:188} INFO - [2024-07-26T12:58:52.612+0000] {dagbag.py:538} INFO - Filling up the DagBag from /home/airflow/.local/lib/python3.8/site-packages/airflow/example_dags/example_task_group_decorator.py
[2024-07-26T12:58:52.633+0000] {processor.py:840} INFO - DAG(s) 'example_task_group_decorator' retrieved from /home/airflow/.local/lib/python3.8/site-packages/airflow/example_dags/example_task_group_decorator.py
[2024-07-26T12:58:52.667+0000] {logging_mixin.py:188} INFO - [2024-07-26T12:58:52.667+0000] {dag.py:3036} INFO - Sync 1 DAGs
[2024-07-26T12:58:52.694+0000] {logging_mixin.py:188} INFO - [2024-07-26T12:58:52.694+0000] {dag.py:3823} INFO - Setting next_dagrun for example_task_group_decorator to 2024-07-25 00:00:00+00:00, run_after=2024-07-26 00:00:00+00:00
[2024-07-26T12:58:52.716+0000] {processor.py:183} INFO - Processing /home/airflow/.local/lib/python3.8/site-packages/airflow/example_dags/example_task_group_decorator.py took 0.113 seconds
