[2024-07-26T12:15:26.652+0000] {processor.py:161} INFO - Started process (PID=106) to work on /home/airflow/.local/lib/python3.8/site-packages/airflow/example_dags/example_setup_teardown.py
[2024-07-26T12:15:26.653+0000] {processor.py:830} INFO - Processing file /home/airflow/.local/lib/python3.8/site-packages/airflow/example_dags/example_setup_teardown.py for tasks to queue
[2024-07-26T12:15:26.655+0000] {logging_mixin.py:188} INFO - [2024-07-26T12:15:26.654+0000] {dagbag.py:538} INFO - Filling up the DagBag from /home/airflow/.local/lib/python3.8/site-packages/airflow/example_dags/example_setup_teardown.py
[2024-07-26T12:15:26.673+0000] {processor.py:840} INFO - DAG(s) 'example_setup_teardown' retrieved from /home/airflow/.local/lib/python3.8/site-packages/airflow/example_dags/example_setup_teardown.py
[2024-07-26T12:15:26.856+0000] {logging_mixin.py:188} INFO - [2024-07-26T12:15:26.855+0000] {dag.py:3036} INFO - Sync 1 DAGs
[2024-07-26T12:15:26.887+0000] {logging_mixin.py:188} INFO - [2024-07-26T12:15:26.887+0000] {dag.py:3823} INFO - Setting next_dagrun for example_setup_teardown to 2024-07-25 00:00:00+00:00, run_after=2024-07-26 00:00:00+00:00
[2024-07-26T12:15:26.918+0000] {processor.py:183} INFO - Processing /home/airflow/.local/lib/python3.8/site-packages/airflow/example_dags/example_setup_teardown.py took 0.270 seconds
[2024-07-26T12:15:57.001+0000] {processor.py:161} INFO - Started process (PID=170) to work on /home/airflow/.local/lib/python3.8/site-packages/airflow/example_dags/example_setup_teardown.py
[2024-07-26T12:15:57.002+0000] {processor.py:830} INFO - Processing file /home/airflow/.local/lib/python3.8/site-packages/airflow/example_dags/example_setup_teardown.py for tasks to queue
[2024-07-26T12:15:57.004+0000] {logging_mixin.py:188} INFO - [2024-07-26T12:15:57.004+0000] {dagbag.py:538} INFO - Filling up the DagBag from /home/airflow/.local/lib/python3.8/site-packages/airflow/example_dags/example_setup_teardown.py
[2024-07-26T12:15:57.011+0000] {processor.py:840} INFO - DAG(s) 'example_setup_teardown' retrieved from /home/airflow/.local/lib/python3.8/site-packages/airflow/example_dags/example_setup_teardown.py
[2024-07-26T12:15:57.034+0000] {logging_mixin.py:188} INFO - [2024-07-26T12:15:57.034+0000] {dag.py:3036} INFO - Sync 1 DAGs
[2024-07-26T12:15:57.059+0000] {logging_mixin.py:188} INFO - [2024-07-26T12:15:57.059+0000] {dag.py:3823} INFO - Setting next_dagrun for example_setup_teardown to 2024-07-25 00:00:00+00:00, run_after=2024-07-26 00:00:00+00:00
[2024-07-26T12:15:57.077+0000] {processor.py:183} INFO - Processing /home/airflow/.local/lib/python3.8/site-packages/airflow/example_dags/example_setup_teardown.py took 0.079 seconds
[2024-07-26T12:16:27.858+0000] {processor.py:161} INFO - Started process (PID=234) to work on /home/airflow/.local/lib/python3.8/site-packages/airflow/example_dags/example_setup_teardown.py
[2024-07-26T12:16:27.859+0000] {processor.py:830} INFO - Processing file /home/airflow/.local/lib/python3.8/site-packages/airflow/example_dags/example_setup_teardown.py for tasks to queue
[2024-07-26T12:16:27.860+0000] {logging_mixin.py:188} INFO - [2024-07-26T12:16:27.860+0000] {dagbag.py:538} INFO - Filling up the DagBag from /home/airflow/.local/lib/python3.8/site-packages/airflow/example_dags/example_setup_teardown.py
[2024-07-26T12:16:27.871+0000] {processor.py:840} INFO - DAG(s) 'example_setup_teardown' retrieved from /home/airflow/.local/lib/python3.8/site-packages/airflow/example_dags/example_setup_teardown.py
[2024-07-26T12:16:27.894+0000] {logging_mixin.py:188} INFO - [2024-07-26T12:16:27.893+0000] {dag.py:3036} INFO - Sync 1 DAGs
[2024-07-26T12:16:27.923+0000] {logging_mixin.py:188} INFO - [2024-07-26T12:16:27.923+0000] {dag.py:3823} INFO - Setting next_dagrun for example_setup_teardown to 2024-07-25 00:00:00+00:00, run_after=2024-07-26 00:00:00+00:00
[2024-07-26T12:16:27.949+0000] {processor.py:183} INFO - Processing /home/airflow/.local/lib/python3.8/site-packages/airflow/example_dags/example_setup_teardown.py took 0.094 seconds
[2024-07-26T12:16:58.902+0000] {processor.py:161} INFO - Started process (PID=291) to work on /home/airflow/.local/lib/python3.8/site-packages/airflow/example_dags/example_setup_teardown.py
[2024-07-26T12:16:58.903+0000] {processor.py:830} INFO - Processing file /home/airflow/.local/lib/python3.8/site-packages/airflow/example_dags/example_setup_teardown.py for tasks to queue
[2024-07-26T12:16:58.905+0000] {logging_mixin.py:188} INFO - [2024-07-26T12:16:58.904+0000] {dagbag.py:538} INFO - Filling up the DagBag from /home/airflow/.local/lib/python3.8/site-packages/airflow/example_dags/example_setup_teardown.py
[2024-07-26T12:16:58.912+0000] {processor.py:840} INFO - DAG(s) 'example_setup_teardown' retrieved from /home/airflow/.local/lib/python3.8/site-packages/airflow/example_dags/example_setup_teardown.py
[2024-07-26T12:16:58.935+0000] {logging_mixin.py:188} INFO - [2024-07-26T12:16:58.935+0000] {dag.py:3036} INFO - Sync 1 DAGs
[2024-07-26T12:16:58.962+0000] {logging_mixin.py:188} INFO - [2024-07-26T12:16:58.962+0000] {dag.py:3823} INFO - Setting next_dagrun for example_setup_teardown to 2024-07-25 00:00:00+00:00, run_after=2024-07-26 00:00:00+00:00
[2024-07-26T12:16:59.001+0000] {processor.py:183} INFO - Processing /home/airflow/.local/lib/python3.8/site-packages/airflow/example_dags/example_setup_teardown.py took 0.102 seconds
[2024-07-26T12:17:29.298+0000] {processor.py:161} INFO - Started process (PID=353) to work on /home/airflow/.local/lib/python3.8/site-packages/airflow/example_dags/example_setup_teardown.py
[2024-07-26T12:17:29.300+0000] {processor.py:830} INFO - Processing file /home/airflow/.local/lib/python3.8/site-packages/airflow/example_dags/example_setup_teardown.py for tasks to queue
[2024-07-26T12:17:29.302+0000] {logging_mixin.py:188} INFO - [2024-07-26T12:17:29.302+0000] {dagbag.py:538} INFO - Filling up the DagBag from /home/airflow/.local/lib/python3.8/site-packages/airflow/example_dags/example_setup_teardown.py
[2024-07-26T12:17:29.309+0000] {processor.py:840} INFO - DAG(s) 'example_setup_teardown' retrieved from /home/airflow/.local/lib/python3.8/site-packages/airflow/example_dags/example_setup_teardown.py
[2024-07-26T12:17:29.334+0000] {logging_mixin.py:188} INFO - [2024-07-26T12:17:29.334+0000] {dag.py:3036} INFO - Sync 1 DAGs
[2024-07-26T12:17:29.363+0000] {logging_mixin.py:188} INFO - [2024-07-26T12:17:29.363+0000] {dag.py:3823} INFO - Setting next_dagrun for example_setup_teardown to 2024-07-25 00:00:00+00:00, run_after=2024-07-26 00:00:00+00:00
[2024-07-26T12:17:29.394+0000] {processor.py:183} INFO - Processing /home/airflow/.local/lib/python3.8/site-packages/airflow/example_dags/example_setup_teardown.py took 0.099 seconds
[2024-07-26T12:17:59.545+0000] {processor.py:161} INFO - Started process (PID=417) to work on /home/airflow/.local/lib/python3.8/site-packages/airflow/example_dags/example_setup_teardown.py
[2024-07-26T12:17:59.546+0000] {processor.py:830} INFO - Processing file /home/airflow/.local/lib/python3.8/site-packages/airflow/example_dags/example_setup_teardown.py for tasks to queue
[2024-07-26T12:17:59.549+0000] {logging_mixin.py:188} INFO - [2024-07-26T12:17:59.548+0000] {dagbag.py:538} INFO - Filling up the DagBag from /home/airflow/.local/lib/python3.8/site-packages/airflow/example_dags/example_setup_teardown.py
[2024-07-26T12:17:59.559+0000] {processor.py:840} INFO - DAG(s) 'example_setup_teardown' retrieved from /home/airflow/.local/lib/python3.8/site-packages/airflow/example_dags/example_setup_teardown.py
[2024-07-26T12:17:59.583+0000] {logging_mixin.py:188} INFO - [2024-07-26T12:17:59.583+0000] {dag.py:3036} INFO - Sync 1 DAGs
[2024-07-26T12:17:59.607+0000] {logging_mixin.py:188} INFO - [2024-07-26T12:17:59.607+0000] {dag.py:3823} INFO - Setting next_dagrun for example_setup_teardown to 2024-07-25 00:00:00+00:00, run_after=2024-07-26 00:00:00+00:00
[2024-07-26T12:17:59.629+0000] {processor.py:183} INFO - Processing /home/airflow/.local/lib/python3.8/site-packages/airflow/example_dags/example_setup_teardown.py took 0.088 seconds
[2024-07-26T12:18:30.373+0000] {processor.py:161} INFO - Started process (PID=481) to work on /home/airflow/.local/lib/python3.8/site-packages/airflow/example_dags/example_setup_teardown.py
[2024-07-26T12:18:30.374+0000] {processor.py:830} INFO - Processing file /home/airflow/.local/lib/python3.8/site-packages/airflow/example_dags/example_setup_teardown.py for tasks to queue
[2024-07-26T12:18:30.376+0000] {logging_mixin.py:188} INFO - [2024-07-26T12:18:30.376+0000] {dagbag.py:538} INFO - Filling up the DagBag from /home/airflow/.local/lib/python3.8/site-packages/airflow/example_dags/example_setup_teardown.py
[2024-07-26T12:18:30.383+0000] {processor.py:840} INFO - DAG(s) 'example_setup_teardown' retrieved from /home/airflow/.local/lib/python3.8/site-packages/airflow/example_dags/example_setup_teardown.py
[2024-07-26T12:18:30.406+0000] {logging_mixin.py:188} INFO - [2024-07-26T12:18:30.406+0000] {dag.py:3036} INFO - Sync 1 DAGs
[2024-07-26T12:18:30.431+0000] {logging_mixin.py:188} INFO - [2024-07-26T12:18:30.430+0000] {dag.py:3823} INFO - Setting next_dagrun for example_setup_teardown to 2024-07-25 00:00:00+00:00, run_after=2024-07-26 00:00:00+00:00
[2024-07-26T12:18:30.456+0000] {processor.py:183} INFO - Processing /home/airflow/.local/lib/python3.8/site-packages/airflow/example_dags/example_setup_teardown.py took 0.087 seconds
[2024-07-26T12:19:00.725+0000] {processor.py:161} INFO - Started process (PID=545) to work on /home/airflow/.local/lib/python3.8/site-packages/airflow/example_dags/example_setup_teardown.py
[2024-07-26T12:19:00.726+0000] {processor.py:830} INFO - Processing file /home/airflow/.local/lib/python3.8/site-packages/airflow/example_dags/example_setup_teardown.py for tasks to queue
[2024-07-26T12:19:00.728+0000] {logging_mixin.py:188} INFO - [2024-07-26T12:19:00.728+0000] {dagbag.py:538} INFO - Filling up the DagBag from /home/airflow/.local/lib/python3.8/site-packages/airflow/example_dags/example_setup_teardown.py
[2024-07-26T12:19:00.735+0000] {processor.py:840} INFO - DAG(s) 'example_setup_teardown' retrieved from /home/airflow/.local/lib/python3.8/site-packages/airflow/example_dags/example_setup_teardown.py
[2024-07-26T12:19:00.759+0000] {logging_mixin.py:188} INFO - [2024-07-26T12:19:00.759+0000] {dag.py:3036} INFO - Sync 1 DAGs
[2024-07-26T12:19:00.784+0000] {logging_mixin.py:188} INFO - [2024-07-26T12:19:00.783+0000] {dag.py:3823} INFO - Setting next_dagrun for example_setup_teardown to 2024-07-25 00:00:00+00:00, run_after=2024-07-26 00:00:00+00:00
[2024-07-26T12:19:00.805+0000] {processor.py:183} INFO - Processing /home/airflow/.local/lib/python3.8/site-packages/airflow/example_dags/example_setup_teardown.py took 0.084 seconds
[2024-07-26T12:19:31.072+0000] {processor.py:161} INFO - Started process (PID=610) to work on /home/airflow/.local/lib/python3.8/site-packages/airflow/example_dags/example_setup_teardown.py
[2024-07-26T12:19:31.073+0000] {processor.py:830} INFO - Processing file /home/airflow/.local/lib/python3.8/site-packages/airflow/example_dags/example_setup_teardown.py for tasks to queue
[2024-07-26T12:19:31.074+0000] {logging_mixin.py:188} INFO - [2024-07-26T12:19:31.074+0000] {dagbag.py:538} INFO - Filling up the DagBag from /home/airflow/.local/lib/python3.8/site-packages/airflow/example_dags/example_setup_teardown.py
[2024-07-26T12:19:31.083+0000] {processor.py:840} INFO - DAG(s) 'example_setup_teardown' retrieved from /home/airflow/.local/lib/python3.8/site-packages/airflow/example_dags/example_setup_teardown.py
[2024-07-26T12:19:31.106+0000] {logging_mixin.py:188} INFO - [2024-07-26T12:19:31.106+0000] {dag.py:3036} INFO - Sync 1 DAGs
[2024-07-26T12:19:31.133+0000] {logging_mixin.py:188} INFO - [2024-07-26T12:19:31.133+0000] {dag.py:3823} INFO - Setting next_dagrun for example_setup_teardown to 2024-07-25 00:00:00+00:00, run_after=2024-07-26 00:00:00+00:00
[2024-07-26T12:19:31.157+0000] {processor.py:183} INFO - Processing /home/airflow/.local/lib/python3.8/site-packages/airflow/example_dags/example_setup_teardown.py took 0.089 seconds
[2024-07-26T12:28:17.759+0000] {processor.py:161} INFO - Started process (PID=102) to work on /home/airflow/.local/lib/python3.8/site-packages/airflow/example_dags/example_setup_teardown.py
[2024-07-26T12:28:17.760+0000] {processor.py:830} INFO - Processing file /home/airflow/.local/lib/python3.8/site-packages/airflow/example_dags/example_setup_teardown.py for tasks to queue
[2024-07-26T12:28:17.762+0000] {logging_mixin.py:188} INFO - [2024-07-26T12:28:17.761+0000] {dagbag.py:538} INFO - Filling up the DagBag from /home/airflow/.local/lib/python3.8/site-packages/airflow/example_dags/example_setup_teardown.py
[2024-07-26T12:28:17.775+0000] {processor.py:840} INFO - DAG(s) 'example_setup_teardown' retrieved from /home/airflow/.local/lib/python3.8/site-packages/airflow/example_dags/example_setup_teardown.py
[2024-07-26T12:28:17.911+0000] {logging_mixin.py:188} INFO - [2024-07-26T12:28:17.910+0000] {dag.py:3036} INFO - Sync 1 DAGs
[2024-07-26T12:28:17.937+0000] {logging_mixin.py:188} INFO - [2024-07-26T12:28:17.936+0000] {dag.py:3823} INFO - Setting next_dagrun for example_setup_teardown to 2024-07-25 00:00:00+00:00, run_after=2024-07-26 00:00:00+00:00
[2024-07-26T12:28:17.960+0000] {processor.py:183} INFO - Processing /home/airflow/.local/lib/python3.8/site-packages/airflow/example_dags/example_setup_teardown.py took 0.205 seconds
[2024-07-26T12:28:48.740+0000] {processor.py:161} INFO - Started process (PID=171) to work on /home/airflow/.local/lib/python3.8/site-packages/airflow/example_dags/example_setup_teardown.py
[2024-07-26T12:28:48.741+0000] {processor.py:830} INFO - Processing file /home/airflow/.local/lib/python3.8/site-packages/airflow/example_dags/example_setup_teardown.py for tasks to queue
[2024-07-26T12:28:48.743+0000] {logging_mixin.py:188} INFO - [2024-07-26T12:28:48.743+0000] {dagbag.py:538} INFO - Filling up the DagBag from /home/airflow/.local/lib/python3.8/site-packages/airflow/example_dags/example_setup_teardown.py
[2024-07-26T12:28:48.751+0000] {processor.py:840} INFO - DAG(s) 'example_setup_teardown' retrieved from /home/airflow/.local/lib/python3.8/site-packages/airflow/example_dags/example_setup_teardown.py
[2024-07-26T12:28:48.778+0000] {logging_mixin.py:188} INFO - [2024-07-26T12:28:48.778+0000] {dag.py:3036} INFO - Sync 1 DAGs
[2024-07-26T12:28:48.805+0000] {logging_mixin.py:188} INFO - [2024-07-26T12:28:48.805+0000] {dag.py:3823} INFO - Setting next_dagrun for example_setup_teardown to 2024-07-25 00:00:00+00:00, run_after=2024-07-26 00:00:00+00:00
[2024-07-26T12:28:48.824+0000] {processor.py:183} INFO - Processing /home/airflow/.local/lib/python3.8/site-packages/airflow/example_dags/example_setup_teardown.py took 0.088 seconds
[2024-07-26T12:29:19.579+0000] {processor.py:161} INFO - Started process (PID=228) to work on /home/airflow/.local/lib/python3.8/site-packages/airflow/example_dags/example_setup_teardown.py
[2024-07-26T12:29:19.580+0000] {processor.py:830} INFO - Processing file /home/airflow/.local/lib/python3.8/site-packages/airflow/example_dags/example_setup_teardown.py for tasks to queue
[2024-07-26T12:29:19.582+0000] {logging_mixin.py:188} INFO - [2024-07-26T12:29:19.582+0000] {dagbag.py:538} INFO - Filling up the DagBag from /home/airflow/.local/lib/python3.8/site-packages/airflow/example_dags/example_setup_teardown.py
[2024-07-26T12:29:19.589+0000] {processor.py:840} INFO - DAG(s) 'example_setup_teardown' retrieved from /home/airflow/.local/lib/python3.8/site-packages/airflow/example_dags/example_setup_teardown.py
[2024-07-26T12:29:19.624+0000] {logging_mixin.py:188} INFO - [2024-07-26T12:29:19.623+0000] {dag.py:3036} INFO - Sync 1 DAGs
[2024-07-26T12:29:19.670+0000] {logging_mixin.py:188} INFO - [2024-07-26T12:29:19.670+0000] {dag.py:3823} INFO - Setting next_dagrun for example_setup_teardown to 2024-07-25 00:00:00+00:00, run_after=2024-07-26 00:00:00+00:00
[2024-07-26T12:29:19.698+0000] {processor.py:183} INFO - Processing /home/airflow/.local/lib/python3.8/site-packages/airflow/example_dags/example_setup_teardown.py took 0.122 seconds
[2024-07-26T12:29:49.860+0000] {processor.py:161} INFO - Started process (PID=290) to work on /home/airflow/.local/lib/python3.8/site-packages/airflow/example_dags/example_setup_teardown.py
[2024-07-26T12:29:49.861+0000] {processor.py:830} INFO - Processing file /home/airflow/.local/lib/python3.8/site-packages/airflow/example_dags/example_setup_teardown.py for tasks to queue
[2024-07-26T12:29:49.863+0000] {logging_mixin.py:188} INFO - [2024-07-26T12:29:49.863+0000] {dagbag.py:538} INFO - Filling up the DagBag from /home/airflow/.local/lib/python3.8/site-packages/airflow/example_dags/example_setup_teardown.py
[2024-07-26T12:29:49.872+0000] {processor.py:840} INFO - DAG(s) 'example_setup_teardown' retrieved from /home/airflow/.local/lib/python3.8/site-packages/airflow/example_dags/example_setup_teardown.py
[2024-07-26T12:29:49.897+0000] {logging_mixin.py:188} INFO - [2024-07-26T12:29:49.896+0000] {dag.py:3036} INFO - Sync 1 DAGs
[2024-07-26T12:29:49.924+0000] {logging_mixin.py:188} INFO - [2024-07-26T12:29:49.924+0000] {dag.py:3823} INFO - Setting next_dagrun for example_setup_teardown to 2024-07-25 00:00:00+00:00, run_after=2024-07-26 00:00:00+00:00
[2024-07-26T12:29:49.945+0000] {processor.py:183} INFO - Processing /home/airflow/.local/lib/python3.8/site-packages/airflow/example_dags/example_setup_teardown.py took 0.088 seconds
[2024-07-26T12:30:20.029+0000] {processor.py:161} INFO - Started process (PID=354) to work on /home/airflow/.local/lib/python3.8/site-packages/airflow/example_dags/example_setup_teardown.py
[2024-07-26T12:30:20.030+0000] {processor.py:830} INFO - Processing file /home/airflow/.local/lib/python3.8/site-packages/airflow/example_dags/example_setup_teardown.py for tasks to queue
[2024-07-26T12:30:20.032+0000] {logging_mixin.py:188} INFO - [2024-07-26T12:30:20.032+0000] {dagbag.py:538} INFO - Filling up the DagBag from /home/airflow/.local/lib/python3.8/site-packages/airflow/example_dags/example_setup_teardown.py
[2024-07-26T12:30:20.040+0000] {processor.py:840} INFO - DAG(s) 'example_setup_teardown' retrieved from /home/airflow/.local/lib/python3.8/site-packages/airflow/example_dags/example_setup_teardown.py
[2024-07-26T12:30:20.064+0000] {logging_mixin.py:188} INFO - [2024-07-26T12:30:20.064+0000] {dag.py:3036} INFO - Sync 1 DAGs
[2024-07-26T12:30:20.090+0000] {logging_mixin.py:188} INFO - [2024-07-26T12:30:20.089+0000] {dag.py:3823} INFO - Setting next_dagrun for example_setup_teardown to 2024-07-25 00:00:00+00:00, run_after=2024-07-26 00:00:00+00:00
[2024-07-26T12:30:20.110+0000] {processor.py:183} INFO - Processing /home/airflow/.local/lib/python3.8/site-packages/airflow/example_dags/example_setup_teardown.py took 0.084 seconds
[2024-07-26T12:30:50.348+0000] {processor.py:161} INFO - Started process (PID=418) to work on /home/airflow/.local/lib/python3.8/site-packages/airflow/example_dags/example_setup_teardown.py
[2024-07-26T12:30:50.349+0000] {processor.py:830} INFO - Processing file /home/airflow/.local/lib/python3.8/site-packages/airflow/example_dags/example_setup_teardown.py for tasks to queue
[2024-07-26T12:30:50.352+0000] {logging_mixin.py:188} INFO - [2024-07-26T12:30:50.351+0000] {dagbag.py:538} INFO - Filling up the DagBag from /home/airflow/.local/lib/python3.8/site-packages/airflow/example_dags/example_setup_teardown.py
[2024-07-26T12:30:50.359+0000] {processor.py:840} INFO - DAG(s) 'example_setup_teardown' retrieved from /home/airflow/.local/lib/python3.8/site-packages/airflow/example_dags/example_setup_teardown.py
[2024-07-26T12:30:50.382+0000] {logging_mixin.py:188} INFO - [2024-07-26T12:30:50.382+0000] {dag.py:3036} INFO - Sync 1 DAGs
[2024-07-26T12:30:50.405+0000] {logging_mixin.py:188} INFO - [2024-07-26T12:30:50.405+0000] {dag.py:3823} INFO - Setting next_dagrun for example_setup_teardown to 2024-07-25 00:00:00+00:00, run_after=2024-07-26 00:00:00+00:00
[2024-07-26T12:30:50.425+0000] {processor.py:183} INFO - Processing /home/airflow/.local/lib/python3.8/site-packages/airflow/example_dags/example_setup_teardown.py took 0.080 seconds
[2024-07-26T12:31:20.549+0000] {processor.py:161} INFO - Started process (PID=482) to work on /home/airflow/.local/lib/python3.8/site-packages/airflow/example_dags/example_setup_teardown.py
[2024-07-26T12:31:20.550+0000] {processor.py:830} INFO - Processing file /home/airflow/.local/lib/python3.8/site-packages/airflow/example_dags/example_setup_teardown.py for tasks to queue
[2024-07-26T12:31:20.554+0000] {logging_mixin.py:188} INFO - [2024-07-26T12:31:20.553+0000] {dagbag.py:538} INFO - Filling up the DagBag from /home/airflow/.local/lib/python3.8/site-packages/airflow/example_dags/example_setup_teardown.py
[2024-07-26T12:31:20.564+0000] {processor.py:840} INFO - DAG(s) 'example_setup_teardown' retrieved from /home/airflow/.local/lib/python3.8/site-packages/airflow/example_dags/example_setup_teardown.py
[2024-07-26T12:31:20.596+0000] {logging_mixin.py:188} INFO - [2024-07-26T12:31:20.596+0000] {dag.py:3036} INFO - Sync 1 DAGs
[2024-07-26T12:31:20.634+0000] {logging_mixin.py:188} INFO - [2024-07-26T12:31:20.633+0000] {dag.py:3823} INFO - Setting next_dagrun for example_setup_teardown to 2024-07-25 00:00:00+00:00, run_after=2024-07-26 00:00:00+00:00
[2024-07-26T12:31:20.663+0000] {processor.py:183} INFO - Processing /home/airflow/.local/lib/python3.8/site-packages/airflow/example_dags/example_setup_teardown.py took 0.118 seconds
[2024-07-26T12:31:50.850+0000] {processor.py:161} INFO - Started process (PID=546) to work on /home/airflow/.local/lib/python3.8/site-packages/airflow/example_dags/example_setup_teardown.py
[2024-07-26T12:31:50.851+0000] {processor.py:830} INFO - Processing file /home/airflow/.local/lib/python3.8/site-packages/airflow/example_dags/example_setup_teardown.py for tasks to queue
[2024-07-26T12:31:50.854+0000] {logging_mixin.py:188} INFO - [2024-07-26T12:31:50.853+0000] {dagbag.py:538} INFO - Filling up the DagBag from /home/airflow/.local/lib/python3.8/site-packages/airflow/example_dags/example_setup_teardown.py
[2024-07-26T12:31:50.862+0000] {processor.py:840} INFO - DAG(s) 'example_setup_teardown' retrieved from /home/airflow/.local/lib/python3.8/site-packages/airflow/example_dags/example_setup_teardown.py
[2024-07-26T12:31:50.886+0000] {logging_mixin.py:188} INFO - [2024-07-26T12:31:50.886+0000] {dag.py:3036} INFO - Sync 1 DAGs
[2024-07-26T12:31:50.915+0000] {logging_mixin.py:188} INFO - [2024-07-26T12:31:50.915+0000] {dag.py:3823} INFO - Setting next_dagrun for example_setup_teardown to 2024-07-25 00:00:00+00:00, run_after=2024-07-26 00:00:00+00:00
[2024-07-26T12:31:50.939+0000] {processor.py:183} INFO - Processing /home/airflow/.local/lib/python3.8/site-packages/airflow/example_dags/example_setup_teardown.py took 0.093 seconds
[2024-07-26T12:32:21.406+0000] {processor.py:161} INFO - Started process (PID=610) to work on /home/airflow/.local/lib/python3.8/site-packages/airflow/example_dags/example_setup_teardown.py
[2024-07-26T12:32:21.407+0000] {processor.py:830} INFO - Processing file /home/airflow/.local/lib/python3.8/site-packages/airflow/example_dags/example_setup_teardown.py for tasks to queue
[2024-07-26T12:32:21.410+0000] {logging_mixin.py:188} INFO - [2024-07-26T12:32:21.409+0000] {dagbag.py:538} INFO - Filling up the DagBag from /home/airflow/.local/lib/python3.8/site-packages/airflow/example_dags/example_setup_teardown.py
[2024-07-26T12:32:21.421+0000] {processor.py:840} INFO - DAG(s) 'example_setup_teardown' retrieved from /home/airflow/.local/lib/python3.8/site-packages/airflow/example_dags/example_setup_teardown.py
[2024-07-26T12:32:21.443+0000] {logging_mixin.py:188} INFO - [2024-07-26T12:32:21.443+0000] {dag.py:3036} INFO - Sync 1 DAGs
[2024-07-26T12:32:21.467+0000] {logging_mixin.py:188} INFO - [2024-07-26T12:32:21.467+0000] {dag.py:3823} INFO - Setting next_dagrun for example_setup_teardown to 2024-07-25 00:00:00+00:00, run_after=2024-07-26 00:00:00+00:00
[2024-07-26T12:32:21.488+0000] {processor.py:183} INFO - Processing /home/airflow/.local/lib/python3.8/site-packages/airflow/example_dags/example_setup_teardown.py took 0.085 seconds
[2024-07-26T12:32:52.470+0000] {processor.py:161} INFO - Started process (PID=674) to work on /home/airflow/.local/lib/python3.8/site-packages/airflow/example_dags/example_setup_teardown.py
[2024-07-26T12:32:52.471+0000] {processor.py:830} INFO - Processing file /home/airflow/.local/lib/python3.8/site-packages/airflow/example_dags/example_setup_teardown.py for tasks to queue
[2024-07-26T12:32:52.473+0000] {logging_mixin.py:188} INFO - [2024-07-26T12:32:52.473+0000] {dagbag.py:538} INFO - Filling up the DagBag from /home/airflow/.local/lib/python3.8/site-packages/airflow/example_dags/example_setup_teardown.py
[2024-07-26T12:32:52.480+0000] {processor.py:840} INFO - DAG(s) 'example_setup_teardown' retrieved from /home/airflow/.local/lib/python3.8/site-packages/airflow/example_dags/example_setup_teardown.py
[2024-07-26T12:32:52.502+0000] {logging_mixin.py:188} INFO - [2024-07-26T12:32:52.502+0000] {dag.py:3036} INFO - Sync 1 DAGs
[2024-07-26T12:32:52.526+0000] {logging_mixin.py:188} INFO - [2024-07-26T12:32:52.526+0000] {dag.py:3823} INFO - Setting next_dagrun for example_setup_teardown to 2024-07-25 00:00:00+00:00, run_after=2024-07-26 00:00:00+00:00
[2024-07-26T12:32:52.550+0000] {processor.py:183} INFO - Processing /home/airflow/.local/lib/python3.8/site-packages/airflow/example_dags/example_setup_teardown.py took 0.083 seconds
[2024-07-26T12:33:23.005+0000] {processor.py:161} INFO - Started process (PID=739) to work on /home/airflow/.local/lib/python3.8/site-packages/airflow/example_dags/example_setup_teardown.py
[2024-07-26T12:33:23.006+0000] {processor.py:830} INFO - Processing file /home/airflow/.local/lib/python3.8/site-packages/airflow/example_dags/example_setup_teardown.py for tasks to queue
[2024-07-26T12:33:23.008+0000] {logging_mixin.py:188} INFO - [2024-07-26T12:33:23.008+0000] {dagbag.py:538} INFO - Filling up the DagBag from /home/airflow/.local/lib/python3.8/site-packages/airflow/example_dags/example_setup_teardown.py
[2024-07-26T12:33:23.016+0000] {processor.py:840} INFO - DAG(s) 'example_setup_teardown' retrieved from /home/airflow/.local/lib/python3.8/site-packages/airflow/example_dags/example_setup_teardown.py
[2024-07-26T12:33:23.040+0000] {logging_mixin.py:188} INFO - [2024-07-26T12:33:23.040+0000] {dag.py:3036} INFO - Sync 1 DAGs
[2024-07-26T12:33:23.065+0000] {logging_mixin.py:188} INFO - [2024-07-26T12:33:23.065+0000] {dag.py:3823} INFO - Setting next_dagrun for example_setup_teardown to 2024-07-25 00:00:00+00:00, run_after=2024-07-26 00:00:00+00:00
[2024-07-26T12:33:23.084+0000] {processor.py:183} INFO - Processing /home/airflow/.local/lib/python3.8/site-packages/airflow/example_dags/example_setup_teardown.py took 0.083 seconds
[2024-07-26T12:33:53.554+0000] {processor.py:161} INFO - Started process (PID=803) to work on /home/airflow/.local/lib/python3.8/site-packages/airflow/example_dags/example_setup_teardown.py
[2024-07-26T12:33:53.556+0000] {processor.py:830} INFO - Processing file /home/airflow/.local/lib/python3.8/site-packages/airflow/example_dags/example_setup_teardown.py for tasks to queue
[2024-07-26T12:33:53.558+0000] {logging_mixin.py:188} INFO - [2024-07-26T12:33:53.557+0000] {dagbag.py:538} INFO - Filling up the DagBag from /home/airflow/.local/lib/python3.8/site-packages/airflow/example_dags/example_setup_teardown.py
[2024-07-26T12:33:53.565+0000] {processor.py:840} INFO - DAG(s) 'example_setup_teardown' retrieved from /home/airflow/.local/lib/python3.8/site-packages/airflow/example_dags/example_setup_teardown.py
[2024-07-26T12:33:53.589+0000] {logging_mixin.py:188} INFO - [2024-07-26T12:33:53.589+0000] {dag.py:3036} INFO - Sync 1 DAGs
[2024-07-26T12:33:53.612+0000] {logging_mixin.py:188} INFO - [2024-07-26T12:33:53.611+0000] {dag.py:3823} INFO - Setting next_dagrun for example_setup_teardown to 2024-07-25 00:00:00+00:00, run_after=2024-07-26 00:00:00+00:00
[2024-07-26T12:33:53.637+0000] {processor.py:183} INFO - Processing /home/airflow/.local/lib/python3.8/site-packages/airflow/example_dags/example_setup_teardown.py took 0.086 seconds
[2024-07-26T12:34:24.033+0000] {processor.py:161} INFO - Started process (PID=867) to work on /home/airflow/.local/lib/python3.8/site-packages/airflow/example_dags/example_setup_teardown.py
[2024-07-26T12:34:24.034+0000] {processor.py:830} INFO - Processing file /home/airflow/.local/lib/python3.8/site-packages/airflow/example_dags/example_setup_teardown.py for tasks to queue
[2024-07-26T12:34:24.036+0000] {logging_mixin.py:188} INFO - [2024-07-26T12:34:24.035+0000] {dagbag.py:538} INFO - Filling up the DagBag from /home/airflow/.local/lib/python3.8/site-packages/airflow/example_dags/example_setup_teardown.py
[2024-07-26T12:34:24.042+0000] {processor.py:840} INFO - DAG(s) 'example_setup_teardown' retrieved from /home/airflow/.local/lib/python3.8/site-packages/airflow/example_dags/example_setup_teardown.py
[2024-07-26T12:34:24.066+0000] {logging_mixin.py:188} INFO - [2024-07-26T12:34:24.065+0000] {dag.py:3036} INFO - Sync 1 DAGs
[2024-07-26T12:34:24.090+0000] {logging_mixin.py:188} INFO - [2024-07-26T12:34:24.090+0000] {dag.py:3823} INFO - Setting next_dagrun for example_setup_teardown to 2024-07-25 00:00:00+00:00, run_after=2024-07-26 00:00:00+00:00
[2024-07-26T12:34:24.109+0000] {processor.py:183} INFO - Processing /home/airflow/.local/lib/python3.8/site-packages/airflow/example_dags/example_setup_teardown.py took 0.080 seconds
[2024-07-26T12:34:54.564+0000] {processor.py:161} INFO - Started process (PID=931) to work on /home/airflow/.local/lib/python3.8/site-packages/airflow/example_dags/example_setup_teardown.py
[2024-07-26T12:34:54.565+0000] {processor.py:830} INFO - Processing file /home/airflow/.local/lib/python3.8/site-packages/airflow/example_dags/example_setup_teardown.py for tasks to queue
[2024-07-26T12:34:54.567+0000] {logging_mixin.py:188} INFO - [2024-07-26T12:34:54.567+0000] {dagbag.py:538} INFO - Filling up the DagBag from /home/airflow/.local/lib/python3.8/site-packages/airflow/example_dags/example_setup_teardown.py
[2024-07-26T12:34:54.578+0000] {processor.py:840} INFO - DAG(s) 'example_setup_teardown' retrieved from /home/airflow/.local/lib/python3.8/site-packages/airflow/example_dags/example_setup_teardown.py
[2024-07-26T12:34:54.606+0000] {logging_mixin.py:188} INFO - [2024-07-26T12:34:54.605+0000] {dag.py:3036} INFO - Sync 1 DAGs
[2024-07-26T12:34:54.631+0000] {logging_mixin.py:188} INFO - [2024-07-26T12:34:54.631+0000] {dag.py:3823} INFO - Setting next_dagrun for example_setup_teardown to 2024-07-25 00:00:00+00:00, run_after=2024-07-26 00:00:00+00:00
[2024-07-26T12:34:54.654+0000] {processor.py:183} INFO - Processing /home/airflow/.local/lib/python3.8/site-packages/airflow/example_dags/example_setup_teardown.py took 0.093 seconds
[2024-07-26T12:35:25.240+0000] {processor.py:161} INFO - Started process (PID=995) to work on /home/airflow/.local/lib/python3.8/site-packages/airflow/example_dags/example_setup_teardown.py
[2024-07-26T12:35:25.242+0000] {processor.py:830} INFO - Processing file /home/airflow/.local/lib/python3.8/site-packages/airflow/example_dags/example_setup_teardown.py for tasks to queue
[2024-07-26T12:35:25.245+0000] {logging_mixin.py:188} INFO - [2024-07-26T12:35:25.244+0000] {dagbag.py:538} INFO - Filling up the DagBag from /home/airflow/.local/lib/python3.8/site-packages/airflow/example_dags/example_setup_teardown.py
[2024-07-26T12:35:25.255+0000] {processor.py:840} INFO - DAG(s) 'example_setup_teardown' retrieved from /home/airflow/.local/lib/python3.8/site-packages/airflow/example_dags/example_setup_teardown.py
[2024-07-26T12:35:25.284+0000] {logging_mixin.py:188} INFO - [2024-07-26T12:35:25.284+0000] {dag.py:3036} INFO - Sync 1 DAGs
[2024-07-26T12:35:25.308+0000] {logging_mixin.py:188} INFO - [2024-07-26T12:35:25.308+0000] {dag.py:3823} INFO - Setting next_dagrun for example_setup_teardown to 2024-07-25 00:00:00+00:00, run_after=2024-07-26 00:00:00+00:00
[2024-07-26T12:35:25.329+0000] {processor.py:183} INFO - Processing /home/airflow/.local/lib/python3.8/site-packages/airflow/example_dags/example_setup_teardown.py took 0.092 seconds
[2024-07-26T12:35:55.541+0000] {processor.py:161} INFO - Started process (PID=1058) to work on /home/airflow/.local/lib/python3.8/site-packages/airflow/example_dags/example_setup_teardown.py
[2024-07-26T12:35:55.542+0000] {processor.py:830} INFO - Processing file /home/airflow/.local/lib/python3.8/site-packages/airflow/example_dags/example_setup_teardown.py for tasks to queue
[2024-07-26T12:35:55.544+0000] {logging_mixin.py:188} INFO - [2024-07-26T12:35:55.544+0000] {dagbag.py:538} INFO - Filling up the DagBag from /home/airflow/.local/lib/python3.8/site-packages/airflow/example_dags/example_setup_teardown.py
[2024-07-26T12:35:55.552+0000] {processor.py:840} INFO - DAG(s) 'example_setup_teardown' retrieved from /home/airflow/.local/lib/python3.8/site-packages/airflow/example_dags/example_setup_teardown.py
[2024-07-26T12:35:55.578+0000] {logging_mixin.py:188} INFO - [2024-07-26T12:35:55.578+0000] {dag.py:3036} INFO - Sync 1 DAGs
[2024-07-26T12:35:55.607+0000] {logging_mixin.py:188} INFO - [2024-07-26T12:35:55.607+0000] {dag.py:3823} INFO - Setting next_dagrun for example_setup_teardown to 2024-07-25 00:00:00+00:00, run_after=2024-07-26 00:00:00+00:00
[2024-07-26T12:35:55.628+0000] {processor.py:183} INFO - Processing /home/airflow/.local/lib/python3.8/site-packages/airflow/example_dags/example_setup_teardown.py took 0.092 seconds
[2024-07-26T12:36:25.859+0000] {processor.py:161} INFO - Started process (PID=1122) to work on /home/airflow/.local/lib/python3.8/site-packages/airflow/example_dags/example_setup_teardown.py
[2024-07-26T12:36:25.861+0000] {processor.py:830} INFO - Processing file /home/airflow/.local/lib/python3.8/site-packages/airflow/example_dags/example_setup_teardown.py for tasks to queue
[2024-07-26T12:36:25.864+0000] {logging_mixin.py:188} INFO - [2024-07-26T12:36:25.863+0000] {dagbag.py:538} INFO - Filling up the DagBag from /home/airflow/.local/lib/python3.8/site-packages/airflow/example_dags/example_setup_teardown.py
[2024-07-26T12:36:25.871+0000] {processor.py:840} INFO - DAG(s) 'example_setup_teardown' retrieved from /home/airflow/.local/lib/python3.8/site-packages/airflow/example_dags/example_setup_teardown.py
[2024-07-26T12:36:25.900+0000] {logging_mixin.py:188} INFO - [2024-07-26T12:36:25.900+0000] {dag.py:3036} INFO - Sync 1 DAGs
[2024-07-26T12:36:25.925+0000] {logging_mixin.py:188} INFO - [2024-07-26T12:36:25.925+0000] {dag.py:3823} INFO - Setting next_dagrun for example_setup_teardown to 2024-07-25 00:00:00+00:00, run_after=2024-07-26 00:00:00+00:00
[2024-07-26T12:36:25.953+0000] {processor.py:183} INFO - Processing /home/airflow/.local/lib/python3.8/site-packages/airflow/example_dags/example_setup_teardown.py took 0.097 seconds
[2024-07-26T12:36:56.207+0000] {processor.py:161} INFO - Started process (PID=1186) to work on /home/airflow/.local/lib/python3.8/site-packages/airflow/example_dags/example_setup_teardown.py
[2024-07-26T12:36:56.208+0000] {processor.py:830} INFO - Processing file /home/airflow/.local/lib/python3.8/site-packages/airflow/example_dags/example_setup_teardown.py for tasks to queue
[2024-07-26T12:36:56.211+0000] {logging_mixin.py:188} INFO - [2024-07-26T12:36:56.210+0000] {dagbag.py:538} INFO - Filling up the DagBag from /home/airflow/.local/lib/python3.8/site-packages/airflow/example_dags/example_setup_teardown.py
[2024-07-26T12:36:56.219+0000] {processor.py:840} INFO - DAG(s) 'example_setup_teardown' retrieved from /home/airflow/.local/lib/python3.8/site-packages/airflow/example_dags/example_setup_teardown.py
[2024-07-26T12:36:56.248+0000] {logging_mixin.py:188} INFO - [2024-07-26T12:36:56.248+0000] {dag.py:3036} INFO - Sync 1 DAGs
[2024-07-26T12:36:56.274+0000] {logging_mixin.py:188} INFO - [2024-07-26T12:36:56.274+0000] {dag.py:3823} INFO - Setting next_dagrun for example_setup_teardown to 2024-07-25 00:00:00+00:00, run_after=2024-07-26 00:00:00+00:00
[2024-07-26T12:36:56.301+0000] {processor.py:183} INFO - Processing /home/airflow/.local/lib/python3.8/site-packages/airflow/example_dags/example_setup_teardown.py took 0.098 seconds
[2024-07-26T12:37:26.679+0000] {processor.py:161} INFO - Started process (PID=1250) to work on /home/airflow/.local/lib/python3.8/site-packages/airflow/example_dags/example_setup_teardown.py
[2024-07-26T12:37:26.680+0000] {processor.py:830} INFO - Processing file /home/airflow/.local/lib/python3.8/site-packages/airflow/example_dags/example_setup_teardown.py for tasks to queue
[2024-07-26T12:37:26.682+0000] {logging_mixin.py:188} INFO - [2024-07-26T12:37:26.682+0000] {dagbag.py:538} INFO - Filling up the DagBag from /home/airflow/.local/lib/python3.8/site-packages/airflow/example_dags/example_setup_teardown.py
[2024-07-26T12:37:26.689+0000] {processor.py:840} INFO - DAG(s) 'example_setup_teardown' retrieved from /home/airflow/.local/lib/python3.8/site-packages/airflow/example_dags/example_setup_teardown.py
[2024-07-26T12:37:26.719+0000] {logging_mixin.py:188} INFO - [2024-07-26T12:37:26.719+0000] {dag.py:3036} INFO - Sync 1 DAGs
[2024-07-26T12:37:26.745+0000] {logging_mixin.py:188} INFO - [2024-07-26T12:37:26.745+0000] {dag.py:3823} INFO - Setting next_dagrun for example_setup_teardown to 2024-07-25 00:00:00+00:00, run_after=2024-07-26 00:00:00+00:00
[2024-07-26T12:37:26.774+0000] {processor.py:183} INFO - Processing /home/airflow/.local/lib/python3.8/site-packages/airflow/example_dags/example_setup_teardown.py took 0.099 seconds
[2024-07-26T12:38:52.015+0000] {processor.py:161} INFO - Started process (PID=96) to work on /home/airflow/.local/lib/python3.8/site-packages/airflow/example_dags/example_setup_teardown.py
[2024-07-26T12:38:52.017+0000] {processor.py:830} INFO - Processing file /home/airflow/.local/lib/python3.8/site-packages/airflow/example_dags/example_setup_teardown.py for tasks to queue
[2024-07-26T12:38:52.020+0000] {logging_mixin.py:188} INFO - [2024-07-26T12:38:52.019+0000] {dagbag.py:538} INFO - Filling up the DagBag from /home/airflow/.local/lib/python3.8/site-packages/airflow/example_dags/example_setup_teardown.py
[2024-07-26T12:38:52.033+0000] {processor.py:840} INFO - DAG(s) 'example_setup_teardown' retrieved from /home/airflow/.local/lib/python3.8/site-packages/airflow/example_dags/example_setup_teardown.py
[2024-07-26T12:38:52.048+0000] {logging_mixin.py:188} INFO - [2024-07-26T12:38:52.047+0000] {dag.py:3036} INFO - Sync 1 DAGs
[2024-07-26T12:38:52.087+0000] {logging_mixin.py:188} INFO - [2024-07-26T12:38:52.087+0000] {dag.py:3823} INFO - Setting next_dagrun for example_setup_teardown to 2024-07-25 00:00:00+00:00, run_after=2024-07-26 00:00:00+00:00
[2024-07-26T12:38:52.112+0000] {processor.py:183} INFO - Processing /home/airflow/.local/lib/python3.8/site-packages/airflow/example_dags/example_setup_teardown.py took 0.100 seconds
[2024-07-26T12:39:23.100+0000] {processor.py:161} INFO - Started process (PID=160) to work on /home/airflow/.local/lib/python3.8/site-packages/airflow/example_dags/example_setup_teardown.py
[2024-07-26T12:39:23.101+0000] {processor.py:830} INFO - Processing file /home/airflow/.local/lib/python3.8/site-packages/airflow/example_dags/example_setup_teardown.py for tasks to queue
[2024-07-26T12:39:23.103+0000] {logging_mixin.py:188} INFO - [2024-07-26T12:39:23.102+0000] {dagbag.py:538} INFO - Filling up the DagBag from /home/airflow/.local/lib/python3.8/site-packages/airflow/example_dags/example_setup_teardown.py
[2024-07-26T12:39:23.110+0000] {processor.py:840} INFO - DAG(s) 'example_setup_teardown' retrieved from /home/airflow/.local/lib/python3.8/site-packages/airflow/example_dags/example_setup_teardown.py
[2024-07-26T12:39:23.231+0000] {logging_mixin.py:188} INFO - [2024-07-26T12:39:23.231+0000] {dag.py:3036} INFO - Sync 1 DAGs
[2024-07-26T12:39:23.255+0000] {logging_mixin.py:188} INFO - [2024-07-26T12:39:23.255+0000] {dag.py:3823} INFO - Setting next_dagrun for example_setup_teardown to 2024-07-25 00:00:00+00:00, run_after=2024-07-26 00:00:00+00:00
[2024-07-26T12:39:23.277+0000] {processor.py:183} INFO - Processing /home/airflow/.local/lib/python3.8/site-packages/airflow/example_dags/example_setup_teardown.py took 0.181 seconds
[2024-07-26T12:43:18.008+0000] {processor.py:161} INFO - Started process (PID=101) to work on /home/airflow/.local/lib/python3.8/site-packages/airflow/example_dags/example_setup_teardown.py
[2024-07-26T12:43:18.009+0000] {processor.py:830} INFO - Processing file /home/airflow/.local/lib/python3.8/site-packages/airflow/example_dags/example_setup_teardown.py for tasks to queue
[2024-07-26T12:43:18.011+0000] {logging_mixin.py:188} INFO - [2024-07-26T12:43:18.010+0000] {dagbag.py:538} INFO - Filling up the DagBag from /home/airflow/.local/lib/python3.8/site-packages/airflow/example_dags/example_setup_teardown.py
[2024-07-26T12:43:18.022+0000] {processor.py:840} INFO - DAG(s) 'example_setup_teardown' retrieved from /home/airflow/.local/lib/python3.8/site-packages/airflow/example_dags/example_setup_teardown.py
[2024-07-26T12:43:18.191+0000] {logging_mixin.py:188} INFO - [2024-07-26T12:43:18.190+0000] {dag.py:3036} INFO - Sync 1 DAGs
[2024-07-26T12:43:18.218+0000] {logging_mixin.py:188} INFO - [2024-07-26T12:43:18.218+0000] {dag.py:3823} INFO - Setting next_dagrun for example_setup_teardown to 2024-07-25 00:00:00+00:00, run_after=2024-07-26 00:00:00+00:00
[2024-07-26T12:43:18.245+0000] {processor.py:183} INFO - Processing /home/airflow/.local/lib/python3.8/site-packages/airflow/example_dags/example_setup_teardown.py took 0.242 seconds
[2024-07-26T12:43:48.527+0000] {processor.py:161} INFO - Started process (PID=171) to work on /home/airflow/.local/lib/python3.8/site-packages/airflow/example_dags/example_setup_teardown.py
[2024-07-26T12:43:48.528+0000] {processor.py:830} INFO - Processing file /home/airflow/.local/lib/python3.8/site-packages/airflow/example_dags/example_setup_teardown.py for tasks to queue
[2024-07-26T12:43:48.530+0000] {logging_mixin.py:188} INFO - [2024-07-26T12:43:48.530+0000] {dagbag.py:538} INFO - Filling up the DagBag from /home/airflow/.local/lib/python3.8/site-packages/airflow/example_dags/example_setup_teardown.py
[2024-07-26T12:43:48.537+0000] {processor.py:840} INFO - DAG(s) 'example_setup_teardown' retrieved from /home/airflow/.local/lib/python3.8/site-packages/airflow/example_dags/example_setup_teardown.py
[2024-07-26T12:43:48.560+0000] {logging_mixin.py:188} INFO - [2024-07-26T12:43:48.560+0000] {dag.py:3036} INFO - Sync 1 DAGs
[2024-07-26T12:43:48.589+0000] {logging_mixin.py:188} INFO - [2024-07-26T12:43:48.588+0000] {dag.py:3823} INFO - Setting next_dagrun for example_setup_teardown to 2024-07-25 00:00:00+00:00, run_after=2024-07-26 00:00:00+00:00
[2024-07-26T12:43:48.610+0000] {processor.py:183} INFO - Processing /home/airflow/.local/lib/python3.8/site-packages/airflow/example_dags/example_setup_teardown.py took 0.087 seconds
[2024-07-26T12:44:19.721+0000] {processor.py:161} INFO - Started process (PID=235) to work on /home/airflow/.local/lib/python3.8/site-packages/airflow/example_dags/example_setup_teardown.py
[2024-07-26T12:44:19.722+0000] {processor.py:830} INFO - Processing file /home/airflow/.local/lib/python3.8/site-packages/airflow/example_dags/example_setup_teardown.py for tasks to queue
[2024-07-26T12:44:19.724+0000] {logging_mixin.py:188} INFO - [2024-07-26T12:44:19.723+0000] {dagbag.py:538} INFO - Filling up the DagBag from /home/airflow/.local/lib/python3.8/site-packages/airflow/example_dags/example_setup_teardown.py
[2024-07-26T12:44:19.731+0000] {processor.py:840} INFO - DAG(s) 'example_setup_teardown' retrieved from /home/airflow/.local/lib/python3.8/site-packages/airflow/example_dags/example_setup_teardown.py
[2024-07-26T12:44:19.754+0000] {logging_mixin.py:188} INFO - [2024-07-26T12:44:19.754+0000] {dag.py:3036} INFO - Sync 1 DAGs
[2024-07-26T12:44:19.780+0000] {logging_mixin.py:188} INFO - [2024-07-26T12:44:19.780+0000] {dag.py:3823} INFO - Setting next_dagrun for example_setup_teardown to 2024-07-25 00:00:00+00:00, run_after=2024-07-26 00:00:00+00:00
[2024-07-26T12:44:19.803+0000] {processor.py:183} INFO - Processing /home/airflow/.local/lib/python3.8/site-packages/airflow/example_dags/example_setup_teardown.py took 0.085 seconds
[2024-07-26T12:49:45.623+0000] {processor.py:161} INFO - Started process (PID=101) to work on /home/airflow/.local/lib/python3.8/site-packages/airflow/example_dags/example_setup_teardown.py
[2024-07-26T12:49:45.623+0000] {processor.py:830} INFO - Processing file /home/airflow/.local/lib/python3.8/site-packages/airflow/example_dags/example_setup_teardown.py for tasks to queue
[2024-07-26T12:49:45.625+0000] {logging_mixin.py:188} INFO - [2024-07-26T12:49:45.625+0000] {dagbag.py:538} INFO - Filling up the DagBag from /home/airflow/.local/lib/python3.8/site-packages/airflow/example_dags/example_setup_teardown.py
[2024-07-26T12:49:45.640+0000] {processor.py:840} INFO - DAG(s) 'example_setup_teardown' retrieved from /home/airflow/.local/lib/python3.8/site-packages/airflow/example_dags/example_setup_teardown.py
[2024-07-26T12:49:45.771+0000] {logging_mixin.py:188} INFO - [2024-07-26T12:49:45.771+0000] {dag.py:3036} INFO - Sync 1 DAGs
[2024-07-26T12:49:45.801+0000] {logging_mixin.py:188} INFO - [2024-07-26T12:49:45.800+0000] {dag.py:3823} INFO - Setting next_dagrun for example_setup_teardown to 2024-07-25 00:00:00+00:00, run_after=2024-07-26 00:00:00+00:00
[2024-07-26T12:49:45.823+0000] {processor.py:183} INFO - Processing /home/airflow/.local/lib/python3.8/site-packages/airflow/example_dags/example_setup_teardown.py took 0.205 seconds
[2024-07-26T12:50:16.452+0000] {processor.py:161} INFO - Started process (PID=158) to work on /home/airflow/.local/lib/python3.8/site-packages/airflow/example_dags/example_setup_teardown.py
[2024-07-26T12:50:16.453+0000] {processor.py:830} INFO - Processing file /home/airflow/.local/lib/python3.8/site-packages/airflow/example_dags/example_setup_teardown.py for tasks to queue
[2024-07-26T12:50:16.455+0000] {logging_mixin.py:188} INFO - [2024-07-26T12:50:16.455+0000] {dagbag.py:538} INFO - Filling up the DagBag from /home/airflow/.local/lib/python3.8/site-packages/airflow/example_dags/example_setup_teardown.py
[2024-07-26T12:50:16.462+0000] {processor.py:840} INFO - DAG(s) 'example_setup_teardown' retrieved from /home/airflow/.local/lib/python3.8/site-packages/airflow/example_dags/example_setup_teardown.py
[2024-07-26T12:50:16.488+0000] {logging_mixin.py:188} INFO - [2024-07-26T12:50:16.488+0000] {dag.py:3036} INFO - Sync 1 DAGs
[2024-07-26T12:50:16.517+0000] {logging_mixin.py:188} INFO - [2024-07-26T12:50:16.516+0000] {dag.py:3823} INFO - Setting next_dagrun for example_setup_teardown to 2024-07-25 00:00:00+00:00, run_after=2024-07-26 00:00:00+00:00
[2024-07-26T12:50:16.542+0000] {processor.py:183} INFO - Processing /home/airflow/.local/lib/python3.8/site-packages/airflow/example_dags/example_setup_teardown.py took 0.094 seconds
[2024-07-26T12:50:46.601+0000] {processor.py:161} INFO - Started process (PID=220) to work on /home/airflow/.local/lib/python3.8/site-packages/airflow/example_dags/example_setup_teardown.py
[2024-07-26T12:50:46.602+0000] {processor.py:830} INFO - Processing file /home/airflow/.local/lib/python3.8/site-packages/airflow/example_dags/example_setup_teardown.py for tasks to queue
[2024-07-26T12:50:46.605+0000] {logging_mixin.py:188} INFO - [2024-07-26T12:50:46.604+0000] {dagbag.py:538} INFO - Filling up the DagBag from /home/airflow/.local/lib/python3.8/site-packages/airflow/example_dags/example_setup_teardown.py
[2024-07-26T12:50:46.612+0000] {processor.py:840} INFO - DAG(s) 'example_setup_teardown' retrieved from /home/airflow/.local/lib/python3.8/site-packages/airflow/example_dags/example_setup_teardown.py
[2024-07-26T12:50:46.635+0000] {logging_mixin.py:188} INFO - [2024-07-26T12:50:46.635+0000] {dag.py:3036} INFO - Sync 1 DAGs
[2024-07-26T12:50:46.660+0000] {logging_mixin.py:188} INFO - [2024-07-26T12:50:46.660+0000] {dag.py:3823} INFO - Setting next_dagrun for example_setup_teardown to 2024-07-25 00:00:00+00:00, run_after=2024-07-26 00:00:00+00:00
[2024-07-26T12:50:46.681+0000] {processor.py:183} INFO - Processing /home/airflow/.local/lib/python3.8/site-packages/airflow/example_dags/example_setup_teardown.py took 0.084 seconds
[2024-07-26T12:51:16.853+0000] {processor.py:161} INFO - Started process (PID=284) to work on /home/airflow/.local/lib/python3.8/site-packages/airflow/example_dags/example_setup_teardown.py
[2024-07-26T12:51:16.863+0000] {processor.py:830} INFO - Processing file /home/airflow/.local/lib/python3.8/site-packages/airflow/example_dags/example_setup_teardown.py for tasks to queue
[2024-07-26T12:51:16.866+0000] {logging_mixin.py:188} INFO - [2024-07-26T12:51:16.865+0000] {dagbag.py:538} INFO - Filling up the DagBag from /home/airflow/.local/lib/python3.8/site-packages/airflow/example_dags/example_setup_teardown.py
[2024-07-26T12:51:16.878+0000] {processor.py:840} INFO - DAG(s) 'example_setup_teardown' retrieved from /home/airflow/.local/lib/python3.8/site-packages/airflow/example_dags/example_setup_teardown.py
[2024-07-26T12:51:16.910+0000] {logging_mixin.py:188} INFO - [2024-07-26T12:51:16.910+0000] {dag.py:3036} INFO - Sync 1 DAGs
[2024-07-26T12:51:16.935+0000] {logging_mixin.py:188} INFO - [2024-07-26T12:51:16.935+0000] {dag.py:3823} INFO - Setting next_dagrun for example_setup_teardown to 2024-07-25 00:00:00+00:00, run_after=2024-07-26 00:00:00+00:00
[2024-07-26T12:51:16.955+0000] {processor.py:183} INFO - Processing /home/airflow/.local/lib/python3.8/site-packages/airflow/example_dags/example_setup_teardown.py took 0.107 seconds
[2024-07-26T12:51:47.030+0000] {processor.py:161} INFO - Started process (PID=348) to work on /home/airflow/.local/lib/python3.8/site-packages/airflow/example_dags/example_setup_teardown.py
[2024-07-26T12:51:47.031+0000] {processor.py:830} INFO - Processing file /home/airflow/.local/lib/python3.8/site-packages/airflow/example_dags/example_setup_teardown.py for tasks to queue
[2024-07-26T12:51:47.034+0000] {logging_mixin.py:188} INFO - [2024-07-26T12:51:47.033+0000] {dagbag.py:538} INFO - Filling up the DagBag from /home/airflow/.local/lib/python3.8/site-packages/airflow/example_dags/example_setup_teardown.py
[2024-07-26T12:51:47.040+0000] {processor.py:840} INFO - DAG(s) 'example_setup_teardown' retrieved from /home/airflow/.local/lib/python3.8/site-packages/airflow/example_dags/example_setup_teardown.py
[2024-07-26T12:51:47.064+0000] {logging_mixin.py:188} INFO - [2024-07-26T12:51:47.063+0000] {dag.py:3036} INFO - Sync 1 DAGs
[2024-07-26T12:51:47.088+0000] {logging_mixin.py:188} INFO - [2024-07-26T12:51:47.087+0000] {dag.py:3823} INFO - Setting next_dagrun for example_setup_teardown to 2024-07-25 00:00:00+00:00, run_after=2024-07-26 00:00:00+00:00
[2024-07-26T12:51:47.109+0000] {processor.py:183} INFO - Processing /home/airflow/.local/lib/python3.8/site-packages/airflow/example_dags/example_setup_teardown.py took 0.082 seconds
[2024-07-26T12:52:17.762+0000] {processor.py:161} INFO - Started process (PID=412) to work on /home/airflow/.local/lib/python3.8/site-packages/airflow/example_dags/example_setup_teardown.py
[2024-07-26T12:52:17.763+0000] {processor.py:830} INFO - Processing file /home/airflow/.local/lib/python3.8/site-packages/airflow/example_dags/example_setup_teardown.py for tasks to queue
[2024-07-26T12:52:17.765+0000] {logging_mixin.py:188} INFO - [2024-07-26T12:52:17.765+0000] {dagbag.py:538} INFO - Filling up the DagBag from /home/airflow/.local/lib/python3.8/site-packages/airflow/example_dags/example_setup_teardown.py
[2024-07-26T12:52:17.772+0000] {processor.py:840} INFO - DAG(s) 'example_setup_teardown' retrieved from /home/airflow/.local/lib/python3.8/site-packages/airflow/example_dags/example_setup_teardown.py
[2024-07-26T12:52:17.795+0000] {logging_mixin.py:188} INFO - [2024-07-26T12:52:17.794+0000] {dag.py:3036} INFO - Sync 1 DAGs
[2024-07-26T12:52:17.819+0000] {logging_mixin.py:188} INFO - [2024-07-26T12:52:17.819+0000] {dag.py:3823} INFO - Setting next_dagrun for example_setup_teardown to 2024-07-25 00:00:00+00:00, run_after=2024-07-26 00:00:00+00:00
[2024-07-26T12:52:17.840+0000] {processor.py:183} INFO - Processing /home/airflow/.local/lib/python3.8/site-packages/airflow/example_dags/example_setup_teardown.py took 0.081 seconds
[2024-07-26T12:52:48.244+0000] {processor.py:161} INFO - Started process (PID=476) to work on /home/airflow/.local/lib/python3.8/site-packages/airflow/example_dags/example_setup_teardown.py
[2024-07-26T12:52:48.245+0000] {processor.py:830} INFO - Processing file /home/airflow/.local/lib/python3.8/site-packages/airflow/example_dags/example_setup_teardown.py for tasks to queue
[2024-07-26T12:52:48.247+0000] {logging_mixin.py:188} INFO - [2024-07-26T12:52:48.247+0000] {dagbag.py:538} INFO - Filling up the DagBag from /home/airflow/.local/lib/python3.8/site-packages/airflow/example_dags/example_setup_teardown.py
[2024-07-26T12:52:48.254+0000] {processor.py:840} INFO - DAG(s) 'example_setup_teardown' retrieved from /home/airflow/.local/lib/python3.8/site-packages/airflow/example_dags/example_setup_teardown.py
[2024-07-26T12:52:48.277+0000] {logging_mixin.py:188} INFO - [2024-07-26T12:52:48.277+0000] {dag.py:3036} INFO - Sync 1 DAGs
[2024-07-26T12:52:48.302+0000] {logging_mixin.py:188} INFO - [2024-07-26T12:52:48.302+0000] {dag.py:3823} INFO - Setting next_dagrun for example_setup_teardown to 2024-07-25 00:00:00+00:00, run_after=2024-07-26 00:00:00+00:00
[2024-07-26T12:52:48.325+0000] {processor.py:183} INFO - Processing /home/airflow/.local/lib/python3.8/site-packages/airflow/example_dags/example_setup_teardown.py took 0.085 seconds
[2024-07-26T12:53:18.896+0000] {processor.py:161} INFO - Started process (PID=540) to work on /home/airflow/.local/lib/python3.8/site-packages/airflow/example_dags/example_setup_teardown.py
[2024-07-26T12:53:18.897+0000] {processor.py:830} INFO - Processing file /home/airflow/.local/lib/python3.8/site-packages/airflow/example_dags/example_setup_teardown.py for tasks to queue
[2024-07-26T12:53:18.899+0000] {logging_mixin.py:188} INFO - [2024-07-26T12:53:18.899+0000] {dagbag.py:538} INFO - Filling up the DagBag from /home/airflow/.local/lib/python3.8/site-packages/airflow/example_dags/example_setup_teardown.py
[2024-07-26T12:53:18.906+0000] {processor.py:840} INFO - DAG(s) 'example_setup_teardown' retrieved from /home/airflow/.local/lib/python3.8/site-packages/airflow/example_dags/example_setup_teardown.py
[2024-07-26T12:53:18.930+0000] {logging_mixin.py:188} INFO - [2024-07-26T12:53:18.930+0000] {dag.py:3036} INFO - Sync 1 DAGs
[2024-07-26T12:53:18.954+0000] {logging_mixin.py:188} INFO - [2024-07-26T12:53:18.954+0000] {dag.py:3823} INFO - Setting next_dagrun for example_setup_teardown to 2024-07-25 00:00:00+00:00, run_after=2024-07-26 00:00:00+00:00
[2024-07-26T12:53:18.975+0000] {processor.py:183} INFO - Processing /home/airflow/.local/lib/python3.8/site-packages/airflow/example_dags/example_setup_teardown.py took 0.082 seconds
[2024-07-26T12:53:49.200+0000] {processor.py:161} INFO - Started process (PID=604) to work on /home/airflow/.local/lib/python3.8/site-packages/airflow/example_dags/example_setup_teardown.py
[2024-07-26T12:53:49.201+0000] {processor.py:830} INFO - Processing file /home/airflow/.local/lib/python3.8/site-packages/airflow/example_dags/example_setup_teardown.py for tasks to queue
[2024-07-26T12:53:49.203+0000] {logging_mixin.py:188} INFO - [2024-07-26T12:53:49.203+0000] {dagbag.py:538} INFO - Filling up the DagBag from /home/airflow/.local/lib/python3.8/site-packages/airflow/example_dags/example_setup_teardown.py
[2024-07-26T12:53:49.210+0000] {processor.py:840} INFO - DAG(s) 'example_setup_teardown' retrieved from /home/airflow/.local/lib/python3.8/site-packages/airflow/example_dags/example_setup_teardown.py
[2024-07-26T12:53:49.242+0000] {logging_mixin.py:188} INFO - [2024-07-26T12:53:49.242+0000] {dag.py:3036} INFO - Sync 1 DAGs
[2024-07-26T12:53:49.269+0000] {logging_mixin.py:188} INFO - [2024-07-26T12:53:49.269+0000] {dag.py:3823} INFO - Setting next_dagrun for example_setup_teardown to 2024-07-25 00:00:00+00:00, run_after=2024-07-26 00:00:00+00:00
[2024-07-26T12:53:49.289+0000] {processor.py:183} INFO - Processing /home/airflow/.local/lib/python3.8/site-packages/airflow/example_dags/example_setup_teardown.py took 0.092 seconds
[2024-07-26T12:54:19.565+0000] {processor.py:161} INFO - Started process (PID=668) to work on /home/airflow/.local/lib/python3.8/site-packages/airflow/example_dags/example_setup_teardown.py
[2024-07-26T12:54:19.566+0000] {processor.py:830} INFO - Processing file /home/airflow/.local/lib/python3.8/site-packages/airflow/example_dags/example_setup_teardown.py for tasks to queue
[2024-07-26T12:54:19.568+0000] {logging_mixin.py:188} INFO - [2024-07-26T12:54:19.567+0000] {dagbag.py:538} INFO - Filling up the DagBag from /home/airflow/.local/lib/python3.8/site-packages/airflow/example_dags/example_setup_teardown.py
[2024-07-26T12:54:19.575+0000] {processor.py:840} INFO - DAG(s) 'example_setup_teardown' retrieved from /home/airflow/.local/lib/python3.8/site-packages/airflow/example_dags/example_setup_teardown.py
[2024-07-26T12:54:19.599+0000] {logging_mixin.py:188} INFO - [2024-07-26T12:54:19.598+0000] {dag.py:3036} INFO - Sync 1 DAGs
[2024-07-26T12:54:19.629+0000] {logging_mixin.py:188} INFO - [2024-07-26T12:54:19.629+0000] {dag.py:3823} INFO - Setting next_dagrun for example_setup_teardown to 2024-07-25 00:00:00+00:00, run_after=2024-07-26 00:00:00+00:00
[2024-07-26T12:54:19.657+0000] {processor.py:183} INFO - Processing /home/airflow/.local/lib/python3.8/site-packages/airflow/example_dags/example_setup_teardown.py took 0.096 seconds
[2024-07-26T12:54:49.955+0000] {processor.py:161} INFO - Started process (PID=732) to work on /home/airflow/.local/lib/python3.8/site-packages/airflow/example_dags/example_setup_teardown.py
[2024-07-26T12:54:49.957+0000] {processor.py:830} INFO - Processing file /home/airflow/.local/lib/python3.8/site-packages/airflow/example_dags/example_setup_teardown.py for tasks to queue
[2024-07-26T12:54:49.959+0000] {logging_mixin.py:188} INFO - [2024-07-26T12:54:49.959+0000] {dagbag.py:538} INFO - Filling up the DagBag from /home/airflow/.local/lib/python3.8/site-packages/airflow/example_dags/example_setup_teardown.py
[2024-07-26T12:54:49.966+0000] {processor.py:840} INFO - DAG(s) 'example_setup_teardown' retrieved from /home/airflow/.local/lib/python3.8/site-packages/airflow/example_dags/example_setup_teardown.py
[2024-07-26T12:54:49.990+0000] {logging_mixin.py:188} INFO - [2024-07-26T12:54:49.990+0000] {dag.py:3036} INFO - Sync 1 DAGs
[2024-07-26T12:54:50.019+0000] {logging_mixin.py:188} INFO - [2024-07-26T12:54:50.019+0000] {dag.py:3823} INFO - Setting next_dagrun for example_setup_teardown to 2024-07-25 00:00:00+00:00, run_after=2024-07-26 00:00:00+00:00
[2024-07-26T12:54:50.050+0000] {processor.py:183} INFO - Processing /home/airflow/.local/lib/python3.8/site-packages/airflow/example_dags/example_setup_teardown.py took 0.099 seconds
[2024-07-26T12:55:20.457+0000] {processor.py:161} INFO - Started process (PID=796) to work on /home/airflow/.local/lib/python3.8/site-packages/airflow/example_dags/example_setup_teardown.py
[2024-07-26T12:55:20.458+0000] {processor.py:830} INFO - Processing file /home/airflow/.local/lib/python3.8/site-packages/airflow/example_dags/example_setup_teardown.py for tasks to queue
[2024-07-26T12:55:20.462+0000] {logging_mixin.py:188} INFO - [2024-07-26T12:55:20.461+0000] {dagbag.py:538} INFO - Filling up the DagBag from /home/airflow/.local/lib/python3.8/site-packages/airflow/example_dags/example_setup_teardown.py
[2024-07-26T12:55:20.471+0000] {processor.py:840} INFO - DAG(s) 'example_setup_teardown' retrieved from /home/airflow/.local/lib/python3.8/site-packages/airflow/example_dags/example_setup_teardown.py
[2024-07-26T12:55:20.499+0000] {logging_mixin.py:188} INFO - [2024-07-26T12:55:20.498+0000] {dag.py:3036} INFO - Sync 1 DAGs
[2024-07-26T12:55:20.530+0000] {logging_mixin.py:188} INFO - [2024-07-26T12:55:20.530+0000] {dag.py:3823} INFO - Setting next_dagrun for example_setup_teardown to 2024-07-25 00:00:00+00:00, run_after=2024-07-26 00:00:00+00:00
[2024-07-26T12:55:20.553+0000] {processor.py:183} INFO - Processing /home/airflow/.local/lib/python3.8/site-packages/airflow/example_dags/example_setup_teardown.py took 0.101 seconds
[2024-07-26T12:55:51.371+0000] {processor.py:161} INFO - Started process (PID=860) to work on /home/airflow/.local/lib/python3.8/site-packages/airflow/example_dags/example_setup_teardown.py
[2024-07-26T12:55:51.377+0000] {processor.py:830} INFO - Processing file /home/airflow/.local/lib/python3.8/site-packages/airflow/example_dags/example_setup_teardown.py for tasks to queue
[2024-07-26T12:55:51.380+0000] {logging_mixin.py:188} INFO - [2024-07-26T12:55:51.380+0000] {dagbag.py:538} INFO - Filling up the DagBag from /home/airflow/.local/lib/python3.8/site-packages/airflow/example_dags/example_setup_teardown.py
[2024-07-26T12:55:51.389+0000] {processor.py:840} INFO - DAG(s) 'example_setup_teardown' retrieved from /home/airflow/.local/lib/python3.8/site-packages/airflow/example_dags/example_setup_teardown.py
[2024-07-26T12:55:51.414+0000] {logging_mixin.py:188} INFO - [2024-07-26T12:55:51.414+0000] {dag.py:3036} INFO - Sync 1 DAGs
[2024-07-26T12:55:51.447+0000] {logging_mixin.py:188} INFO - [2024-07-26T12:55:51.447+0000] {dag.py:3823} INFO - Setting next_dagrun for example_setup_teardown to 2024-07-25 00:00:00+00:00, run_after=2024-07-26 00:00:00+00:00
[2024-07-26T12:55:51.472+0000] {processor.py:183} INFO - Processing /home/airflow/.local/lib/python3.8/site-packages/airflow/example_dags/example_setup_teardown.py took 0.106 seconds
[2024-07-26T12:56:22.172+0000] {processor.py:161} INFO - Started process (PID=924) to work on /home/airflow/.local/lib/python3.8/site-packages/airflow/example_dags/example_setup_teardown.py
[2024-07-26T12:56:22.174+0000] {processor.py:830} INFO - Processing file /home/airflow/.local/lib/python3.8/site-packages/airflow/example_dags/example_setup_teardown.py for tasks to queue
[2024-07-26T12:56:22.176+0000] {logging_mixin.py:188} INFO - [2024-07-26T12:56:22.176+0000] {dagbag.py:538} INFO - Filling up the DagBag from /home/airflow/.local/lib/python3.8/site-packages/airflow/example_dags/example_setup_teardown.py
[2024-07-26T12:56:22.186+0000] {processor.py:840} INFO - DAG(s) 'example_setup_teardown' retrieved from /home/airflow/.local/lib/python3.8/site-packages/airflow/example_dags/example_setup_teardown.py
[2024-07-26T12:56:22.216+0000] {logging_mixin.py:188} INFO - [2024-07-26T12:56:22.216+0000] {dag.py:3036} INFO - Sync 1 DAGs
[2024-07-26T12:56:22.242+0000] {logging_mixin.py:188} INFO - [2024-07-26T12:56:22.242+0000] {dag.py:3823} INFO - Setting next_dagrun for example_setup_teardown to 2024-07-25 00:00:00+00:00, run_after=2024-07-26 00:00:00+00:00
[2024-07-26T12:56:22.262+0000] {processor.py:183} INFO - Processing /home/airflow/.local/lib/python3.8/site-packages/airflow/example_dags/example_setup_teardown.py took 0.096 seconds
[2024-07-26T12:56:52.298+0000] {processor.py:161} INFO - Started process (PID=987) to work on /home/airflow/.local/lib/python3.8/site-packages/airflow/example_dags/example_setup_teardown.py
[2024-07-26T12:56:52.300+0000] {processor.py:830} INFO - Processing file /home/airflow/.local/lib/python3.8/site-packages/airflow/example_dags/example_setup_teardown.py for tasks to queue
[2024-07-26T12:56:52.302+0000] {logging_mixin.py:188} INFO - [2024-07-26T12:56:52.301+0000] {dagbag.py:538} INFO - Filling up the DagBag from /home/airflow/.local/lib/python3.8/site-packages/airflow/example_dags/example_setup_teardown.py
[2024-07-26T12:56:52.308+0000] {processor.py:840} INFO - DAG(s) 'example_setup_teardown' retrieved from /home/airflow/.local/lib/python3.8/site-packages/airflow/example_dags/example_setup_teardown.py
[2024-07-26T12:56:52.331+0000] {logging_mixin.py:188} INFO - [2024-07-26T12:56:52.331+0000] {dag.py:3036} INFO - Sync 1 DAGs
[2024-07-26T12:56:52.355+0000] {logging_mixin.py:188} INFO - [2024-07-26T12:56:52.355+0000] {dag.py:3823} INFO - Setting next_dagrun for example_setup_teardown to 2024-07-25 00:00:00+00:00, run_after=2024-07-26 00:00:00+00:00
[2024-07-26T12:56:52.378+0000] {processor.py:183} INFO - Processing /home/airflow/.local/lib/python3.8/site-packages/airflow/example_dags/example_setup_teardown.py took 0.083 seconds
[2024-07-26T12:57:22.736+0000] {processor.py:161} INFO - Started process (PID=1051) to work on /home/airflow/.local/lib/python3.8/site-packages/airflow/example_dags/example_setup_teardown.py
[2024-07-26T12:57:22.738+0000] {processor.py:830} INFO - Processing file /home/airflow/.local/lib/python3.8/site-packages/airflow/example_dags/example_setup_teardown.py for tasks to queue
[2024-07-26T12:57:22.740+0000] {logging_mixin.py:188} INFO - [2024-07-26T12:57:22.740+0000] {dagbag.py:538} INFO - Filling up the DagBag from /home/airflow/.local/lib/python3.8/site-packages/airflow/example_dags/example_setup_teardown.py
[2024-07-26T12:57:22.751+0000] {processor.py:840} INFO - DAG(s) 'example_setup_teardown' retrieved from /home/airflow/.local/lib/python3.8/site-packages/airflow/example_dags/example_setup_teardown.py
[2024-07-26T12:57:22.781+0000] {logging_mixin.py:188} INFO - [2024-07-26T12:57:22.780+0000] {dag.py:3036} INFO - Sync 1 DAGs
[2024-07-26T12:57:22.820+0000] {logging_mixin.py:188} INFO - [2024-07-26T12:57:22.820+0000] {dag.py:3823} INFO - Setting next_dagrun for example_setup_teardown to 2024-07-25 00:00:00+00:00, run_after=2024-07-26 00:00:00+00:00
[2024-07-26T12:57:22.854+0000] {processor.py:183} INFO - Processing /home/airflow/.local/lib/python3.8/site-packages/airflow/example_dags/example_setup_teardown.py took 0.124 seconds
[2024-07-26T12:57:53.246+0000] {processor.py:161} INFO - Started process (PID=1115) to work on /home/airflow/.local/lib/python3.8/site-packages/airflow/example_dags/example_setup_teardown.py
[2024-07-26T12:57:53.247+0000] {processor.py:830} INFO - Processing file /home/airflow/.local/lib/python3.8/site-packages/airflow/example_dags/example_setup_teardown.py for tasks to queue
[2024-07-26T12:57:53.251+0000] {logging_mixin.py:188} INFO - [2024-07-26T12:57:53.250+0000] {dagbag.py:538} INFO - Filling up the DagBag from /home/airflow/.local/lib/python3.8/site-packages/airflow/example_dags/example_setup_teardown.py
[2024-07-26T12:57:53.263+0000] {processor.py:840} INFO - DAG(s) 'example_setup_teardown' retrieved from /home/airflow/.local/lib/python3.8/site-packages/airflow/example_dags/example_setup_teardown.py
[2024-07-26T12:57:53.293+0000] {logging_mixin.py:188} INFO - [2024-07-26T12:57:53.293+0000] {dag.py:3036} INFO - Sync 1 DAGs
[2024-07-26T12:57:53.323+0000] {logging_mixin.py:188} INFO - [2024-07-26T12:57:53.322+0000] {dag.py:3823} INFO - Setting next_dagrun for example_setup_teardown to 2024-07-25 00:00:00+00:00, run_after=2024-07-26 00:00:00+00:00
[2024-07-26T12:57:53.343+0000] {processor.py:183} INFO - Processing /home/airflow/.local/lib/python3.8/site-packages/airflow/example_dags/example_setup_teardown.py took 0.102 seconds
[2024-07-26T12:58:23.892+0000] {processor.py:161} INFO - Started process (PID=1179) to work on /home/airflow/.local/lib/python3.8/site-packages/airflow/example_dags/example_setup_teardown.py
[2024-07-26T12:58:23.894+0000] {processor.py:830} INFO - Processing file /home/airflow/.local/lib/python3.8/site-packages/airflow/example_dags/example_setup_teardown.py for tasks to queue
[2024-07-26T12:58:23.897+0000] {logging_mixin.py:188} INFO - [2024-07-26T12:58:23.896+0000] {dagbag.py:538} INFO - Filling up the DagBag from /home/airflow/.local/lib/python3.8/site-packages/airflow/example_dags/example_setup_teardown.py
[2024-07-26T12:58:23.904+0000] {processor.py:840} INFO - DAG(s) 'example_setup_teardown' retrieved from /home/airflow/.local/lib/python3.8/site-packages/airflow/example_dags/example_setup_teardown.py
[2024-07-26T12:58:23.930+0000] {logging_mixin.py:188} INFO - [2024-07-26T12:58:23.929+0000] {dag.py:3036} INFO - Sync 1 DAGs
[2024-07-26T12:58:23.955+0000] {logging_mixin.py:188} INFO - [2024-07-26T12:58:23.955+0000] {dag.py:3823} INFO - Setting next_dagrun for example_setup_teardown to 2024-07-25 00:00:00+00:00, run_after=2024-07-26 00:00:00+00:00
[2024-07-26T12:58:23.986+0000] {processor.py:183} INFO - Processing /home/airflow/.local/lib/python3.8/site-packages/airflow/example_dags/example_setup_teardown.py took 0.097 seconds
[2024-07-26T12:58:54.043+0000] {processor.py:161} INFO - Started process (PID=1243) to work on /home/airflow/.local/lib/python3.8/site-packages/airflow/example_dags/example_setup_teardown.py
[2024-07-26T12:58:54.045+0000] {processor.py:830} INFO - Processing file /home/airflow/.local/lib/python3.8/site-packages/airflow/example_dags/example_setup_teardown.py for tasks to queue
[2024-07-26T12:58:54.047+0000] {logging_mixin.py:188} INFO - [2024-07-26T12:58:54.047+0000] {dagbag.py:538} INFO - Filling up the DagBag from /home/airflow/.local/lib/python3.8/site-packages/airflow/example_dags/example_setup_teardown.py
[2024-07-26T12:58:54.054+0000] {processor.py:840} INFO - DAG(s) 'example_setup_teardown' retrieved from /home/airflow/.local/lib/python3.8/site-packages/airflow/example_dags/example_setup_teardown.py
[2024-07-26T12:58:54.078+0000] {logging_mixin.py:188} INFO - [2024-07-26T12:58:54.078+0000] {dag.py:3036} INFO - Sync 1 DAGs
[2024-07-26T12:58:54.102+0000] {logging_mixin.py:188} INFO - [2024-07-26T12:58:54.102+0000] {dag.py:3823} INFO - Setting next_dagrun for example_setup_teardown to 2024-07-25 00:00:00+00:00, run_after=2024-07-26 00:00:00+00:00
[2024-07-26T12:58:54.128+0000] {processor.py:183} INFO - Processing /home/airflow/.local/lib/python3.8/site-packages/airflow/example_dags/example_setup_teardown.py took 0.088 seconds
