[2024-07-26T12:15:28.193+0000] {processor.py:161} INFO - Started process (PID=115) to work on /home/airflow/.local/lib/python3.8/site-packages/airflow/example_dags/example_latest_only.py
[2024-07-26T12:15:28.194+0000] {processor.py:830} INFO - Processing file /home/airflow/.local/lib/python3.8/site-packages/airflow/example_dags/example_latest_only.py for tasks to queue
[2024-07-26T12:15:28.196+0000] {logging_mixin.py:188} INFO - [2024-07-26T12:15:28.195+0000] {dagbag.py:538} INFO - Filling up the DagBag from /home/airflow/.local/lib/python3.8/site-packages/airflow/example_dags/example_latest_only.py
[2024-07-26T12:15:28.206+0000] {processor.py:840} INFO - DAG(s) 'latest_only' retrieved from /home/airflow/.local/lib/python3.8/site-packages/airflow/example_dags/example_latest_only.py
[2024-07-26T12:15:28.341+0000] {logging_mixin.py:188} INFO - [2024-07-26T12:15:28.341+0000] {dag.py:3036} INFO - Sync 1 DAGs
[2024-07-26T12:15:28.370+0000] {logging_mixin.py:188} INFO - [2024-07-26T12:15:28.369+0000] {dag.py:3823} INFO - Setting next_dagrun for latest_only to 2024-07-26 08:00:00+00:00, run_after=2024-07-26 12:00:00+00:00
[2024-07-26T12:15:28.399+0000] {processor.py:183} INFO - Processing /home/airflow/.local/lib/python3.8/site-packages/airflow/example_dags/example_latest_only.py took 0.210 seconds
[2024-07-26T12:15:58.748+0000] {processor.py:161} INFO - Started process (PID=179) to work on /home/airflow/.local/lib/python3.8/site-packages/airflow/example_dags/example_latest_only.py
[2024-07-26T12:15:58.749+0000] {processor.py:830} INFO - Processing file /home/airflow/.local/lib/python3.8/site-packages/airflow/example_dags/example_latest_only.py for tasks to queue
[2024-07-26T12:15:58.751+0000] {logging_mixin.py:188} INFO - [2024-07-26T12:15:58.750+0000] {dagbag.py:538} INFO - Filling up the DagBag from /home/airflow/.local/lib/python3.8/site-packages/airflow/example_dags/example_latest_only.py
[2024-07-26T12:15:58.757+0000] {processor.py:840} INFO - DAG(s) 'latest_only' retrieved from /home/airflow/.local/lib/python3.8/site-packages/airflow/example_dags/example_latest_only.py
[2024-07-26T12:15:58.781+0000] {logging_mixin.py:188} INFO - [2024-07-26T12:15:58.781+0000] {dag.py:3036} INFO - Sync 1 DAGs
[2024-07-26T12:15:58.809+0000] {logging_mixin.py:188} INFO - [2024-07-26T12:15:58.809+0000] {dag.py:3823} INFO - Setting next_dagrun for latest_only to 2024-07-26 08:00:00+00:00, run_after=2024-07-26 12:00:00+00:00
[2024-07-26T12:15:58.833+0000] {processor.py:183} INFO - Processing /home/airflow/.local/lib/python3.8/site-packages/airflow/example_dags/example_latest_only.py took 0.089 seconds
[2024-07-26T12:16:29.458+0000] {processor.py:161} INFO - Started process (PID=243) to work on /home/airflow/.local/lib/python3.8/site-packages/airflow/example_dags/example_latest_only.py
[2024-07-26T12:16:29.459+0000] {processor.py:830} INFO - Processing file /home/airflow/.local/lib/python3.8/site-packages/airflow/example_dags/example_latest_only.py for tasks to queue
[2024-07-26T12:16:29.461+0000] {logging_mixin.py:188} INFO - [2024-07-26T12:16:29.461+0000] {dagbag.py:538} INFO - Filling up the DagBag from /home/airflow/.local/lib/python3.8/site-packages/airflow/example_dags/example_latest_only.py
[2024-07-26T12:16:29.467+0000] {processor.py:840} INFO - DAG(s) 'latest_only' retrieved from /home/airflow/.local/lib/python3.8/site-packages/airflow/example_dags/example_latest_only.py
[2024-07-26T12:16:29.490+0000] {logging_mixin.py:188} INFO - [2024-07-26T12:16:29.489+0000] {dag.py:3036} INFO - Sync 1 DAGs
[2024-07-26T12:16:29.513+0000] {logging_mixin.py:188} INFO - [2024-07-26T12:16:29.513+0000] {dag.py:3823} INFO - Setting next_dagrun for latest_only to 2024-07-26 08:00:00+00:00, run_after=2024-07-26 12:00:00+00:00
[2024-07-26T12:16:29.533+0000] {processor.py:183} INFO - Processing /home/airflow/.local/lib/python3.8/site-packages/airflow/example_dags/example_latest_only.py took 0.078 seconds
[2024-07-26T12:17:00.218+0000] {processor.py:161} INFO - Started process (PID=307) to work on /home/airflow/.local/lib/python3.8/site-packages/airflow/example_dags/example_latest_only.py
[2024-07-26T12:17:00.219+0000] {processor.py:830} INFO - Processing file /home/airflow/.local/lib/python3.8/site-packages/airflow/example_dags/example_latest_only.py for tasks to queue
[2024-07-26T12:17:00.221+0000] {logging_mixin.py:188} INFO - [2024-07-26T12:17:00.221+0000] {dagbag.py:538} INFO - Filling up the DagBag from /home/airflow/.local/lib/python3.8/site-packages/airflow/example_dags/example_latest_only.py
[2024-07-26T12:17:00.226+0000] {processor.py:840} INFO - DAG(s) 'latest_only' retrieved from /home/airflow/.local/lib/python3.8/site-packages/airflow/example_dags/example_latest_only.py
[2024-07-26T12:17:00.247+0000] {logging_mixin.py:188} INFO - [2024-07-26T12:17:00.247+0000] {dag.py:3036} INFO - Sync 1 DAGs
[2024-07-26T12:17:00.271+0000] {logging_mixin.py:188} INFO - [2024-07-26T12:17:00.271+0000] {dag.py:3823} INFO - Setting next_dagrun for latest_only to 2024-07-26 08:00:00+00:00, run_after=2024-07-26 12:00:00+00:00
[2024-07-26T12:17:00.292+0000] {processor.py:183} INFO - Processing /home/airflow/.local/lib/python3.8/site-packages/airflow/example_dags/example_latest_only.py took 0.078 seconds
[2024-07-26T12:17:31.327+0000] {processor.py:161} INFO - Started process (PID=371) to work on /home/airflow/.local/lib/python3.8/site-packages/airflow/example_dags/example_latest_only.py
[2024-07-26T12:17:31.328+0000] {processor.py:830} INFO - Processing file /home/airflow/.local/lib/python3.8/site-packages/airflow/example_dags/example_latest_only.py for tasks to queue
[2024-07-26T12:17:31.330+0000] {logging_mixin.py:188} INFO - [2024-07-26T12:17:31.330+0000] {dagbag.py:538} INFO - Filling up the DagBag from /home/airflow/.local/lib/python3.8/site-packages/airflow/example_dags/example_latest_only.py
[2024-07-26T12:17:31.335+0000] {processor.py:840} INFO - DAG(s) 'latest_only' retrieved from /home/airflow/.local/lib/python3.8/site-packages/airflow/example_dags/example_latest_only.py
[2024-07-26T12:17:31.361+0000] {logging_mixin.py:188} INFO - [2024-07-26T12:17:31.361+0000] {dag.py:3036} INFO - Sync 1 DAGs
[2024-07-26T12:17:31.386+0000] {logging_mixin.py:188} INFO - [2024-07-26T12:17:31.386+0000] {dag.py:3823} INFO - Setting next_dagrun for latest_only to 2024-07-26 08:00:00+00:00, run_after=2024-07-26 12:00:00+00:00
[2024-07-26T12:17:31.408+0000] {processor.py:183} INFO - Processing /home/airflow/.local/lib/python3.8/site-packages/airflow/example_dags/example_latest_only.py took 0.084 seconds
[2024-07-26T12:18:02.438+0000] {processor.py:161} INFO - Started process (PID=428) to work on /home/airflow/.local/lib/python3.8/site-packages/airflow/example_dags/example_latest_only.py
[2024-07-26T12:18:02.439+0000] {processor.py:830} INFO - Processing file /home/airflow/.local/lib/python3.8/site-packages/airflow/example_dags/example_latest_only.py for tasks to queue
[2024-07-26T12:18:02.441+0000] {logging_mixin.py:188} INFO - [2024-07-26T12:18:02.440+0000] {dagbag.py:538} INFO - Filling up the DagBag from /home/airflow/.local/lib/python3.8/site-packages/airflow/example_dags/example_latest_only.py
[2024-07-26T12:18:02.447+0000] {processor.py:840} INFO - DAG(s) 'latest_only' retrieved from /home/airflow/.local/lib/python3.8/site-packages/airflow/example_dags/example_latest_only.py
[2024-07-26T12:18:02.469+0000] {logging_mixin.py:188} INFO - [2024-07-26T12:18:02.468+0000] {dag.py:3036} INFO - Sync 1 DAGs
[2024-07-26T12:18:02.497+0000] {logging_mixin.py:188} INFO - [2024-07-26T12:18:02.496+0000] {dag.py:3823} INFO - Setting next_dagrun for latest_only to 2024-07-26 08:00:00+00:00, run_after=2024-07-26 12:00:00+00:00
[2024-07-26T12:18:02.519+0000] {processor.py:183} INFO - Processing /home/airflow/.local/lib/python3.8/site-packages/airflow/example_dags/example_latest_only.py took 0.085 seconds
[2024-07-26T12:18:32.882+0000] {processor.py:161} INFO - Started process (PID=490) to work on /home/airflow/.local/lib/python3.8/site-packages/airflow/example_dags/example_latest_only.py
[2024-07-26T12:18:32.883+0000] {processor.py:830} INFO - Processing file /home/airflow/.local/lib/python3.8/site-packages/airflow/example_dags/example_latest_only.py for tasks to queue
[2024-07-26T12:18:32.886+0000] {logging_mixin.py:188} INFO - [2024-07-26T12:18:32.885+0000] {dagbag.py:538} INFO - Filling up the DagBag from /home/airflow/.local/lib/python3.8/site-packages/airflow/example_dags/example_latest_only.py
[2024-07-26T12:18:32.892+0000] {processor.py:840} INFO - DAG(s) 'latest_only' retrieved from /home/airflow/.local/lib/python3.8/site-packages/airflow/example_dags/example_latest_only.py
[2024-07-26T12:18:32.923+0000] {logging_mixin.py:188} INFO - [2024-07-26T12:18:32.923+0000] {dag.py:3036} INFO - Sync 1 DAGs
[2024-07-26T12:18:32.953+0000] {logging_mixin.py:188} INFO - [2024-07-26T12:18:32.953+0000] {dag.py:3823} INFO - Setting next_dagrun for latest_only to 2024-07-26 08:00:00+00:00, run_after=2024-07-26 12:00:00+00:00
[2024-07-26T12:18:32.975+0000] {processor.py:183} INFO - Processing /home/airflow/.local/lib/python3.8/site-packages/airflow/example_dags/example_latest_only.py took 0.097 seconds
[2024-07-26T12:19:03.269+0000] {processor.py:161} INFO - Started process (PID=554) to work on /home/airflow/.local/lib/python3.8/site-packages/airflow/example_dags/example_latest_only.py
[2024-07-26T12:19:03.270+0000] {processor.py:830} INFO - Processing file /home/airflow/.local/lib/python3.8/site-packages/airflow/example_dags/example_latest_only.py for tasks to queue
[2024-07-26T12:19:03.273+0000] {logging_mixin.py:188} INFO - [2024-07-26T12:19:03.272+0000] {dagbag.py:538} INFO - Filling up the DagBag from /home/airflow/.local/lib/python3.8/site-packages/airflow/example_dags/example_latest_only.py
[2024-07-26T12:19:03.279+0000] {processor.py:840} INFO - DAG(s) 'latest_only' retrieved from /home/airflow/.local/lib/python3.8/site-packages/airflow/example_dags/example_latest_only.py
[2024-07-26T12:19:03.301+0000] {logging_mixin.py:188} INFO - [2024-07-26T12:19:03.300+0000] {dag.py:3036} INFO - Sync 1 DAGs
[2024-07-26T12:19:03.330+0000] {logging_mixin.py:188} INFO - [2024-07-26T12:19:03.330+0000] {dag.py:3823} INFO - Setting next_dagrun for latest_only to 2024-07-26 08:00:00+00:00, run_after=2024-07-26 12:00:00+00:00
[2024-07-26T12:19:03.350+0000] {processor.py:183} INFO - Processing /home/airflow/.local/lib/python3.8/site-packages/airflow/example_dags/example_latest_only.py took 0.084 seconds
[2024-07-26T12:19:33.718+0000] {processor.py:161} INFO - Started process (PID=619) to work on /home/airflow/.local/lib/python3.8/site-packages/airflow/example_dags/example_latest_only.py
[2024-07-26T12:19:33.719+0000] {processor.py:830} INFO - Processing file /home/airflow/.local/lib/python3.8/site-packages/airflow/example_dags/example_latest_only.py for tasks to queue
[2024-07-26T12:19:33.720+0000] {logging_mixin.py:188} INFO - [2024-07-26T12:19:33.720+0000] {dagbag.py:538} INFO - Filling up the DagBag from /home/airflow/.local/lib/python3.8/site-packages/airflow/example_dags/example_latest_only.py
[2024-07-26T12:19:33.727+0000] {processor.py:840} INFO - DAG(s) 'latest_only' retrieved from /home/airflow/.local/lib/python3.8/site-packages/airflow/example_dags/example_latest_only.py
[2024-07-26T12:19:33.749+0000] {logging_mixin.py:188} INFO - [2024-07-26T12:19:33.749+0000] {dag.py:3036} INFO - Sync 1 DAGs
[2024-07-26T12:19:33.776+0000] {logging_mixin.py:188} INFO - [2024-07-26T12:19:33.775+0000] {dag.py:3823} INFO - Setting next_dagrun for latest_only to 2024-07-26 08:00:00+00:00, run_after=2024-07-26 12:00:00+00:00
[2024-07-26T12:19:33.796+0000] {processor.py:183} INFO - Processing /home/airflow/.local/lib/python3.8/site-packages/airflow/example_dags/example_latest_only.py took 0.081 seconds
[2024-07-26T12:28:18.893+0000] {processor.py:161} INFO - Started process (PID=117) to work on /home/airflow/.local/lib/python3.8/site-packages/airflow/example_dags/example_latest_only.py
[2024-07-26T12:28:18.894+0000] {processor.py:830} INFO - Processing file /home/airflow/.local/lib/python3.8/site-packages/airflow/example_dags/example_latest_only.py for tasks to queue
[2024-07-26T12:28:18.896+0000] {logging_mixin.py:188} INFO - [2024-07-26T12:28:18.896+0000] {dagbag.py:538} INFO - Filling up the DagBag from /home/airflow/.local/lib/python3.8/site-packages/airflow/example_dags/example_latest_only.py
[2024-07-26T12:28:18.905+0000] {processor.py:840} INFO - DAG(s) 'latest_only' retrieved from /home/airflow/.local/lib/python3.8/site-packages/airflow/example_dags/example_latest_only.py
[2024-07-26T12:28:19.043+0000] {logging_mixin.py:188} INFO - [2024-07-26T12:28:19.042+0000] {dag.py:3036} INFO - Sync 1 DAGs
[2024-07-26T12:28:19.067+0000] {logging_mixin.py:188} INFO - [2024-07-26T12:28:19.067+0000] {dag.py:3823} INFO - Setting next_dagrun for latest_only to 2024-07-26 08:00:00+00:00, run_after=2024-07-26 12:00:00+00:00
[2024-07-26T12:28:19.088+0000] {processor.py:183} INFO - Processing /home/airflow/.local/lib/python3.8/site-packages/airflow/example_dags/example_latest_only.py took 0.199 seconds
[2024-07-26T12:28:49.289+0000] {processor.py:161} INFO - Started process (PID=180) to work on /home/airflow/.local/lib/python3.8/site-packages/airflow/example_dags/example_latest_only.py
[2024-07-26T12:28:49.291+0000] {processor.py:830} INFO - Processing file /home/airflow/.local/lib/python3.8/site-packages/airflow/example_dags/example_latest_only.py for tasks to queue
[2024-07-26T12:28:49.295+0000] {logging_mixin.py:188} INFO - [2024-07-26T12:28:49.294+0000] {dagbag.py:538} INFO - Filling up the DagBag from /home/airflow/.local/lib/python3.8/site-packages/airflow/example_dags/example_latest_only.py
[2024-07-26T12:28:49.302+0000] {processor.py:840} INFO - DAG(s) 'latest_only' retrieved from /home/airflow/.local/lib/python3.8/site-packages/airflow/example_dags/example_latest_only.py
[2024-07-26T12:28:49.328+0000] {logging_mixin.py:188} INFO - [2024-07-26T12:28:49.328+0000] {dag.py:3036} INFO - Sync 1 DAGs
[2024-07-26T12:28:49.354+0000] {logging_mixin.py:188} INFO - [2024-07-26T12:28:49.354+0000] {dag.py:3823} INFO - Setting next_dagrun for latest_only to 2024-07-26 08:00:00+00:00, run_after=2024-07-26 12:00:00+00:00
[2024-07-26T12:28:49.374+0000] {processor.py:183} INFO - Processing /home/airflow/.local/lib/python3.8/site-packages/airflow/example_dags/example_latest_only.py took 0.089 seconds
[2024-07-26T12:29:20.372+0000] {processor.py:161} INFO - Started process (PID=244) to work on /home/airflow/.local/lib/python3.8/site-packages/airflow/example_dags/example_latest_only.py
[2024-07-26T12:29:20.374+0000] {processor.py:830} INFO - Processing file /home/airflow/.local/lib/python3.8/site-packages/airflow/example_dags/example_latest_only.py for tasks to queue
[2024-07-26T12:29:20.376+0000] {logging_mixin.py:188} INFO - [2024-07-26T12:29:20.376+0000] {dagbag.py:538} INFO - Filling up the DagBag from /home/airflow/.local/lib/python3.8/site-packages/airflow/example_dags/example_latest_only.py
[2024-07-26T12:29:20.381+0000] {processor.py:840} INFO - DAG(s) 'latest_only' retrieved from /home/airflow/.local/lib/python3.8/site-packages/airflow/example_dags/example_latest_only.py
[2024-07-26T12:29:20.404+0000] {logging_mixin.py:188} INFO - [2024-07-26T12:29:20.404+0000] {dag.py:3036} INFO - Sync 1 DAGs
[2024-07-26T12:29:20.429+0000] {logging_mixin.py:188} INFO - [2024-07-26T12:29:20.428+0000] {dag.py:3823} INFO - Setting next_dagrun for latest_only to 2024-07-26 08:00:00+00:00, run_after=2024-07-26 12:00:00+00:00
[2024-07-26T12:29:20.456+0000] {processor.py:183} INFO - Processing /home/airflow/.local/lib/python3.8/site-packages/airflow/example_dags/example_latest_only.py took 0.087 seconds
[2024-07-26T12:29:51.850+0000] {processor.py:161} INFO - Started process (PID=308) to work on /home/airflow/.local/lib/python3.8/site-packages/airflow/example_dags/example_latest_only.py
[2024-07-26T12:29:51.851+0000] {processor.py:830} INFO - Processing file /home/airflow/.local/lib/python3.8/site-packages/airflow/example_dags/example_latest_only.py for tasks to queue
[2024-07-26T12:29:51.853+0000] {logging_mixin.py:188} INFO - [2024-07-26T12:29:51.852+0000] {dagbag.py:538} INFO - Filling up the DagBag from /home/airflow/.local/lib/python3.8/site-packages/airflow/example_dags/example_latest_only.py
[2024-07-26T12:29:51.858+0000] {processor.py:840} INFO - DAG(s) 'latest_only' retrieved from /home/airflow/.local/lib/python3.8/site-packages/airflow/example_dags/example_latest_only.py
[2024-07-26T12:29:51.877+0000] {logging_mixin.py:188} INFO - [2024-07-26T12:29:51.877+0000] {dag.py:3036} INFO - Sync 1 DAGs
[2024-07-26T12:29:51.900+0000] {logging_mixin.py:188} INFO - [2024-07-26T12:29:51.900+0000] {dag.py:3823} INFO - Setting next_dagrun for latest_only to 2024-07-26 08:00:00+00:00, run_after=2024-07-26 12:00:00+00:00
[2024-07-26T12:29:51.919+0000] {processor.py:183} INFO - Processing /home/airflow/.local/lib/python3.8/site-packages/airflow/example_dags/example_latest_only.py took 0.073 seconds
[2024-07-26T12:30:22.051+0000] {processor.py:161} INFO - Started process (PID=363) to work on /home/airflow/.local/lib/python3.8/site-packages/airflow/example_dags/example_latest_only.py
[2024-07-26T12:30:22.052+0000] {processor.py:830} INFO - Processing file /home/airflow/.local/lib/python3.8/site-packages/airflow/example_dags/example_latest_only.py for tasks to queue
[2024-07-26T12:30:22.054+0000] {logging_mixin.py:188} INFO - [2024-07-26T12:30:22.053+0000] {dagbag.py:538} INFO - Filling up the DagBag from /home/airflow/.local/lib/python3.8/site-packages/airflow/example_dags/example_latest_only.py
[2024-07-26T12:30:22.058+0000] {processor.py:840} INFO - DAG(s) 'latest_only' retrieved from /home/airflow/.local/lib/python3.8/site-packages/airflow/example_dags/example_latest_only.py
[2024-07-26T12:30:22.085+0000] {logging_mixin.py:188} INFO - [2024-07-26T12:30:22.085+0000] {dag.py:3036} INFO - Sync 1 DAGs
[2024-07-26T12:30:22.111+0000] {logging_mixin.py:188} INFO - [2024-07-26T12:30:22.110+0000] {dag.py:3823} INFO - Setting next_dagrun for latest_only to 2024-07-26 08:00:00+00:00, run_after=2024-07-26 12:00:00+00:00
[2024-07-26T12:30:22.135+0000] {processor.py:183} INFO - Processing /home/airflow/.local/lib/python3.8/site-packages/airflow/example_dags/example_latest_only.py took 0.088 seconds
[2024-07-26T12:30:52.965+0000] {processor.py:161} INFO - Started process (PID=427) to work on /home/airflow/.local/lib/python3.8/site-packages/airflow/example_dags/example_latest_only.py
[2024-07-26T12:30:52.966+0000] {processor.py:830} INFO - Processing file /home/airflow/.local/lib/python3.8/site-packages/airflow/example_dags/example_latest_only.py for tasks to queue
[2024-07-26T12:30:52.969+0000] {logging_mixin.py:188} INFO - [2024-07-26T12:30:52.968+0000] {dagbag.py:538} INFO - Filling up the DagBag from /home/airflow/.local/lib/python3.8/site-packages/airflow/example_dags/example_latest_only.py
[2024-07-26T12:30:52.974+0000] {processor.py:840} INFO - DAG(s) 'latest_only' retrieved from /home/airflow/.local/lib/python3.8/site-packages/airflow/example_dags/example_latest_only.py
[2024-07-26T12:30:52.998+0000] {logging_mixin.py:188} INFO - [2024-07-26T12:30:52.998+0000] {dag.py:3036} INFO - Sync 1 DAGs
[2024-07-26T12:30:53.022+0000] {logging_mixin.py:188} INFO - [2024-07-26T12:30:53.022+0000] {dag.py:3823} INFO - Setting next_dagrun for latest_only to 2024-07-26 08:00:00+00:00, run_after=2024-07-26 12:00:00+00:00
[2024-07-26T12:30:53.046+0000] {processor.py:183} INFO - Processing /home/airflow/.local/lib/python3.8/site-packages/airflow/example_dags/example_latest_only.py took 0.086 seconds
[2024-07-26T12:31:23.229+0000] {processor.py:161} INFO - Started process (PID=491) to work on /home/airflow/.local/lib/python3.8/site-packages/airflow/example_dags/example_latest_only.py
[2024-07-26T12:31:23.231+0000] {processor.py:830} INFO - Processing file /home/airflow/.local/lib/python3.8/site-packages/airflow/example_dags/example_latest_only.py for tasks to queue
[2024-07-26T12:31:23.234+0000] {logging_mixin.py:188} INFO - [2024-07-26T12:31:23.234+0000] {dagbag.py:538} INFO - Filling up the DagBag from /home/airflow/.local/lib/python3.8/site-packages/airflow/example_dags/example_latest_only.py
[2024-07-26T12:31:23.240+0000] {processor.py:840} INFO - DAG(s) 'latest_only' retrieved from /home/airflow/.local/lib/python3.8/site-packages/airflow/example_dags/example_latest_only.py
[2024-07-26T12:31:23.261+0000] {logging_mixin.py:188} INFO - [2024-07-26T12:31:23.260+0000] {dag.py:3036} INFO - Sync 1 DAGs
[2024-07-26T12:31:23.288+0000] {logging_mixin.py:188} INFO - [2024-07-26T12:31:23.288+0000] {dag.py:3823} INFO - Setting next_dagrun for latest_only to 2024-07-26 08:00:00+00:00, run_after=2024-07-26 12:00:00+00:00
[2024-07-26T12:31:23.307+0000] {processor.py:183} INFO - Processing /home/airflow/.local/lib/python3.8/site-packages/airflow/example_dags/example_latest_only.py took 0.083 seconds
[2024-07-26T12:31:53.574+0000] {processor.py:161} INFO - Started process (PID=555) to work on /home/airflow/.local/lib/python3.8/site-packages/airflow/example_dags/example_latest_only.py
[2024-07-26T12:31:53.575+0000] {processor.py:830} INFO - Processing file /home/airflow/.local/lib/python3.8/site-packages/airflow/example_dags/example_latest_only.py for tasks to queue
[2024-07-26T12:31:53.577+0000] {logging_mixin.py:188} INFO - [2024-07-26T12:31:53.577+0000] {dagbag.py:538} INFO - Filling up the DagBag from /home/airflow/.local/lib/python3.8/site-packages/airflow/example_dags/example_latest_only.py
[2024-07-26T12:31:53.582+0000] {processor.py:840} INFO - DAG(s) 'latest_only' retrieved from /home/airflow/.local/lib/python3.8/site-packages/airflow/example_dags/example_latest_only.py
[2024-07-26T12:31:53.605+0000] {logging_mixin.py:188} INFO - [2024-07-26T12:31:53.605+0000] {dag.py:3036} INFO - Sync 1 DAGs
[2024-07-26T12:31:53.629+0000] {logging_mixin.py:188} INFO - [2024-07-26T12:31:53.629+0000] {dag.py:3823} INFO - Setting next_dagrun for latest_only to 2024-07-26 08:00:00+00:00, run_after=2024-07-26 12:00:00+00:00
[2024-07-26T12:31:53.649+0000] {processor.py:183} INFO - Processing /home/airflow/.local/lib/python3.8/site-packages/airflow/example_dags/example_latest_only.py took 0.078 seconds
[2024-07-26T12:32:24.116+0000] {processor.py:161} INFO - Started process (PID=619) to work on /home/airflow/.local/lib/python3.8/site-packages/airflow/example_dags/example_latest_only.py
[2024-07-26T12:32:24.117+0000] {processor.py:830} INFO - Processing file /home/airflow/.local/lib/python3.8/site-packages/airflow/example_dags/example_latest_only.py for tasks to queue
[2024-07-26T12:32:24.119+0000] {logging_mixin.py:188} INFO - [2024-07-26T12:32:24.118+0000] {dagbag.py:538} INFO - Filling up the DagBag from /home/airflow/.local/lib/python3.8/site-packages/airflow/example_dags/example_latest_only.py
[2024-07-26T12:32:24.123+0000] {processor.py:840} INFO - DAG(s) 'latest_only' retrieved from /home/airflow/.local/lib/python3.8/site-packages/airflow/example_dags/example_latest_only.py
[2024-07-26T12:32:24.146+0000] {logging_mixin.py:188} INFO - [2024-07-26T12:32:24.146+0000] {dag.py:3036} INFO - Sync 1 DAGs
[2024-07-26T12:32:24.171+0000] {logging_mixin.py:188} INFO - [2024-07-26T12:32:24.171+0000] {dag.py:3823} INFO - Setting next_dagrun for latest_only to 2024-07-26 08:00:00+00:00, run_after=2024-07-26 12:00:00+00:00
[2024-07-26T12:32:24.191+0000] {processor.py:183} INFO - Processing /home/airflow/.local/lib/python3.8/site-packages/airflow/example_dags/example_latest_only.py took 0.079 seconds
[2024-07-26T12:32:55.039+0000] {processor.py:161} INFO - Started process (PID=683) to work on /home/airflow/.local/lib/python3.8/site-packages/airflow/example_dags/example_latest_only.py
[2024-07-26T12:32:55.040+0000] {processor.py:830} INFO - Processing file /home/airflow/.local/lib/python3.8/site-packages/airflow/example_dags/example_latest_only.py for tasks to queue
[2024-07-26T12:32:55.042+0000] {logging_mixin.py:188} INFO - [2024-07-26T12:32:55.042+0000] {dagbag.py:538} INFO - Filling up the DagBag from /home/airflow/.local/lib/python3.8/site-packages/airflow/example_dags/example_latest_only.py
[2024-07-26T12:32:55.046+0000] {processor.py:840} INFO - DAG(s) 'latest_only' retrieved from /home/airflow/.local/lib/python3.8/site-packages/airflow/example_dags/example_latest_only.py
[2024-07-26T12:32:55.068+0000] {logging_mixin.py:188} INFO - [2024-07-26T12:32:55.068+0000] {dag.py:3036} INFO - Sync 1 DAGs
[2024-07-26T12:32:55.095+0000] {logging_mixin.py:188} INFO - [2024-07-26T12:32:55.095+0000] {dag.py:3823} INFO - Setting next_dagrun for latest_only to 2024-07-26 08:00:00+00:00, run_after=2024-07-26 12:00:00+00:00
[2024-07-26T12:32:55.118+0000] {processor.py:183} INFO - Processing /home/airflow/.local/lib/python3.8/site-packages/airflow/example_dags/example_latest_only.py took 0.083 seconds
[2024-07-26T12:33:25.653+0000] {processor.py:161} INFO - Started process (PID=748) to work on /home/airflow/.local/lib/python3.8/site-packages/airflow/example_dags/example_latest_only.py
[2024-07-26T12:33:25.654+0000] {processor.py:830} INFO - Processing file /home/airflow/.local/lib/python3.8/site-packages/airflow/example_dags/example_latest_only.py for tasks to queue
[2024-07-26T12:33:25.656+0000] {logging_mixin.py:188} INFO - [2024-07-26T12:33:25.656+0000] {dagbag.py:538} INFO - Filling up the DagBag from /home/airflow/.local/lib/python3.8/site-packages/airflow/example_dags/example_latest_only.py
[2024-07-26T12:33:25.661+0000] {processor.py:840} INFO - DAG(s) 'latest_only' retrieved from /home/airflow/.local/lib/python3.8/site-packages/airflow/example_dags/example_latest_only.py
[2024-07-26T12:33:25.684+0000] {logging_mixin.py:188} INFO - [2024-07-26T12:33:25.684+0000] {dag.py:3036} INFO - Sync 1 DAGs
[2024-07-26T12:33:25.712+0000] {logging_mixin.py:188} INFO - [2024-07-26T12:33:25.712+0000] {dag.py:3823} INFO - Setting next_dagrun for latest_only to 2024-07-26 08:00:00+00:00, run_after=2024-07-26 12:00:00+00:00
[2024-07-26T12:33:25.733+0000] {processor.py:183} INFO - Processing /home/airflow/.local/lib/python3.8/site-packages/airflow/example_dags/example_latest_only.py took 0.083 seconds
[2024-07-26T12:33:56.227+0000] {processor.py:161} INFO - Started process (PID=812) to work on /home/airflow/.local/lib/python3.8/site-packages/airflow/example_dags/example_latest_only.py
[2024-07-26T12:33:56.228+0000] {processor.py:830} INFO - Processing file /home/airflow/.local/lib/python3.8/site-packages/airflow/example_dags/example_latest_only.py for tasks to queue
[2024-07-26T12:33:56.230+0000] {logging_mixin.py:188} INFO - [2024-07-26T12:33:56.230+0000] {dagbag.py:538} INFO - Filling up the DagBag from /home/airflow/.local/lib/python3.8/site-packages/airflow/example_dags/example_latest_only.py
[2024-07-26T12:33:56.237+0000] {processor.py:840} INFO - DAG(s) 'latest_only' retrieved from /home/airflow/.local/lib/python3.8/site-packages/airflow/example_dags/example_latest_only.py
[2024-07-26T12:33:56.257+0000] {logging_mixin.py:188} INFO - [2024-07-26T12:33:56.257+0000] {dag.py:3036} INFO - Sync 1 DAGs
[2024-07-26T12:33:56.281+0000] {logging_mixin.py:188} INFO - [2024-07-26T12:33:56.281+0000] {dag.py:3823} INFO - Setting next_dagrun for latest_only to 2024-07-26 08:00:00+00:00, run_after=2024-07-26 12:00:00+00:00
[2024-07-26T12:33:56.303+0000] {processor.py:183} INFO - Processing /home/airflow/.local/lib/python3.8/site-packages/airflow/example_dags/example_latest_only.py took 0.081 seconds
[2024-07-26T12:34:26.606+0000] {processor.py:161} INFO - Started process (PID=876) to work on /home/airflow/.local/lib/python3.8/site-packages/airflow/example_dags/example_latest_only.py
[2024-07-26T12:34:26.608+0000] {processor.py:830} INFO - Processing file /home/airflow/.local/lib/python3.8/site-packages/airflow/example_dags/example_latest_only.py for tasks to queue
[2024-07-26T12:34:26.611+0000] {logging_mixin.py:188} INFO - [2024-07-26T12:34:26.610+0000] {dagbag.py:538} INFO - Filling up the DagBag from /home/airflow/.local/lib/python3.8/site-packages/airflow/example_dags/example_latest_only.py
[2024-07-26T12:34:26.617+0000] {processor.py:840} INFO - DAG(s) 'latest_only' retrieved from /home/airflow/.local/lib/python3.8/site-packages/airflow/example_dags/example_latest_only.py
[2024-07-26T12:34:26.638+0000] {logging_mixin.py:188} INFO - [2024-07-26T12:34:26.638+0000] {dag.py:3036} INFO - Sync 1 DAGs
[2024-07-26T12:34:26.667+0000] {logging_mixin.py:188} INFO - [2024-07-26T12:34:26.667+0000] {dag.py:3823} INFO - Setting next_dagrun for latest_only to 2024-07-26 08:00:00+00:00, run_after=2024-07-26 12:00:00+00:00
[2024-07-26T12:34:26.689+0000] {processor.py:183} INFO - Processing /home/airflow/.local/lib/python3.8/site-packages/airflow/example_dags/example_latest_only.py took 0.086 seconds
[2024-07-26T12:34:57.274+0000] {processor.py:161} INFO - Started process (PID=940) to work on /home/airflow/.local/lib/python3.8/site-packages/airflow/example_dags/example_latest_only.py
[2024-07-26T12:34:57.276+0000] {processor.py:830} INFO - Processing file /home/airflow/.local/lib/python3.8/site-packages/airflow/example_dags/example_latest_only.py for tasks to queue
[2024-07-26T12:34:57.278+0000] {logging_mixin.py:188} INFO - [2024-07-26T12:34:57.278+0000] {dagbag.py:538} INFO - Filling up the DagBag from /home/airflow/.local/lib/python3.8/site-packages/airflow/example_dags/example_latest_only.py
[2024-07-26T12:34:57.284+0000] {processor.py:840} INFO - DAG(s) 'latest_only' retrieved from /home/airflow/.local/lib/python3.8/site-packages/airflow/example_dags/example_latest_only.py
[2024-07-26T12:34:57.319+0000] {logging_mixin.py:188} INFO - [2024-07-26T12:34:57.318+0000] {dag.py:3036} INFO - Sync 1 DAGs
[2024-07-26T12:34:57.344+0000] {logging_mixin.py:188} INFO - [2024-07-26T12:34:57.344+0000] {dag.py:3823} INFO - Setting next_dagrun for latest_only to 2024-07-26 08:00:00+00:00, run_after=2024-07-26 12:00:00+00:00
[2024-07-26T12:34:57.362+0000] {processor.py:183} INFO - Processing /home/airflow/.local/lib/python3.8/site-packages/airflow/example_dags/example_latest_only.py took 0.092 seconds
[2024-07-26T12:35:28.046+0000] {processor.py:161} INFO - Started process (PID=1004) to work on /home/airflow/.local/lib/python3.8/site-packages/airflow/example_dags/example_latest_only.py
[2024-07-26T12:35:28.047+0000] {processor.py:830} INFO - Processing file /home/airflow/.local/lib/python3.8/site-packages/airflow/example_dags/example_latest_only.py for tasks to queue
[2024-07-26T12:35:28.049+0000] {logging_mixin.py:188} INFO - [2024-07-26T12:35:28.049+0000] {dagbag.py:538} INFO - Filling up the DagBag from /home/airflow/.local/lib/python3.8/site-packages/airflow/example_dags/example_latest_only.py
[2024-07-26T12:35:28.055+0000] {processor.py:840} INFO - DAG(s) 'latest_only' retrieved from /home/airflow/.local/lib/python3.8/site-packages/airflow/example_dags/example_latest_only.py
[2024-07-26T12:35:28.075+0000] {logging_mixin.py:188} INFO - [2024-07-26T12:35:28.075+0000] {dag.py:3036} INFO - Sync 1 DAGs
[2024-07-26T12:35:28.099+0000] {logging_mixin.py:188} INFO - [2024-07-26T12:35:28.099+0000] {dag.py:3823} INFO - Setting next_dagrun for latest_only to 2024-07-26 08:00:00+00:00, run_after=2024-07-26 12:00:00+00:00
[2024-07-26T12:35:28.122+0000] {processor.py:183} INFO - Processing /home/airflow/.local/lib/python3.8/site-packages/airflow/example_dags/example_latest_only.py took 0.080 seconds
[2024-07-26T12:35:58.223+0000] {processor.py:161} INFO - Started process (PID=1068) to work on /home/airflow/.local/lib/python3.8/site-packages/airflow/example_dags/example_latest_only.py
[2024-07-26T12:35:58.225+0000] {processor.py:830} INFO - Processing file /home/airflow/.local/lib/python3.8/site-packages/airflow/example_dags/example_latest_only.py for tasks to queue
[2024-07-26T12:35:58.227+0000] {logging_mixin.py:188} INFO - [2024-07-26T12:35:58.226+0000] {dagbag.py:538} INFO - Filling up the DagBag from /home/airflow/.local/lib/python3.8/site-packages/airflow/example_dags/example_latest_only.py
[2024-07-26T12:35:58.232+0000] {processor.py:840} INFO - DAG(s) 'latest_only' retrieved from /home/airflow/.local/lib/python3.8/site-packages/airflow/example_dags/example_latest_only.py
[2024-07-26T12:35:58.256+0000] {logging_mixin.py:188} INFO - [2024-07-26T12:35:58.256+0000] {dag.py:3036} INFO - Sync 1 DAGs
[2024-07-26T12:35:58.280+0000] {logging_mixin.py:188} INFO - [2024-07-26T12:35:58.279+0000] {dag.py:3823} INFO - Setting next_dagrun for latest_only to 2024-07-26 08:00:00+00:00, run_after=2024-07-26 12:00:00+00:00
[2024-07-26T12:35:58.300+0000] {processor.py:183} INFO - Processing /home/airflow/.local/lib/python3.8/site-packages/airflow/example_dags/example_latest_only.py took 0.080 seconds
[2024-07-26T12:36:28.626+0000] {processor.py:161} INFO - Started process (PID=1132) to work on /home/airflow/.local/lib/python3.8/site-packages/airflow/example_dags/example_latest_only.py
[2024-07-26T12:36:28.628+0000] {processor.py:830} INFO - Processing file /home/airflow/.local/lib/python3.8/site-packages/airflow/example_dags/example_latest_only.py for tasks to queue
[2024-07-26T12:36:28.632+0000] {logging_mixin.py:188} INFO - [2024-07-26T12:36:28.631+0000] {dagbag.py:538} INFO - Filling up the DagBag from /home/airflow/.local/lib/python3.8/site-packages/airflow/example_dags/example_latest_only.py
[2024-07-26T12:36:28.637+0000] {processor.py:840} INFO - DAG(s) 'latest_only' retrieved from /home/airflow/.local/lib/python3.8/site-packages/airflow/example_dags/example_latest_only.py
[2024-07-26T12:36:28.661+0000] {logging_mixin.py:188} INFO - [2024-07-26T12:36:28.661+0000] {dag.py:3036} INFO - Sync 1 DAGs
[2024-07-26T12:36:28.688+0000] {logging_mixin.py:188} INFO - [2024-07-26T12:36:28.688+0000] {dag.py:3823} INFO - Setting next_dagrun for latest_only to 2024-07-26 08:00:00+00:00, run_after=2024-07-26 12:00:00+00:00
[2024-07-26T12:36:28.719+0000] {processor.py:183} INFO - Processing /home/airflow/.local/lib/python3.8/site-packages/airflow/example_dags/example_latest_only.py took 0.098 seconds
[2024-07-26T12:36:58.932+0000] {processor.py:161} INFO - Started process (PID=1196) to work on /home/airflow/.local/lib/python3.8/site-packages/airflow/example_dags/example_latest_only.py
[2024-07-26T12:36:58.933+0000] {processor.py:830} INFO - Processing file /home/airflow/.local/lib/python3.8/site-packages/airflow/example_dags/example_latest_only.py for tasks to queue
[2024-07-26T12:36:58.935+0000] {logging_mixin.py:188} INFO - [2024-07-26T12:36:58.935+0000] {dagbag.py:538} INFO - Filling up the DagBag from /home/airflow/.local/lib/python3.8/site-packages/airflow/example_dags/example_latest_only.py
[2024-07-26T12:36:58.942+0000] {processor.py:840} INFO - DAG(s) 'latest_only' retrieved from /home/airflow/.local/lib/python3.8/site-packages/airflow/example_dags/example_latest_only.py
[2024-07-26T12:36:58.964+0000] {logging_mixin.py:188} INFO - [2024-07-26T12:36:58.964+0000] {dag.py:3036} INFO - Sync 1 DAGs
[2024-07-26T12:36:58.989+0000] {logging_mixin.py:188} INFO - [2024-07-26T12:36:58.989+0000] {dag.py:3823} INFO - Setting next_dagrun for latest_only to 2024-07-26 08:00:00+00:00, run_after=2024-07-26 12:00:00+00:00
[2024-07-26T12:36:59.011+0000] {processor.py:183} INFO - Processing /home/airflow/.local/lib/python3.8/site-packages/airflow/example_dags/example_latest_only.py took 0.082 seconds
[2024-07-26T12:37:29.344+0000] {processor.py:161} INFO - Started process (PID=1260) to work on /home/airflow/.local/lib/python3.8/site-packages/airflow/example_dags/example_latest_only.py
[2024-07-26T12:37:29.345+0000] {processor.py:830} INFO - Processing file /home/airflow/.local/lib/python3.8/site-packages/airflow/example_dags/example_latest_only.py for tasks to queue
[2024-07-26T12:37:29.348+0000] {logging_mixin.py:188} INFO - [2024-07-26T12:37:29.348+0000] {dagbag.py:538} INFO - Filling up the DagBag from /home/airflow/.local/lib/python3.8/site-packages/airflow/example_dags/example_latest_only.py
[2024-07-26T12:37:29.354+0000] {processor.py:840} INFO - DAG(s) 'latest_only' retrieved from /home/airflow/.local/lib/python3.8/site-packages/airflow/example_dags/example_latest_only.py
[2024-07-26T12:37:29.375+0000] {logging_mixin.py:188} INFO - [2024-07-26T12:37:29.375+0000] {dag.py:3036} INFO - Sync 1 DAGs
[2024-07-26T12:37:29.400+0000] {logging_mixin.py:188} INFO - [2024-07-26T12:37:29.400+0000] {dag.py:3823} INFO - Setting next_dagrun for latest_only to 2024-07-26 08:00:00+00:00, run_after=2024-07-26 12:00:00+00:00
[2024-07-26T12:37:29.424+0000] {processor.py:183} INFO - Processing /home/airflow/.local/lib/python3.8/site-packages/airflow/example_dags/example_latest_only.py took 0.083 seconds
[2024-07-26T12:38:52.628+0000] {processor.py:161} INFO - Started process (PID=105) to work on /home/airflow/.local/lib/python3.8/site-packages/airflow/example_dags/example_latest_only.py
[2024-07-26T12:38:52.630+0000] {processor.py:830} INFO - Processing file /home/airflow/.local/lib/python3.8/site-packages/airflow/example_dags/example_latest_only.py for tasks to queue
[2024-07-26T12:38:52.632+0000] {logging_mixin.py:188} INFO - [2024-07-26T12:38:52.632+0000] {dagbag.py:538} INFO - Filling up the DagBag from /home/airflow/.local/lib/python3.8/site-packages/airflow/example_dags/example_latest_only.py
[2024-07-26T12:38:52.643+0000] {processor.py:840} INFO - DAG(s) 'latest_only' retrieved from /home/airflow/.local/lib/python3.8/site-packages/airflow/example_dags/example_latest_only.py
[2024-07-26T12:38:52.657+0000] {logging_mixin.py:188} INFO - [2024-07-26T12:38:52.657+0000] {dag.py:3036} INFO - Sync 1 DAGs
[2024-07-26T12:38:52.684+0000] {logging_mixin.py:188} INFO - [2024-07-26T12:38:52.684+0000] {dag.py:3823} INFO - Setting next_dagrun for latest_only to 2024-07-26 08:00:00+00:00, run_after=2024-07-26 12:00:00+00:00
[2024-07-26T12:38:52.709+0000] {processor.py:183} INFO - Processing /home/airflow/.local/lib/python3.8/site-packages/airflow/example_dags/example_latest_only.py took 0.085 seconds
[2024-07-26T12:39:24.443+0000] {processor.py:161} INFO - Started process (PID=169) to work on /home/airflow/.local/lib/python3.8/site-packages/airflow/example_dags/example_latest_only.py
[2024-07-26T12:39:24.456+0000] {processor.py:830} INFO - Processing file /home/airflow/.local/lib/python3.8/site-packages/airflow/example_dags/example_latest_only.py for tasks to queue
[2024-07-26T12:39:24.460+0000] {logging_mixin.py:188} INFO - [2024-07-26T12:39:24.459+0000] {dagbag.py:538} INFO - Filling up the DagBag from /home/airflow/.local/lib/python3.8/site-packages/airflow/example_dags/example_latest_only.py
[2024-07-26T12:39:24.476+0000] {processor.py:840} INFO - DAG(s) 'latest_only' retrieved from /home/airflow/.local/lib/python3.8/site-packages/airflow/example_dags/example_latest_only.py
[2024-07-26T12:39:24.626+0000] {logging_mixin.py:188} INFO - [2024-07-26T12:39:24.626+0000] {dag.py:3036} INFO - Sync 1 DAGs
[2024-07-26T12:39:24.653+0000] {logging_mixin.py:188} INFO - [2024-07-26T12:39:24.653+0000] {dag.py:3823} INFO - Setting next_dagrun for latest_only to 2024-07-26 08:00:00+00:00, run_after=2024-07-26 12:00:00+00:00
[2024-07-26T12:39:24.766+0000] {processor.py:183} INFO - Processing /home/airflow/.local/lib/python3.8/site-packages/airflow/example_dags/example_latest_only.py took 0.333 seconds
[2024-07-26T12:43:19.032+0000] {processor.py:161} INFO - Started process (PID=116) to work on /home/airflow/.local/lib/python3.8/site-packages/airflow/example_dags/example_latest_only.py
[2024-07-26T12:43:19.033+0000] {processor.py:830} INFO - Processing file /home/airflow/.local/lib/python3.8/site-packages/airflow/example_dags/example_latest_only.py for tasks to queue
[2024-07-26T12:43:19.035+0000] {logging_mixin.py:188} INFO - [2024-07-26T12:43:19.035+0000] {dagbag.py:538} INFO - Filling up the DagBag from /home/airflow/.local/lib/python3.8/site-packages/airflow/example_dags/example_latest_only.py
[2024-07-26T12:43:19.044+0000] {processor.py:840} INFO - DAG(s) 'latest_only' retrieved from /home/airflow/.local/lib/python3.8/site-packages/airflow/example_dags/example_latest_only.py
[2024-07-26T12:43:19.166+0000] {logging_mixin.py:188} INFO - [2024-07-26T12:43:19.166+0000] {dag.py:3036} INFO - Sync 1 DAGs
[2024-07-26T12:43:19.190+0000] {logging_mixin.py:188} INFO - [2024-07-26T12:43:19.190+0000] {dag.py:3823} INFO - Setting next_dagrun for latest_only to 2024-07-26 08:00:00+00:00, run_after=2024-07-26 12:00:00+00:00
[2024-07-26T12:43:19.215+0000] {processor.py:183} INFO - Processing /home/airflow/.local/lib/python3.8/site-packages/airflow/example_dags/example_latest_only.py took 0.187 seconds
[2024-07-26T12:43:49.285+0000] {processor.py:161} INFO - Started process (PID=180) to work on /home/airflow/.local/lib/python3.8/site-packages/airflow/example_dags/example_latest_only.py
[2024-07-26T12:43:49.286+0000] {processor.py:830} INFO - Processing file /home/airflow/.local/lib/python3.8/site-packages/airflow/example_dags/example_latest_only.py for tasks to queue
[2024-07-26T12:43:49.288+0000] {logging_mixin.py:188} INFO - [2024-07-26T12:43:49.288+0000] {dagbag.py:538} INFO - Filling up the DagBag from /home/airflow/.local/lib/python3.8/site-packages/airflow/example_dags/example_latest_only.py
[2024-07-26T12:43:49.292+0000] {processor.py:840} INFO - DAG(s) 'latest_only' retrieved from /home/airflow/.local/lib/python3.8/site-packages/airflow/example_dags/example_latest_only.py
[2024-07-26T12:43:49.317+0000] {logging_mixin.py:188} INFO - [2024-07-26T12:43:49.316+0000] {dag.py:3036} INFO - Sync 1 DAGs
[2024-07-26T12:43:49.339+0000] {logging_mixin.py:188} INFO - [2024-07-26T12:43:49.339+0000] {dag.py:3823} INFO - Setting next_dagrun for latest_only to 2024-07-26 08:00:00+00:00, run_after=2024-07-26 12:00:00+00:00
[2024-07-26T12:43:49.359+0000] {processor.py:183} INFO - Processing /home/airflow/.local/lib/python3.8/site-packages/airflow/example_dags/example_latest_only.py took 0.078 seconds
[2024-07-26T12:44:20.415+0000] {processor.py:161} INFO - Started process (PID=244) to work on /home/airflow/.local/lib/python3.8/site-packages/airflow/example_dags/example_latest_only.py
[2024-07-26T12:44:20.416+0000] {processor.py:830} INFO - Processing file /home/airflow/.local/lib/python3.8/site-packages/airflow/example_dags/example_latest_only.py for tasks to queue
[2024-07-26T12:44:20.418+0000] {logging_mixin.py:188} INFO - [2024-07-26T12:44:20.418+0000] {dagbag.py:538} INFO - Filling up the DagBag from /home/airflow/.local/lib/python3.8/site-packages/airflow/example_dags/example_latest_only.py
[2024-07-26T12:44:20.423+0000] {processor.py:840} INFO - DAG(s) 'latest_only' retrieved from /home/airflow/.local/lib/python3.8/site-packages/airflow/example_dags/example_latest_only.py
[2024-07-26T12:44:20.442+0000] {logging_mixin.py:188} INFO - [2024-07-26T12:44:20.442+0000] {dag.py:3036} INFO - Sync 1 DAGs
[2024-07-26T12:44:20.467+0000] {logging_mixin.py:188} INFO - [2024-07-26T12:44:20.467+0000] {dag.py:3823} INFO - Setting next_dagrun for latest_only to 2024-07-26 08:00:00+00:00, run_after=2024-07-26 12:00:00+00:00
[2024-07-26T12:44:20.502+0000] {processor.py:183} INFO - Processing /home/airflow/.local/lib/python3.8/site-packages/airflow/example_dags/example_latest_only.py took 0.090 seconds
[2024-07-26T12:49:46.664+0000] {processor.py:161} INFO - Started process (PID=110) to work on /home/airflow/.local/lib/python3.8/site-packages/airflow/example_dags/example_latest_only.py
[2024-07-26T12:49:46.665+0000] {processor.py:830} INFO - Processing file /home/airflow/.local/lib/python3.8/site-packages/airflow/example_dags/example_latest_only.py for tasks to queue
[2024-07-26T12:49:46.667+0000] {logging_mixin.py:188} INFO - [2024-07-26T12:49:46.667+0000] {dagbag.py:538} INFO - Filling up the DagBag from /home/airflow/.local/lib/python3.8/site-packages/airflow/example_dags/example_latest_only.py
[2024-07-26T12:49:46.677+0000] {processor.py:840} INFO - DAG(s) 'latest_only' retrieved from /home/airflow/.local/lib/python3.8/site-packages/airflow/example_dags/example_latest_only.py
[2024-07-26T12:49:46.806+0000] {logging_mixin.py:188} INFO - [2024-07-26T12:49:46.806+0000] {dag.py:3036} INFO - Sync 1 DAGs
[2024-07-26T12:49:46.833+0000] {logging_mixin.py:188} INFO - [2024-07-26T12:49:46.833+0000] {dag.py:3823} INFO - Setting next_dagrun for latest_only to 2024-07-26 08:00:00+00:00, run_after=2024-07-26 12:00:00+00:00
[2024-07-26T12:49:46.856+0000] {processor.py:183} INFO - Processing /home/airflow/.local/lib/python3.8/site-packages/airflow/example_dags/example_latest_only.py took 0.197 seconds
[2024-07-26T12:50:17.323+0000] {processor.py:161} INFO - Started process (PID=174) to work on /home/airflow/.local/lib/python3.8/site-packages/airflow/example_dags/example_latest_only.py
[2024-07-26T12:50:17.324+0000] {processor.py:830} INFO - Processing file /home/airflow/.local/lib/python3.8/site-packages/airflow/example_dags/example_latest_only.py for tasks to queue
[2024-07-26T12:50:17.326+0000] {logging_mixin.py:188} INFO - [2024-07-26T12:50:17.326+0000] {dagbag.py:538} INFO - Filling up the DagBag from /home/airflow/.local/lib/python3.8/site-packages/airflow/example_dags/example_latest_only.py
[2024-07-26T12:50:17.332+0000] {processor.py:840} INFO - DAG(s) 'latest_only' retrieved from /home/airflow/.local/lib/python3.8/site-packages/airflow/example_dags/example_latest_only.py
[2024-07-26T12:50:17.353+0000] {logging_mixin.py:188} INFO - [2024-07-26T12:50:17.352+0000] {dag.py:3036} INFO - Sync 1 DAGs
[2024-07-26T12:50:17.381+0000] {logging_mixin.py:188} INFO - [2024-07-26T12:50:17.381+0000] {dag.py:3823} INFO - Setting next_dagrun for latest_only to 2024-07-26 08:00:00+00:00, run_after=2024-07-26 12:00:00+00:00
[2024-07-26T12:50:17.402+0000] {processor.py:183} INFO - Processing /home/airflow/.local/lib/python3.8/site-packages/airflow/example_dags/example_latest_only.py took 0.082 seconds
[2024-07-26T12:50:48.552+0000] {processor.py:161} INFO - Started process (PID=238) to work on /home/airflow/.local/lib/python3.8/site-packages/airflow/example_dags/example_latest_only.py
[2024-07-26T12:50:48.553+0000] {processor.py:830} INFO - Processing file /home/airflow/.local/lib/python3.8/site-packages/airflow/example_dags/example_latest_only.py for tasks to queue
[2024-07-26T12:50:48.556+0000] {logging_mixin.py:188} INFO - [2024-07-26T12:50:48.555+0000] {dagbag.py:538} INFO - Filling up the DagBag from /home/airflow/.local/lib/python3.8/site-packages/airflow/example_dags/example_latest_only.py
[2024-07-26T12:50:48.562+0000] {processor.py:840} INFO - DAG(s) 'latest_only' retrieved from /home/airflow/.local/lib/python3.8/site-packages/airflow/example_dags/example_latest_only.py
[2024-07-26T12:50:48.585+0000] {logging_mixin.py:188} INFO - [2024-07-26T12:50:48.585+0000] {dag.py:3036} INFO - Sync 1 DAGs
[2024-07-26T12:50:48.629+0000] {logging_mixin.py:188} INFO - [2024-07-26T12:50:48.629+0000] {dag.py:3823} INFO - Setting next_dagrun for latest_only to 2024-07-26 08:00:00+00:00, run_after=2024-07-26 12:00:00+00:00
[2024-07-26T12:50:48.653+0000] {processor.py:183} INFO - Processing /home/airflow/.local/lib/python3.8/site-packages/airflow/example_dags/example_latest_only.py took 0.104 seconds
[2024-07-26T12:51:18.770+0000] {processor.py:161} INFO - Started process (PID=294) to work on /home/airflow/.local/lib/python3.8/site-packages/airflow/example_dags/example_latest_only.py
[2024-07-26T12:51:18.773+0000] {processor.py:830} INFO - Processing file /home/airflow/.local/lib/python3.8/site-packages/airflow/example_dags/example_latest_only.py for tasks to queue
[2024-07-26T12:51:18.777+0000] {logging_mixin.py:188} INFO - [2024-07-26T12:51:18.776+0000] {dagbag.py:538} INFO - Filling up the DagBag from /home/airflow/.local/lib/python3.8/site-packages/airflow/example_dags/example_latest_only.py
[2024-07-26T12:51:18.784+0000] {processor.py:840} INFO - DAG(s) 'latest_only' retrieved from /home/airflow/.local/lib/python3.8/site-packages/airflow/example_dags/example_latest_only.py
[2024-07-26T12:51:18.823+0000] {logging_mixin.py:188} INFO - [2024-07-26T12:51:18.822+0000] {dag.py:3036} INFO - Sync 1 DAGs
[2024-07-26T12:51:18.889+0000] {logging_mixin.py:188} INFO - [2024-07-26T12:51:18.888+0000] {dag.py:3823} INFO - Setting next_dagrun for latest_only to 2024-07-26 08:00:00+00:00, run_after=2024-07-26 12:00:00+00:00
[2024-07-26T12:51:18.933+0000] {processor.py:183} INFO - Processing /home/airflow/.local/lib/python3.8/site-packages/airflow/example_dags/example_latest_only.py took 0.168 seconds
[2024-07-26T12:51:49.780+0000] {processor.py:161} INFO - Started process (PID=357) to work on /home/airflow/.local/lib/python3.8/site-packages/airflow/example_dags/example_latest_only.py
[2024-07-26T12:51:49.782+0000] {processor.py:830} INFO - Processing file /home/airflow/.local/lib/python3.8/site-packages/airflow/example_dags/example_latest_only.py for tasks to queue
[2024-07-26T12:51:49.785+0000] {logging_mixin.py:188} INFO - [2024-07-26T12:51:49.785+0000] {dagbag.py:538} INFO - Filling up the DagBag from /home/airflow/.local/lib/python3.8/site-packages/airflow/example_dags/example_latest_only.py
[2024-07-26T12:51:49.792+0000] {processor.py:840} INFO - DAG(s) 'latest_only' retrieved from /home/airflow/.local/lib/python3.8/site-packages/airflow/example_dags/example_latest_only.py
[2024-07-26T12:51:49.817+0000] {logging_mixin.py:188} INFO - [2024-07-26T12:51:49.816+0000] {dag.py:3036} INFO - Sync 1 DAGs
[2024-07-26T12:51:49.846+0000] {logging_mixin.py:188} INFO - [2024-07-26T12:51:49.846+0000] {dag.py:3823} INFO - Setting next_dagrun for latest_only to 2024-07-26 08:00:00+00:00, run_after=2024-07-26 12:00:00+00:00
[2024-07-26T12:51:49.881+0000] {processor.py:183} INFO - Processing /home/airflow/.local/lib/python3.8/site-packages/airflow/example_dags/example_latest_only.py took 0.107 seconds
[2024-07-26T12:52:20.382+0000] {processor.py:161} INFO - Started process (PID=421) to work on /home/airflow/.local/lib/python3.8/site-packages/airflow/example_dags/example_latest_only.py
[2024-07-26T12:52:20.383+0000] {processor.py:830} INFO - Processing file /home/airflow/.local/lib/python3.8/site-packages/airflow/example_dags/example_latest_only.py for tasks to queue
[2024-07-26T12:52:20.385+0000] {logging_mixin.py:188} INFO - [2024-07-26T12:52:20.385+0000] {dagbag.py:538} INFO - Filling up the DagBag from /home/airflow/.local/lib/python3.8/site-packages/airflow/example_dags/example_latest_only.py
[2024-07-26T12:52:20.391+0000] {processor.py:840} INFO - DAG(s) 'latest_only' retrieved from /home/airflow/.local/lib/python3.8/site-packages/airflow/example_dags/example_latest_only.py
[2024-07-26T12:52:20.415+0000] {logging_mixin.py:188} INFO - [2024-07-26T12:52:20.415+0000] {dag.py:3036} INFO - Sync 1 DAGs
[2024-07-26T12:52:20.439+0000] {logging_mixin.py:188} INFO - [2024-07-26T12:52:20.439+0000] {dag.py:3823} INFO - Setting next_dagrun for latest_only to 2024-07-26 08:00:00+00:00, run_after=2024-07-26 12:00:00+00:00
[2024-07-26T12:52:20.465+0000] {processor.py:183} INFO - Processing /home/airflow/.local/lib/python3.8/site-packages/airflow/example_dags/example_latest_only.py took 0.086 seconds
[2024-07-26T12:52:50.852+0000] {processor.py:161} INFO - Started process (PID=485) to work on /home/airflow/.local/lib/python3.8/site-packages/airflow/example_dags/example_latest_only.py
[2024-07-26T12:52:50.853+0000] {processor.py:830} INFO - Processing file /home/airflow/.local/lib/python3.8/site-packages/airflow/example_dags/example_latest_only.py for tasks to queue
[2024-07-26T12:52:50.855+0000] {logging_mixin.py:188} INFO - [2024-07-26T12:52:50.854+0000] {dagbag.py:538} INFO - Filling up the DagBag from /home/airflow/.local/lib/python3.8/site-packages/airflow/example_dags/example_latest_only.py
[2024-07-26T12:52:50.860+0000] {processor.py:840} INFO - DAG(s) 'latest_only' retrieved from /home/airflow/.local/lib/python3.8/site-packages/airflow/example_dags/example_latest_only.py
[2024-07-26T12:52:50.882+0000] {logging_mixin.py:188} INFO - [2024-07-26T12:52:50.882+0000] {dag.py:3036} INFO - Sync 1 DAGs
[2024-07-26T12:52:50.909+0000] {logging_mixin.py:188} INFO - [2024-07-26T12:52:50.909+0000] {dag.py:3823} INFO - Setting next_dagrun for latest_only to 2024-07-26 08:00:00+00:00, run_after=2024-07-26 12:00:00+00:00
[2024-07-26T12:52:50.940+0000] {processor.py:183} INFO - Processing /home/airflow/.local/lib/python3.8/site-packages/airflow/example_dags/example_latest_only.py took 0.092 seconds
[2024-07-26T12:53:21.504+0000] {processor.py:161} INFO - Started process (PID=549) to work on /home/airflow/.local/lib/python3.8/site-packages/airflow/example_dags/example_latest_only.py
[2024-07-26T12:53:21.505+0000] {processor.py:830} INFO - Processing file /home/airflow/.local/lib/python3.8/site-packages/airflow/example_dags/example_latest_only.py for tasks to queue
[2024-07-26T12:53:21.507+0000] {logging_mixin.py:188} INFO - [2024-07-26T12:53:21.506+0000] {dagbag.py:538} INFO - Filling up the DagBag from /home/airflow/.local/lib/python3.8/site-packages/airflow/example_dags/example_latest_only.py
[2024-07-26T12:53:21.512+0000] {processor.py:840} INFO - DAG(s) 'latest_only' retrieved from /home/airflow/.local/lib/python3.8/site-packages/airflow/example_dags/example_latest_only.py
[2024-07-26T12:53:21.536+0000] {logging_mixin.py:188} INFO - [2024-07-26T12:53:21.535+0000] {dag.py:3036} INFO - Sync 1 DAGs
[2024-07-26T12:53:21.558+0000] {logging_mixin.py:188} INFO - [2024-07-26T12:53:21.558+0000] {dag.py:3823} INFO - Setting next_dagrun for latest_only to 2024-07-26 08:00:00+00:00, run_after=2024-07-26 12:00:00+00:00
[2024-07-26T12:53:21.588+0000] {processor.py:183} INFO - Processing /home/airflow/.local/lib/python3.8/site-packages/airflow/example_dags/example_latest_only.py took 0.087 seconds
[2024-07-26T12:53:51.771+0000] {processor.py:161} INFO - Started process (PID=613) to work on /home/airflow/.local/lib/python3.8/site-packages/airflow/example_dags/example_latest_only.py
[2024-07-26T12:53:51.772+0000] {processor.py:830} INFO - Processing file /home/airflow/.local/lib/python3.8/site-packages/airflow/example_dags/example_latest_only.py for tasks to queue
[2024-07-26T12:53:51.774+0000] {logging_mixin.py:188} INFO - [2024-07-26T12:53:51.774+0000] {dagbag.py:538} INFO - Filling up the DagBag from /home/airflow/.local/lib/python3.8/site-packages/airflow/example_dags/example_latest_only.py
[2024-07-26T12:53:51.779+0000] {processor.py:840} INFO - DAG(s) 'latest_only' retrieved from /home/airflow/.local/lib/python3.8/site-packages/airflow/example_dags/example_latest_only.py
[2024-07-26T12:53:51.805+0000] {logging_mixin.py:188} INFO - [2024-07-26T12:53:51.805+0000] {dag.py:3036} INFO - Sync 1 DAGs
[2024-07-26T12:53:51.828+0000] {logging_mixin.py:188} INFO - [2024-07-26T12:53:51.828+0000] {dag.py:3823} INFO - Setting next_dagrun for latest_only to 2024-07-26 08:00:00+00:00, run_after=2024-07-26 12:00:00+00:00
[2024-07-26T12:53:51.855+0000] {processor.py:183} INFO - Processing /home/airflow/.local/lib/python3.8/site-packages/airflow/example_dags/example_latest_only.py took 0.087 seconds
[2024-07-26T12:54:22.233+0000] {processor.py:161} INFO - Started process (PID=677) to work on /home/airflow/.local/lib/python3.8/site-packages/airflow/example_dags/example_latest_only.py
[2024-07-26T12:54:22.234+0000] {processor.py:830} INFO - Processing file /home/airflow/.local/lib/python3.8/site-packages/airflow/example_dags/example_latest_only.py for tasks to queue
[2024-07-26T12:54:22.237+0000] {logging_mixin.py:188} INFO - [2024-07-26T12:54:22.236+0000] {dagbag.py:538} INFO - Filling up the DagBag from /home/airflow/.local/lib/python3.8/site-packages/airflow/example_dags/example_latest_only.py
[2024-07-26T12:54:22.242+0000] {processor.py:840} INFO - DAG(s) 'latest_only' retrieved from /home/airflow/.local/lib/python3.8/site-packages/airflow/example_dags/example_latest_only.py
[2024-07-26T12:54:22.263+0000] {logging_mixin.py:188} INFO - [2024-07-26T12:54:22.263+0000] {dag.py:3036} INFO - Sync 1 DAGs
[2024-07-26T12:54:22.289+0000] {logging_mixin.py:188} INFO - [2024-07-26T12:54:22.288+0000] {dag.py:3823} INFO - Setting next_dagrun for latest_only to 2024-07-26 08:00:00+00:00, run_after=2024-07-26 12:00:00+00:00
[2024-07-26T12:54:22.318+0000] {processor.py:183} INFO - Processing /home/airflow/.local/lib/python3.8/site-packages/airflow/example_dags/example_latest_only.py took 0.089 seconds
[2024-07-26T12:54:52.494+0000] {processor.py:161} INFO - Started process (PID=741) to work on /home/airflow/.local/lib/python3.8/site-packages/airflow/example_dags/example_latest_only.py
[2024-07-26T12:54:52.495+0000] {processor.py:830} INFO - Processing file /home/airflow/.local/lib/python3.8/site-packages/airflow/example_dags/example_latest_only.py for tasks to queue
[2024-07-26T12:54:52.497+0000] {logging_mixin.py:188} INFO - [2024-07-26T12:54:52.497+0000] {dagbag.py:538} INFO - Filling up the DagBag from /home/airflow/.local/lib/python3.8/site-packages/airflow/example_dags/example_latest_only.py
[2024-07-26T12:54:52.502+0000] {processor.py:840} INFO - DAG(s) 'latest_only' retrieved from /home/airflow/.local/lib/python3.8/site-packages/airflow/example_dags/example_latest_only.py
[2024-07-26T12:54:52.527+0000] {logging_mixin.py:188} INFO - [2024-07-26T12:54:52.526+0000] {dag.py:3036} INFO - Sync 1 DAGs
[2024-07-26T12:54:52.550+0000] {logging_mixin.py:188} INFO - [2024-07-26T12:54:52.550+0000] {dag.py:3823} INFO - Setting next_dagrun for latest_only to 2024-07-26 08:00:00+00:00, run_after=2024-07-26 12:00:00+00:00
[2024-07-26T12:54:52.581+0000] {processor.py:183} INFO - Processing /home/airflow/.local/lib/python3.8/site-packages/airflow/example_dags/example_latest_only.py took 0.091 seconds
[2024-07-26T12:55:23.093+0000] {processor.py:161} INFO - Started process (PID=805) to work on /home/airflow/.local/lib/python3.8/site-packages/airflow/example_dags/example_latest_only.py
[2024-07-26T12:55:23.095+0000] {processor.py:830} INFO - Processing file /home/airflow/.local/lib/python3.8/site-packages/airflow/example_dags/example_latest_only.py for tasks to queue
[2024-07-26T12:55:23.097+0000] {logging_mixin.py:188} INFO - [2024-07-26T12:55:23.096+0000] {dagbag.py:538} INFO - Filling up the DagBag from /home/airflow/.local/lib/python3.8/site-packages/airflow/example_dags/example_latest_only.py
[2024-07-26T12:55:23.102+0000] {processor.py:840} INFO - DAG(s) 'latest_only' retrieved from /home/airflow/.local/lib/python3.8/site-packages/airflow/example_dags/example_latest_only.py
[2024-07-26T12:55:23.126+0000] {logging_mixin.py:188} INFO - [2024-07-26T12:55:23.126+0000] {dag.py:3036} INFO - Sync 1 DAGs
[2024-07-26T12:55:23.153+0000] {logging_mixin.py:188} INFO - [2024-07-26T12:55:23.153+0000] {dag.py:3823} INFO - Setting next_dagrun for latest_only to 2024-07-26 08:00:00+00:00, run_after=2024-07-26 12:00:00+00:00
[2024-07-26T12:55:23.178+0000] {processor.py:183} INFO - Processing /home/airflow/.local/lib/python3.8/site-packages/airflow/example_dags/example_latest_only.py took 0.089 seconds
[2024-07-26T12:55:54.057+0000] {processor.py:161} INFO - Started process (PID=869) to work on /home/airflow/.local/lib/python3.8/site-packages/airflow/example_dags/example_latest_only.py
[2024-07-26T12:55:54.058+0000] {processor.py:830} INFO - Processing file /home/airflow/.local/lib/python3.8/site-packages/airflow/example_dags/example_latest_only.py for tasks to queue
[2024-07-26T12:55:54.061+0000] {logging_mixin.py:188} INFO - [2024-07-26T12:55:54.060+0000] {dagbag.py:538} INFO - Filling up the DagBag from /home/airflow/.local/lib/python3.8/site-packages/airflow/example_dags/example_latest_only.py
[2024-07-26T12:55:54.068+0000] {processor.py:840} INFO - DAG(s) 'latest_only' retrieved from /home/airflow/.local/lib/python3.8/site-packages/airflow/example_dags/example_latest_only.py
[2024-07-26T12:55:54.097+0000] {logging_mixin.py:188} INFO - [2024-07-26T12:55:54.097+0000] {dag.py:3036} INFO - Sync 1 DAGs
[2024-07-26T12:55:54.128+0000] {logging_mixin.py:188} INFO - [2024-07-26T12:55:54.127+0000] {dag.py:3823} INFO - Setting next_dagrun for latest_only to 2024-07-26 08:00:00+00:00, run_after=2024-07-26 12:00:00+00:00
[2024-07-26T12:55:54.154+0000] {processor.py:183} INFO - Processing /home/airflow/.local/lib/python3.8/site-packages/airflow/example_dags/example_latest_only.py took 0.102 seconds
[2024-07-26T12:56:24.790+0000] {processor.py:161} INFO - Started process (PID=933) to work on /home/airflow/.local/lib/python3.8/site-packages/airflow/example_dags/example_latest_only.py
[2024-07-26T12:56:24.792+0000] {processor.py:830} INFO - Processing file /home/airflow/.local/lib/python3.8/site-packages/airflow/example_dags/example_latest_only.py for tasks to queue
[2024-07-26T12:56:24.793+0000] {logging_mixin.py:188} INFO - [2024-07-26T12:56:24.793+0000] {dagbag.py:538} INFO - Filling up the DagBag from /home/airflow/.local/lib/python3.8/site-packages/airflow/example_dags/example_latest_only.py
[2024-07-26T12:56:24.800+0000] {processor.py:840} INFO - DAG(s) 'latest_only' retrieved from /home/airflow/.local/lib/python3.8/site-packages/airflow/example_dags/example_latest_only.py
[2024-07-26T12:56:24.825+0000] {logging_mixin.py:188} INFO - [2024-07-26T12:56:24.825+0000] {dag.py:3036} INFO - Sync 1 DAGs
[2024-07-26T12:56:24.852+0000] {logging_mixin.py:188} INFO - [2024-07-26T12:56:24.851+0000] {dag.py:3823} INFO - Setting next_dagrun for latest_only to 2024-07-26 08:00:00+00:00, run_after=2024-07-26 12:00:00+00:00
[2024-07-26T12:56:24.872+0000] {processor.py:183} INFO - Processing /home/airflow/.local/lib/python3.8/site-packages/airflow/example_dags/example_latest_only.py took 0.085 seconds
[2024-07-26T12:56:55.388+0000] {processor.py:161} INFO - Started process (PID=997) to work on /home/airflow/.local/lib/python3.8/site-packages/airflow/example_dags/example_latest_only.py
[2024-07-26T12:56:55.389+0000] {processor.py:830} INFO - Processing file /home/airflow/.local/lib/python3.8/site-packages/airflow/example_dags/example_latest_only.py for tasks to queue
[2024-07-26T12:56:55.391+0000] {logging_mixin.py:188} INFO - [2024-07-26T12:56:55.390+0000] {dagbag.py:538} INFO - Filling up the DagBag from /home/airflow/.local/lib/python3.8/site-packages/airflow/example_dags/example_latest_only.py
[2024-07-26T12:56:55.396+0000] {processor.py:840} INFO - DAG(s) 'latest_only' retrieved from /home/airflow/.local/lib/python3.8/site-packages/airflow/example_dags/example_latest_only.py
[2024-07-26T12:56:55.422+0000] {logging_mixin.py:188} INFO - [2024-07-26T12:56:55.422+0000] {dag.py:3036} INFO - Sync 1 DAGs
[2024-07-26T12:56:55.448+0000] {logging_mixin.py:188} INFO - [2024-07-26T12:56:55.448+0000] {dag.py:3823} INFO - Setting next_dagrun for latest_only to 2024-07-26 08:00:00+00:00, run_after=2024-07-26 12:00:00+00:00
[2024-07-26T12:56:55.479+0000] {processor.py:183} INFO - Processing /home/airflow/.local/lib/python3.8/site-packages/airflow/example_dags/example_latest_only.py took 0.095 seconds
[2024-07-26T12:57:25.909+0000] {processor.py:161} INFO - Started process (PID=1061) to work on /home/airflow/.local/lib/python3.8/site-packages/airflow/example_dags/example_latest_only.py
[2024-07-26T12:57:25.910+0000] {processor.py:830} INFO - Processing file /home/airflow/.local/lib/python3.8/site-packages/airflow/example_dags/example_latest_only.py for tasks to queue
[2024-07-26T12:57:25.914+0000] {logging_mixin.py:188} INFO - [2024-07-26T12:57:25.914+0000] {dagbag.py:538} INFO - Filling up the DagBag from /home/airflow/.local/lib/python3.8/site-packages/airflow/example_dags/example_latest_only.py
[2024-07-26T12:57:25.923+0000] {processor.py:840} INFO - DAG(s) 'latest_only' retrieved from /home/airflow/.local/lib/python3.8/site-packages/airflow/example_dags/example_latest_only.py
[2024-07-26T12:57:25.950+0000] {logging_mixin.py:188} INFO - [2024-07-26T12:57:25.950+0000] {dag.py:3036} INFO - Sync 1 DAGs
[2024-07-26T12:57:25.984+0000] {logging_mixin.py:188} INFO - [2024-07-26T12:57:25.983+0000] {dag.py:3823} INFO - Setting next_dagrun for latest_only to 2024-07-26 08:00:00+00:00, run_after=2024-07-26 12:00:00+00:00
[2024-07-26T12:57:26.008+0000] {processor.py:183} INFO - Processing /home/airflow/.local/lib/python3.8/site-packages/airflow/example_dags/example_latest_only.py took 0.102 seconds
[2024-07-26T12:57:56.349+0000] {processor.py:161} INFO - Started process (PID=1125) to work on /home/airflow/.local/lib/python3.8/site-packages/airflow/example_dags/example_latest_only.py
[2024-07-26T12:57:56.350+0000] {processor.py:830} INFO - Processing file /home/airflow/.local/lib/python3.8/site-packages/airflow/example_dags/example_latest_only.py for tasks to queue
[2024-07-26T12:57:56.354+0000] {logging_mixin.py:188} INFO - [2024-07-26T12:57:56.353+0000] {dagbag.py:538} INFO - Filling up the DagBag from /home/airflow/.local/lib/python3.8/site-packages/airflow/example_dags/example_latest_only.py
[2024-07-26T12:57:56.359+0000] {processor.py:840} INFO - DAG(s) 'latest_only' retrieved from /home/airflow/.local/lib/python3.8/site-packages/airflow/example_dags/example_latest_only.py
[2024-07-26T12:57:56.384+0000] {logging_mixin.py:188} INFO - [2024-07-26T12:57:56.383+0000] {dag.py:3036} INFO - Sync 1 DAGs
[2024-07-26T12:57:56.413+0000] {logging_mixin.py:188} INFO - [2024-07-26T12:57:56.412+0000] {dag.py:3823} INFO - Setting next_dagrun for latest_only to 2024-07-26 08:00:00+00:00, run_after=2024-07-26 12:00:00+00:00
[2024-07-26T12:57:56.474+0000] {processor.py:183} INFO - Processing /home/airflow/.local/lib/python3.8/site-packages/airflow/example_dags/example_latest_only.py took 0.128 seconds
[2024-07-26T12:58:26.734+0000] {processor.py:161} INFO - Started process (PID=1189) to work on /home/airflow/.local/lib/python3.8/site-packages/airflow/example_dags/example_latest_only.py
[2024-07-26T12:58:26.736+0000] {processor.py:830} INFO - Processing file /home/airflow/.local/lib/python3.8/site-packages/airflow/example_dags/example_latest_only.py for tasks to queue
[2024-07-26T12:58:26.737+0000] {logging_mixin.py:188} INFO - [2024-07-26T12:58:26.737+0000] {dagbag.py:538} INFO - Filling up the DagBag from /home/airflow/.local/lib/python3.8/site-packages/airflow/example_dags/example_latest_only.py
[2024-07-26T12:58:26.742+0000] {processor.py:840} INFO - DAG(s) 'latest_only' retrieved from /home/airflow/.local/lib/python3.8/site-packages/airflow/example_dags/example_latest_only.py
[2024-07-26T12:58:26.764+0000] {logging_mixin.py:188} INFO - [2024-07-26T12:58:26.764+0000] {dag.py:3036} INFO - Sync 1 DAGs
[2024-07-26T12:58:26.789+0000] {logging_mixin.py:188} INFO - [2024-07-26T12:58:26.788+0000] {dag.py:3823} INFO - Setting next_dagrun for latest_only to 2024-07-26 08:00:00+00:00, run_after=2024-07-26 12:00:00+00:00
[2024-07-26T12:58:26.815+0000] {processor.py:183} INFO - Processing /home/airflow/.local/lib/python3.8/site-packages/airflow/example_dags/example_latest_only.py took 0.084 seconds
[2024-07-26T12:58:56.892+0000] {processor.py:161} INFO - Started process (PID=1253) to work on /home/airflow/.local/lib/python3.8/site-packages/airflow/example_dags/example_latest_only.py
[2024-07-26T12:58:56.893+0000] {processor.py:830} INFO - Processing file /home/airflow/.local/lib/python3.8/site-packages/airflow/example_dags/example_latest_only.py for tasks to queue
[2024-07-26T12:58:56.896+0000] {logging_mixin.py:188} INFO - [2024-07-26T12:58:56.895+0000] {dagbag.py:538} INFO - Filling up the DagBag from /home/airflow/.local/lib/python3.8/site-packages/airflow/example_dags/example_latest_only.py
[2024-07-26T12:58:56.902+0000] {processor.py:840} INFO - DAG(s) 'latest_only' retrieved from /home/airflow/.local/lib/python3.8/site-packages/airflow/example_dags/example_latest_only.py
[2024-07-26T12:58:56.925+0000] {logging_mixin.py:188} INFO - [2024-07-26T12:58:56.924+0000] {dag.py:3036} INFO - Sync 1 DAGs
[2024-07-26T12:58:56.949+0000] {logging_mixin.py:188} INFO - [2024-07-26T12:58:56.949+0000] {dag.py:3823} INFO - Setting next_dagrun for latest_only to 2024-07-26 08:00:00+00:00, run_after=2024-07-26 12:00:00+00:00
[2024-07-26T12:58:56.971+0000] {processor.py:183} INFO - Processing /home/airflow/.local/lib/python3.8/site-packages/airflow/example_dags/example_latest_only.py took 0.082 seconds
