[2024-07-26T12:15:29.751+0000] {processor.py:161} INFO - Started process (PID=125) to work on /home/airflow/.local/lib/python3.8/site-packages/airflow/example_dags/example_python_operator.py
[2024-07-26T12:15:29.752+0000] {processor.py:830} INFO - Processing file /home/airflow/.local/lib/python3.8/site-packages/airflow/example_dags/example_python_operator.py for tasks to queue
[2024-07-26T12:15:29.754+0000] {logging_mixin.py:188} INFO - [2024-07-26T12:15:29.754+0000] {dagbag.py:538} INFO - Filling up the DagBag from /home/airflow/.local/lib/python3.8/site-packages/airflow/example_dags/example_python_operator.py
[2024-07-26T12:15:29.776+0000] {processor.py:840} INFO - DAG(s) 'example_python_operator' retrieved from /home/airflow/.local/lib/python3.8/site-packages/airflow/example_dags/example_python_operator.py
[2024-07-26T12:15:29.916+0000] {logging_mixin.py:188} INFO - [2024-07-26T12:15:29.916+0000] {dag.py:3036} INFO - Sync 1 DAGs
[2024-07-26T12:15:29.930+0000] {logging_mixin.py:188} INFO - [2024-07-26T12:15:29.930+0000] {dag.py:3823} INFO - Setting next_dagrun for example_python_operator to None, run_after=None
[2024-07-26T12:15:29.955+0000] {processor.py:183} INFO - Processing /home/airflow/.local/lib/python3.8/site-packages/airflow/example_dags/example_python_operator.py took 0.208 seconds
[2024-07-26T12:16:00.718+0000] {processor.py:161} INFO - Started process (PID=189) to work on /home/airflow/.local/lib/python3.8/site-packages/airflow/example_dags/example_python_operator.py
[2024-07-26T12:16:00.719+0000] {processor.py:830} INFO - Processing file /home/airflow/.local/lib/python3.8/site-packages/airflow/example_dags/example_python_operator.py for tasks to queue
[2024-07-26T12:16:00.721+0000] {logging_mixin.py:188} INFO - [2024-07-26T12:16:00.720+0000] {dagbag.py:538} INFO - Filling up the DagBag from /home/airflow/.local/lib/python3.8/site-packages/airflow/example_dags/example_python_operator.py
[2024-07-26T12:16:00.738+0000] {processor.py:840} INFO - DAG(s) 'example_python_operator' retrieved from /home/airflow/.local/lib/python3.8/site-packages/airflow/example_dags/example_python_operator.py
[2024-07-26T12:16:00.770+0000] {logging_mixin.py:188} INFO - [2024-07-26T12:16:00.770+0000] {dag.py:3036} INFO - Sync 1 DAGs
[2024-07-26T12:16:00.788+0000] {logging_mixin.py:188} INFO - [2024-07-26T12:16:00.788+0000] {dag.py:3823} INFO - Setting next_dagrun for example_python_operator to None, run_after=None
[2024-07-26T12:16:00.813+0000] {processor.py:183} INFO - Processing /home/airflow/.local/lib/python3.8/site-packages/airflow/example_dags/example_python_operator.py took 0.099 seconds
[2024-07-26T12:16:31.114+0000] {processor.py:161} INFO - Started process (PID=253) to work on /home/airflow/.local/lib/python3.8/site-packages/airflow/example_dags/example_python_operator.py
[2024-07-26T12:16:31.115+0000] {processor.py:830} INFO - Processing file /home/airflow/.local/lib/python3.8/site-packages/airflow/example_dags/example_python_operator.py for tasks to queue
[2024-07-26T12:16:31.118+0000] {logging_mixin.py:188} INFO - [2024-07-26T12:16:31.118+0000] {dagbag.py:538} INFO - Filling up the DagBag from /home/airflow/.local/lib/python3.8/site-packages/airflow/example_dags/example_python_operator.py
[2024-07-26T12:16:31.130+0000] {processor.py:840} INFO - DAG(s) 'example_python_operator' retrieved from /home/airflow/.local/lib/python3.8/site-packages/airflow/example_dags/example_python_operator.py
[2024-07-26T12:16:31.156+0000] {logging_mixin.py:188} INFO - [2024-07-26T12:16:31.155+0000] {dag.py:3036} INFO - Sync 1 DAGs
[2024-07-26T12:16:31.171+0000] {logging_mixin.py:188} INFO - [2024-07-26T12:16:31.170+0000] {dag.py:3823} INFO - Setting next_dagrun for example_python_operator to None, run_after=None
[2024-07-26T12:16:31.193+0000] {processor.py:183} INFO - Processing /home/airflow/.local/lib/python3.8/site-packages/airflow/example_dags/example_python_operator.py took 0.082 seconds
[2024-07-26T12:17:01.953+0000] {processor.py:161} INFO - Started process (PID=317) to work on /home/airflow/.local/lib/python3.8/site-packages/airflow/example_dags/example_python_operator.py
[2024-07-26T12:17:01.954+0000] {processor.py:830} INFO - Processing file /home/airflow/.local/lib/python3.8/site-packages/airflow/example_dags/example_python_operator.py for tasks to queue
[2024-07-26T12:17:01.956+0000] {logging_mixin.py:188} INFO - [2024-07-26T12:17:01.956+0000] {dagbag.py:538} INFO - Filling up the DagBag from /home/airflow/.local/lib/python3.8/site-packages/airflow/example_dags/example_python_operator.py
[2024-07-26T12:17:01.968+0000] {processor.py:840} INFO - DAG(s) 'example_python_operator' retrieved from /home/airflow/.local/lib/python3.8/site-packages/airflow/example_dags/example_python_operator.py
[2024-07-26T12:17:01.994+0000] {logging_mixin.py:188} INFO - [2024-07-26T12:17:01.994+0000] {dag.py:3036} INFO - Sync 1 DAGs
[2024-07-26T12:17:02.009+0000] {logging_mixin.py:188} INFO - [2024-07-26T12:17:02.009+0000] {dag.py:3823} INFO - Setting next_dagrun for example_python_operator to None, run_after=None
[2024-07-26T12:17:02.032+0000] {processor.py:183} INFO - Processing /home/airflow/.local/lib/python3.8/site-packages/airflow/example_dags/example_python_operator.py took 0.082 seconds
[2024-07-26T12:17:32.377+0000] {processor.py:161} INFO - Started process (PID=381) to work on /home/airflow/.local/lib/python3.8/site-packages/airflow/example_dags/example_python_operator.py
[2024-07-26T12:17:32.378+0000] {processor.py:830} INFO - Processing file /home/airflow/.local/lib/python3.8/site-packages/airflow/example_dags/example_python_operator.py for tasks to queue
[2024-07-26T12:17:32.381+0000] {logging_mixin.py:188} INFO - [2024-07-26T12:17:32.380+0000] {dagbag.py:538} INFO - Filling up the DagBag from /home/airflow/.local/lib/python3.8/site-packages/airflow/example_dags/example_python_operator.py
[2024-07-26T12:17:32.393+0000] {processor.py:840} INFO - DAG(s) 'example_python_operator' retrieved from /home/airflow/.local/lib/python3.8/site-packages/airflow/example_dags/example_python_operator.py
[2024-07-26T12:17:32.425+0000] {logging_mixin.py:188} INFO - [2024-07-26T12:17:32.424+0000] {dag.py:3036} INFO - Sync 1 DAGs
[2024-07-26T12:17:32.440+0000] {logging_mixin.py:188} INFO - [2024-07-26T12:17:32.440+0000] {dag.py:3823} INFO - Setting next_dagrun for example_python_operator to None, run_after=None
[2024-07-26T12:17:32.461+0000] {processor.py:183} INFO - Processing /home/airflow/.local/lib/python3.8/site-packages/airflow/example_dags/example_python_operator.py took 0.087 seconds
[2024-07-26T12:18:03.533+0000] {processor.py:161} INFO - Started process (PID=445) to work on /home/airflow/.local/lib/python3.8/site-packages/airflow/example_dags/example_python_operator.py
[2024-07-26T12:18:03.534+0000] {processor.py:830} INFO - Processing file /home/airflow/.local/lib/python3.8/site-packages/airflow/example_dags/example_python_operator.py for tasks to queue
[2024-07-26T12:18:03.536+0000] {logging_mixin.py:188} INFO - [2024-07-26T12:18:03.536+0000] {dagbag.py:538} INFO - Filling up the DagBag from /home/airflow/.local/lib/python3.8/site-packages/airflow/example_dags/example_python_operator.py
[2024-07-26T12:18:03.548+0000] {processor.py:840} INFO - DAG(s) 'example_python_operator' retrieved from /home/airflow/.local/lib/python3.8/site-packages/airflow/example_dags/example_python_operator.py
[2024-07-26T12:18:03.572+0000] {logging_mixin.py:188} INFO - [2024-07-26T12:18:03.572+0000] {dag.py:3036} INFO - Sync 1 DAGs
[2024-07-26T12:18:03.589+0000] {logging_mixin.py:188} INFO - [2024-07-26T12:18:03.589+0000] {dag.py:3823} INFO - Setting next_dagrun for example_python_operator to None, run_after=None
[2024-07-26T12:18:03.608+0000] {processor.py:183} INFO - Processing /home/airflow/.local/lib/python3.8/site-packages/airflow/example_dags/example_python_operator.py took 0.079 seconds
[2024-07-26T12:18:34.538+0000] {processor.py:161} INFO - Started process (PID=509) to work on /home/airflow/.local/lib/python3.8/site-packages/airflow/example_dags/example_python_operator.py
[2024-07-26T12:18:34.539+0000] {processor.py:830} INFO - Processing file /home/airflow/.local/lib/python3.8/site-packages/airflow/example_dags/example_python_operator.py for tasks to queue
[2024-07-26T12:18:34.541+0000] {logging_mixin.py:188} INFO - [2024-07-26T12:18:34.541+0000] {dagbag.py:538} INFO - Filling up the DagBag from /home/airflow/.local/lib/python3.8/site-packages/airflow/example_dags/example_python_operator.py
[2024-07-26T12:18:34.551+0000] {processor.py:840} INFO - DAG(s) 'example_python_operator' retrieved from /home/airflow/.local/lib/python3.8/site-packages/airflow/example_dags/example_python_operator.py
[2024-07-26T12:18:34.576+0000] {logging_mixin.py:188} INFO - [2024-07-26T12:18:34.576+0000] {dag.py:3036} INFO - Sync 1 DAGs
[2024-07-26T12:18:34.592+0000] {logging_mixin.py:188} INFO - [2024-07-26T12:18:34.591+0000] {dag.py:3823} INFO - Setting next_dagrun for example_python_operator to None, run_after=None
[2024-07-26T12:18:34.620+0000] {processor.py:183} INFO - Processing /home/airflow/.local/lib/python3.8/site-packages/airflow/example_dags/example_python_operator.py took 0.085 seconds
[2024-07-26T12:19:05.325+0000] {processor.py:161} INFO - Started process (PID=566) to work on /home/airflow/.local/lib/python3.8/site-packages/airflow/example_dags/example_python_operator.py
[2024-07-26T12:19:05.326+0000] {processor.py:830} INFO - Processing file /home/airflow/.local/lib/python3.8/site-packages/airflow/example_dags/example_python_operator.py for tasks to queue
[2024-07-26T12:19:05.328+0000] {logging_mixin.py:188} INFO - [2024-07-26T12:19:05.328+0000] {dagbag.py:538} INFO - Filling up the DagBag from /home/airflow/.local/lib/python3.8/site-packages/airflow/example_dags/example_python_operator.py
[2024-07-26T12:19:05.348+0000] {processor.py:840} INFO - DAG(s) 'example_python_operator' retrieved from /home/airflow/.local/lib/python3.8/site-packages/airflow/example_dags/example_python_operator.py
[2024-07-26T12:19:05.388+0000] {logging_mixin.py:188} INFO - [2024-07-26T12:19:05.388+0000] {dag.py:3036} INFO - Sync 1 DAGs
[2024-07-26T12:19:05.414+0000] {logging_mixin.py:188} INFO - [2024-07-26T12:19:05.413+0000] {dag.py:3823} INFO - Setting next_dagrun for example_python_operator to None, run_after=None
[2024-07-26T12:19:05.436+0000] {processor.py:183} INFO - Processing /home/airflow/.local/lib/python3.8/site-packages/airflow/example_dags/example_python_operator.py took 0.114 seconds
[2024-07-26T12:19:35.585+0000] {processor.py:161} INFO - Started process (PID=629) to work on /home/airflow/.local/lib/python3.8/site-packages/airflow/example_dags/example_python_operator.py
[2024-07-26T12:19:35.587+0000] {processor.py:830} INFO - Processing file /home/airflow/.local/lib/python3.8/site-packages/airflow/example_dags/example_python_operator.py for tasks to queue
[2024-07-26T12:19:35.589+0000] {logging_mixin.py:188} INFO - [2024-07-26T12:19:35.589+0000] {dagbag.py:538} INFO - Filling up the DagBag from /home/airflow/.local/lib/python3.8/site-packages/airflow/example_dags/example_python_operator.py
[2024-07-26T12:19:35.607+0000] {processor.py:840} INFO - DAG(s) 'example_python_operator' retrieved from /home/airflow/.local/lib/python3.8/site-packages/airflow/example_dags/example_python_operator.py
[2024-07-26T12:19:35.639+0000] {logging_mixin.py:188} INFO - [2024-07-26T12:19:35.638+0000] {dag.py:3036} INFO - Sync 1 DAGs
[2024-07-26T12:19:35.660+0000] {logging_mixin.py:188} INFO - [2024-07-26T12:19:35.660+0000] {dag.py:3823} INFO - Setting next_dagrun for example_python_operator to None, run_after=None
[2024-07-26T12:19:35.692+0000] {processor.py:183} INFO - Processing /home/airflow/.local/lib/python3.8/site-packages/airflow/example_dags/example_python_operator.py took 0.112 seconds
[2024-07-26T12:28:20.167+0000] {processor.py:161} INFO - Started process (PID=127) to work on /home/airflow/.local/lib/python3.8/site-packages/airflow/example_dags/example_python_operator.py
[2024-07-26T12:28:20.168+0000] {processor.py:830} INFO - Processing file /home/airflow/.local/lib/python3.8/site-packages/airflow/example_dags/example_python_operator.py for tasks to queue
[2024-07-26T12:28:20.170+0000] {logging_mixin.py:188} INFO - [2024-07-26T12:28:20.170+0000] {dagbag.py:538} INFO - Filling up the DagBag from /home/airflow/.local/lib/python3.8/site-packages/airflow/example_dags/example_python_operator.py
[2024-07-26T12:28:20.181+0000] {processor.py:840} INFO - DAG(s) 'example_python_operator' retrieved from /home/airflow/.local/lib/python3.8/site-packages/airflow/example_dags/example_python_operator.py
[2024-07-26T12:28:20.306+0000] {logging_mixin.py:188} INFO - [2024-07-26T12:28:20.306+0000] {dag.py:3036} INFO - Sync 1 DAGs
[2024-07-26T12:28:20.319+0000] {logging_mixin.py:188} INFO - [2024-07-26T12:28:20.318+0000] {dag.py:3823} INFO - Setting next_dagrun for example_python_operator to None, run_after=None
[2024-07-26T12:28:20.364+0000] {processor.py:183} INFO - Processing /home/airflow/.local/lib/python3.8/site-packages/airflow/example_dags/example_python_operator.py took 0.201 seconds
[2024-07-26T12:28:50.943+0000] {processor.py:161} INFO - Started process (PID=190) to work on /home/airflow/.local/lib/python3.8/site-packages/airflow/example_dags/example_python_operator.py
[2024-07-26T12:28:50.944+0000] {processor.py:830} INFO - Processing file /home/airflow/.local/lib/python3.8/site-packages/airflow/example_dags/example_python_operator.py for tasks to queue
[2024-07-26T12:28:50.946+0000] {logging_mixin.py:188} INFO - [2024-07-26T12:28:50.945+0000] {dagbag.py:538} INFO - Filling up the DagBag from /home/airflow/.local/lib/python3.8/site-packages/airflow/example_dags/example_python_operator.py
[2024-07-26T12:28:50.958+0000] {processor.py:840} INFO - DAG(s) 'example_python_operator' retrieved from /home/airflow/.local/lib/python3.8/site-packages/airflow/example_dags/example_python_operator.py
[2024-07-26T12:28:50.984+0000] {logging_mixin.py:188} INFO - [2024-07-26T12:28:50.984+0000] {dag.py:3036} INFO - Sync 1 DAGs
[2024-07-26T12:28:50.996+0000] {logging_mixin.py:188} INFO - [2024-07-26T12:28:50.996+0000] {dag.py:3823} INFO - Setting next_dagrun for example_python_operator to None, run_after=None
[2024-07-26T12:28:51.017+0000] {processor.py:183} INFO - Processing /home/airflow/.local/lib/python3.8/site-packages/airflow/example_dags/example_python_operator.py took 0.077 seconds
[2024-07-26T12:29:21.101+0000] {processor.py:161} INFO - Started process (PID=254) to work on /home/airflow/.local/lib/python3.8/site-packages/airflow/example_dags/example_python_operator.py
[2024-07-26T12:29:21.102+0000] {processor.py:830} INFO - Processing file /home/airflow/.local/lib/python3.8/site-packages/airflow/example_dags/example_python_operator.py for tasks to queue
[2024-07-26T12:29:21.105+0000] {logging_mixin.py:188} INFO - [2024-07-26T12:29:21.104+0000] {dagbag.py:538} INFO - Filling up the DagBag from /home/airflow/.local/lib/python3.8/site-packages/airflow/example_dags/example_python_operator.py
[2024-07-26T12:29:21.117+0000] {processor.py:840} INFO - DAG(s) 'example_python_operator' retrieved from /home/airflow/.local/lib/python3.8/site-packages/airflow/example_dags/example_python_operator.py
[2024-07-26T12:29:21.143+0000] {logging_mixin.py:188} INFO - [2024-07-26T12:29:21.143+0000] {dag.py:3036} INFO - Sync 1 DAGs
[2024-07-26T12:29:21.157+0000] {logging_mixin.py:188} INFO - [2024-07-26T12:29:21.157+0000] {dag.py:3823} INFO - Setting next_dagrun for example_python_operator to None, run_after=None
[2024-07-26T12:29:21.177+0000] {processor.py:183} INFO - Processing /home/airflow/.local/lib/python3.8/site-packages/airflow/example_dags/example_python_operator.py took 0.079 seconds
[2024-07-26T12:29:52.690+0000] {processor.py:161} INFO - Started process (PID=318) to work on /home/airflow/.local/lib/python3.8/site-packages/airflow/example_dags/example_python_operator.py
[2024-07-26T12:29:52.691+0000] {processor.py:830} INFO - Processing file /home/airflow/.local/lib/python3.8/site-packages/airflow/example_dags/example_python_operator.py for tasks to queue
[2024-07-26T12:29:52.693+0000] {logging_mixin.py:188} INFO - [2024-07-26T12:29:52.693+0000] {dagbag.py:538} INFO - Filling up the DagBag from /home/airflow/.local/lib/python3.8/site-packages/airflow/example_dags/example_python_operator.py
[2024-07-26T12:29:52.708+0000] {processor.py:840} INFO - DAG(s) 'example_python_operator' retrieved from /home/airflow/.local/lib/python3.8/site-packages/airflow/example_dags/example_python_operator.py
[2024-07-26T12:29:52.732+0000] {logging_mixin.py:188} INFO - [2024-07-26T12:29:52.732+0000] {dag.py:3036} INFO - Sync 1 DAGs
[2024-07-26T12:29:52.745+0000] {logging_mixin.py:188} INFO - [2024-07-26T12:29:52.745+0000] {dag.py:3823} INFO - Setting next_dagrun for example_python_operator to None, run_after=None
[2024-07-26T12:29:52.764+0000] {processor.py:183} INFO - Processing /home/airflow/.local/lib/python3.8/site-packages/airflow/example_dags/example_python_operator.py took 0.076 seconds
[2024-07-26T12:30:23.509+0000] {processor.py:161} INFO - Started process (PID=382) to work on /home/airflow/.local/lib/python3.8/site-packages/airflow/example_dags/example_python_operator.py
[2024-07-26T12:30:23.510+0000] {processor.py:830} INFO - Processing file /home/airflow/.local/lib/python3.8/site-packages/airflow/example_dags/example_python_operator.py for tasks to queue
[2024-07-26T12:30:23.512+0000] {logging_mixin.py:188} INFO - [2024-07-26T12:30:23.511+0000] {dagbag.py:538} INFO - Filling up the DagBag from /home/airflow/.local/lib/python3.8/site-packages/airflow/example_dags/example_python_operator.py
[2024-07-26T12:30:23.522+0000] {processor.py:840} INFO - DAG(s) 'example_python_operator' retrieved from /home/airflow/.local/lib/python3.8/site-packages/airflow/example_dags/example_python_operator.py
[2024-07-26T12:30:23.547+0000] {logging_mixin.py:188} INFO - [2024-07-26T12:30:23.547+0000] {dag.py:3036} INFO - Sync 1 DAGs
[2024-07-26T12:30:23.562+0000] {logging_mixin.py:188} INFO - [2024-07-26T12:30:23.562+0000] {dag.py:3823} INFO - Setting next_dagrun for example_python_operator to None, run_after=None
[2024-07-26T12:30:23.586+0000] {processor.py:183} INFO - Processing /home/airflow/.local/lib/python3.8/site-packages/airflow/example_dags/example_python_operator.py took 0.080 seconds
[2024-07-26T12:30:53.982+0000] {processor.py:161} INFO - Started process (PID=439) to work on /home/airflow/.local/lib/python3.8/site-packages/airflow/example_dags/example_python_operator.py
[2024-07-26T12:30:53.984+0000] {processor.py:830} INFO - Processing file /home/airflow/.local/lib/python3.8/site-packages/airflow/example_dags/example_python_operator.py for tasks to queue
[2024-07-26T12:30:53.986+0000] {logging_mixin.py:188} INFO - [2024-07-26T12:30:53.985+0000] {dagbag.py:538} INFO - Filling up the DagBag from /home/airflow/.local/lib/python3.8/site-packages/airflow/example_dags/example_python_operator.py
[2024-07-26T12:30:53.997+0000] {processor.py:840} INFO - DAG(s) 'example_python_operator' retrieved from /home/airflow/.local/lib/python3.8/site-packages/airflow/example_dags/example_python_operator.py
[2024-07-26T12:30:54.025+0000] {logging_mixin.py:188} INFO - [2024-07-26T12:30:54.025+0000] {dag.py:3036} INFO - Sync 1 DAGs
[2024-07-26T12:30:54.042+0000] {logging_mixin.py:188} INFO - [2024-07-26T12:30:54.041+0000] {dag.py:3823} INFO - Setting next_dagrun for example_python_operator to None, run_after=None
[2024-07-26T12:30:54.063+0000] {processor.py:183} INFO - Processing /home/airflow/.local/lib/python3.8/site-packages/airflow/example_dags/example_python_operator.py took 0.083 seconds
[2024-07-26T12:31:24.261+0000] {processor.py:161} INFO - Started process (PID=501) to work on /home/airflow/.local/lib/python3.8/site-packages/airflow/example_dags/example_python_operator.py
[2024-07-26T12:31:24.262+0000] {processor.py:830} INFO - Processing file /home/airflow/.local/lib/python3.8/site-packages/airflow/example_dags/example_python_operator.py for tasks to queue
[2024-07-26T12:31:24.265+0000] {logging_mixin.py:188} INFO - [2024-07-26T12:31:24.264+0000] {dagbag.py:538} INFO - Filling up the DagBag from /home/airflow/.local/lib/python3.8/site-packages/airflow/example_dags/example_python_operator.py
[2024-07-26T12:31:24.283+0000] {processor.py:840} INFO - DAG(s) 'example_python_operator' retrieved from /home/airflow/.local/lib/python3.8/site-packages/airflow/example_dags/example_python_operator.py
[2024-07-26T12:31:24.309+0000] {logging_mixin.py:188} INFO - [2024-07-26T12:31:24.309+0000] {dag.py:3036} INFO - Sync 1 DAGs
[2024-07-26T12:31:24.326+0000] {logging_mixin.py:188} INFO - [2024-07-26T12:31:24.326+0000] {dag.py:3823} INFO - Setting next_dagrun for example_python_operator to None, run_after=None
[2024-07-26T12:31:24.352+0000] {processor.py:183} INFO - Processing /home/airflow/.local/lib/python3.8/site-packages/airflow/example_dags/example_python_operator.py took 0.096 seconds
[2024-07-26T12:31:55.102+0000] {processor.py:161} INFO - Started process (PID=565) to work on /home/airflow/.local/lib/python3.8/site-packages/airflow/example_dags/example_python_operator.py
[2024-07-26T12:31:55.103+0000] {processor.py:830} INFO - Processing file /home/airflow/.local/lib/python3.8/site-packages/airflow/example_dags/example_python_operator.py for tasks to queue
[2024-07-26T12:31:55.107+0000] {logging_mixin.py:188} INFO - [2024-07-26T12:31:55.106+0000] {dagbag.py:538} INFO - Filling up the DagBag from /home/airflow/.local/lib/python3.8/site-packages/airflow/example_dags/example_python_operator.py
[2024-07-26T12:31:55.119+0000] {processor.py:840} INFO - DAG(s) 'example_python_operator' retrieved from /home/airflow/.local/lib/python3.8/site-packages/airflow/example_dags/example_python_operator.py
[2024-07-26T12:31:55.151+0000] {logging_mixin.py:188} INFO - [2024-07-26T12:31:55.150+0000] {dag.py:3036} INFO - Sync 1 DAGs
[2024-07-26T12:31:55.173+0000] {logging_mixin.py:188} INFO - [2024-07-26T12:31:55.172+0000] {dag.py:3823} INFO - Setting next_dagrun for example_python_operator to None, run_after=None
[2024-07-26T12:31:55.198+0000] {processor.py:183} INFO - Processing /home/airflow/.local/lib/python3.8/site-packages/airflow/example_dags/example_python_operator.py took 0.100 seconds
[2024-07-26T12:32:25.880+0000] {processor.py:161} INFO - Started process (PID=629) to work on /home/airflow/.local/lib/python3.8/site-packages/airflow/example_dags/example_python_operator.py
[2024-07-26T12:32:25.882+0000] {processor.py:830} INFO - Processing file /home/airflow/.local/lib/python3.8/site-packages/airflow/example_dags/example_python_operator.py for tasks to queue
[2024-07-26T12:32:25.884+0000] {logging_mixin.py:188} INFO - [2024-07-26T12:32:25.883+0000] {dagbag.py:538} INFO - Filling up the DagBag from /home/airflow/.local/lib/python3.8/site-packages/airflow/example_dags/example_python_operator.py
[2024-07-26T12:32:25.899+0000] {processor.py:840} INFO - DAG(s) 'example_python_operator' retrieved from /home/airflow/.local/lib/python3.8/site-packages/airflow/example_dags/example_python_operator.py
[2024-07-26T12:32:25.927+0000] {logging_mixin.py:188} INFO - [2024-07-26T12:32:25.926+0000] {dag.py:3036} INFO - Sync 1 DAGs
[2024-07-26T12:32:25.941+0000] {logging_mixin.py:188} INFO - [2024-07-26T12:32:25.941+0000] {dag.py:3823} INFO - Setting next_dagrun for example_python_operator to None, run_after=None
[2024-07-26T12:32:25.973+0000] {processor.py:183} INFO - Processing /home/airflow/.local/lib/python3.8/site-packages/airflow/example_dags/example_python_operator.py took 0.097 seconds
[2024-07-26T12:32:56.902+0000] {processor.py:161} INFO - Started process (PID=693) to work on /home/airflow/.local/lib/python3.8/site-packages/airflow/example_dags/example_python_operator.py
[2024-07-26T12:32:56.904+0000] {processor.py:830} INFO - Processing file /home/airflow/.local/lib/python3.8/site-packages/airflow/example_dags/example_python_operator.py for tasks to queue
[2024-07-26T12:32:56.908+0000] {logging_mixin.py:188} INFO - [2024-07-26T12:32:56.907+0000] {dagbag.py:538} INFO - Filling up the DagBag from /home/airflow/.local/lib/python3.8/site-packages/airflow/example_dags/example_python_operator.py
[2024-07-26T12:32:56.922+0000] {processor.py:840} INFO - DAG(s) 'example_python_operator' retrieved from /home/airflow/.local/lib/python3.8/site-packages/airflow/example_dags/example_python_operator.py
[2024-07-26T12:32:56.951+0000] {logging_mixin.py:188} INFO - [2024-07-26T12:32:56.950+0000] {dag.py:3036} INFO - Sync 1 DAGs
[2024-07-26T12:32:56.965+0000] {logging_mixin.py:188} INFO - [2024-07-26T12:32:56.965+0000] {dag.py:3823} INFO - Setting next_dagrun for example_python_operator to None, run_after=None
[2024-07-26T12:32:56.993+0000] {processor.py:183} INFO - Processing /home/airflow/.local/lib/python3.8/site-packages/airflow/example_dags/example_python_operator.py took 0.096 seconds
[2024-07-26T12:33:27.319+0000] {processor.py:161} INFO - Started process (PID=758) to work on /home/airflow/.local/lib/python3.8/site-packages/airflow/example_dags/example_python_operator.py
[2024-07-26T12:33:27.320+0000] {processor.py:830} INFO - Processing file /home/airflow/.local/lib/python3.8/site-packages/airflow/example_dags/example_python_operator.py for tasks to queue
[2024-07-26T12:33:27.323+0000] {logging_mixin.py:188} INFO - [2024-07-26T12:33:27.322+0000] {dagbag.py:538} INFO - Filling up the DagBag from /home/airflow/.local/lib/python3.8/site-packages/airflow/example_dags/example_python_operator.py
[2024-07-26T12:33:27.334+0000] {processor.py:840} INFO - DAG(s) 'example_python_operator' retrieved from /home/airflow/.local/lib/python3.8/site-packages/airflow/example_dags/example_python_operator.py
[2024-07-26T12:33:27.360+0000] {logging_mixin.py:188} INFO - [2024-07-26T12:33:27.359+0000] {dag.py:3036} INFO - Sync 1 DAGs
[2024-07-26T12:33:27.374+0000] {logging_mixin.py:188} INFO - [2024-07-26T12:33:27.374+0000] {dag.py:3823} INFO - Setting next_dagrun for example_python_operator to None, run_after=None
[2024-07-26T12:33:27.403+0000] {processor.py:183} INFO - Processing /home/airflow/.local/lib/python3.8/site-packages/airflow/example_dags/example_python_operator.py took 0.086 seconds
[2024-07-26T12:33:57.948+0000] {processor.py:161} INFO - Started process (PID=822) to work on /home/airflow/.local/lib/python3.8/site-packages/airflow/example_dags/example_python_operator.py
[2024-07-26T12:33:57.949+0000] {processor.py:830} INFO - Processing file /home/airflow/.local/lib/python3.8/site-packages/airflow/example_dags/example_python_operator.py for tasks to queue
[2024-07-26T12:33:57.952+0000] {logging_mixin.py:188} INFO - [2024-07-26T12:33:57.951+0000] {dagbag.py:538} INFO - Filling up the DagBag from /home/airflow/.local/lib/python3.8/site-packages/airflow/example_dags/example_python_operator.py
[2024-07-26T12:33:57.966+0000] {processor.py:840} INFO - DAG(s) 'example_python_operator' retrieved from /home/airflow/.local/lib/python3.8/site-packages/airflow/example_dags/example_python_operator.py
[2024-07-26T12:33:57.992+0000] {logging_mixin.py:188} INFO - [2024-07-26T12:33:57.992+0000] {dag.py:3036} INFO - Sync 1 DAGs
[2024-07-26T12:33:58.006+0000] {logging_mixin.py:188} INFO - [2024-07-26T12:33:58.006+0000] {dag.py:3823} INFO - Setting next_dagrun for example_python_operator to None, run_after=None
[2024-07-26T12:33:58.029+0000] {processor.py:183} INFO - Processing /home/airflow/.local/lib/python3.8/site-packages/airflow/example_dags/example_python_operator.py took 0.084 seconds
[2024-07-26T12:34:28.166+0000] {processor.py:161} INFO - Started process (PID=886) to work on /home/airflow/.local/lib/python3.8/site-packages/airflow/example_dags/example_python_operator.py
[2024-07-26T12:34:28.167+0000] {processor.py:830} INFO - Processing file /home/airflow/.local/lib/python3.8/site-packages/airflow/example_dags/example_python_operator.py for tasks to queue
[2024-07-26T12:34:28.170+0000] {logging_mixin.py:188} INFO - [2024-07-26T12:34:28.169+0000] {dagbag.py:538} INFO - Filling up the DagBag from /home/airflow/.local/lib/python3.8/site-packages/airflow/example_dags/example_python_operator.py
[2024-07-26T12:34:28.180+0000] {processor.py:840} INFO - DAG(s) 'example_python_operator' retrieved from /home/airflow/.local/lib/python3.8/site-packages/airflow/example_dags/example_python_operator.py
[2024-07-26T12:34:28.210+0000] {logging_mixin.py:188} INFO - [2024-07-26T12:34:28.210+0000] {dag.py:3036} INFO - Sync 1 DAGs
[2024-07-26T12:34:28.226+0000] {logging_mixin.py:188} INFO - [2024-07-26T12:34:28.226+0000] {dag.py:3823} INFO - Setting next_dagrun for example_python_operator to None, run_after=None
[2024-07-26T12:34:28.247+0000] {processor.py:183} INFO - Processing /home/airflow/.local/lib/python3.8/site-packages/airflow/example_dags/example_python_operator.py took 0.084 seconds
[2024-07-26T12:34:58.945+0000] {processor.py:161} INFO - Started process (PID=950) to work on /home/airflow/.local/lib/python3.8/site-packages/airflow/example_dags/example_python_operator.py
[2024-07-26T12:34:58.946+0000] {processor.py:830} INFO - Processing file /home/airflow/.local/lib/python3.8/site-packages/airflow/example_dags/example_python_operator.py for tasks to queue
[2024-07-26T12:34:58.948+0000] {logging_mixin.py:188} INFO - [2024-07-26T12:34:58.948+0000] {dagbag.py:538} INFO - Filling up the DagBag from /home/airflow/.local/lib/python3.8/site-packages/airflow/example_dags/example_python_operator.py
[2024-07-26T12:34:58.959+0000] {processor.py:840} INFO - DAG(s) 'example_python_operator' retrieved from /home/airflow/.local/lib/python3.8/site-packages/airflow/example_dags/example_python_operator.py
[2024-07-26T12:34:58.983+0000] {logging_mixin.py:188} INFO - [2024-07-26T12:34:58.983+0000] {dag.py:3036} INFO - Sync 1 DAGs
[2024-07-26T12:34:58.997+0000] {logging_mixin.py:188} INFO - [2024-07-26T12:34:58.996+0000] {dag.py:3823} INFO - Setting next_dagrun for example_python_operator to None, run_after=None
[2024-07-26T12:34:59.033+0000] {processor.py:183} INFO - Processing /home/airflow/.local/lib/python3.8/site-packages/airflow/example_dags/example_python_operator.py took 0.091 seconds
[2024-07-26T12:35:29.683+0000] {processor.py:161} INFO - Started process (PID=1014) to work on /home/airflow/.local/lib/python3.8/site-packages/airflow/example_dags/example_python_operator.py
[2024-07-26T12:35:29.684+0000] {processor.py:830} INFO - Processing file /home/airflow/.local/lib/python3.8/site-packages/airflow/example_dags/example_python_operator.py for tasks to queue
[2024-07-26T12:35:29.686+0000] {logging_mixin.py:188} INFO - [2024-07-26T12:35:29.686+0000] {dagbag.py:538} INFO - Filling up the DagBag from /home/airflow/.local/lib/python3.8/site-packages/airflow/example_dags/example_python_operator.py
[2024-07-26T12:35:29.699+0000] {processor.py:840} INFO - DAG(s) 'example_python_operator' retrieved from /home/airflow/.local/lib/python3.8/site-packages/airflow/example_dags/example_python_operator.py
[2024-07-26T12:35:29.725+0000] {logging_mixin.py:188} INFO - [2024-07-26T12:35:29.725+0000] {dag.py:3036} INFO - Sync 1 DAGs
[2024-07-26T12:35:29.740+0000] {logging_mixin.py:188} INFO - [2024-07-26T12:35:29.739+0000] {dag.py:3823} INFO - Setting next_dagrun for example_python_operator to None, run_after=None
[2024-07-26T12:35:29.767+0000] {processor.py:183} INFO - Processing /home/airflow/.local/lib/python3.8/site-packages/airflow/example_dags/example_python_operator.py took 0.087 seconds
[2024-07-26T12:35:59.959+0000] {processor.py:161} INFO - Started process (PID=1078) to work on /home/airflow/.local/lib/python3.8/site-packages/airflow/example_dags/example_python_operator.py
[2024-07-26T12:35:59.961+0000] {processor.py:830} INFO - Processing file /home/airflow/.local/lib/python3.8/site-packages/airflow/example_dags/example_python_operator.py for tasks to queue
[2024-07-26T12:35:59.964+0000] {logging_mixin.py:188} INFO - [2024-07-26T12:35:59.963+0000] {dagbag.py:538} INFO - Filling up the DagBag from /home/airflow/.local/lib/python3.8/site-packages/airflow/example_dags/example_python_operator.py
[2024-07-26T12:35:59.978+0000] {processor.py:840} INFO - DAG(s) 'example_python_operator' retrieved from /home/airflow/.local/lib/python3.8/site-packages/airflow/example_dags/example_python_operator.py
[2024-07-26T12:36:00.010+0000] {logging_mixin.py:188} INFO - [2024-07-26T12:36:00.009+0000] {dag.py:3036} INFO - Sync 1 DAGs
[2024-07-26T12:36:00.026+0000] {logging_mixin.py:188} INFO - [2024-07-26T12:36:00.026+0000] {dag.py:3823} INFO - Setting next_dagrun for example_python_operator to None, run_after=None
[2024-07-26T12:36:00.055+0000] {processor.py:183} INFO - Processing /home/airflow/.local/lib/python3.8/site-packages/airflow/example_dags/example_python_operator.py took 0.101 seconds
[2024-07-26T12:36:30.303+0000] {processor.py:161} INFO - Started process (PID=1142) to work on /home/airflow/.local/lib/python3.8/site-packages/airflow/example_dags/example_python_operator.py
[2024-07-26T12:36:30.304+0000] {processor.py:830} INFO - Processing file /home/airflow/.local/lib/python3.8/site-packages/airflow/example_dags/example_python_operator.py for tasks to queue
[2024-07-26T12:36:30.306+0000] {logging_mixin.py:188} INFO - [2024-07-26T12:36:30.306+0000] {dagbag.py:538} INFO - Filling up the DagBag from /home/airflow/.local/lib/python3.8/site-packages/airflow/example_dags/example_python_operator.py
[2024-07-26T12:36:30.318+0000] {processor.py:840} INFO - DAG(s) 'example_python_operator' retrieved from /home/airflow/.local/lib/python3.8/site-packages/airflow/example_dags/example_python_operator.py
[2024-07-26T12:36:30.343+0000] {logging_mixin.py:188} INFO - [2024-07-26T12:36:30.342+0000] {dag.py:3036} INFO - Sync 1 DAGs
[2024-07-26T12:36:30.356+0000] {logging_mixin.py:188} INFO - [2024-07-26T12:36:30.356+0000] {dag.py:3823} INFO - Setting next_dagrun for example_python_operator to None, run_after=None
[2024-07-26T12:36:30.379+0000] {processor.py:183} INFO - Processing /home/airflow/.local/lib/python3.8/site-packages/airflow/example_dags/example_python_operator.py took 0.079 seconds
[2024-07-26T12:37:00.765+0000] {processor.py:161} INFO - Started process (PID=1206) to work on /home/airflow/.local/lib/python3.8/site-packages/airflow/example_dags/example_python_operator.py
[2024-07-26T12:37:00.767+0000] {processor.py:830} INFO - Processing file /home/airflow/.local/lib/python3.8/site-packages/airflow/example_dags/example_python_operator.py for tasks to queue
[2024-07-26T12:37:00.769+0000] {logging_mixin.py:188} INFO - [2024-07-26T12:37:00.769+0000] {dagbag.py:538} INFO - Filling up the DagBag from /home/airflow/.local/lib/python3.8/site-packages/airflow/example_dags/example_python_operator.py
[2024-07-26T12:37:00.784+0000] {processor.py:840} INFO - DAG(s) 'example_python_operator' retrieved from /home/airflow/.local/lib/python3.8/site-packages/airflow/example_dags/example_python_operator.py
[2024-07-26T12:37:00.815+0000] {logging_mixin.py:188} INFO - [2024-07-26T12:37:00.814+0000] {dag.py:3036} INFO - Sync 1 DAGs
[2024-07-26T12:37:00.830+0000] {logging_mixin.py:188} INFO - [2024-07-26T12:37:00.830+0000] {dag.py:3823} INFO - Setting next_dagrun for example_python_operator to None, run_after=None
[2024-07-26T12:37:00.859+0000] {processor.py:183} INFO - Processing /home/airflow/.local/lib/python3.8/site-packages/airflow/example_dags/example_python_operator.py took 0.097 seconds
[2024-07-26T12:37:31.143+0000] {processor.py:161} INFO - Started process (PID=1270) to work on /home/airflow/.local/lib/python3.8/site-packages/airflow/example_dags/example_python_operator.py
[2024-07-26T12:37:31.144+0000] {processor.py:830} INFO - Processing file /home/airflow/.local/lib/python3.8/site-packages/airflow/example_dags/example_python_operator.py for tasks to queue
[2024-07-26T12:37:31.148+0000] {logging_mixin.py:188} INFO - [2024-07-26T12:37:31.147+0000] {dagbag.py:538} INFO - Filling up the DagBag from /home/airflow/.local/lib/python3.8/site-packages/airflow/example_dags/example_python_operator.py
[2024-07-26T12:37:31.162+0000] {processor.py:840} INFO - DAG(s) 'example_python_operator' retrieved from /home/airflow/.local/lib/python3.8/site-packages/airflow/example_dags/example_python_operator.py
[2024-07-26T12:37:31.194+0000] {logging_mixin.py:188} INFO - [2024-07-26T12:37:31.194+0000] {dag.py:3036} INFO - Sync 1 DAGs
[2024-07-26T12:37:31.211+0000] {logging_mixin.py:188} INFO - [2024-07-26T12:37:31.211+0000] {dag.py:3823} INFO - Setting next_dagrun for example_python_operator to None, run_after=None
[2024-07-26T12:37:31.235+0000] {processor.py:183} INFO - Processing /home/airflow/.local/lib/python3.8/site-packages/airflow/example_dags/example_python_operator.py took 0.096 seconds
[2024-07-26T12:38:53.249+0000] {processor.py:161} INFO - Started process (PID=115) to work on /home/airflow/.local/lib/python3.8/site-packages/airflow/example_dags/example_python_operator.py
[2024-07-26T12:38:53.251+0000] {processor.py:830} INFO - Processing file /home/airflow/.local/lib/python3.8/site-packages/airflow/example_dags/example_python_operator.py for tasks to queue
[2024-07-26T12:38:53.254+0000] {logging_mixin.py:188} INFO - [2024-07-26T12:38:53.254+0000] {dagbag.py:538} INFO - Filling up the DagBag from /home/airflow/.local/lib/python3.8/site-packages/airflow/example_dags/example_python_operator.py
[2024-07-26T12:38:53.270+0000] {processor.py:840} INFO - DAG(s) 'example_python_operator' retrieved from /home/airflow/.local/lib/python3.8/site-packages/airflow/example_dags/example_python_operator.py
[2024-07-26T12:38:53.285+0000] {logging_mixin.py:188} INFO - [2024-07-26T12:38:53.285+0000] {dag.py:3036} INFO - Sync 1 DAGs
[2024-07-26T12:38:53.303+0000] {logging_mixin.py:188} INFO - [2024-07-26T12:38:53.302+0000] {dag.py:3823} INFO - Setting next_dagrun for example_python_operator to None, run_after=None
[2024-07-26T12:38:53.325+0000] {processor.py:183} INFO - Processing /home/airflow/.local/lib/python3.8/site-packages/airflow/example_dags/example_python_operator.py took 0.079 seconds
[2024-07-26T12:39:25.912+0000] {processor.py:161} INFO - Started process (PID=179) to work on /home/airflow/.local/lib/python3.8/site-packages/airflow/example_dags/example_python_operator.py
[2024-07-26T12:39:25.914+0000] {processor.py:830} INFO - Processing file /home/airflow/.local/lib/python3.8/site-packages/airflow/example_dags/example_python_operator.py for tasks to queue
[2024-07-26T12:39:25.916+0000] {logging_mixin.py:188} INFO - [2024-07-26T12:39:25.916+0000] {dagbag.py:538} INFO - Filling up the DagBag from /home/airflow/.local/lib/python3.8/site-packages/airflow/example_dags/example_python_operator.py
[2024-07-26T12:39:25.931+0000] {processor.py:840} INFO - DAG(s) 'example_python_operator' retrieved from /home/airflow/.local/lib/python3.8/site-packages/airflow/example_dags/example_python_operator.py
[2024-07-26T12:39:26.077+0000] {logging_mixin.py:188} INFO - [2024-07-26T12:39:26.077+0000] {dag.py:3036} INFO - Sync 1 DAGs
[2024-07-26T12:39:26.108+0000] {logging_mixin.py:188} INFO - [2024-07-26T12:39:26.108+0000] {dag.py:3823} INFO - Setting next_dagrun for example_python_operator to None, run_after=None
[2024-07-26T12:39:26.137+0000] {processor.py:183} INFO - Processing /home/airflow/.local/lib/python3.8/site-packages/airflow/example_dags/example_python_operator.py took 0.228 seconds
[2024-07-26T12:43:20.584+0000] {processor.py:161} INFO - Started process (PID=126) to work on /home/airflow/.local/lib/python3.8/site-packages/airflow/example_dags/example_python_operator.py
[2024-07-26T12:43:20.586+0000] {processor.py:830} INFO - Processing file /home/airflow/.local/lib/python3.8/site-packages/airflow/example_dags/example_python_operator.py for tasks to queue
[2024-07-26T12:43:20.588+0000] {logging_mixin.py:188} INFO - [2024-07-26T12:43:20.587+0000] {dagbag.py:538} INFO - Filling up the DagBag from /home/airflow/.local/lib/python3.8/site-packages/airflow/example_dags/example_python_operator.py
[2024-07-26T12:43:20.603+0000] {processor.py:840} INFO - DAG(s) 'example_python_operator' retrieved from /home/airflow/.local/lib/python3.8/site-packages/airflow/example_dags/example_python_operator.py
[2024-07-26T12:43:20.753+0000] {logging_mixin.py:188} INFO - [2024-07-26T12:43:20.752+0000] {dag.py:3036} INFO - Sync 1 DAGs
[2024-07-26T12:43:20.766+0000] {logging_mixin.py:188} INFO - [2024-07-26T12:43:20.766+0000] {dag.py:3823} INFO - Setting next_dagrun for example_python_operator to None, run_after=None
[2024-07-26T12:43:20.799+0000] {processor.py:183} INFO - Processing /home/airflow/.local/lib/python3.8/site-packages/airflow/example_dags/example_python_operator.py took 0.218 seconds
[2024-07-26T12:43:50.860+0000] {processor.py:161} INFO - Started process (PID=190) to work on /home/airflow/.local/lib/python3.8/site-packages/airflow/example_dags/example_python_operator.py
[2024-07-26T12:43:50.861+0000] {processor.py:830} INFO - Processing file /home/airflow/.local/lib/python3.8/site-packages/airflow/example_dags/example_python_operator.py for tasks to queue
[2024-07-26T12:43:50.864+0000] {logging_mixin.py:188} INFO - [2024-07-26T12:43:50.864+0000] {dagbag.py:538} INFO - Filling up the DagBag from /home/airflow/.local/lib/python3.8/site-packages/airflow/example_dags/example_python_operator.py
[2024-07-26T12:43:50.877+0000] {processor.py:840} INFO - DAG(s) 'example_python_operator' retrieved from /home/airflow/.local/lib/python3.8/site-packages/airflow/example_dags/example_python_operator.py
[2024-07-26T12:43:50.900+0000] {logging_mixin.py:188} INFO - [2024-07-26T12:43:50.900+0000] {dag.py:3036} INFO - Sync 1 DAGs
[2024-07-26T12:43:50.924+0000] {logging_mixin.py:188} INFO - [2024-07-26T12:43:50.924+0000] {dag.py:3823} INFO - Setting next_dagrun for example_python_operator to None, run_after=None
[2024-07-26T12:43:50.945+0000] {processor.py:183} INFO - Processing /home/airflow/.local/lib/python3.8/site-packages/airflow/example_dags/example_python_operator.py took 0.088 seconds
[2024-07-26T12:44:21.082+0000] {processor.py:161} INFO - Started process (PID=253) to work on /home/airflow/.local/lib/python3.8/site-packages/airflow/example_dags/example_python_operator.py
[2024-07-26T12:44:21.083+0000] {processor.py:830} INFO - Processing file /home/airflow/.local/lib/python3.8/site-packages/airflow/example_dags/example_python_operator.py for tasks to queue
[2024-07-26T12:44:21.085+0000] {logging_mixin.py:188} INFO - [2024-07-26T12:44:21.085+0000] {dagbag.py:538} INFO - Filling up the DagBag from /home/airflow/.local/lib/python3.8/site-packages/airflow/example_dags/example_python_operator.py
[2024-07-26T12:44:21.104+0000] {processor.py:840} INFO - DAG(s) 'example_python_operator' retrieved from /home/airflow/.local/lib/python3.8/site-packages/airflow/example_dags/example_python_operator.py
[2024-07-26T12:44:21.136+0000] {logging_mixin.py:188} INFO - [2024-07-26T12:44:21.136+0000] {dag.py:3036} INFO - Sync 1 DAGs
[2024-07-26T12:44:21.151+0000] {logging_mixin.py:188} INFO - [2024-07-26T12:44:21.151+0000] {dag.py:3823} INFO - Setting next_dagrun for example_python_operator to None, run_after=None
[2024-07-26T12:44:21.172+0000] {processor.py:183} INFO - Processing /home/airflow/.local/lib/python3.8/site-packages/airflow/example_dags/example_python_operator.py took 0.093 seconds
[2024-07-26T12:49:48.027+0000] {processor.py:161} INFO - Started process (PID=120) to work on /home/airflow/.local/lib/python3.8/site-packages/airflow/example_dags/example_python_operator.py
[2024-07-26T12:49:48.028+0000] {processor.py:830} INFO - Processing file /home/airflow/.local/lib/python3.8/site-packages/airflow/example_dags/example_python_operator.py for tasks to queue
[2024-07-26T12:49:48.030+0000] {logging_mixin.py:188} INFO - [2024-07-26T12:49:48.030+0000] {dagbag.py:538} INFO - Filling up the DagBag from /home/airflow/.local/lib/python3.8/site-packages/airflow/example_dags/example_python_operator.py
[2024-07-26T12:49:48.043+0000] {processor.py:840} INFO - DAG(s) 'example_python_operator' retrieved from /home/airflow/.local/lib/python3.8/site-packages/airflow/example_dags/example_python_operator.py
[2024-07-26T12:49:48.178+0000] {logging_mixin.py:188} INFO - [2024-07-26T12:49:48.177+0000] {dag.py:3036} INFO - Sync 1 DAGs
[2024-07-26T12:49:48.192+0000] {logging_mixin.py:188} INFO - [2024-07-26T12:49:48.192+0000] {dag.py:3823} INFO - Setting next_dagrun for example_python_operator to None, run_after=None
[2024-07-26T12:49:48.218+0000] {processor.py:183} INFO - Processing /home/airflow/.local/lib/python3.8/site-packages/airflow/example_dags/example_python_operator.py took 0.194 seconds
[2024-07-26T12:50:18.342+0000] {processor.py:161} INFO - Started process (PID=184) to work on /home/airflow/.local/lib/python3.8/site-packages/airflow/example_dags/example_python_operator.py
[2024-07-26T12:50:18.343+0000] {processor.py:830} INFO - Processing file /home/airflow/.local/lib/python3.8/site-packages/airflow/example_dags/example_python_operator.py for tasks to queue
[2024-07-26T12:50:18.346+0000] {logging_mixin.py:188} INFO - [2024-07-26T12:50:18.345+0000] {dagbag.py:538} INFO - Filling up the DagBag from /home/airflow/.local/lib/python3.8/site-packages/airflow/example_dags/example_python_operator.py
[2024-07-26T12:50:18.356+0000] {processor.py:840} INFO - DAG(s) 'example_python_operator' retrieved from /home/airflow/.local/lib/python3.8/site-packages/airflow/example_dags/example_python_operator.py
[2024-07-26T12:50:18.385+0000] {logging_mixin.py:188} INFO - [2024-07-26T12:50:18.384+0000] {dag.py:3036} INFO - Sync 1 DAGs
[2024-07-26T12:50:18.400+0000] {logging_mixin.py:188} INFO - [2024-07-26T12:50:18.399+0000] {dag.py:3823} INFO - Setting next_dagrun for example_python_operator to None, run_after=None
[2024-07-26T12:50:18.423+0000] {processor.py:183} INFO - Processing /home/airflow/.local/lib/python3.8/site-packages/airflow/example_dags/example_python_operator.py took 0.085 seconds
[2024-07-26T12:50:49.209+0000] {processor.py:161} INFO - Started process (PID=248) to work on /home/airflow/.local/lib/python3.8/site-packages/airflow/example_dags/example_python_operator.py
[2024-07-26T12:50:49.210+0000] {processor.py:830} INFO - Processing file /home/airflow/.local/lib/python3.8/site-packages/airflow/example_dags/example_python_operator.py for tasks to queue
[2024-07-26T12:50:49.213+0000] {logging_mixin.py:188} INFO - [2024-07-26T12:50:49.212+0000] {dagbag.py:538} INFO - Filling up the DagBag from /home/airflow/.local/lib/python3.8/site-packages/airflow/example_dags/example_python_operator.py
[2024-07-26T12:50:49.227+0000] {processor.py:840} INFO - DAG(s) 'example_python_operator' retrieved from /home/airflow/.local/lib/python3.8/site-packages/airflow/example_dags/example_python_operator.py
[2024-07-26T12:50:49.254+0000] {logging_mixin.py:188} INFO - [2024-07-26T12:50:49.253+0000] {dag.py:3036} INFO - Sync 1 DAGs
[2024-07-26T12:50:49.279+0000] {logging_mixin.py:188} INFO - [2024-07-26T12:50:49.278+0000] {dag.py:3823} INFO - Setting next_dagrun for example_python_operator to None, run_after=None
[2024-07-26T12:50:49.304+0000] {processor.py:183} INFO - Processing /home/airflow/.local/lib/python3.8/site-packages/airflow/example_dags/example_python_operator.py took 0.098 seconds
[2024-07-26T12:51:20.340+0000] {processor.py:161} INFO - Started process (PID=312) to work on /home/airflow/.local/lib/python3.8/site-packages/airflow/example_dags/example_python_operator.py
[2024-07-26T12:51:20.340+0000] {processor.py:830} INFO - Processing file /home/airflow/.local/lib/python3.8/site-packages/airflow/example_dags/example_python_operator.py for tasks to queue
[2024-07-26T12:51:20.342+0000] {logging_mixin.py:188} INFO - [2024-07-26T12:51:20.342+0000] {dagbag.py:538} INFO - Filling up the DagBag from /home/airflow/.local/lib/python3.8/site-packages/airflow/example_dags/example_python_operator.py
[2024-07-26T12:51:20.354+0000] {processor.py:840} INFO - DAG(s) 'example_python_operator' retrieved from /home/airflow/.local/lib/python3.8/site-packages/airflow/example_dags/example_python_operator.py
[2024-07-26T12:51:20.376+0000] {logging_mixin.py:188} INFO - [2024-07-26T12:51:20.376+0000] {dag.py:3036} INFO - Sync 1 DAGs
[2024-07-26T12:51:20.390+0000] {logging_mixin.py:188} INFO - [2024-07-26T12:51:20.390+0000] {dag.py:3823} INFO - Setting next_dagrun for example_python_operator to None, run_after=None
[2024-07-26T12:51:20.410+0000] {processor.py:183} INFO - Processing /home/airflow/.local/lib/python3.8/site-packages/airflow/example_dags/example_python_operator.py took 0.073 seconds
[2024-07-26T12:51:50.920+0000] {processor.py:161} INFO - Started process (PID=376) to work on /home/airflow/.local/lib/python3.8/site-packages/airflow/example_dags/example_python_operator.py
[2024-07-26T12:51:50.927+0000] {processor.py:830} INFO - Processing file /home/airflow/.local/lib/python3.8/site-packages/airflow/example_dags/example_python_operator.py for tasks to queue
[2024-07-26T12:51:50.931+0000] {logging_mixin.py:188} INFO - [2024-07-26T12:51:50.931+0000] {dagbag.py:538} INFO - Filling up the DagBag from /home/airflow/.local/lib/python3.8/site-packages/airflow/example_dags/example_python_operator.py
[2024-07-26T12:51:50.950+0000] {processor.py:840} INFO - DAG(s) 'example_python_operator' retrieved from /home/airflow/.local/lib/python3.8/site-packages/airflow/example_dags/example_python_operator.py
[2024-07-26T12:51:50.980+0000] {logging_mixin.py:188} INFO - [2024-07-26T12:51:50.979+0000] {dag.py:3036} INFO - Sync 1 DAGs
[2024-07-26T12:51:50.993+0000] {logging_mixin.py:188} INFO - [2024-07-26T12:51:50.992+0000] {dag.py:3823} INFO - Setting next_dagrun for example_python_operator to None, run_after=None
[2024-07-26T12:51:51.013+0000] {processor.py:183} INFO - Processing /home/airflow/.local/lib/python3.8/site-packages/airflow/example_dags/example_python_operator.py took 0.101 seconds
[2024-07-26T12:52:21.114+0000] {processor.py:161} INFO - Started process (PID=431) to work on /home/airflow/.local/lib/python3.8/site-packages/airflow/example_dags/example_python_operator.py
[2024-07-26T12:52:21.115+0000] {processor.py:830} INFO - Processing file /home/airflow/.local/lib/python3.8/site-packages/airflow/example_dags/example_python_operator.py for tasks to queue
[2024-07-26T12:52:21.118+0000] {logging_mixin.py:188} INFO - [2024-07-26T12:52:21.117+0000] {dagbag.py:538} INFO - Filling up the DagBag from /home/airflow/.local/lib/python3.8/site-packages/airflow/example_dags/example_python_operator.py
[2024-07-26T12:52:21.130+0000] {processor.py:840} INFO - DAG(s) 'example_python_operator' retrieved from /home/airflow/.local/lib/python3.8/site-packages/airflow/example_dags/example_python_operator.py
[2024-07-26T12:52:21.156+0000] {logging_mixin.py:188} INFO - [2024-07-26T12:52:21.155+0000] {dag.py:3036} INFO - Sync 1 DAGs
[2024-07-26T12:52:21.172+0000] {logging_mixin.py:188} INFO - [2024-07-26T12:52:21.172+0000] {dag.py:3823} INFO - Setting next_dagrun for example_python_operator to None, run_after=None
[2024-07-26T12:52:21.194+0000] {processor.py:183} INFO - Processing /home/airflow/.local/lib/python3.8/site-packages/airflow/example_dags/example_python_operator.py took 0.084 seconds
[2024-07-26T12:52:51.624+0000] {processor.py:161} INFO - Started process (PID=495) to work on /home/airflow/.local/lib/python3.8/site-packages/airflow/example_dags/example_python_operator.py
[2024-07-26T12:52:51.625+0000] {processor.py:830} INFO - Processing file /home/airflow/.local/lib/python3.8/site-packages/airflow/example_dags/example_python_operator.py for tasks to queue
[2024-07-26T12:52:51.627+0000] {logging_mixin.py:188} INFO - [2024-07-26T12:52:51.627+0000] {dagbag.py:538} INFO - Filling up the DagBag from /home/airflow/.local/lib/python3.8/site-packages/airflow/example_dags/example_python_operator.py
[2024-07-26T12:52:51.638+0000] {processor.py:840} INFO - DAG(s) 'example_python_operator' retrieved from /home/airflow/.local/lib/python3.8/site-packages/airflow/example_dags/example_python_operator.py
[2024-07-26T12:52:51.664+0000] {logging_mixin.py:188} INFO - [2024-07-26T12:52:51.663+0000] {dag.py:3036} INFO - Sync 1 DAGs
[2024-07-26T12:52:51.677+0000] {logging_mixin.py:188} INFO - [2024-07-26T12:52:51.676+0000] {dag.py:3823} INFO - Setting next_dagrun for example_python_operator to None, run_after=None
[2024-07-26T12:52:51.696+0000] {processor.py:183} INFO - Processing /home/airflow/.local/lib/python3.8/site-packages/airflow/example_dags/example_python_operator.py took 0.076 seconds
[2024-07-26T12:53:22.122+0000] {processor.py:161} INFO - Started process (PID=559) to work on /home/airflow/.local/lib/python3.8/site-packages/airflow/example_dags/example_python_operator.py
[2024-07-26T12:53:22.123+0000] {processor.py:830} INFO - Processing file /home/airflow/.local/lib/python3.8/site-packages/airflow/example_dags/example_python_operator.py for tasks to queue
[2024-07-26T12:53:22.125+0000] {logging_mixin.py:188} INFO - [2024-07-26T12:53:22.125+0000] {dagbag.py:538} INFO - Filling up the DagBag from /home/airflow/.local/lib/python3.8/site-packages/airflow/example_dags/example_python_operator.py
[2024-07-26T12:53:22.137+0000] {processor.py:840} INFO - DAG(s) 'example_python_operator' retrieved from /home/airflow/.local/lib/python3.8/site-packages/airflow/example_dags/example_python_operator.py
[2024-07-26T12:53:22.162+0000] {logging_mixin.py:188} INFO - [2024-07-26T12:53:22.161+0000] {dag.py:3036} INFO - Sync 1 DAGs
[2024-07-26T12:53:22.175+0000] {logging_mixin.py:188} INFO - [2024-07-26T12:53:22.174+0000] {dag.py:3823} INFO - Setting next_dagrun for example_python_operator to None, run_after=None
[2024-07-26T12:53:22.197+0000] {processor.py:183} INFO - Processing /home/airflow/.local/lib/python3.8/site-packages/airflow/example_dags/example_python_operator.py took 0.078 seconds
[2024-07-26T12:53:52.504+0000] {processor.py:161} INFO - Started process (PID=623) to work on /home/airflow/.local/lib/python3.8/site-packages/airflow/example_dags/example_python_operator.py
[2024-07-26T12:53:52.506+0000] {processor.py:830} INFO - Processing file /home/airflow/.local/lib/python3.8/site-packages/airflow/example_dags/example_python_operator.py for tasks to queue
[2024-07-26T12:53:52.508+0000] {logging_mixin.py:188} INFO - [2024-07-26T12:53:52.507+0000] {dagbag.py:538} INFO - Filling up the DagBag from /home/airflow/.local/lib/python3.8/site-packages/airflow/example_dags/example_python_operator.py
[2024-07-26T12:53:52.521+0000] {processor.py:840} INFO - DAG(s) 'example_python_operator' retrieved from /home/airflow/.local/lib/python3.8/site-packages/airflow/example_dags/example_python_operator.py
[2024-07-26T12:53:52.547+0000] {logging_mixin.py:188} INFO - [2024-07-26T12:53:52.546+0000] {dag.py:3036} INFO - Sync 1 DAGs
[2024-07-26T12:53:52.566+0000] {logging_mixin.py:188} INFO - [2024-07-26T12:53:52.565+0000] {dag.py:3823} INFO - Setting next_dagrun for example_python_operator to None, run_after=None
[2024-07-26T12:53:52.592+0000] {processor.py:183} INFO - Processing /home/airflow/.local/lib/python3.8/site-packages/airflow/example_dags/example_python_operator.py took 0.091 seconds
[2024-07-26T12:54:23.014+0000] {processor.py:161} INFO - Started process (PID=687) to work on /home/airflow/.local/lib/python3.8/site-packages/airflow/example_dags/example_python_operator.py
[2024-07-26T12:54:23.015+0000] {processor.py:830} INFO - Processing file /home/airflow/.local/lib/python3.8/site-packages/airflow/example_dags/example_python_operator.py for tasks to queue
[2024-07-26T12:54:23.018+0000] {logging_mixin.py:188} INFO - [2024-07-26T12:54:23.018+0000] {dagbag.py:538} INFO - Filling up the DagBag from /home/airflow/.local/lib/python3.8/site-packages/airflow/example_dags/example_python_operator.py
[2024-07-26T12:54:23.033+0000] {processor.py:840} INFO - DAG(s) 'example_python_operator' retrieved from /home/airflow/.local/lib/python3.8/site-packages/airflow/example_dags/example_python_operator.py
[2024-07-26T12:54:23.069+0000] {logging_mixin.py:188} INFO - [2024-07-26T12:54:23.069+0000] {dag.py:3036} INFO - Sync 1 DAGs
[2024-07-26T12:54:23.088+0000] {logging_mixin.py:188} INFO - [2024-07-26T12:54:23.088+0000] {dag.py:3823} INFO - Setting next_dagrun for example_python_operator to None, run_after=None
[2024-07-26T12:54:23.118+0000] {processor.py:183} INFO - Processing /home/airflow/.local/lib/python3.8/site-packages/airflow/example_dags/example_python_operator.py took 0.109 seconds
[2024-07-26T12:54:53.194+0000] {processor.py:161} INFO - Started process (PID=751) to work on /home/airflow/.local/lib/python3.8/site-packages/airflow/example_dags/example_python_operator.py
[2024-07-26T12:54:53.195+0000] {processor.py:830} INFO - Processing file /home/airflow/.local/lib/python3.8/site-packages/airflow/example_dags/example_python_operator.py for tasks to queue
[2024-07-26T12:54:53.198+0000] {logging_mixin.py:188} INFO - [2024-07-26T12:54:53.198+0000] {dagbag.py:538} INFO - Filling up the DagBag from /home/airflow/.local/lib/python3.8/site-packages/airflow/example_dags/example_python_operator.py
[2024-07-26T12:54:53.212+0000] {processor.py:840} INFO - DAG(s) 'example_python_operator' retrieved from /home/airflow/.local/lib/python3.8/site-packages/airflow/example_dags/example_python_operator.py
[2024-07-26T12:54:53.239+0000] {logging_mixin.py:188} INFO - [2024-07-26T12:54:53.238+0000] {dag.py:3036} INFO - Sync 1 DAGs
[2024-07-26T12:54:53.257+0000] {logging_mixin.py:188} INFO - [2024-07-26T12:54:53.257+0000] {dag.py:3823} INFO - Setting next_dagrun for example_python_operator to None, run_after=None
[2024-07-26T12:54:53.288+0000] {processor.py:183} INFO - Processing /home/airflow/.local/lib/python3.8/site-packages/airflow/example_dags/example_python_operator.py took 0.097 seconds
[2024-07-26T12:55:23.915+0000] {processor.py:161} INFO - Started process (PID=815) to work on /home/airflow/.local/lib/python3.8/site-packages/airflow/example_dags/example_python_operator.py
[2024-07-26T12:55:23.916+0000] {processor.py:830} INFO - Processing file /home/airflow/.local/lib/python3.8/site-packages/airflow/example_dags/example_python_operator.py for tasks to queue
[2024-07-26T12:55:23.918+0000] {logging_mixin.py:188} INFO - [2024-07-26T12:55:23.917+0000] {dagbag.py:538} INFO - Filling up the DagBag from /home/airflow/.local/lib/python3.8/site-packages/airflow/example_dags/example_python_operator.py
[2024-07-26T12:55:23.933+0000] {processor.py:840} INFO - DAG(s) 'example_python_operator' retrieved from /home/airflow/.local/lib/python3.8/site-packages/airflow/example_dags/example_python_operator.py
[2024-07-26T12:55:23.960+0000] {logging_mixin.py:188} INFO - [2024-07-26T12:55:23.959+0000] {dag.py:3036} INFO - Sync 1 DAGs
[2024-07-26T12:55:23.976+0000] {logging_mixin.py:188} INFO - [2024-07-26T12:55:23.976+0000] {dag.py:3823} INFO - Setting next_dagrun for example_python_operator to None, run_after=None
[2024-07-26T12:55:24.001+0000] {processor.py:183} INFO - Processing /home/airflow/.local/lib/python3.8/site-packages/airflow/example_dags/example_python_operator.py took 0.091 seconds
[2024-07-26T12:55:54.759+0000] {processor.py:161} INFO - Started process (PID=879) to work on /home/airflow/.local/lib/python3.8/site-packages/airflow/example_dags/example_python_operator.py
[2024-07-26T12:55:54.760+0000] {processor.py:830} INFO - Processing file /home/airflow/.local/lib/python3.8/site-packages/airflow/example_dags/example_python_operator.py for tasks to queue
[2024-07-26T12:55:54.762+0000] {logging_mixin.py:188} INFO - [2024-07-26T12:55:54.762+0000] {dagbag.py:538} INFO - Filling up the DagBag from /home/airflow/.local/lib/python3.8/site-packages/airflow/example_dags/example_python_operator.py
[2024-07-26T12:55:54.775+0000] {processor.py:840} INFO - DAG(s) 'example_python_operator' retrieved from /home/airflow/.local/lib/python3.8/site-packages/airflow/example_dags/example_python_operator.py
[2024-07-26T12:55:54.803+0000] {logging_mixin.py:188} INFO - [2024-07-26T12:55:54.803+0000] {dag.py:3036} INFO - Sync 1 DAGs
[2024-07-26T12:55:54.816+0000] {logging_mixin.py:188} INFO - [2024-07-26T12:55:54.816+0000] {dag.py:3823} INFO - Setting next_dagrun for example_python_operator to None, run_after=None
[2024-07-26T12:55:54.837+0000] {processor.py:183} INFO - Processing /home/airflow/.local/lib/python3.8/site-packages/airflow/example_dags/example_python_operator.py took 0.081 seconds
[2024-07-26T12:56:25.493+0000] {processor.py:161} INFO - Started process (PID=943) to work on /home/airflow/.local/lib/python3.8/site-packages/airflow/example_dags/example_python_operator.py
[2024-07-26T12:56:25.494+0000] {processor.py:830} INFO - Processing file /home/airflow/.local/lib/python3.8/site-packages/airflow/example_dags/example_python_operator.py for tasks to queue
[2024-07-26T12:56:25.496+0000] {logging_mixin.py:188} INFO - [2024-07-26T12:56:25.496+0000] {dagbag.py:538} INFO - Filling up the DagBag from /home/airflow/.local/lib/python3.8/site-packages/airflow/example_dags/example_python_operator.py
[2024-07-26T12:56:25.509+0000] {processor.py:840} INFO - DAG(s) 'example_python_operator' retrieved from /home/airflow/.local/lib/python3.8/site-packages/airflow/example_dags/example_python_operator.py
[2024-07-26T12:56:25.541+0000] {logging_mixin.py:188} INFO - [2024-07-26T12:56:25.541+0000] {dag.py:3036} INFO - Sync 1 DAGs
[2024-07-26T12:56:25.559+0000] {logging_mixin.py:188} INFO - [2024-07-26T12:56:25.558+0000] {dag.py:3823} INFO - Setting next_dagrun for example_python_operator to None, run_after=None
[2024-07-26T12:56:25.580+0000] {processor.py:183} INFO - Processing /home/airflow/.local/lib/python3.8/site-packages/airflow/example_dags/example_python_operator.py took 0.091 seconds
[2024-07-26T12:56:56.063+0000] {processor.py:161} INFO - Started process (PID=1007) to work on /home/airflow/.local/lib/python3.8/site-packages/airflow/example_dags/example_python_operator.py
[2024-07-26T12:56:56.064+0000] {processor.py:830} INFO - Processing file /home/airflow/.local/lib/python3.8/site-packages/airflow/example_dags/example_python_operator.py for tasks to queue
[2024-07-26T12:56:56.066+0000] {logging_mixin.py:188} INFO - [2024-07-26T12:56:56.066+0000] {dagbag.py:538} INFO - Filling up the DagBag from /home/airflow/.local/lib/python3.8/site-packages/airflow/example_dags/example_python_operator.py
[2024-07-26T12:56:56.078+0000] {processor.py:840} INFO - DAG(s) 'example_python_operator' retrieved from /home/airflow/.local/lib/python3.8/site-packages/airflow/example_dags/example_python_operator.py
[2024-07-26T12:56:56.102+0000] {logging_mixin.py:188} INFO - [2024-07-26T12:56:56.102+0000] {dag.py:3036} INFO - Sync 1 DAGs
[2024-07-26T12:56:56.119+0000] {logging_mixin.py:188} INFO - [2024-07-26T12:56:56.119+0000] {dag.py:3823} INFO - Setting next_dagrun for example_python_operator to None, run_after=None
[2024-07-26T12:56:56.141+0000] {processor.py:183} INFO - Processing /home/airflow/.local/lib/python3.8/site-packages/airflow/example_dags/example_python_operator.py took 0.082 seconds
[2024-07-26T12:57:26.617+0000] {processor.py:161} INFO - Started process (PID=1071) to work on /home/airflow/.local/lib/python3.8/site-packages/airflow/example_dags/example_python_operator.py
[2024-07-26T12:57:26.618+0000] {processor.py:830} INFO - Processing file /home/airflow/.local/lib/python3.8/site-packages/airflow/example_dags/example_python_operator.py for tasks to queue
[2024-07-26T12:57:26.619+0000] {logging_mixin.py:188} INFO - [2024-07-26T12:57:26.619+0000] {dagbag.py:538} INFO - Filling up the DagBag from /home/airflow/.local/lib/python3.8/site-packages/airflow/example_dags/example_python_operator.py
[2024-07-26T12:57:26.631+0000] {processor.py:840} INFO - DAG(s) 'example_python_operator' retrieved from /home/airflow/.local/lib/python3.8/site-packages/airflow/example_dags/example_python_operator.py
[2024-07-26T12:57:26.657+0000] {logging_mixin.py:188} INFO - [2024-07-26T12:57:26.657+0000] {dag.py:3036} INFO - Sync 1 DAGs
[2024-07-26T12:57:26.672+0000] {logging_mixin.py:188} INFO - [2024-07-26T12:57:26.672+0000] {dag.py:3823} INFO - Setting next_dagrun for example_python_operator to None, run_after=None
[2024-07-26T12:57:26.692+0000] {processor.py:183} INFO - Processing /home/airflow/.local/lib/python3.8/site-packages/airflow/example_dags/example_python_operator.py took 0.079 seconds
[2024-07-26T12:57:57.142+0000] {processor.py:161} INFO - Started process (PID=1135) to work on /home/airflow/.local/lib/python3.8/site-packages/airflow/example_dags/example_python_operator.py
[2024-07-26T12:57:57.143+0000] {processor.py:830} INFO - Processing file /home/airflow/.local/lib/python3.8/site-packages/airflow/example_dags/example_python_operator.py for tasks to queue
[2024-07-26T12:57:57.145+0000] {logging_mixin.py:188} INFO - [2024-07-26T12:57:57.145+0000] {dagbag.py:538} INFO - Filling up the DagBag from /home/airflow/.local/lib/python3.8/site-packages/airflow/example_dags/example_python_operator.py
[2024-07-26T12:57:57.159+0000] {processor.py:840} INFO - DAG(s) 'example_python_operator' retrieved from /home/airflow/.local/lib/python3.8/site-packages/airflow/example_dags/example_python_operator.py
[2024-07-26T12:57:57.190+0000] {logging_mixin.py:188} INFO - [2024-07-26T12:57:57.190+0000] {dag.py:3036} INFO - Sync 1 DAGs
[2024-07-26T12:57:57.206+0000] {logging_mixin.py:188} INFO - [2024-07-26T12:57:57.205+0000] {dag.py:3823} INFO - Setting next_dagrun for example_python_operator to None, run_after=None
[2024-07-26T12:57:57.227+0000] {processor.py:183} INFO - Processing /home/airflow/.local/lib/python3.8/site-packages/airflow/example_dags/example_python_operator.py took 0.089 seconds
[2024-07-26T12:58:27.415+0000] {processor.py:161} INFO - Started process (PID=1199) to work on /home/airflow/.local/lib/python3.8/site-packages/airflow/example_dags/example_python_operator.py
[2024-07-26T12:58:27.416+0000] {processor.py:830} INFO - Processing file /home/airflow/.local/lib/python3.8/site-packages/airflow/example_dags/example_python_operator.py for tasks to queue
[2024-07-26T12:58:27.419+0000] {logging_mixin.py:188} INFO - [2024-07-26T12:58:27.418+0000] {dagbag.py:538} INFO - Filling up the DagBag from /home/airflow/.local/lib/python3.8/site-packages/airflow/example_dags/example_python_operator.py
[2024-07-26T12:58:27.432+0000] {processor.py:840} INFO - DAG(s) 'example_python_operator' retrieved from /home/airflow/.local/lib/python3.8/site-packages/airflow/example_dags/example_python_operator.py
[2024-07-26T12:58:27.456+0000] {logging_mixin.py:188} INFO - [2024-07-26T12:58:27.456+0000] {dag.py:3036} INFO - Sync 1 DAGs
[2024-07-26T12:58:27.470+0000] {logging_mixin.py:188} INFO - [2024-07-26T12:58:27.470+0000] {dag.py:3823} INFO - Setting next_dagrun for example_python_operator to None, run_after=None
[2024-07-26T12:58:27.492+0000] {processor.py:183} INFO - Processing /home/airflow/.local/lib/python3.8/site-packages/airflow/example_dags/example_python_operator.py took 0.084 seconds
[2024-07-26T12:58:57.739+0000] {processor.py:161} INFO - Started process (PID=1263) to work on /home/airflow/.local/lib/python3.8/site-packages/airflow/example_dags/example_python_operator.py
[2024-07-26T12:58:57.740+0000] {processor.py:830} INFO - Processing file /home/airflow/.local/lib/python3.8/site-packages/airflow/example_dags/example_python_operator.py for tasks to queue
[2024-07-26T12:58:57.742+0000] {logging_mixin.py:188} INFO - [2024-07-26T12:58:57.742+0000] {dagbag.py:538} INFO - Filling up the DagBag from /home/airflow/.local/lib/python3.8/site-packages/airflow/example_dags/example_python_operator.py
[2024-07-26T12:58:57.754+0000] {processor.py:840} INFO - DAG(s) 'example_python_operator' retrieved from /home/airflow/.local/lib/python3.8/site-packages/airflow/example_dags/example_python_operator.py
[2024-07-26T12:58:57.779+0000] {logging_mixin.py:188} INFO - [2024-07-26T12:58:57.778+0000] {dag.py:3036} INFO - Sync 1 DAGs
[2024-07-26T12:58:57.794+0000] {logging_mixin.py:188} INFO - [2024-07-26T12:58:57.794+0000] {dag.py:3823} INFO - Setting next_dagrun for example_python_operator to None, run_after=None
[2024-07-26T12:58:57.817+0000] {processor.py:183} INFO - Processing /home/airflow/.local/lib/python3.8/site-packages/airflow/example_dags/example_python_operator.py took 0.082 seconds
