[2024-07-26T12:15:27.952+0000] {processor.py:161} INFO - Started process (PID=114) to work on /home/airflow/.local/lib/python3.8/site-packages/airflow/example_dags/example_sensors.py
[2024-07-26T12:15:27.954+0000] {processor.py:830} INFO - Processing file /home/airflow/.local/lib/python3.8/site-packages/airflow/example_dags/example_sensors.py for tasks to queue
[2024-07-26T12:15:27.957+0000] {logging_mixin.py:188} INFO - [2024-07-26T12:15:27.956+0000] {dagbag.py:538} INFO - Filling up the DagBag from /home/airflow/.local/lib/python3.8/site-packages/airflow/example_dags/example_sensors.py
[2024-07-26T12:15:27.981+0000] {processor.py:840} INFO - DAG(s) 'example_sensors' retrieved from /home/airflow/.local/lib/python3.8/site-packages/airflow/example_dags/example_sensors.py
[2024-07-26T12:15:28.120+0000] {logging_mixin.py:188} INFO - [2024-07-26T12:15:28.120+0000] {dag.py:3036} INFO - Sync 1 DAGs
[2024-07-26T12:15:28.134+0000] {logging_mixin.py:188} INFO - [2024-07-26T12:15:28.134+0000] {dag.py:3823} INFO - Setting next_dagrun for example_sensors to None, run_after=None
[2024-07-26T12:15:28.156+0000] {processor.py:183} INFO - Processing /home/airflow/.local/lib/python3.8/site-packages/airflow/example_dags/example_sensors.py took 0.208 seconds
[2024-07-26T12:15:58.733+0000] {processor.py:161} INFO - Started process (PID=178) to work on /home/airflow/.local/lib/python3.8/site-packages/airflow/example_dags/example_sensors.py
[2024-07-26T12:15:58.734+0000] {processor.py:830} INFO - Processing file /home/airflow/.local/lib/python3.8/site-packages/airflow/example_dags/example_sensors.py for tasks to queue
[2024-07-26T12:15:58.738+0000] {logging_mixin.py:188} INFO - [2024-07-26T12:15:58.737+0000] {dagbag.py:538} INFO - Filling up the DagBag from /home/airflow/.local/lib/python3.8/site-packages/airflow/example_dags/example_sensors.py
[2024-07-26T12:15:58.753+0000] {processor.py:840} INFO - DAG(s) 'example_sensors' retrieved from /home/airflow/.local/lib/python3.8/site-packages/airflow/example_dags/example_sensors.py
[2024-07-26T12:15:58.791+0000] {logging_mixin.py:188} INFO - [2024-07-26T12:15:58.791+0000] {dag.py:3036} INFO - Sync 1 DAGs
[2024-07-26T12:15:58.807+0000] {logging_mixin.py:188} INFO - [2024-07-26T12:15:58.806+0000] {dag.py:3823} INFO - Setting next_dagrun for example_sensors to None, run_after=None
[2024-07-26T12:15:58.833+0000] {processor.py:183} INFO - Processing /home/airflow/.local/lib/python3.8/site-packages/airflow/example_dags/example_sensors.py took 0.103 seconds
[2024-07-26T12:16:29.350+0000] {processor.py:161} INFO - Started process (PID=242) to work on /home/airflow/.local/lib/python3.8/site-packages/airflow/example_dags/example_sensors.py
[2024-07-26T12:16:29.351+0000] {processor.py:830} INFO - Processing file /home/airflow/.local/lib/python3.8/site-packages/airflow/example_dags/example_sensors.py for tasks to queue
[2024-07-26T12:16:29.353+0000] {logging_mixin.py:188} INFO - [2024-07-26T12:16:29.353+0000] {dagbag.py:538} INFO - Filling up the DagBag from /home/airflow/.local/lib/python3.8/site-packages/airflow/example_dags/example_sensors.py
[2024-07-26T12:16:29.363+0000] {processor.py:840} INFO - DAG(s) 'example_sensors' retrieved from /home/airflow/.local/lib/python3.8/site-packages/airflow/example_dags/example_sensors.py
[2024-07-26T12:16:29.396+0000] {logging_mixin.py:188} INFO - [2024-07-26T12:16:29.395+0000] {dag.py:3036} INFO - Sync 1 DAGs
[2024-07-26T12:16:29.410+0000] {logging_mixin.py:188} INFO - [2024-07-26T12:16:29.410+0000] {dag.py:3823} INFO - Setting next_dagrun for example_sensors to None, run_after=None
[2024-07-26T12:16:29.431+0000] {processor.py:183} INFO - Processing /home/airflow/.local/lib/python3.8/site-packages/airflow/example_dags/example_sensors.py took 0.084 seconds
[2024-07-26T12:17:00.218+0000] {processor.py:161} INFO - Started process (PID=306) to work on /home/airflow/.local/lib/python3.8/site-packages/airflow/example_dags/example_sensors.py
[2024-07-26T12:17:00.219+0000] {processor.py:830} INFO - Processing file /home/airflow/.local/lib/python3.8/site-packages/airflow/example_dags/example_sensors.py for tasks to queue
[2024-07-26T12:17:00.221+0000] {logging_mixin.py:188} INFO - [2024-07-26T12:17:00.221+0000] {dagbag.py:538} INFO - Filling up the DagBag from /home/airflow/.local/lib/python3.8/site-packages/airflow/example_dags/example_sensors.py
[2024-07-26T12:17:00.231+0000] {processor.py:840} INFO - DAG(s) 'example_sensors' retrieved from /home/airflow/.local/lib/python3.8/site-packages/airflow/example_dags/example_sensors.py
[2024-07-26T12:17:00.260+0000] {logging_mixin.py:188} INFO - [2024-07-26T12:17:00.260+0000] {dag.py:3036} INFO - Sync 1 DAGs
[2024-07-26T12:17:00.274+0000] {logging_mixin.py:188} INFO - [2024-07-26T12:17:00.274+0000] {dag.py:3823} INFO - Setting next_dagrun for example_sensors to None, run_after=None
[2024-07-26T12:17:00.295+0000] {processor.py:183} INFO - Processing /home/airflow/.local/lib/python3.8/site-packages/airflow/example_dags/example_sensors.py took 0.080 seconds
[2024-07-26T12:17:31.220+0000] {processor.py:161} INFO - Started process (PID=370) to work on /home/airflow/.local/lib/python3.8/site-packages/airflow/example_dags/example_sensors.py
[2024-07-26T12:17:31.221+0000] {processor.py:830} INFO - Processing file /home/airflow/.local/lib/python3.8/site-packages/airflow/example_dags/example_sensors.py for tasks to queue
[2024-07-26T12:17:31.223+0000] {logging_mixin.py:188} INFO - [2024-07-26T12:17:31.223+0000] {dagbag.py:538} INFO - Filling up the DagBag from /home/airflow/.local/lib/python3.8/site-packages/airflow/example_dags/example_sensors.py
[2024-07-26T12:17:31.236+0000] {processor.py:840} INFO - DAG(s) 'example_sensors' retrieved from /home/airflow/.local/lib/python3.8/site-packages/airflow/example_dags/example_sensors.py
[2024-07-26T12:17:31.267+0000] {logging_mixin.py:188} INFO - [2024-07-26T12:17:31.267+0000] {dag.py:3036} INFO - Sync 1 DAGs
[2024-07-26T12:17:31.280+0000] {logging_mixin.py:188} INFO - [2024-07-26T12:17:31.280+0000] {dag.py:3823} INFO - Setting next_dagrun for example_sensors to None, run_after=None
[2024-07-26T12:17:31.300+0000] {processor.py:183} INFO - Processing /home/airflow/.local/lib/python3.8/site-packages/airflow/example_dags/example_sensors.py took 0.083 seconds
[2024-07-26T12:18:02.333+0000] {processor.py:161} INFO - Started process (PID=427) to work on /home/airflow/.local/lib/python3.8/site-packages/airflow/example_dags/example_sensors.py
[2024-07-26T12:18:02.334+0000] {processor.py:830} INFO - Processing file /home/airflow/.local/lib/python3.8/site-packages/airflow/example_dags/example_sensors.py for tasks to queue
[2024-07-26T12:18:02.336+0000] {logging_mixin.py:188} INFO - [2024-07-26T12:18:02.335+0000] {dagbag.py:538} INFO - Filling up the DagBag from /home/airflow/.local/lib/python3.8/site-packages/airflow/example_dags/example_sensors.py
[2024-07-26T12:18:02.349+0000] {processor.py:840} INFO - DAG(s) 'example_sensors' retrieved from /home/airflow/.local/lib/python3.8/site-packages/airflow/example_dags/example_sensors.py
[2024-07-26T12:18:02.377+0000] {logging_mixin.py:188} INFO - [2024-07-26T12:18:02.377+0000] {dag.py:3036} INFO - Sync 1 DAGs
[2024-07-26T12:18:02.389+0000] {logging_mixin.py:188} INFO - [2024-07-26T12:18:02.389+0000] {dag.py:3823} INFO - Setting next_dagrun for example_sensors to None, run_after=None
[2024-07-26T12:18:02.410+0000] {processor.py:183} INFO - Processing /home/airflow/.local/lib/python3.8/site-packages/airflow/example_dags/example_sensors.py took 0.080 seconds
[2024-07-26T12:18:32.759+0000] {processor.py:161} INFO - Started process (PID=489) to work on /home/airflow/.local/lib/python3.8/site-packages/airflow/example_dags/example_sensors.py
[2024-07-26T12:18:32.760+0000] {processor.py:830} INFO - Processing file /home/airflow/.local/lib/python3.8/site-packages/airflow/example_dags/example_sensors.py for tasks to queue
[2024-07-26T12:18:32.762+0000] {logging_mixin.py:188} INFO - [2024-07-26T12:18:32.761+0000] {dagbag.py:538} INFO - Filling up the DagBag from /home/airflow/.local/lib/python3.8/site-packages/airflow/example_dags/example_sensors.py
[2024-07-26T12:18:32.772+0000] {processor.py:840} INFO - DAG(s) 'example_sensors' retrieved from /home/airflow/.local/lib/python3.8/site-packages/airflow/example_dags/example_sensors.py
[2024-07-26T12:18:32.804+0000] {logging_mixin.py:188} INFO - [2024-07-26T12:18:32.803+0000] {dag.py:3036} INFO - Sync 1 DAGs
[2024-07-26T12:18:32.816+0000] {logging_mixin.py:188} INFO - [2024-07-26T12:18:32.816+0000] {dag.py:3823} INFO - Setting next_dagrun for example_sensors to None, run_after=None
[2024-07-26T12:18:32.845+0000] {processor.py:183} INFO - Processing /home/airflow/.local/lib/python3.8/site-packages/airflow/example_dags/example_sensors.py took 0.089 seconds
[2024-07-26T12:19:03.136+0000] {processor.py:161} INFO - Started process (PID=553) to work on /home/airflow/.local/lib/python3.8/site-packages/airflow/example_dags/example_sensors.py
[2024-07-26T12:19:03.137+0000] {processor.py:830} INFO - Processing file /home/airflow/.local/lib/python3.8/site-packages/airflow/example_dags/example_sensors.py for tasks to queue
[2024-07-26T12:19:03.139+0000] {logging_mixin.py:188} INFO - [2024-07-26T12:19:03.139+0000] {dagbag.py:538} INFO - Filling up the DagBag from /home/airflow/.local/lib/python3.8/site-packages/airflow/example_dags/example_sensors.py
[2024-07-26T12:19:03.150+0000] {processor.py:840} INFO - DAG(s) 'example_sensors' retrieved from /home/airflow/.local/lib/python3.8/site-packages/airflow/example_dags/example_sensors.py
[2024-07-26T12:19:03.188+0000] {logging_mixin.py:188} INFO - [2024-07-26T12:19:03.187+0000] {dag.py:3036} INFO - Sync 1 DAGs
[2024-07-26T12:19:03.205+0000] {logging_mixin.py:188} INFO - [2024-07-26T12:19:03.205+0000] {dag.py:3823} INFO - Setting next_dagrun for example_sensors to None, run_after=None
[2024-07-26T12:19:03.234+0000] {processor.py:183} INFO - Processing /home/airflow/.local/lib/python3.8/site-packages/airflow/example_dags/example_sensors.py took 0.102 seconds
[2024-07-26T12:19:33.598+0000] {processor.py:161} INFO - Started process (PID=618) to work on /home/airflow/.local/lib/python3.8/site-packages/airflow/example_dags/example_sensors.py
[2024-07-26T12:19:33.599+0000] {processor.py:830} INFO - Processing file /home/airflow/.local/lib/python3.8/site-packages/airflow/example_dags/example_sensors.py for tasks to queue
[2024-07-26T12:19:33.600+0000] {logging_mixin.py:188} INFO - [2024-07-26T12:19:33.599+0000] {dagbag.py:538} INFO - Filling up the DagBag from /home/airflow/.local/lib/python3.8/site-packages/airflow/example_dags/example_sensors.py
[2024-07-26T12:19:33.615+0000] {processor.py:840} INFO - DAG(s) 'example_sensors' retrieved from /home/airflow/.local/lib/python3.8/site-packages/airflow/example_dags/example_sensors.py
[2024-07-26T12:19:33.646+0000] {logging_mixin.py:188} INFO - [2024-07-26T12:19:33.645+0000] {dag.py:3036} INFO - Sync 1 DAGs
[2024-07-26T12:19:33.660+0000] {logging_mixin.py:188} INFO - [2024-07-26T12:19:33.660+0000] {dag.py:3823} INFO - Setting next_dagrun for example_sensors to None, run_after=None
[2024-07-26T12:19:33.685+0000] {processor.py:183} INFO - Processing /home/airflow/.local/lib/python3.8/site-packages/airflow/example_dags/example_sensors.py took 0.092 seconds
[2024-07-26T12:28:18.753+0000] {processor.py:161} INFO - Started process (PID=116) to work on /home/airflow/.local/lib/python3.8/site-packages/airflow/example_dags/example_sensors.py
[2024-07-26T12:28:18.754+0000] {processor.py:830} INFO - Processing file /home/airflow/.local/lib/python3.8/site-packages/airflow/example_dags/example_sensors.py for tasks to queue
[2024-07-26T12:28:18.756+0000] {logging_mixin.py:188} INFO - [2024-07-26T12:28:18.756+0000] {dagbag.py:538} INFO - Filling up the DagBag from /home/airflow/.local/lib/python3.8/site-packages/airflow/example_dags/example_sensors.py
[2024-07-26T12:28:18.774+0000] {processor.py:840} INFO - DAG(s) 'example_sensors' retrieved from /home/airflow/.local/lib/python3.8/site-packages/airflow/example_dags/example_sensors.py
[2024-07-26T12:28:18.915+0000] {logging_mixin.py:188} INFO - [2024-07-26T12:28:18.915+0000] {dag.py:3036} INFO - Sync 1 DAGs
[2024-07-26T12:28:18.931+0000] {logging_mixin.py:188} INFO - [2024-07-26T12:28:18.930+0000] {dag.py:3823} INFO - Setting next_dagrun for example_sensors to None, run_after=None
[2024-07-26T12:28:18.952+0000] {processor.py:183} INFO - Processing /home/airflow/.local/lib/python3.8/site-packages/airflow/example_dags/example_sensors.py took 0.203 seconds
[2024-07-26T12:28:49.206+0000] {processor.py:161} INFO - Started process (PID=179) to work on /home/airflow/.local/lib/python3.8/site-packages/airflow/example_dags/example_sensors.py
[2024-07-26T12:28:49.207+0000] {processor.py:830} INFO - Processing file /home/airflow/.local/lib/python3.8/site-packages/airflow/example_dags/example_sensors.py for tasks to queue
[2024-07-26T12:28:49.209+0000] {logging_mixin.py:188} INFO - [2024-07-26T12:28:49.209+0000] {dagbag.py:538} INFO - Filling up the DagBag from /home/airflow/.local/lib/python3.8/site-packages/airflow/example_dags/example_sensors.py
[2024-07-26T12:28:49.219+0000] {processor.py:840} INFO - DAG(s) 'example_sensors' retrieved from /home/airflow/.local/lib/python3.8/site-packages/airflow/example_dags/example_sensors.py
[2024-07-26T12:28:49.251+0000] {logging_mixin.py:188} INFO - [2024-07-26T12:28:49.251+0000] {dag.py:3036} INFO - Sync 1 DAGs
[2024-07-26T12:28:49.268+0000] {logging_mixin.py:188} INFO - [2024-07-26T12:28:49.267+0000] {dag.py:3823} INFO - Setting next_dagrun for example_sensors to None, run_after=None
[2024-07-26T12:28:49.296+0000] {processor.py:183} INFO - Processing /home/airflow/.local/lib/python3.8/site-packages/airflow/example_dags/example_sensors.py took 0.094 seconds
[2024-07-26T12:29:20.348+0000] {processor.py:161} INFO - Started process (PID=243) to work on /home/airflow/.local/lib/python3.8/site-packages/airflow/example_dags/example_sensors.py
[2024-07-26T12:29:20.349+0000] {processor.py:830} INFO - Processing file /home/airflow/.local/lib/python3.8/site-packages/airflow/example_dags/example_sensors.py for tasks to queue
[2024-07-26T12:29:20.351+0000] {logging_mixin.py:188} INFO - [2024-07-26T12:29:20.351+0000] {dagbag.py:538} INFO - Filling up the DagBag from /home/airflow/.local/lib/python3.8/site-packages/airflow/example_dags/example_sensors.py
[2024-07-26T12:29:20.362+0000] {processor.py:840} INFO - DAG(s) 'example_sensors' retrieved from /home/airflow/.local/lib/python3.8/site-packages/airflow/example_dags/example_sensors.py
[2024-07-26T12:29:20.391+0000] {logging_mixin.py:188} INFO - [2024-07-26T12:29:20.391+0000] {dag.py:3036} INFO - Sync 1 DAGs
[2024-07-26T12:29:20.406+0000] {logging_mixin.py:188} INFO - [2024-07-26T12:29:20.406+0000] {dag.py:3823} INFO - Setting next_dagrun for example_sensors to None, run_after=None
[2024-07-26T12:29:20.428+0000] {processor.py:183} INFO - Processing /home/airflow/.local/lib/python3.8/site-packages/airflow/example_dags/example_sensors.py took 0.084 seconds
[2024-07-26T12:29:51.746+0000] {processor.py:161} INFO - Started process (PID=307) to work on /home/airflow/.local/lib/python3.8/site-packages/airflow/example_dags/example_sensors.py
[2024-07-26T12:29:51.747+0000] {processor.py:830} INFO - Processing file /home/airflow/.local/lib/python3.8/site-packages/airflow/example_dags/example_sensors.py for tasks to queue
[2024-07-26T12:29:51.749+0000] {logging_mixin.py:188} INFO - [2024-07-26T12:29:51.748+0000] {dagbag.py:538} INFO - Filling up the DagBag from /home/airflow/.local/lib/python3.8/site-packages/airflow/example_dags/example_sensors.py
[2024-07-26T12:29:51.762+0000] {processor.py:840} INFO - DAG(s) 'example_sensors' retrieved from /home/airflow/.local/lib/python3.8/site-packages/airflow/example_dags/example_sensors.py
[2024-07-26T12:29:51.791+0000] {logging_mixin.py:188} INFO - [2024-07-26T12:29:51.791+0000] {dag.py:3036} INFO - Sync 1 DAGs
[2024-07-26T12:29:51.805+0000] {logging_mixin.py:188} INFO - [2024-07-26T12:29:51.804+0000] {dag.py:3823} INFO - Setting next_dagrun for example_sensors to None, run_after=None
[2024-07-26T12:29:51.823+0000] {processor.py:183} INFO - Processing /home/airflow/.local/lib/python3.8/site-packages/airflow/example_dags/example_sensors.py took 0.081 seconds
[2024-07-26T12:30:21.920+0000] {processor.py:161} INFO - Started process (PID=362) to work on /home/airflow/.local/lib/python3.8/site-packages/airflow/example_dags/example_sensors.py
[2024-07-26T12:30:21.922+0000] {processor.py:830} INFO - Processing file /home/airflow/.local/lib/python3.8/site-packages/airflow/example_dags/example_sensors.py for tasks to queue
[2024-07-26T12:30:21.924+0000] {logging_mixin.py:188} INFO - [2024-07-26T12:30:21.923+0000] {dagbag.py:538} INFO - Filling up the DagBag from /home/airflow/.local/lib/python3.8/site-packages/airflow/example_dags/example_sensors.py
[2024-07-26T12:30:21.940+0000] {processor.py:840} INFO - DAG(s) 'example_sensors' retrieved from /home/airflow/.local/lib/python3.8/site-packages/airflow/example_dags/example_sensors.py
[2024-07-26T12:30:21.975+0000] {logging_mixin.py:188} INFO - [2024-07-26T12:30:21.975+0000] {dag.py:3036} INFO - Sync 1 DAGs
[2024-07-26T12:30:21.990+0000] {logging_mixin.py:188} INFO - [2024-07-26T12:30:21.989+0000] {dag.py:3823} INFO - Setting next_dagrun for example_sensors to None, run_after=None
[2024-07-26T12:30:22.013+0000] {processor.py:183} INFO - Processing /home/airflow/.local/lib/python3.8/site-packages/airflow/example_dags/example_sensors.py took 0.096 seconds
[2024-07-26T12:30:52.847+0000] {processor.py:161} INFO - Started process (PID=426) to work on /home/airflow/.local/lib/python3.8/site-packages/airflow/example_dags/example_sensors.py
[2024-07-26T12:30:52.848+0000] {processor.py:830} INFO - Processing file /home/airflow/.local/lib/python3.8/site-packages/airflow/example_dags/example_sensors.py for tasks to queue
[2024-07-26T12:30:52.850+0000] {logging_mixin.py:188} INFO - [2024-07-26T12:30:52.849+0000] {dagbag.py:538} INFO - Filling up the DagBag from /home/airflow/.local/lib/python3.8/site-packages/airflow/example_dags/example_sensors.py
[2024-07-26T12:30:52.861+0000] {processor.py:840} INFO - DAG(s) 'example_sensors' retrieved from /home/airflow/.local/lib/python3.8/site-packages/airflow/example_dags/example_sensors.py
[2024-07-26T12:30:52.892+0000] {logging_mixin.py:188} INFO - [2024-07-26T12:30:52.892+0000] {dag.py:3036} INFO - Sync 1 DAGs
[2024-07-26T12:30:52.906+0000] {logging_mixin.py:188} INFO - [2024-07-26T12:30:52.906+0000] {dag.py:3823} INFO - Setting next_dagrun for example_sensors to None, run_after=None
[2024-07-26T12:30:52.928+0000] {processor.py:183} INFO - Processing /home/airflow/.local/lib/python3.8/site-packages/airflow/example_dags/example_sensors.py took 0.084 seconds
[2024-07-26T12:31:23.076+0000] {processor.py:161} INFO - Started process (PID=490) to work on /home/airflow/.local/lib/python3.8/site-packages/airflow/example_dags/example_sensors.py
[2024-07-26T12:31:23.078+0000] {processor.py:830} INFO - Processing file /home/airflow/.local/lib/python3.8/site-packages/airflow/example_dags/example_sensors.py for tasks to queue
[2024-07-26T12:31:23.080+0000] {logging_mixin.py:188} INFO - [2024-07-26T12:31:23.080+0000] {dagbag.py:538} INFO - Filling up the DagBag from /home/airflow/.local/lib/python3.8/site-packages/airflow/example_dags/example_sensors.py
[2024-07-26T12:31:23.089+0000] {processor.py:840} INFO - DAG(s) 'example_sensors' retrieved from /home/airflow/.local/lib/python3.8/site-packages/airflow/example_dags/example_sensors.py
[2024-07-26T12:31:23.127+0000] {logging_mixin.py:188} INFO - [2024-07-26T12:31:23.127+0000] {dag.py:3036} INFO - Sync 1 DAGs
[2024-07-26T12:31:23.147+0000] {logging_mixin.py:188} INFO - [2024-07-26T12:31:23.147+0000] {dag.py:3823} INFO - Setting next_dagrun for example_sensors to None, run_after=None
[2024-07-26T12:31:23.180+0000] {processor.py:183} INFO - Processing /home/airflow/.local/lib/python3.8/site-packages/airflow/example_dags/example_sensors.py took 0.107 seconds
[2024-07-26T12:31:53.458+0000] {processor.py:161} INFO - Started process (PID=554) to work on /home/airflow/.local/lib/python3.8/site-packages/airflow/example_dags/example_sensors.py
[2024-07-26T12:31:53.460+0000] {processor.py:830} INFO - Processing file /home/airflow/.local/lib/python3.8/site-packages/airflow/example_dags/example_sensors.py for tasks to queue
[2024-07-26T12:31:53.463+0000] {logging_mixin.py:188} INFO - [2024-07-26T12:31:53.463+0000] {dagbag.py:538} INFO - Filling up the DagBag from /home/airflow/.local/lib/python3.8/site-packages/airflow/example_dags/example_sensors.py
[2024-07-26T12:31:53.474+0000] {processor.py:840} INFO - DAG(s) 'example_sensors' retrieved from /home/airflow/.local/lib/python3.8/site-packages/airflow/example_dags/example_sensors.py
[2024-07-26T12:31:53.504+0000] {logging_mixin.py:188} INFO - [2024-07-26T12:31:53.503+0000] {dag.py:3036} INFO - Sync 1 DAGs
[2024-07-26T12:31:53.518+0000] {logging_mixin.py:188} INFO - [2024-07-26T12:31:53.518+0000] {dag.py:3823} INFO - Setting next_dagrun for example_sensors to None, run_after=None
[2024-07-26T12:31:53.539+0000] {processor.py:183} INFO - Processing /home/airflow/.local/lib/python3.8/site-packages/airflow/example_dags/example_sensors.py took 0.085 seconds
[2024-07-26T12:32:23.997+0000] {processor.py:161} INFO - Started process (PID=618) to work on /home/airflow/.local/lib/python3.8/site-packages/airflow/example_dags/example_sensors.py
[2024-07-26T12:32:23.998+0000] {processor.py:830} INFO - Processing file /home/airflow/.local/lib/python3.8/site-packages/airflow/example_dags/example_sensors.py for tasks to queue
[2024-07-26T12:32:24.001+0000] {logging_mixin.py:188} INFO - [2024-07-26T12:32:24.000+0000] {dagbag.py:538} INFO - Filling up the DagBag from /home/airflow/.local/lib/python3.8/site-packages/airflow/example_dags/example_sensors.py
[2024-07-26T12:32:24.016+0000] {processor.py:840} INFO - DAG(s) 'example_sensors' retrieved from /home/airflow/.local/lib/python3.8/site-packages/airflow/example_dags/example_sensors.py
[2024-07-26T12:32:24.048+0000] {logging_mixin.py:188} INFO - [2024-07-26T12:32:24.047+0000] {dag.py:3036} INFO - Sync 1 DAGs
[2024-07-26T12:32:24.061+0000] {logging_mixin.py:188} INFO - [2024-07-26T12:32:24.060+0000] {dag.py:3823} INFO - Setting next_dagrun for example_sensors to None, run_after=None
[2024-07-26T12:32:24.084+0000] {processor.py:183} INFO - Processing /home/airflow/.local/lib/python3.8/site-packages/airflow/example_dags/example_sensors.py took 0.092 seconds
[2024-07-26T12:32:55.031+0000] {processor.py:161} INFO - Started process (PID=682) to work on /home/airflow/.local/lib/python3.8/site-packages/airflow/example_dags/example_sensors.py
[2024-07-26T12:32:55.031+0000] {processor.py:830} INFO - Processing file /home/airflow/.local/lib/python3.8/site-packages/airflow/example_dags/example_sensors.py for tasks to queue
[2024-07-26T12:32:55.034+0000] {logging_mixin.py:188} INFO - [2024-07-26T12:32:55.033+0000] {dagbag.py:538} INFO - Filling up the DagBag from /home/airflow/.local/lib/python3.8/site-packages/airflow/example_dags/example_sensors.py
[2024-07-26T12:32:55.043+0000] {processor.py:840} INFO - DAG(s) 'example_sensors' retrieved from /home/airflow/.local/lib/python3.8/site-packages/airflow/example_dags/example_sensors.py
[2024-07-26T12:32:55.073+0000] {logging_mixin.py:188} INFO - [2024-07-26T12:32:55.072+0000] {dag.py:3036} INFO - Sync 1 DAGs
[2024-07-26T12:32:55.089+0000] {logging_mixin.py:188} INFO - [2024-07-26T12:32:55.088+0000] {dag.py:3823} INFO - Setting next_dagrun for example_sensors to None, run_after=None
[2024-07-26T12:32:55.114+0000] {processor.py:183} INFO - Processing /home/airflow/.local/lib/python3.8/site-packages/airflow/example_dags/example_sensors.py took 0.086 seconds
[2024-07-26T12:33:25.546+0000] {processor.py:161} INFO - Started process (PID=747) to work on /home/airflow/.local/lib/python3.8/site-packages/airflow/example_dags/example_sensors.py
[2024-07-26T12:33:25.547+0000] {processor.py:830} INFO - Processing file /home/airflow/.local/lib/python3.8/site-packages/airflow/example_dags/example_sensors.py for tasks to queue
[2024-07-26T12:33:25.549+0000] {logging_mixin.py:188} INFO - [2024-07-26T12:33:25.548+0000] {dagbag.py:538} INFO - Filling up the DagBag from /home/airflow/.local/lib/python3.8/site-packages/airflow/example_dags/example_sensors.py
[2024-07-26T12:33:25.558+0000] {processor.py:840} INFO - DAG(s) 'example_sensors' retrieved from /home/airflow/.local/lib/python3.8/site-packages/airflow/example_dags/example_sensors.py
[2024-07-26T12:33:25.586+0000] {logging_mixin.py:188} INFO - [2024-07-26T12:33:25.586+0000] {dag.py:3036} INFO - Sync 1 DAGs
[2024-07-26T12:33:25.600+0000] {logging_mixin.py:188} INFO - [2024-07-26T12:33:25.599+0000] {dag.py:3823} INFO - Setting next_dagrun for example_sensors to None, run_after=None
[2024-07-26T12:33:25.621+0000] {processor.py:183} INFO - Processing /home/airflow/.local/lib/python3.8/site-packages/airflow/example_dags/example_sensors.py took 0.079 seconds
[2024-07-26T12:33:56.202+0000] {processor.py:161} INFO - Started process (PID=811) to work on /home/airflow/.local/lib/python3.8/site-packages/airflow/example_dags/example_sensors.py
[2024-07-26T12:33:56.204+0000] {processor.py:830} INFO - Processing file /home/airflow/.local/lib/python3.8/site-packages/airflow/example_dags/example_sensors.py for tasks to queue
[2024-07-26T12:33:56.207+0000] {logging_mixin.py:188} INFO - [2024-07-26T12:33:56.206+0000] {dagbag.py:538} INFO - Filling up the DagBag from /home/airflow/.local/lib/python3.8/site-packages/airflow/example_dags/example_sensors.py
[2024-07-26T12:33:56.220+0000] {processor.py:840} INFO - DAG(s) 'example_sensors' retrieved from /home/airflow/.local/lib/python3.8/site-packages/airflow/example_dags/example_sensors.py
[2024-07-26T12:33:56.251+0000] {logging_mixin.py:188} INFO - [2024-07-26T12:33:56.250+0000] {dag.py:3036} INFO - Sync 1 DAGs
[2024-07-26T12:33:56.264+0000] {logging_mixin.py:188} INFO - [2024-07-26T12:33:56.264+0000] {dag.py:3823} INFO - Setting next_dagrun for example_sensors to None, run_after=None
[2024-07-26T12:33:56.284+0000] {processor.py:183} INFO - Processing /home/airflow/.local/lib/python3.8/site-packages/airflow/example_dags/example_sensors.py took 0.087 seconds
[2024-07-26T12:34:26.587+0000] {processor.py:161} INFO - Started process (PID=875) to work on /home/airflow/.local/lib/python3.8/site-packages/airflow/example_dags/example_sensors.py
[2024-07-26T12:34:26.588+0000] {processor.py:830} INFO - Processing file /home/airflow/.local/lib/python3.8/site-packages/airflow/example_dags/example_sensors.py for tasks to queue
[2024-07-26T12:34:26.591+0000] {logging_mixin.py:188} INFO - [2024-07-26T12:34:26.590+0000] {dagbag.py:538} INFO - Filling up the DagBag from /home/airflow/.local/lib/python3.8/site-packages/airflow/example_dags/example_sensors.py
[2024-07-26T12:34:26.603+0000] {processor.py:840} INFO - DAG(s) 'example_sensors' retrieved from /home/airflow/.local/lib/python3.8/site-packages/airflow/example_dags/example_sensors.py
[2024-07-26T12:34:26.636+0000] {logging_mixin.py:188} INFO - [2024-07-26T12:34:26.635+0000] {dag.py:3036} INFO - Sync 1 DAGs
[2024-07-26T12:34:26.650+0000] {logging_mixin.py:188} INFO - [2024-07-26T12:34:26.650+0000] {dag.py:3823} INFO - Setting next_dagrun for example_sensors to None, run_after=None
[2024-07-26T12:34:26.671+0000] {processor.py:183} INFO - Processing /home/airflow/.local/lib/python3.8/site-packages/airflow/example_dags/example_sensors.py took 0.088 seconds
[2024-07-26T12:34:57.160+0000] {processor.py:161} INFO - Started process (PID=939) to work on /home/airflow/.local/lib/python3.8/site-packages/airflow/example_dags/example_sensors.py
[2024-07-26T12:34:57.161+0000] {processor.py:830} INFO - Processing file /home/airflow/.local/lib/python3.8/site-packages/airflow/example_dags/example_sensors.py for tasks to queue
[2024-07-26T12:34:57.163+0000] {logging_mixin.py:188} INFO - [2024-07-26T12:34:57.163+0000] {dagbag.py:538} INFO - Filling up the DagBag from /home/airflow/.local/lib/python3.8/site-packages/airflow/example_dags/example_sensors.py
[2024-07-26T12:34:57.173+0000] {processor.py:840} INFO - DAG(s) 'example_sensors' retrieved from /home/airflow/.local/lib/python3.8/site-packages/airflow/example_dags/example_sensors.py
[2024-07-26T12:34:57.202+0000] {logging_mixin.py:188} INFO - [2024-07-26T12:34:57.201+0000] {dag.py:3036} INFO - Sync 1 DAGs
[2024-07-26T12:34:57.220+0000] {logging_mixin.py:188} INFO - [2024-07-26T12:34:57.220+0000] {dag.py:3823} INFO - Setting next_dagrun for example_sensors to None, run_after=None
[2024-07-26T12:34:57.241+0000] {processor.py:183} INFO - Processing /home/airflow/.local/lib/python3.8/site-packages/airflow/example_dags/example_sensors.py took 0.084 seconds
[2024-07-26T12:35:27.885+0000] {processor.py:161} INFO - Started process (PID=1003) to work on /home/airflow/.local/lib/python3.8/site-packages/airflow/example_dags/example_sensors.py
[2024-07-26T12:35:27.888+0000] {processor.py:830} INFO - Processing file /home/airflow/.local/lib/python3.8/site-packages/airflow/example_dags/example_sensors.py for tasks to queue
[2024-07-26T12:35:27.899+0000] {logging_mixin.py:188} INFO - [2024-07-26T12:35:27.898+0000] {dagbag.py:538} INFO - Filling up the DagBag from /home/airflow/.local/lib/python3.8/site-packages/airflow/example_dags/example_sensors.py
[2024-07-26T12:35:27.928+0000] {processor.py:840} INFO - DAG(s) 'example_sensors' retrieved from /home/airflow/.local/lib/python3.8/site-packages/airflow/example_dags/example_sensors.py
[2024-07-26T12:35:27.970+0000] {logging_mixin.py:188} INFO - [2024-07-26T12:35:27.970+0000] {dag.py:3036} INFO - Sync 1 DAGs
[2024-07-26T12:35:27.987+0000] {logging_mixin.py:188} INFO - [2024-07-26T12:35:27.987+0000] {dag.py:3823} INFO - Setting next_dagrun for example_sensors to None, run_after=None
[2024-07-26T12:35:28.013+0000] {processor.py:183} INFO - Processing /home/airflow/.local/lib/python3.8/site-packages/airflow/example_dags/example_sensors.py took 0.133 seconds
[2024-07-26T12:35:58.112+0000] {processor.py:161} INFO - Started process (PID=1067) to work on /home/airflow/.local/lib/python3.8/site-packages/airflow/example_dags/example_sensors.py
[2024-07-26T12:35:58.113+0000] {processor.py:830} INFO - Processing file /home/airflow/.local/lib/python3.8/site-packages/airflow/example_dags/example_sensors.py for tasks to queue
[2024-07-26T12:35:58.115+0000] {logging_mixin.py:188} INFO - [2024-07-26T12:35:58.115+0000] {dagbag.py:538} INFO - Filling up the DagBag from /home/airflow/.local/lib/python3.8/site-packages/airflow/example_dags/example_sensors.py
[2024-07-26T12:35:58.125+0000] {processor.py:840} INFO - DAG(s) 'example_sensors' retrieved from /home/airflow/.local/lib/python3.8/site-packages/airflow/example_dags/example_sensors.py
[2024-07-26T12:35:58.155+0000] {logging_mixin.py:188} INFO - [2024-07-26T12:35:58.154+0000] {dag.py:3036} INFO - Sync 1 DAGs
[2024-07-26T12:35:58.168+0000] {logging_mixin.py:188} INFO - [2024-07-26T12:35:58.168+0000] {dag.py:3823} INFO - Setting next_dagrun for example_sensors to None, run_after=None
[2024-07-26T12:35:58.188+0000] {processor.py:183} INFO - Processing /home/airflow/.local/lib/python3.8/site-packages/airflow/example_dags/example_sensors.py took 0.080 seconds
[2024-07-26T12:36:28.500+0000] {processor.py:161} INFO - Started process (PID=1131) to work on /home/airflow/.local/lib/python3.8/site-packages/airflow/example_dags/example_sensors.py
[2024-07-26T12:36:28.501+0000] {processor.py:830} INFO - Processing file /home/airflow/.local/lib/python3.8/site-packages/airflow/example_dags/example_sensors.py for tasks to queue
[2024-07-26T12:36:28.504+0000] {logging_mixin.py:188} INFO - [2024-07-26T12:36:28.503+0000] {dagbag.py:538} INFO - Filling up the DagBag from /home/airflow/.local/lib/python3.8/site-packages/airflow/example_dags/example_sensors.py
[2024-07-26T12:36:28.517+0000] {processor.py:840} INFO - DAG(s) 'example_sensors' retrieved from /home/airflow/.local/lib/python3.8/site-packages/airflow/example_dags/example_sensors.py
[2024-07-26T12:36:28.551+0000] {logging_mixin.py:188} INFO - [2024-07-26T12:36:28.550+0000] {dag.py:3036} INFO - Sync 1 DAGs
[2024-07-26T12:36:28.565+0000] {logging_mixin.py:188} INFO - [2024-07-26T12:36:28.565+0000] {dag.py:3823} INFO - Setting next_dagrun for example_sensors to None, run_after=None
[2024-07-26T12:36:28.588+0000] {processor.py:183} INFO - Processing /home/airflow/.local/lib/python3.8/site-packages/airflow/example_dags/example_sensors.py took 0.091 seconds
[2024-07-26T12:36:58.922+0000] {processor.py:161} INFO - Started process (PID=1195) to work on /home/airflow/.local/lib/python3.8/site-packages/airflow/example_dags/example_sensors.py
[2024-07-26T12:36:58.924+0000] {processor.py:830} INFO - Processing file /home/airflow/.local/lib/python3.8/site-packages/airflow/example_dags/example_sensors.py for tasks to queue
[2024-07-26T12:36:58.926+0000] {logging_mixin.py:188} INFO - [2024-07-26T12:36:58.926+0000] {dagbag.py:538} INFO - Filling up the DagBag from /home/airflow/.local/lib/python3.8/site-packages/airflow/example_dags/example_sensors.py
[2024-07-26T12:36:58.937+0000] {processor.py:840} INFO - DAG(s) 'example_sensors' retrieved from /home/airflow/.local/lib/python3.8/site-packages/airflow/example_dags/example_sensors.py
[2024-07-26T12:36:58.967+0000] {logging_mixin.py:188} INFO - [2024-07-26T12:36:58.967+0000] {dag.py:3036} INFO - Sync 1 DAGs
[2024-07-26T12:36:58.984+0000] {logging_mixin.py:188} INFO - [2024-07-26T12:36:58.984+0000] {dag.py:3823} INFO - Setting next_dagrun for example_sensors to None, run_after=None
[2024-07-26T12:36:59.005+0000] {processor.py:183} INFO - Processing /home/airflow/.local/lib/python3.8/site-packages/airflow/example_dags/example_sensors.py took 0.086 seconds
[2024-07-26T12:37:29.211+0000] {processor.py:161} INFO - Started process (PID=1259) to work on /home/airflow/.local/lib/python3.8/site-packages/airflow/example_dags/example_sensors.py
[2024-07-26T12:37:29.212+0000] {processor.py:830} INFO - Processing file /home/airflow/.local/lib/python3.8/site-packages/airflow/example_dags/example_sensors.py for tasks to queue
[2024-07-26T12:37:29.214+0000] {logging_mixin.py:188} INFO - [2024-07-26T12:37:29.214+0000] {dagbag.py:538} INFO - Filling up the DagBag from /home/airflow/.local/lib/python3.8/site-packages/airflow/example_dags/example_sensors.py
[2024-07-26T12:37:29.224+0000] {processor.py:840} INFO - DAG(s) 'example_sensors' retrieved from /home/airflow/.local/lib/python3.8/site-packages/airflow/example_dags/example_sensors.py
[2024-07-26T12:37:29.262+0000] {logging_mixin.py:188} INFO - [2024-07-26T12:37:29.262+0000] {dag.py:3036} INFO - Sync 1 DAGs
[2024-07-26T12:37:29.286+0000] {logging_mixin.py:188} INFO - [2024-07-26T12:37:29.286+0000] {dag.py:3823} INFO - Setting next_dagrun for example_sensors to None, run_after=None
[2024-07-26T12:37:29.310+0000] {processor.py:183} INFO - Processing /home/airflow/.local/lib/python3.8/site-packages/airflow/example_dags/example_sensors.py took 0.102 seconds
[2024-07-26T12:38:52.565+0000] {processor.py:161} INFO - Started process (PID=104) to work on /home/airflow/.local/lib/python3.8/site-packages/airflow/example_dags/example_sensors.py
[2024-07-26T12:38:52.567+0000] {processor.py:830} INFO - Processing file /home/airflow/.local/lib/python3.8/site-packages/airflow/example_dags/example_sensors.py for tasks to queue
[2024-07-26T12:38:52.569+0000] {logging_mixin.py:188} INFO - [2024-07-26T12:38:52.569+0000] {dagbag.py:538} INFO - Filling up the DagBag from /home/airflow/.local/lib/python3.8/site-packages/airflow/example_dags/example_sensors.py
[2024-07-26T12:38:52.591+0000] {processor.py:840} INFO - DAG(s) 'example_sensors' retrieved from /home/airflow/.local/lib/python3.8/site-packages/airflow/example_dags/example_sensors.py
[2024-07-26T12:38:52.611+0000] {logging_mixin.py:188} INFO - [2024-07-26T12:38:52.610+0000] {dag.py:3036} INFO - Sync 1 DAGs
[2024-07-26T12:38:52.633+0000] {logging_mixin.py:188} INFO - [2024-07-26T12:38:52.632+0000] {dag.py:3823} INFO - Setting next_dagrun for example_sensors to None, run_after=None
[2024-07-26T12:38:52.658+0000] {processor.py:183} INFO - Processing /home/airflow/.local/lib/python3.8/site-packages/airflow/example_dags/example_sensors.py took 0.107 seconds
[2024-07-26T12:39:24.358+0000] {processor.py:161} INFO - Started process (PID=168) to work on /home/airflow/.local/lib/python3.8/site-packages/airflow/example_dags/example_sensors.py
[2024-07-26T12:39:24.360+0000] {processor.py:830} INFO - Processing file /home/airflow/.local/lib/python3.8/site-packages/airflow/example_dags/example_sensors.py for tasks to queue
[2024-07-26T12:39:24.366+0000] {logging_mixin.py:188} INFO - [2024-07-26T12:39:24.365+0000] {dagbag.py:538} INFO - Filling up the DagBag from /home/airflow/.local/lib/python3.8/site-packages/airflow/example_dags/example_sensors.py
[2024-07-26T12:39:24.397+0000] {processor.py:840} INFO - DAG(s) 'example_sensors' retrieved from /home/airflow/.local/lib/python3.8/site-packages/airflow/example_dags/example_sensors.py
[2024-07-26T12:39:24.611+0000] {logging_mixin.py:188} INFO - [2024-07-26T12:39:24.611+0000] {dag.py:3036} INFO - Sync 1 DAGs
[2024-07-26T12:39:24.623+0000] {logging_mixin.py:188} INFO - [2024-07-26T12:39:24.623+0000] {dag.py:3823} INFO - Setting next_dagrun for example_sensors to None, run_after=None
[2024-07-26T12:39:24.648+0000] {processor.py:183} INFO - Processing /home/airflow/.local/lib/python3.8/site-packages/airflow/example_dags/example_sensors.py took 0.298 seconds
[2024-07-26T12:43:19.005+0000] {processor.py:161} INFO - Started process (PID=115) to work on /home/airflow/.local/lib/python3.8/site-packages/airflow/example_dags/example_sensors.py
[2024-07-26T12:43:19.006+0000] {processor.py:830} INFO - Processing file /home/airflow/.local/lib/python3.8/site-packages/airflow/example_dags/example_sensors.py for tasks to queue
[2024-07-26T12:43:19.008+0000] {logging_mixin.py:188} INFO - [2024-07-26T12:43:19.008+0000] {dagbag.py:538} INFO - Filling up the DagBag from /home/airflow/.local/lib/python3.8/site-packages/airflow/example_dags/example_sensors.py
[2024-07-26T12:43:19.024+0000] {processor.py:840} INFO - DAG(s) 'example_sensors' retrieved from /home/airflow/.local/lib/python3.8/site-packages/airflow/example_dags/example_sensors.py
[2024-07-26T12:43:19.166+0000] {logging_mixin.py:188} INFO - [2024-07-26T12:43:19.166+0000] {dag.py:3036} INFO - Sync 1 DAGs
[2024-07-26T12:43:19.179+0000] {logging_mixin.py:188} INFO - [2024-07-26T12:43:19.178+0000] {dag.py:3823} INFO - Setting next_dagrun for example_sensors to None, run_after=None
[2024-07-26T12:43:19.201+0000] {processor.py:183} INFO - Processing /home/airflow/.local/lib/python3.8/site-packages/airflow/example_dags/example_sensors.py took 0.201 seconds
[2024-07-26T12:43:49.284+0000] {processor.py:161} INFO - Started process (PID=179) to work on /home/airflow/.local/lib/python3.8/site-packages/airflow/example_dags/example_sensors.py
[2024-07-26T12:43:49.285+0000] {processor.py:830} INFO - Processing file /home/airflow/.local/lib/python3.8/site-packages/airflow/example_dags/example_sensors.py for tasks to queue
[2024-07-26T12:43:49.287+0000] {logging_mixin.py:188} INFO - [2024-07-26T12:43:49.287+0000] {dagbag.py:538} INFO - Filling up the DagBag from /home/airflow/.local/lib/python3.8/site-packages/airflow/example_dags/example_sensors.py
[2024-07-26T12:43:49.298+0000] {processor.py:840} INFO - DAG(s) 'example_sensors' retrieved from /home/airflow/.local/lib/python3.8/site-packages/airflow/example_dags/example_sensors.py
[2024-07-26T12:43:49.327+0000] {logging_mixin.py:188} INFO - [2024-07-26T12:43:49.327+0000] {dag.py:3036} INFO - Sync 1 DAGs
[2024-07-26T12:43:49.341+0000] {logging_mixin.py:188} INFO - [2024-07-26T12:43:49.340+0000] {dag.py:3823} INFO - Setting next_dagrun for example_sensors to None, run_after=None
[2024-07-26T12:43:49.360+0000] {processor.py:183} INFO - Processing /home/airflow/.local/lib/python3.8/site-packages/airflow/example_dags/example_sensors.py took 0.081 seconds
[2024-07-26T12:44:20.379+0000] {processor.py:161} INFO - Started process (PID=243) to work on /home/airflow/.local/lib/python3.8/site-packages/airflow/example_dags/example_sensors.py
[2024-07-26T12:44:20.380+0000] {processor.py:830} INFO - Processing file /home/airflow/.local/lib/python3.8/site-packages/airflow/example_dags/example_sensors.py for tasks to queue
[2024-07-26T12:44:20.383+0000] {logging_mixin.py:188} INFO - [2024-07-26T12:44:20.382+0000] {dagbag.py:538} INFO - Filling up the DagBag from /home/airflow/.local/lib/python3.8/site-packages/airflow/example_dags/example_sensors.py
[2024-07-26T12:44:20.396+0000] {processor.py:840} INFO - DAG(s) 'example_sensors' retrieved from /home/airflow/.local/lib/python3.8/site-packages/airflow/example_dags/example_sensors.py
[2024-07-26T12:44:20.428+0000] {logging_mixin.py:188} INFO - [2024-07-26T12:44:20.427+0000] {dag.py:3036} INFO - Sync 1 DAGs
[2024-07-26T12:44:20.440+0000] {logging_mixin.py:188} INFO - [2024-07-26T12:44:20.440+0000] {dag.py:3823} INFO - Setting next_dagrun for example_sensors to None, run_after=None
[2024-07-26T12:44:20.457+0000] {processor.py:183} INFO - Processing /home/airflow/.local/lib/python3.8/site-packages/airflow/example_dags/example_sensors.py took 0.083 seconds
[2024-07-26T12:49:46.556+0000] {processor.py:161} INFO - Started process (PID=109) to work on /home/airflow/.local/lib/python3.8/site-packages/airflow/example_dags/example_sensors.py
[2024-07-26T12:49:46.557+0000] {processor.py:830} INFO - Processing file /home/airflow/.local/lib/python3.8/site-packages/airflow/example_dags/example_sensors.py for tasks to queue
[2024-07-26T12:49:46.559+0000] {logging_mixin.py:188} INFO - [2024-07-26T12:49:46.558+0000] {dagbag.py:538} INFO - Filling up the DagBag from /home/airflow/.local/lib/python3.8/site-packages/airflow/example_dags/example_sensors.py
[2024-07-26T12:49:46.573+0000] {processor.py:840} INFO - DAG(s) 'example_sensors' retrieved from /home/airflow/.local/lib/python3.8/site-packages/airflow/example_dags/example_sensors.py
[2024-07-26T12:49:46.726+0000] {logging_mixin.py:188} INFO - [2024-07-26T12:49:46.726+0000] {dag.py:3036} INFO - Sync 1 DAGs
[2024-07-26T12:49:46.739+0000] {logging_mixin.py:188} INFO - [2024-07-26T12:49:46.738+0000] {dag.py:3823} INFO - Setting next_dagrun for example_sensors to None, run_after=None
[2024-07-26T12:49:46.763+0000] {processor.py:183} INFO - Processing /home/airflow/.local/lib/python3.8/site-packages/airflow/example_dags/example_sensors.py took 0.210 seconds
[2024-07-26T12:50:17.267+0000] {processor.py:161} INFO - Started process (PID=173) to work on /home/airflow/.local/lib/python3.8/site-packages/airflow/example_dags/example_sensors.py
[2024-07-26T12:50:17.268+0000] {processor.py:830} INFO - Processing file /home/airflow/.local/lib/python3.8/site-packages/airflow/example_dags/example_sensors.py for tasks to queue
[2024-07-26T12:50:17.269+0000] {logging_mixin.py:188} INFO - [2024-07-26T12:50:17.269+0000] {dagbag.py:538} INFO - Filling up the DagBag from /home/airflow/.local/lib/python3.8/site-packages/airflow/example_dags/example_sensors.py
[2024-07-26T12:50:17.280+0000] {processor.py:840} INFO - DAG(s) 'example_sensors' retrieved from /home/airflow/.local/lib/python3.8/site-packages/airflow/example_dags/example_sensors.py
[2024-07-26T12:50:17.312+0000] {logging_mixin.py:188} INFO - [2024-07-26T12:50:17.312+0000] {dag.py:3036} INFO - Sync 1 DAGs
[2024-07-26T12:50:17.327+0000] {logging_mixin.py:188} INFO - [2024-07-26T12:50:17.326+0000] {dag.py:3823} INFO - Setting next_dagrun for example_sensors to None, run_after=None
[2024-07-26T12:50:17.347+0000] {processor.py:183} INFO - Processing /home/airflow/.local/lib/python3.8/site-packages/airflow/example_dags/example_sensors.py took 0.084 seconds
[2024-07-26T12:50:48.443+0000] {processor.py:161} INFO - Started process (PID=237) to work on /home/airflow/.local/lib/python3.8/site-packages/airflow/example_dags/example_sensors.py
[2024-07-26T12:50:48.444+0000] {processor.py:830} INFO - Processing file /home/airflow/.local/lib/python3.8/site-packages/airflow/example_dags/example_sensors.py for tasks to queue
[2024-07-26T12:50:48.447+0000] {logging_mixin.py:188} INFO - [2024-07-26T12:50:48.446+0000] {dagbag.py:538} INFO - Filling up the DagBag from /home/airflow/.local/lib/python3.8/site-packages/airflow/example_dags/example_sensors.py
[2024-07-26T12:50:48.456+0000] {processor.py:840} INFO - DAG(s) 'example_sensors' retrieved from /home/airflow/.local/lib/python3.8/site-packages/airflow/example_dags/example_sensors.py
[2024-07-26T12:50:48.486+0000] {logging_mixin.py:188} INFO - [2024-07-26T12:50:48.486+0000] {dag.py:3036} INFO - Sync 1 DAGs
[2024-07-26T12:50:48.500+0000] {logging_mixin.py:188} INFO - [2024-07-26T12:50:48.499+0000] {dag.py:3823} INFO - Setting next_dagrun for example_sensors to None, run_after=None
[2024-07-26T12:50:48.520+0000] {processor.py:183} INFO - Processing /home/airflow/.local/lib/python3.8/site-packages/airflow/example_dags/example_sensors.py took 0.081 seconds
[2024-07-26T12:51:18.589+0000] {processor.py:161} INFO - Started process (PID=292) to work on /home/airflow/.local/lib/python3.8/site-packages/airflow/example_dags/example_sensors.py
[2024-07-26T12:51:18.590+0000] {processor.py:830} INFO - Processing file /home/airflow/.local/lib/python3.8/site-packages/airflow/example_dags/example_sensors.py for tasks to queue
[2024-07-26T12:51:18.592+0000] {logging_mixin.py:188} INFO - [2024-07-26T12:51:18.592+0000] {dagbag.py:538} INFO - Filling up the DagBag from /home/airflow/.local/lib/python3.8/site-packages/airflow/example_dags/example_sensors.py
[2024-07-26T12:51:18.606+0000] {processor.py:840} INFO - DAG(s) 'example_sensors' retrieved from /home/airflow/.local/lib/python3.8/site-packages/airflow/example_dags/example_sensors.py
[2024-07-26T12:51:18.633+0000] {logging_mixin.py:188} INFO - [2024-07-26T12:51:18.633+0000] {dag.py:3036} INFO - Sync 1 DAGs
[2024-07-26T12:51:18.647+0000] {logging_mixin.py:188} INFO - [2024-07-26T12:51:18.646+0000] {dag.py:3823} INFO - Setting next_dagrun for example_sensors to None, run_after=None
[2024-07-26T12:51:18.669+0000] {processor.py:183} INFO - Processing /home/airflow/.local/lib/python3.8/site-packages/airflow/example_dags/example_sensors.py took 0.084 seconds
[2024-07-26T12:51:48.725+0000] {processor.py:161} INFO - Started process (PID=356) to work on /home/airflow/.local/lib/python3.8/site-packages/airflow/example_dags/example_sensors.py
[2024-07-26T12:51:48.727+0000] {processor.py:830} INFO - Processing file /home/airflow/.local/lib/python3.8/site-packages/airflow/example_dags/example_sensors.py for tasks to queue
[2024-07-26T12:51:48.729+0000] {logging_mixin.py:188} INFO - [2024-07-26T12:51:48.728+0000] {dagbag.py:538} INFO - Filling up the DagBag from /home/airflow/.local/lib/python3.8/site-packages/airflow/example_dags/example_sensors.py
[2024-07-26T12:51:48.741+0000] {processor.py:840} INFO - DAG(s) 'example_sensors' retrieved from /home/airflow/.local/lib/python3.8/site-packages/airflow/example_dags/example_sensors.py
[2024-07-26T12:51:48.771+0000] {logging_mixin.py:188} INFO - [2024-07-26T12:51:48.770+0000] {dag.py:3036} INFO - Sync 1 DAGs
[2024-07-26T12:51:48.786+0000] {logging_mixin.py:188} INFO - [2024-07-26T12:51:48.786+0000] {dag.py:3823} INFO - Setting next_dagrun for example_sensors to None, run_after=None
[2024-07-26T12:51:48.810+0000] {processor.py:183} INFO - Processing /home/airflow/.local/lib/python3.8/site-packages/airflow/example_dags/example_sensors.py took 0.088 seconds
[2024-07-26T12:52:19.368+0000] {processor.py:161} INFO - Started process (PID=420) to work on /home/airflow/.local/lib/python3.8/site-packages/airflow/example_dags/example_sensors.py
[2024-07-26T12:52:19.369+0000] {processor.py:830} INFO - Processing file /home/airflow/.local/lib/python3.8/site-packages/airflow/example_dags/example_sensors.py for tasks to queue
[2024-07-26T12:52:19.372+0000] {logging_mixin.py:188} INFO - [2024-07-26T12:52:19.371+0000] {dagbag.py:538} INFO - Filling up the DagBag from /home/airflow/.local/lib/python3.8/site-packages/airflow/example_dags/example_sensors.py
[2024-07-26T12:52:19.382+0000] {processor.py:840} INFO - DAG(s) 'example_sensors' retrieved from /home/airflow/.local/lib/python3.8/site-packages/airflow/example_dags/example_sensors.py
[2024-07-26T12:52:19.411+0000] {logging_mixin.py:188} INFO - [2024-07-26T12:52:19.410+0000] {dag.py:3036} INFO - Sync 1 DAGs
[2024-07-26T12:52:19.424+0000] {logging_mixin.py:188} INFO - [2024-07-26T12:52:19.424+0000] {dag.py:3823} INFO - Setting next_dagrun for example_sensors to None, run_after=None
[2024-07-26T12:52:19.448+0000] {processor.py:183} INFO - Processing /home/airflow/.local/lib/python3.8/site-packages/airflow/example_dags/example_sensors.py took 0.083 seconds
[2024-07-26T12:52:49.840+0000] {processor.py:161} INFO - Started process (PID=484) to work on /home/airflow/.local/lib/python3.8/site-packages/airflow/example_dags/example_sensors.py
[2024-07-26T12:52:49.841+0000] {processor.py:830} INFO - Processing file /home/airflow/.local/lib/python3.8/site-packages/airflow/example_dags/example_sensors.py for tasks to queue
[2024-07-26T12:52:49.843+0000] {logging_mixin.py:188} INFO - [2024-07-26T12:52:49.843+0000] {dagbag.py:538} INFO - Filling up the DagBag from /home/airflow/.local/lib/python3.8/site-packages/airflow/example_dags/example_sensors.py
[2024-07-26T12:52:49.855+0000] {processor.py:840} INFO - DAG(s) 'example_sensors' retrieved from /home/airflow/.local/lib/python3.8/site-packages/airflow/example_dags/example_sensors.py
[2024-07-26T12:52:49.888+0000] {logging_mixin.py:188} INFO - [2024-07-26T12:52:49.887+0000] {dag.py:3036} INFO - Sync 1 DAGs
[2024-07-26T12:52:49.906+0000] {logging_mixin.py:188} INFO - [2024-07-26T12:52:49.906+0000] {dag.py:3823} INFO - Setting next_dagrun for example_sensors to None, run_after=None
[2024-07-26T12:52:49.939+0000] {processor.py:183} INFO - Processing /home/airflow/.local/lib/python3.8/site-packages/airflow/example_dags/example_sensors.py took 0.102 seconds
[2024-07-26T12:53:20.492+0000] {processor.py:161} INFO - Started process (PID=548) to work on /home/airflow/.local/lib/python3.8/site-packages/airflow/example_dags/example_sensors.py
[2024-07-26T12:53:20.494+0000] {processor.py:830} INFO - Processing file /home/airflow/.local/lib/python3.8/site-packages/airflow/example_dags/example_sensors.py for tasks to queue
[2024-07-26T12:53:20.498+0000] {logging_mixin.py:188} INFO - [2024-07-26T12:53:20.497+0000] {dagbag.py:538} INFO - Filling up the DagBag from /home/airflow/.local/lib/python3.8/site-packages/airflow/example_dags/example_sensors.py
[2024-07-26T12:53:20.511+0000] {processor.py:840} INFO - DAG(s) 'example_sensors' retrieved from /home/airflow/.local/lib/python3.8/site-packages/airflow/example_dags/example_sensors.py
[2024-07-26T12:53:20.540+0000] {logging_mixin.py:188} INFO - [2024-07-26T12:53:20.540+0000] {dag.py:3036} INFO - Sync 1 DAGs
[2024-07-26T12:53:20.559+0000] {logging_mixin.py:188} INFO - [2024-07-26T12:53:20.558+0000] {dag.py:3823} INFO - Setting next_dagrun for example_sensors to None, run_after=None
[2024-07-26T12:53:20.580+0000] {processor.py:183} INFO - Processing /home/airflow/.local/lib/python3.8/site-packages/airflow/example_dags/example_sensors.py took 0.093 seconds
[2024-07-26T12:53:50.740+0000] {processor.py:161} INFO - Started process (PID=612) to work on /home/airflow/.local/lib/python3.8/site-packages/airflow/example_dags/example_sensors.py
[2024-07-26T12:53:50.741+0000] {processor.py:830} INFO - Processing file /home/airflow/.local/lib/python3.8/site-packages/airflow/example_dags/example_sensors.py for tasks to queue
[2024-07-26T12:53:50.743+0000] {logging_mixin.py:188} INFO - [2024-07-26T12:53:50.743+0000] {dagbag.py:538} INFO - Filling up the DagBag from /home/airflow/.local/lib/python3.8/site-packages/airflow/example_dags/example_sensors.py
[2024-07-26T12:53:50.759+0000] {processor.py:840} INFO - DAG(s) 'example_sensors' retrieved from /home/airflow/.local/lib/python3.8/site-packages/airflow/example_dags/example_sensors.py
[2024-07-26T12:53:50.791+0000] {logging_mixin.py:188} INFO - [2024-07-26T12:53:50.791+0000] {dag.py:3036} INFO - Sync 1 DAGs
[2024-07-26T12:53:50.806+0000] {logging_mixin.py:188} INFO - [2024-07-26T12:53:50.805+0000] {dag.py:3823} INFO - Setting next_dagrun for example_sensors to None, run_after=None
[2024-07-26T12:53:50.825+0000] {processor.py:183} INFO - Processing /home/airflow/.local/lib/python3.8/site-packages/airflow/example_dags/example_sensors.py took 0.089 seconds
[2024-07-26T12:54:21.149+0000] {processor.py:161} INFO - Started process (PID=676) to work on /home/airflow/.local/lib/python3.8/site-packages/airflow/example_dags/example_sensors.py
[2024-07-26T12:54:21.150+0000] {processor.py:830} INFO - Processing file /home/airflow/.local/lib/python3.8/site-packages/airflow/example_dags/example_sensors.py for tasks to queue
[2024-07-26T12:54:21.152+0000] {logging_mixin.py:188} INFO - [2024-07-26T12:54:21.151+0000] {dagbag.py:538} INFO - Filling up the DagBag from /home/airflow/.local/lib/python3.8/site-packages/airflow/example_dags/example_sensors.py
[2024-07-26T12:54:21.162+0000] {processor.py:840} INFO - DAG(s) 'example_sensors' retrieved from /home/airflow/.local/lib/python3.8/site-packages/airflow/example_dags/example_sensors.py
[2024-07-26T12:54:21.192+0000] {logging_mixin.py:188} INFO - [2024-07-26T12:54:21.192+0000] {dag.py:3036} INFO - Sync 1 DAGs
[2024-07-26T12:54:21.206+0000] {logging_mixin.py:188} INFO - [2024-07-26T12:54:21.206+0000] {dag.py:3823} INFO - Setting next_dagrun for example_sensors to None, run_after=None
[2024-07-26T12:54:21.226+0000] {processor.py:183} INFO - Processing /home/airflow/.local/lib/python3.8/site-packages/airflow/example_dags/example_sensors.py took 0.080 seconds
[2024-07-26T12:54:51.483+0000] {processor.py:161} INFO - Started process (PID=740) to work on /home/airflow/.local/lib/python3.8/site-packages/airflow/example_dags/example_sensors.py
[2024-07-26T12:54:51.484+0000] {processor.py:830} INFO - Processing file /home/airflow/.local/lib/python3.8/site-packages/airflow/example_dags/example_sensors.py for tasks to queue
[2024-07-26T12:54:51.486+0000] {logging_mixin.py:188} INFO - [2024-07-26T12:54:51.486+0000] {dagbag.py:538} INFO - Filling up the DagBag from /home/airflow/.local/lib/python3.8/site-packages/airflow/example_dags/example_sensors.py
[2024-07-26T12:54:51.496+0000] {processor.py:840} INFO - DAG(s) 'example_sensors' retrieved from /home/airflow/.local/lib/python3.8/site-packages/airflow/example_dags/example_sensors.py
[2024-07-26T12:54:51.527+0000] {logging_mixin.py:188} INFO - [2024-07-26T12:54:51.527+0000] {dag.py:3036} INFO - Sync 1 DAGs
[2024-07-26T12:54:51.541+0000] {logging_mixin.py:188} INFO - [2024-07-26T12:54:51.540+0000] {dag.py:3823} INFO - Setting next_dagrun for example_sensors to None, run_after=None
[2024-07-26T12:54:51.562+0000] {processor.py:183} INFO - Processing /home/airflow/.local/lib/python3.8/site-packages/airflow/example_dags/example_sensors.py took 0.082 seconds
[2024-07-26T12:55:21.997+0000] {processor.py:161} INFO - Started process (PID=804) to work on /home/airflow/.local/lib/python3.8/site-packages/airflow/example_dags/example_sensors.py
[2024-07-26T12:55:21.998+0000] {processor.py:830} INFO - Processing file /home/airflow/.local/lib/python3.8/site-packages/airflow/example_dags/example_sensors.py for tasks to queue
[2024-07-26T12:55:22.001+0000] {logging_mixin.py:188} INFO - [2024-07-26T12:55:22.001+0000] {dagbag.py:538} INFO - Filling up the DagBag from /home/airflow/.local/lib/python3.8/site-packages/airflow/example_dags/example_sensors.py
[2024-07-26T12:55:22.011+0000] {processor.py:840} INFO - DAG(s) 'example_sensors' retrieved from /home/airflow/.local/lib/python3.8/site-packages/airflow/example_dags/example_sensors.py
[2024-07-26T12:55:22.040+0000] {logging_mixin.py:188} INFO - [2024-07-26T12:55:22.040+0000] {dag.py:3036} INFO - Sync 1 DAGs
[2024-07-26T12:55:22.054+0000] {logging_mixin.py:188} INFO - [2024-07-26T12:55:22.054+0000] {dag.py:3823} INFO - Setting next_dagrun for example_sensors to None, run_after=None
[2024-07-26T12:55:22.076+0000] {processor.py:183} INFO - Processing /home/airflow/.local/lib/python3.8/site-packages/airflow/example_dags/example_sensors.py took 0.083 seconds
[2024-07-26T12:55:52.931+0000] {processor.py:161} INFO - Started process (PID=868) to work on /home/airflow/.local/lib/python3.8/site-packages/airflow/example_dags/example_sensors.py
[2024-07-26T12:55:52.932+0000] {processor.py:830} INFO - Processing file /home/airflow/.local/lib/python3.8/site-packages/airflow/example_dags/example_sensors.py for tasks to queue
[2024-07-26T12:55:52.934+0000] {logging_mixin.py:188} INFO - [2024-07-26T12:55:52.934+0000] {dagbag.py:538} INFO - Filling up the DagBag from /home/airflow/.local/lib/python3.8/site-packages/airflow/example_dags/example_sensors.py
[2024-07-26T12:55:52.945+0000] {processor.py:840} INFO - DAG(s) 'example_sensors' retrieved from /home/airflow/.local/lib/python3.8/site-packages/airflow/example_dags/example_sensors.py
[2024-07-26T12:55:52.983+0000] {logging_mixin.py:188} INFO - [2024-07-26T12:55:52.982+0000] {dag.py:3036} INFO - Sync 1 DAGs
[2024-07-26T12:55:53.013+0000] {logging_mixin.py:188} INFO - [2024-07-26T12:55:53.013+0000] {dag.py:3823} INFO - Setting next_dagrun for example_sensors to None, run_after=None
[2024-07-26T12:55:53.034+0000] {processor.py:183} INFO - Processing /home/airflow/.local/lib/python3.8/site-packages/airflow/example_dags/example_sensors.py took 0.107 seconds
[2024-07-26T12:56:23.782+0000] {processor.py:161} INFO - Started process (PID=932) to work on /home/airflow/.local/lib/python3.8/site-packages/airflow/example_dags/example_sensors.py
[2024-07-26T12:56:23.784+0000] {processor.py:830} INFO - Processing file /home/airflow/.local/lib/python3.8/site-packages/airflow/example_dags/example_sensors.py for tasks to queue
[2024-07-26T12:56:23.786+0000] {logging_mixin.py:188} INFO - [2024-07-26T12:56:23.786+0000] {dagbag.py:538} INFO - Filling up the DagBag from /home/airflow/.local/lib/python3.8/site-packages/airflow/example_dags/example_sensors.py
[2024-07-26T12:56:23.795+0000] {processor.py:840} INFO - DAG(s) 'example_sensors' retrieved from /home/airflow/.local/lib/python3.8/site-packages/airflow/example_dags/example_sensors.py
[2024-07-26T12:56:23.823+0000] {logging_mixin.py:188} INFO - [2024-07-26T12:56:23.823+0000] {dag.py:3036} INFO - Sync 1 DAGs
[2024-07-26T12:56:23.837+0000] {logging_mixin.py:188} INFO - [2024-07-26T12:56:23.837+0000] {dag.py:3823} INFO - Setting next_dagrun for example_sensors to None, run_after=None
[2024-07-26T12:56:23.860+0000] {processor.py:183} INFO - Processing /home/airflow/.local/lib/python3.8/site-packages/airflow/example_dags/example_sensors.py took 0.082 seconds
[2024-07-26T12:56:54.372+0000] {processor.py:161} INFO - Started process (PID=996) to work on /home/airflow/.local/lib/python3.8/site-packages/airflow/example_dags/example_sensors.py
[2024-07-26T12:56:54.372+0000] {processor.py:830} INFO - Processing file /home/airflow/.local/lib/python3.8/site-packages/airflow/example_dags/example_sensors.py for tasks to queue
[2024-07-26T12:56:54.374+0000] {logging_mixin.py:188} INFO - [2024-07-26T12:56:54.374+0000] {dagbag.py:538} INFO - Filling up the DagBag from /home/airflow/.local/lib/python3.8/site-packages/airflow/example_dags/example_sensors.py
[2024-07-26T12:56:54.383+0000] {processor.py:840} INFO - DAG(s) 'example_sensors' retrieved from /home/airflow/.local/lib/python3.8/site-packages/airflow/example_dags/example_sensors.py
[2024-07-26T12:56:54.412+0000] {logging_mixin.py:188} INFO - [2024-07-26T12:56:54.412+0000] {dag.py:3036} INFO - Sync 1 DAGs
[2024-07-26T12:56:54.426+0000] {logging_mixin.py:188} INFO - [2024-07-26T12:56:54.426+0000] {dag.py:3823} INFO - Setting next_dagrun for example_sensors to None, run_after=None
[2024-07-26T12:56:54.444+0000] {processor.py:183} INFO - Processing /home/airflow/.local/lib/python3.8/site-packages/airflow/example_dags/example_sensors.py took 0.076 seconds
[2024-07-26T12:57:24.877+0000] {processor.py:161} INFO - Started process (PID=1060) to work on /home/airflow/.local/lib/python3.8/site-packages/airflow/example_dags/example_sensors.py
[2024-07-26T12:57:24.879+0000] {processor.py:830} INFO - Processing file /home/airflow/.local/lib/python3.8/site-packages/airflow/example_dags/example_sensors.py for tasks to queue
[2024-07-26T12:57:24.881+0000] {logging_mixin.py:188} INFO - [2024-07-26T12:57:24.881+0000] {dagbag.py:538} INFO - Filling up the DagBag from /home/airflow/.local/lib/python3.8/site-packages/airflow/example_dags/example_sensors.py
[2024-07-26T12:57:24.890+0000] {processor.py:840} INFO - DAG(s) 'example_sensors' retrieved from /home/airflow/.local/lib/python3.8/site-packages/airflow/example_dags/example_sensors.py
[2024-07-26T12:57:24.919+0000] {logging_mixin.py:188} INFO - [2024-07-26T12:57:24.918+0000] {dag.py:3036} INFO - Sync 1 DAGs
[2024-07-26T12:57:24.934+0000] {logging_mixin.py:188} INFO - [2024-07-26T12:57:24.933+0000] {dag.py:3823} INFO - Setting next_dagrun for example_sensors to None, run_after=None
[2024-07-26T12:57:24.954+0000] {processor.py:183} INFO - Processing /home/airflow/.local/lib/python3.8/site-packages/airflow/example_dags/example_sensors.py took 0.080 seconds
[2024-07-26T12:57:55.283+0000] {processor.py:161} INFO - Started process (PID=1124) to work on /home/airflow/.local/lib/python3.8/site-packages/airflow/example_dags/example_sensors.py
[2024-07-26T12:57:55.284+0000] {processor.py:830} INFO - Processing file /home/airflow/.local/lib/python3.8/site-packages/airflow/example_dags/example_sensors.py for tasks to queue
[2024-07-26T12:57:55.286+0000] {logging_mixin.py:188} INFO - [2024-07-26T12:57:55.285+0000] {dagbag.py:538} INFO - Filling up the DagBag from /home/airflow/.local/lib/python3.8/site-packages/airflow/example_dags/example_sensors.py
[2024-07-26T12:57:55.295+0000] {processor.py:840} INFO - DAG(s) 'example_sensors' retrieved from /home/airflow/.local/lib/python3.8/site-packages/airflow/example_dags/example_sensors.py
[2024-07-26T12:57:55.326+0000] {logging_mixin.py:188} INFO - [2024-07-26T12:57:55.326+0000] {dag.py:3036} INFO - Sync 1 DAGs
[2024-07-26T12:57:55.340+0000] {logging_mixin.py:188} INFO - [2024-07-26T12:57:55.340+0000] {dag.py:3823} INFO - Setting next_dagrun for example_sensors to None, run_after=None
[2024-07-26T12:57:55.359+0000] {processor.py:183} INFO - Processing /home/airflow/.local/lib/python3.8/site-packages/airflow/example_dags/example_sensors.py took 0.079 seconds
[2024-07-26T12:58:25.677+0000] {processor.py:161} INFO - Started process (PID=1188) to work on /home/airflow/.local/lib/python3.8/site-packages/airflow/example_dags/example_sensors.py
[2024-07-26T12:58:25.679+0000] {processor.py:830} INFO - Processing file /home/airflow/.local/lib/python3.8/site-packages/airflow/example_dags/example_sensors.py for tasks to queue
[2024-07-26T12:58:25.681+0000] {logging_mixin.py:188} INFO - [2024-07-26T12:58:25.681+0000] {dagbag.py:538} INFO - Filling up the DagBag from /home/airflow/.local/lib/python3.8/site-packages/airflow/example_dags/example_sensors.py
[2024-07-26T12:58:25.691+0000] {processor.py:840} INFO - DAG(s) 'example_sensors' retrieved from /home/airflow/.local/lib/python3.8/site-packages/airflow/example_dags/example_sensors.py
[2024-07-26T12:58:25.721+0000] {logging_mixin.py:188} INFO - [2024-07-26T12:58:25.721+0000] {dag.py:3036} INFO - Sync 1 DAGs
[2024-07-26T12:58:25.734+0000] {logging_mixin.py:188} INFO - [2024-07-26T12:58:25.734+0000] {dag.py:3823} INFO - Setting next_dagrun for example_sensors to None, run_after=None
[2024-07-26T12:58:25.754+0000] {processor.py:183} INFO - Processing /home/airflow/.local/lib/python3.8/site-packages/airflow/example_dags/example_sensors.py took 0.080 seconds
[2024-07-26T12:58:56.846+0000] {processor.py:161} INFO - Started process (PID=1252) to work on /home/airflow/.local/lib/python3.8/site-packages/airflow/example_dags/example_sensors.py
[2024-07-26T12:58:56.847+0000] {processor.py:830} INFO - Processing file /home/airflow/.local/lib/python3.8/site-packages/airflow/example_dags/example_sensors.py for tasks to queue
[2024-07-26T12:58:56.849+0000] {logging_mixin.py:188} INFO - [2024-07-26T12:58:56.848+0000] {dagbag.py:538} INFO - Filling up the DagBag from /home/airflow/.local/lib/python3.8/site-packages/airflow/example_dags/example_sensors.py
[2024-07-26T12:58:56.859+0000] {processor.py:840} INFO - DAG(s) 'example_sensors' retrieved from /home/airflow/.local/lib/python3.8/site-packages/airflow/example_dags/example_sensors.py
[2024-07-26T12:58:56.890+0000] {logging_mixin.py:188} INFO - [2024-07-26T12:58:56.889+0000] {dag.py:3036} INFO - Sync 1 DAGs
[2024-07-26T12:58:56.904+0000] {logging_mixin.py:188} INFO - [2024-07-26T12:58:56.904+0000] {dag.py:3823} INFO - Setting next_dagrun for example_sensors to None, run_after=None
[2024-07-26T12:58:56.929+0000] {processor.py:183} INFO - Processing /home/airflow/.local/lib/python3.8/site-packages/airflow/example_dags/example_sensors.py took 0.087 seconds
