[2024-07-26T12:15:26.092+0000] {processor.py:161} INFO - Started process (PID=103) to work on /home/airflow/.local/lib/python3.8/site-packages/airflow/example_dags/example_nested_branch_dag.py
[2024-07-26T12:15:26.093+0000] {processor.py:830} INFO - Processing file /home/airflow/.local/lib/python3.8/site-packages/airflow/example_dags/example_nested_branch_dag.py for tasks to queue
[2024-07-26T12:15:26.095+0000] {logging_mixin.py:188} INFO - [2024-07-26T12:15:26.095+0000] {dagbag.py:538} INFO - Filling up the DagBag from /home/airflow/.local/lib/python3.8/site-packages/airflow/example_dags/example_nested_branch_dag.py
[2024-07-26T12:15:26.119+0000] {processor.py:840} INFO - DAG(s) 'example_nested_branch_dag' retrieved from /home/airflow/.local/lib/python3.8/site-packages/airflow/example_dags/example_nested_branch_dag.py
[2024-07-26T12:15:26.294+0000] {logging_mixin.py:188} INFO - [2024-07-26T12:15:26.294+0000] {dag.py:3036} INFO - Sync 1 DAGs
[2024-07-26T12:15:26.324+0000] {logging_mixin.py:188} INFO - [2024-07-26T12:15:26.324+0000] {dag.py:3823} INFO - Setting next_dagrun for example_nested_branch_dag to 2024-07-25 00:00:00+00:00, run_after=2024-07-26 00:00:00+00:00
[2024-07-26T12:15:26.351+0000] {processor.py:183} INFO - Processing /home/airflow/.local/lib/python3.8/site-packages/airflow/example_dags/example_nested_branch_dag.py took 0.263 seconds
[2024-07-26T12:15:56.739+0000] {processor.py:161} INFO - Started process (PID=167) to work on /home/airflow/.local/lib/python3.8/site-packages/airflow/example_dags/example_nested_branch_dag.py
[2024-07-26T12:15:56.740+0000] {processor.py:830} INFO - Processing file /home/airflow/.local/lib/python3.8/site-packages/airflow/example_dags/example_nested_branch_dag.py for tasks to queue
[2024-07-26T12:15:56.742+0000] {logging_mixin.py:188} INFO - [2024-07-26T12:15:56.742+0000] {dagbag.py:538} INFO - Filling up the DagBag from /home/airflow/.local/lib/python3.8/site-packages/airflow/example_dags/example_nested_branch_dag.py
[2024-07-26T12:15:56.761+0000] {processor.py:840} INFO - DAG(s) 'example_nested_branch_dag' retrieved from /home/airflow/.local/lib/python3.8/site-packages/airflow/example_dags/example_nested_branch_dag.py
[2024-07-26T12:15:56.792+0000] {logging_mixin.py:188} INFO - [2024-07-26T12:15:56.792+0000] {dag.py:3036} INFO - Sync 1 DAGs
[2024-07-26T12:15:56.819+0000] {logging_mixin.py:188} INFO - [2024-07-26T12:15:56.819+0000] {dag.py:3823} INFO - Setting next_dagrun for example_nested_branch_dag to 2024-07-25 00:00:00+00:00, run_after=2024-07-26 00:00:00+00:00
[2024-07-26T12:15:56.838+0000] {processor.py:183} INFO - Processing /home/airflow/.local/lib/python3.8/site-packages/airflow/example_dags/example_nested_branch_dag.py took 0.103 seconds
[2024-07-26T12:16:27.405+0000] {processor.py:161} INFO - Started process (PID=224) to work on /home/airflow/.local/lib/python3.8/site-packages/airflow/example_dags/example_nested_branch_dag.py
[2024-07-26T12:16:27.406+0000] {processor.py:830} INFO - Processing file /home/airflow/.local/lib/python3.8/site-packages/airflow/example_dags/example_nested_branch_dag.py for tasks to queue
[2024-07-26T12:16:27.408+0000] {logging_mixin.py:188} INFO - [2024-07-26T12:16:27.408+0000] {dagbag.py:538} INFO - Filling up the DagBag from /home/airflow/.local/lib/python3.8/site-packages/airflow/example_dags/example_nested_branch_dag.py
[2024-07-26T12:16:27.451+0000] {processor.py:840} INFO - DAG(s) 'example_nested_branch_dag' retrieved from /home/airflow/.local/lib/python3.8/site-packages/airflow/example_dags/example_nested_branch_dag.py
[2024-07-26T12:16:27.508+0000] {logging_mixin.py:188} INFO - [2024-07-26T12:16:27.508+0000] {dag.py:3036} INFO - Sync 1 DAGs
[2024-07-26T12:16:27.535+0000] {logging_mixin.py:188} INFO - [2024-07-26T12:16:27.535+0000] {dag.py:3823} INFO - Setting next_dagrun for example_nested_branch_dag to 2024-07-25 00:00:00+00:00, run_after=2024-07-26 00:00:00+00:00
[2024-07-26T12:16:27.560+0000] {processor.py:183} INFO - Processing /home/airflow/.local/lib/python3.8/site-packages/airflow/example_dags/example_nested_branch_dag.py took 0.158 seconds
[2024-07-26T12:16:57.609+0000] {processor.py:161} INFO - Started process (PID=286) to work on /home/airflow/.local/lib/python3.8/site-packages/airflow/example_dags/example_nested_branch_dag.py
[2024-07-26T12:16:57.610+0000] {processor.py:830} INFO - Processing file /home/airflow/.local/lib/python3.8/site-packages/airflow/example_dags/example_nested_branch_dag.py for tasks to queue
[2024-07-26T12:16:57.613+0000] {logging_mixin.py:188} INFO - [2024-07-26T12:16:57.612+0000] {dagbag.py:538} INFO - Filling up the DagBag from /home/airflow/.local/lib/python3.8/site-packages/airflow/example_dags/example_nested_branch_dag.py
[2024-07-26T12:16:57.629+0000] {processor.py:840} INFO - DAG(s) 'example_nested_branch_dag' retrieved from /home/airflow/.local/lib/python3.8/site-packages/airflow/example_dags/example_nested_branch_dag.py
[2024-07-26T12:16:57.662+0000] {logging_mixin.py:188} INFO - [2024-07-26T12:16:57.662+0000] {dag.py:3036} INFO - Sync 1 DAGs
[2024-07-26T12:16:57.690+0000] {logging_mixin.py:188} INFO - [2024-07-26T12:16:57.690+0000] {dag.py:3823} INFO - Setting next_dagrun for example_nested_branch_dag to 2024-07-25 00:00:00+00:00, run_after=2024-07-26 00:00:00+00:00
[2024-07-26T12:16:57.714+0000] {processor.py:183} INFO - Processing /home/airflow/.local/lib/python3.8/site-packages/airflow/example_dags/example_nested_branch_dag.py took 0.110 seconds
[2024-07-26T12:17:28.168+0000] {processor.py:161} INFO - Started process (PID=350) to work on /home/airflow/.local/lib/python3.8/site-packages/airflow/example_dags/example_nested_branch_dag.py
[2024-07-26T12:17:28.169+0000] {processor.py:830} INFO - Processing file /home/airflow/.local/lib/python3.8/site-packages/airflow/example_dags/example_nested_branch_dag.py for tasks to queue
[2024-07-26T12:17:28.172+0000] {logging_mixin.py:188} INFO - [2024-07-26T12:17:28.171+0000] {dagbag.py:538} INFO - Filling up the DagBag from /home/airflow/.local/lib/python3.8/site-packages/airflow/example_dags/example_nested_branch_dag.py
[2024-07-26T12:17:28.187+0000] {processor.py:840} INFO - DAG(s) 'example_nested_branch_dag' retrieved from /home/airflow/.local/lib/python3.8/site-packages/airflow/example_dags/example_nested_branch_dag.py
[2024-07-26T12:17:28.211+0000] {logging_mixin.py:188} INFO - [2024-07-26T12:17:28.211+0000] {dag.py:3036} INFO - Sync 1 DAGs
[2024-07-26T12:17:28.237+0000] {logging_mixin.py:188} INFO - [2024-07-26T12:17:28.237+0000] {dag.py:3823} INFO - Setting next_dagrun for example_nested_branch_dag to 2024-07-25 00:00:00+00:00, run_after=2024-07-26 00:00:00+00:00
[2024-07-26T12:17:28.256+0000] {processor.py:183} INFO - Processing /home/airflow/.local/lib/python3.8/site-packages/airflow/example_dags/example_nested_branch_dag.py took 0.093 seconds
[2024-07-26T12:17:58.415+0000] {processor.py:161} INFO - Started process (PID=414) to work on /home/airflow/.local/lib/python3.8/site-packages/airflow/example_dags/example_nested_branch_dag.py
[2024-07-26T12:17:58.416+0000] {processor.py:830} INFO - Processing file /home/airflow/.local/lib/python3.8/site-packages/airflow/example_dags/example_nested_branch_dag.py for tasks to queue
[2024-07-26T12:17:58.418+0000] {logging_mixin.py:188} INFO - [2024-07-26T12:17:58.417+0000] {dagbag.py:538} INFO - Filling up the DagBag from /home/airflow/.local/lib/python3.8/site-packages/airflow/example_dags/example_nested_branch_dag.py
[2024-07-26T12:17:58.430+0000] {processor.py:840} INFO - DAG(s) 'example_nested_branch_dag' retrieved from /home/airflow/.local/lib/python3.8/site-packages/airflow/example_dags/example_nested_branch_dag.py
[2024-07-26T12:17:58.455+0000] {logging_mixin.py:188} INFO - [2024-07-26T12:17:58.455+0000] {dag.py:3036} INFO - Sync 1 DAGs
[2024-07-26T12:17:58.485+0000] {logging_mixin.py:188} INFO - [2024-07-26T12:17:58.485+0000] {dag.py:3823} INFO - Setting next_dagrun for example_nested_branch_dag to 2024-07-25 00:00:00+00:00, run_after=2024-07-26 00:00:00+00:00
[2024-07-26T12:17:58.505+0000] {processor.py:183} INFO - Processing /home/airflow/.local/lib/python3.8/site-packages/airflow/example_dags/example_nested_branch_dag.py took 0.094 seconds
[2024-07-26T12:18:29.245+0000] {processor.py:161} INFO - Started process (PID=478) to work on /home/airflow/.local/lib/python3.8/site-packages/airflow/example_dags/example_nested_branch_dag.py
[2024-07-26T12:18:29.246+0000] {processor.py:830} INFO - Processing file /home/airflow/.local/lib/python3.8/site-packages/airflow/example_dags/example_nested_branch_dag.py for tasks to queue
[2024-07-26T12:18:29.249+0000] {logging_mixin.py:188} INFO - [2024-07-26T12:18:29.248+0000] {dagbag.py:538} INFO - Filling up the DagBag from /home/airflow/.local/lib/python3.8/site-packages/airflow/example_dags/example_nested_branch_dag.py
[2024-07-26T12:18:29.261+0000] {processor.py:840} INFO - DAG(s) 'example_nested_branch_dag' retrieved from /home/airflow/.local/lib/python3.8/site-packages/airflow/example_dags/example_nested_branch_dag.py
[2024-07-26T12:18:29.288+0000] {logging_mixin.py:188} INFO - [2024-07-26T12:18:29.287+0000] {dag.py:3036} INFO - Sync 1 DAGs
[2024-07-26T12:18:29.313+0000] {logging_mixin.py:188} INFO - [2024-07-26T12:18:29.313+0000] {dag.py:3823} INFO - Setting next_dagrun for example_nested_branch_dag to 2024-07-25 00:00:00+00:00, run_after=2024-07-26 00:00:00+00:00
[2024-07-26T12:18:29.332+0000] {processor.py:183} INFO - Processing /home/airflow/.local/lib/python3.8/site-packages/airflow/example_dags/example_nested_branch_dag.py took 0.091 seconds
[2024-07-26T12:18:59.570+0000] {processor.py:161} INFO - Started process (PID=542) to work on /home/airflow/.local/lib/python3.8/site-packages/airflow/example_dags/example_nested_branch_dag.py
[2024-07-26T12:18:59.571+0000] {processor.py:830} INFO - Processing file /home/airflow/.local/lib/python3.8/site-packages/airflow/example_dags/example_nested_branch_dag.py for tasks to queue
[2024-07-26T12:18:59.573+0000] {logging_mixin.py:188} INFO - [2024-07-26T12:18:59.572+0000] {dagbag.py:538} INFO - Filling up the DagBag from /home/airflow/.local/lib/python3.8/site-packages/airflow/example_dags/example_nested_branch_dag.py
[2024-07-26T12:18:59.583+0000] {processor.py:840} INFO - DAG(s) 'example_nested_branch_dag' retrieved from /home/airflow/.local/lib/python3.8/site-packages/airflow/example_dags/example_nested_branch_dag.py
[2024-07-26T12:18:59.611+0000] {logging_mixin.py:188} INFO - [2024-07-26T12:18:59.611+0000] {dag.py:3036} INFO - Sync 1 DAGs
[2024-07-26T12:18:59.638+0000] {logging_mixin.py:188} INFO - [2024-07-26T12:18:59.638+0000] {dag.py:3823} INFO - Setting next_dagrun for example_nested_branch_dag to 2024-07-25 00:00:00+00:00, run_after=2024-07-26 00:00:00+00:00
[2024-07-26T12:18:59.660+0000] {processor.py:183} INFO - Processing /home/airflow/.local/lib/python3.8/site-packages/airflow/example_dags/example_nested_branch_dag.py took 0.094 seconds
[2024-07-26T12:19:30.815+0000] {processor.py:161} INFO - Started process (PID=607) to work on /home/airflow/.local/lib/python3.8/site-packages/airflow/example_dags/example_nested_branch_dag.py
[2024-07-26T12:19:30.821+0000] {processor.py:830} INFO - Processing file /home/airflow/.local/lib/python3.8/site-packages/airflow/example_dags/example_nested_branch_dag.py for tasks to queue
[2024-07-26T12:19:30.824+0000] {logging_mixin.py:188} INFO - [2024-07-26T12:19:30.823+0000] {dagbag.py:538} INFO - Filling up the DagBag from /home/airflow/.local/lib/python3.8/site-packages/airflow/example_dags/example_nested_branch_dag.py
[2024-07-26T12:19:30.862+0000] {processor.py:840} INFO - DAG(s) 'example_nested_branch_dag' retrieved from /home/airflow/.local/lib/python3.8/site-packages/airflow/example_dags/example_nested_branch_dag.py
[2024-07-26T12:19:30.922+0000] {logging_mixin.py:188} INFO - [2024-07-26T12:19:30.921+0000] {dag.py:3036} INFO - Sync 1 DAGs
[2024-07-26T12:19:30.973+0000] {logging_mixin.py:188} INFO - [2024-07-26T12:19:30.973+0000] {dag.py:3823} INFO - Setting next_dagrun for example_nested_branch_dag to 2024-07-25 00:00:00+00:00, run_after=2024-07-26 00:00:00+00:00
[2024-07-26T12:19:31.008+0000] {processor.py:183} INFO - Processing /home/airflow/.local/lib/python3.8/site-packages/airflow/example_dags/example_nested_branch_dag.py took 0.198 seconds
[2024-07-26T12:28:17.274+0000] {processor.py:161} INFO - Started process (PID=99) to work on /home/airflow/.local/lib/python3.8/site-packages/airflow/example_dags/example_nested_branch_dag.py
[2024-07-26T12:28:17.276+0000] {processor.py:830} INFO - Processing file /home/airflow/.local/lib/python3.8/site-packages/airflow/example_dags/example_nested_branch_dag.py for tasks to queue
[2024-07-26T12:28:17.278+0000] {logging_mixin.py:188} INFO - [2024-07-26T12:28:17.277+0000] {dagbag.py:538} INFO - Filling up the DagBag from /home/airflow/.local/lib/python3.8/site-packages/airflow/example_dags/example_nested_branch_dag.py
[2024-07-26T12:28:17.296+0000] {processor.py:840} INFO - DAG(s) 'example_nested_branch_dag' retrieved from /home/airflow/.local/lib/python3.8/site-packages/airflow/example_dags/example_nested_branch_dag.py
[2024-07-26T12:28:17.483+0000] {logging_mixin.py:188} INFO - [2024-07-26T12:28:17.483+0000] {dag.py:3036} INFO - Sync 1 DAGs
[2024-07-26T12:28:17.540+0000] {logging_mixin.py:188} INFO - [2024-07-26T12:28:17.539+0000] {dag.py:3823} INFO - Setting next_dagrun for example_nested_branch_dag to 2024-07-25 00:00:00+00:00, run_after=2024-07-26 00:00:00+00:00
[2024-07-26T12:28:17.575+0000] {processor.py:183} INFO - Processing /home/airflow/.local/lib/python3.8/site-packages/airflow/example_dags/example_nested_branch_dag.py took 0.305 seconds
[2024-07-26T12:28:48.415+0000] {processor.py:161} INFO - Started process (PID=168) to work on /home/airflow/.local/lib/python3.8/site-packages/airflow/example_dags/example_nested_branch_dag.py
[2024-07-26T12:28:48.419+0000] {processor.py:830} INFO - Processing file /home/airflow/.local/lib/python3.8/site-packages/airflow/example_dags/example_nested_branch_dag.py for tasks to queue
[2024-07-26T12:28:48.427+0000] {logging_mixin.py:188} INFO - [2024-07-26T12:28:48.422+0000] {dagbag.py:538} INFO - Filling up the DagBag from /home/airflow/.local/lib/python3.8/site-packages/airflow/example_dags/example_nested_branch_dag.py
[2024-07-26T12:28:48.458+0000] {processor.py:840} INFO - DAG(s) 'example_nested_branch_dag' retrieved from /home/airflow/.local/lib/python3.8/site-packages/airflow/example_dags/example_nested_branch_dag.py
[2024-07-26T12:28:48.524+0000] {logging_mixin.py:188} INFO - [2024-07-26T12:28:48.523+0000] {dag.py:3036} INFO - Sync 1 DAGs
[2024-07-26T12:28:48.568+0000] {logging_mixin.py:188} INFO - [2024-07-26T12:28:48.568+0000] {dag.py:3823} INFO - Setting next_dagrun for example_nested_branch_dag to 2024-07-25 00:00:00+00:00, run_after=2024-07-26 00:00:00+00:00
[2024-07-26T12:28:48.597+0000] {processor.py:183} INFO - Processing /home/airflow/.local/lib/python3.8/site-packages/airflow/example_dags/example_nested_branch_dag.py took 0.187 seconds
[2024-07-26T12:29:19.227+0000] {processor.py:161} INFO - Started process (PID=225) to work on /home/airflow/.local/lib/python3.8/site-packages/airflow/example_dags/example_nested_branch_dag.py
[2024-07-26T12:29:19.228+0000] {processor.py:830} INFO - Processing file /home/airflow/.local/lib/python3.8/site-packages/airflow/example_dags/example_nested_branch_dag.py for tasks to queue
[2024-07-26T12:29:19.230+0000] {logging_mixin.py:188} INFO - [2024-07-26T12:29:19.229+0000] {dagbag.py:538} INFO - Filling up the DagBag from /home/airflow/.local/lib/python3.8/site-packages/airflow/example_dags/example_nested_branch_dag.py
[2024-07-26T12:29:19.241+0000] {processor.py:840} INFO - DAG(s) 'example_nested_branch_dag' retrieved from /home/airflow/.local/lib/python3.8/site-packages/airflow/example_dags/example_nested_branch_dag.py
[2024-07-26T12:29:19.264+0000] {logging_mixin.py:188} INFO - [2024-07-26T12:29:19.264+0000] {dag.py:3036} INFO - Sync 1 DAGs
[2024-07-26T12:29:19.289+0000] {logging_mixin.py:188} INFO - [2024-07-26T12:29:19.289+0000] {dag.py:3823} INFO - Setting next_dagrun for example_nested_branch_dag to 2024-07-25 00:00:00+00:00, run_after=2024-07-26 00:00:00+00:00
[2024-07-26T12:29:19.308+0000] {processor.py:183} INFO - Processing /home/airflow/.local/lib/python3.8/site-packages/airflow/example_dags/example_nested_branch_dag.py took 0.084 seconds
[2024-07-26T12:29:49.631+0000] {processor.py:161} INFO - Started process (PID=287) to work on /home/airflow/.local/lib/python3.8/site-packages/airflow/example_dags/example_nested_branch_dag.py
[2024-07-26T12:29:49.632+0000] {processor.py:830} INFO - Processing file /home/airflow/.local/lib/python3.8/site-packages/airflow/example_dags/example_nested_branch_dag.py for tasks to queue
[2024-07-26T12:29:49.637+0000] {logging_mixin.py:188} INFO - [2024-07-26T12:29:49.636+0000] {dagbag.py:538} INFO - Filling up the DagBag from /home/airflow/.local/lib/python3.8/site-packages/airflow/example_dags/example_nested_branch_dag.py
[2024-07-26T12:29:49.658+0000] {processor.py:840} INFO - DAG(s) 'example_nested_branch_dag' retrieved from /home/airflow/.local/lib/python3.8/site-packages/airflow/example_dags/example_nested_branch_dag.py
[2024-07-26T12:29:49.694+0000] {logging_mixin.py:188} INFO - [2024-07-26T12:29:49.694+0000] {dag.py:3036} INFO - Sync 1 DAGs
[2024-07-26T12:29:49.726+0000] {logging_mixin.py:188} INFO - [2024-07-26T12:29:49.725+0000] {dag.py:3823} INFO - Setting next_dagrun for example_nested_branch_dag to 2024-07-25 00:00:00+00:00, run_after=2024-07-26 00:00:00+00:00
[2024-07-26T12:29:49.751+0000] {processor.py:183} INFO - Processing /home/airflow/.local/lib/python3.8/site-packages/airflow/example_dags/example_nested_branch_dag.py took 0.124 seconds
[2024-07-26T12:30:19.813+0000] {processor.py:161} INFO - Started process (PID=351) to work on /home/airflow/.local/lib/python3.8/site-packages/airflow/example_dags/example_nested_branch_dag.py
[2024-07-26T12:30:19.815+0000] {processor.py:830} INFO - Processing file /home/airflow/.local/lib/python3.8/site-packages/airflow/example_dags/example_nested_branch_dag.py for tasks to queue
[2024-07-26T12:30:19.817+0000] {logging_mixin.py:188} INFO - [2024-07-26T12:30:19.817+0000] {dagbag.py:538} INFO - Filling up the DagBag from /home/airflow/.local/lib/python3.8/site-packages/airflow/example_dags/example_nested_branch_dag.py
[2024-07-26T12:30:19.827+0000] {processor.py:840} INFO - DAG(s) 'example_nested_branch_dag' retrieved from /home/airflow/.local/lib/python3.8/site-packages/airflow/example_dags/example_nested_branch_dag.py
[2024-07-26T12:30:19.853+0000] {logging_mixin.py:188} INFO - [2024-07-26T12:30:19.853+0000] {dag.py:3036} INFO - Sync 1 DAGs
[2024-07-26T12:30:19.879+0000] {logging_mixin.py:188} INFO - [2024-07-26T12:30:19.879+0000] {dag.py:3823} INFO - Setting next_dagrun for example_nested_branch_dag to 2024-07-25 00:00:00+00:00, run_after=2024-07-26 00:00:00+00:00
[2024-07-26T12:30:19.903+0000] {processor.py:183} INFO - Processing /home/airflow/.local/lib/python3.8/site-packages/airflow/example_dags/example_nested_branch_dag.py took 0.093 seconds
[2024-07-26T12:30:50.123+0000] {processor.py:161} INFO - Started process (PID=415) to work on /home/airflow/.local/lib/python3.8/site-packages/airflow/example_dags/example_nested_branch_dag.py
[2024-07-26T12:30:50.124+0000] {processor.py:830} INFO - Processing file /home/airflow/.local/lib/python3.8/site-packages/airflow/example_dags/example_nested_branch_dag.py for tasks to queue
[2024-07-26T12:30:50.126+0000] {logging_mixin.py:188} INFO - [2024-07-26T12:30:50.125+0000] {dagbag.py:538} INFO - Filling up the DagBag from /home/airflow/.local/lib/python3.8/site-packages/airflow/example_dags/example_nested_branch_dag.py
[2024-07-26T12:30:50.140+0000] {processor.py:840} INFO - DAG(s) 'example_nested_branch_dag' retrieved from /home/airflow/.local/lib/python3.8/site-packages/airflow/example_dags/example_nested_branch_dag.py
[2024-07-26T12:30:50.169+0000] {logging_mixin.py:188} INFO - [2024-07-26T12:30:50.169+0000] {dag.py:3036} INFO - Sync 1 DAGs
[2024-07-26T12:30:50.194+0000] {logging_mixin.py:188} INFO - [2024-07-26T12:30:50.193+0000] {dag.py:3823} INFO - Setting next_dagrun for example_nested_branch_dag to 2024-07-25 00:00:00+00:00, run_after=2024-07-26 00:00:00+00:00
[2024-07-26T12:30:50.213+0000] {processor.py:183} INFO - Processing /home/airflow/.local/lib/python3.8/site-packages/airflow/example_dags/example_nested_branch_dag.py took 0.093 seconds
[2024-07-26T12:31:20.406+0000] {processor.py:161} INFO - Started process (PID=479) to work on /home/airflow/.local/lib/python3.8/site-packages/airflow/example_dags/example_nested_branch_dag.py
[2024-07-26T12:31:20.407+0000] {processor.py:830} INFO - Processing file /home/airflow/.local/lib/python3.8/site-packages/airflow/example_dags/example_nested_branch_dag.py for tasks to queue
[2024-07-26T12:31:20.410+0000] {logging_mixin.py:188} INFO - [2024-07-26T12:31:20.410+0000] {dagbag.py:538} INFO - Filling up the DagBag from /home/airflow/.local/lib/python3.8/site-packages/airflow/example_dags/example_nested_branch_dag.py
[2024-07-26T12:31:20.423+0000] {processor.py:840} INFO - DAG(s) 'example_nested_branch_dag' retrieved from /home/airflow/.local/lib/python3.8/site-packages/airflow/example_dags/example_nested_branch_dag.py
[2024-07-26T12:31:20.450+0000] {logging_mixin.py:188} INFO - [2024-07-26T12:31:20.450+0000] {dag.py:3036} INFO - Sync 1 DAGs
[2024-07-26T12:31:20.479+0000] {logging_mixin.py:188} INFO - [2024-07-26T12:31:20.479+0000] {dag.py:3823} INFO - Setting next_dagrun for example_nested_branch_dag to 2024-07-25 00:00:00+00:00, run_after=2024-07-26 00:00:00+00:00
[2024-07-26T12:31:20.504+0000] {processor.py:183} INFO - Processing /home/airflow/.local/lib/python3.8/site-packages/airflow/example_dags/example_nested_branch_dag.py took 0.100 seconds
[2024-07-26T12:31:50.693+0000] {processor.py:161} INFO - Started process (PID=543) to work on /home/airflow/.local/lib/python3.8/site-packages/airflow/example_dags/example_nested_branch_dag.py
[2024-07-26T12:31:50.694+0000] {processor.py:830} INFO - Processing file /home/airflow/.local/lib/python3.8/site-packages/airflow/example_dags/example_nested_branch_dag.py for tasks to queue
[2024-07-26T12:31:50.696+0000] {logging_mixin.py:188} INFO - [2024-07-26T12:31:50.696+0000] {dagbag.py:538} INFO - Filling up the DagBag from /home/airflow/.local/lib/python3.8/site-packages/airflow/example_dags/example_nested_branch_dag.py
[2024-07-26T12:31:50.712+0000] {processor.py:840} INFO - DAG(s) 'example_nested_branch_dag' retrieved from /home/airflow/.local/lib/python3.8/site-packages/airflow/example_dags/example_nested_branch_dag.py
[2024-07-26T12:31:50.738+0000] {logging_mixin.py:188} INFO - [2024-07-26T12:31:50.737+0000] {dag.py:3036} INFO - Sync 1 DAGs
[2024-07-26T12:31:50.765+0000] {logging_mixin.py:188} INFO - [2024-07-26T12:31:50.765+0000] {dag.py:3823} INFO - Setting next_dagrun for example_nested_branch_dag to 2024-07-25 00:00:00+00:00, run_after=2024-07-26 00:00:00+00:00
[2024-07-26T12:31:50.792+0000] {processor.py:183} INFO - Processing /home/airflow/.local/lib/python3.8/site-packages/airflow/example_dags/example_nested_branch_dag.py took 0.103 seconds
[2024-07-26T12:32:21.256+0000] {processor.py:161} INFO - Started process (PID=607) to work on /home/airflow/.local/lib/python3.8/site-packages/airflow/example_dags/example_nested_branch_dag.py
[2024-07-26T12:32:21.258+0000] {processor.py:830} INFO - Processing file /home/airflow/.local/lib/python3.8/site-packages/airflow/example_dags/example_nested_branch_dag.py for tasks to queue
[2024-07-26T12:32:21.261+0000] {logging_mixin.py:188} INFO - [2024-07-26T12:32:21.260+0000] {dagbag.py:538} INFO - Filling up the DagBag from /home/airflow/.local/lib/python3.8/site-packages/airflow/example_dags/example_nested_branch_dag.py
[2024-07-26T12:32:21.274+0000] {processor.py:840} INFO - DAG(s) 'example_nested_branch_dag' retrieved from /home/airflow/.local/lib/python3.8/site-packages/airflow/example_dags/example_nested_branch_dag.py
[2024-07-26T12:32:21.301+0000] {logging_mixin.py:188} INFO - [2024-07-26T12:32:21.301+0000] {dag.py:3036} INFO - Sync 1 DAGs
[2024-07-26T12:32:21.334+0000] {logging_mixin.py:188} INFO - [2024-07-26T12:32:21.334+0000] {dag.py:3823} INFO - Setting next_dagrun for example_nested_branch_dag to 2024-07-25 00:00:00+00:00, run_after=2024-07-26 00:00:00+00:00
[2024-07-26T12:32:21.356+0000] {processor.py:183} INFO - Processing /home/airflow/.local/lib/python3.8/site-packages/airflow/example_dags/example_nested_branch_dag.py took 0.103 seconds
[2024-07-26T12:32:52.323+0000] {processor.py:161} INFO - Started process (PID=671) to work on /home/airflow/.local/lib/python3.8/site-packages/airflow/example_dags/example_nested_branch_dag.py
[2024-07-26T12:32:52.324+0000] {processor.py:830} INFO - Processing file /home/airflow/.local/lib/python3.8/site-packages/airflow/example_dags/example_nested_branch_dag.py for tasks to queue
[2024-07-26T12:32:52.327+0000] {logging_mixin.py:188} INFO - [2024-07-26T12:32:52.327+0000] {dagbag.py:538} INFO - Filling up the DagBag from /home/airflow/.local/lib/python3.8/site-packages/airflow/example_dags/example_nested_branch_dag.py
[2024-07-26T12:32:52.340+0000] {processor.py:840} INFO - DAG(s) 'example_nested_branch_dag' retrieved from /home/airflow/.local/lib/python3.8/site-packages/airflow/example_dags/example_nested_branch_dag.py
[2024-07-26T12:32:52.364+0000] {logging_mixin.py:188} INFO - [2024-07-26T12:32:52.364+0000] {dag.py:3036} INFO - Sync 1 DAGs
[2024-07-26T12:32:52.390+0000] {logging_mixin.py:188} INFO - [2024-07-26T12:32:52.390+0000] {dag.py:3823} INFO - Setting next_dagrun for example_nested_branch_dag to 2024-07-25 00:00:00+00:00, run_after=2024-07-26 00:00:00+00:00
[2024-07-26T12:32:52.414+0000] {processor.py:183} INFO - Processing /home/airflow/.local/lib/python3.8/site-packages/airflow/example_dags/example_nested_branch_dag.py took 0.095 seconds
[2024-07-26T12:33:22.857+0000] {processor.py:161} INFO - Started process (PID=736) to work on /home/airflow/.local/lib/python3.8/site-packages/airflow/example_dags/example_nested_branch_dag.py
[2024-07-26T12:33:22.858+0000] {processor.py:830} INFO - Processing file /home/airflow/.local/lib/python3.8/site-packages/airflow/example_dags/example_nested_branch_dag.py for tasks to queue
[2024-07-26T12:33:22.861+0000] {logging_mixin.py:188} INFO - [2024-07-26T12:33:22.860+0000] {dagbag.py:538} INFO - Filling up the DagBag from /home/airflow/.local/lib/python3.8/site-packages/airflow/example_dags/example_nested_branch_dag.py
[2024-07-26T12:33:22.874+0000] {processor.py:840} INFO - DAG(s) 'example_nested_branch_dag' retrieved from /home/airflow/.local/lib/python3.8/site-packages/airflow/example_dags/example_nested_branch_dag.py
[2024-07-26T12:33:22.898+0000] {logging_mixin.py:188} INFO - [2024-07-26T12:33:22.898+0000] {dag.py:3036} INFO - Sync 1 DAGs
[2024-07-26T12:33:22.925+0000] {logging_mixin.py:188} INFO - [2024-07-26T12:33:22.924+0000] {dag.py:3823} INFO - Setting next_dagrun for example_nested_branch_dag to 2024-07-25 00:00:00+00:00, run_after=2024-07-26 00:00:00+00:00
[2024-07-26T12:33:22.950+0000] {processor.py:183} INFO - Processing /home/airflow/.local/lib/python3.8/site-packages/airflow/example_dags/example_nested_branch_dag.py took 0.096 seconds
[2024-07-26T12:33:53.410+0000] {processor.py:161} INFO - Started process (PID=800) to work on /home/airflow/.local/lib/python3.8/site-packages/airflow/example_dags/example_nested_branch_dag.py
[2024-07-26T12:33:53.411+0000] {processor.py:830} INFO - Processing file /home/airflow/.local/lib/python3.8/site-packages/airflow/example_dags/example_nested_branch_dag.py for tasks to queue
[2024-07-26T12:33:53.414+0000] {logging_mixin.py:188} INFO - [2024-07-26T12:33:53.413+0000] {dagbag.py:538} INFO - Filling up the DagBag from /home/airflow/.local/lib/python3.8/site-packages/airflow/example_dags/example_nested_branch_dag.py
[2024-07-26T12:33:53.432+0000] {processor.py:840} INFO - DAG(s) 'example_nested_branch_dag' retrieved from /home/airflow/.local/lib/python3.8/site-packages/airflow/example_dags/example_nested_branch_dag.py
[2024-07-26T12:33:53.461+0000] {logging_mixin.py:188} INFO - [2024-07-26T12:33:53.460+0000] {dag.py:3036} INFO - Sync 1 DAGs
[2024-07-26T12:33:53.487+0000] {logging_mixin.py:188} INFO - [2024-07-26T12:33:53.486+0000] {dag.py:3823} INFO - Setting next_dagrun for example_nested_branch_dag to 2024-07-25 00:00:00+00:00, run_after=2024-07-26 00:00:00+00:00
[2024-07-26T12:33:53.508+0000] {processor.py:183} INFO - Processing /home/airflow/.local/lib/python3.8/site-packages/airflow/example_dags/example_nested_branch_dag.py took 0.101 seconds
[2024-07-26T12:34:23.642+0000] {processor.py:161} INFO - Started process (PID=864) to work on /home/airflow/.local/lib/python3.8/site-packages/airflow/example_dags/example_nested_branch_dag.py
[2024-07-26T12:34:23.643+0000] {processor.py:830} INFO - Processing file /home/airflow/.local/lib/python3.8/site-packages/airflow/example_dags/example_nested_branch_dag.py for tasks to queue
[2024-07-26T12:34:23.647+0000] {logging_mixin.py:188} INFO - [2024-07-26T12:34:23.647+0000] {dagbag.py:538} INFO - Filling up the DagBag from /home/airflow/.local/lib/python3.8/site-packages/airflow/example_dags/example_nested_branch_dag.py
[2024-07-26T12:34:23.670+0000] {processor.py:840} INFO - DAG(s) 'example_nested_branch_dag' retrieved from /home/airflow/.local/lib/python3.8/site-packages/airflow/example_dags/example_nested_branch_dag.py
[2024-07-26T12:34:23.713+0000] {logging_mixin.py:188} INFO - [2024-07-26T12:34:23.712+0000] {dag.py:3036} INFO - Sync 1 DAGs
[2024-07-26T12:34:23.770+0000] {logging_mixin.py:188} INFO - [2024-07-26T12:34:23.770+0000] {dag.py:3823} INFO - Setting next_dagrun for example_nested_branch_dag to 2024-07-25 00:00:00+00:00, run_after=2024-07-26 00:00:00+00:00
[2024-07-26T12:34:23.794+0000] {processor.py:183} INFO - Processing /home/airflow/.local/lib/python3.8/site-packages/airflow/example_dags/example_nested_branch_dag.py took 0.157 seconds
[2024-07-26T12:34:53.856+0000] {processor.py:161} INFO - Started process (PID=927) to work on /home/airflow/.local/lib/python3.8/site-packages/airflow/example_dags/example_nested_branch_dag.py
[2024-07-26T12:34:53.857+0000] {processor.py:830} INFO - Processing file /home/airflow/.local/lib/python3.8/site-packages/airflow/example_dags/example_nested_branch_dag.py for tasks to queue
[2024-07-26T12:34:53.859+0000] {logging_mixin.py:188} INFO - [2024-07-26T12:34:53.859+0000] {dagbag.py:538} INFO - Filling up the DagBag from /home/airflow/.local/lib/python3.8/site-packages/airflow/example_dags/example_nested_branch_dag.py
[2024-07-26T12:34:53.871+0000] {processor.py:840} INFO - DAG(s) 'example_nested_branch_dag' retrieved from /home/airflow/.local/lib/python3.8/site-packages/airflow/example_dags/example_nested_branch_dag.py
[2024-07-26T12:34:53.896+0000] {logging_mixin.py:188} INFO - [2024-07-26T12:34:53.896+0000] {dag.py:3036} INFO - Sync 1 DAGs
[2024-07-26T12:34:53.925+0000] {logging_mixin.py:188} INFO - [2024-07-26T12:34:53.925+0000] {dag.py:3823} INFO - Setting next_dagrun for example_nested_branch_dag to 2024-07-25 00:00:00+00:00, run_after=2024-07-26 00:00:00+00:00
[2024-07-26T12:34:53.945+0000] {processor.py:183} INFO - Processing /home/airflow/.local/lib/python3.8/site-packages/airflow/example_dags/example_nested_branch_dag.py took 0.094 seconds
[2024-07-26T12:35:23.979+0000] {processor.py:161} INFO - Started process (PID=991) to work on /home/airflow/.local/lib/python3.8/site-packages/airflow/example_dags/example_nested_branch_dag.py
[2024-07-26T12:35:23.981+0000] {processor.py:830} INFO - Processing file /home/airflow/.local/lib/python3.8/site-packages/airflow/example_dags/example_nested_branch_dag.py for tasks to queue
[2024-07-26T12:35:23.983+0000] {logging_mixin.py:188} INFO - [2024-07-26T12:35:23.983+0000] {dagbag.py:538} INFO - Filling up the DagBag from /home/airflow/.local/lib/python3.8/site-packages/airflow/example_dags/example_nested_branch_dag.py
[2024-07-26T12:35:23.998+0000] {processor.py:840} INFO - DAG(s) 'example_nested_branch_dag' retrieved from /home/airflow/.local/lib/python3.8/site-packages/airflow/example_dags/example_nested_branch_dag.py
[2024-07-26T12:35:24.024+0000] {logging_mixin.py:188} INFO - [2024-07-26T12:35:24.024+0000] {dag.py:3036} INFO - Sync 1 DAGs
[2024-07-26T12:35:24.050+0000] {logging_mixin.py:188} INFO - [2024-07-26T12:35:24.050+0000] {dag.py:3823} INFO - Setting next_dagrun for example_nested_branch_dag to 2024-07-25 00:00:00+00:00, run_after=2024-07-26 00:00:00+00:00
[2024-07-26T12:35:24.070+0000] {processor.py:183} INFO - Processing /home/airflow/.local/lib/python3.8/site-packages/airflow/example_dags/example_nested_branch_dag.py took 0.095 seconds
[2024-07-26T12:35:54.184+0000] {processor.py:161} INFO - Started process (PID=1055) to work on /home/airflow/.local/lib/python3.8/site-packages/airflow/example_dags/example_nested_branch_dag.py
[2024-07-26T12:35:54.185+0000] {processor.py:830} INFO - Processing file /home/airflow/.local/lib/python3.8/site-packages/airflow/example_dags/example_nested_branch_dag.py for tasks to queue
[2024-07-26T12:35:54.187+0000] {logging_mixin.py:188} INFO - [2024-07-26T12:35:54.187+0000] {dagbag.py:538} INFO - Filling up the DagBag from /home/airflow/.local/lib/python3.8/site-packages/airflow/example_dags/example_nested_branch_dag.py
[2024-07-26T12:35:54.198+0000] {processor.py:840} INFO - DAG(s) 'example_nested_branch_dag' retrieved from /home/airflow/.local/lib/python3.8/site-packages/airflow/example_dags/example_nested_branch_dag.py
[2024-07-26T12:35:54.228+0000] {logging_mixin.py:188} INFO - [2024-07-26T12:35:54.228+0000] {dag.py:3036} INFO - Sync 1 DAGs
[2024-07-26T12:35:54.257+0000] {logging_mixin.py:188} INFO - [2024-07-26T12:35:54.257+0000] {dag.py:3823} INFO - Setting next_dagrun for example_nested_branch_dag to 2024-07-25 00:00:00+00:00, run_after=2024-07-26 00:00:00+00:00
[2024-07-26T12:35:54.280+0000] {processor.py:183} INFO - Processing /home/airflow/.local/lib/python3.8/site-packages/airflow/example_dags/example_nested_branch_dag.py took 0.100 seconds
[2024-07-26T12:36:24.739+0000] {processor.py:161} INFO - Started process (PID=1119) to work on /home/airflow/.local/lib/python3.8/site-packages/airflow/example_dags/example_nested_branch_dag.py
[2024-07-26T12:36:24.740+0000] {processor.py:830} INFO - Processing file /home/airflow/.local/lib/python3.8/site-packages/airflow/example_dags/example_nested_branch_dag.py for tasks to queue
[2024-07-26T12:36:24.742+0000] {logging_mixin.py:188} INFO - [2024-07-26T12:36:24.741+0000] {dagbag.py:538} INFO - Filling up the DagBag from /home/airflow/.local/lib/python3.8/site-packages/airflow/example_dags/example_nested_branch_dag.py
[2024-07-26T12:36:24.752+0000] {processor.py:840} INFO - DAG(s) 'example_nested_branch_dag' retrieved from /home/airflow/.local/lib/python3.8/site-packages/airflow/example_dags/example_nested_branch_dag.py
[2024-07-26T12:36:24.777+0000] {logging_mixin.py:188} INFO - [2024-07-26T12:36:24.776+0000] {dag.py:3036} INFO - Sync 1 DAGs
[2024-07-26T12:36:24.802+0000] {logging_mixin.py:188} INFO - [2024-07-26T12:36:24.801+0000] {dag.py:3823} INFO - Setting next_dagrun for example_nested_branch_dag to 2024-07-25 00:00:00+00:00, run_after=2024-07-26 00:00:00+00:00
[2024-07-26T12:36:24.819+0000] {processor.py:183} INFO - Processing /home/airflow/.local/lib/python3.8/site-packages/airflow/example_dags/example_nested_branch_dag.py took 0.084 seconds
[2024-07-26T12:36:55.072+0000] {processor.py:161} INFO - Started process (PID=1183) to work on /home/airflow/.local/lib/python3.8/site-packages/airflow/example_dags/example_nested_branch_dag.py
[2024-07-26T12:36:55.073+0000] {processor.py:830} INFO - Processing file /home/airflow/.local/lib/python3.8/site-packages/airflow/example_dags/example_nested_branch_dag.py for tasks to queue
[2024-07-26T12:36:55.076+0000] {logging_mixin.py:188} INFO - [2024-07-26T12:36:55.075+0000] {dagbag.py:538} INFO - Filling up the DagBag from /home/airflow/.local/lib/python3.8/site-packages/airflow/example_dags/example_nested_branch_dag.py
[2024-07-26T12:36:55.088+0000] {processor.py:840} INFO - DAG(s) 'example_nested_branch_dag' retrieved from /home/airflow/.local/lib/python3.8/site-packages/airflow/example_dags/example_nested_branch_dag.py
[2024-07-26T12:36:55.118+0000] {logging_mixin.py:188} INFO - [2024-07-26T12:36:55.118+0000] {dag.py:3036} INFO - Sync 1 DAGs
[2024-07-26T12:36:55.144+0000] {logging_mixin.py:188} INFO - [2024-07-26T12:36:55.144+0000] {dag.py:3823} INFO - Setting next_dagrun for example_nested_branch_dag to 2024-07-25 00:00:00+00:00, run_after=2024-07-26 00:00:00+00:00
[2024-07-26T12:36:55.164+0000] {processor.py:183} INFO - Processing /home/airflow/.local/lib/python3.8/site-packages/airflow/example_dags/example_nested_branch_dag.py took 0.095 seconds
[2024-07-26T12:37:25.536+0000] {processor.py:161} INFO - Started process (PID=1247) to work on /home/airflow/.local/lib/python3.8/site-packages/airflow/example_dags/example_nested_branch_dag.py
[2024-07-26T12:37:25.537+0000] {processor.py:830} INFO - Processing file /home/airflow/.local/lib/python3.8/site-packages/airflow/example_dags/example_nested_branch_dag.py for tasks to queue
[2024-07-26T12:37:25.540+0000] {logging_mixin.py:188} INFO - [2024-07-26T12:37:25.539+0000] {dagbag.py:538} INFO - Filling up the DagBag from /home/airflow/.local/lib/python3.8/site-packages/airflow/example_dags/example_nested_branch_dag.py
[2024-07-26T12:37:25.552+0000] {processor.py:840} INFO - DAG(s) 'example_nested_branch_dag' retrieved from /home/airflow/.local/lib/python3.8/site-packages/airflow/example_dags/example_nested_branch_dag.py
[2024-07-26T12:37:25.590+0000] {logging_mixin.py:188} INFO - [2024-07-26T12:37:25.589+0000] {dag.py:3036} INFO - Sync 1 DAGs
[2024-07-26T12:37:25.617+0000] {logging_mixin.py:188} INFO - [2024-07-26T12:37:25.617+0000] {dag.py:3823} INFO - Setting next_dagrun for example_nested_branch_dag to 2024-07-25 00:00:00+00:00, run_after=2024-07-26 00:00:00+00:00
[2024-07-26T12:37:25.638+0000] {processor.py:183} INFO - Processing /home/airflow/.local/lib/python3.8/site-packages/airflow/example_dags/example_nested_branch_dag.py took 0.106 seconds
[2024-07-26T12:38:51.785+0000] {processor.py:161} INFO - Started process (PID=93) to work on /home/airflow/.local/lib/python3.8/site-packages/airflow/example_dags/example_nested_branch_dag.py
[2024-07-26T12:38:51.787+0000] {processor.py:830} INFO - Processing file /home/airflow/.local/lib/python3.8/site-packages/airflow/example_dags/example_nested_branch_dag.py for tasks to queue
[2024-07-26T12:38:51.789+0000] {logging_mixin.py:188} INFO - [2024-07-26T12:38:51.788+0000] {dagbag.py:538} INFO - Filling up the DagBag from /home/airflow/.local/lib/python3.8/site-packages/airflow/example_dags/example_nested_branch_dag.py
[2024-07-26T12:38:51.801+0000] {processor.py:840} INFO - DAG(s) 'example_nested_branch_dag' retrieved from /home/airflow/.local/lib/python3.8/site-packages/airflow/example_dags/example_nested_branch_dag.py
[2024-07-26T12:38:51.813+0000] {logging_mixin.py:188} INFO - [2024-07-26T12:38:51.813+0000] {dag.py:3036} INFO - Sync 1 DAGs
[2024-07-26T12:38:51.842+0000] {logging_mixin.py:188} INFO - [2024-07-26T12:38:51.841+0000] {dag.py:3823} INFO - Setting next_dagrun for example_nested_branch_dag to 2024-07-25 00:00:00+00:00, run_after=2024-07-26 00:00:00+00:00
[2024-07-26T12:38:51.865+0000] {processor.py:183} INFO - Processing /home/airflow/.local/lib/python3.8/site-packages/airflow/example_dags/example_nested_branch_dag.py took 0.082 seconds
[2024-07-26T12:39:22.684+0000] {processor.py:161} INFO - Started process (PID=157) to work on /home/airflow/.local/lib/python3.8/site-packages/airflow/example_dags/example_nested_branch_dag.py
[2024-07-26T12:39:22.686+0000] {processor.py:830} INFO - Processing file /home/airflow/.local/lib/python3.8/site-packages/airflow/example_dags/example_nested_branch_dag.py for tasks to queue
[2024-07-26T12:39:22.688+0000] {logging_mixin.py:188} INFO - [2024-07-26T12:39:22.688+0000] {dagbag.py:538} INFO - Filling up the DagBag from /home/airflow/.local/lib/python3.8/site-packages/airflow/example_dags/example_nested_branch_dag.py
[2024-07-26T12:39:22.699+0000] {processor.py:840} INFO - DAG(s) 'example_nested_branch_dag' retrieved from /home/airflow/.local/lib/python3.8/site-packages/airflow/example_dags/example_nested_branch_dag.py
[2024-07-26T12:39:22.821+0000] {logging_mixin.py:188} INFO - [2024-07-26T12:39:22.821+0000] {dag.py:3036} INFO - Sync 1 DAGs
[2024-07-26T12:39:22.848+0000] {logging_mixin.py:188} INFO - [2024-07-26T12:39:22.848+0000] {dag.py:3823} INFO - Setting next_dagrun for example_nested_branch_dag to 2024-07-25 00:00:00+00:00, run_after=2024-07-26 00:00:00+00:00
[2024-07-26T12:39:22.873+0000] {processor.py:183} INFO - Processing /home/airflow/.local/lib/python3.8/site-packages/airflow/example_dags/example_nested_branch_dag.py took 0.192 seconds
[2024-07-26T12:43:17.525+0000] {processor.py:161} INFO - Started process (PID=98) to work on /home/airflow/.local/lib/python3.8/site-packages/airflow/example_dags/example_nested_branch_dag.py
[2024-07-26T12:43:17.526+0000] {processor.py:830} INFO - Processing file /home/airflow/.local/lib/python3.8/site-packages/airflow/example_dags/example_nested_branch_dag.py for tasks to queue
[2024-07-26T12:43:17.529+0000] {logging_mixin.py:188} INFO - [2024-07-26T12:43:17.528+0000] {dagbag.py:538} INFO - Filling up the DagBag from /home/airflow/.local/lib/python3.8/site-packages/airflow/example_dags/example_nested_branch_dag.py
[2024-07-26T12:43:17.548+0000] {processor.py:840} INFO - DAG(s) 'example_nested_branch_dag' retrieved from /home/airflow/.local/lib/python3.8/site-packages/airflow/example_dags/example_nested_branch_dag.py
[2024-07-26T12:43:17.684+0000] {logging_mixin.py:188} INFO - [2024-07-26T12:43:17.684+0000] {dag.py:3036} INFO - Sync 1 DAGs
[2024-07-26T12:43:17.709+0000] {logging_mixin.py:188} INFO - [2024-07-26T12:43:17.709+0000] {dag.py:3823} INFO - Setting next_dagrun for example_nested_branch_dag to 2024-07-25 00:00:00+00:00, run_after=2024-07-26 00:00:00+00:00
[2024-07-26T12:43:17.734+0000] {processor.py:183} INFO - Processing /home/airflow/.local/lib/python3.8/site-packages/airflow/example_dags/example_nested_branch_dag.py took 0.214 seconds
[2024-07-26T12:43:48.159+0000] {processor.py:161} INFO - Started process (PID=162) to work on /home/airflow/.local/lib/python3.8/site-packages/airflow/example_dags/example_nested_branch_dag.py
[2024-07-26T12:43:48.161+0000] {processor.py:830} INFO - Processing file /home/airflow/.local/lib/python3.8/site-packages/airflow/example_dags/example_nested_branch_dag.py for tasks to queue
[2024-07-26T12:43:48.163+0000] {logging_mixin.py:188} INFO - [2024-07-26T12:43:48.162+0000] {dagbag.py:538} INFO - Filling up the DagBag from /home/airflow/.local/lib/python3.8/site-packages/airflow/example_dags/example_nested_branch_dag.py
[2024-07-26T12:43:48.176+0000] {processor.py:840} INFO - DAG(s) 'example_nested_branch_dag' retrieved from /home/airflow/.local/lib/python3.8/site-packages/airflow/example_dags/example_nested_branch_dag.py
[2024-07-26T12:43:48.202+0000] {logging_mixin.py:188} INFO - [2024-07-26T12:43:48.202+0000] {dag.py:3036} INFO - Sync 1 DAGs
[2024-07-26T12:43:48.230+0000] {logging_mixin.py:188} INFO - [2024-07-26T12:43:48.230+0000] {dag.py:3823} INFO - Setting next_dagrun for example_nested_branch_dag to 2024-07-25 00:00:00+00:00, run_after=2024-07-26 00:00:00+00:00
[2024-07-26T12:43:48.248+0000] {processor.py:183} INFO - Processing /home/airflow/.local/lib/python3.8/site-packages/airflow/example_dags/example_nested_branch_dag.py took 0.094 seconds
[2024-07-26T12:44:19.324+0000] {processor.py:161} INFO - Started process (PID=225) to work on /home/airflow/.local/lib/python3.8/site-packages/airflow/example_dags/example_nested_branch_dag.py
[2024-07-26T12:44:19.328+0000] {processor.py:830} INFO - Processing file /home/airflow/.local/lib/python3.8/site-packages/airflow/example_dags/example_nested_branch_dag.py for tasks to queue
[2024-07-26T12:44:19.333+0000] {logging_mixin.py:188} INFO - [2024-07-26T12:44:19.332+0000] {dagbag.py:538} INFO - Filling up the DagBag from /home/airflow/.local/lib/python3.8/site-packages/airflow/example_dags/example_nested_branch_dag.py
[2024-07-26T12:44:19.359+0000] {processor.py:840} INFO - DAG(s) 'example_nested_branch_dag' retrieved from /home/airflow/.local/lib/python3.8/site-packages/airflow/example_dags/example_nested_branch_dag.py
[2024-07-26T12:44:19.404+0000] {logging_mixin.py:188} INFO - [2024-07-26T12:44:19.404+0000] {dag.py:3036} INFO - Sync 1 DAGs
[2024-07-26T12:44:19.437+0000] {logging_mixin.py:188} INFO - [2024-07-26T12:44:19.436+0000] {dag.py:3823} INFO - Setting next_dagrun for example_nested_branch_dag to 2024-07-25 00:00:00+00:00, run_after=2024-07-26 00:00:00+00:00
[2024-07-26T12:44:19.455+0000] {processor.py:183} INFO - Processing /home/airflow/.local/lib/python3.8/site-packages/airflow/example_dags/example_nested_branch_dag.py took 0.137 seconds
[2024-07-26T12:49:44.934+0000] {processor.py:161} INFO - Started process (PID=98) to work on /home/airflow/.local/lib/python3.8/site-packages/airflow/example_dags/example_nested_branch_dag.py
[2024-07-26T12:49:44.935+0000] {processor.py:830} INFO - Processing file /home/airflow/.local/lib/python3.8/site-packages/airflow/example_dags/example_nested_branch_dag.py for tasks to queue
[2024-07-26T12:49:44.937+0000] {logging_mixin.py:188} INFO - [2024-07-26T12:49:44.937+0000] {dagbag.py:538} INFO - Filling up the DagBag from /home/airflow/.local/lib/python3.8/site-packages/airflow/example_dags/example_nested_branch_dag.py
[2024-07-26T12:49:44.959+0000] {processor.py:840} INFO - DAG(s) 'example_nested_branch_dag' retrieved from /home/airflow/.local/lib/python3.8/site-packages/airflow/example_dags/example_nested_branch_dag.py
[2024-07-26T12:49:44.975+0000] {logging_mixin.py:188} INFO - [2024-07-26T12:49:44.975+0000] {dag.py:3036} INFO - Sync 1 DAGs
[2024-07-26T12:49:45.009+0000] {logging_mixin.py:188} INFO - [2024-07-26T12:49:45.009+0000] {dag.py:3823} INFO - Setting next_dagrun for example_nested_branch_dag to 2024-07-25 00:00:00+00:00, run_after=2024-07-26 00:00:00+00:00
[2024-07-26T12:49:45.036+0000] {processor.py:183} INFO - Processing /home/airflow/.local/lib/python3.8/site-packages/airflow/example_dags/example_nested_branch_dag.py took 0.106 seconds
[2024-07-26T12:50:15.846+0000] {processor.py:161} INFO - Started process (PID=153) to work on /home/airflow/.local/lib/python3.8/site-packages/airflow/example_dags/example_nested_branch_dag.py
[2024-07-26T12:50:15.847+0000] {processor.py:830} INFO - Processing file /home/airflow/.local/lib/python3.8/site-packages/airflow/example_dags/example_nested_branch_dag.py for tasks to queue
[2024-07-26T12:50:15.849+0000] {logging_mixin.py:188} INFO - [2024-07-26T12:50:15.848+0000] {dagbag.py:538} INFO - Filling up the DagBag from /home/airflow/.local/lib/python3.8/site-packages/airflow/example_dags/example_nested_branch_dag.py
[2024-07-26T12:50:15.861+0000] {processor.py:840} INFO - DAG(s) 'example_nested_branch_dag' retrieved from /home/airflow/.local/lib/python3.8/site-packages/airflow/example_dags/example_nested_branch_dag.py
[2024-07-26T12:50:15.992+0000] {logging_mixin.py:188} INFO - [2024-07-26T12:50:15.992+0000] {dag.py:3036} INFO - Sync 1 DAGs
[2024-07-26T12:50:16.017+0000] {logging_mixin.py:188} INFO - [2024-07-26T12:50:16.017+0000] {dag.py:3823} INFO - Setting next_dagrun for example_nested_branch_dag to 2024-07-25 00:00:00+00:00, run_after=2024-07-26 00:00:00+00:00
[2024-07-26T12:50:16.039+0000] {processor.py:183} INFO - Processing /home/airflow/.local/lib/python3.8/site-packages/airflow/example_dags/example_nested_branch_dag.py took 0.196 seconds
[2024-07-26T12:50:46.230+0000] {processor.py:161} INFO - Started process (PID=217) to work on /home/airflow/.local/lib/python3.8/site-packages/airflow/example_dags/example_nested_branch_dag.py
[2024-07-26T12:50:46.232+0000] {processor.py:830} INFO - Processing file /home/airflow/.local/lib/python3.8/site-packages/airflow/example_dags/example_nested_branch_dag.py for tasks to queue
[2024-07-26T12:50:46.240+0000] {logging_mixin.py:188} INFO - [2024-07-26T12:50:46.239+0000] {dagbag.py:538} INFO - Filling up the DagBag from /home/airflow/.local/lib/python3.8/site-packages/airflow/example_dags/example_nested_branch_dag.py
[2024-07-26T12:50:46.256+0000] {processor.py:840} INFO - DAG(s) 'example_nested_branch_dag' retrieved from /home/airflow/.local/lib/python3.8/site-packages/airflow/example_dags/example_nested_branch_dag.py
[2024-07-26T12:50:46.283+0000] {logging_mixin.py:188} INFO - [2024-07-26T12:50:46.282+0000] {dag.py:3036} INFO - Sync 1 DAGs
[2024-07-26T12:50:46.309+0000] {logging_mixin.py:188} INFO - [2024-07-26T12:50:46.309+0000] {dag.py:3823} INFO - Setting next_dagrun for example_nested_branch_dag to 2024-07-25 00:00:00+00:00, run_after=2024-07-26 00:00:00+00:00
[2024-07-26T12:50:46.328+0000] {processor.py:183} INFO - Processing /home/airflow/.local/lib/python3.8/site-packages/airflow/example_dags/example_nested_branch_dag.py took 0.105 seconds
[2024-07-26T12:51:16.430+0000] {processor.py:161} INFO - Started process (PID=281) to work on /home/airflow/.local/lib/python3.8/site-packages/airflow/example_dags/example_nested_branch_dag.py
[2024-07-26T12:51:16.431+0000] {processor.py:830} INFO - Processing file /home/airflow/.local/lib/python3.8/site-packages/airflow/example_dags/example_nested_branch_dag.py for tasks to queue
[2024-07-26T12:51:16.432+0000] {logging_mixin.py:188} INFO - [2024-07-26T12:51:16.432+0000] {dagbag.py:538} INFO - Filling up the DagBag from /home/airflow/.local/lib/python3.8/site-packages/airflow/example_dags/example_nested_branch_dag.py
[2024-07-26T12:51:16.443+0000] {processor.py:840} INFO - DAG(s) 'example_nested_branch_dag' retrieved from /home/airflow/.local/lib/python3.8/site-packages/airflow/example_dags/example_nested_branch_dag.py
[2024-07-26T12:51:16.468+0000] {logging_mixin.py:188} INFO - [2024-07-26T12:51:16.468+0000] {dag.py:3036} INFO - Sync 1 DAGs
[2024-07-26T12:51:16.494+0000] {logging_mixin.py:188} INFO - [2024-07-26T12:51:16.493+0000] {dag.py:3823} INFO - Setting next_dagrun for example_nested_branch_dag to 2024-07-25 00:00:00+00:00, run_after=2024-07-26 00:00:00+00:00
[2024-07-26T12:51:16.515+0000] {processor.py:183} INFO - Processing /home/airflow/.local/lib/python3.8/site-packages/airflow/example_dags/example_nested_branch_dag.py took 0.089 seconds
[2024-07-26T12:51:46.776+0000] {processor.py:161} INFO - Started process (PID=345) to work on /home/airflow/.local/lib/python3.8/site-packages/airflow/example_dags/example_nested_branch_dag.py
[2024-07-26T12:51:46.778+0000] {processor.py:830} INFO - Processing file /home/airflow/.local/lib/python3.8/site-packages/airflow/example_dags/example_nested_branch_dag.py for tasks to queue
[2024-07-26T12:51:46.780+0000] {logging_mixin.py:188} INFO - [2024-07-26T12:51:46.780+0000] {dagbag.py:538} INFO - Filling up the DagBag from /home/airflow/.local/lib/python3.8/site-packages/airflow/example_dags/example_nested_branch_dag.py
[2024-07-26T12:51:46.792+0000] {processor.py:840} INFO - DAG(s) 'example_nested_branch_dag' retrieved from /home/airflow/.local/lib/python3.8/site-packages/airflow/example_dags/example_nested_branch_dag.py
[2024-07-26T12:51:46.817+0000] {logging_mixin.py:188} INFO - [2024-07-26T12:51:46.817+0000] {dag.py:3036} INFO - Sync 1 DAGs
[2024-07-26T12:51:46.844+0000] {logging_mixin.py:188} INFO - [2024-07-26T12:51:46.843+0000] {dag.py:3823} INFO - Setting next_dagrun for example_nested_branch_dag to 2024-07-25 00:00:00+00:00, run_after=2024-07-26 00:00:00+00:00
[2024-07-26T12:51:46.867+0000] {processor.py:183} INFO - Processing /home/airflow/.local/lib/python3.8/site-packages/airflow/example_dags/example_nested_branch_dag.py took 0.094 seconds
[2024-07-26T12:52:17.609+0000] {processor.py:161} INFO - Started process (PID=409) to work on /home/airflow/.local/lib/python3.8/site-packages/airflow/example_dags/example_nested_branch_dag.py
[2024-07-26T12:52:17.610+0000] {processor.py:830} INFO - Processing file /home/airflow/.local/lib/python3.8/site-packages/airflow/example_dags/example_nested_branch_dag.py for tasks to queue
[2024-07-26T12:52:17.612+0000] {logging_mixin.py:188} INFO - [2024-07-26T12:52:17.612+0000] {dagbag.py:538} INFO - Filling up the DagBag from /home/airflow/.local/lib/python3.8/site-packages/airflow/example_dags/example_nested_branch_dag.py
[2024-07-26T12:52:17.623+0000] {processor.py:840} INFO - DAG(s) 'example_nested_branch_dag' retrieved from /home/airflow/.local/lib/python3.8/site-packages/airflow/example_dags/example_nested_branch_dag.py
[2024-07-26T12:52:17.650+0000] {logging_mixin.py:188} INFO - [2024-07-26T12:52:17.650+0000] {dag.py:3036} INFO - Sync 1 DAGs
[2024-07-26T12:52:17.681+0000] {logging_mixin.py:188} INFO - [2024-07-26T12:52:17.680+0000] {dag.py:3823} INFO - Setting next_dagrun for example_nested_branch_dag to 2024-07-25 00:00:00+00:00, run_after=2024-07-26 00:00:00+00:00
[2024-07-26T12:52:17.699+0000] {processor.py:183} INFO - Processing /home/airflow/.local/lib/python3.8/site-packages/airflow/example_dags/example_nested_branch_dag.py took 0.093 seconds
[2024-07-26T12:52:48.071+0000] {processor.py:161} INFO - Started process (PID=473) to work on /home/airflow/.local/lib/python3.8/site-packages/airflow/example_dags/example_nested_branch_dag.py
[2024-07-26T12:52:48.072+0000] {processor.py:830} INFO - Processing file /home/airflow/.local/lib/python3.8/site-packages/airflow/example_dags/example_nested_branch_dag.py for tasks to queue
[2024-07-26T12:52:48.075+0000] {logging_mixin.py:188} INFO - [2024-07-26T12:52:48.075+0000] {dagbag.py:538} INFO - Filling up the DagBag from /home/airflow/.local/lib/python3.8/site-packages/airflow/example_dags/example_nested_branch_dag.py
[2024-07-26T12:52:48.087+0000] {processor.py:840} INFO - DAG(s) 'example_nested_branch_dag' retrieved from /home/airflow/.local/lib/python3.8/site-packages/airflow/example_dags/example_nested_branch_dag.py
[2024-07-26T12:52:48.114+0000] {logging_mixin.py:188} INFO - [2024-07-26T12:52:48.114+0000] {dag.py:3036} INFO - Sync 1 DAGs
[2024-07-26T12:52:48.142+0000] {logging_mixin.py:188} INFO - [2024-07-26T12:52:48.141+0000] {dag.py:3823} INFO - Setting next_dagrun for example_nested_branch_dag to 2024-07-25 00:00:00+00:00, run_after=2024-07-26 00:00:00+00:00
[2024-07-26T12:52:48.164+0000] {processor.py:183} INFO - Processing /home/airflow/.local/lib/python3.8/site-packages/airflow/example_dags/example_nested_branch_dag.py took 0.096 seconds
[2024-07-26T12:53:18.666+0000] {processor.py:161} INFO - Started process (PID=537) to work on /home/airflow/.local/lib/python3.8/site-packages/airflow/example_dags/example_nested_branch_dag.py
[2024-07-26T12:53:18.667+0000] {processor.py:830} INFO - Processing file /home/airflow/.local/lib/python3.8/site-packages/airflow/example_dags/example_nested_branch_dag.py for tasks to queue
[2024-07-26T12:53:18.669+0000] {logging_mixin.py:188} INFO - [2024-07-26T12:53:18.669+0000] {dagbag.py:538} INFO - Filling up the DagBag from /home/airflow/.local/lib/python3.8/site-packages/airflow/example_dags/example_nested_branch_dag.py
[2024-07-26T12:53:18.681+0000] {processor.py:840} INFO - DAG(s) 'example_nested_branch_dag' retrieved from /home/airflow/.local/lib/python3.8/site-packages/airflow/example_dags/example_nested_branch_dag.py
[2024-07-26T12:53:18.705+0000] {logging_mixin.py:188} INFO - [2024-07-26T12:53:18.705+0000] {dag.py:3036} INFO - Sync 1 DAGs
[2024-07-26T12:53:18.731+0000] {logging_mixin.py:188} INFO - [2024-07-26T12:53:18.730+0000] {dag.py:3823} INFO - Setting next_dagrun for example_nested_branch_dag to 2024-07-25 00:00:00+00:00, run_after=2024-07-26 00:00:00+00:00
[2024-07-26T12:53:18.751+0000] {processor.py:183} INFO - Processing /home/airflow/.local/lib/python3.8/site-packages/airflow/example_dags/example_nested_branch_dag.py took 0.089 seconds
[2024-07-26T12:53:49.001+0000] {processor.py:161} INFO - Started process (PID=601) to work on /home/airflow/.local/lib/python3.8/site-packages/airflow/example_dags/example_nested_branch_dag.py
[2024-07-26T12:53:49.003+0000] {processor.py:830} INFO - Processing file /home/airflow/.local/lib/python3.8/site-packages/airflow/example_dags/example_nested_branch_dag.py for tasks to queue
[2024-07-26T12:53:49.005+0000] {logging_mixin.py:188} INFO - [2024-07-26T12:53:49.005+0000] {dagbag.py:538} INFO - Filling up the DagBag from /home/airflow/.local/lib/python3.8/site-packages/airflow/example_dags/example_nested_branch_dag.py
[2024-07-26T12:53:49.015+0000] {processor.py:840} INFO - DAG(s) 'example_nested_branch_dag' retrieved from /home/airflow/.local/lib/python3.8/site-packages/airflow/example_dags/example_nested_branch_dag.py
[2024-07-26T12:53:49.040+0000] {logging_mixin.py:188} INFO - [2024-07-26T12:53:49.039+0000] {dag.py:3036} INFO - Sync 1 DAGs
[2024-07-26T12:53:49.065+0000] {logging_mixin.py:188} INFO - [2024-07-26T12:53:49.065+0000] {dag.py:3823} INFO - Setting next_dagrun for example_nested_branch_dag to 2024-07-25 00:00:00+00:00, run_after=2024-07-26 00:00:00+00:00
[2024-07-26T12:53:49.088+0000] {processor.py:183} INFO - Processing /home/airflow/.local/lib/python3.8/site-packages/airflow/example_dags/example_nested_branch_dag.py took 0.090 seconds
[2024-07-26T12:54:19.363+0000] {processor.py:161} INFO - Started process (PID=665) to work on /home/airflow/.local/lib/python3.8/site-packages/airflow/example_dags/example_nested_branch_dag.py
[2024-07-26T12:54:19.365+0000] {processor.py:830} INFO - Processing file /home/airflow/.local/lib/python3.8/site-packages/airflow/example_dags/example_nested_branch_dag.py for tasks to queue
[2024-07-26T12:54:19.368+0000] {logging_mixin.py:188} INFO - [2024-07-26T12:54:19.367+0000] {dagbag.py:538} INFO - Filling up the DagBag from /home/airflow/.local/lib/python3.8/site-packages/airflow/example_dags/example_nested_branch_dag.py
[2024-07-26T12:54:19.386+0000] {processor.py:840} INFO - DAG(s) 'example_nested_branch_dag' retrieved from /home/airflow/.local/lib/python3.8/site-packages/airflow/example_dags/example_nested_branch_dag.py
[2024-07-26T12:54:19.417+0000] {logging_mixin.py:188} INFO - [2024-07-26T12:54:19.417+0000] {dag.py:3036} INFO - Sync 1 DAGs
[2024-07-26T12:54:19.453+0000] {logging_mixin.py:188} INFO - [2024-07-26T12:54:19.452+0000] {dag.py:3823} INFO - Setting next_dagrun for example_nested_branch_dag to 2024-07-25 00:00:00+00:00, run_after=2024-07-26 00:00:00+00:00
[2024-07-26T12:54:19.473+0000] {processor.py:183} INFO - Processing /home/airflow/.local/lib/python3.8/site-packages/airflow/example_dags/example_nested_branch_dag.py took 0.114 seconds
[2024-07-26T12:54:49.601+0000] {processor.py:161} INFO - Started process (PID=729) to work on /home/airflow/.local/lib/python3.8/site-packages/airflow/example_dags/example_nested_branch_dag.py
[2024-07-26T12:54:49.602+0000] {processor.py:830} INFO - Processing file /home/airflow/.local/lib/python3.8/site-packages/airflow/example_dags/example_nested_branch_dag.py for tasks to queue
[2024-07-26T12:54:49.605+0000] {logging_mixin.py:188} INFO - [2024-07-26T12:54:49.605+0000] {dagbag.py:538} INFO - Filling up the DagBag from /home/airflow/.local/lib/python3.8/site-packages/airflow/example_dags/example_nested_branch_dag.py
[2024-07-26T12:54:49.616+0000] {processor.py:840} INFO - DAG(s) 'example_nested_branch_dag' retrieved from /home/airflow/.local/lib/python3.8/site-packages/airflow/example_dags/example_nested_branch_dag.py
[2024-07-26T12:54:49.641+0000] {logging_mixin.py:188} INFO - [2024-07-26T12:54:49.641+0000] {dag.py:3036} INFO - Sync 1 DAGs
[2024-07-26T12:54:49.668+0000] {logging_mixin.py:188} INFO - [2024-07-26T12:54:49.668+0000] {dag.py:3823} INFO - Setting next_dagrun for example_nested_branch_dag to 2024-07-25 00:00:00+00:00, run_after=2024-07-26 00:00:00+00:00
[2024-07-26T12:54:49.693+0000] {processor.py:183} INFO - Processing /home/airflow/.local/lib/python3.8/site-packages/airflow/example_dags/example_nested_branch_dag.py took 0.096 seconds
[2024-07-26T12:55:19.748+0000] {processor.py:161} INFO - Started process (PID=792) to work on /home/airflow/.local/lib/python3.8/site-packages/airflow/example_dags/example_nested_branch_dag.py
[2024-07-26T12:55:19.749+0000] {processor.py:830} INFO - Processing file /home/airflow/.local/lib/python3.8/site-packages/airflow/example_dags/example_nested_branch_dag.py for tasks to queue
[2024-07-26T12:55:19.750+0000] {logging_mixin.py:188} INFO - [2024-07-26T12:55:19.750+0000] {dagbag.py:538} INFO - Filling up the DagBag from /home/airflow/.local/lib/python3.8/site-packages/airflow/example_dags/example_nested_branch_dag.py
[2024-07-26T12:55:19.765+0000] {processor.py:840} INFO - DAG(s) 'example_nested_branch_dag' retrieved from /home/airflow/.local/lib/python3.8/site-packages/airflow/example_dags/example_nested_branch_dag.py
[2024-07-26T12:55:19.790+0000] {logging_mixin.py:188} INFO - [2024-07-26T12:55:19.790+0000] {dag.py:3036} INFO - Sync 1 DAGs
[2024-07-26T12:55:19.818+0000] {logging_mixin.py:188} INFO - [2024-07-26T12:55:19.818+0000] {dag.py:3823} INFO - Setting next_dagrun for example_nested_branch_dag to 2024-07-25 00:00:00+00:00, run_after=2024-07-26 00:00:00+00:00
[2024-07-26T12:55:19.840+0000] {processor.py:183} INFO - Processing /home/airflow/.local/lib/python3.8/site-packages/airflow/example_dags/example_nested_branch_dag.py took 0.095 seconds
[2024-07-26T12:55:50.029+0000] {processor.py:161} INFO - Started process (PID=856) to work on /home/airflow/.local/lib/python3.8/site-packages/airflow/example_dags/example_nested_branch_dag.py
[2024-07-26T12:55:50.030+0000] {processor.py:830} INFO - Processing file /home/airflow/.local/lib/python3.8/site-packages/airflow/example_dags/example_nested_branch_dag.py for tasks to queue
[2024-07-26T12:55:50.033+0000] {logging_mixin.py:188} INFO - [2024-07-26T12:55:50.032+0000] {dagbag.py:538} INFO - Filling up the DagBag from /home/airflow/.local/lib/python3.8/site-packages/airflow/example_dags/example_nested_branch_dag.py
[2024-07-26T12:55:50.047+0000] {processor.py:840} INFO - DAG(s) 'example_nested_branch_dag' retrieved from /home/airflow/.local/lib/python3.8/site-packages/airflow/example_dags/example_nested_branch_dag.py
[2024-07-26T12:55:50.101+0000] {logging_mixin.py:188} INFO - [2024-07-26T12:55:50.100+0000] {dag.py:3036} INFO - Sync 1 DAGs
[2024-07-26T12:55:50.146+0000] {logging_mixin.py:188} INFO - [2024-07-26T12:55:50.145+0000] {dag.py:3823} INFO - Setting next_dagrun for example_nested_branch_dag to 2024-07-25 00:00:00+00:00, run_after=2024-07-26 00:00:00+00:00
[2024-07-26T12:55:50.181+0000] {processor.py:183} INFO - Processing /home/airflow/.local/lib/python3.8/site-packages/airflow/example_dags/example_nested_branch_dag.py took 0.156 seconds
[2024-07-26T12:56:20.920+0000] {processor.py:161} INFO - Started process (PID=920) to work on /home/airflow/.local/lib/python3.8/site-packages/airflow/example_dags/example_nested_branch_dag.py
[2024-07-26T12:56:20.921+0000] {processor.py:830} INFO - Processing file /home/airflow/.local/lib/python3.8/site-packages/airflow/example_dags/example_nested_branch_dag.py for tasks to queue
[2024-07-26T12:56:20.923+0000] {logging_mixin.py:188} INFO - [2024-07-26T12:56:20.923+0000] {dagbag.py:538} INFO - Filling up the DagBag from /home/airflow/.local/lib/python3.8/site-packages/airflow/example_dags/example_nested_branch_dag.py
[2024-07-26T12:56:20.937+0000] {processor.py:840} INFO - DAG(s) 'example_nested_branch_dag' retrieved from /home/airflow/.local/lib/python3.8/site-packages/airflow/example_dags/example_nested_branch_dag.py
[2024-07-26T12:56:20.961+0000] {logging_mixin.py:188} INFO - [2024-07-26T12:56:20.960+0000] {dag.py:3036} INFO - Sync 1 DAGs
[2024-07-26T12:56:20.987+0000] {logging_mixin.py:188} INFO - [2024-07-26T12:56:20.987+0000] {dag.py:3823} INFO - Setting next_dagrun for example_nested_branch_dag to 2024-07-25 00:00:00+00:00, run_after=2024-07-26 00:00:00+00:00
[2024-07-26T12:56:21.006+0000] {processor.py:183} INFO - Processing /home/airflow/.local/lib/python3.8/site-packages/airflow/example_dags/example_nested_branch_dag.py took 0.089 seconds
[2024-07-26T12:56:51.124+0000] {processor.py:161} INFO - Started process (PID=984) to work on /home/airflow/.local/lib/python3.8/site-packages/airflow/example_dags/example_nested_branch_dag.py
[2024-07-26T12:56:51.125+0000] {processor.py:830} INFO - Processing file /home/airflow/.local/lib/python3.8/site-packages/airflow/example_dags/example_nested_branch_dag.py for tasks to queue
[2024-07-26T12:56:51.127+0000] {logging_mixin.py:188} INFO - [2024-07-26T12:56:51.126+0000] {dagbag.py:538} INFO - Filling up the DagBag from /home/airflow/.local/lib/python3.8/site-packages/airflow/example_dags/example_nested_branch_dag.py
[2024-07-26T12:56:51.141+0000] {processor.py:840} INFO - DAG(s) 'example_nested_branch_dag' retrieved from /home/airflow/.local/lib/python3.8/site-packages/airflow/example_dags/example_nested_branch_dag.py
[2024-07-26T12:56:51.165+0000] {logging_mixin.py:188} INFO - [2024-07-26T12:56:51.165+0000] {dag.py:3036} INFO - Sync 1 DAGs
[2024-07-26T12:56:51.193+0000] {logging_mixin.py:188} INFO - [2024-07-26T12:56:51.193+0000] {dag.py:3823} INFO - Setting next_dagrun for example_nested_branch_dag to 2024-07-25 00:00:00+00:00, run_after=2024-07-26 00:00:00+00:00
[2024-07-26T12:56:51.224+0000] {processor.py:183} INFO - Processing /home/airflow/.local/lib/python3.8/site-packages/airflow/example_dags/example_nested_branch_dag.py took 0.104 seconds
[2024-07-26T12:57:21.604+0000] {processor.py:161} INFO - Started process (PID=1048) to work on /home/airflow/.local/lib/python3.8/site-packages/airflow/example_dags/example_nested_branch_dag.py
[2024-07-26T12:57:21.605+0000] {processor.py:830} INFO - Processing file /home/airflow/.local/lib/python3.8/site-packages/airflow/example_dags/example_nested_branch_dag.py for tasks to queue
[2024-07-26T12:57:21.607+0000] {logging_mixin.py:188} INFO - [2024-07-26T12:57:21.607+0000] {dagbag.py:538} INFO - Filling up the DagBag from /home/airflow/.local/lib/python3.8/site-packages/airflow/example_dags/example_nested_branch_dag.py
[2024-07-26T12:57:21.619+0000] {processor.py:840} INFO - DAG(s) 'example_nested_branch_dag' retrieved from /home/airflow/.local/lib/python3.8/site-packages/airflow/example_dags/example_nested_branch_dag.py
[2024-07-26T12:57:21.642+0000] {logging_mixin.py:188} INFO - [2024-07-26T12:57:21.642+0000] {dag.py:3036} INFO - Sync 1 DAGs
[2024-07-26T12:57:21.670+0000] {logging_mixin.py:188} INFO - [2024-07-26T12:57:21.670+0000] {dag.py:3823} INFO - Setting next_dagrun for example_nested_branch_dag to 2024-07-25 00:00:00+00:00, run_after=2024-07-26 00:00:00+00:00
[2024-07-26T12:57:21.692+0000] {processor.py:183} INFO - Processing /home/airflow/.local/lib/python3.8/site-packages/airflow/example_dags/example_nested_branch_dag.py took 0.090 seconds
[2024-07-26T12:57:52.100+0000] {processor.py:161} INFO - Started process (PID=1112) to work on /home/airflow/.local/lib/python3.8/site-packages/airflow/example_dags/example_nested_branch_dag.py
[2024-07-26T12:57:52.102+0000] {processor.py:830} INFO - Processing file /home/airflow/.local/lib/python3.8/site-packages/airflow/example_dags/example_nested_branch_dag.py for tasks to queue
[2024-07-26T12:57:52.104+0000] {logging_mixin.py:188} INFO - [2024-07-26T12:57:52.104+0000] {dagbag.py:538} INFO - Filling up the DagBag from /home/airflow/.local/lib/python3.8/site-packages/airflow/example_dags/example_nested_branch_dag.py
[2024-07-26T12:57:52.115+0000] {processor.py:840} INFO - DAG(s) 'example_nested_branch_dag' retrieved from /home/airflow/.local/lib/python3.8/site-packages/airflow/example_dags/example_nested_branch_dag.py
[2024-07-26T12:57:52.140+0000] {logging_mixin.py:188} INFO - [2024-07-26T12:57:52.139+0000] {dag.py:3036} INFO - Sync 1 DAGs
[2024-07-26T12:57:52.171+0000] {logging_mixin.py:188} INFO - [2024-07-26T12:57:52.170+0000] {dag.py:3823} INFO - Setting next_dagrun for example_nested_branch_dag to 2024-07-25 00:00:00+00:00, run_after=2024-07-26 00:00:00+00:00
[2024-07-26T12:57:52.194+0000] {processor.py:183} INFO - Processing /home/airflow/.local/lib/python3.8/site-packages/airflow/example_dags/example_nested_branch_dag.py took 0.097 seconds
[2024-07-26T12:58:22.715+0000] {processor.py:161} INFO - Started process (PID=1176) to work on /home/airflow/.local/lib/python3.8/site-packages/airflow/example_dags/example_nested_branch_dag.py
[2024-07-26T12:58:22.716+0000] {processor.py:830} INFO - Processing file /home/airflow/.local/lib/python3.8/site-packages/airflow/example_dags/example_nested_branch_dag.py for tasks to queue
[2024-07-26T12:58:22.719+0000] {logging_mixin.py:188} INFO - [2024-07-26T12:58:22.718+0000] {dagbag.py:538} INFO - Filling up the DagBag from /home/airflow/.local/lib/python3.8/site-packages/airflow/example_dags/example_nested_branch_dag.py
[2024-07-26T12:58:22.732+0000] {processor.py:840} INFO - DAG(s) 'example_nested_branch_dag' retrieved from /home/airflow/.local/lib/python3.8/site-packages/airflow/example_dags/example_nested_branch_dag.py
[2024-07-26T12:58:22.766+0000] {logging_mixin.py:188} INFO - [2024-07-26T12:58:22.765+0000] {dag.py:3036} INFO - Sync 1 DAGs
[2024-07-26T12:58:22.803+0000] {logging_mixin.py:188} INFO - [2024-07-26T12:58:22.802+0000] {dag.py:3823} INFO - Setting next_dagrun for example_nested_branch_dag to 2024-07-25 00:00:00+00:00, run_after=2024-07-26 00:00:00+00:00
[2024-07-26T12:58:22.834+0000] {processor.py:183} INFO - Processing /home/airflow/.local/lib/python3.8/site-packages/airflow/example_dags/example_nested_branch_dag.py took 0.123 seconds
[2024-07-26T12:58:52.892+0000] {processor.py:161} INFO - Started process (PID=1240) to work on /home/airflow/.local/lib/python3.8/site-packages/airflow/example_dags/example_nested_branch_dag.py
[2024-07-26T12:58:52.897+0000] {processor.py:830} INFO - Processing file /home/airflow/.local/lib/python3.8/site-packages/airflow/example_dags/example_nested_branch_dag.py for tasks to queue
[2024-07-26T12:58:52.900+0000] {logging_mixin.py:188} INFO - [2024-07-26T12:58:52.900+0000] {dagbag.py:538} INFO - Filling up the DagBag from /home/airflow/.local/lib/python3.8/site-packages/airflow/example_dags/example_nested_branch_dag.py
[2024-07-26T12:58:52.915+0000] {processor.py:840} INFO - DAG(s) 'example_nested_branch_dag' retrieved from /home/airflow/.local/lib/python3.8/site-packages/airflow/example_dags/example_nested_branch_dag.py
[2024-07-26T12:58:52.946+0000] {logging_mixin.py:188} INFO - [2024-07-26T12:58:52.945+0000] {dag.py:3036} INFO - Sync 1 DAGs
[2024-07-26T12:58:52.979+0000] {logging_mixin.py:188} INFO - [2024-07-26T12:58:52.979+0000] {dag.py:3823} INFO - Setting next_dagrun for example_nested_branch_dag to 2024-07-25 00:00:00+00:00, run_after=2024-07-26 00:00:00+00:00
[2024-07-26T12:58:53.002+0000] {processor.py:183} INFO - Processing /home/airflow/.local/lib/python3.8/site-packages/airflow/example_dags/example_nested_branch_dag.py took 0.116 seconds
