[2024-07-26T12:15:24.796+0000] {processor.py:161} INFO - Started process (PID=90) to work on /home/airflow/.local/lib/python3.8/site-packages/airflow/example_dags/example_short_circuit_decorator.py
[2024-07-26T12:15:24.808+0000] {processor.py:830} INFO - Processing file /home/airflow/.local/lib/python3.8/site-packages/airflow/example_dags/example_short_circuit_decorator.py for tasks to queue
[2024-07-26T12:15:24.812+0000] {logging_mixin.py:188} INFO - [2024-07-26T12:15:24.812+0000] {dagbag.py:538} INFO - Filling up the DagBag from /home/airflow/.local/lib/python3.8/site-packages/airflow/example_dags/example_short_circuit_decorator.py
[2024-07-26T12:15:24.856+0000] {processor.py:840} INFO - DAG(s) 'example_short_circuit_decorator' retrieved from /home/airflow/.local/lib/python3.8/site-packages/airflow/example_dags/example_short_circuit_decorator.py
[2024-07-26T12:15:25.024+0000] {logging_mixin.py:188} INFO - [2024-07-26T12:15:25.024+0000] {dag.py:3036} INFO - Sync 1 DAGs
[2024-07-26T12:15:25.054+0000] {logging_mixin.py:188} INFO - [2024-07-26T12:15:25.054+0000] {dag.py:3823} INFO - Setting next_dagrun for example_short_circuit_decorator to 2024-07-25 00:00:00+00:00, run_after=2024-07-26 00:00:00+00:00
[2024-07-26T12:15:25.078+0000] {processor.py:183} INFO - Processing /home/airflow/.local/lib/python3.8/site-packages/airflow/example_dags/example_short_circuit_decorator.py took 0.287 seconds
[2024-07-26T12:15:55.381+0000] {processor.py:161} INFO - Started process (PID=152) to work on /home/airflow/.local/lib/python3.8/site-packages/airflow/example_dags/example_short_circuit_decorator.py
[2024-07-26T12:15:55.383+0000] {processor.py:830} INFO - Processing file /home/airflow/.local/lib/python3.8/site-packages/airflow/example_dags/example_short_circuit_decorator.py for tasks to queue
[2024-07-26T12:15:55.385+0000] {logging_mixin.py:188} INFO - [2024-07-26T12:15:55.384+0000] {dagbag.py:538} INFO - Filling up the DagBag from /home/airflow/.local/lib/python3.8/site-packages/airflow/example_dags/example_short_circuit_decorator.py
[2024-07-26T12:15:55.394+0000] {processor.py:840} INFO - DAG(s) 'example_short_circuit_decorator' retrieved from /home/airflow/.local/lib/python3.8/site-packages/airflow/example_dags/example_short_circuit_decorator.py
[2024-07-26T12:15:55.422+0000] {logging_mixin.py:188} INFO - [2024-07-26T12:15:55.421+0000] {dag.py:3036} INFO - Sync 1 DAGs
[2024-07-26T12:15:55.445+0000] {logging_mixin.py:188} INFO - [2024-07-26T12:15:55.445+0000] {dag.py:3823} INFO - Setting next_dagrun for example_short_circuit_decorator to 2024-07-25 00:00:00+00:00, run_after=2024-07-26 00:00:00+00:00
[2024-07-26T12:15:55.467+0000] {processor.py:183} INFO - Processing /home/airflow/.local/lib/python3.8/site-packages/airflow/example_dags/example_short_circuit_decorator.py took 0.089 seconds
[2024-07-26T12:16:25.728+0000] {processor.py:161} INFO - Started process (PID=216) to work on /home/airflow/.local/lib/python3.8/site-packages/airflow/example_dags/example_short_circuit_decorator.py
[2024-07-26T12:16:25.729+0000] {processor.py:830} INFO - Processing file /home/airflow/.local/lib/python3.8/site-packages/airflow/example_dags/example_short_circuit_decorator.py for tasks to queue
[2024-07-26T12:16:25.732+0000] {logging_mixin.py:188} INFO - [2024-07-26T12:16:25.732+0000] {dagbag.py:538} INFO - Filling up the DagBag from /home/airflow/.local/lib/python3.8/site-packages/airflow/example_dags/example_short_circuit_decorator.py
[2024-07-26T12:16:25.744+0000] {processor.py:840} INFO - DAG(s) 'example_short_circuit_decorator' retrieved from /home/airflow/.local/lib/python3.8/site-packages/airflow/example_dags/example_short_circuit_decorator.py
[2024-07-26T12:16:25.782+0000] {logging_mixin.py:188} INFO - [2024-07-26T12:16:25.782+0000] {dag.py:3036} INFO - Sync 1 DAGs
[2024-07-26T12:16:25.816+0000] {logging_mixin.py:188} INFO - [2024-07-26T12:16:25.816+0000] {dag.py:3823} INFO - Setting next_dagrun for example_short_circuit_decorator to 2024-07-25 00:00:00+00:00, run_after=2024-07-26 00:00:00+00:00
[2024-07-26T12:16:25.843+0000] {processor.py:183} INFO - Processing /home/airflow/.local/lib/python3.8/site-packages/airflow/example_dags/example_short_circuit_decorator.py took 0.120 seconds
[2024-07-26T12:16:56.148+0000] {processor.py:161} INFO - Started process (PID=280) to work on /home/airflow/.local/lib/python3.8/site-packages/airflow/example_dags/example_short_circuit_decorator.py
[2024-07-26T12:16:56.150+0000] {processor.py:830} INFO - Processing file /home/airflow/.local/lib/python3.8/site-packages/airflow/example_dags/example_short_circuit_decorator.py for tasks to queue
[2024-07-26T12:16:56.155+0000] {logging_mixin.py:188} INFO - [2024-07-26T12:16:56.153+0000] {dagbag.py:538} INFO - Filling up the DagBag from /home/airflow/.local/lib/python3.8/site-packages/airflow/example_dags/example_short_circuit_decorator.py
[2024-07-26T12:16:56.182+0000] {processor.py:840} INFO - DAG(s) 'example_short_circuit_decorator' retrieved from /home/airflow/.local/lib/python3.8/site-packages/airflow/example_dags/example_short_circuit_decorator.py
[2024-07-26T12:16:56.242+0000] {logging_mixin.py:188} INFO - [2024-07-26T12:16:56.241+0000] {dag.py:3036} INFO - Sync 1 DAGs
[2024-07-26T12:16:56.274+0000] {logging_mixin.py:188} INFO - [2024-07-26T12:16:56.273+0000] {dag.py:3823} INFO - Setting next_dagrun for example_short_circuit_decorator to 2024-07-25 00:00:00+00:00, run_after=2024-07-26 00:00:00+00:00
[2024-07-26T12:16:56.298+0000] {processor.py:183} INFO - Processing /home/airflow/.local/lib/python3.8/site-packages/airflow/example_dags/example_short_circuit_decorator.py took 0.156 seconds
[2024-07-26T12:17:26.734+0000] {processor.py:161} INFO - Started process (PID=344) to work on /home/airflow/.local/lib/python3.8/site-packages/airflow/example_dags/example_short_circuit_decorator.py
[2024-07-26T12:17:26.735+0000] {processor.py:830} INFO - Processing file /home/airflow/.local/lib/python3.8/site-packages/airflow/example_dags/example_short_circuit_decorator.py for tasks to queue
[2024-07-26T12:17:26.737+0000] {logging_mixin.py:188} INFO - [2024-07-26T12:17:26.737+0000] {dagbag.py:538} INFO - Filling up the DagBag from /home/airflow/.local/lib/python3.8/site-packages/airflow/example_dags/example_short_circuit_decorator.py
[2024-07-26T12:17:26.748+0000] {processor.py:840} INFO - DAG(s) 'example_short_circuit_decorator' retrieved from /home/airflow/.local/lib/python3.8/site-packages/airflow/example_dags/example_short_circuit_decorator.py
[2024-07-26T12:17:26.774+0000] {logging_mixin.py:188} INFO - [2024-07-26T12:17:26.774+0000] {dag.py:3036} INFO - Sync 1 DAGs
[2024-07-26T12:17:26.799+0000] {logging_mixin.py:188} INFO - [2024-07-26T12:17:26.798+0000] {dag.py:3823} INFO - Setting next_dagrun for example_short_circuit_decorator to 2024-07-25 00:00:00+00:00, run_after=2024-07-26 00:00:00+00:00
[2024-07-26T12:17:26.819+0000] {processor.py:183} INFO - Processing /home/airflow/.local/lib/python3.8/site-packages/airflow/example_dags/example_short_circuit_decorator.py took 0.088 seconds
[2024-07-26T12:17:56.868+0000] {processor.py:161} INFO - Started process (PID=407) to work on /home/airflow/.local/lib/python3.8/site-packages/airflow/example_dags/example_short_circuit_decorator.py
[2024-07-26T12:17:56.869+0000] {processor.py:830} INFO - Processing file /home/airflow/.local/lib/python3.8/site-packages/airflow/example_dags/example_short_circuit_decorator.py for tasks to queue
[2024-07-26T12:17:56.872+0000] {logging_mixin.py:188} INFO - [2024-07-26T12:17:56.871+0000] {dagbag.py:538} INFO - Filling up the DagBag from /home/airflow/.local/lib/python3.8/site-packages/airflow/example_dags/example_short_circuit_decorator.py
[2024-07-26T12:17:56.883+0000] {processor.py:840} INFO - DAG(s) 'example_short_circuit_decorator' retrieved from /home/airflow/.local/lib/python3.8/site-packages/airflow/example_dags/example_short_circuit_decorator.py
[2024-07-26T12:17:56.913+0000] {logging_mixin.py:188} INFO - [2024-07-26T12:17:56.913+0000] {dag.py:3036} INFO - Sync 1 DAGs
[2024-07-26T12:17:56.940+0000] {logging_mixin.py:188} INFO - [2024-07-26T12:17:56.940+0000] {dag.py:3823} INFO - Setting next_dagrun for example_short_circuit_decorator to 2024-07-25 00:00:00+00:00, run_after=2024-07-26 00:00:00+00:00
[2024-07-26T12:17:56.969+0000] {processor.py:183} INFO - Processing /home/airflow/.local/lib/python3.8/site-packages/airflow/example_dags/example_short_circuit_decorator.py took 0.105 seconds
[2024-07-26T12:18:27.673+0000] {processor.py:161} INFO - Started process (PID=472) to work on /home/airflow/.local/lib/python3.8/site-packages/airflow/example_dags/example_short_circuit_decorator.py
[2024-07-26T12:18:27.674+0000] {processor.py:830} INFO - Processing file /home/airflow/.local/lib/python3.8/site-packages/airflow/example_dags/example_short_circuit_decorator.py for tasks to queue
[2024-07-26T12:18:27.676+0000] {logging_mixin.py:188} INFO - [2024-07-26T12:18:27.676+0000] {dagbag.py:538} INFO - Filling up the DagBag from /home/airflow/.local/lib/python3.8/site-packages/airflow/example_dags/example_short_circuit_decorator.py
[2024-07-26T12:18:27.687+0000] {processor.py:840} INFO - DAG(s) 'example_short_circuit_decorator' retrieved from /home/airflow/.local/lib/python3.8/site-packages/airflow/example_dags/example_short_circuit_decorator.py
[2024-07-26T12:18:27.729+0000] {logging_mixin.py:188} INFO - [2024-07-26T12:18:27.729+0000] {dag.py:3036} INFO - Sync 1 DAGs
[2024-07-26T12:18:27.773+0000] {logging_mixin.py:188} INFO - [2024-07-26T12:18:27.772+0000] {dag.py:3823} INFO - Setting next_dagrun for example_short_circuit_decorator to 2024-07-25 00:00:00+00:00, run_after=2024-07-26 00:00:00+00:00
[2024-07-26T12:18:27.803+0000] {processor.py:183} INFO - Processing /home/airflow/.local/lib/python3.8/site-packages/airflow/example_dags/example_short_circuit_decorator.py took 0.133 seconds
[2024-07-26T12:18:57.970+0000] {processor.py:161} INFO - Started process (PID=535) to work on /home/airflow/.local/lib/python3.8/site-packages/airflow/example_dags/example_short_circuit_decorator.py
[2024-07-26T12:18:57.971+0000] {processor.py:830} INFO - Processing file /home/airflow/.local/lib/python3.8/site-packages/airflow/example_dags/example_short_circuit_decorator.py for tasks to queue
[2024-07-26T12:18:57.973+0000] {logging_mixin.py:188} INFO - [2024-07-26T12:18:57.972+0000] {dagbag.py:538} INFO - Filling up the DagBag from /home/airflow/.local/lib/python3.8/site-packages/airflow/example_dags/example_short_circuit_decorator.py
[2024-07-26T12:18:57.986+0000] {processor.py:840} INFO - DAG(s) 'example_short_circuit_decorator' retrieved from /home/airflow/.local/lib/python3.8/site-packages/airflow/example_dags/example_short_circuit_decorator.py
[2024-07-26T12:18:58.015+0000] {logging_mixin.py:188} INFO - [2024-07-26T12:18:58.015+0000] {dag.py:3036} INFO - Sync 1 DAGs
[2024-07-26T12:18:58.045+0000] {logging_mixin.py:188} INFO - [2024-07-26T12:18:58.045+0000] {dag.py:3823} INFO - Setting next_dagrun for example_short_circuit_decorator to 2024-07-25 00:00:00+00:00, run_after=2024-07-26 00:00:00+00:00
[2024-07-26T12:18:58.070+0000] {processor.py:183} INFO - Processing /home/airflow/.local/lib/python3.8/site-packages/airflow/example_dags/example_short_circuit_decorator.py took 0.103 seconds
[2024-07-26T12:19:28.101+0000] {processor.py:161} INFO - Started process (PID=600) to work on /home/airflow/.local/lib/python3.8/site-packages/airflow/example_dags/example_short_circuit_decorator.py
[2024-07-26T12:19:28.102+0000] {processor.py:830} INFO - Processing file /home/airflow/.local/lib/python3.8/site-packages/airflow/example_dags/example_short_circuit_decorator.py for tasks to queue
[2024-07-26T12:19:28.104+0000] {logging_mixin.py:188} INFO - [2024-07-26T12:19:28.104+0000] {dagbag.py:538} INFO - Filling up the DagBag from /home/airflow/.local/lib/python3.8/site-packages/airflow/example_dags/example_short_circuit_decorator.py
[2024-07-26T12:19:28.115+0000] {processor.py:840} INFO - DAG(s) 'example_short_circuit_decorator' retrieved from /home/airflow/.local/lib/python3.8/site-packages/airflow/example_dags/example_short_circuit_decorator.py
[2024-07-26T12:19:28.144+0000] {logging_mixin.py:188} INFO - [2024-07-26T12:19:28.143+0000] {dag.py:3036} INFO - Sync 1 DAGs
[2024-07-26T12:19:28.169+0000] {logging_mixin.py:188} INFO - [2024-07-26T12:19:28.169+0000] {dag.py:3823} INFO - Setting next_dagrun for example_short_circuit_decorator to 2024-07-25 00:00:00+00:00, run_after=2024-07-26 00:00:00+00:00
[2024-07-26T12:19:28.194+0000] {processor.py:183} INFO - Processing /home/airflow/.local/lib/python3.8/site-packages/airflow/example_dags/example_short_circuit_decorator.py took 0.097 seconds
[2024-07-26T12:28:16.206+0000] {processor.py:161} INFO - Started process (PID=86) to work on /home/airflow/.local/lib/python3.8/site-packages/airflow/example_dags/example_short_circuit_decorator.py
[2024-07-26T12:28:16.208+0000] {processor.py:830} INFO - Processing file /home/airflow/.local/lib/python3.8/site-packages/airflow/example_dags/example_short_circuit_decorator.py for tasks to queue
[2024-07-26T12:28:16.212+0000] {logging_mixin.py:188} INFO - [2024-07-26T12:28:16.211+0000] {dagbag.py:538} INFO - Filling up the DagBag from /home/airflow/.local/lib/python3.8/site-packages/airflow/example_dags/example_short_circuit_decorator.py
[2024-07-26T12:28:16.238+0000] {processor.py:840} INFO - DAG(s) 'example_short_circuit_decorator' retrieved from /home/airflow/.local/lib/python3.8/site-packages/airflow/example_dags/example_short_circuit_decorator.py
[2024-07-26T12:28:16.407+0000] {logging_mixin.py:188} INFO - [2024-07-26T12:28:16.407+0000] {dag.py:3036} INFO - Sync 1 DAGs
[2024-07-26T12:28:16.433+0000] {logging_mixin.py:188} INFO - [2024-07-26T12:28:16.433+0000] {dag.py:3823} INFO - Setting next_dagrun for example_short_circuit_decorator to 2024-07-25 00:00:00+00:00, run_after=2024-07-26 00:00:00+00:00
[2024-07-26T12:28:16.460+0000] {processor.py:183} INFO - Processing /home/airflow/.local/lib/python3.8/site-packages/airflow/example_dags/example_short_circuit_decorator.py took 0.261 seconds
[2024-07-26T12:28:47.163+0000] {processor.py:161} INFO - Started process (PID=150) to work on /home/airflow/.local/lib/python3.8/site-packages/airflow/example_dags/example_short_circuit_decorator.py
[2024-07-26T12:28:47.164+0000] {processor.py:830} INFO - Processing file /home/airflow/.local/lib/python3.8/site-packages/airflow/example_dags/example_short_circuit_decorator.py for tasks to queue
[2024-07-26T12:28:47.166+0000] {logging_mixin.py:188} INFO - [2024-07-26T12:28:47.166+0000] {dagbag.py:538} INFO - Filling up the DagBag from /home/airflow/.local/lib/python3.8/site-packages/airflow/example_dags/example_short_circuit_decorator.py
[2024-07-26T12:28:47.179+0000] {processor.py:840} INFO - DAG(s) 'example_short_circuit_decorator' retrieved from /home/airflow/.local/lib/python3.8/site-packages/airflow/example_dags/example_short_circuit_decorator.py
[2024-07-26T12:28:47.207+0000] {logging_mixin.py:188} INFO - [2024-07-26T12:28:47.207+0000] {dag.py:3036} INFO - Sync 1 DAGs
[2024-07-26T12:28:47.233+0000] {logging_mixin.py:188} INFO - [2024-07-26T12:28:47.233+0000] {dag.py:3823} INFO - Setting next_dagrun for example_short_circuit_decorator to 2024-07-25 00:00:00+00:00, run_after=2024-07-26 00:00:00+00:00
[2024-07-26T12:28:47.255+0000] {processor.py:183} INFO - Processing /home/airflow/.local/lib/python3.8/site-packages/airflow/example_dags/example_short_circuit_decorator.py took 0.095 seconds
[2024-07-26T12:29:17.557+0000] {processor.py:161} INFO - Started process (PID=211) to work on /home/airflow/.local/lib/python3.8/site-packages/airflow/example_dags/example_short_circuit_decorator.py
[2024-07-26T12:29:17.559+0000] {processor.py:830} INFO - Processing file /home/airflow/.local/lib/python3.8/site-packages/airflow/example_dags/example_short_circuit_decorator.py for tasks to queue
[2024-07-26T12:29:17.561+0000] {logging_mixin.py:188} INFO - [2024-07-26T12:29:17.560+0000] {dagbag.py:538} INFO - Filling up the DagBag from /home/airflow/.local/lib/python3.8/site-packages/airflow/example_dags/example_short_circuit_decorator.py
[2024-07-26T12:29:17.574+0000] {processor.py:840} INFO - DAG(s) 'example_short_circuit_decorator' retrieved from /home/airflow/.local/lib/python3.8/site-packages/airflow/example_dags/example_short_circuit_decorator.py
[2024-07-26T12:29:17.617+0000] {logging_mixin.py:188} INFO - [2024-07-26T12:29:17.617+0000] {dag.py:3036} INFO - Sync 1 DAGs
[2024-07-26T12:29:17.645+0000] {logging_mixin.py:188} INFO - [2024-07-26T12:29:17.645+0000] {dag.py:3823} INFO - Setting next_dagrun for example_short_circuit_decorator to 2024-07-25 00:00:00+00:00, run_after=2024-07-26 00:00:00+00:00
[2024-07-26T12:29:17.667+0000] {processor.py:183} INFO - Processing /home/airflow/.local/lib/python3.8/site-packages/airflow/example_dags/example_short_circuit_decorator.py took 0.112 seconds
[2024-07-26T12:29:48.068+0000] {processor.py:161} INFO - Started process (PID=275) to work on /home/airflow/.local/lib/python3.8/site-packages/airflow/example_dags/example_short_circuit_decorator.py
[2024-07-26T12:29:48.072+0000] {processor.py:830} INFO - Processing file /home/airflow/.local/lib/python3.8/site-packages/airflow/example_dags/example_short_circuit_decorator.py for tasks to queue
[2024-07-26T12:29:48.075+0000] {logging_mixin.py:188} INFO - [2024-07-26T12:29:48.075+0000] {dagbag.py:538} INFO - Filling up the DagBag from /home/airflow/.local/lib/python3.8/site-packages/airflow/example_dags/example_short_circuit_decorator.py
[2024-07-26T12:29:48.088+0000] {processor.py:840} INFO - DAG(s) 'example_short_circuit_decorator' retrieved from /home/airflow/.local/lib/python3.8/site-packages/airflow/example_dags/example_short_circuit_decorator.py
[2024-07-26T12:29:48.125+0000] {logging_mixin.py:188} INFO - [2024-07-26T12:29:48.124+0000] {dag.py:3036} INFO - Sync 1 DAGs
[2024-07-26T12:29:48.160+0000] {logging_mixin.py:188} INFO - [2024-07-26T12:29:48.160+0000] {dag.py:3823} INFO - Setting next_dagrun for example_short_circuit_decorator to 2024-07-25 00:00:00+00:00, run_after=2024-07-26 00:00:00+00:00
[2024-07-26T12:29:48.201+0000] {processor.py:183} INFO - Processing /home/airflow/.local/lib/python3.8/site-packages/airflow/example_dags/example_short_circuit_decorator.py took 0.137 seconds
[2024-07-26T12:30:18.253+0000] {processor.py:161} INFO - Started process (PID=338) to work on /home/airflow/.local/lib/python3.8/site-packages/airflow/example_dags/example_short_circuit_decorator.py
[2024-07-26T12:30:18.254+0000] {processor.py:830} INFO - Processing file /home/airflow/.local/lib/python3.8/site-packages/airflow/example_dags/example_short_circuit_decorator.py for tasks to queue
[2024-07-26T12:30:18.256+0000] {logging_mixin.py:188} INFO - [2024-07-26T12:30:18.256+0000] {dagbag.py:538} INFO - Filling up the DagBag from /home/airflow/.local/lib/python3.8/site-packages/airflow/example_dags/example_short_circuit_decorator.py
[2024-07-26T12:30:18.265+0000] {processor.py:840} INFO - DAG(s) 'example_short_circuit_decorator' retrieved from /home/airflow/.local/lib/python3.8/site-packages/airflow/example_dags/example_short_circuit_decorator.py
[2024-07-26T12:30:18.292+0000] {logging_mixin.py:188} INFO - [2024-07-26T12:30:18.292+0000] {dag.py:3036} INFO - Sync 1 DAGs
[2024-07-26T12:30:18.318+0000] {logging_mixin.py:188} INFO - [2024-07-26T12:30:18.318+0000] {dag.py:3823} INFO - Setting next_dagrun for example_short_circuit_decorator to 2024-07-25 00:00:00+00:00, run_after=2024-07-26 00:00:00+00:00
[2024-07-26T12:30:18.341+0000] {processor.py:183} INFO - Processing /home/airflow/.local/lib/python3.8/site-packages/airflow/example_dags/example_short_circuit_decorator.py took 0.091 seconds
[2024-07-26T12:30:49.400+0000] {processor.py:161} INFO - Started process (PID=409) to work on /home/airflow/.local/lib/python3.8/site-packages/airflow/example_dags/example_short_circuit_decorator.py
[2024-07-26T12:30:49.401+0000] {processor.py:830} INFO - Processing file /home/airflow/.local/lib/python3.8/site-packages/airflow/example_dags/example_short_circuit_decorator.py for tasks to queue
[2024-07-26T12:30:49.403+0000] {logging_mixin.py:188} INFO - [2024-07-26T12:30:49.402+0000] {dagbag.py:538} INFO - Filling up the DagBag from /home/airflow/.local/lib/python3.8/site-packages/airflow/example_dags/example_short_circuit_decorator.py
[2024-07-26T12:30:49.415+0000] {processor.py:840} INFO - DAG(s) 'example_short_circuit_decorator' retrieved from /home/airflow/.local/lib/python3.8/site-packages/airflow/example_dags/example_short_circuit_decorator.py
[2024-07-26T12:30:49.442+0000] {logging_mixin.py:188} INFO - [2024-07-26T12:30:49.441+0000] {dag.py:3036} INFO - Sync 1 DAGs
[2024-07-26T12:30:49.467+0000] {logging_mixin.py:188} INFO - [2024-07-26T12:30:49.467+0000] {dag.py:3823} INFO - Setting next_dagrun for example_short_circuit_decorator to 2024-07-25 00:00:00+00:00, run_after=2024-07-26 00:00:00+00:00
[2024-07-26T12:30:49.488+0000] {processor.py:183} INFO - Processing /home/airflow/.local/lib/python3.8/site-packages/airflow/example_dags/example_short_circuit_decorator.py took 0.092 seconds
[2024-07-26T12:31:19.861+0000] {processor.py:161} INFO - Started process (PID=473) to work on /home/airflow/.local/lib/python3.8/site-packages/airflow/example_dags/example_short_circuit_decorator.py
[2024-07-26T12:31:19.862+0000] {processor.py:830} INFO - Processing file /home/airflow/.local/lib/python3.8/site-packages/airflow/example_dags/example_short_circuit_decorator.py for tasks to queue
[2024-07-26T12:31:19.864+0000] {logging_mixin.py:188} INFO - [2024-07-26T12:31:19.864+0000] {dagbag.py:538} INFO - Filling up the DagBag from /home/airflow/.local/lib/python3.8/site-packages/airflow/example_dags/example_short_circuit_decorator.py
[2024-07-26T12:31:19.874+0000] {processor.py:840} INFO - DAG(s) 'example_short_circuit_decorator' retrieved from /home/airflow/.local/lib/python3.8/site-packages/airflow/example_dags/example_short_circuit_decorator.py
[2024-07-26T12:31:19.904+0000] {logging_mixin.py:188} INFO - [2024-07-26T12:31:19.904+0000] {dag.py:3036} INFO - Sync 1 DAGs
[2024-07-26T12:31:19.930+0000] {logging_mixin.py:188} INFO - [2024-07-26T12:31:19.929+0000] {dag.py:3823} INFO - Setting next_dagrun for example_short_circuit_decorator to 2024-07-25 00:00:00+00:00, run_after=2024-07-26 00:00:00+00:00
[2024-07-26T12:31:19.952+0000] {processor.py:183} INFO - Processing /home/airflow/.local/lib/python3.8/site-packages/airflow/example_dags/example_short_circuit_decorator.py took 0.095 seconds
[2024-07-26T12:31:50.126+0000] {processor.py:161} INFO - Started process (PID=536) to work on /home/airflow/.local/lib/python3.8/site-packages/airflow/example_dags/example_short_circuit_decorator.py
[2024-07-26T12:31:50.128+0000] {processor.py:830} INFO - Processing file /home/airflow/.local/lib/python3.8/site-packages/airflow/example_dags/example_short_circuit_decorator.py for tasks to queue
[2024-07-26T12:31:50.130+0000] {logging_mixin.py:188} INFO - [2024-07-26T12:31:50.130+0000] {dagbag.py:538} INFO - Filling up the DagBag from /home/airflow/.local/lib/python3.8/site-packages/airflow/example_dags/example_short_circuit_decorator.py
[2024-07-26T12:31:50.142+0000] {processor.py:840} INFO - DAG(s) 'example_short_circuit_decorator' retrieved from /home/airflow/.local/lib/python3.8/site-packages/airflow/example_dags/example_short_circuit_decorator.py
[2024-07-26T12:31:50.177+0000] {logging_mixin.py:188} INFO - [2024-07-26T12:31:50.176+0000] {dag.py:3036} INFO - Sync 1 DAGs
[2024-07-26T12:31:50.205+0000] {logging_mixin.py:188} INFO - [2024-07-26T12:31:50.205+0000] {dag.py:3823} INFO - Setting next_dagrun for example_short_circuit_decorator to 2024-07-25 00:00:00+00:00, run_after=2024-07-26 00:00:00+00:00
[2024-07-26T12:31:50.228+0000] {processor.py:183} INFO - Processing /home/airflow/.local/lib/python3.8/site-packages/airflow/example_dags/example_short_circuit_decorator.py took 0.106 seconds
[2024-07-26T12:32:20.284+0000] {processor.py:161} INFO - Started process (PID=600) to work on /home/airflow/.local/lib/python3.8/site-packages/airflow/example_dags/example_short_circuit_decorator.py
[2024-07-26T12:32:20.285+0000] {processor.py:830} INFO - Processing file /home/airflow/.local/lib/python3.8/site-packages/airflow/example_dags/example_short_circuit_decorator.py for tasks to queue
[2024-07-26T12:32:20.288+0000] {logging_mixin.py:188} INFO - [2024-07-26T12:32:20.287+0000] {dagbag.py:538} INFO - Filling up the DagBag from /home/airflow/.local/lib/python3.8/site-packages/airflow/example_dags/example_short_circuit_decorator.py
[2024-07-26T12:32:20.298+0000] {processor.py:840} INFO - DAG(s) 'example_short_circuit_decorator' retrieved from /home/airflow/.local/lib/python3.8/site-packages/airflow/example_dags/example_short_circuit_decorator.py
[2024-07-26T12:32:20.330+0000] {logging_mixin.py:188} INFO - [2024-07-26T12:32:20.329+0000] {dag.py:3036} INFO - Sync 1 DAGs
[2024-07-26T12:32:20.355+0000] {logging_mixin.py:188} INFO - [2024-07-26T12:32:20.355+0000] {dag.py:3823} INFO - Setting next_dagrun for example_short_circuit_decorator to 2024-07-25 00:00:00+00:00, run_after=2024-07-26 00:00:00+00:00
[2024-07-26T12:32:20.384+0000] {processor.py:183} INFO - Processing /home/airflow/.local/lib/python3.8/site-packages/airflow/example_dags/example_short_circuit_decorator.py took 0.103 seconds
[2024-07-26T12:32:50.535+0000] {processor.py:161} INFO - Started process (PID=664) to work on /home/airflow/.local/lib/python3.8/site-packages/airflow/example_dags/example_short_circuit_decorator.py
[2024-07-26T12:32:50.536+0000] {processor.py:830} INFO - Processing file /home/airflow/.local/lib/python3.8/site-packages/airflow/example_dags/example_short_circuit_decorator.py for tasks to queue
[2024-07-26T12:32:50.538+0000] {logging_mixin.py:188} INFO - [2024-07-26T12:32:50.538+0000] {dagbag.py:538} INFO - Filling up the DagBag from /home/airflow/.local/lib/python3.8/site-packages/airflow/example_dags/example_short_circuit_decorator.py
[2024-07-26T12:32:50.550+0000] {processor.py:840} INFO - DAG(s) 'example_short_circuit_decorator' retrieved from /home/airflow/.local/lib/python3.8/site-packages/airflow/example_dags/example_short_circuit_decorator.py
[2024-07-26T12:32:50.580+0000] {logging_mixin.py:188} INFO - [2024-07-26T12:32:50.579+0000] {dag.py:3036} INFO - Sync 1 DAGs
[2024-07-26T12:32:50.606+0000] {logging_mixin.py:188} INFO - [2024-07-26T12:32:50.606+0000] {dag.py:3823} INFO - Setting next_dagrun for example_short_circuit_decorator to 2024-07-25 00:00:00+00:00, run_after=2024-07-26 00:00:00+00:00
[2024-07-26T12:32:50.631+0000] {processor.py:183} INFO - Processing /home/airflow/.local/lib/python3.8/site-packages/airflow/example_dags/example_short_circuit_decorator.py took 0.099 seconds
[2024-07-26T12:33:21.219+0000] {processor.py:161} INFO - Started process (PID=729) to work on /home/airflow/.local/lib/python3.8/site-packages/airflow/example_dags/example_short_circuit_decorator.py
[2024-07-26T12:33:21.220+0000] {processor.py:830} INFO - Processing file /home/airflow/.local/lib/python3.8/site-packages/airflow/example_dags/example_short_circuit_decorator.py for tasks to queue
[2024-07-26T12:33:21.222+0000] {logging_mixin.py:188} INFO - [2024-07-26T12:33:21.222+0000] {dagbag.py:538} INFO - Filling up the DagBag from /home/airflow/.local/lib/python3.8/site-packages/airflow/example_dags/example_short_circuit_decorator.py
[2024-07-26T12:33:21.233+0000] {processor.py:840} INFO - DAG(s) 'example_short_circuit_decorator' retrieved from /home/airflow/.local/lib/python3.8/site-packages/airflow/example_dags/example_short_circuit_decorator.py
[2024-07-26T12:33:21.264+0000] {logging_mixin.py:188} INFO - [2024-07-26T12:33:21.264+0000] {dag.py:3036} INFO - Sync 1 DAGs
[2024-07-26T12:33:21.291+0000] {logging_mixin.py:188} INFO - [2024-07-26T12:33:21.290+0000] {dag.py:3823} INFO - Setting next_dagrun for example_short_circuit_decorator to 2024-07-25 00:00:00+00:00, run_after=2024-07-26 00:00:00+00:00
[2024-07-26T12:33:21.322+0000] {processor.py:183} INFO - Processing /home/airflow/.local/lib/python3.8/site-packages/airflow/example_dags/example_short_circuit_decorator.py took 0.106 seconds
[2024-07-26T12:33:51.729+0000] {processor.py:161} INFO - Started process (PID=793) to work on /home/airflow/.local/lib/python3.8/site-packages/airflow/example_dags/example_short_circuit_decorator.py
[2024-07-26T12:33:51.730+0000] {processor.py:830} INFO - Processing file /home/airflow/.local/lib/python3.8/site-packages/airflow/example_dags/example_short_circuit_decorator.py for tasks to queue
[2024-07-26T12:33:51.732+0000] {logging_mixin.py:188} INFO - [2024-07-26T12:33:51.732+0000] {dagbag.py:538} INFO - Filling up the DagBag from /home/airflow/.local/lib/python3.8/site-packages/airflow/example_dags/example_short_circuit_decorator.py
[2024-07-26T12:33:51.742+0000] {processor.py:840} INFO - DAG(s) 'example_short_circuit_decorator' retrieved from /home/airflow/.local/lib/python3.8/site-packages/airflow/example_dags/example_short_circuit_decorator.py
[2024-07-26T12:33:51.771+0000] {logging_mixin.py:188} INFO - [2024-07-26T12:33:51.771+0000] {dag.py:3036} INFO - Sync 1 DAGs
[2024-07-26T12:33:51.798+0000] {logging_mixin.py:188} INFO - [2024-07-26T12:33:51.798+0000] {dag.py:3823} INFO - Setting next_dagrun for example_short_circuit_decorator to 2024-07-25 00:00:00+00:00, run_after=2024-07-26 00:00:00+00:00
[2024-07-26T12:33:51.825+0000] {processor.py:183} INFO - Processing /home/airflow/.local/lib/python3.8/site-packages/airflow/example_dags/example_short_circuit_decorator.py took 0.099 seconds
[2024-07-26T12:34:22.078+0000] {processor.py:161} INFO - Started process (PID=857) to work on /home/airflow/.local/lib/python3.8/site-packages/airflow/example_dags/example_short_circuit_decorator.py
[2024-07-26T12:34:22.079+0000] {processor.py:830} INFO - Processing file /home/airflow/.local/lib/python3.8/site-packages/airflow/example_dags/example_short_circuit_decorator.py for tasks to queue
[2024-07-26T12:34:22.081+0000] {logging_mixin.py:188} INFO - [2024-07-26T12:34:22.081+0000] {dagbag.py:538} INFO - Filling up the DagBag from /home/airflow/.local/lib/python3.8/site-packages/airflow/example_dags/example_short_circuit_decorator.py
[2024-07-26T12:34:22.093+0000] {processor.py:840} INFO - DAG(s) 'example_short_circuit_decorator' retrieved from /home/airflow/.local/lib/python3.8/site-packages/airflow/example_dags/example_short_circuit_decorator.py
[2024-07-26T12:34:22.124+0000] {logging_mixin.py:188} INFO - [2024-07-26T12:34:22.124+0000] {dag.py:3036} INFO - Sync 1 DAGs
[2024-07-26T12:34:22.150+0000] {logging_mixin.py:188} INFO - [2024-07-26T12:34:22.150+0000] {dag.py:3823} INFO - Setting next_dagrun for example_short_circuit_decorator to 2024-07-25 00:00:00+00:00, run_after=2024-07-26 00:00:00+00:00
[2024-07-26T12:34:22.183+0000] {processor.py:183} INFO - Processing /home/airflow/.local/lib/python3.8/site-packages/airflow/example_dags/example_short_circuit_decorator.py took 0.109 seconds
[2024-07-26T12:34:52.399+0000] {processor.py:161} INFO - Started process (PID=921) to work on /home/airflow/.local/lib/python3.8/site-packages/airflow/example_dags/example_short_circuit_decorator.py
[2024-07-26T12:34:52.401+0000] {processor.py:830} INFO - Processing file /home/airflow/.local/lib/python3.8/site-packages/airflow/example_dags/example_short_circuit_decorator.py for tasks to queue
[2024-07-26T12:34:52.403+0000] {logging_mixin.py:188} INFO - [2024-07-26T12:34:52.403+0000] {dagbag.py:538} INFO - Filling up the DagBag from /home/airflow/.local/lib/python3.8/site-packages/airflow/example_dags/example_short_circuit_decorator.py
[2024-07-26T12:34:52.414+0000] {processor.py:840} INFO - DAG(s) 'example_short_circuit_decorator' retrieved from /home/airflow/.local/lib/python3.8/site-packages/airflow/example_dags/example_short_circuit_decorator.py
[2024-07-26T12:34:52.442+0000] {logging_mixin.py:188} INFO - [2024-07-26T12:34:52.442+0000] {dag.py:3036} INFO - Sync 1 DAGs
[2024-07-26T12:34:52.466+0000] {logging_mixin.py:188} INFO - [2024-07-26T12:34:52.466+0000] {dag.py:3823} INFO - Setting next_dagrun for example_short_circuit_decorator to 2024-07-25 00:00:00+00:00, run_after=2024-07-26 00:00:00+00:00
[2024-07-26T12:34:52.489+0000] {processor.py:183} INFO - Processing /home/airflow/.local/lib/python3.8/site-packages/airflow/example_dags/example_short_circuit_decorator.py took 0.093 seconds
[2024-07-26T12:35:22.555+0000] {processor.py:161} INFO - Started process (PID=985) to work on /home/airflow/.local/lib/python3.8/site-packages/airflow/example_dags/example_short_circuit_decorator.py
[2024-07-26T12:35:22.556+0000] {processor.py:830} INFO - Processing file /home/airflow/.local/lib/python3.8/site-packages/airflow/example_dags/example_short_circuit_decorator.py for tasks to queue
[2024-07-26T12:35:22.558+0000] {logging_mixin.py:188} INFO - [2024-07-26T12:35:22.558+0000] {dagbag.py:538} INFO - Filling up the DagBag from /home/airflow/.local/lib/python3.8/site-packages/airflow/example_dags/example_short_circuit_decorator.py
[2024-07-26T12:35:22.571+0000] {processor.py:840} INFO - DAG(s) 'example_short_circuit_decorator' retrieved from /home/airflow/.local/lib/python3.8/site-packages/airflow/example_dags/example_short_circuit_decorator.py
[2024-07-26T12:35:22.602+0000] {logging_mixin.py:188} INFO - [2024-07-26T12:35:22.602+0000] {dag.py:3036} INFO - Sync 1 DAGs
[2024-07-26T12:35:22.629+0000] {logging_mixin.py:188} INFO - [2024-07-26T12:35:22.629+0000] {dag.py:3823} INFO - Setting next_dagrun for example_short_circuit_decorator to 2024-07-25 00:00:00+00:00, run_after=2024-07-26 00:00:00+00:00
[2024-07-26T12:35:22.654+0000] {processor.py:183} INFO - Processing /home/airflow/.local/lib/python3.8/site-packages/airflow/example_dags/example_short_circuit_decorator.py took 0.102 seconds
[2024-07-26T12:35:52.792+0000] {processor.py:161} INFO - Started process (PID=1049) to work on /home/airflow/.local/lib/python3.8/site-packages/airflow/example_dags/example_short_circuit_decorator.py
[2024-07-26T12:35:52.793+0000] {processor.py:830} INFO - Processing file /home/airflow/.local/lib/python3.8/site-packages/airflow/example_dags/example_short_circuit_decorator.py for tasks to queue
[2024-07-26T12:35:52.795+0000] {logging_mixin.py:188} INFO - [2024-07-26T12:35:52.795+0000] {dagbag.py:538} INFO - Filling up the DagBag from /home/airflow/.local/lib/python3.8/site-packages/airflow/example_dags/example_short_circuit_decorator.py
[2024-07-26T12:35:52.807+0000] {processor.py:840} INFO - DAG(s) 'example_short_circuit_decorator' retrieved from /home/airflow/.local/lib/python3.8/site-packages/airflow/example_dags/example_short_circuit_decorator.py
[2024-07-26T12:35:52.838+0000] {logging_mixin.py:188} INFO - [2024-07-26T12:35:52.838+0000] {dag.py:3036} INFO - Sync 1 DAGs
[2024-07-26T12:35:52.866+0000] {logging_mixin.py:188} INFO - [2024-07-26T12:35:52.865+0000] {dag.py:3823} INFO - Setting next_dagrun for example_short_circuit_decorator to 2024-07-25 00:00:00+00:00, run_after=2024-07-26 00:00:00+00:00
[2024-07-26T12:35:52.895+0000] {processor.py:183} INFO - Processing /home/airflow/.local/lib/python3.8/site-packages/airflow/example_dags/example_short_circuit_decorator.py took 0.106 seconds
[2024-07-26T12:36:23.240+0000] {processor.py:161} INFO - Started process (PID=1113) to work on /home/airflow/.local/lib/python3.8/site-packages/airflow/example_dags/example_short_circuit_decorator.py
[2024-07-26T12:36:23.241+0000] {processor.py:830} INFO - Processing file /home/airflow/.local/lib/python3.8/site-packages/airflow/example_dags/example_short_circuit_decorator.py for tasks to queue
[2024-07-26T12:36:23.243+0000] {logging_mixin.py:188} INFO - [2024-07-26T12:36:23.243+0000] {dagbag.py:538} INFO - Filling up the DagBag from /home/airflow/.local/lib/python3.8/site-packages/airflow/example_dags/example_short_circuit_decorator.py
[2024-07-26T12:36:23.255+0000] {processor.py:840} INFO - DAG(s) 'example_short_circuit_decorator' retrieved from /home/airflow/.local/lib/python3.8/site-packages/airflow/example_dags/example_short_circuit_decorator.py
[2024-07-26T12:36:23.284+0000] {logging_mixin.py:188} INFO - [2024-07-26T12:36:23.283+0000] {dag.py:3036} INFO - Sync 1 DAGs
[2024-07-26T12:36:23.309+0000] {logging_mixin.py:188} INFO - [2024-07-26T12:36:23.309+0000] {dag.py:3823} INFO - Setting next_dagrun for example_short_circuit_decorator to 2024-07-25 00:00:00+00:00, run_after=2024-07-26 00:00:00+00:00
[2024-07-26T12:36:23.350+0000] {processor.py:183} INFO - Processing /home/airflow/.local/lib/python3.8/site-packages/airflow/example_dags/example_short_circuit_decorator.py took 0.113 seconds
[2024-07-26T12:36:53.678+0000] {processor.py:161} INFO - Started process (PID=1177) to work on /home/airflow/.local/lib/python3.8/site-packages/airflow/example_dags/example_short_circuit_decorator.py
[2024-07-26T12:36:53.679+0000] {processor.py:830} INFO - Processing file /home/airflow/.local/lib/python3.8/site-packages/airflow/example_dags/example_short_circuit_decorator.py for tasks to queue
[2024-07-26T12:36:53.682+0000] {logging_mixin.py:188} INFO - [2024-07-26T12:36:53.682+0000] {dagbag.py:538} INFO - Filling up the DagBag from /home/airflow/.local/lib/python3.8/site-packages/airflow/example_dags/example_short_circuit_decorator.py
[2024-07-26T12:36:53.701+0000] {processor.py:840} INFO - DAG(s) 'example_short_circuit_decorator' retrieved from /home/airflow/.local/lib/python3.8/site-packages/airflow/example_dags/example_short_circuit_decorator.py
[2024-07-26T12:36:53.739+0000] {logging_mixin.py:188} INFO - [2024-07-26T12:36:53.739+0000] {dag.py:3036} INFO - Sync 1 DAGs
[2024-07-26T12:36:53.767+0000] {logging_mixin.py:188} INFO - [2024-07-26T12:36:53.767+0000] {dag.py:3823} INFO - Setting next_dagrun for example_short_circuit_decorator to 2024-07-25 00:00:00+00:00, run_after=2024-07-26 00:00:00+00:00
[2024-07-26T12:36:53.790+0000] {processor.py:183} INFO - Processing /home/airflow/.local/lib/python3.8/site-packages/airflow/example_dags/example_short_circuit_decorator.py took 0.116 seconds
[2024-07-26T12:37:24.147+0000] {processor.py:161} INFO - Started process (PID=1241) to work on /home/airflow/.local/lib/python3.8/site-packages/airflow/example_dags/example_short_circuit_decorator.py
[2024-07-26T12:37:24.149+0000] {processor.py:830} INFO - Processing file /home/airflow/.local/lib/python3.8/site-packages/airflow/example_dags/example_short_circuit_decorator.py for tasks to queue
[2024-07-26T12:37:24.152+0000] {logging_mixin.py:188} INFO - [2024-07-26T12:37:24.151+0000] {dagbag.py:538} INFO - Filling up the DagBag from /home/airflow/.local/lib/python3.8/site-packages/airflow/example_dags/example_short_circuit_decorator.py
[2024-07-26T12:37:24.164+0000] {processor.py:840} INFO - DAG(s) 'example_short_circuit_decorator' retrieved from /home/airflow/.local/lib/python3.8/site-packages/airflow/example_dags/example_short_circuit_decorator.py
[2024-07-26T12:37:24.198+0000] {logging_mixin.py:188} INFO - [2024-07-26T12:37:24.197+0000] {dag.py:3036} INFO - Sync 1 DAGs
[2024-07-26T12:37:24.224+0000] {logging_mixin.py:188} INFO - [2024-07-26T12:37:24.224+0000] {dag.py:3823} INFO - Setting next_dagrun for example_short_circuit_decorator to 2024-07-25 00:00:00+00:00, run_after=2024-07-26 00:00:00+00:00
[2024-07-26T12:37:24.250+0000] {processor.py:183} INFO - Processing /home/airflow/.local/lib/python3.8/site-packages/airflow/example_dags/example_short_circuit_decorator.py took 0.106 seconds
[2024-07-26T12:38:51.205+0000] {processor.py:161} INFO - Started process (PID=87) to work on /home/airflow/.local/lib/python3.8/site-packages/airflow/example_dags/example_short_circuit_decorator.py
[2024-07-26T12:38:51.206+0000] {processor.py:830} INFO - Processing file /home/airflow/.local/lib/python3.8/site-packages/airflow/example_dags/example_short_circuit_decorator.py for tasks to queue
[2024-07-26T12:38:51.208+0000] {logging_mixin.py:188} INFO - [2024-07-26T12:38:51.207+0000] {dagbag.py:538} INFO - Filling up the DagBag from /home/airflow/.local/lib/python3.8/site-packages/airflow/example_dags/example_short_circuit_decorator.py
[2024-07-26T12:38:51.223+0000] {processor.py:840} INFO - DAG(s) 'example_short_circuit_decorator' retrieved from /home/airflow/.local/lib/python3.8/site-packages/airflow/example_dags/example_short_circuit_decorator.py
[2024-07-26T12:38:51.235+0000] {logging_mixin.py:188} INFO - [2024-07-26T12:38:51.235+0000] {dag.py:3036} INFO - Sync 1 DAGs
[2024-07-26T12:38:51.265+0000] {logging_mixin.py:188} INFO - [2024-07-26T12:38:51.264+0000] {dag.py:3823} INFO - Setting next_dagrun for example_short_circuit_decorator to 2024-07-25 00:00:00+00:00, run_after=2024-07-26 00:00:00+00:00
[2024-07-26T12:38:51.287+0000] {processor.py:183} INFO - Processing /home/airflow/.local/lib/python3.8/site-packages/airflow/example_dags/example_short_circuit_decorator.py took 0.087 seconds
[2024-07-26T12:39:21.435+0000] {processor.py:161} INFO - Started process (PID=142) to work on /home/airflow/.local/lib/python3.8/site-packages/airflow/example_dags/example_short_circuit_decorator.py
[2024-07-26T12:39:21.436+0000] {processor.py:830} INFO - Processing file /home/airflow/.local/lib/python3.8/site-packages/airflow/example_dags/example_short_circuit_decorator.py for tasks to queue
[2024-07-26T12:39:21.438+0000] {logging_mixin.py:188} INFO - [2024-07-26T12:39:21.437+0000] {dagbag.py:538} INFO - Filling up the DagBag from /home/airflow/.local/lib/python3.8/site-packages/airflow/example_dags/example_short_circuit_decorator.py
[2024-07-26T12:39:21.448+0000] {processor.py:840} INFO - DAG(s) 'example_short_circuit_decorator' retrieved from /home/airflow/.local/lib/python3.8/site-packages/airflow/example_dags/example_short_circuit_decorator.py
[2024-07-26T12:39:21.584+0000] {logging_mixin.py:188} INFO - [2024-07-26T12:39:21.584+0000] {dag.py:3036} INFO - Sync 1 DAGs
[2024-07-26T12:39:21.613+0000] {logging_mixin.py:188} INFO - [2024-07-26T12:39:21.613+0000] {dag.py:3823} INFO - Setting next_dagrun for example_short_circuit_decorator to 2024-07-25 00:00:00+00:00, run_after=2024-07-26 00:00:00+00:00
[2024-07-26T12:39:21.638+0000] {processor.py:183} INFO - Processing /home/airflow/.local/lib/python3.8/site-packages/airflow/example_dags/example_short_circuit_decorator.py took 0.206 seconds
[2024-07-26T12:43:16.266+0000] {processor.py:161} INFO - Started process (PID=92) to work on /home/airflow/.local/lib/python3.8/site-packages/airflow/example_dags/example_short_circuit_decorator.py
[2024-07-26T12:43:16.272+0000] {processor.py:830} INFO - Processing file /home/airflow/.local/lib/python3.8/site-packages/airflow/example_dags/example_short_circuit_decorator.py for tasks to queue
[2024-07-26T12:43:16.279+0000] {logging_mixin.py:188} INFO - [2024-07-26T12:43:16.277+0000] {dagbag.py:538} INFO - Filling up the DagBag from /home/airflow/.local/lib/python3.8/site-packages/airflow/example_dags/example_short_circuit_decorator.py
[2024-07-26T12:43:16.299+0000] {processor.py:840} INFO - DAG(s) 'example_short_circuit_decorator' retrieved from /home/airflow/.local/lib/python3.8/site-packages/airflow/example_dags/example_short_circuit_decorator.py
[2024-07-26T12:43:16.442+0000] {logging_mixin.py:188} INFO - [2024-07-26T12:43:16.442+0000] {dag.py:3036} INFO - Sync 1 DAGs
[2024-07-26T12:43:16.468+0000] {logging_mixin.py:188} INFO - [2024-07-26T12:43:16.468+0000] {dag.py:3823} INFO - Setting next_dagrun for example_short_circuit_decorator to 2024-07-25 00:00:00+00:00, run_after=2024-07-26 00:00:00+00:00
[2024-07-26T12:43:16.501+0000] {processor.py:183} INFO - Processing /home/airflow/.local/lib/python3.8/site-packages/airflow/example_dags/example_short_circuit_decorator.py took 0.241 seconds
[2024-07-26T12:43:47.363+0000] {processor.py:161} INFO - Started process (PID=148) to work on /home/airflow/.local/lib/python3.8/site-packages/airflow/example_dags/example_short_circuit_decorator.py
[2024-07-26T12:43:47.364+0000] {processor.py:830} INFO - Processing file /home/airflow/.local/lib/python3.8/site-packages/airflow/example_dags/example_short_circuit_decorator.py for tasks to queue
[2024-07-26T12:43:47.367+0000] {logging_mixin.py:188} INFO - [2024-07-26T12:43:47.366+0000] {dagbag.py:538} INFO - Filling up the DagBag from /home/airflow/.local/lib/python3.8/site-packages/airflow/example_dags/example_short_circuit_decorator.py
[2024-07-26T12:43:47.377+0000] {processor.py:840} INFO - DAG(s) 'example_short_circuit_decorator' retrieved from /home/airflow/.local/lib/python3.8/site-packages/airflow/example_dags/example_short_circuit_decorator.py
[2024-07-26T12:43:47.404+0000] {logging_mixin.py:188} INFO - [2024-07-26T12:43:47.404+0000] {dag.py:3036} INFO - Sync 1 DAGs
[2024-07-26T12:43:47.430+0000] {logging_mixin.py:188} INFO - [2024-07-26T12:43:47.429+0000] {dag.py:3823} INFO - Setting next_dagrun for example_short_circuit_decorator to 2024-07-25 00:00:00+00:00, run_after=2024-07-26 00:00:00+00:00
[2024-07-26T12:43:47.460+0000] {processor.py:183} INFO - Processing /home/airflow/.local/lib/python3.8/site-packages/airflow/example_dags/example_short_circuit_decorator.py took 0.101 seconds
[2024-07-26T12:44:17.643+0000] {processor.py:161} INFO - Started process (PID=211) to work on /home/airflow/.local/lib/python3.8/site-packages/airflow/example_dags/example_short_circuit_decorator.py
[2024-07-26T12:44:17.644+0000] {processor.py:830} INFO - Processing file /home/airflow/.local/lib/python3.8/site-packages/airflow/example_dags/example_short_circuit_decorator.py for tasks to queue
[2024-07-26T12:44:17.646+0000] {logging_mixin.py:188} INFO - [2024-07-26T12:44:17.646+0000] {dagbag.py:538} INFO - Filling up the DagBag from /home/airflow/.local/lib/python3.8/site-packages/airflow/example_dags/example_short_circuit_decorator.py
[2024-07-26T12:44:17.657+0000] {processor.py:840} INFO - DAG(s) 'example_short_circuit_decorator' retrieved from /home/airflow/.local/lib/python3.8/site-packages/airflow/example_dags/example_short_circuit_decorator.py
[2024-07-26T12:44:17.686+0000] {logging_mixin.py:188} INFO - [2024-07-26T12:44:17.686+0000] {dag.py:3036} INFO - Sync 1 DAGs
[2024-07-26T12:44:17.714+0000] {logging_mixin.py:188} INFO - [2024-07-26T12:44:17.713+0000] {dag.py:3823} INFO - Setting next_dagrun for example_short_circuit_decorator to 2024-07-25 00:00:00+00:00, run_after=2024-07-26 00:00:00+00:00
[2024-07-26T12:44:17.737+0000] {processor.py:183} INFO - Processing /home/airflow/.local/lib/python3.8/site-packages/airflow/example_dags/example_short_circuit_decorator.py took 0.098 seconds
[2024-07-26T12:49:43.913+0000] {processor.py:161} INFO - Started process (PID=85) to work on /home/airflow/.local/lib/python3.8/site-packages/airflow/example_dags/example_short_circuit_decorator.py
[2024-07-26T12:49:43.915+0000] {processor.py:830} INFO - Processing file /home/airflow/.local/lib/python3.8/site-packages/airflow/example_dags/example_short_circuit_decorator.py for tasks to queue
[2024-07-26T12:49:43.918+0000] {logging_mixin.py:188} INFO - [2024-07-26T12:49:43.918+0000] {dagbag.py:538} INFO - Filling up the DagBag from /home/airflow/.local/lib/python3.8/site-packages/airflow/example_dags/example_short_circuit_decorator.py
[2024-07-26T12:49:43.941+0000] {processor.py:840} INFO - DAG(s) 'example_short_circuit_decorator' retrieved from /home/airflow/.local/lib/python3.8/site-packages/airflow/example_dags/example_short_circuit_decorator.py
[2024-07-26T12:49:43.957+0000] {logging_mixin.py:188} INFO - [2024-07-26T12:49:43.957+0000] {dag.py:3036} INFO - Sync 1 DAGs
[2024-07-26T12:49:43.999+0000] {logging_mixin.py:188} INFO - [2024-07-26T12:49:43.999+0000] {dag.py:3823} INFO - Setting next_dagrun for example_short_circuit_decorator to 2024-07-25 00:00:00+00:00, run_after=2024-07-26 00:00:00+00:00
[2024-07-26T12:49:44.033+0000] {processor.py:183} INFO - Processing /home/airflow/.local/lib/python3.8/site-packages/airflow/example_dags/example_short_circuit_decorator.py took 0.126 seconds
[2024-07-26T12:50:14.498+0000] {processor.py:161} INFO - Started process (PID=147) to work on /home/airflow/.local/lib/python3.8/site-packages/airflow/example_dags/example_short_circuit_decorator.py
[2024-07-26T12:50:14.500+0000] {processor.py:830} INFO - Processing file /home/airflow/.local/lib/python3.8/site-packages/airflow/example_dags/example_short_circuit_decorator.py for tasks to queue
[2024-07-26T12:50:14.502+0000] {logging_mixin.py:188} INFO - [2024-07-26T12:50:14.501+0000] {dagbag.py:538} INFO - Filling up the DagBag from /home/airflow/.local/lib/python3.8/site-packages/airflow/example_dags/example_short_circuit_decorator.py
[2024-07-26T12:50:14.512+0000] {processor.py:840} INFO - DAG(s) 'example_short_circuit_decorator' retrieved from /home/airflow/.local/lib/python3.8/site-packages/airflow/example_dags/example_short_circuit_decorator.py
[2024-07-26T12:50:14.636+0000] {logging_mixin.py:188} INFO - [2024-07-26T12:50:14.636+0000] {dag.py:3036} INFO - Sync 1 DAGs
[2024-07-26T12:50:14.661+0000] {logging_mixin.py:188} INFO - [2024-07-26T12:50:14.661+0000] {dag.py:3823} INFO - Setting next_dagrun for example_short_circuit_decorator to 2024-07-25 00:00:00+00:00, run_after=2024-07-26 00:00:00+00:00
[2024-07-26T12:50:14.698+0000] {processor.py:183} INFO - Processing /home/airflow/.local/lib/python3.8/site-packages/airflow/example_dags/example_short_circuit_decorator.py took 0.203 seconds
[2024-07-26T12:50:44.837+0000] {processor.py:161} INFO - Started process (PID=211) to work on /home/airflow/.local/lib/python3.8/site-packages/airflow/example_dags/example_short_circuit_decorator.py
[2024-07-26T12:50:44.838+0000] {processor.py:830} INFO - Processing file /home/airflow/.local/lib/python3.8/site-packages/airflow/example_dags/example_short_circuit_decorator.py for tasks to queue
[2024-07-26T12:50:44.840+0000] {logging_mixin.py:188} INFO - [2024-07-26T12:50:44.840+0000] {dagbag.py:538} INFO - Filling up the DagBag from /home/airflow/.local/lib/python3.8/site-packages/airflow/example_dags/example_short_circuit_decorator.py
[2024-07-26T12:50:44.852+0000] {processor.py:840} INFO - DAG(s) 'example_short_circuit_decorator' retrieved from /home/airflow/.local/lib/python3.8/site-packages/airflow/example_dags/example_short_circuit_decorator.py
[2024-07-26T12:50:44.877+0000] {logging_mixin.py:188} INFO - [2024-07-26T12:50:44.877+0000] {dag.py:3036} INFO - Sync 1 DAGs
[2024-07-26T12:50:44.907+0000] {logging_mixin.py:188} INFO - [2024-07-26T12:50:44.906+0000] {dag.py:3823} INFO - Setting next_dagrun for example_short_circuit_decorator to 2024-07-25 00:00:00+00:00, run_after=2024-07-26 00:00:00+00:00
[2024-07-26T12:50:44.929+0000] {processor.py:183} INFO - Processing /home/airflow/.local/lib/python3.8/site-packages/airflow/example_dags/example_short_circuit_decorator.py took 0.095 seconds
[2024-07-26T12:51:15.842+0000] {processor.py:161} INFO - Started process (PID=275) to work on /home/airflow/.local/lib/python3.8/site-packages/airflow/example_dags/example_short_circuit_decorator.py
[2024-07-26T12:51:15.843+0000] {processor.py:830} INFO - Processing file /home/airflow/.local/lib/python3.8/site-packages/airflow/example_dags/example_short_circuit_decorator.py for tasks to queue
[2024-07-26T12:51:15.845+0000] {logging_mixin.py:188} INFO - [2024-07-26T12:51:15.845+0000] {dagbag.py:538} INFO - Filling up the DagBag from /home/airflow/.local/lib/python3.8/site-packages/airflow/example_dags/example_short_circuit_decorator.py
[2024-07-26T12:51:15.858+0000] {processor.py:840} INFO - DAG(s) 'example_short_circuit_decorator' retrieved from /home/airflow/.local/lib/python3.8/site-packages/airflow/example_dags/example_short_circuit_decorator.py
[2024-07-26T12:51:15.886+0000] {logging_mixin.py:188} INFO - [2024-07-26T12:51:15.886+0000] {dag.py:3036} INFO - Sync 1 DAGs
[2024-07-26T12:51:15.912+0000] {logging_mixin.py:188} INFO - [2024-07-26T12:51:15.912+0000] {dag.py:3823} INFO - Setting next_dagrun for example_short_circuit_decorator to 2024-07-25 00:00:00+00:00, run_after=2024-07-26 00:00:00+00:00
[2024-07-26T12:51:15.935+0000] {processor.py:183} INFO - Processing /home/airflow/.local/lib/python3.8/site-packages/airflow/example_dags/example_short_circuit_decorator.py took 0.096 seconds
[2024-07-26T12:51:46.174+0000] {processor.py:161} INFO - Started process (PID=338) to work on /home/airflow/.local/lib/python3.8/site-packages/airflow/example_dags/example_short_circuit_decorator.py
[2024-07-26T12:51:46.175+0000] {processor.py:830} INFO - Processing file /home/airflow/.local/lib/python3.8/site-packages/airflow/example_dags/example_short_circuit_decorator.py for tasks to queue
[2024-07-26T12:51:46.177+0000] {logging_mixin.py:188} INFO - [2024-07-26T12:51:46.177+0000] {dagbag.py:538} INFO - Filling up the DagBag from /home/airflow/.local/lib/python3.8/site-packages/airflow/example_dags/example_short_circuit_decorator.py
[2024-07-26T12:51:46.188+0000] {processor.py:840} INFO - DAG(s) 'example_short_circuit_decorator' retrieved from /home/airflow/.local/lib/python3.8/site-packages/airflow/example_dags/example_short_circuit_decorator.py
[2024-07-26T12:51:46.216+0000] {logging_mixin.py:188} INFO - [2024-07-26T12:51:46.215+0000] {dag.py:3036} INFO - Sync 1 DAGs
[2024-07-26T12:51:46.241+0000] {logging_mixin.py:188} INFO - [2024-07-26T12:51:46.241+0000] {dag.py:3823} INFO - Setting next_dagrun for example_short_circuit_decorator to 2024-07-25 00:00:00+00:00, run_after=2024-07-26 00:00:00+00:00
[2024-07-26T12:51:46.263+0000] {processor.py:183} INFO - Processing /home/airflow/.local/lib/python3.8/site-packages/airflow/example_dags/example_short_circuit_decorator.py took 0.092 seconds
[2024-07-26T12:52:16.670+0000] {processor.py:161} INFO - Started process (PID=402) to work on /home/airflow/.local/lib/python3.8/site-packages/airflow/example_dags/example_short_circuit_decorator.py
[2024-07-26T12:52:16.671+0000] {processor.py:830} INFO - Processing file /home/airflow/.local/lib/python3.8/site-packages/airflow/example_dags/example_short_circuit_decorator.py for tasks to queue
[2024-07-26T12:52:16.674+0000] {logging_mixin.py:188} INFO - [2024-07-26T12:52:16.673+0000] {dagbag.py:538} INFO - Filling up the DagBag from /home/airflow/.local/lib/python3.8/site-packages/airflow/example_dags/example_short_circuit_decorator.py
[2024-07-26T12:52:16.683+0000] {processor.py:840} INFO - DAG(s) 'example_short_circuit_decorator' retrieved from /home/airflow/.local/lib/python3.8/site-packages/airflow/example_dags/example_short_circuit_decorator.py
[2024-07-26T12:52:16.710+0000] {logging_mixin.py:188} INFO - [2024-07-26T12:52:16.710+0000] {dag.py:3036} INFO - Sync 1 DAGs
[2024-07-26T12:52:16.734+0000] {logging_mixin.py:188} INFO - [2024-07-26T12:52:16.734+0000] {dag.py:3823} INFO - Setting next_dagrun for example_short_circuit_decorator to 2024-07-25 00:00:00+00:00, run_after=2024-07-26 00:00:00+00:00
[2024-07-26T12:52:16.758+0000] {processor.py:183} INFO - Processing /home/airflow/.local/lib/python3.8/site-packages/airflow/example_dags/example_short_circuit_decorator.py took 0.091 seconds
[2024-07-26T12:52:47.269+0000] {processor.py:161} INFO - Started process (PID=466) to work on /home/airflow/.local/lib/python3.8/site-packages/airflow/example_dags/example_short_circuit_decorator.py
[2024-07-26T12:52:47.270+0000] {processor.py:830} INFO - Processing file /home/airflow/.local/lib/python3.8/site-packages/airflow/example_dags/example_short_circuit_decorator.py for tasks to queue
[2024-07-26T12:52:47.272+0000] {logging_mixin.py:188} INFO - [2024-07-26T12:52:47.272+0000] {dagbag.py:538} INFO - Filling up the DagBag from /home/airflow/.local/lib/python3.8/site-packages/airflow/example_dags/example_short_circuit_decorator.py
[2024-07-26T12:52:47.283+0000] {processor.py:840} INFO - DAG(s) 'example_short_circuit_decorator' retrieved from /home/airflow/.local/lib/python3.8/site-packages/airflow/example_dags/example_short_circuit_decorator.py
[2024-07-26T12:52:47.313+0000] {logging_mixin.py:188} INFO - [2024-07-26T12:52:47.312+0000] {dag.py:3036} INFO - Sync 1 DAGs
[2024-07-26T12:52:47.339+0000] {logging_mixin.py:188} INFO - [2024-07-26T12:52:47.339+0000] {dag.py:3823} INFO - Setting next_dagrun for example_short_circuit_decorator to 2024-07-25 00:00:00+00:00, run_after=2024-07-26 00:00:00+00:00
[2024-07-26T12:52:47.369+0000] {processor.py:183} INFO - Processing /home/airflow/.local/lib/python3.8/site-packages/airflow/example_dags/example_short_circuit_decorator.py took 0.103 seconds
[2024-07-26T12:53:18.230+0000] {processor.py:161} INFO - Started process (PID=531) to work on /home/airflow/.local/lib/python3.8/site-packages/airflow/example_dags/example_short_circuit_decorator.py
[2024-07-26T12:53:18.231+0000] {processor.py:830} INFO - Processing file /home/airflow/.local/lib/python3.8/site-packages/airflow/example_dags/example_short_circuit_decorator.py for tasks to queue
[2024-07-26T12:53:18.233+0000] {logging_mixin.py:188} INFO - [2024-07-26T12:53:18.233+0000] {dagbag.py:538} INFO - Filling up the DagBag from /home/airflow/.local/lib/python3.8/site-packages/airflow/example_dags/example_short_circuit_decorator.py
[2024-07-26T12:53:18.242+0000] {processor.py:840} INFO - DAG(s) 'example_short_circuit_decorator' retrieved from /home/airflow/.local/lib/python3.8/site-packages/airflow/example_dags/example_short_circuit_decorator.py
[2024-07-26T12:53:18.267+0000] {logging_mixin.py:188} INFO - [2024-07-26T12:53:18.267+0000] {dag.py:3036} INFO - Sync 1 DAGs
[2024-07-26T12:53:18.288+0000] {logging_mixin.py:188} INFO - [2024-07-26T12:53:18.288+0000] {dag.py:3823} INFO - Setting next_dagrun for example_short_circuit_decorator to 2024-07-25 00:00:00+00:00, run_after=2024-07-26 00:00:00+00:00
[2024-07-26T12:53:18.308+0000] {processor.py:183} INFO - Processing /home/airflow/.local/lib/python3.8/site-packages/airflow/example_dags/example_short_circuit_decorator.py took 0.082 seconds
[2024-07-26T12:53:48.397+0000] {processor.py:161} INFO - Started process (PID=594) to work on /home/airflow/.local/lib/python3.8/site-packages/airflow/example_dags/example_short_circuit_decorator.py
[2024-07-26T12:53:48.398+0000] {processor.py:830} INFO - Processing file /home/airflow/.local/lib/python3.8/site-packages/airflow/example_dags/example_short_circuit_decorator.py for tasks to queue
[2024-07-26T12:53:48.400+0000] {logging_mixin.py:188} INFO - [2024-07-26T12:53:48.400+0000] {dagbag.py:538} INFO - Filling up the DagBag from /home/airflow/.local/lib/python3.8/site-packages/airflow/example_dags/example_short_circuit_decorator.py
[2024-07-26T12:53:48.410+0000] {processor.py:840} INFO - DAG(s) 'example_short_circuit_decorator' retrieved from /home/airflow/.local/lib/python3.8/site-packages/airflow/example_dags/example_short_circuit_decorator.py
[2024-07-26T12:53:48.434+0000] {logging_mixin.py:188} INFO - [2024-07-26T12:53:48.434+0000] {dag.py:3036} INFO - Sync 1 DAGs
[2024-07-26T12:53:48.458+0000] {logging_mixin.py:188} INFO - [2024-07-26T12:53:48.457+0000] {dag.py:3823} INFO - Setting next_dagrun for example_short_circuit_decorator to 2024-07-25 00:00:00+00:00, run_after=2024-07-26 00:00:00+00:00
[2024-07-26T12:53:48.479+0000] {processor.py:183} INFO - Processing /home/airflow/.local/lib/python3.8/site-packages/airflow/example_dags/example_short_circuit_decorator.py took 0.085 seconds
[2024-07-26T12:54:18.574+0000] {processor.py:161} INFO - Started process (PID=658) to work on /home/airflow/.local/lib/python3.8/site-packages/airflow/example_dags/example_short_circuit_decorator.py
[2024-07-26T12:54:18.575+0000] {processor.py:830} INFO - Processing file /home/airflow/.local/lib/python3.8/site-packages/airflow/example_dags/example_short_circuit_decorator.py for tasks to queue
[2024-07-26T12:54:18.578+0000] {logging_mixin.py:188} INFO - [2024-07-26T12:54:18.577+0000] {dagbag.py:538} INFO - Filling up the DagBag from /home/airflow/.local/lib/python3.8/site-packages/airflow/example_dags/example_short_circuit_decorator.py
[2024-07-26T12:54:18.588+0000] {processor.py:840} INFO - DAG(s) 'example_short_circuit_decorator' retrieved from /home/airflow/.local/lib/python3.8/site-packages/airflow/example_dags/example_short_circuit_decorator.py
[2024-07-26T12:54:18.616+0000] {logging_mixin.py:188} INFO - [2024-07-26T12:54:18.615+0000] {dag.py:3036} INFO - Sync 1 DAGs
[2024-07-26T12:54:18.641+0000] {logging_mixin.py:188} INFO - [2024-07-26T12:54:18.641+0000] {dag.py:3823} INFO - Setting next_dagrun for example_short_circuit_decorator to 2024-07-25 00:00:00+00:00, run_after=2024-07-26 00:00:00+00:00
[2024-07-26T12:54:18.669+0000] {processor.py:183} INFO - Processing /home/airflow/.local/lib/python3.8/site-packages/airflow/example_dags/example_short_circuit_decorator.py took 0.099 seconds
[2024-07-26T12:54:48.902+0000] {processor.py:161} INFO - Started process (PID=722) to work on /home/airflow/.local/lib/python3.8/site-packages/airflow/example_dags/example_short_circuit_decorator.py
[2024-07-26T12:54:48.903+0000] {processor.py:830} INFO - Processing file /home/airflow/.local/lib/python3.8/site-packages/airflow/example_dags/example_short_circuit_decorator.py for tasks to queue
[2024-07-26T12:54:48.905+0000] {logging_mixin.py:188} INFO - [2024-07-26T12:54:48.905+0000] {dagbag.py:538} INFO - Filling up the DagBag from /home/airflow/.local/lib/python3.8/site-packages/airflow/example_dags/example_short_circuit_decorator.py
[2024-07-26T12:54:48.915+0000] {processor.py:840} INFO - DAG(s) 'example_short_circuit_decorator' retrieved from /home/airflow/.local/lib/python3.8/site-packages/airflow/example_dags/example_short_circuit_decorator.py
[2024-07-26T12:54:48.945+0000] {logging_mixin.py:188} INFO - [2024-07-26T12:54:48.945+0000] {dag.py:3036} INFO - Sync 1 DAGs
[2024-07-26T12:54:48.972+0000] {logging_mixin.py:188} INFO - [2024-07-26T12:54:48.971+0000] {dag.py:3823} INFO - Setting next_dagrun for example_short_circuit_decorator to 2024-07-25 00:00:00+00:00, run_after=2024-07-26 00:00:00+00:00
[2024-07-26T12:54:48.994+0000] {processor.py:183} INFO - Processing /home/airflow/.local/lib/python3.8/site-packages/airflow/example_dags/example_short_circuit_decorator.py took 0.095 seconds
[2024-07-26T12:55:19.290+0000] {processor.py:161} INFO - Started process (PID=786) to work on /home/airflow/.local/lib/python3.8/site-packages/airflow/example_dags/example_short_circuit_decorator.py
[2024-07-26T12:55:19.291+0000] {processor.py:830} INFO - Processing file /home/airflow/.local/lib/python3.8/site-packages/airflow/example_dags/example_short_circuit_decorator.py for tasks to queue
[2024-07-26T12:55:19.294+0000] {logging_mixin.py:188} INFO - [2024-07-26T12:55:19.293+0000] {dagbag.py:538} INFO - Filling up the DagBag from /home/airflow/.local/lib/python3.8/site-packages/airflow/example_dags/example_short_circuit_decorator.py
[2024-07-26T12:55:19.305+0000] {processor.py:840} INFO - DAG(s) 'example_short_circuit_decorator' retrieved from /home/airflow/.local/lib/python3.8/site-packages/airflow/example_dags/example_short_circuit_decorator.py
[2024-07-26T12:55:19.339+0000] {logging_mixin.py:188} INFO - [2024-07-26T12:55:19.339+0000] {dag.py:3036} INFO - Sync 1 DAGs
[2024-07-26T12:55:19.375+0000] {logging_mixin.py:188} INFO - [2024-07-26T12:55:19.374+0000] {dag.py:3823} INFO - Setting next_dagrun for example_short_circuit_decorator to 2024-07-25 00:00:00+00:00, run_after=2024-07-26 00:00:00+00:00
[2024-07-26T12:55:19.402+0000] {processor.py:183} INFO - Processing /home/airflow/.local/lib/python3.8/site-packages/airflow/example_dags/example_short_circuit_decorator.py took 0.116 seconds
[2024-07-26T12:55:49.587+0000] {processor.py:161} INFO - Started process (PID=850) to work on /home/airflow/.local/lib/python3.8/site-packages/airflow/example_dags/example_short_circuit_decorator.py
[2024-07-26T12:55:49.588+0000] {processor.py:830} INFO - Processing file /home/airflow/.local/lib/python3.8/site-packages/airflow/example_dags/example_short_circuit_decorator.py for tasks to queue
[2024-07-26T12:55:49.590+0000] {logging_mixin.py:188} INFO - [2024-07-26T12:55:49.590+0000] {dagbag.py:538} INFO - Filling up the DagBag from /home/airflow/.local/lib/python3.8/site-packages/airflow/example_dags/example_short_circuit_decorator.py
[2024-07-26T12:55:49.600+0000] {processor.py:840} INFO - DAG(s) 'example_short_circuit_decorator' retrieved from /home/airflow/.local/lib/python3.8/site-packages/airflow/example_dags/example_short_circuit_decorator.py
[2024-07-26T12:55:49.630+0000] {logging_mixin.py:188} INFO - [2024-07-26T12:55:49.630+0000] {dag.py:3036} INFO - Sync 1 DAGs
[2024-07-26T12:55:49.675+0000] {logging_mixin.py:188} INFO - [2024-07-26T12:55:49.675+0000] {dag.py:3823} INFO - Setting next_dagrun for example_short_circuit_decorator to 2024-07-25 00:00:00+00:00, run_after=2024-07-26 00:00:00+00:00
[2024-07-26T12:55:49.698+0000] {processor.py:183} INFO - Processing /home/airflow/.local/lib/python3.8/site-packages/airflow/example_dags/example_short_circuit_decorator.py took 0.116 seconds
[2024-07-26T12:56:20.498+0000] {processor.py:161} INFO - Started process (PID=914) to work on /home/airflow/.local/lib/python3.8/site-packages/airflow/example_dags/example_short_circuit_decorator.py
[2024-07-26T12:56:20.499+0000] {processor.py:830} INFO - Processing file /home/airflow/.local/lib/python3.8/site-packages/airflow/example_dags/example_short_circuit_decorator.py for tasks to queue
[2024-07-26T12:56:20.501+0000] {logging_mixin.py:188} INFO - [2024-07-26T12:56:20.501+0000] {dagbag.py:538} INFO - Filling up the DagBag from /home/airflow/.local/lib/python3.8/site-packages/airflow/example_dags/example_short_circuit_decorator.py
[2024-07-26T12:56:20.513+0000] {processor.py:840} INFO - DAG(s) 'example_short_circuit_decorator' retrieved from /home/airflow/.local/lib/python3.8/site-packages/airflow/example_dags/example_short_circuit_decorator.py
[2024-07-26T12:56:20.541+0000] {logging_mixin.py:188} INFO - [2024-07-26T12:56:20.541+0000] {dag.py:3036} INFO - Sync 1 DAGs
[2024-07-26T12:56:20.564+0000] {logging_mixin.py:188} INFO - [2024-07-26T12:56:20.564+0000] {dag.py:3823} INFO - Setting next_dagrun for example_short_circuit_decorator to 2024-07-25 00:00:00+00:00, run_after=2024-07-26 00:00:00+00:00
[2024-07-26T12:56:20.594+0000] {processor.py:183} INFO - Processing /home/airflow/.local/lib/python3.8/site-packages/airflow/example_dags/example_short_circuit_decorator.py took 0.100 seconds
[2024-07-26T12:56:50.708+0000] {processor.py:161} INFO - Started process (PID=978) to work on /home/airflow/.local/lib/python3.8/site-packages/airflow/example_dags/example_short_circuit_decorator.py
[2024-07-26T12:56:50.709+0000] {processor.py:830} INFO - Processing file /home/airflow/.local/lib/python3.8/site-packages/airflow/example_dags/example_short_circuit_decorator.py for tasks to queue
[2024-07-26T12:56:50.711+0000] {logging_mixin.py:188} INFO - [2024-07-26T12:56:50.711+0000] {dagbag.py:538} INFO - Filling up the DagBag from /home/airflow/.local/lib/python3.8/site-packages/airflow/example_dags/example_short_circuit_decorator.py
[2024-07-26T12:56:50.721+0000] {processor.py:840} INFO - DAG(s) 'example_short_circuit_decorator' retrieved from /home/airflow/.local/lib/python3.8/site-packages/airflow/example_dags/example_short_circuit_decorator.py
[2024-07-26T12:56:50.753+0000] {logging_mixin.py:188} INFO - [2024-07-26T12:56:50.752+0000] {dag.py:3036} INFO - Sync 1 DAGs
[2024-07-26T12:56:50.784+0000] {logging_mixin.py:188} INFO - [2024-07-26T12:56:50.784+0000] {dag.py:3823} INFO - Setting next_dagrun for example_short_circuit_decorator to 2024-07-25 00:00:00+00:00, run_after=2024-07-26 00:00:00+00:00
[2024-07-26T12:56:50.824+0000] {processor.py:183} INFO - Processing /home/airflow/.local/lib/python3.8/site-packages/airflow/example_dags/example_short_circuit_decorator.py took 0.120 seconds
[2024-07-26T12:57:21.154+0000] {processor.py:161} INFO - Started process (PID=1042) to work on /home/airflow/.local/lib/python3.8/site-packages/airflow/example_dags/example_short_circuit_decorator.py
[2024-07-26T12:57:21.155+0000] {processor.py:830} INFO - Processing file /home/airflow/.local/lib/python3.8/site-packages/airflow/example_dags/example_short_circuit_decorator.py for tasks to queue
[2024-07-26T12:57:21.157+0000] {logging_mixin.py:188} INFO - [2024-07-26T12:57:21.157+0000] {dagbag.py:538} INFO - Filling up the DagBag from /home/airflow/.local/lib/python3.8/site-packages/airflow/example_dags/example_short_circuit_decorator.py
[2024-07-26T12:57:21.168+0000] {processor.py:840} INFO - DAG(s) 'example_short_circuit_decorator' retrieved from /home/airflow/.local/lib/python3.8/site-packages/airflow/example_dags/example_short_circuit_decorator.py
[2024-07-26T12:57:21.197+0000] {logging_mixin.py:188} INFO - [2024-07-26T12:57:21.197+0000] {dag.py:3036} INFO - Sync 1 DAGs
[2024-07-26T12:57:21.222+0000] {logging_mixin.py:188} INFO - [2024-07-26T12:57:21.222+0000] {dag.py:3823} INFO - Setting next_dagrun for example_short_circuit_decorator to 2024-07-25 00:00:00+00:00, run_after=2024-07-26 00:00:00+00:00
[2024-07-26T12:57:21.256+0000] {processor.py:183} INFO - Processing /home/airflow/.local/lib/python3.8/site-packages/airflow/example_dags/example_short_circuit_decorator.py took 0.105 seconds
[2024-07-26T12:57:51.690+0000] {processor.py:161} INFO - Started process (PID=1106) to work on /home/airflow/.local/lib/python3.8/site-packages/airflow/example_dags/example_short_circuit_decorator.py
[2024-07-26T12:57:51.691+0000] {processor.py:830} INFO - Processing file /home/airflow/.local/lib/python3.8/site-packages/airflow/example_dags/example_short_circuit_decorator.py for tasks to queue
[2024-07-26T12:57:51.693+0000] {logging_mixin.py:188} INFO - [2024-07-26T12:57:51.693+0000] {dagbag.py:538} INFO - Filling up the DagBag from /home/airflow/.local/lib/python3.8/site-packages/airflow/example_dags/example_short_circuit_decorator.py
[2024-07-26T12:57:51.704+0000] {processor.py:840} INFO - DAG(s) 'example_short_circuit_decorator' retrieved from /home/airflow/.local/lib/python3.8/site-packages/airflow/example_dags/example_short_circuit_decorator.py
[2024-07-26T12:57:51.732+0000] {logging_mixin.py:188} INFO - [2024-07-26T12:57:51.732+0000] {dag.py:3036} INFO - Sync 1 DAGs
[2024-07-26T12:57:51.756+0000] {logging_mixin.py:188} INFO - [2024-07-26T12:57:51.756+0000] {dag.py:3823} INFO - Setting next_dagrun for example_short_circuit_decorator to 2024-07-25 00:00:00+00:00, run_after=2024-07-26 00:00:00+00:00
[2024-07-26T12:57:51.790+0000] {processor.py:183} INFO - Processing /home/airflow/.local/lib/python3.8/site-packages/airflow/example_dags/example_short_circuit_decorator.py took 0.103 seconds
[2024-07-26T12:58:22.170+0000] {processor.py:161} INFO - Started process (PID=1170) to work on /home/airflow/.local/lib/python3.8/site-packages/airflow/example_dags/example_short_circuit_decorator.py
[2024-07-26T12:58:22.171+0000] {processor.py:830} INFO - Processing file /home/airflow/.local/lib/python3.8/site-packages/airflow/example_dags/example_short_circuit_decorator.py for tasks to queue
[2024-07-26T12:58:22.173+0000] {logging_mixin.py:188} INFO - [2024-07-26T12:58:22.173+0000] {dagbag.py:538} INFO - Filling up the DagBag from /home/airflow/.local/lib/python3.8/site-packages/airflow/example_dags/example_short_circuit_decorator.py
[2024-07-26T12:58:22.183+0000] {processor.py:840} INFO - DAG(s) 'example_short_circuit_decorator' retrieved from /home/airflow/.local/lib/python3.8/site-packages/airflow/example_dags/example_short_circuit_decorator.py
[2024-07-26T12:58:22.212+0000] {logging_mixin.py:188} INFO - [2024-07-26T12:58:22.211+0000] {dag.py:3036} INFO - Sync 1 DAGs
[2024-07-26T12:58:22.239+0000] {logging_mixin.py:188} INFO - [2024-07-26T12:58:22.239+0000] {dag.py:3823} INFO - Setting next_dagrun for example_short_circuit_decorator to 2024-07-25 00:00:00+00:00, run_after=2024-07-26 00:00:00+00:00
[2024-07-26T12:58:22.261+0000] {processor.py:183} INFO - Processing /home/airflow/.local/lib/python3.8/site-packages/airflow/example_dags/example_short_circuit_decorator.py took 0.097 seconds
[2024-07-26T12:58:52.445+0000] {processor.py:161} INFO - Started process (PID=1234) to work on /home/airflow/.local/lib/python3.8/site-packages/airflow/example_dags/example_short_circuit_decorator.py
[2024-07-26T12:58:52.446+0000] {processor.py:830} INFO - Processing file /home/airflow/.local/lib/python3.8/site-packages/airflow/example_dags/example_short_circuit_decorator.py for tasks to queue
[2024-07-26T12:58:52.459+0000] {logging_mixin.py:188} INFO - [2024-07-26T12:58:52.459+0000] {dagbag.py:538} INFO - Filling up the DagBag from /home/airflow/.local/lib/python3.8/site-packages/airflow/example_dags/example_short_circuit_decorator.py
[2024-07-26T12:58:52.493+0000] {processor.py:840} INFO - DAG(s) 'example_short_circuit_decorator' retrieved from /home/airflow/.local/lib/python3.8/site-packages/airflow/example_dags/example_short_circuit_decorator.py
[2024-07-26T12:58:52.527+0000] {logging_mixin.py:188} INFO - [2024-07-26T12:58:52.526+0000] {dag.py:3036} INFO - Sync 1 DAGs
[2024-07-26T12:58:52.555+0000] {logging_mixin.py:188} INFO - [2024-07-26T12:58:52.554+0000] {dag.py:3823} INFO - Setting next_dagrun for example_short_circuit_decorator to 2024-07-25 00:00:00+00:00, run_after=2024-07-26 00:00:00+00:00
[2024-07-26T12:58:52.581+0000] {processor.py:183} INFO - Processing /home/airflow/.local/lib/python3.8/site-packages/airflow/example_dags/example_short_circuit_decorator.py took 0.142 seconds
