[2024-07-26T12:15:28.690+0000] {processor.py:161} INFO - Started process (PID=119) to work on /home/airflow/.local/lib/python3.8/site-packages/airflow/example_dags/example_params_ui_tutorial.py
[2024-07-26T12:15:28.691+0000] {processor.py:830} INFO - Processing file /home/airflow/.local/lib/python3.8/site-packages/airflow/example_dags/example_params_ui_tutorial.py for tasks to queue
[2024-07-26T12:15:28.693+0000] {logging_mixin.py:188} INFO - [2024-07-26T12:15:28.692+0000] {dagbag.py:538} INFO - Filling up the DagBag from /home/airflow/.local/lib/python3.8/site-packages/airflow/example_dags/example_params_ui_tutorial.py
[2024-07-26T12:15:28.711+0000] {processor.py:840} INFO - DAG(s) 'example_params_ui_tutorial' retrieved from /home/airflow/.local/lib/python3.8/site-packages/airflow/example_dags/example_params_ui_tutorial.py
[2024-07-26T12:15:28.933+0000] {logging_mixin.py:188} INFO - [2024-07-26T12:15:28.930+0000] {dag.py:3036} INFO - Sync 1 DAGs
[2024-07-26T12:15:28.949+0000] {logging_mixin.py:188} INFO - [2024-07-26T12:15:28.949+0000] {dag.py:3823} INFO - Setting next_dagrun for example_params_ui_tutorial to None, run_after=None
[2024-07-26T12:15:28.991+0000] {processor.py:183} INFO - Processing /home/airflow/.local/lib/python3.8/site-packages/airflow/example_dags/example_params_ui_tutorial.py took 0.305 seconds
[2024-07-26T12:15:59.325+0000] {processor.py:161} INFO - Started process (PID=183) to work on /home/airflow/.local/lib/python3.8/site-packages/airflow/example_dags/example_params_ui_tutorial.py
[2024-07-26T12:15:59.326+0000] {processor.py:830} INFO - Processing file /home/airflow/.local/lib/python3.8/site-packages/airflow/example_dags/example_params_ui_tutorial.py for tasks to queue
[2024-07-26T12:15:59.329+0000] {logging_mixin.py:188} INFO - [2024-07-26T12:15:59.328+0000] {dagbag.py:538} INFO - Filling up the DagBag from /home/airflow/.local/lib/python3.8/site-packages/airflow/example_dags/example_params_ui_tutorial.py
[2024-07-26T12:15:59.345+0000] {processor.py:840} INFO - DAG(s) 'example_params_ui_tutorial' retrieved from /home/airflow/.local/lib/python3.8/site-packages/airflow/example_dags/example_params_ui_tutorial.py
[2024-07-26T12:15:59.471+0000] {logging_mixin.py:188} INFO - [2024-07-26T12:15:59.470+0000] {dag.py:3036} INFO - Sync 1 DAGs
[2024-07-26T12:15:59.494+0000] {logging_mixin.py:188} INFO - [2024-07-26T12:15:59.494+0000] {dag.py:3823} INFO - Setting next_dagrun for example_params_ui_tutorial to None, run_after=None
[2024-07-26T12:15:59.528+0000] {processor.py:183} INFO - Processing /home/airflow/.local/lib/python3.8/site-packages/airflow/example_dags/example_params_ui_tutorial.py took 0.208 seconds
[2024-07-26T12:16:29.673+0000] {processor.py:161} INFO - Started process (PID=247) to work on /home/airflow/.local/lib/python3.8/site-packages/airflow/example_dags/example_params_ui_tutorial.py
[2024-07-26T12:16:29.674+0000] {processor.py:830} INFO - Processing file /home/airflow/.local/lib/python3.8/site-packages/airflow/example_dags/example_params_ui_tutorial.py for tasks to queue
[2024-07-26T12:16:29.677+0000] {logging_mixin.py:188} INFO - [2024-07-26T12:16:29.677+0000] {dagbag.py:538} INFO - Filling up the DagBag from /home/airflow/.local/lib/python3.8/site-packages/airflow/example_dags/example_params_ui_tutorial.py
[2024-07-26T12:16:29.696+0000] {processor.py:840} INFO - DAG(s) 'example_params_ui_tutorial' retrieved from /home/airflow/.local/lib/python3.8/site-packages/airflow/example_dags/example_params_ui_tutorial.py
[2024-07-26T12:16:29.780+0000] {logging_mixin.py:188} INFO - [2024-07-26T12:16:29.780+0000] {dag.py:3036} INFO - Sync 1 DAGs
[2024-07-26T12:16:29.794+0000] {logging_mixin.py:188} INFO - [2024-07-26T12:16:29.794+0000] {dag.py:3823} INFO - Setting next_dagrun for example_params_ui_tutorial to None, run_after=None
[2024-07-26T12:16:29.820+0000] {processor.py:183} INFO - Processing /home/airflow/.local/lib/python3.8/site-packages/airflow/example_dags/example_params_ui_tutorial.py took 0.150 seconds
[2024-07-26T12:17:00.568+0000] {processor.py:161} INFO - Started process (PID=311) to work on /home/airflow/.local/lib/python3.8/site-packages/airflow/example_dags/example_params_ui_tutorial.py
[2024-07-26T12:17:00.569+0000] {processor.py:830} INFO - Processing file /home/airflow/.local/lib/python3.8/site-packages/airflow/example_dags/example_params_ui_tutorial.py for tasks to queue
[2024-07-26T12:17:00.571+0000] {logging_mixin.py:188} INFO - [2024-07-26T12:17:00.570+0000] {dagbag.py:538} INFO - Filling up the DagBag from /home/airflow/.local/lib/python3.8/site-packages/airflow/example_dags/example_params_ui_tutorial.py
[2024-07-26T12:17:00.584+0000] {processor.py:840} INFO - DAG(s) 'example_params_ui_tutorial' retrieved from /home/airflow/.local/lib/python3.8/site-packages/airflow/example_dags/example_params_ui_tutorial.py
[2024-07-26T12:17:00.657+0000] {logging_mixin.py:188} INFO - [2024-07-26T12:17:00.656+0000] {dag.py:3036} INFO - Sync 1 DAGs
[2024-07-26T12:17:00.671+0000] {logging_mixin.py:188} INFO - [2024-07-26T12:17:00.670+0000] {dag.py:3823} INFO - Setting next_dagrun for example_params_ui_tutorial to None, run_after=None
[2024-07-26T12:17:00.695+0000] {processor.py:183} INFO - Processing /home/airflow/.local/lib/python3.8/site-packages/airflow/example_dags/example_params_ui_tutorial.py took 0.130 seconds
[2024-07-26T12:17:31.840+0000] {processor.py:161} INFO - Started process (PID=375) to work on /home/airflow/.local/lib/python3.8/site-packages/airflow/example_dags/example_params_ui_tutorial.py
[2024-07-26T12:17:31.841+0000] {processor.py:830} INFO - Processing file /home/airflow/.local/lib/python3.8/site-packages/airflow/example_dags/example_params_ui_tutorial.py for tasks to queue
[2024-07-26T12:17:31.843+0000] {logging_mixin.py:188} INFO - [2024-07-26T12:17:31.843+0000] {dagbag.py:538} INFO - Filling up the DagBag from /home/airflow/.local/lib/python3.8/site-packages/airflow/example_dags/example_params_ui_tutorial.py
[2024-07-26T12:17:31.858+0000] {processor.py:840} INFO - DAG(s) 'example_params_ui_tutorial' retrieved from /home/airflow/.local/lib/python3.8/site-packages/airflow/example_dags/example_params_ui_tutorial.py
[2024-07-26T12:17:31.936+0000] {logging_mixin.py:188} INFO - [2024-07-26T12:17:31.936+0000] {dag.py:3036} INFO - Sync 1 DAGs
[2024-07-26T12:17:31.949+0000] {logging_mixin.py:188} INFO - [2024-07-26T12:17:31.949+0000] {dag.py:3823} INFO - Setting next_dagrun for example_params_ui_tutorial to None, run_after=None
[2024-07-26T12:17:31.968+0000] {processor.py:183} INFO - Processing /home/airflow/.local/lib/python3.8/site-packages/airflow/example_dags/example_params_ui_tutorial.py took 0.131 seconds
[2024-07-26T12:18:02.945+0000] {processor.py:161} INFO - Started process (PID=439) to work on /home/airflow/.local/lib/python3.8/site-packages/airflow/example_dags/example_params_ui_tutorial.py
[2024-07-26T12:18:02.946+0000] {processor.py:830} INFO - Processing file /home/airflow/.local/lib/python3.8/site-packages/airflow/example_dags/example_params_ui_tutorial.py for tasks to queue
[2024-07-26T12:18:02.948+0000] {logging_mixin.py:188} INFO - [2024-07-26T12:18:02.948+0000] {dagbag.py:538} INFO - Filling up the DagBag from /home/airflow/.local/lib/python3.8/site-packages/airflow/example_dags/example_params_ui_tutorial.py
[2024-07-26T12:18:02.964+0000] {processor.py:840} INFO - DAG(s) 'example_params_ui_tutorial' retrieved from /home/airflow/.local/lib/python3.8/site-packages/airflow/example_dags/example_params_ui_tutorial.py
[2024-07-26T12:18:03.039+0000] {logging_mixin.py:188} INFO - [2024-07-26T12:18:03.038+0000] {dag.py:3036} INFO - Sync 1 DAGs
[2024-07-26T12:18:03.053+0000] {logging_mixin.py:188} INFO - [2024-07-26T12:18:03.052+0000] {dag.py:3823} INFO - Setting next_dagrun for example_params_ui_tutorial to None, run_after=None
[2024-07-26T12:18:03.075+0000] {processor.py:183} INFO - Processing /home/airflow/.local/lib/python3.8/site-packages/airflow/example_dags/example_params_ui_tutorial.py took 0.133 seconds
[2024-07-26T12:18:33.246+0000] {processor.py:161} INFO - Started process (PID=494) to work on /home/airflow/.local/lib/python3.8/site-packages/airflow/example_dags/example_params_ui_tutorial.py
[2024-07-26T12:18:33.247+0000] {processor.py:830} INFO - Processing file /home/airflow/.local/lib/python3.8/site-packages/airflow/example_dags/example_params_ui_tutorial.py for tasks to queue
[2024-07-26T12:18:33.249+0000] {logging_mixin.py:188} INFO - [2024-07-26T12:18:33.248+0000] {dagbag.py:538} INFO - Filling up the DagBag from /home/airflow/.local/lib/python3.8/site-packages/airflow/example_dags/example_params_ui_tutorial.py
[2024-07-26T12:18:33.261+0000] {processor.py:840} INFO - DAG(s) 'example_params_ui_tutorial' retrieved from /home/airflow/.local/lib/python3.8/site-packages/airflow/example_dags/example_params_ui_tutorial.py
[2024-07-26T12:18:33.330+0000] {logging_mixin.py:188} INFO - [2024-07-26T12:18:33.330+0000] {dag.py:3036} INFO - Sync 1 DAGs
[2024-07-26T12:18:33.342+0000] {logging_mixin.py:188} INFO - [2024-07-26T12:18:33.342+0000] {dag.py:3823} INFO - Setting next_dagrun for example_params_ui_tutorial to None, run_after=None
[2024-07-26T12:18:33.363+0000] {processor.py:183} INFO - Processing /home/airflow/.local/lib/python3.8/site-packages/airflow/example_dags/example_params_ui_tutorial.py took 0.120 seconds
[2024-07-26T12:19:03.728+0000] {processor.py:161} INFO - Started process (PID=559) to work on /home/airflow/.local/lib/python3.8/site-packages/airflow/example_dags/example_params_ui_tutorial.py
[2024-07-26T12:19:03.729+0000] {processor.py:830} INFO - Processing file /home/airflow/.local/lib/python3.8/site-packages/airflow/example_dags/example_params_ui_tutorial.py for tasks to queue
[2024-07-26T12:19:03.731+0000] {logging_mixin.py:188} INFO - [2024-07-26T12:19:03.731+0000] {dagbag.py:538} INFO - Filling up the DagBag from /home/airflow/.local/lib/python3.8/site-packages/airflow/example_dags/example_params_ui_tutorial.py
[2024-07-26T12:19:03.745+0000] {processor.py:840} INFO - DAG(s) 'example_params_ui_tutorial' retrieved from /home/airflow/.local/lib/python3.8/site-packages/airflow/example_dags/example_params_ui_tutorial.py
[2024-07-26T12:19:03.815+0000] {logging_mixin.py:188} INFO - [2024-07-26T12:19:03.815+0000] {dag.py:3036} INFO - Sync 1 DAGs
[2024-07-26T12:19:03.827+0000] {logging_mixin.py:188} INFO - [2024-07-26T12:19:03.827+0000] {dag.py:3823} INFO - Setting next_dagrun for example_params_ui_tutorial to None, run_after=None
[2024-07-26T12:19:03.847+0000] {processor.py:183} INFO - Processing /home/airflow/.local/lib/python3.8/site-packages/airflow/example_dags/example_params_ui_tutorial.py took 0.122 seconds
[2024-07-26T12:19:34.072+0000] {processor.py:161} INFO - Started process (PID=623) to work on /home/airflow/.local/lib/python3.8/site-packages/airflow/example_dags/example_params_ui_tutorial.py
[2024-07-26T12:19:34.073+0000] {processor.py:830} INFO - Processing file /home/airflow/.local/lib/python3.8/site-packages/airflow/example_dags/example_params_ui_tutorial.py for tasks to queue
[2024-07-26T12:19:34.075+0000] {logging_mixin.py:188} INFO - [2024-07-26T12:19:34.075+0000] {dagbag.py:538} INFO - Filling up the DagBag from /home/airflow/.local/lib/python3.8/site-packages/airflow/example_dags/example_params_ui_tutorial.py
[2024-07-26T12:19:34.091+0000] {processor.py:840} INFO - DAG(s) 'example_params_ui_tutorial' retrieved from /home/airflow/.local/lib/python3.8/site-packages/airflow/example_dags/example_params_ui_tutorial.py
[2024-07-26T12:19:34.176+0000] {logging_mixin.py:188} INFO - [2024-07-26T12:19:34.175+0000] {dag.py:3036} INFO - Sync 1 DAGs
[2024-07-26T12:19:34.192+0000] {logging_mixin.py:188} INFO - [2024-07-26T12:19:34.191+0000] {dag.py:3823} INFO - Setting next_dagrun for example_params_ui_tutorial to None, run_after=None
[2024-07-26T12:19:34.217+0000] {processor.py:183} INFO - Processing /home/airflow/.local/lib/python3.8/site-packages/airflow/example_dags/example_params_ui_tutorial.py took 0.149 seconds
[2024-07-26T12:28:19.341+0000] {processor.py:161} INFO - Started process (PID=121) to work on /home/airflow/.local/lib/python3.8/site-packages/airflow/example_dags/example_params_ui_tutorial.py
[2024-07-26T12:28:19.342+0000] {processor.py:830} INFO - Processing file /home/airflow/.local/lib/python3.8/site-packages/airflow/example_dags/example_params_ui_tutorial.py for tasks to queue
[2024-07-26T12:28:19.345+0000] {logging_mixin.py:188} INFO - [2024-07-26T12:28:19.345+0000] {dagbag.py:538} INFO - Filling up the DagBag from /home/airflow/.local/lib/python3.8/site-packages/airflow/example_dags/example_params_ui_tutorial.py
[2024-07-26T12:28:19.363+0000] {processor.py:840} INFO - DAG(s) 'example_params_ui_tutorial' retrieved from /home/airflow/.local/lib/python3.8/site-packages/airflow/example_dags/example_params_ui_tutorial.py
[2024-07-26T12:28:19.550+0000] {logging_mixin.py:188} INFO - [2024-07-26T12:28:19.550+0000] {dag.py:3036} INFO - Sync 1 DAGs
[2024-07-26T12:28:19.566+0000] {logging_mixin.py:188} INFO - [2024-07-26T12:28:19.565+0000] {dag.py:3823} INFO - Setting next_dagrun for example_params_ui_tutorial to None, run_after=None
[2024-07-26T12:28:19.606+0000] {processor.py:183} INFO - Processing /home/airflow/.local/lib/python3.8/site-packages/airflow/example_dags/example_params_ui_tutorial.py took 0.269 seconds
[2024-07-26T12:28:50.523+0000] {processor.py:161} INFO - Started process (PID=184) to work on /home/airflow/.local/lib/python3.8/site-packages/airflow/example_dags/example_params_ui_tutorial.py
[2024-07-26T12:28:50.525+0000] {processor.py:830} INFO - Processing file /home/airflow/.local/lib/python3.8/site-packages/airflow/example_dags/example_params_ui_tutorial.py for tasks to queue
[2024-07-26T12:28:50.527+0000] {logging_mixin.py:188} INFO - [2024-07-26T12:28:50.526+0000] {dagbag.py:538} INFO - Filling up the DagBag from /home/airflow/.local/lib/python3.8/site-packages/airflow/example_dags/example_params_ui_tutorial.py
[2024-07-26T12:28:50.541+0000] {processor.py:840} INFO - DAG(s) 'example_params_ui_tutorial' retrieved from /home/airflow/.local/lib/python3.8/site-packages/airflow/example_dags/example_params_ui_tutorial.py
[2024-07-26T12:28:50.617+0000] {logging_mixin.py:188} INFO - [2024-07-26T12:28:50.617+0000] {dag.py:3036} INFO - Sync 1 DAGs
[2024-07-26T12:28:50.632+0000] {logging_mixin.py:188} INFO - [2024-07-26T12:28:50.631+0000] {dag.py:3823} INFO - Setting next_dagrun for example_params_ui_tutorial to None, run_after=None
[2024-07-26T12:28:50.661+0000] {processor.py:183} INFO - Processing /home/airflow/.local/lib/python3.8/site-packages/airflow/example_dags/example_params_ui_tutorial.py took 0.141 seconds
[2024-07-26T12:29:20.696+0000] {processor.py:161} INFO - Started process (PID=248) to work on /home/airflow/.local/lib/python3.8/site-packages/airflow/example_dags/example_params_ui_tutorial.py
[2024-07-26T12:29:20.698+0000] {processor.py:830} INFO - Processing file /home/airflow/.local/lib/python3.8/site-packages/airflow/example_dags/example_params_ui_tutorial.py for tasks to queue
[2024-07-26T12:29:20.700+0000] {logging_mixin.py:188} INFO - [2024-07-26T12:29:20.699+0000] {dagbag.py:538} INFO - Filling up the DagBag from /home/airflow/.local/lib/python3.8/site-packages/airflow/example_dags/example_params_ui_tutorial.py
[2024-07-26T12:29:20.716+0000] {processor.py:840} INFO - DAG(s) 'example_params_ui_tutorial' retrieved from /home/airflow/.local/lib/python3.8/site-packages/airflow/example_dags/example_params_ui_tutorial.py
[2024-07-26T12:29:20.807+0000] {logging_mixin.py:188} INFO - [2024-07-26T12:29:20.806+0000] {dag.py:3036} INFO - Sync 1 DAGs
[2024-07-26T12:29:20.821+0000] {logging_mixin.py:188} INFO - [2024-07-26T12:29:20.821+0000] {dag.py:3823} INFO - Setting next_dagrun for example_params_ui_tutorial to None, run_after=None
[2024-07-26T12:29:20.846+0000] {processor.py:183} INFO - Processing /home/airflow/.local/lib/python3.8/site-packages/airflow/example_dags/example_params_ui_tutorial.py took 0.153 seconds
[2024-07-26T12:29:52.276+0000] {processor.py:161} INFO - Started process (PID=312) to work on /home/airflow/.local/lib/python3.8/site-packages/airflow/example_dags/example_params_ui_tutorial.py
[2024-07-26T12:29:52.277+0000] {processor.py:830} INFO - Processing file /home/airflow/.local/lib/python3.8/site-packages/airflow/example_dags/example_params_ui_tutorial.py for tasks to queue
[2024-07-26T12:29:52.279+0000] {logging_mixin.py:188} INFO - [2024-07-26T12:29:52.279+0000] {dagbag.py:538} INFO - Filling up the DagBag from /home/airflow/.local/lib/python3.8/site-packages/airflow/example_dags/example_params_ui_tutorial.py
[2024-07-26T12:29:52.292+0000] {processor.py:840} INFO - DAG(s) 'example_params_ui_tutorial' retrieved from /home/airflow/.local/lib/python3.8/site-packages/airflow/example_dags/example_params_ui_tutorial.py
[2024-07-26T12:29:52.367+0000] {logging_mixin.py:188} INFO - [2024-07-26T12:29:52.367+0000] {dag.py:3036} INFO - Sync 1 DAGs
[2024-07-26T12:29:52.381+0000] {logging_mixin.py:188} INFO - [2024-07-26T12:29:52.380+0000] {dag.py:3823} INFO - Setting next_dagrun for example_params_ui_tutorial to None, run_after=None
[2024-07-26T12:29:52.402+0000] {processor.py:183} INFO - Processing /home/airflow/.local/lib/python3.8/site-packages/airflow/example_dags/example_params_ui_tutorial.py took 0.130 seconds
[2024-07-26T12:30:22.579+0000] {processor.py:161} INFO - Started process (PID=369) to work on /home/airflow/.local/lib/python3.8/site-packages/airflow/example_dags/example_params_ui_tutorial.py
[2024-07-26T12:30:22.581+0000] {processor.py:830} INFO - Processing file /home/airflow/.local/lib/python3.8/site-packages/airflow/example_dags/example_params_ui_tutorial.py for tasks to queue
[2024-07-26T12:30:22.584+0000] {logging_mixin.py:188} INFO - [2024-07-26T12:30:22.583+0000] {dagbag.py:538} INFO - Filling up the DagBag from /home/airflow/.local/lib/python3.8/site-packages/airflow/example_dags/example_params_ui_tutorial.py
[2024-07-26T12:30:22.599+0000] {processor.py:840} INFO - DAG(s) 'example_params_ui_tutorial' retrieved from /home/airflow/.local/lib/python3.8/site-packages/airflow/example_dags/example_params_ui_tutorial.py
[2024-07-26T12:30:22.681+0000] {logging_mixin.py:188} INFO - [2024-07-26T12:30:22.681+0000] {dag.py:3036} INFO - Sync 1 DAGs
[2024-07-26T12:30:22.696+0000] {logging_mixin.py:188} INFO - [2024-07-26T12:30:22.695+0000] {dag.py:3823} INFO - Setting next_dagrun for example_params_ui_tutorial to None, run_after=None
[2024-07-26T12:30:22.719+0000] {processor.py:183} INFO - Processing /home/airflow/.local/lib/python3.8/site-packages/airflow/example_dags/example_params_ui_tutorial.py took 0.144 seconds
[2024-07-26T12:30:53.260+0000] {processor.py:161} INFO - Started process (PID=431) to work on /home/airflow/.local/lib/python3.8/site-packages/airflow/example_dags/example_params_ui_tutorial.py
[2024-07-26T12:30:53.261+0000] {processor.py:830} INFO - Processing file /home/airflow/.local/lib/python3.8/site-packages/airflow/example_dags/example_params_ui_tutorial.py for tasks to queue
[2024-07-26T12:30:53.263+0000] {logging_mixin.py:188} INFO - [2024-07-26T12:30:53.263+0000] {dagbag.py:538} INFO - Filling up the DagBag from /home/airflow/.local/lib/python3.8/site-packages/airflow/example_dags/example_params_ui_tutorial.py
[2024-07-26T12:30:53.278+0000] {processor.py:840} INFO - DAG(s) 'example_params_ui_tutorial' retrieved from /home/airflow/.local/lib/python3.8/site-packages/airflow/example_dags/example_params_ui_tutorial.py
[2024-07-26T12:30:53.376+0000] {logging_mixin.py:188} INFO - [2024-07-26T12:30:53.376+0000] {dag.py:3036} INFO - Sync 1 DAGs
[2024-07-26T12:30:53.390+0000] {logging_mixin.py:188} INFO - [2024-07-26T12:30:53.390+0000] {dag.py:3823} INFO - Setting next_dagrun for example_params_ui_tutorial to None, run_after=None
[2024-07-26T12:30:53.412+0000] {processor.py:183} INFO - Processing /home/airflow/.local/lib/python3.8/site-packages/airflow/example_dags/example_params_ui_tutorial.py took 0.154 seconds
[2024-07-26T12:31:23.470+0000] {processor.py:161} INFO - Started process (PID=495) to work on /home/airflow/.local/lib/python3.8/site-packages/airflow/example_dags/example_params_ui_tutorial.py
[2024-07-26T12:31:23.471+0000] {processor.py:830} INFO - Processing file /home/airflow/.local/lib/python3.8/site-packages/airflow/example_dags/example_params_ui_tutorial.py for tasks to queue
[2024-07-26T12:31:23.472+0000] {logging_mixin.py:188} INFO - [2024-07-26T12:31:23.472+0000] {dagbag.py:538} INFO - Filling up the DagBag from /home/airflow/.local/lib/python3.8/site-packages/airflow/example_dags/example_params_ui_tutorial.py
[2024-07-26T12:31:23.485+0000] {processor.py:840} INFO - DAG(s) 'example_params_ui_tutorial' retrieved from /home/airflow/.local/lib/python3.8/site-packages/airflow/example_dags/example_params_ui_tutorial.py
[2024-07-26T12:31:23.558+0000] {logging_mixin.py:188} INFO - [2024-07-26T12:31:23.558+0000] {dag.py:3036} INFO - Sync 1 DAGs
[2024-07-26T12:31:23.571+0000] {logging_mixin.py:188} INFO - [2024-07-26T12:31:23.570+0000] {dag.py:3823} INFO - Setting next_dagrun for example_params_ui_tutorial to None, run_after=None
[2024-07-26T12:31:23.591+0000] {processor.py:183} INFO - Processing /home/airflow/.local/lib/python3.8/site-packages/airflow/example_dags/example_params_ui_tutorial.py took 0.124 seconds
[2024-07-26T12:31:53.799+0000] {processor.py:161} INFO - Started process (PID=559) to work on /home/airflow/.local/lib/python3.8/site-packages/airflow/example_dags/example_params_ui_tutorial.py
[2024-07-26T12:31:53.800+0000] {processor.py:830} INFO - Processing file /home/airflow/.local/lib/python3.8/site-packages/airflow/example_dags/example_params_ui_tutorial.py for tasks to queue
[2024-07-26T12:31:53.803+0000] {logging_mixin.py:188} INFO - [2024-07-26T12:31:53.802+0000] {dagbag.py:538} INFO - Filling up the DagBag from /home/airflow/.local/lib/python3.8/site-packages/airflow/example_dags/example_params_ui_tutorial.py
[2024-07-26T12:31:53.817+0000] {processor.py:840} INFO - DAG(s) 'example_params_ui_tutorial' retrieved from /home/airflow/.local/lib/python3.8/site-packages/airflow/example_dags/example_params_ui_tutorial.py
[2024-07-26T12:31:53.894+0000] {logging_mixin.py:188} INFO - [2024-07-26T12:31:53.894+0000] {dag.py:3036} INFO - Sync 1 DAGs
[2024-07-26T12:31:53.910+0000] {logging_mixin.py:188} INFO - [2024-07-26T12:31:53.909+0000] {dag.py:3823} INFO - Setting next_dagrun for example_params_ui_tutorial to None, run_after=None
[2024-07-26T12:31:53.932+0000] {processor.py:183} INFO - Processing /home/airflow/.local/lib/python3.8/site-packages/airflow/example_dags/example_params_ui_tutorial.py took 0.136 seconds
[2024-07-26T12:32:24.363+0000] {processor.py:161} INFO - Started process (PID=623) to work on /home/airflow/.local/lib/python3.8/site-packages/airflow/example_dags/example_params_ui_tutorial.py
[2024-07-26T12:32:24.365+0000] {processor.py:830} INFO - Processing file /home/airflow/.local/lib/python3.8/site-packages/airflow/example_dags/example_params_ui_tutorial.py for tasks to queue
[2024-07-26T12:32:24.367+0000] {logging_mixin.py:188} INFO - [2024-07-26T12:32:24.367+0000] {dagbag.py:538} INFO - Filling up the DagBag from /home/airflow/.local/lib/python3.8/site-packages/airflow/example_dags/example_params_ui_tutorial.py
[2024-07-26T12:32:24.385+0000] {processor.py:840} INFO - DAG(s) 'example_params_ui_tutorial' retrieved from /home/airflow/.local/lib/python3.8/site-packages/airflow/example_dags/example_params_ui_tutorial.py
[2024-07-26T12:32:24.516+0000] {logging_mixin.py:188} INFO - [2024-07-26T12:32:24.515+0000] {dag.py:3036} INFO - Sync 1 DAGs
[2024-07-26T12:32:24.529+0000] {logging_mixin.py:188} INFO - [2024-07-26T12:32:24.529+0000] {dag.py:3823} INFO - Setting next_dagrun for example_params_ui_tutorial to None, run_after=None
[2024-07-26T12:32:24.547+0000] {processor.py:183} INFO - Processing /home/airflow/.local/lib/python3.8/site-packages/airflow/example_dags/example_params_ui_tutorial.py took 0.189 seconds
[2024-07-26T12:32:55.383+0000] {processor.py:161} INFO - Started process (PID=687) to work on /home/airflow/.local/lib/python3.8/site-packages/airflow/example_dags/example_params_ui_tutorial.py
[2024-07-26T12:32:55.384+0000] {processor.py:830} INFO - Processing file /home/airflow/.local/lib/python3.8/site-packages/airflow/example_dags/example_params_ui_tutorial.py for tasks to queue
[2024-07-26T12:32:55.386+0000] {logging_mixin.py:188} INFO - [2024-07-26T12:32:55.386+0000] {dagbag.py:538} INFO - Filling up the DagBag from /home/airflow/.local/lib/python3.8/site-packages/airflow/example_dags/example_params_ui_tutorial.py
[2024-07-26T12:32:55.403+0000] {processor.py:840} INFO - DAG(s) 'example_params_ui_tutorial' retrieved from /home/airflow/.local/lib/python3.8/site-packages/airflow/example_dags/example_params_ui_tutorial.py
[2024-07-26T12:32:55.489+0000] {logging_mixin.py:188} INFO - [2024-07-26T12:32:55.489+0000] {dag.py:3036} INFO - Sync 1 DAGs
[2024-07-26T12:32:55.506+0000] {logging_mixin.py:188} INFO - [2024-07-26T12:32:55.505+0000] {dag.py:3823} INFO - Setting next_dagrun for example_params_ui_tutorial to None, run_after=None
[2024-07-26T12:32:55.535+0000] {processor.py:183} INFO - Processing /home/airflow/.local/lib/python3.8/site-packages/airflow/example_dags/example_params_ui_tutorial.py took 0.155 seconds
[2024-07-26T12:33:25.884+0000] {processor.py:161} INFO - Started process (PID=752) to work on /home/airflow/.local/lib/python3.8/site-packages/airflow/example_dags/example_params_ui_tutorial.py
[2024-07-26T12:33:25.885+0000] {processor.py:830} INFO - Processing file /home/airflow/.local/lib/python3.8/site-packages/airflow/example_dags/example_params_ui_tutorial.py for tasks to queue
[2024-07-26T12:33:25.887+0000] {logging_mixin.py:188} INFO - [2024-07-26T12:33:25.887+0000] {dagbag.py:538} INFO - Filling up the DagBag from /home/airflow/.local/lib/python3.8/site-packages/airflow/example_dags/example_params_ui_tutorial.py
[2024-07-26T12:33:25.901+0000] {processor.py:840} INFO - DAG(s) 'example_params_ui_tutorial' retrieved from /home/airflow/.local/lib/python3.8/site-packages/airflow/example_dags/example_params_ui_tutorial.py
[2024-07-26T12:33:25.982+0000] {logging_mixin.py:188} INFO - [2024-07-26T12:33:25.982+0000] {dag.py:3036} INFO - Sync 1 DAGs
[2024-07-26T12:33:25.997+0000] {logging_mixin.py:188} INFO - [2024-07-26T12:33:25.997+0000] {dag.py:3823} INFO - Setting next_dagrun for example_params_ui_tutorial to None, run_after=None
[2024-07-26T12:33:26.020+0000] {processor.py:183} INFO - Processing /home/airflow/.local/lib/python3.8/site-packages/airflow/example_dags/example_params_ui_tutorial.py took 0.139 seconds
[2024-07-26T12:33:56.490+0000] {processor.py:161} INFO - Started process (PID=816) to work on /home/airflow/.local/lib/python3.8/site-packages/airflow/example_dags/example_params_ui_tutorial.py
[2024-07-26T12:33:56.492+0000] {processor.py:830} INFO - Processing file /home/airflow/.local/lib/python3.8/site-packages/airflow/example_dags/example_params_ui_tutorial.py for tasks to queue
[2024-07-26T12:33:56.495+0000] {logging_mixin.py:188} INFO - [2024-07-26T12:33:56.494+0000] {dagbag.py:538} INFO - Filling up the DagBag from /home/airflow/.local/lib/python3.8/site-packages/airflow/example_dags/example_params_ui_tutorial.py
[2024-07-26T12:33:56.545+0000] {processor.py:840} INFO - DAG(s) 'example_params_ui_tutorial' retrieved from /home/airflow/.local/lib/python3.8/site-packages/airflow/example_dags/example_params_ui_tutorial.py
[2024-07-26T12:33:56.652+0000] {logging_mixin.py:188} INFO - [2024-07-26T12:33:56.652+0000] {dag.py:3036} INFO - Sync 1 DAGs
[2024-07-26T12:33:56.667+0000] {logging_mixin.py:188} INFO - [2024-07-26T12:33:56.667+0000] {dag.py:3823} INFO - Setting next_dagrun for example_params_ui_tutorial to None, run_after=None
[2024-07-26T12:33:56.690+0000] {processor.py:183} INFO - Processing /home/airflow/.local/lib/python3.8/site-packages/airflow/example_dags/example_params_ui_tutorial.py took 0.213 seconds
[2024-07-26T12:34:26.821+0000] {processor.py:161} INFO - Started process (PID=880) to work on /home/airflow/.local/lib/python3.8/site-packages/airflow/example_dags/example_params_ui_tutorial.py
[2024-07-26T12:34:26.822+0000] {processor.py:830} INFO - Processing file /home/airflow/.local/lib/python3.8/site-packages/airflow/example_dags/example_params_ui_tutorial.py for tasks to queue
[2024-07-26T12:34:26.824+0000] {logging_mixin.py:188} INFO - [2024-07-26T12:34:26.823+0000] {dagbag.py:538} INFO - Filling up the DagBag from /home/airflow/.local/lib/python3.8/site-packages/airflow/example_dags/example_params_ui_tutorial.py
[2024-07-26T12:34:26.837+0000] {processor.py:840} INFO - DAG(s) 'example_params_ui_tutorial' retrieved from /home/airflow/.local/lib/python3.8/site-packages/airflow/example_dags/example_params_ui_tutorial.py
[2024-07-26T12:34:26.912+0000] {logging_mixin.py:188} INFO - [2024-07-26T12:34:26.912+0000] {dag.py:3036} INFO - Sync 1 DAGs
[2024-07-26T12:34:26.926+0000] {logging_mixin.py:188} INFO - [2024-07-26T12:34:26.926+0000] {dag.py:3823} INFO - Setting next_dagrun for example_params_ui_tutorial to None, run_after=None
[2024-07-26T12:34:26.948+0000] {processor.py:183} INFO - Processing /home/airflow/.local/lib/python3.8/site-packages/airflow/example_dags/example_params_ui_tutorial.py took 0.131 seconds
[2024-07-26T12:34:57.492+0000] {processor.py:161} INFO - Started process (PID=944) to work on /home/airflow/.local/lib/python3.8/site-packages/airflow/example_dags/example_params_ui_tutorial.py
[2024-07-26T12:34:57.493+0000] {processor.py:830} INFO - Processing file /home/airflow/.local/lib/python3.8/site-packages/airflow/example_dags/example_params_ui_tutorial.py for tasks to queue
[2024-07-26T12:34:57.495+0000] {logging_mixin.py:188} INFO - [2024-07-26T12:34:57.495+0000] {dagbag.py:538} INFO - Filling up the DagBag from /home/airflow/.local/lib/python3.8/site-packages/airflow/example_dags/example_params_ui_tutorial.py
[2024-07-26T12:34:57.509+0000] {processor.py:840} INFO - DAG(s) 'example_params_ui_tutorial' retrieved from /home/airflow/.local/lib/python3.8/site-packages/airflow/example_dags/example_params_ui_tutorial.py
[2024-07-26T12:34:57.598+0000] {logging_mixin.py:188} INFO - [2024-07-26T12:34:57.598+0000] {dag.py:3036} INFO - Sync 1 DAGs
[2024-07-26T12:34:57.616+0000] {logging_mixin.py:188} INFO - [2024-07-26T12:34:57.615+0000] {dag.py:3823} INFO - Setting next_dagrun for example_params_ui_tutorial to None, run_after=None
[2024-07-26T12:34:57.640+0000] {processor.py:183} INFO - Processing /home/airflow/.local/lib/python3.8/site-packages/airflow/example_dags/example_params_ui_tutorial.py took 0.152 seconds
[2024-07-26T12:35:28.264+0000] {processor.py:161} INFO - Started process (PID=1008) to work on /home/airflow/.local/lib/python3.8/site-packages/airflow/example_dags/example_params_ui_tutorial.py
[2024-07-26T12:35:28.265+0000] {processor.py:830} INFO - Processing file /home/airflow/.local/lib/python3.8/site-packages/airflow/example_dags/example_params_ui_tutorial.py for tasks to queue
[2024-07-26T12:35:28.267+0000] {logging_mixin.py:188} INFO - [2024-07-26T12:35:28.267+0000] {dagbag.py:538} INFO - Filling up the DagBag from /home/airflow/.local/lib/python3.8/site-packages/airflow/example_dags/example_params_ui_tutorial.py
[2024-07-26T12:35:28.280+0000] {processor.py:840} INFO - DAG(s) 'example_params_ui_tutorial' retrieved from /home/airflow/.local/lib/python3.8/site-packages/airflow/example_dags/example_params_ui_tutorial.py
[2024-07-26T12:35:28.348+0000] {logging_mixin.py:188} INFO - [2024-07-26T12:35:28.348+0000] {dag.py:3036} INFO - Sync 1 DAGs
[2024-07-26T12:35:28.361+0000] {logging_mixin.py:188} INFO - [2024-07-26T12:35:28.361+0000] {dag.py:3823} INFO - Setting next_dagrun for example_params_ui_tutorial to None, run_after=None
[2024-07-26T12:35:28.383+0000] {processor.py:183} INFO - Processing /home/airflow/.local/lib/python3.8/site-packages/airflow/example_dags/example_params_ui_tutorial.py took 0.122 seconds
[2024-07-26T12:35:58.469+0000] {processor.py:161} INFO - Started process (PID=1072) to work on /home/airflow/.local/lib/python3.8/site-packages/airflow/example_dags/example_params_ui_tutorial.py
[2024-07-26T12:35:58.470+0000] {processor.py:830} INFO - Processing file /home/airflow/.local/lib/python3.8/site-packages/airflow/example_dags/example_params_ui_tutorial.py for tasks to queue
[2024-07-26T12:35:58.502+0000] {logging_mixin.py:188} INFO - [2024-07-26T12:35:58.501+0000] {dagbag.py:538} INFO - Filling up the DagBag from /home/airflow/.local/lib/python3.8/site-packages/airflow/example_dags/example_params_ui_tutorial.py
[2024-07-26T12:35:58.562+0000] {processor.py:840} INFO - DAG(s) 'example_params_ui_tutorial' retrieved from /home/airflow/.local/lib/python3.8/site-packages/airflow/example_dags/example_params_ui_tutorial.py
[2024-07-26T12:35:58.643+0000] {logging_mixin.py:188} INFO - [2024-07-26T12:35:58.642+0000] {dag.py:3036} INFO - Sync 1 DAGs
[2024-07-26T12:35:58.655+0000] {logging_mixin.py:188} INFO - [2024-07-26T12:35:58.655+0000] {dag.py:3823} INFO - Setting next_dagrun for example_params_ui_tutorial to None, run_after=None
[2024-07-26T12:35:58.673+0000] {processor.py:183} INFO - Processing /home/airflow/.local/lib/python3.8/site-packages/airflow/example_dags/example_params_ui_tutorial.py took 0.207 seconds
[2024-07-26T12:36:28.938+0000] {processor.py:161} INFO - Started process (PID=1136) to work on /home/airflow/.local/lib/python3.8/site-packages/airflow/example_dags/example_params_ui_tutorial.py
[2024-07-26T12:36:28.940+0000] {processor.py:830} INFO - Processing file /home/airflow/.local/lib/python3.8/site-packages/airflow/example_dags/example_params_ui_tutorial.py for tasks to queue
[2024-07-26T12:36:28.941+0000] {logging_mixin.py:188} INFO - [2024-07-26T12:36:28.941+0000] {dagbag.py:538} INFO - Filling up the DagBag from /home/airflow/.local/lib/python3.8/site-packages/airflow/example_dags/example_params_ui_tutorial.py
[2024-07-26T12:36:28.955+0000] {processor.py:840} INFO - DAG(s) 'example_params_ui_tutorial' retrieved from /home/airflow/.local/lib/python3.8/site-packages/airflow/example_dags/example_params_ui_tutorial.py
[2024-07-26T12:36:29.050+0000] {logging_mixin.py:188} INFO - [2024-07-26T12:36:29.050+0000] {dag.py:3036} INFO - Sync 1 DAGs
[2024-07-26T12:36:29.073+0000] {logging_mixin.py:188} INFO - [2024-07-26T12:36:29.073+0000] {dag.py:3823} INFO - Setting next_dagrun for example_params_ui_tutorial to None, run_after=None
[2024-07-26T12:36:29.096+0000] {processor.py:183} INFO - Processing /home/airflow/.local/lib/python3.8/site-packages/airflow/example_dags/example_params_ui_tutorial.py took 0.162 seconds
[2024-07-26T12:36:59.312+0000] {processor.py:161} INFO - Started process (PID=1200) to work on /home/airflow/.local/lib/python3.8/site-packages/airflow/example_dags/example_params_ui_tutorial.py
[2024-07-26T12:36:59.313+0000] {processor.py:830} INFO - Processing file /home/airflow/.local/lib/python3.8/site-packages/airflow/example_dags/example_params_ui_tutorial.py for tasks to queue
[2024-07-26T12:36:59.315+0000] {logging_mixin.py:188} INFO - [2024-07-26T12:36:59.315+0000] {dagbag.py:538} INFO - Filling up the DagBag from /home/airflow/.local/lib/python3.8/site-packages/airflow/example_dags/example_params_ui_tutorial.py
[2024-07-26T12:36:59.328+0000] {processor.py:840} INFO - DAG(s) 'example_params_ui_tutorial' retrieved from /home/airflow/.local/lib/python3.8/site-packages/airflow/example_dags/example_params_ui_tutorial.py
[2024-07-26T12:36:59.400+0000] {logging_mixin.py:188} INFO - [2024-07-26T12:36:59.400+0000] {dag.py:3036} INFO - Sync 1 DAGs
[2024-07-26T12:36:59.414+0000] {logging_mixin.py:188} INFO - [2024-07-26T12:36:59.413+0000] {dag.py:3823} INFO - Setting next_dagrun for example_params_ui_tutorial to None, run_after=None
[2024-07-26T12:36:59.433+0000] {processor.py:183} INFO - Processing /home/airflow/.local/lib/python3.8/site-packages/airflow/example_dags/example_params_ui_tutorial.py took 0.125 seconds
[2024-07-26T12:37:29.653+0000] {processor.py:161} INFO - Started process (PID=1264) to work on /home/airflow/.local/lib/python3.8/site-packages/airflow/example_dags/example_params_ui_tutorial.py
[2024-07-26T12:37:29.677+0000] {processor.py:830} INFO - Processing file /home/airflow/.local/lib/python3.8/site-packages/airflow/example_dags/example_params_ui_tutorial.py for tasks to queue
[2024-07-26T12:37:29.679+0000] {logging_mixin.py:188} INFO - [2024-07-26T12:37:29.679+0000] {dagbag.py:538} INFO - Filling up the DagBag from /home/airflow/.local/lib/python3.8/site-packages/airflow/example_dags/example_params_ui_tutorial.py
[2024-07-26T12:37:29.701+0000] {processor.py:840} INFO - DAG(s) 'example_params_ui_tutorial' retrieved from /home/airflow/.local/lib/python3.8/site-packages/airflow/example_dags/example_params_ui_tutorial.py
[2024-07-26T12:37:29.790+0000] {logging_mixin.py:188} INFO - [2024-07-26T12:37:29.789+0000] {dag.py:3036} INFO - Sync 1 DAGs
[2024-07-26T12:37:29.804+0000] {logging_mixin.py:188} INFO - [2024-07-26T12:37:29.803+0000] {dag.py:3823} INFO - Setting next_dagrun for example_params_ui_tutorial to None, run_after=None
[2024-07-26T12:37:29.823+0000] {processor.py:183} INFO - Processing /home/airflow/.local/lib/python3.8/site-packages/airflow/example_dags/example_params_ui_tutorial.py took 0.177 seconds
[2024-07-26T12:38:52.857+0000] {processor.py:161} INFO - Started process (PID=109) to work on /home/airflow/.local/lib/python3.8/site-packages/airflow/example_dags/example_params_ui_tutorial.py
[2024-07-26T12:38:52.859+0000] {processor.py:830} INFO - Processing file /home/airflow/.local/lib/python3.8/site-packages/airflow/example_dags/example_params_ui_tutorial.py for tasks to queue
[2024-07-26T12:38:52.865+0000] {logging_mixin.py:188} INFO - [2024-07-26T12:38:52.862+0000] {dagbag.py:538} INFO - Filling up the DagBag from /home/airflow/.local/lib/python3.8/site-packages/airflow/example_dags/example_params_ui_tutorial.py
[2024-07-26T12:38:52.893+0000] {processor.py:840} INFO - DAG(s) 'example_params_ui_tutorial' retrieved from /home/airflow/.local/lib/python3.8/site-packages/airflow/example_dags/example_params_ui_tutorial.py
[2024-07-26T12:38:52.912+0000] {logging_mixin.py:188} INFO - [2024-07-26T12:38:52.911+0000] {dag.py:3036} INFO - Sync 1 DAGs
[2024-07-26T12:38:52.932+0000] {logging_mixin.py:188} INFO - [2024-07-26T12:38:52.932+0000] {dag.py:3823} INFO - Setting next_dagrun for example_params_ui_tutorial to None, run_after=None
[2024-07-26T12:38:52.955+0000] {processor.py:183} INFO - Processing /home/airflow/.local/lib/python3.8/site-packages/airflow/example_dags/example_params_ui_tutorial.py took 0.103 seconds
[2024-07-26T12:39:25.030+0000] {processor.py:161} INFO - Started process (PID=173) to work on /home/airflow/.local/lib/python3.8/site-packages/airflow/example_dags/example_params_ui_tutorial.py
[2024-07-26T12:39:25.031+0000] {processor.py:830} INFO - Processing file /home/airflow/.local/lib/python3.8/site-packages/airflow/example_dags/example_params_ui_tutorial.py for tasks to queue
[2024-07-26T12:39:25.033+0000] {logging_mixin.py:188} INFO - [2024-07-26T12:39:25.033+0000] {dagbag.py:538} INFO - Filling up the DagBag from /home/airflow/.local/lib/python3.8/site-packages/airflow/example_dags/example_params_ui_tutorial.py
[2024-07-26T12:39:25.049+0000] {processor.py:840} INFO - DAG(s) 'example_params_ui_tutorial' retrieved from /home/airflow/.local/lib/python3.8/site-packages/airflow/example_dags/example_params_ui_tutorial.py
[2024-07-26T12:39:25.253+0000] {logging_mixin.py:188} INFO - [2024-07-26T12:39:25.253+0000] {dag.py:3036} INFO - Sync 1 DAGs
[2024-07-26T12:39:25.267+0000] {logging_mixin.py:188} INFO - [2024-07-26T12:39:25.267+0000] {dag.py:3823} INFO - Setting next_dagrun for example_params_ui_tutorial to None, run_after=None
[2024-07-26T12:39:25.292+0000] {processor.py:183} INFO - Processing /home/airflow/.local/lib/python3.8/site-packages/airflow/example_dags/example_params_ui_tutorial.py took 0.266 seconds
[2024-07-26T12:43:19.725+0000] {processor.py:161} INFO - Started process (PID=120) to work on /home/airflow/.local/lib/python3.8/site-packages/airflow/example_dags/example_params_ui_tutorial.py
[2024-07-26T12:43:19.726+0000] {processor.py:830} INFO - Processing file /home/airflow/.local/lib/python3.8/site-packages/airflow/example_dags/example_params_ui_tutorial.py for tasks to queue
[2024-07-26T12:43:19.728+0000] {logging_mixin.py:188} INFO - [2024-07-26T12:43:19.728+0000] {dagbag.py:538} INFO - Filling up the DagBag from /home/airflow/.local/lib/python3.8/site-packages/airflow/example_dags/example_params_ui_tutorial.py
[2024-07-26T12:43:19.746+0000] {processor.py:840} INFO - DAG(s) 'example_params_ui_tutorial' retrieved from /home/airflow/.local/lib/python3.8/site-packages/airflow/example_dags/example_params_ui_tutorial.py
[2024-07-26T12:43:19.946+0000] {logging_mixin.py:188} INFO - [2024-07-26T12:43:19.946+0000] {dag.py:3036} INFO - Sync 1 DAGs
[2024-07-26T12:43:19.962+0000] {logging_mixin.py:188} INFO - [2024-07-26T12:43:19.962+0000] {dag.py:3823} INFO - Setting next_dagrun for example_params_ui_tutorial to None, run_after=None
[2024-07-26T12:43:19.985+0000] {processor.py:183} INFO - Processing /home/airflow/.local/lib/python3.8/site-packages/airflow/example_dags/example_params_ui_tutorial.py took 0.265 seconds
[2024-07-26T12:43:50.422+0000] {processor.py:161} INFO - Started process (PID=184) to work on /home/airflow/.local/lib/python3.8/site-packages/airflow/example_dags/example_params_ui_tutorial.py
[2024-07-26T12:43:50.424+0000] {processor.py:830} INFO - Processing file /home/airflow/.local/lib/python3.8/site-packages/airflow/example_dags/example_params_ui_tutorial.py for tasks to queue
[2024-07-26T12:43:50.425+0000] {logging_mixin.py:188} INFO - [2024-07-26T12:43:50.425+0000] {dagbag.py:538} INFO - Filling up the DagBag from /home/airflow/.local/lib/python3.8/site-packages/airflow/example_dags/example_params_ui_tutorial.py
[2024-07-26T12:43:50.440+0000] {processor.py:840} INFO - DAG(s) 'example_params_ui_tutorial' retrieved from /home/airflow/.local/lib/python3.8/site-packages/airflow/example_dags/example_params_ui_tutorial.py
[2024-07-26T12:43:50.532+0000] {logging_mixin.py:188} INFO - [2024-07-26T12:43:50.532+0000] {dag.py:3036} INFO - Sync 1 DAGs
[2024-07-26T12:43:50.549+0000] {logging_mixin.py:188} INFO - [2024-07-26T12:43:50.549+0000] {dag.py:3823} INFO - Setting next_dagrun for example_params_ui_tutorial to None, run_after=None
[2024-07-26T12:43:50.577+0000] {processor.py:183} INFO - Processing /home/airflow/.local/lib/python3.8/site-packages/airflow/example_dags/example_params_ui_tutorial.py took 0.158 seconds
[2024-07-26T12:44:20.764+0000] {processor.py:161} INFO - Started process (PID=248) to work on /home/airflow/.local/lib/python3.8/site-packages/airflow/example_dags/example_params_ui_tutorial.py
[2024-07-26T12:44:20.765+0000] {processor.py:830} INFO - Processing file /home/airflow/.local/lib/python3.8/site-packages/airflow/example_dags/example_params_ui_tutorial.py for tasks to queue
[2024-07-26T12:44:20.767+0000] {logging_mixin.py:188} INFO - [2024-07-26T12:44:20.766+0000] {dagbag.py:538} INFO - Filling up the DagBag from /home/airflow/.local/lib/python3.8/site-packages/airflow/example_dags/example_params_ui_tutorial.py
[2024-07-26T12:44:20.780+0000] {processor.py:840} INFO - DAG(s) 'example_params_ui_tutorial' retrieved from /home/airflow/.local/lib/python3.8/site-packages/airflow/example_dags/example_params_ui_tutorial.py
[2024-07-26T12:44:20.865+0000] {logging_mixin.py:188} INFO - [2024-07-26T12:44:20.865+0000] {dag.py:3036} INFO - Sync 1 DAGs
[2024-07-26T12:44:20.878+0000] {logging_mixin.py:188} INFO - [2024-07-26T12:44:20.878+0000] {dag.py:3823} INFO - Setting next_dagrun for example_params_ui_tutorial to None, run_after=None
[2024-07-26T12:44:20.897+0000] {processor.py:183} INFO - Processing /home/airflow/.local/lib/python3.8/site-packages/airflow/example_dags/example_params_ui_tutorial.py took 0.136 seconds
[2024-07-26T12:49:47.126+0000] {processor.py:161} INFO - Started process (PID=114) to work on /home/airflow/.local/lib/python3.8/site-packages/airflow/example_dags/example_params_ui_tutorial.py
[2024-07-26T12:49:47.127+0000] {processor.py:830} INFO - Processing file /home/airflow/.local/lib/python3.8/site-packages/airflow/example_dags/example_params_ui_tutorial.py for tasks to queue
[2024-07-26T12:49:47.129+0000] {logging_mixin.py:188} INFO - [2024-07-26T12:49:47.129+0000] {dagbag.py:538} INFO - Filling up the DagBag from /home/airflow/.local/lib/python3.8/site-packages/airflow/example_dags/example_params_ui_tutorial.py
[2024-07-26T12:49:47.148+0000] {processor.py:840} INFO - DAG(s) 'example_params_ui_tutorial' retrieved from /home/airflow/.local/lib/python3.8/site-packages/airflow/example_dags/example_params_ui_tutorial.py
[2024-07-26T12:49:47.397+0000] {logging_mixin.py:188} INFO - [2024-07-26T12:49:47.396+0000] {dag.py:3036} INFO - Sync 1 DAGs
[2024-07-26T12:49:47.434+0000] {logging_mixin.py:188} INFO - [2024-07-26T12:49:47.434+0000] {dag.py:3823} INFO - Setting next_dagrun for example_params_ui_tutorial to None, run_after=None
[2024-07-26T12:49:47.505+0000] {processor.py:183} INFO - Processing /home/airflow/.local/lib/python3.8/site-packages/airflow/example_dags/example_params_ui_tutorial.py took 0.383 seconds
[2024-07-26T12:50:17.543+0000] {processor.py:161} INFO - Started process (PID=178) to work on /home/airflow/.local/lib/python3.8/site-packages/airflow/example_dags/example_params_ui_tutorial.py
[2024-07-26T12:50:17.544+0000] {processor.py:830} INFO - Processing file /home/airflow/.local/lib/python3.8/site-packages/airflow/example_dags/example_params_ui_tutorial.py for tasks to queue
[2024-07-26T12:50:17.545+0000] {logging_mixin.py:188} INFO - [2024-07-26T12:50:17.545+0000] {dagbag.py:538} INFO - Filling up the DagBag from /home/airflow/.local/lib/python3.8/site-packages/airflow/example_dags/example_params_ui_tutorial.py
[2024-07-26T12:50:17.562+0000] {processor.py:840} INFO - DAG(s) 'example_params_ui_tutorial' retrieved from /home/airflow/.local/lib/python3.8/site-packages/airflow/example_dags/example_params_ui_tutorial.py
[2024-07-26T12:50:17.635+0000] {logging_mixin.py:188} INFO - [2024-07-26T12:50:17.635+0000] {dag.py:3036} INFO - Sync 1 DAGs
[2024-07-26T12:50:17.648+0000] {logging_mixin.py:188} INFO - [2024-07-26T12:50:17.648+0000] {dag.py:3823} INFO - Setting next_dagrun for example_params_ui_tutorial to None, run_after=None
[2024-07-26T12:50:17.667+0000] {processor.py:183} INFO - Processing /home/airflow/.local/lib/python3.8/site-packages/airflow/example_dags/example_params_ui_tutorial.py took 0.129 seconds
[2024-07-26T12:50:48.787+0000] {processor.py:161} INFO - Started process (PID=242) to work on /home/airflow/.local/lib/python3.8/site-packages/airflow/example_dags/example_params_ui_tutorial.py
[2024-07-26T12:50:48.788+0000] {processor.py:830} INFO - Processing file /home/airflow/.local/lib/python3.8/site-packages/airflow/example_dags/example_params_ui_tutorial.py for tasks to queue
[2024-07-26T12:50:48.790+0000] {logging_mixin.py:188} INFO - [2024-07-26T12:50:48.790+0000] {dagbag.py:538} INFO - Filling up the DagBag from /home/airflow/.local/lib/python3.8/site-packages/airflow/example_dags/example_params_ui_tutorial.py
[2024-07-26T12:50:48.804+0000] {processor.py:840} INFO - DAG(s) 'example_params_ui_tutorial' retrieved from /home/airflow/.local/lib/python3.8/site-packages/airflow/example_dags/example_params_ui_tutorial.py
[2024-07-26T12:50:48.878+0000] {logging_mixin.py:188} INFO - [2024-07-26T12:50:48.878+0000] {dag.py:3036} INFO - Sync 1 DAGs
[2024-07-26T12:50:48.891+0000] {logging_mixin.py:188} INFO - [2024-07-26T12:50:48.891+0000] {dag.py:3823} INFO - Setting next_dagrun for example_params_ui_tutorial to None, run_after=None
[2024-07-26T12:50:48.912+0000] {processor.py:183} INFO - Processing /home/airflow/.local/lib/python3.8/site-packages/airflow/example_dags/example_params_ui_tutorial.py took 0.128 seconds
[2024-07-26T12:51:19.414+0000] {processor.py:161} INFO - Started process (PID=299) to work on /home/airflow/.local/lib/python3.8/site-packages/airflow/example_dags/example_params_ui_tutorial.py
[2024-07-26T12:51:19.415+0000] {processor.py:830} INFO - Processing file /home/airflow/.local/lib/python3.8/site-packages/airflow/example_dags/example_params_ui_tutorial.py for tasks to queue
[2024-07-26T12:51:19.418+0000] {logging_mixin.py:188} INFO - [2024-07-26T12:51:19.417+0000] {dagbag.py:538} INFO - Filling up the DagBag from /home/airflow/.local/lib/python3.8/site-packages/airflow/example_dags/example_params_ui_tutorial.py
[2024-07-26T12:51:19.432+0000] {processor.py:840} INFO - DAG(s) 'example_params_ui_tutorial' retrieved from /home/airflow/.local/lib/python3.8/site-packages/airflow/example_dags/example_params_ui_tutorial.py
[2024-07-26T12:51:19.628+0000] {logging_mixin.py:188} INFO - [2024-07-26T12:51:19.628+0000] {dag.py:3036} INFO - Sync 1 DAGs
[2024-07-26T12:51:19.652+0000] {logging_mixin.py:188} INFO - [2024-07-26T12:51:19.650+0000] {dag.py:3823} INFO - Setting next_dagrun for example_params_ui_tutorial to None, run_after=None
[2024-07-26T12:51:19.725+0000] {processor.py:183} INFO - Processing /home/airflow/.local/lib/python3.8/site-packages/airflow/example_dags/example_params_ui_tutorial.py took 0.314 seconds
[2024-07-26T12:51:50.069+0000] {processor.py:161} INFO - Started process (PID=361) to work on /home/airflow/.local/lib/python3.8/site-packages/airflow/example_dags/example_params_ui_tutorial.py
[2024-07-26T12:51:50.070+0000] {processor.py:830} INFO - Processing file /home/airflow/.local/lib/python3.8/site-packages/airflow/example_dags/example_params_ui_tutorial.py for tasks to queue
[2024-07-26T12:51:50.072+0000] {logging_mixin.py:188} INFO - [2024-07-26T12:51:50.072+0000] {dagbag.py:538} INFO - Filling up the DagBag from /home/airflow/.local/lib/python3.8/site-packages/airflow/example_dags/example_params_ui_tutorial.py
[2024-07-26T12:51:50.086+0000] {processor.py:840} INFO - DAG(s) 'example_params_ui_tutorial' retrieved from /home/airflow/.local/lib/python3.8/site-packages/airflow/example_dags/example_params_ui_tutorial.py
[2024-07-26T12:51:50.164+0000] {logging_mixin.py:188} INFO - [2024-07-26T12:51:50.164+0000] {dag.py:3036} INFO - Sync 1 DAGs
[2024-07-26T12:51:50.178+0000] {logging_mixin.py:188} INFO - [2024-07-26T12:51:50.177+0000] {dag.py:3823} INFO - Setting next_dagrun for example_params_ui_tutorial to None, run_after=None
[2024-07-26T12:51:50.199+0000] {processor.py:183} INFO - Processing /home/airflow/.local/lib/python3.8/site-packages/airflow/example_dags/example_params_ui_tutorial.py took 0.133 seconds
[2024-07-26T12:52:20.602+0000] {processor.py:161} INFO - Started process (PID=425) to work on /home/airflow/.local/lib/python3.8/site-packages/airflow/example_dags/example_params_ui_tutorial.py
[2024-07-26T12:52:20.603+0000] {processor.py:830} INFO - Processing file /home/airflow/.local/lib/python3.8/site-packages/airflow/example_dags/example_params_ui_tutorial.py for tasks to queue
[2024-07-26T12:52:20.605+0000] {logging_mixin.py:188} INFO - [2024-07-26T12:52:20.604+0000] {dagbag.py:538} INFO - Filling up the DagBag from /home/airflow/.local/lib/python3.8/site-packages/airflow/example_dags/example_params_ui_tutorial.py
[2024-07-26T12:52:20.618+0000] {processor.py:840} INFO - DAG(s) 'example_params_ui_tutorial' retrieved from /home/airflow/.local/lib/python3.8/site-packages/airflow/example_dags/example_params_ui_tutorial.py
[2024-07-26T12:52:20.690+0000] {logging_mixin.py:188} INFO - [2024-07-26T12:52:20.690+0000] {dag.py:3036} INFO - Sync 1 DAGs
[2024-07-26T12:52:20.704+0000] {logging_mixin.py:188} INFO - [2024-07-26T12:52:20.704+0000] {dag.py:3823} INFO - Setting next_dagrun for example_params_ui_tutorial to None, run_after=None
[2024-07-26T12:52:20.727+0000] {processor.py:183} INFO - Processing /home/airflow/.local/lib/python3.8/site-packages/airflow/example_dags/example_params_ui_tutorial.py took 0.128 seconds
[2024-07-26T12:52:51.086+0000] {processor.py:161} INFO - Started process (PID=489) to work on /home/airflow/.local/lib/python3.8/site-packages/airflow/example_dags/example_params_ui_tutorial.py
[2024-07-26T12:52:51.087+0000] {processor.py:830} INFO - Processing file /home/airflow/.local/lib/python3.8/site-packages/airflow/example_dags/example_params_ui_tutorial.py for tasks to queue
[2024-07-26T12:52:51.089+0000] {logging_mixin.py:188} INFO - [2024-07-26T12:52:51.088+0000] {dagbag.py:538} INFO - Filling up the DagBag from /home/airflow/.local/lib/python3.8/site-packages/airflow/example_dags/example_params_ui_tutorial.py
[2024-07-26T12:52:51.101+0000] {processor.py:840} INFO - DAG(s) 'example_params_ui_tutorial' retrieved from /home/airflow/.local/lib/python3.8/site-packages/airflow/example_dags/example_params_ui_tutorial.py
[2024-07-26T12:52:51.171+0000] {logging_mixin.py:188} INFO - [2024-07-26T12:52:51.171+0000] {dag.py:3036} INFO - Sync 1 DAGs
[2024-07-26T12:52:51.184+0000] {logging_mixin.py:188} INFO - [2024-07-26T12:52:51.184+0000] {dag.py:3823} INFO - Setting next_dagrun for example_params_ui_tutorial to None, run_after=None
[2024-07-26T12:52:51.205+0000] {processor.py:183} INFO - Processing /home/airflow/.local/lib/python3.8/site-packages/airflow/example_dags/example_params_ui_tutorial.py took 0.122 seconds
[2024-07-26T12:53:21.735+0000] {processor.py:161} INFO - Started process (PID=553) to work on /home/airflow/.local/lib/python3.8/site-packages/airflow/example_dags/example_params_ui_tutorial.py
[2024-07-26T12:53:21.736+0000] {processor.py:830} INFO - Processing file /home/airflow/.local/lib/python3.8/site-packages/airflow/example_dags/example_params_ui_tutorial.py for tasks to queue
[2024-07-26T12:53:21.739+0000] {logging_mixin.py:188} INFO - [2024-07-26T12:53:21.738+0000] {dagbag.py:538} INFO - Filling up the DagBag from /home/airflow/.local/lib/python3.8/site-packages/airflow/example_dags/example_params_ui_tutorial.py
[2024-07-26T12:53:21.752+0000] {processor.py:840} INFO - DAG(s) 'example_params_ui_tutorial' retrieved from /home/airflow/.local/lib/python3.8/site-packages/airflow/example_dags/example_params_ui_tutorial.py
[2024-07-26T12:53:21.828+0000] {logging_mixin.py:188} INFO - [2024-07-26T12:53:21.828+0000] {dag.py:3036} INFO - Sync 1 DAGs
[2024-07-26T12:53:21.840+0000] {logging_mixin.py:188} INFO - [2024-07-26T12:53:21.840+0000] {dag.py:3823} INFO - Setting next_dagrun for example_params_ui_tutorial to None, run_after=None
[2024-07-26T12:53:21.863+0000] {processor.py:183} INFO - Processing /home/airflow/.local/lib/python3.8/site-packages/airflow/example_dags/example_params_ui_tutorial.py took 0.131 seconds
[2024-07-26T12:53:52.113+0000] {processor.py:161} INFO - Started process (PID=617) to work on /home/airflow/.local/lib/python3.8/site-packages/airflow/example_dags/example_params_ui_tutorial.py
[2024-07-26T12:53:52.114+0000] {processor.py:830} INFO - Processing file /home/airflow/.local/lib/python3.8/site-packages/airflow/example_dags/example_params_ui_tutorial.py for tasks to queue
[2024-07-26T12:53:52.116+0000] {logging_mixin.py:188} INFO - [2024-07-26T12:53:52.115+0000] {dagbag.py:538} INFO - Filling up the DagBag from /home/airflow/.local/lib/python3.8/site-packages/airflow/example_dags/example_params_ui_tutorial.py
[2024-07-26T12:53:52.132+0000] {processor.py:840} INFO - DAG(s) 'example_params_ui_tutorial' retrieved from /home/airflow/.local/lib/python3.8/site-packages/airflow/example_dags/example_params_ui_tutorial.py
[2024-07-26T12:53:52.204+0000] {logging_mixin.py:188} INFO - [2024-07-26T12:53:52.203+0000] {dag.py:3036} INFO - Sync 1 DAGs
[2024-07-26T12:53:52.218+0000] {logging_mixin.py:188} INFO - [2024-07-26T12:53:52.217+0000] {dag.py:3823} INFO - Setting next_dagrun for example_params_ui_tutorial to None, run_after=None
[2024-07-26T12:53:52.240+0000] {processor.py:183} INFO - Processing /home/airflow/.local/lib/python3.8/site-packages/airflow/example_dags/example_params_ui_tutorial.py took 0.131 seconds
[2024-07-26T12:54:22.489+0000] {processor.py:161} INFO - Started process (PID=681) to work on /home/airflow/.local/lib/python3.8/site-packages/airflow/example_dags/example_params_ui_tutorial.py
[2024-07-26T12:54:22.490+0000] {processor.py:830} INFO - Processing file /home/airflow/.local/lib/python3.8/site-packages/airflow/example_dags/example_params_ui_tutorial.py for tasks to queue
[2024-07-26T12:54:22.493+0000] {logging_mixin.py:188} INFO - [2024-07-26T12:54:22.492+0000] {dagbag.py:538} INFO - Filling up the DagBag from /home/airflow/.local/lib/python3.8/site-packages/airflow/example_dags/example_params_ui_tutorial.py
[2024-07-26T12:54:22.513+0000] {processor.py:840} INFO - DAG(s) 'example_params_ui_tutorial' retrieved from /home/airflow/.local/lib/python3.8/site-packages/airflow/example_dags/example_params_ui_tutorial.py
[2024-07-26T12:54:22.601+0000] {logging_mixin.py:188} INFO - [2024-07-26T12:54:22.601+0000] {dag.py:3036} INFO - Sync 1 DAGs
[2024-07-26T12:54:22.615+0000] {logging_mixin.py:188} INFO - [2024-07-26T12:54:22.615+0000] {dag.py:3823} INFO - Setting next_dagrun for example_params_ui_tutorial to None, run_after=None
[2024-07-26T12:54:22.641+0000] {processor.py:183} INFO - Processing /home/airflow/.local/lib/python3.8/site-packages/airflow/example_dags/example_params_ui_tutorial.py took 0.157 seconds
[2024-07-26T12:54:52.764+0000] {processor.py:161} INFO - Started process (PID=745) to work on /home/airflow/.local/lib/python3.8/site-packages/airflow/example_dags/example_params_ui_tutorial.py
[2024-07-26T12:54:52.765+0000] {processor.py:830} INFO - Processing file /home/airflow/.local/lib/python3.8/site-packages/airflow/example_dags/example_params_ui_tutorial.py for tasks to queue
[2024-07-26T12:54:52.767+0000] {logging_mixin.py:188} INFO - [2024-07-26T12:54:52.767+0000] {dagbag.py:538} INFO - Filling up the DagBag from /home/airflow/.local/lib/python3.8/site-packages/airflow/example_dags/example_params_ui_tutorial.py
[2024-07-26T12:54:52.784+0000] {processor.py:840} INFO - DAG(s) 'example_params_ui_tutorial' retrieved from /home/airflow/.local/lib/python3.8/site-packages/airflow/example_dags/example_params_ui_tutorial.py
[2024-07-26T12:54:52.874+0000] {logging_mixin.py:188} INFO - [2024-07-26T12:54:52.873+0000] {dag.py:3036} INFO - Sync 1 DAGs
[2024-07-26T12:54:52.888+0000] {logging_mixin.py:188} INFO - [2024-07-26T12:54:52.887+0000] {dag.py:3823} INFO - Setting next_dagrun for example_params_ui_tutorial to None, run_after=None
[2024-07-26T12:54:52.909+0000] {processor.py:183} INFO - Processing /home/airflow/.local/lib/python3.8/site-packages/airflow/example_dags/example_params_ui_tutorial.py took 0.148 seconds
[2024-07-26T12:55:23.492+0000] {processor.py:161} INFO - Started process (PID=809) to work on /home/airflow/.local/lib/python3.8/site-packages/airflow/example_dags/example_params_ui_tutorial.py
[2024-07-26T12:55:23.494+0000] {processor.py:830} INFO - Processing file /home/airflow/.local/lib/python3.8/site-packages/airflow/example_dags/example_params_ui_tutorial.py for tasks to queue
[2024-07-26T12:55:23.497+0000] {logging_mixin.py:188} INFO - [2024-07-26T12:55:23.496+0000] {dagbag.py:538} INFO - Filling up the DagBag from /home/airflow/.local/lib/python3.8/site-packages/airflow/example_dags/example_params_ui_tutorial.py
[2024-07-26T12:55:23.513+0000] {processor.py:840} INFO - DAG(s) 'example_params_ui_tutorial' retrieved from /home/airflow/.local/lib/python3.8/site-packages/airflow/example_dags/example_params_ui_tutorial.py
[2024-07-26T12:55:23.596+0000] {logging_mixin.py:188} INFO - [2024-07-26T12:55:23.596+0000] {dag.py:3036} INFO - Sync 1 DAGs
[2024-07-26T12:55:23.616+0000] {logging_mixin.py:188} INFO - [2024-07-26T12:55:23.616+0000] {dag.py:3823} INFO - Setting next_dagrun for example_params_ui_tutorial to None, run_after=None
[2024-07-26T12:55:23.648+0000] {processor.py:183} INFO - Processing /home/airflow/.local/lib/python3.8/site-packages/airflow/example_dags/example_params_ui_tutorial.py took 0.160 seconds
[2024-07-26T12:55:54.302+0000] {processor.py:161} INFO - Started process (PID=873) to work on /home/airflow/.local/lib/python3.8/site-packages/airflow/example_dags/example_params_ui_tutorial.py
[2024-07-26T12:55:54.303+0000] {processor.py:830} INFO - Processing file /home/airflow/.local/lib/python3.8/site-packages/airflow/example_dags/example_params_ui_tutorial.py for tasks to queue
[2024-07-26T12:55:54.306+0000] {logging_mixin.py:188} INFO - [2024-07-26T12:55:54.305+0000] {dagbag.py:538} INFO - Filling up the DagBag from /home/airflow/.local/lib/python3.8/site-packages/airflow/example_dags/example_params_ui_tutorial.py
[2024-07-26T12:55:54.318+0000] {processor.py:840} INFO - DAG(s) 'example_params_ui_tutorial' retrieved from /home/airflow/.local/lib/python3.8/site-packages/airflow/example_dags/example_params_ui_tutorial.py
[2024-07-26T12:55:54.391+0000] {logging_mixin.py:188} INFO - [2024-07-26T12:55:54.391+0000] {dag.py:3036} INFO - Sync 1 DAGs
[2024-07-26T12:55:54.405+0000] {logging_mixin.py:188} INFO - [2024-07-26T12:55:54.405+0000] {dag.py:3823} INFO - Setting next_dagrun for example_params_ui_tutorial to None, run_after=None
[2024-07-26T12:55:54.426+0000] {processor.py:183} INFO - Processing /home/airflow/.local/lib/python3.8/site-packages/airflow/example_dags/example_params_ui_tutorial.py took 0.127 seconds
[2024-07-26T12:56:25.022+0000] {processor.py:161} INFO - Started process (PID=937) to work on /home/airflow/.local/lib/python3.8/site-packages/airflow/example_dags/example_params_ui_tutorial.py
[2024-07-26T12:56:25.023+0000] {processor.py:830} INFO - Processing file /home/airflow/.local/lib/python3.8/site-packages/airflow/example_dags/example_params_ui_tutorial.py for tasks to queue
[2024-07-26T12:56:25.025+0000] {logging_mixin.py:188} INFO - [2024-07-26T12:56:25.024+0000] {dagbag.py:538} INFO - Filling up the DagBag from /home/airflow/.local/lib/python3.8/site-packages/airflow/example_dags/example_params_ui_tutorial.py
[2024-07-26T12:56:25.037+0000] {processor.py:840} INFO - DAG(s) 'example_params_ui_tutorial' retrieved from /home/airflow/.local/lib/python3.8/site-packages/airflow/example_dags/example_params_ui_tutorial.py
[2024-07-26T12:56:25.114+0000] {logging_mixin.py:188} INFO - [2024-07-26T12:56:25.113+0000] {dag.py:3036} INFO - Sync 1 DAGs
[2024-07-26T12:56:25.130+0000] {logging_mixin.py:188} INFO - [2024-07-26T12:56:25.129+0000] {dag.py:3823} INFO - Setting next_dagrun for example_params_ui_tutorial to None, run_after=None
[2024-07-26T12:56:25.157+0000] {processor.py:183} INFO - Processing /home/airflow/.local/lib/python3.8/site-packages/airflow/example_dags/example_params_ui_tutorial.py took 0.139 seconds
[2024-07-26T12:56:55.623+0000] {processor.py:161} INFO - Started process (PID=1001) to work on /home/airflow/.local/lib/python3.8/site-packages/airflow/example_dags/example_params_ui_tutorial.py
[2024-07-26T12:56:55.624+0000] {processor.py:830} INFO - Processing file /home/airflow/.local/lib/python3.8/site-packages/airflow/example_dags/example_params_ui_tutorial.py for tasks to queue
[2024-07-26T12:56:55.626+0000] {logging_mixin.py:188} INFO - [2024-07-26T12:56:55.625+0000] {dagbag.py:538} INFO - Filling up the DagBag from /home/airflow/.local/lib/python3.8/site-packages/airflow/example_dags/example_params_ui_tutorial.py
[2024-07-26T12:56:55.638+0000] {processor.py:840} INFO - DAG(s) 'example_params_ui_tutorial' retrieved from /home/airflow/.local/lib/python3.8/site-packages/airflow/example_dags/example_params_ui_tutorial.py
[2024-07-26T12:56:55.717+0000] {logging_mixin.py:188} INFO - [2024-07-26T12:56:55.716+0000] {dag.py:3036} INFO - Sync 1 DAGs
[2024-07-26T12:56:55.730+0000] {logging_mixin.py:188} INFO - [2024-07-26T12:56:55.730+0000] {dag.py:3823} INFO - Setting next_dagrun for example_params_ui_tutorial to None, run_after=None
[2024-07-26T12:56:55.750+0000] {processor.py:183} INFO - Processing /home/airflow/.local/lib/python3.8/site-packages/airflow/example_dags/example_params_ui_tutorial.py took 0.130 seconds
[2024-07-26T12:57:26.170+0000] {processor.py:161} INFO - Started process (PID=1065) to work on /home/airflow/.local/lib/python3.8/site-packages/airflow/example_dags/example_params_ui_tutorial.py
[2024-07-26T12:57:26.171+0000] {processor.py:830} INFO - Processing file /home/airflow/.local/lib/python3.8/site-packages/airflow/example_dags/example_params_ui_tutorial.py for tasks to queue
[2024-07-26T12:57:26.174+0000] {logging_mixin.py:188} INFO - [2024-07-26T12:57:26.173+0000] {dagbag.py:538} INFO - Filling up the DagBag from /home/airflow/.local/lib/python3.8/site-packages/airflow/example_dags/example_params_ui_tutorial.py
[2024-07-26T12:57:26.191+0000] {processor.py:840} INFO - DAG(s) 'example_params_ui_tutorial' retrieved from /home/airflow/.local/lib/python3.8/site-packages/airflow/example_dags/example_params_ui_tutorial.py
[2024-07-26T12:57:26.275+0000] {logging_mixin.py:188} INFO - [2024-07-26T12:57:26.275+0000] {dag.py:3036} INFO - Sync 1 DAGs
[2024-07-26T12:57:26.289+0000] {logging_mixin.py:188} INFO - [2024-07-26T12:57:26.289+0000] {dag.py:3823} INFO - Setting next_dagrun for example_params_ui_tutorial to None, run_after=None
[2024-07-26T12:57:26.307+0000] {processor.py:183} INFO - Processing /home/airflow/.local/lib/python3.8/site-packages/airflow/example_dags/example_params_ui_tutorial.py took 0.140 seconds
[2024-07-26T12:57:56.618+0000] {processor.py:161} INFO - Started process (PID=1129) to work on /home/airflow/.local/lib/python3.8/site-packages/airflow/example_dags/example_params_ui_tutorial.py
[2024-07-26T12:57:56.619+0000] {processor.py:830} INFO - Processing file /home/airflow/.local/lib/python3.8/site-packages/airflow/example_dags/example_params_ui_tutorial.py for tasks to queue
[2024-07-26T12:57:56.621+0000] {logging_mixin.py:188} INFO - [2024-07-26T12:57:56.621+0000] {dagbag.py:538} INFO - Filling up the DagBag from /home/airflow/.local/lib/python3.8/site-packages/airflow/example_dags/example_params_ui_tutorial.py
[2024-07-26T12:57:56.635+0000] {processor.py:840} INFO - DAG(s) 'example_params_ui_tutorial' retrieved from /home/airflow/.local/lib/python3.8/site-packages/airflow/example_dags/example_params_ui_tutorial.py
[2024-07-26T12:57:56.705+0000] {logging_mixin.py:188} INFO - [2024-07-26T12:57:56.705+0000] {dag.py:3036} INFO - Sync 1 DAGs
[2024-07-26T12:57:56.719+0000] {logging_mixin.py:188} INFO - [2024-07-26T12:57:56.719+0000] {dag.py:3823} INFO - Setting next_dagrun for example_params_ui_tutorial to None, run_after=None
[2024-07-26T12:57:56.744+0000] {processor.py:183} INFO - Processing /home/airflow/.local/lib/python3.8/site-packages/airflow/example_dags/example_params_ui_tutorial.py took 0.129 seconds
[2024-07-26T12:58:26.962+0000] {processor.py:161} INFO - Started process (PID=1193) to work on /home/airflow/.local/lib/python3.8/site-packages/airflow/example_dags/example_params_ui_tutorial.py
[2024-07-26T12:58:26.963+0000] {processor.py:830} INFO - Processing file /home/airflow/.local/lib/python3.8/site-packages/airflow/example_dags/example_params_ui_tutorial.py for tasks to queue
[2024-07-26T12:58:26.966+0000] {logging_mixin.py:188} INFO - [2024-07-26T12:58:26.965+0000] {dagbag.py:538} INFO - Filling up the DagBag from /home/airflow/.local/lib/python3.8/site-packages/airflow/example_dags/example_params_ui_tutorial.py
[2024-07-26T12:58:26.979+0000] {processor.py:840} INFO - DAG(s) 'example_params_ui_tutorial' retrieved from /home/airflow/.local/lib/python3.8/site-packages/airflow/example_dags/example_params_ui_tutorial.py
[2024-07-26T12:58:27.050+0000] {logging_mixin.py:188} INFO - [2024-07-26T12:58:27.050+0000] {dag.py:3036} INFO - Sync 1 DAGs
[2024-07-26T12:58:27.064+0000] {logging_mixin.py:188} INFO - [2024-07-26T12:58:27.063+0000] {dag.py:3823} INFO - Setting next_dagrun for example_params_ui_tutorial to None, run_after=None
[2024-07-26T12:58:27.088+0000] {processor.py:183} INFO - Processing /home/airflow/.local/lib/python3.8/site-packages/airflow/example_dags/example_params_ui_tutorial.py took 0.129 seconds
[2024-07-26T12:58:57.169+0000] {processor.py:161} INFO - Started process (PID=1257) to work on /home/airflow/.local/lib/python3.8/site-packages/airflow/example_dags/example_params_ui_tutorial.py
[2024-07-26T12:58:57.170+0000] {processor.py:830} INFO - Processing file /home/airflow/.local/lib/python3.8/site-packages/airflow/example_dags/example_params_ui_tutorial.py for tasks to queue
[2024-07-26T12:58:57.172+0000] {logging_mixin.py:188} INFO - [2024-07-26T12:58:57.172+0000] {dagbag.py:538} INFO - Filling up the DagBag from /home/airflow/.local/lib/python3.8/site-packages/airflow/example_dags/example_params_ui_tutorial.py
[2024-07-26T12:58:57.184+0000] {processor.py:840} INFO - DAG(s) 'example_params_ui_tutorial' retrieved from /home/airflow/.local/lib/python3.8/site-packages/airflow/example_dags/example_params_ui_tutorial.py
[2024-07-26T12:58:57.253+0000] {logging_mixin.py:188} INFO - [2024-07-26T12:58:57.253+0000] {dag.py:3036} INFO - Sync 1 DAGs
[2024-07-26T12:58:57.265+0000] {logging_mixin.py:188} INFO - [2024-07-26T12:58:57.265+0000] {dag.py:3823} INFO - Setting next_dagrun for example_params_ui_tutorial to None, run_after=None
[2024-07-26T12:58:57.287+0000] {processor.py:183} INFO - Processing /home/airflow/.local/lib/python3.8/site-packages/airflow/example_dags/example_params_ui_tutorial.py took 0.121 seconds
