[2024-07-26T12:15:29.298+0000] {processor.py:161} INFO - Started process (PID=122) to work on /home/airflow/.local/lib/python3.8/site-packages/airflow/example_dags/example_local_kubernetes_executor.py
[2024-07-26T12:15:29.299+0000] {processor.py:830} INFO - Processing file /home/airflow/.local/lib/python3.8/site-packages/airflow/example_dags/example_local_kubernetes_executor.py for tasks to queue
[2024-07-26T12:15:29.301+0000] {logging_mixin.py:188} INFO - [2024-07-26T12:15:29.301+0000] {dagbag.py:538} INFO - Filling up the DagBag from /home/airflow/.local/lib/python3.8/site-packages/airflow/example_dags/example_local_kubernetes_executor.py
[2024-07-26T12:15:29.316+0000] {processor.py:840} INFO - DAG(s) 'example_local_kubernetes_executor' retrieved from /home/airflow/.local/lib/python3.8/site-packages/airflow/example_dags/example_local_kubernetes_executor.py
[2024-07-26T12:15:29.446+0000] {logging_mixin.py:188} INFO - [2024-07-26T12:15:29.446+0000] {dag.py:3036} INFO - Sync 1 DAGs
[2024-07-26T12:15:29.458+0000] {logging_mixin.py:188} INFO - [2024-07-26T12:15:29.458+0000] {dag.py:3823} INFO - Setting next_dagrun for example_local_kubernetes_executor to None, run_after=None
[2024-07-26T12:15:29.479+0000] {processor.py:183} INFO - Processing /home/airflow/.local/lib/python3.8/site-packages/airflow/example_dags/example_local_kubernetes_executor.py took 0.184 seconds
[2024-07-26T12:15:59.567+0000] {processor.py:161} INFO - Started process (PID=186) to work on /home/airflow/.local/lib/python3.8/site-packages/airflow/example_dags/example_local_kubernetes_executor.py
[2024-07-26T12:15:59.569+0000] {processor.py:830} INFO - Processing file /home/airflow/.local/lib/python3.8/site-packages/airflow/example_dags/example_local_kubernetes_executor.py for tasks to queue
[2024-07-26T12:15:59.571+0000] {logging_mixin.py:188} INFO - [2024-07-26T12:15:59.571+0000] {dagbag.py:538} INFO - Filling up the DagBag from /home/airflow/.local/lib/python3.8/site-packages/airflow/example_dags/example_local_kubernetes_executor.py
[2024-07-26T12:15:59.582+0000] {processor.py:840} INFO - DAG(s) 'example_local_kubernetes_executor' retrieved from /home/airflow/.local/lib/python3.8/site-packages/airflow/example_dags/example_local_kubernetes_executor.py
[2024-07-26T12:15:59.628+0000] {logging_mixin.py:188} INFO - [2024-07-26T12:15:59.628+0000] {dag.py:3036} INFO - Sync 1 DAGs
[2024-07-26T12:15:59.643+0000] {logging_mixin.py:188} INFO - [2024-07-26T12:15:59.643+0000] {dag.py:3823} INFO - Setting next_dagrun for example_local_kubernetes_executor to None, run_after=None
[2024-07-26T12:15:59.667+0000] {processor.py:183} INFO - Processing /home/airflow/.local/lib/python3.8/site-packages/airflow/example_dags/example_local_kubernetes_executor.py took 0.103 seconds
[2024-07-26T12:16:29.980+0000] {processor.py:161} INFO - Started process (PID=250) to work on /home/airflow/.local/lib/python3.8/site-packages/airflow/example_dags/example_local_kubernetes_executor.py
[2024-07-26T12:16:29.981+0000] {processor.py:830} INFO - Processing file /home/airflow/.local/lib/python3.8/site-packages/airflow/example_dags/example_local_kubernetes_executor.py for tasks to queue
[2024-07-26T12:16:29.983+0000] {logging_mixin.py:188} INFO - [2024-07-26T12:16:29.983+0000] {dagbag.py:538} INFO - Filling up the DagBag from /home/airflow/.local/lib/python3.8/site-packages/airflow/example_dags/example_local_kubernetes_executor.py
[2024-07-26T12:16:29.992+0000] {processor.py:840} INFO - DAG(s) 'example_local_kubernetes_executor' retrieved from /home/airflow/.local/lib/python3.8/site-packages/airflow/example_dags/example_local_kubernetes_executor.py
[2024-07-26T12:16:30.032+0000] {logging_mixin.py:188} INFO - [2024-07-26T12:16:30.031+0000] {dag.py:3036} INFO - Sync 1 DAGs
[2024-07-26T12:16:30.046+0000] {logging_mixin.py:188} INFO - [2024-07-26T12:16:30.046+0000] {dag.py:3823} INFO - Setting next_dagrun for example_local_kubernetes_executor to None, run_after=None
[2024-07-26T12:16:30.067+0000] {processor.py:183} INFO - Processing /home/airflow/.local/lib/python3.8/site-packages/airflow/example_dags/example_local_kubernetes_executor.py took 0.090 seconds
[2024-07-26T12:17:00.724+0000] {processor.py:161} INFO - Started process (PID=314) to work on /home/airflow/.local/lib/python3.8/site-packages/airflow/example_dags/example_local_kubernetes_executor.py
[2024-07-26T12:17:00.725+0000] {processor.py:830} INFO - Processing file /home/airflow/.local/lib/python3.8/site-packages/airflow/example_dags/example_local_kubernetes_executor.py for tasks to queue
[2024-07-26T12:17:00.727+0000] {logging_mixin.py:188} INFO - [2024-07-26T12:17:00.727+0000] {dagbag.py:538} INFO - Filling up the DagBag from /home/airflow/.local/lib/python3.8/site-packages/airflow/example_dags/example_local_kubernetes_executor.py
[2024-07-26T12:17:00.735+0000] {processor.py:840} INFO - DAG(s) 'example_local_kubernetes_executor' retrieved from /home/airflow/.local/lib/python3.8/site-packages/airflow/example_dags/example_local_kubernetes_executor.py
[2024-07-26T12:17:00.778+0000] {logging_mixin.py:188} INFO - [2024-07-26T12:17:00.777+0000] {dag.py:3036} INFO - Sync 1 DAGs
[2024-07-26T12:17:00.794+0000] {logging_mixin.py:188} INFO - [2024-07-26T12:17:00.794+0000] {dag.py:3823} INFO - Setting next_dagrun for example_local_kubernetes_executor to None, run_after=None
[2024-07-26T12:17:00.814+0000] {processor.py:183} INFO - Processing /home/airflow/.local/lib/python3.8/site-packages/airflow/example_dags/example_local_kubernetes_executor.py took 0.093 seconds
[2024-07-26T12:17:32.128+0000] {processor.py:161} INFO - Started process (PID=378) to work on /home/airflow/.local/lib/python3.8/site-packages/airflow/example_dags/example_local_kubernetes_executor.py
[2024-07-26T12:17:32.129+0000] {processor.py:830} INFO - Processing file /home/airflow/.local/lib/python3.8/site-packages/airflow/example_dags/example_local_kubernetes_executor.py for tasks to queue
[2024-07-26T12:17:32.131+0000] {logging_mixin.py:188} INFO - [2024-07-26T12:17:32.131+0000] {dagbag.py:538} INFO - Filling up the DagBag from /home/airflow/.local/lib/python3.8/site-packages/airflow/example_dags/example_local_kubernetes_executor.py
[2024-07-26T12:17:32.139+0000] {processor.py:840} INFO - DAG(s) 'example_local_kubernetes_executor' retrieved from /home/airflow/.local/lib/python3.8/site-packages/airflow/example_dags/example_local_kubernetes_executor.py
[2024-07-26T12:17:32.177+0000] {logging_mixin.py:188} INFO - [2024-07-26T12:17:32.176+0000] {dag.py:3036} INFO - Sync 1 DAGs
[2024-07-26T12:17:32.193+0000] {logging_mixin.py:188} INFO - [2024-07-26T12:17:32.192+0000] {dag.py:3823} INFO - Setting next_dagrun for example_local_kubernetes_executor to None, run_after=None
[2024-07-26T12:17:32.215+0000] {processor.py:183} INFO - Processing /home/airflow/.local/lib/python3.8/site-packages/airflow/example_dags/example_local_kubernetes_executor.py took 0.091 seconds
[2024-07-26T12:18:03.293+0000] {processor.py:161} INFO - Started process (PID=442) to work on /home/airflow/.local/lib/python3.8/site-packages/airflow/example_dags/example_local_kubernetes_executor.py
[2024-07-26T12:18:03.295+0000] {processor.py:830} INFO - Processing file /home/airflow/.local/lib/python3.8/site-packages/airflow/example_dags/example_local_kubernetes_executor.py for tasks to queue
[2024-07-26T12:18:03.297+0000] {logging_mixin.py:188} INFO - [2024-07-26T12:18:03.296+0000] {dagbag.py:538} INFO - Filling up the DagBag from /home/airflow/.local/lib/python3.8/site-packages/airflow/example_dags/example_local_kubernetes_executor.py
[2024-07-26T12:18:03.304+0000] {processor.py:840} INFO - DAG(s) 'example_local_kubernetes_executor' retrieved from /home/airflow/.local/lib/python3.8/site-packages/airflow/example_dags/example_local_kubernetes_executor.py
[2024-07-26T12:18:03.346+0000] {logging_mixin.py:188} INFO - [2024-07-26T12:18:03.345+0000] {dag.py:3036} INFO - Sync 1 DAGs
[2024-07-26T12:18:03.362+0000] {logging_mixin.py:188} INFO - [2024-07-26T12:18:03.362+0000] {dag.py:3823} INFO - Setting next_dagrun for example_local_kubernetes_executor to None, run_after=None
[2024-07-26T12:18:03.390+0000] {processor.py:183} INFO - Processing /home/airflow/.local/lib/python3.8/site-packages/airflow/example_dags/example_local_kubernetes_executor.py took 0.101 seconds
[2024-07-26T12:18:34.316+0000] {processor.py:161} INFO - Started process (PID=506) to work on /home/airflow/.local/lib/python3.8/site-packages/airflow/example_dags/example_local_kubernetes_executor.py
[2024-07-26T12:18:34.317+0000] {processor.py:830} INFO - Processing file /home/airflow/.local/lib/python3.8/site-packages/airflow/example_dags/example_local_kubernetes_executor.py for tasks to queue
[2024-07-26T12:18:34.319+0000] {logging_mixin.py:188} INFO - [2024-07-26T12:18:34.319+0000] {dagbag.py:538} INFO - Filling up the DagBag from /home/airflow/.local/lib/python3.8/site-packages/airflow/example_dags/example_local_kubernetes_executor.py
[2024-07-26T12:18:34.327+0000] {processor.py:840} INFO - DAG(s) 'example_local_kubernetes_executor' retrieved from /home/airflow/.local/lib/python3.8/site-packages/airflow/example_dags/example_local_kubernetes_executor.py
[2024-07-26T12:18:34.367+0000] {logging_mixin.py:188} INFO - [2024-07-26T12:18:34.366+0000] {dag.py:3036} INFO - Sync 1 DAGs
[2024-07-26T12:18:34.381+0000] {logging_mixin.py:188} INFO - [2024-07-26T12:18:34.381+0000] {dag.py:3823} INFO - Setting next_dagrun for example_local_kubernetes_executor to None, run_after=None
[2024-07-26T12:18:34.405+0000] {processor.py:183} INFO - Processing /home/airflow/.local/lib/python3.8/site-packages/airflow/example_dags/example_local_kubernetes_executor.py took 0.092 seconds
[2024-07-26T12:19:04.904+0000] {processor.py:161} INFO - Started process (PID=563) to work on /home/airflow/.local/lib/python3.8/site-packages/airflow/example_dags/example_local_kubernetes_executor.py
[2024-07-26T12:19:04.905+0000] {processor.py:830} INFO - Processing file /home/airflow/.local/lib/python3.8/site-packages/airflow/example_dags/example_local_kubernetes_executor.py for tasks to queue
[2024-07-26T12:19:04.907+0000] {logging_mixin.py:188} INFO - [2024-07-26T12:19:04.907+0000] {dagbag.py:538} INFO - Filling up the DagBag from /home/airflow/.local/lib/python3.8/site-packages/airflow/example_dags/example_local_kubernetes_executor.py
[2024-07-26T12:19:04.915+0000] {processor.py:840} INFO - DAG(s) 'example_local_kubernetes_executor' retrieved from /home/airflow/.local/lib/python3.8/site-packages/airflow/example_dags/example_local_kubernetes_executor.py
[2024-07-26T12:19:04.958+0000] {logging_mixin.py:188} INFO - [2024-07-26T12:19:04.958+0000] {dag.py:3036} INFO - Sync 1 DAGs
[2024-07-26T12:19:04.975+0000] {logging_mixin.py:188} INFO - [2024-07-26T12:19:04.974+0000] {dag.py:3823} INFO - Setting next_dagrun for example_local_kubernetes_executor to None, run_after=None
[2024-07-26T12:19:05.003+0000] {processor.py:183} INFO - Processing /home/airflow/.local/lib/python3.8/site-packages/airflow/example_dags/example_local_kubernetes_executor.py took 0.102 seconds
[2024-07-26T12:19:35.234+0000] {processor.py:161} INFO - Started process (PID=626) to work on /home/airflow/.local/lib/python3.8/site-packages/airflow/example_dags/example_local_kubernetes_executor.py
[2024-07-26T12:19:35.235+0000] {processor.py:830} INFO - Processing file /home/airflow/.local/lib/python3.8/site-packages/airflow/example_dags/example_local_kubernetes_executor.py for tasks to queue
[2024-07-26T12:19:35.236+0000] {logging_mixin.py:188} INFO - [2024-07-26T12:19:35.236+0000] {dagbag.py:538} INFO - Filling up the DagBag from /home/airflow/.local/lib/python3.8/site-packages/airflow/example_dags/example_local_kubernetes_executor.py
[2024-07-26T12:19:35.246+0000] {processor.py:840} INFO - DAG(s) 'example_local_kubernetes_executor' retrieved from /home/airflow/.local/lib/python3.8/site-packages/airflow/example_dags/example_local_kubernetes_executor.py
[2024-07-26T12:19:35.286+0000] {logging_mixin.py:188} INFO - [2024-07-26T12:19:35.286+0000] {dag.py:3036} INFO - Sync 1 DAGs
[2024-07-26T12:19:35.305+0000] {logging_mixin.py:188} INFO - [2024-07-26T12:19:35.305+0000] {dag.py:3823} INFO - Setting next_dagrun for example_local_kubernetes_executor to None, run_after=None
[2024-07-26T12:19:35.339+0000] {processor.py:183} INFO - Processing /home/airflow/.local/lib/python3.8/site-packages/airflow/example_dags/example_local_kubernetes_executor.py took 0.109 seconds
[2024-07-26T12:28:19.703+0000] {processor.py:161} INFO - Started process (PID=124) to work on /home/airflow/.local/lib/python3.8/site-packages/airflow/example_dags/example_local_kubernetes_executor.py
[2024-07-26T12:28:19.704+0000] {processor.py:830} INFO - Processing file /home/airflow/.local/lib/python3.8/site-packages/airflow/example_dags/example_local_kubernetes_executor.py for tasks to queue
[2024-07-26T12:28:19.706+0000] {logging_mixin.py:188} INFO - [2024-07-26T12:28:19.705+0000] {dagbag.py:538} INFO - Filling up the DagBag from /home/airflow/.local/lib/python3.8/site-packages/airflow/example_dags/example_local_kubernetes_executor.py
[2024-07-26T12:28:19.720+0000] {processor.py:840} INFO - DAG(s) 'example_local_kubernetes_executor' retrieved from /home/airflow/.local/lib/python3.8/site-packages/airflow/example_dags/example_local_kubernetes_executor.py
[2024-07-26T12:28:19.863+0000] {logging_mixin.py:188} INFO - [2024-07-26T12:28:19.863+0000] {dag.py:3036} INFO - Sync 1 DAGs
[2024-07-26T12:28:19.879+0000] {logging_mixin.py:188} INFO - [2024-07-26T12:28:19.879+0000] {dag.py:3823} INFO - Setting next_dagrun for example_local_kubernetes_executor to None, run_after=None
[2024-07-26T12:28:19.904+0000] {processor.py:183} INFO - Processing /home/airflow/.local/lib/python3.8/site-packages/airflow/example_dags/example_local_kubernetes_executor.py took 0.205 seconds
[2024-07-26T12:28:50.693+0000] {processor.py:161} INFO - Started process (PID=187) to work on /home/airflow/.local/lib/python3.8/site-packages/airflow/example_dags/example_local_kubernetes_executor.py
[2024-07-26T12:28:50.695+0000] {processor.py:830} INFO - Processing file /home/airflow/.local/lib/python3.8/site-packages/airflow/example_dags/example_local_kubernetes_executor.py for tasks to queue
[2024-07-26T12:28:50.697+0000] {logging_mixin.py:188} INFO - [2024-07-26T12:28:50.697+0000] {dagbag.py:538} INFO - Filling up the DagBag from /home/airflow/.local/lib/python3.8/site-packages/airflow/example_dags/example_local_kubernetes_executor.py
[2024-07-26T12:28:50.718+0000] {processor.py:840} INFO - DAG(s) 'example_local_kubernetes_executor' retrieved from /home/airflow/.local/lib/python3.8/site-packages/airflow/example_dags/example_local_kubernetes_executor.py
[2024-07-26T12:28:50.764+0000] {logging_mixin.py:188} INFO - [2024-07-26T12:28:50.764+0000] {dag.py:3036} INFO - Sync 1 DAGs
[2024-07-26T12:28:50.783+0000] {logging_mixin.py:188} INFO - [2024-07-26T12:28:50.782+0000] {dag.py:3823} INFO - Setting next_dagrun for example_local_kubernetes_executor to None, run_after=None
[2024-07-26T12:28:50.811+0000] {processor.py:183} INFO - Processing /home/airflow/.local/lib/python3.8/site-packages/airflow/example_dags/example_local_kubernetes_executor.py took 0.121 seconds
[2024-07-26T12:29:20.875+0000] {processor.py:161} INFO - Started process (PID=251) to work on /home/airflow/.local/lib/python3.8/site-packages/airflow/example_dags/example_local_kubernetes_executor.py
[2024-07-26T12:29:20.876+0000] {processor.py:830} INFO - Processing file /home/airflow/.local/lib/python3.8/site-packages/airflow/example_dags/example_local_kubernetes_executor.py for tasks to queue
[2024-07-26T12:29:20.878+0000] {logging_mixin.py:188} INFO - [2024-07-26T12:29:20.878+0000] {dagbag.py:538} INFO - Filling up the DagBag from /home/airflow/.local/lib/python3.8/site-packages/airflow/example_dags/example_local_kubernetes_executor.py
[2024-07-26T12:29:20.887+0000] {processor.py:840} INFO - DAG(s) 'example_local_kubernetes_executor' retrieved from /home/airflow/.local/lib/python3.8/site-packages/airflow/example_dags/example_local_kubernetes_executor.py
[2024-07-26T12:29:20.925+0000] {logging_mixin.py:188} INFO - [2024-07-26T12:29:20.925+0000] {dag.py:3036} INFO - Sync 1 DAGs
[2024-07-26T12:29:20.940+0000] {logging_mixin.py:188} INFO - [2024-07-26T12:29:20.940+0000] {dag.py:3823} INFO - Setting next_dagrun for example_local_kubernetes_executor to None, run_after=None
[2024-07-26T12:29:20.966+0000] {processor.py:183} INFO - Processing /home/airflow/.local/lib/python3.8/site-packages/airflow/example_dags/example_local_kubernetes_executor.py took 0.094 seconds
[2024-07-26T12:29:52.475+0000] {processor.py:161} INFO - Started process (PID=315) to work on /home/airflow/.local/lib/python3.8/site-packages/airflow/example_dags/example_local_kubernetes_executor.py
[2024-07-26T12:29:52.476+0000] {processor.py:830} INFO - Processing file /home/airflow/.local/lib/python3.8/site-packages/airflow/example_dags/example_local_kubernetes_executor.py for tasks to queue
[2024-07-26T12:29:52.478+0000] {logging_mixin.py:188} INFO - [2024-07-26T12:29:52.477+0000] {dagbag.py:538} INFO - Filling up the DagBag from /home/airflow/.local/lib/python3.8/site-packages/airflow/example_dags/example_local_kubernetes_executor.py
[2024-07-26T12:29:52.486+0000] {processor.py:840} INFO - DAG(s) 'example_local_kubernetes_executor' retrieved from /home/airflow/.local/lib/python3.8/site-packages/airflow/example_dags/example_local_kubernetes_executor.py
[2024-07-26T12:29:52.523+0000] {logging_mixin.py:188} INFO - [2024-07-26T12:29:52.522+0000] {dag.py:3036} INFO - Sync 1 DAGs
[2024-07-26T12:29:52.536+0000] {logging_mixin.py:188} INFO - [2024-07-26T12:29:52.536+0000] {dag.py:3823} INFO - Setting next_dagrun for example_local_kubernetes_executor to None, run_after=None
[2024-07-26T12:29:52.556+0000] {processor.py:183} INFO - Processing /home/airflow/.local/lib/python3.8/site-packages/airflow/example_dags/example_local_kubernetes_executor.py took 0.084 seconds
[2024-07-26T12:30:23.088+0000] {processor.py:161} INFO - Started process (PID=379) to work on /home/airflow/.local/lib/python3.8/site-packages/airflow/example_dags/example_local_kubernetes_executor.py
[2024-07-26T12:30:23.089+0000] {processor.py:830} INFO - Processing file /home/airflow/.local/lib/python3.8/site-packages/airflow/example_dags/example_local_kubernetes_executor.py for tasks to queue
[2024-07-26T12:30:23.092+0000] {logging_mixin.py:188} INFO - [2024-07-26T12:30:23.092+0000] {dagbag.py:538} INFO - Filling up the DagBag from /home/airflow/.local/lib/python3.8/site-packages/airflow/example_dags/example_local_kubernetes_executor.py
[2024-07-26T12:30:23.103+0000] {processor.py:840} INFO - DAG(s) 'example_local_kubernetes_executor' retrieved from /home/airflow/.local/lib/python3.8/site-packages/airflow/example_dags/example_local_kubernetes_executor.py
[2024-07-26T12:30:23.166+0000] {logging_mixin.py:188} INFO - [2024-07-26T12:30:23.165+0000] {dag.py:3036} INFO - Sync 1 DAGs
[2024-07-26T12:30:23.187+0000] {logging_mixin.py:188} INFO - [2024-07-26T12:30:23.186+0000] {dag.py:3823} INFO - Setting next_dagrun for example_local_kubernetes_executor to None, run_after=None
[2024-07-26T12:30:23.209+0000] {processor.py:183} INFO - Processing /home/airflow/.local/lib/python3.8/site-packages/airflow/example_dags/example_local_kubernetes_executor.py took 0.125 seconds
[2024-07-26T12:30:53.574+0000] {processor.py:161} INFO - Started process (PID=434) to work on /home/airflow/.local/lib/python3.8/site-packages/airflow/example_dags/example_local_kubernetes_executor.py
[2024-07-26T12:30:53.575+0000] {processor.py:830} INFO - Processing file /home/airflow/.local/lib/python3.8/site-packages/airflow/example_dags/example_local_kubernetes_executor.py for tasks to queue
[2024-07-26T12:30:53.577+0000] {logging_mixin.py:188} INFO - [2024-07-26T12:30:53.577+0000] {dagbag.py:538} INFO - Filling up the DagBag from /home/airflow/.local/lib/python3.8/site-packages/airflow/example_dags/example_local_kubernetes_executor.py
[2024-07-26T12:30:53.585+0000] {processor.py:840} INFO - DAG(s) 'example_local_kubernetes_executor' retrieved from /home/airflow/.local/lib/python3.8/site-packages/airflow/example_dags/example_local_kubernetes_executor.py
[2024-07-26T12:30:53.624+0000] {logging_mixin.py:188} INFO - [2024-07-26T12:30:53.624+0000] {dag.py:3036} INFO - Sync 1 DAGs
[2024-07-26T12:30:53.639+0000] {logging_mixin.py:188} INFO - [2024-07-26T12:30:53.638+0000] {dag.py:3823} INFO - Setting next_dagrun for example_local_kubernetes_executor to None, run_after=None
[2024-07-26T12:30:53.661+0000] {processor.py:183} INFO - Processing /home/airflow/.local/lib/python3.8/site-packages/airflow/example_dags/example_local_kubernetes_executor.py took 0.090 seconds
[2024-07-26T12:31:23.766+0000] {processor.py:161} INFO - Started process (PID=498) to work on /home/airflow/.local/lib/python3.8/site-packages/airflow/example_dags/example_local_kubernetes_executor.py
[2024-07-26T12:31:23.767+0000] {processor.py:830} INFO - Processing file /home/airflow/.local/lib/python3.8/site-packages/airflow/example_dags/example_local_kubernetes_executor.py for tasks to queue
[2024-07-26T12:31:23.769+0000] {logging_mixin.py:188} INFO - [2024-07-26T12:31:23.769+0000] {dagbag.py:538} INFO - Filling up the DagBag from /home/airflow/.local/lib/python3.8/site-packages/airflow/example_dags/example_local_kubernetes_executor.py
[2024-07-26T12:31:23.776+0000] {processor.py:840} INFO - DAG(s) 'example_local_kubernetes_executor' retrieved from /home/airflow/.local/lib/python3.8/site-packages/airflow/example_dags/example_local_kubernetes_executor.py
[2024-07-26T12:31:23.816+0000] {logging_mixin.py:188} INFO - [2024-07-26T12:31:23.815+0000] {dag.py:3036} INFO - Sync 1 DAGs
[2024-07-26T12:31:23.829+0000] {logging_mixin.py:188} INFO - [2024-07-26T12:31:23.829+0000] {dag.py:3823} INFO - Setting next_dagrun for example_local_kubernetes_executor to None, run_after=None
[2024-07-26T12:31:23.850+0000] {processor.py:183} INFO - Processing /home/airflow/.local/lib/python3.8/site-packages/airflow/example_dags/example_local_kubernetes_executor.py took 0.088 seconds
[2024-07-26T12:31:53.967+0000] {processor.py:161} INFO - Started process (PID=562) to work on /home/airflow/.local/lib/python3.8/site-packages/airflow/example_dags/example_local_kubernetes_executor.py
[2024-07-26T12:31:53.969+0000] {processor.py:830} INFO - Processing file /home/airflow/.local/lib/python3.8/site-packages/airflow/example_dags/example_local_kubernetes_executor.py for tasks to queue
[2024-07-26T12:31:53.971+0000] {logging_mixin.py:188} INFO - [2024-07-26T12:31:53.971+0000] {dagbag.py:538} INFO - Filling up the DagBag from /home/airflow/.local/lib/python3.8/site-packages/airflow/example_dags/example_local_kubernetes_executor.py
[2024-07-26T12:31:53.980+0000] {processor.py:840} INFO - DAG(s) 'example_local_kubernetes_executor' retrieved from /home/airflow/.local/lib/python3.8/site-packages/airflow/example_dags/example_local_kubernetes_executor.py
[2024-07-26T12:31:54.018+0000] {logging_mixin.py:188} INFO - [2024-07-26T12:31:54.018+0000] {dag.py:3036} INFO - Sync 1 DAGs
[2024-07-26T12:31:54.032+0000] {logging_mixin.py:188} INFO - [2024-07-26T12:31:54.031+0000] {dag.py:3823} INFO - Setting next_dagrun for example_local_kubernetes_executor to None, run_after=None
[2024-07-26T12:31:54.051+0000] {processor.py:183} INFO - Processing /home/airflow/.local/lib/python3.8/site-packages/airflow/example_dags/example_local_kubernetes_executor.py took 0.087 seconds
[2024-07-26T12:32:24.698+0000] {processor.py:161} INFO - Started process (PID=626) to work on /home/airflow/.local/lib/python3.8/site-packages/airflow/example_dags/example_local_kubernetes_executor.py
[2024-07-26T12:32:24.699+0000] {processor.py:830} INFO - Processing file /home/airflow/.local/lib/python3.8/site-packages/airflow/example_dags/example_local_kubernetes_executor.py for tasks to queue
[2024-07-26T12:32:24.702+0000] {logging_mixin.py:188} INFO - [2024-07-26T12:32:24.701+0000] {dagbag.py:538} INFO - Filling up the DagBag from /home/airflow/.local/lib/python3.8/site-packages/airflow/example_dags/example_local_kubernetes_executor.py
[2024-07-26T12:32:24.711+0000] {processor.py:840} INFO - DAG(s) 'example_local_kubernetes_executor' retrieved from /home/airflow/.local/lib/python3.8/site-packages/airflow/example_dags/example_local_kubernetes_executor.py
[2024-07-26T12:32:24.766+0000] {logging_mixin.py:188} INFO - [2024-07-26T12:32:24.765+0000] {dag.py:3036} INFO - Sync 1 DAGs
[2024-07-26T12:32:24.787+0000] {logging_mixin.py:188} INFO - [2024-07-26T12:32:24.786+0000] {dag.py:3823} INFO - Setting next_dagrun for example_local_kubernetes_executor to None, run_after=None
[2024-07-26T12:32:24.819+0000] {processor.py:183} INFO - Processing /home/airflow/.local/lib/python3.8/site-packages/airflow/example_dags/example_local_kubernetes_executor.py took 0.124 seconds
[2024-07-26T12:32:55.660+0000] {processor.py:161} INFO - Started process (PID=690) to work on /home/airflow/.local/lib/python3.8/site-packages/airflow/example_dags/example_local_kubernetes_executor.py
[2024-07-26T12:32:55.666+0000] {processor.py:830} INFO - Processing file /home/airflow/.local/lib/python3.8/site-packages/airflow/example_dags/example_local_kubernetes_executor.py for tasks to queue
[2024-07-26T12:32:55.669+0000] {logging_mixin.py:188} INFO - [2024-07-26T12:32:55.668+0000] {dagbag.py:538} INFO - Filling up the DagBag from /home/airflow/.local/lib/python3.8/site-packages/airflow/example_dags/example_local_kubernetes_executor.py
[2024-07-26T12:32:55.695+0000] {processor.py:840} INFO - DAG(s) 'example_local_kubernetes_executor' retrieved from /home/airflow/.local/lib/python3.8/site-packages/airflow/example_dags/example_local_kubernetes_executor.py
[2024-07-26T12:32:55.746+0000] {logging_mixin.py:188} INFO - [2024-07-26T12:32:55.746+0000] {dag.py:3036} INFO - Sync 1 DAGs
[2024-07-26T12:32:55.762+0000] {logging_mixin.py:188} INFO - [2024-07-26T12:32:55.762+0000] {dag.py:3823} INFO - Setting next_dagrun for example_local_kubernetes_executor to None, run_after=None
[2024-07-26T12:32:55.797+0000] {processor.py:183} INFO - Processing /home/airflow/.local/lib/python3.8/site-packages/airflow/example_dags/example_local_kubernetes_executor.py took 0.142 seconds
[2024-07-26T12:33:26.190+0000] {processor.py:161} INFO - Started process (PID=755) to work on /home/airflow/.local/lib/python3.8/site-packages/airflow/example_dags/example_local_kubernetes_executor.py
[2024-07-26T12:33:26.191+0000] {processor.py:830} INFO - Processing file /home/airflow/.local/lib/python3.8/site-packages/airflow/example_dags/example_local_kubernetes_executor.py for tasks to queue
[2024-07-26T12:33:26.193+0000] {logging_mixin.py:188} INFO - [2024-07-26T12:33:26.193+0000] {dagbag.py:538} INFO - Filling up the DagBag from /home/airflow/.local/lib/python3.8/site-packages/airflow/example_dags/example_local_kubernetes_executor.py
[2024-07-26T12:33:26.202+0000] {processor.py:840} INFO - DAG(s) 'example_local_kubernetes_executor' retrieved from /home/airflow/.local/lib/python3.8/site-packages/airflow/example_dags/example_local_kubernetes_executor.py
[2024-07-26T12:33:26.238+0000] {logging_mixin.py:188} INFO - [2024-07-26T12:33:26.237+0000] {dag.py:3036} INFO - Sync 1 DAGs
[2024-07-26T12:33:26.250+0000] {logging_mixin.py:188} INFO - [2024-07-26T12:33:26.249+0000] {dag.py:3823} INFO - Setting next_dagrun for example_local_kubernetes_executor to None, run_after=None
[2024-07-26T12:33:26.267+0000] {processor.py:183} INFO - Processing /home/airflow/.local/lib/python3.8/site-packages/airflow/example_dags/example_local_kubernetes_executor.py took 0.080 seconds
[2024-07-26T12:33:56.803+0000] {processor.py:161} INFO - Started process (PID=819) to work on /home/airflow/.local/lib/python3.8/site-packages/airflow/example_dags/example_local_kubernetes_executor.py
[2024-07-26T12:33:56.805+0000] {processor.py:830} INFO - Processing file /home/airflow/.local/lib/python3.8/site-packages/airflow/example_dags/example_local_kubernetes_executor.py for tasks to queue
[2024-07-26T12:33:56.808+0000] {logging_mixin.py:188} INFO - [2024-07-26T12:33:56.807+0000] {dagbag.py:538} INFO - Filling up the DagBag from /home/airflow/.local/lib/python3.8/site-packages/airflow/example_dags/example_local_kubernetes_executor.py
[2024-07-26T12:33:56.817+0000] {processor.py:840} INFO - DAG(s) 'example_local_kubernetes_executor' retrieved from /home/airflow/.local/lib/python3.8/site-packages/airflow/example_dags/example_local_kubernetes_executor.py
[2024-07-26T12:33:56.864+0000] {logging_mixin.py:188} INFO - [2024-07-26T12:33:56.863+0000] {dag.py:3036} INFO - Sync 1 DAGs
[2024-07-26T12:33:56.877+0000] {logging_mixin.py:188} INFO - [2024-07-26T12:33:56.877+0000] {dag.py:3823} INFO - Setting next_dagrun for example_local_kubernetes_executor to None, run_after=None
[2024-07-26T12:33:56.897+0000] {processor.py:183} INFO - Processing /home/airflow/.local/lib/python3.8/site-packages/airflow/example_dags/example_local_kubernetes_executor.py took 0.098 seconds
[2024-07-26T12:34:27.036+0000] {processor.py:161} INFO - Started process (PID=883) to work on /home/airflow/.local/lib/python3.8/site-packages/airflow/example_dags/example_local_kubernetes_executor.py
[2024-07-26T12:34:27.037+0000] {processor.py:830} INFO - Processing file /home/airflow/.local/lib/python3.8/site-packages/airflow/example_dags/example_local_kubernetes_executor.py for tasks to queue
[2024-07-26T12:34:27.039+0000] {logging_mixin.py:188} INFO - [2024-07-26T12:34:27.039+0000] {dagbag.py:538} INFO - Filling up the DagBag from /home/airflow/.local/lib/python3.8/site-packages/airflow/example_dags/example_local_kubernetes_executor.py
[2024-07-26T12:34:27.047+0000] {processor.py:840} INFO - DAG(s) 'example_local_kubernetes_executor' retrieved from /home/airflow/.local/lib/python3.8/site-packages/airflow/example_dags/example_local_kubernetes_executor.py
[2024-07-26T12:34:27.089+0000] {logging_mixin.py:188} INFO - [2024-07-26T12:34:27.089+0000] {dag.py:3036} INFO - Sync 1 DAGs
[2024-07-26T12:34:27.103+0000] {logging_mixin.py:188} INFO - [2024-07-26T12:34:27.102+0000] {dag.py:3823} INFO - Setting next_dagrun for example_local_kubernetes_executor to None, run_after=None
[2024-07-26T12:34:27.121+0000] {processor.py:183} INFO - Processing /home/airflow/.local/lib/python3.8/site-packages/airflow/example_dags/example_local_kubernetes_executor.py took 0.088 seconds
[2024-07-26T12:34:57.795+0000] {processor.py:161} INFO - Started process (PID=947) to work on /home/airflow/.local/lib/python3.8/site-packages/airflow/example_dags/example_local_kubernetes_executor.py
[2024-07-26T12:34:57.797+0000] {processor.py:830} INFO - Processing file /home/airflow/.local/lib/python3.8/site-packages/airflow/example_dags/example_local_kubernetes_executor.py for tasks to queue
[2024-07-26T12:34:57.798+0000] {logging_mixin.py:188} INFO - [2024-07-26T12:34:57.798+0000] {dagbag.py:538} INFO - Filling up the DagBag from /home/airflow/.local/lib/python3.8/site-packages/airflow/example_dags/example_local_kubernetes_executor.py
[2024-07-26T12:34:57.807+0000] {processor.py:840} INFO - DAG(s) 'example_local_kubernetes_executor' retrieved from /home/airflow/.local/lib/python3.8/site-packages/airflow/example_dags/example_local_kubernetes_executor.py
[2024-07-26T12:34:57.846+0000] {logging_mixin.py:188} INFO - [2024-07-26T12:34:57.846+0000] {dag.py:3036} INFO - Sync 1 DAGs
[2024-07-26T12:34:57.862+0000] {logging_mixin.py:188} INFO - [2024-07-26T12:34:57.862+0000] {dag.py:3823} INFO - Setting next_dagrun for example_local_kubernetes_executor to None, run_after=None
[2024-07-26T12:34:57.883+0000] {processor.py:183} INFO - Processing /home/airflow/.local/lib/python3.8/site-packages/airflow/example_dags/example_local_kubernetes_executor.py took 0.092 seconds
[2024-07-26T12:35:28.549+0000] {processor.py:161} INFO - Started process (PID=1011) to work on /home/airflow/.local/lib/python3.8/site-packages/airflow/example_dags/example_local_kubernetes_executor.py
[2024-07-26T12:35:28.550+0000] {processor.py:830} INFO - Processing file /home/airflow/.local/lib/python3.8/site-packages/airflow/example_dags/example_local_kubernetes_executor.py for tasks to queue
[2024-07-26T12:35:28.552+0000] {logging_mixin.py:188} INFO - [2024-07-26T12:35:28.552+0000] {dagbag.py:538} INFO - Filling up the DagBag from /home/airflow/.local/lib/python3.8/site-packages/airflow/example_dags/example_local_kubernetes_executor.py
[2024-07-26T12:35:28.559+0000] {processor.py:840} INFO - DAG(s) 'example_local_kubernetes_executor' retrieved from /home/airflow/.local/lib/python3.8/site-packages/airflow/example_dags/example_local_kubernetes_executor.py
[2024-07-26T12:35:28.598+0000] {logging_mixin.py:188} INFO - [2024-07-26T12:35:28.598+0000] {dag.py:3036} INFO - Sync 1 DAGs
[2024-07-26T12:35:28.613+0000] {logging_mixin.py:188} INFO - [2024-07-26T12:35:28.612+0000] {dag.py:3823} INFO - Setting next_dagrun for example_local_kubernetes_executor to None, run_after=None
[2024-07-26T12:35:28.636+0000] {processor.py:183} INFO - Processing /home/airflow/.local/lib/python3.8/site-packages/airflow/example_dags/example_local_kubernetes_executor.py took 0.091 seconds
[2024-07-26T12:35:58.825+0000] {processor.py:161} INFO - Started process (PID=1075) to work on /home/airflow/.local/lib/python3.8/site-packages/airflow/example_dags/example_local_kubernetes_executor.py
[2024-07-26T12:35:58.826+0000] {processor.py:830} INFO - Processing file /home/airflow/.local/lib/python3.8/site-packages/airflow/example_dags/example_local_kubernetes_executor.py for tasks to queue
[2024-07-26T12:35:58.829+0000] {logging_mixin.py:188} INFO - [2024-07-26T12:35:58.828+0000] {dagbag.py:538} INFO - Filling up the DagBag from /home/airflow/.local/lib/python3.8/site-packages/airflow/example_dags/example_local_kubernetes_executor.py
[2024-07-26T12:35:58.837+0000] {processor.py:840} INFO - DAG(s) 'example_local_kubernetes_executor' retrieved from /home/airflow/.local/lib/python3.8/site-packages/airflow/example_dags/example_local_kubernetes_executor.py
[2024-07-26T12:35:58.875+0000] {logging_mixin.py:188} INFO - [2024-07-26T12:35:58.874+0000] {dag.py:3036} INFO - Sync 1 DAGs
[2024-07-26T12:35:58.888+0000] {logging_mixin.py:188} INFO - [2024-07-26T12:35:58.888+0000] {dag.py:3823} INFO - Setting next_dagrun for example_local_kubernetes_executor to None, run_after=None
[2024-07-26T12:35:58.911+0000] {processor.py:183} INFO - Processing /home/airflow/.local/lib/python3.8/site-packages/airflow/example_dags/example_local_kubernetes_executor.py took 0.088 seconds
[2024-07-26T12:36:29.171+0000] {processor.py:161} INFO - Started process (PID=1139) to work on /home/airflow/.local/lib/python3.8/site-packages/airflow/example_dags/example_local_kubernetes_executor.py
[2024-07-26T12:36:29.172+0000] {processor.py:830} INFO - Processing file /home/airflow/.local/lib/python3.8/site-packages/airflow/example_dags/example_local_kubernetes_executor.py for tasks to queue
[2024-07-26T12:36:29.174+0000] {logging_mixin.py:188} INFO - [2024-07-26T12:36:29.174+0000] {dagbag.py:538} INFO - Filling up the DagBag from /home/airflow/.local/lib/python3.8/site-packages/airflow/example_dags/example_local_kubernetes_executor.py
[2024-07-26T12:36:29.183+0000] {processor.py:840} INFO - DAG(s) 'example_local_kubernetes_executor' retrieved from /home/airflow/.local/lib/python3.8/site-packages/airflow/example_dags/example_local_kubernetes_executor.py
[2024-07-26T12:36:29.220+0000] {logging_mixin.py:188} INFO - [2024-07-26T12:36:29.220+0000] {dag.py:3036} INFO - Sync 1 DAGs
[2024-07-26T12:36:29.236+0000] {logging_mixin.py:188} INFO - [2024-07-26T12:36:29.235+0000] {dag.py:3823} INFO - Setting next_dagrun for example_local_kubernetes_executor to None, run_after=None
[2024-07-26T12:36:29.259+0000] {processor.py:183} INFO - Processing /home/airflow/.local/lib/python3.8/site-packages/airflow/example_dags/example_local_kubernetes_executor.py took 0.090 seconds
[2024-07-26T12:36:59.597+0000] {processor.py:161} INFO - Started process (PID=1203) to work on /home/airflow/.local/lib/python3.8/site-packages/airflow/example_dags/example_local_kubernetes_executor.py
[2024-07-26T12:36:59.598+0000] {processor.py:830} INFO - Processing file /home/airflow/.local/lib/python3.8/site-packages/airflow/example_dags/example_local_kubernetes_executor.py for tasks to queue
[2024-07-26T12:36:59.600+0000] {logging_mixin.py:188} INFO - [2024-07-26T12:36:59.600+0000] {dagbag.py:538} INFO - Filling up the DagBag from /home/airflow/.local/lib/python3.8/site-packages/airflow/example_dags/example_local_kubernetes_executor.py
[2024-07-26T12:36:59.608+0000] {processor.py:840} INFO - DAG(s) 'example_local_kubernetes_executor' retrieved from /home/airflow/.local/lib/python3.8/site-packages/airflow/example_dags/example_local_kubernetes_executor.py
[2024-07-26T12:36:59.649+0000] {logging_mixin.py:188} INFO - [2024-07-26T12:36:59.649+0000] {dag.py:3036} INFO - Sync 1 DAGs
[2024-07-26T12:36:59.664+0000] {logging_mixin.py:188} INFO - [2024-07-26T12:36:59.664+0000] {dag.py:3823} INFO - Setting next_dagrun for example_local_kubernetes_executor to None, run_after=None
[2024-07-26T12:36:59.689+0000] {processor.py:183} INFO - Processing /home/airflow/.local/lib/python3.8/site-packages/airflow/example_dags/example_local_kubernetes_executor.py took 0.097 seconds
[2024-07-26T12:37:29.890+0000] {processor.py:161} INFO - Started process (PID=1267) to work on /home/airflow/.local/lib/python3.8/site-packages/airflow/example_dags/example_local_kubernetes_executor.py
[2024-07-26T12:37:29.891+0000] {processor.py:830} INFO - Processing file /home/airflow/.local/lib/python3.8/site-packages/airflow/example_dags/example_local_kubernetes_executor.py for tasks to queue
[2024-07-26T12:37:29.893+0000] {logging_mixin.py:188} INFO - [2024-07-26T12:37:29.893+0000] {dagbag.py:538} INFO - Filling up the DagBag from /home/airflow/.local/lib/python3.8/site-packages/airflow/example_dags/example_local_kubernetes_executor.py
[2024-07-26T12:37:29.902+0000] {processor.py:840} INFO - DAG(s) 'example_local_kubernetes_executor' retrieved from /home/airflow/.local/lib/python3.8/site-packages/airflow/example_dags/example_local_kubernetes_executor.py
[2024-07-26T12:37:29.944+0000] {logging_mixin.py:188} INFO - [2024-07-26T12:37:29.944+0000] {dag.py:3036} INFO - Sync 1 DAGs
[2024-07-26T12:37:29.959+0000] {logging_mixin.py:188} INFO - [2024-07-26T12:37:29.959+0000] {dag.py:3823} INFO - Setting next_dagrun for example_local_kubernetes_executor to None, run_after=None
[2024-07-26T12:37:29.982+0000] {processor.py:183} INFO - Processing /home/airflow/.local/lib/python3.8/site-packages/airflow/example_dags/example_local_kubernetes_executor.py took 0.096 seconds
[2024-07-26T12:38:53.070+0000] {processor.py:161} INFO - Started process (PID=112) to work on /home/airflow/.local/lib/python3.8/site-packages/airflow/example_dags/example_local_kubernetes_executor.py
[2024-07-26T12:38:53.071+0000] {processor.py:830} INFO - Processing file /home/airflow/.local/lib/python3.8/site-packages/airflow/example_dags/example_local_kubernetes_executor.py for tasks to queue
[2024-07-26T12:38:53.073+0000] {logging_mixin.py:188} INFO - [2024-07-26T12:38:53.073+0000] {dagbag.py:538} INFO - Filling up the DagBag from /home/airflow/.local/lib/python3.8/site-packages/airflow/example_dags/example_local_kubernetes_executor.py
[2024-07-26T12:38:53.083+0000] {processor.py:840} INFO - DAG(s) 'example_local_kubernetes_executor' retrieved from /home/airflow/.local/lib/python3.8/site-packages/airflow/example_dags/example_local_kubernetes_executor.py
[2024-07-26T12:38:53.095+0000] {logging_mixin.py:188} INFO - [2024-07-26T12:38:53.095+0000] {dag.py:3036} INFO - Sync 1 DAGs
[2024-07-26T12:38:53.109+0000] {logging_mixin.py:188} INFO - [2024-07-26T12:38:53.108+0000] {dag.py:3823} INFO - Setting next_dagrun for example_local_kubernetes_executor to None, run_after=None
[2024-07-26T12:38:53.126+0000] {processor.py:183} INFO - Processing /home/airflow/.local/lib/python3.8/site-packages/airflow/example_dags/example_local_kubernetes_executor.py took 0.059 seconds
[2024-07-26T12:39:25.494+0000] {processor.py:161} INFO - Started process (PID=176) to work on /home/airflow/.local/lib/python3.8/site-packages/airflow/example_dags/example_local_kubernetes_executor.py
[2024-07-26T12:39:25.495+0000] {processor.py:830} INFO - Processing file /home/airflow/.local/lib/python3.8/site-packages/airflow/example_dags/example_local_kubernetes_executor.py for tasks to queue
[2024-07-26T12:39:25.498+0000] {logging_mixin.py:188} INFO - [2024-07-26T12:39:25.498+0000] {dagbag.py:538} INFO - Filling up the DagBag from /home/airflow/.local/lib/python3.8/site-packages/airflow/example_dags/example_local_kubernetes_executor.py
[2024-07-26T12:39:25.507+0000] {processor.py:840} INFO - DAG(s) 'example_local_kubernetes_executor' retrieved from /home/airflow/.local/lib/python3.8/site-packages/airflow/example_dags/example_local_kubernetes_executor.py
[2024-07-26T12:39:25.715+0000] {logging_mixin.py:188} INFO - [2024-07-26T12:39:25.715+0000] {dag.py:3036} INFO - Sync 1 DAGs
[2024-07-26T12:39:25.728+0000] {logging_mixin.py:188} INFO - [2024-07-26T12:39:25.727+0000] {dag.py:3823} INFO - Setting next_dagrun for example_local_kubernetes_executor to None, run_after=None
[2024-07-26T12:39:25.754+0000] {processor.py:183} INFO - Processing /home/airflow/.local/lib/python3.8/site-packages/airflow/example_dags/example_local_kubernetes_executor.py took 0.264 seconds
[2024-07-26T12:43:20.011+0000] {processor.py:161} INFO - Started process (PID=123) to work on /home/airflow/.local/lib/python3.8/site-packages/airflow/example_dags/example_local_kubernetes_executor.py
[2024-07-26T12:43:20.012+0000] {processor.py:830} INFO - Processing file /home/airflow/.local/lib/python3.8/site-packages/airflow/example_dags/example_local_kubernetes_executor.py for tasks to queue
[2024-07-26T12:43:20.015+0000] {logging_mixin.py:188} INFO - [2024-07-26T12:43:20.014+0000] {dagbag.py:538} INFO - Filling up the DagBag from /home/airflow/.local/lib/python3.8/site-packages/airflow/example_dags/example_local_kubernetes_executor.py
[2024-07-26T12:43:20.027+0000] {processor.py:840} INFO - DAG(s) 'example_local_kubernetes_executor' retrieved from /home/airflow/.local/lib/python3.8/site-packages/airflow/example_dags/example_local_kubernetes_executor.py
[2024-07-26T12:43:20.226+0000] {logging_mixin.py:188} INFO - [2024-07-26T12:43:20.226+0000] {dag.py:3036} INFO - Sync 1 DAGs
[2024-07-26T12:43:20.240+0000] {logging_mixin.py:188} INFO - [2024-07-26T12:43:20.240+0000] {dag.py:3823} INFO - Setting next_dagrun for example_local_kubernetes_executor to None, run_after=None
[2024-07-26T12:43:20.269+0000] {processor.py:183} INFO - Processing /home/airflow/.local/lib/python3.8/site-packages/airflow/example_dags/example_local_kubernetes_executor.py took 0.261 seconds
[2024-07-26T12:43:50.677+0000] {processor.py:161} INFO - Started process (PID=187) to work on /home/airflow/.local/lib/python3.8/site-packages/airflow/example_dags/example_local_kubernetes_executor.py
[2024-07-26T12:43:50.678+0000] {processor.py:830} INFO - Processing file /home/airflow/.local/lib/python3.8/site-packages/airflow/example_dags/example_local_kubernetes_executor.py for tasks to queue
[2024-07-26T12:43:50.679+0000] {logging_mixin.py:188} INFO - [2024-07-26T12:43:50.679+0000] {dagbag.py:538} INFO - Filling up the DagBag from /home/airflow/.local/lib/python3.8/site-packages/airflow/example_dags/example_local_kubernetes_executor.py
[2024-07-26T12:43:50.687+0000] {processor.py:840} INFO - DAG(s) 'example_local_kubernetes_executor' retrieved from /home/airflow/.local/lib/python3.8/site-packages/airflow/example_dags/example_local_kubernetes_executor.py
[2024-07-26T12:43:50.725+0000] {logging_mixin.py:188} INFO - [2024-07-26T12:43:50.725+0000] {dag.py:3036} INFO - Sync 1 DAGs
[2024-07-26T12:43:50.740+0000] {logging_mixin.py:188} INFO - [2024-07-26T12:43:50.740+0000] {dag.py:3823} INFO - Setting next_dagrun for example_local_kubernetes_executor to None, run_after=None
[2024-07-26T12:43:50.761+0000] {processor.py:183} INFO - Processing /home/airflow/.local/lib/python3.8/site-packages/airflow/example_dags/example_local_kubernetes_executor.py took 0.088 seconds
[2024-07-26T12:44:20.971+0000] {processor.py:161} INFO - Started process (PID=251) to work on /home/airflow/.local/lib/python3.8/site-packages/airflow/example_dags/example_local_kubernetes_executor.py
[2024-07-26T12:44:20.972+0000] {processor.py:830} INFO - Processing file /home/airflow/.local/lib/python3.8/site-packages/airflow/example_dags/example_local_kubernetes_executor.py for tasks to queue
[2024-07-26T12:44:20.974+0000] {logging_mixin.py:188} INFO - [2024-07-26T12:44:20.973+0000] {dagbag.py:538} INFO - Filling up the DagBag from /home/airflow/.local/lib/python3.8/site-packages/airflow/example_dags/example_local_kubernetes_executor.py
[2024-07-26T12:44:20.983+0000] {processor.py:840} INFO - DAG(s) 'example_local_kubernetes_executor' retrieved from /home/airflow/.local/lib/python3.8/site-packages/airflow/example_dags/example_local_kubernetes_executor.py
[2024-07-26T12:44:21.020+0000] {logging_mixin.py:188} INFO - [2024-07-26T12:44:21.020+0000] {dag.py:3036} INFO - Sync 1 DAGs
[2024-07-26T12:44:21.035+0000] {logging_mixin.py:188} INFO - [2024-07-26T12:44:21.035+0000] {dag.py:3823} INFO - Setting next_dagrun for example_local_kubernetes_executor to None, run_after=None
[2024-07-26T12:44:21.055+0000] {processor.py:183} INFO - Processing /home/airflow/.local/lib/python3.8/site-packages/airflow/example_dags/example_local_kubernetes_executor.py took 0.087 seconds
[2024-07-26T12:49:47.638+0000] {processor.py:161} INFO - Started process (PID=117) to work on /home/airflow/.local/lib/python3.8/site-packages/airflow/example_dags/example_local_kubernetes_executor.py
[2024-07-26T12:49:47.639+0000] {processor.py:830} INFO - Processing file /home/airflow/.local/lib/python3.8/site-packages/airflow/example_dags/example_local_kubernetes_executor.py for tasks to queue
[2024-07-26T12:49:47.641+0000] {logging_mixin.py:188} INFO - [2024-07-26T12:49:47.640+0000] {dagbag.py:538} INFO - Filling up the DagBag from /home/airflow/.local/lib/python3.8/site-packages/airflow/example_dags/example_local_kubernetes_executor.py
[2024-07-26T12:49:47.651+0000] {processor.py:840} INFO - DAG(s) 'example_local_kubernetes_executor' retrieved from /home/airflow/.local/lib/python3.8/site-packages/airflow/example_dags/example_local_kubernetes_executor.py
[2024-07-26T12:49:47.797+0000] {logging_mixin.py:188} INFO - [2024-07-26T12:49:47.797+0000] {dag.py:3036} INFO - Sync 1 DAGs
[2024-07-26T12:49:47.810+0000] {logging_mixin.py:188} INFO - [2024-07-26T12:49:47.810+0000] {dag.py:3823} INFO - Setting next_dagrun for example_local_kubernetes_executor to None, run_after=None
[2024-07-26T12:49:47.830+0000] {processor.py:183} INFO - Processing /home/airflow/.local/lib/python3.8/site-packages/airflow/example_dags/example_local_kubernetes_executor.py took 0.197 seconds
[2024-07-26T12:50:17.969+0000] {processor.py:161} INFO - Started process (PID=181) to work on /home/airflow/.local/lib/python3.8/site-packages/airflow/example_dags/example_local_kubernetes_executor.py
[2024-07-26T12:50:17.970+0000] {processor.py:830} INFO - Processing file /home/airflow/.local/lib/python3.8/site-packages/airflow/example_dags/example_local_kubernetes_executor.py for tasks to queue
[2024-07-26T12:50:17.972+0000] {logging_mixin.py:188} INFO - [2024-07-26T12:50:17.971+0000] {dagbag.py:538} INFO - Filling up the DagBag from /home/airflow/.local/lib/python3.8/site-packages/airflow/example_dags/example_local_kubernetes_executor.py
[2024-07-26T12:50:17.980+0000] {processor.py:840} INFO - DAG(s) 'example_local_kubernetes_executor' retrieved from /home/airflow/.local/lib/python3.8/site-packages/airflow/example_dags/example_local_kubernetes_executor.py
[2024-07-26T12:50:18.019+0000] {logging_mixin.py:188} INFO - [2024-07-26T12:50:18.018+0000] {dag.py:3036} INFO - Sync 1 DAGs
[2024-07-26T12:50:18.033+0000] {logging_mixin.py:188} INFO - [2024-07-26T12:50:18.032+0000] {dag.py:3823} INFO - Setting next_dagrun for example_local_kubernetes_executor to None, run_after=None
[2024-07-26T12:50:18.054+0000] {processor.py:183} INFO - Processing /home/airflow/.local/lib/python3.8/site-packages/airflow/example_dags/example_local_kubernetes_executor.py took 0.088 seconds
[2024-07-26T12:50:48.995+0000] {processor.py:161} INFO - Started process (PID=245) to work on /home/airflow/.local/lib/python3.8/site-packages/airflow/example_dags/example_local_kubernetes_executor.py
[2024-07-26T12:50:48.996+0000] {processor.py:830} INFO - Processing file /home/airflow/.local/lib/python3.8/site-packages/airflow/example_dags/example_local_kubernetes_executor.py for tasks to queue
[2024-07-26T12:50:48.998+0000] {logging_mixin.py:188} INFO - [2024-07-26T12:50:48.998+0000] {dagbag.py:538} INFO - Filling up the DagBag from /home/airflow/.local/lib/python3.8/site-packages/airflow/example_dags/example_local_kubernetes_executor.py
[2024-07-26T12:50:49.008+0000] {processor.py:840} INFO - DAG(s) 'example_local_kubernetes_executor' retrieved from /home/airflow/.local/lib/python3.8/site-packages/airflow/example_dags/example_local_kubernetes_executor.py
[2024-07-26T12:50:49.046+0000] {logging_mixin.py:188} INFO - [2024-07-26T12:50:49.046+0000] {dag.py:3036} INFO - Sync 1 DAGs
[2024-07-26T12:50:49.062+0000] {logging_mixin.py:188} INFO - [2024-07-26T12:50:49.061+0000] {dag.py:3823} INFO - Setting next_dagrun for example_local_kubernetes_executor to None, run_after=None
[2024-07-26T12:50:49.085+0000] {processor.py:183} INFO - Processing /home/airflow/.local/lib/python3.8/site-packages/airflow/example_dags/example_local_kubernetes_executor.py took 0.094 seconds
[2024-07-26T12:51:20.084+0000] {processor.py:161} INFO - Started process (PID=309) to work on /home/airflow/.local/lib/python3.8/site-packages/airflow/example_dags/example_local_kubernetes_executor.py
[2024-07-26T12:51:20.085+0000] {processor.py:830} INFO - Processing file /home/airflow/.local/lib/python3.8/site-packages/airflow/example_dags/example_local_kubernetes_executor.py for tasks to queue
[2024-07-26T12:51:20.087+0000] {logging_mixin.py:188} INFO - [2024-07-26T12:51:20.087+0000] {dagbag.py:538} INFO - Filling up the DagBag from /home/airflow/.local/lib/python3.8/site-packages/airflow/example_dags/example_local_kubernetes_executor.py
[2024-07-26T12:51:20.094+0000] {processor.py:840} INFO - DAG(s) 'example_local_kubernetes_executor' retrieved from /home/airflow/.local/lib/python3.8/site-packages/airflow/example_dags/example_local_kubernetes_executor.py
[2024-07-26T12:51:20.136+0000] {logging_mixin.py:188} INFO - [2024-07-26T12:51:20.135+0000] {dag.py:3036} INFO - Sync 1 DAGs
[2024-07-26T12:51:20.149+0000] {logging_mixin.py:188} INFO - [2024-07-26T12:51:20.149+0000] {dag.py:3823} INFO - Setting next_dagrun for example_local_kubernetes_executor to None, run_after=None
[2024-07-26T12:51:20.172+0000] {processor.py:183} INFO - Processing /home/airflow/.local/lib/python3.8/site-packages/airflow/example_dags/example_local_kubernetes_executor.py took 0.091 seconds
[2024-07-26T12:51:50.509+0000] {processor.py:161} INFO - Started process (PID=366) to work on /home/airflow/.local/lib/python3.8/site-packages/airflow/example_dags/example_local_kubernetes_executor.py
[2024-07-26T12:51:50.510+0000] {processor.py:830} INFO - Processing file /home/airflow/.local/lib/python3.8/site-packages/airflow/example_dags/example_local_kubernetes_executor.py for tasks to queue
[2024-07-26T12:51:50.512+0000] {logging_mixin.py:188} INFO - [2024-07-26T12:51:50.512+0000] {dagbag.py:538} INFO - Filling up the DagBag from /home/airflow/.local/lib/python3.8/site-packages/airflow/example_dags/example_local_kubernetes_executor.py
[2024-07-26T12:51:50.522+0000] {processor.py:840} INFO - DAG(s) 'example_local_kubernetes_executor' retrieved from /home/airflow/.local/lib/python3.8/site-packages/airflow/example_dags/example_local_kubernetes_executor.py
[2024-07-26T12:51:50.561+0000] {logging_mixin.py:188} INFO - [2024-07-26T12:51:50.560+0000] {dag.py:3036} INFO - Sync 1 DAGs
[2024-07-26T12:51:50.575+0000] {logging_mixin.py:188} INFO - [2024-07-26T12:51:50.574+0000] {dag.py:3823} INFO - Setting next_dagrun for example_local_kubernetes_executor to None, run_after=None
[2024-07-26T12:51:50.598+0000] {processor.py:183} INFO - Processing /home/airflow/.local/lib/python3.8/site-packages/airflow/example_dags/example_local_kubernetes_executor.py took 0.093 seconds
[2024-07-26T12:52:20.881+0000] {processor.py:161} INFO - Started process (PID=428) to work on /home/airflow/.local/lib/python3.8/site-packages/airflow/example_dags/example_local_kubernetes_executor.py
[2024-07-26T12:52:20.882+0000] {processor.py:830} INFO - Processing file /home/airflow/.local/lib/python3.8/site-packages/airflow/example_dags/example_local_kubernetes_executor.py for tasks to queue
[2024-07-26T12:52:20.884+0000] {logging_mixin.py:188} INFO - [2024-07-26T12:52:20.883+0000] {dagbag.py:538} INFO - Filling up the DagBag from /home/airflow/.local/lib/python3.8/site-packages/airflow/example_dags/example_local_kubernetes_executor.py
[2024-07-26T12:52:20.891+0000] {processor.py:840} INFO - DAG(s) 'example_local_kubernetes_executor' retrieved from /home/airflow/.local/lib/python3.8/site-packages/airflow/example_dags/example_local_kubernetes_executor.py
[2024-07-26T12:52:20.930+0000] {logging_mixin.py:188} INFO - [2024-07-26T12:52:20.929+0000] {dag.py:3036} INFO - Sync 1 DAGs
[2024-07-26T12:52:20.942+0000] {logging_mixin.py:188} INFO - [2024-07-26T12:52:20.941+0000] {dag.py:3823} INFO - Setting next_dagrun for example_local_kubernetes_executor to None, run_after=None
[2024-07-26T12:52:20.963+0000] {processor.py:183} INFO - Processing /home/airflow/.local/lib/python3.8/site-packages/airflow/example_dags/example_local_kubernetes_executor.py took 0.087 seconds
[2024-07-26T12:52:51.369+0000] {processor.py:161} INFO - Started process (PID=492) to work on /home/airflow/.local/lib/python3.8/site-packages/airflow/example_dags/example_local_kubernetes_executor.py
[2024-07-26T12:52:51.370+0000] {processor.py:830} INFO - Processing file /home/airflow/.local/lib/python3.8/site-packages/airflow/example_dags/example_local_kubernetes_executor.py for tasks to queue
[2024-07-26T12:52:51.373+0000] {logging_mixin.py:188} INFO - [2024-07-26T12:52:51.372+0000] {dagbag.py:538} INFO - Filling up the DagBag from /home/airflow/.local/lib/python3.8/site-packages/airflow/example_dags/example_local_kubernetes_executor.py
[2024-07-26T12:52:51.380+0000] {processor.py:840} INFO - DAG(s) 'example_local_kubernetes_executor' retrieved from /home/airflow/.local/lib/python3.8/site-packages/airflow/example_dags/example_local_kubernetes_executor.py
[2024-07-26T12:52:51.419+0000] {logging_mixin.py:188} INFO - [2024-07-26T12:52:51.419+0000] {dag.py:3036} INFO - Sync 1 DAGs
[2024-07-26T12:52:51.433+0000] {logging_mixin.py:188} INFO - [2024-07-26T12:52:51.433+0000] {dag.py:3823} INFO - Setting next_dagrun for example_local_kubernetes_executor to None, run_after=None
[2024-07-26T12:52:51.457+0000] {processor.py:183} INFO - Processing /home/airflow/.local/lib/python3.8/site-packages/airflow/example_dags/example_local_kubernetes_executor.py took 0.091 seconds
[2024-07-26T12:53:21.892+0000] {processor.py:161} INFO - Started process (PID=556) to work on /home/airflow/.local/lib/python3.8/site-packages/airflow/example_dags/example_local_kubernetes_executor.py
[2024-07-26T12:53:21.893+0000] {processor.py:830} INFO - Processing file /home/airflow/.local/lib/python3.8/site-packages/airflow/example_dags/example_local_kubernetes_executor.py for tasks to queue
[2024-07-26T12:53:21.895+0000] {logging_mixin.py:188} INFO - [2024-07-26T12:53:21.895+0000] {dagbag.py:538} INFO - Filling up the DagBag from /home/airflow/.local/lib/python3.8/site-packages/airflow/example_dags/example_local_kubernetes_executor.py
[2024-07-26T12:53:21.904+0000] {processor.py:840} INFO - DAG(s) 'example_local_kubernetes_executor' retrieved from /home/airflow/.local/lib/python3.8/site-packages/airflow/example_dags/example_local_kubernetes_executor.py
[2024-07-26T12:53:21.941+0000] {logging_mixin.py:188} INFO - [2024-07-26T12:53:21.941+0000] {dag.py:3036} INFO - Sync 1 DAGs
[2024-07-26T12:53:21.955+0000] {logging_mixin.py:188} INFO - [2024-07-26T12:53:21.954+0000] {dag.py:3823} INFO - Setting next_dagrun for example_local_kubernetes_executor to None, run_after=None
[2024-07-26T12:53:21.978+0000] {processor.py:183} INFO - Processing /home/airflow/.local/lib/python3.8/site-packages/airflow/example_dags/example_local_kubernetes_executor.py took 0.090 seconds
[2024-07-26T12:53:52.272+0000] {processor.py:161} INFO - Started process (PID=620) to work on /home/airflow/.local/lib/python3.8/site-packages/airflow/example_dags/example_local_kubernetes_executor.py
[2024-07-26T12:53:52.274+0000] {processor.py:830} INFO - Processing file /home/airflow/.local/lib/python3.8/site-packages/airflow/example_dags/example_local_kubernetes_executor.py for tasks to queue
[2024-07-26T12:53:52.276+0000] {logging_mixin.py:188} INFO - [2024-07-26T12:53:52.275+0000] {dagbag.py:538} INFO - Filling up the DagBag from /home/airflow/.local/lib/python3.8/site-packages/airflow/example_dags/example_local_kubernetes_executor.py
[2024-07-26T12:53:52.283+0000] {processor.py:840} INFO - DAG(s) 'example_local_kubernetes_executor' retrieved from /home/airflow/.local/lib/python3.8/site-packages/airflow/example_dags/example_local_kubernetes_executor.py
[2024-07-26T12:53:52.321+0000] {logging_mixin.py:188} INFO - [2024-07-26T12:53:52.321+0000] {dag.py:3036} INFO - Sync 1 DAGs
[2024-07-26T12:53:52.337+0000] {logging_mixin.py:188} INFO - [2024-07-26T12:53:52.337+0000] {dag.py:3823} INFO - Setting next_dagrun for example_local_kubernetes_executor to None, run_after=None
[2024-07-26T12:53:52.361+0000] {processor.py:183} INFO - Processing /home/airflow/.local/lib/python3.8/site-packages/airflow/example_dags/example_local_kubernetes_executor.py took 0.094 seconds
[2024-07-26T12:54:22.828+0000] {processor.py:161} INFO - Started process (PID=684) to work on /home/airflow/.local/lib/python3.8/site-packages/airflow/example_dags/example_local_kubernetes_executor.py
[2024-07-26T12:54:22.830+0000] {processor.py:830} INFO - Processing file /home/airflow/.local/lib/python3.8/site-packages/airflow/example_dags/example_local_kubernetes_executor.py for tasks to queue
[2024-07-26T12:54:22.832+0000] {logging_mixin.py:188} INFO - [2024-07-26T12:54:22.832+0000] {dagbag.py:538} INFO - Filling up the DagBag from /home/airflow/.local/lib/python3.8/site-packages/airflow/example_dags/example_local_kubernetes_executor.py
[2024-07-26T12:54:22.840+0000] {processor.py:840} INFO - DAG(s) 'example_local_kubernetes_executor' retrieved from /home/airflow/.local/lib/python3.8/site-packages/airflow/example_dags/example_local_kubernetes_executor.py
[2024-07-26T12:54:22.878+0000] {logging_mixin.py:188} INFO - [2024-07-26T12:54:22.878+0000] {dag.py:3036} INFO - Sync 1 DAGs
[2024-07-26T12:54:22.891+0000] {logging_mixin.py:188} INFO - [2024-07-26T12:54:22.891+0000] {dag.py:3823} INFO - Setting next_dagrun for example_local_kubernetes_executor to None, run_after=None
[2024-07-26T12:54:22.916+0000] {processor.py:183} INFO - Processing /home/airflow/.local/lib/python3.8/site-packages/airflow/example_dags/example_local_kubernetes_executor.py took 0.092 seconds
[2024-07-26T12:54:53.007+0000] {processor.py:161} INFO - Started process (PID=748) to work on /home/airflow/.local/lib/python3.8/site-packages/airflow/example_dags/example_local_kubernetes_executor.py
[2024-07-26T12:54:53.008+0000] {processor.py:830} INFO - Processing file /home/airflow/.local/lib/python3.8/site-packages/airflow/example_dags/example_local_kubernetes_executor.py for tasks to queue
[2024-07-26T12:54:53.010+0000] {logging_mixin.py:188} INFO - [2024-07-26T12:54:53.009+0000] {dagbag.py:538} INFO - Filling up the DagBag from /home/airflow/.local/lib/python3.8/site-packages/airflow/example_dags/example_local_kubernetes_executor.py
[2024-07-26T12:54:53.017+0000] {processor.py:840} INFO - DAG(s) 'example_local_kubernetes_executor' retrieved from /home/airflow/.local/lib/python3.8/site-packages/airflow/example_dags/example_local_kubernetes_executor.py
[2024-07-26T12:54:53.057+0000] {logging_mixin.py:188} INFO - [2024-07-26T12:54:53.057+0000] {dag.py:3036} INFO - Sync 1 DAGs
[2024-07-26T12:54:53.074+0000] {logging_mixin.py:188} INFO - [2024-07-26T12:54:53.073+0000] {dag.py:3823} INFO - Setting next_dagrun for example_local_kubernetes_executor to None, run_after=None
[2024-07-26T12:54:53.095+0000] {processor.py:183} INFO - Processing /home/airflow/.local/lib/python3.8/site-packages/airflow/example_dags/example_local_kubernetes_executor.py took 0.091 seconds
[2024-07-26T12:55:23.687+0000] {processor.py:161} INFO - Started process (PID=812) to work on /home/airflow/.local/lib/python3.8/site-packages/airflow/example_dags/example_local_kubernetes_executor.py
[2024-07-26T12:55:23.688+0000] {processor.py:830} INFO - Processing file /home/airflow/.local/lib/python3.8/site-packages/airflow/example_dags/example_local_kubernetes_executor.py for tasks to queue
[2024-07-26T12:55:23.690+0000] {logging_mixin.py:188} INFO - [2024-07-26T12:55:23.690+0000] {dagbag.py:538} INFO - Filling up the DagBag from /home/airflow/.local/lib/python3.8/site-packages/airflow/example_dags/example_local_kubernetes_executor.py
[2024-07-26T12:55:23.700+0000] {processor.py:840} INFO - DAG(s) 'example_local_kubernetes_executor' retrieved from /home/airflow/.local/lib/python3.8/site-packages/airflow/example_dags/example_local_kubernetes_executor.py
[2024-07-26T12:55:23.744+0000] {logging_mixin.py:188} INFO - [2024-07-26T12:55:23.744+0000] {dag.py:3036} INFO - Sync 1 DAGs
[2024-07-26T12:55:23.758+0000] {logging_mixin.py:188} INFO - [2024-07-26T12:55:23.758+0000] {dag.py:3823} INFO - Setting next_dagrun for example_local_kubernetes_executor to None, run_after=None
[2024-07-26T12:55:23.781+0000] {processor.py:183} INFO - Processing /home/airflow/.local/lib/python3.8/site-packages/airflow/example_dags/example_local_kubernetes_executor.py took 0.099 seconds
[2024-07-26T12:55:54.604+0000] {processor.py:161} INFO - Started process (PID=876) to work on /home/airflow/.local/lib/python3.8/site-packages/airflow/example_dags/example_local_kubernetes_executor.py
[2024-07-26T12:55:54.605+0000] {processor.py:830} INFO - Processing file /home/airflow/.local/lib/python3.8/site-packages/airflow/example_dags/example_local_kubernetes_executor.py for tasks to queue
[2024-07-26T12:55:54.608+0000] {logging_mixin.py:188} INFO - [2024-07-26T12:55:54.607+0000] {dagbag.py:538} INFO - Filling up the DagBag from /home/airflow/.local/lib/python3.8/site-packages/airflow/example_dags/example_local_kubernetes_executor.py
[2024-07-26T12:55:54.616+0000] {processor.py:840} INFO - DAG(s) 'example_local_kubernetes_executor' retrieved from /home/airflow/.local/lib/python3.8/site-packages/airflow/example_dags/example_local_kubernetes_executor.py
[2024-07-26T12:55:54.653+0000] {logging_mixin.py:188} INFO - [2024-07-26T12:55:54.653+0000] {dag.py:3036} INFO - Sync 1 DAGs
[2024-07-26T12:55:54.669+0000] {logging_mixin.py:188} INFO - [2024-07-26T12:55:54.669+0000] {dag.py:3823} INFO - Setting next_dagrun for example_local_kubernetes_executor to None, run_after=None
[2024-07-26T12:55:54.690+0000] {processor.py:183} INFO - Processing /home/airflow/.local/lib/python3.8/site-packages/airflow/example_dags/example_local_kubernetes_executor.py took 0.090 seconds
[2024-07-26T12:56:25.324+0000] {processor.py:161} INFO - Started process (PID=940) to work on /home/airflow/.local/lib/python3.8/site-packages/airflow/example_dags/example_local_kubernetes_executor.py
[2024-07-26T12:56:25.325+0000] {processor.py:830} INFO - Processing file /home/airflow/.local/lib/python3.8/site-packages/airflow/example_dags/example_local_kubernetes_executor.py for tasks to queue
[2024-07-26T12:56:25.328+0000] {logging_mixin.py:188} INFO - [2024-07-26T12:56:25.327+0000] {dagbag.py:538} INFO - Filling up the DagBag from /home/airflow/.local/lib/python3.8/site-packages/airflow/example_dags/example_local_kubernetes_executor.py
[2024-07-26T12:56:25.337+0000] {processor.py:840} INFO - DAG(s) 'example_local_kubernetes_executor' retrieved from /home/airflow/.local/lib/python3.8/site-packages/airflow/example_dags/example_local_kubernetes_executor.py
[2024-07-26T12:56:25.378+0000] {logging_mixin.py:188} INFO - [2024-07-26T12:56:25.378+0000] {dag.py:3036} INFO - Sync 1 DAGs
[2024-07-26T12:56:25.391+0000] {logging_mixin.py:188} INFO - [2024-07-26T12:56:25.391+0000] {dag.py:3823} INFO - Setting next_dagrun for example_local_kubernetes_executor to None, run_after=None
[2024-07-26T12:56:25.415+0000] {processor.py:183} INFO - Processing /home/airflow/.local/lib/python3.8/site-packages/airflow/example_dags/example_local_kubernetes_executor.py took 0.094 seconds
[2024-07-26T12:56:55.917+0000] {processor.py:161} INFO - Started process (PID=1004) to work on /home/airflow/.local/lib/python3.8/site-packages/airflow/example_dags/example_local_kubernetes_executor.py
[2024-07-26T12:56:55.918+0000] {processor.py:830} INFO - Processing file /home/airflow/.local/lib/python3.8/site-packages/airflow/example_dags/example_local_kubernetes_executor.py for tasks to queue
[2024-07-26T12:56:55.920+0000] {logging_mixin.py:188} INFO - [2024-07-26T12:56:55.919+0000] {dagbag.py:538} INFO - Filling up the DagBag from /home/airflow/.local/lib/python3.8/site-packages/airflow/example_dags/example_local_kubernetes_executor.py
[2024-07-26T12:56:55.928+0000] {processor.py:840} INFO - DAG(s) 'example_local_kubernetes_executor' retrieved from /home/airflow/.local/lib/python3.8/site-packages/airflow/example_dags/example_local_kubernetes_executor.py
[2024-07-26T12:56:55.964+0000] {logging_mixin.py:188} INFO - [2024-07-26T12:56:55.964+0000] {dag.py:3036} INFO - Sync 1 DAGs
[2024-07-26T12:56:55.976+0000] {logging_mixin.py:188} INFO - [2024-07-26T12:56:55.976+0000] {dag.py:3823} INFO - Setting next_dagrun for example_local_kubernetes_executor to None, run_after=None
[2024-07-26T12:56:55.997+0000] {processor.py:183} INFO - Processing /home/airflow/.local/lib/python3.8/site-packages/airflow/example_dags/example_local_kubernetes_executor.py took 0.083 seconds
[2024-07-26T12:57:26.459+0000] {processor.py:161} INFO - Started process (PID=1068) to work on /home/airflow/.local/lib/python3.8/site-packages/airflow/example_dags/example_local_kubernetes_executor.py
[2024-07-26T12:57:26.460+0000] {processor.py:830} INFO - Processing file /home/airflow/.local/lib/python3.8/site-packages/airflow/example_dags/example_local_kubernetes_executor.py for tasks to queue
[2024-07-26T12:57:26.462+0000] {logging_mixin.py:188} INFO - [2024-07-26T12:57:26.461+0000] {dagbag.py:538} INFO - Filling up the DagBag from /home/airflow/.local/lib/python3.8/site-packages/airflow/example_dags/example_local_kubernetes_executor.py
[2024-07-26T12:57:26.470+0000] {processor.py:840} INFO - DAG(s) 'example_local_kubernetes_executor' retrieved from /home/airflow/.local/lib/python3.8/site-packages/airflow/example_dags/example_local_kubernetes_executor.py
[2024-07-26T12:57:26.508+0000] {logging_mixin.py:188} INFO - [2024-07-26T12:57:26.508+0000] {dag.py:3036} INFO - Sync 1 DAGs
[2024-07-26T12:57:26.524+0000] {logging_mixin.py:188} INFO - [2024-07-26T12:57:26.524+0000] {dag.py:3823} INFO - Setting next_dagrun for example_local_kubernetes_executor to None, run_after=None
[2024-07-26T12:57:26.545+0000] {processor.py:183} INFO - Processing /home/airflow/.local/lib/python3.8/site-packages/airflow/example_dags/example_local_kubernetes_executor.py took 0.090 seconds
[2024-07-26T12:57:56.908+0000] {processor.py:161} INFO - Started process (PID=1132) to work on /home/airflow/.local/lib/python3.8/site-packages/airflow/example_dags/example_local_kubernetes_executor.py
[2024-07-26T12:57:56.909+0000] {processor.py:830} INFO - Processing file /home/airflow/.local/lib/python3.8/site-packages/airflow/example_dags/example_local_kubernetes_executor.py for tasks to queue
[2024-07-26T12:57:56.911+0000] {logging_mixin.py:188} INFO - [2024-07-26T12:57:56.911+0000] {dagbag.py:538} INFO - Filling up the DagBag from /home/airflow/.local/lib/python3.8/site-packages/airflow/example_dags/example_local_kubernetes_executor.py
[2024-07-26T12:57:56.919+0000] {processor.py:840} INFO - DAG(s) 'example_local_kubernetes_executor' retrieved from /home/airflow/.local/lib/python3.8/site-packages/airflow/example_dags/example_local_kubernetes_executor.py
[2024-07-26T12:57:56.955+0000] {logging_mixin.py:188} INFO - [2024-07-26T12:57:56.954+0000] {dag.py:3036} INFO - Sync 1 DAGs
[2024-07-26T12:57:56.969+0000] {logging_mixin.py:188} INFO - [2024-07-26T12:57:56.969+0000] {dag.py:3823} INFO - Setting next_dagrun for example_local_kubernetes_executor to None, run_after=None
[2024-07-26T12:57:56.989+0000] {processor.py:183} INFO - Processing /home/airflow/.local/lib/python3.8/site-packages/airflow/example_dags/example_local_kubernetes_executor.py took 0.084 seconds
[2024-07-26T12:58:27.261+0000] {processor.py:161} INFO - Started process (PID=1196) to work on /home/airflow/.local/lib/python3.8/site-packages/airflow/example_dags/example_local_kubernetes_executor.py
[2024-07-26T12:58:27.262+0000] {processor.py:830} INFO - Processing file /home/airflow/.local/lib/python3.8/site-packages/airflow/example_dags/example_local_kubernetes_executor.py for tasks to queue
[2024-07-26T12:58:27.264+0000] {logging_mixin.py:188} INFO - [2024-07-26T12:58:27.264+0000] {dagbag.py:538} INFO - Filling up the DagBag from /home/airflow/.local/lib/python3.8/site-packages/airflow/example_dags/example_local_kubernetes_executor.py
[2024-07-26T12:58:27.274+0000] {processor.py:840} INFO - DAG(s) 'example_local_kubernetes_executor' retrieved from /home/airflow/.local/lib/python3.8/site-packages/airflow/example_dags/example_local_kubernetes_executor.py
[2024-07-26T12:58:27.311+0000] {logging_mixin.py:188} INFO - [2024-07-26T12:58:27.311+0000] {dag.py:3036} INFO - Sync 1 DAGs
[2024-07-26T12:58:27.325+0000] {logging_mixin.py:188} INFO - [2024-07-26T12:58:27.324+0000] {dag.py:3823} INFO - Setting next_dagrun for example_local_kubernetes_executor to None, run_after=None
[2024-07-26T12:58:27.346+0000] {processor.py:183} INFO - Processing /home/airflow/.local/lib/python3.8/site-packages/airflow/example_dags/example_local_kubernetes_executor.py took 0.088 seconds
[2024-07-26T12:58:57.449+0000] {processor.py:161} INFO - Started process (PID=1260) to work on /home/airflow/.local/lib/python3.8/site-packages/airflow/example_dags/example_local_kubernetes_executor.py
[2024-07-26T12:58:57.450+0000] {processor.py:830} INFO - Processing file /home/airflow/.local/lib/python3.8/site-packages/airflow/example_dags/example_local_kubernetes_executor.py for tasks to queue
[2024-07-26T12:58:57.452+0000] {logging_mixin.py:188} INFO - [2024-07-26T12:58:57.451+0000] {dagbag.py:538} INFO - Filling up the DagBag from /home/airflow/.local/lib/python3.8/site-packages/airflow/example_dags/example_local_kubernetes_executor.py
[2024-07-26T12:58:57.460+0000] {processor.py:840} INFO - DAG(s) 'example_local_kubernetes_executor' retrieved from /home/airflow/.local/lib/python3.8/site-packages/airflow/example_dags/example_local_kubernetes_executor.py
[2024-07-26T12:58:57.499+0000] {logging_mixin.py:188} INFO - [2024-07-26T12:58:57.499+0000] {dag.py:3036} INFO - Sync 1 DAGs
[2024-07-26T12:58:57.514+0000] {logging_mixin.py:188} INFO - [2024-07-26T12:58:57.513+0000] {dag.py:3823} INFO - Setting next_dagrun for example_local_kubernetes_executor to None, run_after=None
[2024-07-26T12:58:57.538+0000] {processor.py:183} INFO - Processing /home/airflow/.local/lib/python3.8/site-packages/airflow/example_dags/example_local_kubernetes_executor.py took 0.093 seconds
