[2024-07-26T12:15:29.516+0000] {processor.py:161} INFO - Started process (PID=124) to work on /home/airflow/.local/lib/python3.8/site-packages/airflow/example_dags/example_xcomargs.py
[2024-07-26T12:15:29.517+0000] {processor.py:830} INFO - Processing file /home/airflow/.local/lib/python3.8/site-packages/airflow/example_dags/example_xcomargs.py for tasks to queue
[2024-07-26T12:15:29.520+0000] {logging_mixin.py:188} INFO - [2024-07-26T12:15:29.520+0000] {dagbag.py:538} INFO - Filling up the DagBag from /home/airflow/.local/lib/python3.8/site-packages/airflow/example_dags/example_xcomargs.py
[2024-07-26T12:15:29.533+0000] {processor.py:840} INFO - DAG(s) 'example_xcom_args', 'example_xcom_args_with_operators' retrieved from /home/airflow/.local/lib/python3.8/site-packages/airflow/example_dags/example_xcomargs.py
[2024-07-26T12:15:29.678+0000] {logging_mixin.py:188} INFO - [2024-07-26T12:15:29.678+0000] {dag.py:3036} INFO - Sync 2 DAGs
[2024-07-26T12:15:29.690+0000] {logging_mixin.py:188} INFO - [2024-07-26T12:15:29.690+0000] {dag.py:3823} INFO - Setting next_dagrun for example_xcom_args to None, run_after=None
[2024-07-26T12:15:29.693+0000] {logging_mixin.py:188} INFO - [2024-07-26T12:15:29.693+0000] {dag.py:3823} INFO - Setting next_dagrun for example_xcom_args_with_operators to None, run_after=None
[2024-07-26T12:15:29.722+0000] {processor.py:183} INFO - Processing /home/airflow/.local/lib/python3.8/site-packages/airflow/example_dags/example_xcomargs.py took 0.209 seconds
[2024-07-26T12:16:00.596+0000] {processor.py:161} INFO - Started process (PID=188) to work on /home/airflow/.local/lib/python3.8/site-packages/airflow/example_dags/example_xcomargs.py
[2024-07-26T12:16:00.597+0000] {processor.py:830} INFO - Processing file /home/airflow/.local/lib/python3.8/site-packages/airflow/example_dags/example_xcomargs.py for tasks to queue
[2024-07-26T12:16:00.600+0000] {logging_mixin.py:188} INFO - [2024-07-26T12:16:00.599+0000] {dagbag.py:538} INFO - Filling up the DagBag from /home/airflow/.local/lib/python3.8/site-packages/airflow/example_dags/example_xcomargs.py
[2024-07-26T12:16:00.615+0000] {processor.py:840} INFO - DAG(s) 'example_xcom_args', 'example_xcom_args_with_operators' retrieved from /home/airflow/.local/lib/python3.8/site-packages/airflow/example_dags/example_xcomargs.py
[2024-07-26T12:16:00.647+0000] {logging_mixin.py:188} INFO - [2024-07-26T12:16:00.647+0000] {dag.py:3036} INFO - Sync 2 DAGs
[2024-07-26T12:16:00.664+0000] {logging_mixin.py:188} INFO - [2024-07-26T12:16:00.664+0000] {dag.py:3823} INFO - Setting next_dagrun for example_xcom_args to None, run_after=None
[2024-07-26T12:16:00.669+0000] {logging_mixin.py:188} INFO - [2024-07-26T12:16:00.668+0000] {dag.py:3823} INFO - Setting next_dagrun for example_xcom_args_with_operators to None, run_after=None
[2024-07-26T12:16:00.689+0000] {processor.py:183} INFO - Processing /home/airflow/.local/lib/python3.8/site-packages/airflow/example_dags/example_xcomargs.py took 0.097 seconds
[2024-07-26T12:16:30.993+0000] {processor.py:161} INFO - Started process (PID=252) to work on /home/airflow/.local/lib/python3.8/site-packages/airflow/example_dags/example_xcomargs.py
[2024-07-26T12:16:30.995+0000] {processor.py:830} INFO - Processing file /home/airflow/.local/lib/python3.8/site-packages/airflow/example_dags/example_xcomargs.py for tasks to queue
[2024-07-26T12:16:30.997+0000] {logging_mixin.py:188} INFO - [2024-07-26T12:16:30.996+0000] {dagbag.py:538} INFO - Filling up the DagBag from /home/airflow/.local/lib/python3.8/site-packages/airflow/example_dags/example_xcomargs.py
[2024-07-26T12:16:31.006+0000] {processor.py:840} INFO - DAG(s) 'example_xcom_args_with_operators', 'example_xcom_args' retrieved from /home/airflow/.local/lib/python3.8/site-packages/airflow/example_dags/example_xcomargs.py
[2024-07-26T12:16:31.042+0000] {logging_mixin.py:188} INFO - [2024-07-26T12:16:31.041+0000] {dag.py:3036} INFO - Sync 2 DAGs
[2024-07-26T12:16:31.064+0000] {logging_mixin.py:188} INFO - [2024-07-26T12:16:31.064+0000] {dag.py:3823} INFO - Setting next_dagrun for example_xcom_args to None, run_after=None
[2024-07-26T12:16:31.069+0000] {logging_mixin.py:188} INFO - [2024-07-26T12:16:31.069+0000] {dag.py:3823} INFO - Setting next_dagrun for example_xcom_args_with_operators to None, run_after=None
[2024-07-26T12:16:31.090+0000] {processor.py:183} INFO - Processing /home/airflow/.local/lib/python3.8/site-packages/airflow/example_dags/example_xcomargs.py took 0.099 seconds
[2024-07-26T12:17:01.847+0000] {processor.py:161} INFO - Started process (PID=316) to work on /home/airflow/.local/lib/python3.8/site-packages/airflow/example_dags/example_xcomargs.py
[2024-07-26T12:17:01.848+0000] {processor.py:830} INFO - Processing file /home/airflow/.local/lib/python3.8/site-packages/airflow/example_dags/example_xcomargs.py for tasks to queue
[2024-07-26T12:17:01.850+0000] {logging_mixin.py:188} INFO - [2024-07-26T12:17:01.850+0000] {dagbag.py:538} INFO - Filling up the DagBag from /home/airflow/.local/lib/python3.8/site-packages/airflow/example_dags/example_xcomargs.py
[2024-07-26T12:17:01.859+0000] {processor.py:840} INFO - DAG(s) 'example_xcom_args', 'example_xcom_args_with_operators' retrieved from /home/airflow/.local/lib/python3.8/site-packages/airflow/example_dags/example_xcomargs.py
[2024-07-26T12:17:01.886+0000] {logging_mixin.py:188} INFO - [2024-07-26T12:17:01.886+0000] {dag.py:3036} INFO - Sync 2 DAGs
[2024-07-26T12:17:01.901+0000] {logging_mixin.py:188} INFO - [2024-07-26T12:17:01.901+0000] {dag.py:3823} INFO - Setting next_dagrun for example_xcom_args to None, run_after=None
[2024-07-26T12:17:01.905+0000] {logging_mixin.py:188} INFO - [2024-07-26T12:17:01.905+0000] {dag.py:3823} INFO - Setting next_dagrun for example_xcom_args_with_operators to None, run_after=None
[2024-07-26T12:17:01.925+0000] {processor.py:183} INFO - Processing /home/airflow/.local/lib/python3.8/site-packages/airflow/example_dags/example_xcomargs.py took 0.081 seconds
[2024-07-26T12:17:32.259+0000] {processor.py:161} INFO - Started process (PID=380) to work on /home/airflow/.local/lib/python3.8/site-packages/airflow/example_dags/example_xcomargs.py
[2024-07-26T12:17:32.260+0000] {processor.py:830} INFO - Processing file /home/airflow/.local/lib/python3.8/site-packages/airflow/example_dags/example_xcomargs.py for tasks to queue
[2024-07-26T12:17:32.263+0000] {logging_mixin.py:188} INFO - [2024-07-26T12:17:32.262+0000] {dagbag.py:538} INFO - Filling up the DagBag from /home/airflow/.local/lib/python3.8/site-packages/airflow/example_dags/example_xcomargs.py
[2024-07-26T12:17:32.276+0000] {processor.py:840} INFO - DAG(s) 'example_xcom_args_with_operators', 'example_xcom_args' retrieved from /home/airflow/.local/lib/python3.8/site-packages/airflow/example_dags/example_xcomargs.py
[2024-07-26T12:17:32.307+0000] {logging_mixin.py:188} INFO - [2024-07-26T12:17:32.306+0000] {dag.py:3036} INFO - Sync 2 DAGs
[2024-07-26T12:17:32.324+0000] {logging_mixin.py:188} INFO - [2024-07-26T12:17:32.324+0000] {dag.py:3823} INFO - Setting next_dagrun for example_xcom_args to None, run_after=None
[2024-07-26T12:17:32.328+0000] {logging_mixin.py:188} INFO - [2024-07-26T12:17:32.328+0000] {dag.py:3823} INFO - Setting next_dagrun for example_xcom_args_with_operators to None, run_after=None
[2024-07-26T12:17:32.348+0000] {processor.py:183} INFO - Processing /home/airflow/.local/lib/python3.8/site-packages/airflow/example_dags/example_xcomargs.py took 0.094 seconds
[2024-07-26T12:18:03.423+0000] {processor.py:161} INFO - Started process (PID=444) to work on /home/airflow/.local/lib/python3.8/site-packages/airflow/example_dags/example_xcomargs.py
[2024-07-26T12:18:03.424+0000] {processor.py:830} INFO - Processing file /home/airflow/.local/lib/python3.8/site-packages/airflow/example_dags/example_xcomargs.py for tasks to queue
[2024-07-26T12:18:03.428+0000] {logging_mixin.py:188} INFO - [2024-07-26T12:18:03.427+0000] {dagbag.py:538} INFO - Filling up the DagBag from /home/airflow/.local/lib/python3.8/site-packages/airflow/example_dags/example_xcomargs.py
[2024-07-26T12:18:03.440+0000] {processor.py:840} INFO - DAG(s) 'example_xcom_args', 'example_xcom_args_with_operators' retrieved from /home/airflow/.local/lib/python3.8/site-packages/airflow/example_dags/example_xcomargs.py
[2024-07-26T12:18:03.468+0000] {logging_mixin.py:188} INFO - [2024-07-26T12:18:03.468+0000] {dag.py:3036} INFO - Sync 2 DAGs
[2024-07-26T12:18:03.483+0000] {logging_mixin.py:188} INFO - [2024-07-26T12:18:03.482+0000] {dag.py:3823} INFO - Setting next_dagrun for example_xcom_args to None, run_after=None
[2024-07-26T12:18:03.488+0000] {logging_mixin.py:188} INFO - [2024-07-26T12:18:03.488+0000] {dag.py:3823} INFO - Setting next_dagrun for example_xcom_args_with_operators to None, run_after=None
[2024-07-26T12:18:03.506+0000] {processor.py:183} INFO - Processing /home/airflow/.local/lib/python3.8/site-packages/airflow/example_dags/example_xcomargs.py took 0.088 seconds
[2024-07-26T12:18:34.436+0000] {processor.py:161} INFO - Started process (PID=508) to work on /home/airflow/.local/lib/python3.8/site-packages/airflow/example_dags/example_xcomargs.py
[2024-07-26T12:18:34.437+0000] {processor.py:830} INFO - Processing file /home/airflow/.local/lib/python3.8/site-packages/airflow/example_dags/example_xcomargs.py for tasks to queue
[2024-07-26T12:18:34.440+0000] {logging_mixin.py:188} INFO - [2024-07-26T12:18:34.439+0000] {dagbag.py:538} INFO - Filling up the DagBag from /home/airflow/.local/lib/python3.8/site-packages/airflow/example_dags/example_xcomargs.py
[2024-07-26T12:18:34.448+0000] {processor.py:840} INFO - DAG(s) 'example_xcom_args_with_operators', 'example_xcom_args' retrieved from /home/airflow/.local/lib/python3.8/site-packages/airflow/example_dags/example_xcomargs.py
[2024-07-26T12:18:34.477+0000] {logging_mixin.py:188} INFO - [2024-07-26T12:18:34.477+0000] {dag.py:3036} INFO - Sync 2 DAGs
[2024-07-26T12:18:34.491+0000] {logging_mixin.py:188} INFO - [2024-07-26T12:18:34.491+0000] {dag.py:3823} INFO - Setting next_dagrun for example_xcom_args to None, run_after=None
[2024-07-26T12:18:34.495+0000] {logging_mixin.py:188} INFO - [2024-07-26T12:18:34.495+0000] {dag.py:3823} INFO - Setting next_dagrun for example_xcom_args_with_operators to None, run_after=None
[2024-07-26T12:18:34.514+0000] {processor.py:183} INFO - Processing /home/airflow/.local/lib/python3.8/site-packages/airflow/example_dags/example_xcomargs.py took 0.083 seconds
[2024-07-26T12:19:05.222+0000] {processor.py:161} INFO - Started process (PID=565) to work on /home/airflow/.local/lib/python3.8/site-packages/airflow/example_dags/example_xcomargs.py
[2024-07-26T12:19:05.223+0000] {processor.py:830} INFO - Processing file /home/airflow/.local/lib/python3.8/site-packages/airflow/example_dags/example_xcomargs.py for tasks to queue
[2024-07-26T12:19:05.224+0000] {logging_mixin.py:188} INFO - [2024-07-26T12:19:05.224+0000] {dagbag.py:538} INFO - Filling up the DagBag from /home/airflow/.local/lib/python3.8/site-packages/airflow/example_dags/example_xcomargs.py
[2024-07-26T12:19:05.232+0000] {processor.py:840} INFO - DAG(s) 'example_xcom_args_with_operators', 'example_xcom_args' retrieved from /home/airflow/.local/lib/python3.8/site-packages/airflow/example_dags/example_xcomargs.py
[2024-07-26T12:19:05.262+0000] {logging_mixin.py:188} INFO - [2024-07-26T12:19:05.261+0000] {dag.py:3036} INFO - Sync 2 DAGs
[2024-07-26T12:19:05.278+0000] {logging_mixin.py:188} INFO - [2024-07-26T12:19:05.277+0000] {dag.py:3823} INFO - Setting next_dagrun for example_xcom_args to None, run_after=None
[2024-07-26T12:19:05.282+0000] {logging_mixin.py:188} INFO - [2024-07-26T12:19:05.282+0000] {dag.py:3823} INFO - Setting next_dagrun for example_xcom_args_with_operators to None, run_after=None
[2024-07-26T12:19:05.299+0000] {processor.py:183} INFO - Processing /home/airflow/.local/lib/python3.8/site-packages/airflow/example_dags/example_xcomargs.py took 0.081 seconds
[2024-07-26T12:19:35.583+0000] {processor.py:161} INFO - Started process (PID=628) to work on /home/airflow/.local/lib/python3.8/site-packages/airflow/example_dags/example_xcomargs.py
[2024-07-26T12:19:35.584+0000] {processor.py:830} INFO - Processing file /home/airflow/.local/lib/python3.8/site-packages/airflow/example_dags/example_xcomargs.py for tasks to queue
[2024-07-26T12:19:35.586+0000] {logging_mixin.py:188} INFO - [2024-07-26T12:19:35.585+0000] {dagbag.py:538} INFO - Filling up the DagBag from /home/airflow/.local/lib/python3.8/site-packages/airflow/example_dags/example_xcomargs.py
[2024-07-26T12:19:35.600+0000] {processor.py:840} INFO - DAG(s) 'example_xcom_args', 'example_xcom_args_with_operators' retrieved from /home/airflow/.local/lib/python3.8/site-packages/airflow/example_dags/example_xcomargs.py
[2024-07-26T12:19:35.635+0000] {logging_mixin.py:188} INFO - [2024-07-26T12:19:35.634+0000] {dag.py:3036} INFO - Sync 2 DAGs
[2024-07-26T12:19:35.659+0000] {logging_mixin.py:188} INFO - [2024-07-26T12:19:35.659+0000] {dag.py:3823} INFO - Setting next_dagrun for example_xcom_args to None, run_after=None
[2024-07-26T12:19:35.664+0000] {logging_mixin.py:188} INFO - [2024-07-26T12:19:35.664+0000] {dag.py:3823} INFO - Setting next_dagrun for example_xcom_args_with_operators to None, run_after=None
[2024-07-26T12:19:35.690+0000] {processor.py:183} INFO - Processing /home/airflow/.local/lib/python3.8/site-packages/airflow/example_dags/example_xcomargs.py took 0.112 seconds
[2024-07-26T12:28:19.934+0000] {processor.py:161} INFO - Started process (PID=126) to work on /home/airflow/.local/lib/python3.8/site-packages/airflow/example_dags/example_xcomargs.py
[2024-07-26T12:28:19.936+0000] {processor.py:830} INFO - Processing file /home/airflow/.local/lib/python3.8/site-packages/airflow/example_dags/example_xcomargs.py for tasks to queue
[2024-07-26T12:28:19.938+0000] {logging_mixin.py:188} INFO - [2024-07-26T12:28:19.937+0000] {dagbag.py:538} INFO - Filling up the DagBag from /home/airflow/.local/lib/python3.8/site-packages/airflow/example_dags/example_xcomargs.py
[2024-07-26T12:28:19.947+0000] {processor.py:840} INFO - DAG(s) 'example_xcom_args', 'example_xcom_args_with_operators' retrieved from /home/airflow/.local/lib/python3.8/site-packages/airflow/example_dags/example_xcomargs.py
[2024-07-26T12:28:20.088+0000] {logging_mixin.py:188} INFO - [2024-07-26T12:28:20.087+0000] {dag.py:3036} INFO - Sync 2 DAGs
[2024-07-26T12:28:20.100+0000] {logging_mixin.py:188} INFO - [2024-07-26T12:28:20.100+0000] {dag.py:3823} INFO - Setting next_dagrun for example_xcom_args to None, run_after=None
[2024-07-26T12:28:20.104+0000] {logging_mixin.py:188} INFO - [2024-07-26T12:28:20.104+0000] {dag.py:3823} INFO - Setting next_dagrun for example_xcom_args_with_operators to None, run_after=None
[2024-07-26T12:28:20.136+0000] {processor.py:183} INFO - Processing /home/airflow/.local/lib/python3.8/site-packages/airflow/example_dags/example_xcomargs.py took 0.205 seconds
[2024-07-26T12:28:50.841+0000] {processor.py:161} INFO - Started process (PID=189) to work on /home/airflow/.local/lib/python3.8/site-packages/airflow/example_dags/example_xcomargs.py
[2024-07-26T12:28:50.842+0000] {processor.py:830} INFO - Processing file /home/airflow/.local/lib/python3.8/site-packages/airflow/example_dags/example_xcomargs.py for tasks to queue
[2024-07-26T12:28:50.844+0000] {logging_mixin.py:188} INFO - [2024-07-26T12:28:50.844+0000] {dagbag.py:538} INFO - Filling up the DagBag from /home/airflow/.local/lib/python3.8/site-packages/airflow/example_dags/example_xcomargs.py
[2024-07-26T12:28:50.853+0000] {processor.py:840} INFO - DAG(s) 'example_xcom_args', 'example_xcom_args_with_operators' retrieved from /home/airflow/.local/lib/python3.8/site-packages/airflow/example_dags/example_xcomargs.py
[2024-07-26T12:28:50.878+0000] {logging_mixin.py:188} INFO - [2024-07-26T12:28:50.878+0000] {dag.py:3036} INFO - Sync 2 DAGs
[2024-07-26T12:28:50.892+0000] {logging_mixin.py:188} INFO - [2024-07-26T12:28:50.891+0000] {dag.py:3823} INFO - Setting next_dagrun for example_xcom_args to None, run_after=None
[2024-07-26T12:28:50.895+0000] {logging_mixin.py:188} INFO - [2024-07-26T12:28:50.895+0000] {dag.py:3823} INFO - Setting next_dagrun for example_xcom_args_with_operators to None, run_after=None
[2024-07-26T12:28:50.912+0000] {processor.py:183} INFO - Processing /home/airflow/.local/lib/python3.8/site-packages/airflow/example_dags/example_xcomargs.py took 0.074 seconds
[2024-07-26T12:29:20.992+0000] {processor.py:161} INFO - Started process (PID=253) to work on /home/airflow/.local/lib/python3.8/site-packages/airflow/example_dags/example_xcomargs.py
[2024-07-26T12:29:20.994+0000] {processor.py:830} INFO - Processing file /home/airflow/.local/lib/python3.8/site-packages/airflow/example_dags/example_xcomargs.py for tasks to queue
[2024-07-26T12:29:20.996+0000] {logging_mixin.py:188} INFO - [2024-07-26T12:29:20.996+0000] {dagbag.py:538} INFO - Filling up the DagBag from /home/airflow/.local/lib/python3.8/site-packages/airflow/example_dags/example_xcomargs.py
[2024-07-26T12:29:21.004+0000] {processor.py:840} INFO - DAG(s) 'example_xcom_args_with_operators', 'example_xcom_args' retrieved from /home/airflow/.local/lib/python3.8/site-packages/airflow/example_dags/example_xcomargs.py
[2024-07-26T12:29:21.030+0000] {logging_mixin.py:188} INFO - [2024-07-26T12:29:21.030+0000] {dag.py:3036} INFO - Sync 2 DAGs
[2024-07-26T12:29:21.044+0000] {logging_mixin.py:188} INFO - [2024-07-26T12:29:21.044+0000] {dag.py:3823} INFO - Setting next_dagrun for example_xcom_args to None, run_after=None
[2024-07-26T12:29:21.048+0000] {logging_mixin.py:188} INFO - [2024-07-26T12:29:21.047+0000] {dag.py:3823} INFO - Setting next_dagrun for example_xcom_args_with_operators to None, run_after=None
[2024-07-26T12:29:21.065+0000] {processor.py:183} INFO - Processing /home/airflow/.local/lib/python3.8/site-packages/airflow/example_dags/example_xcomargs.py took 0.076 seconds
[2024-07-26T12:29:52.585+0000] {processor.py:161} INFO - Started process (PID=317) to work on /home/airflow/.local/lib/python3.8/site-packages/airflow/example_dags/example_xcomargs.py
[2024-07-26T12:29:52.586+0000] {processor.py:830} INFO - Processing file /home/airflow/.local/lib/python3.8/site-packages/airflow/example_dags/example_xcomargs.py for tasks to queue
[2024-07-26T12:29:52.588+0000] {logging_mixin.py:188} INFO - [2024-07-26T12:29:52.588+0000] {dagbag.py:538} INFO - Filling up the DagBag from /home/airflow/.local/lib/python3.8/site-packages/airflow/example_dags/example_xcomargs.py
[2024-07-26T12:29:52.596+0000] {processor.py:840} INFO - DAG(s) 'example_xcom_args', 'example_xcom_args_with_operators' retrieved from /home/airflow/.local/lib/python3.8/site-packages/airflow/example_dags/example_xcomargs.py
[2024-07-26T12:29:52.625+0000] {logging_mixin.py:188} INFO - [2024-07-26T12:29:52.625+0000] {dag.py:3036} INFO - Sync 2 DAGs
[2024-07-26T12:29:52.639+0000] {logging_mixin.py:188} INFO - [2024-07-26T12:29:52.639+0000] {dag.py:3823} INFO - Setting next_dagrun for example_xcom_args to None, run_after=None
[2024-07-26T12:29:52.643+0000] {logging_mixin.py:188} INFO - [2024-07-26T12:29:52.643+0000] {dag.py:3823} INFO - Setting next_dagrun for example_xcom_args_with_operators to None, run_after=None
[2024-07-26T12:29:52.662+0000] {processor.py:183} INFO - Processing /home/airflow/.local/lib/python3.8/site-packages/airflow/example_dags/example_xcomargs.py took 0.081 seconds
[2024-07-26T12:30:23.403+0000] {processor.py:161} INFO - Started process (PID=381) to work on /home/airflow/.local/lib/python3.8/site-packages/airflow/example_dags/example_xcomargs.py
[2024-07-26T12:30:23.404+0000] {processor.py:830} INFO - Processing file /home/airflow/.local/lib/python3.8/site-packages/airflow/example_dags/example_xcomargs.py for tasks to queue
[2024-07-26T12:30:23.406+0000] {logging_mixin.py:188} INFO - [2024-07-26T12:30:23.406+0000] {dagbag.py:538} INFO - Filling up the DagBag from /home/airflow/.local/lib/python3.8/site-packages/airflow/example_dags/example_xcomargs.py
[2024-07-26T12:30:23.415+0000] {processor.py:840} INFO - DAG(s) 'example_xcom_args_with_operators', 'example_xcom_args' retrieved from /home/airflow/.local/lib/python3.8/site-packages/airflow/example_dags/example_xcomargs.py
[2024-07-26T12:30:23.443+0000] {logging_mixin.py:188} INFO - [2024-07-26T12:30:23.442+0000] {dag.py:3036} INFO - Sync 2 DAGs
[2024-07-26T12:30:23.458+0000] {logging_mixin.py:188} INFO - [2024-07-26T12:30:23.457+0000] {dag.py:3823} INFO - Setting next_dagrun for example_xcom_args to None, run_after=None
[2024-07-26T12:30:23.462+0000] {logging_mixin.py:188} INFO - [2024-07-26T12:30:23.462+0000] {dag.py:3823} INFO - Setting next_dagrun for example_xcom_args_with_operators to None, run_after=None
[2024-07-26T12:30:23.479+0000] {processor.py:183} INFO - Processing /home/airflow/.local/lib/python3.8/site-packages/airflow/example_dags/example_xcomargs.py took 0.079 seconds
[2024-07-26T12:30:53.871+0000] {processor.py:161} INFO - Started process (PID=438) to work on /home/airflow/.local/lib/python3.8/site-packages/airflow/example_dags/example_xcomargs.py
[2024-07-26T12:30:53.872+0000] {processor.py:830} INFO - Processing file /home/airflow/.local/lib/python3.8/site-packages/airflow/example_dags/example_xcomargs.py for tasks to queue
[2024-07-26T12:30:53.874+0000] {logging_mixin.py:188} INFO - [2024-07-26T12:30:53.874+0000] {dagbag.py:538} INFO - Filling up the DagBag from /home/airflow/.local/lib/python3.8/site-packages/airflow/example_dags/example_xcomargs.py
[2024-07-26T12:30:53.886+0000] {processor.py:840} INFO - DAG(s) 'example_xcom_args_with_operators', 'example_xcom_args' retrieved from /home/airflow/.local/lib/python3.8/site-packages/airflow/example_dags/example_xcomargs.py
[2024-07-26T12:30:53.913+0000] {logging_mixin.py:188} INFO - [2024-07-26T12:30:53.913+0000] {dag.py:3036} INFO - Sync 2 DAGs
[2024-07-26T12:30:53.928+0000] {logging_mixin.py:188} INFO - [2024-07-26T12:30:53.928+0000] {dag.py:3823} INFO - Setting next_dagrun for example_xcom_args to None, run_after=None
[2024-07-26T12:30:53.933+0000] {logging_mixin.py:188} INFO - [2024-07-26T12:30:53.933+0000] {dag.py:3823} INFO - Setting next_dagrun for example_xcom_args_with_operators to None, run_after=None
[2024-07-26T12:30:53.952+0000] {processor.py:183} INFO - Processing /home/airflow/.local/lib/python3.8/site-packages/airflow/example_dags/example_xcomargs.py took 0.085 seconds
[2024-07-26T12:31:24.074+0000] {processor.py:161} INFO - Started process (PID=500) to work on /home/airflow/.local/lib/python3.8/site-packages/airflow/example_dags/example_xcomargs.py
[2024-07-26T12:31:24.075+0000] {processor.py:830} INFO - Processing file /home/airflow/.local/lib/python3.8/site-packages/airflow/example_dags/example_xcomargs.py for tasks to queue
[2024-07-26T12:31:24.078+0000] {logging_mixin.py:188} INFO - [2024-07-26T12:31:24.077+0000] {dagbag.py:538} INFO - Filling up the DagBag from /home/airflow/.local/lib/python3.8/site-packages/airflow/example_dags/example_xcomargs.py
[2024-07-26T12:31:24.087+0000] {processor.py:840} INFO - DAG(s) 'example_xcom_args', 'example_xcom_args_with_operators' retrieved from /home/airflow/.local/lib/python3.8/site-packages/airflow/example_dags/example_xcomargs.py
[2024-07-26T12:31:24.141+0000] {logging_mixin.py:188} INFO - [2024-07-26T12:31:24.140+0000] {dag.py:3036} INFO - Sync 2 DAGs
[2024-07-26T12:31:24.165+0000] {logging_mixin.py:188} INFO - [2024-07-26T12:31:24.165+0000] {dag.py:3823} INFO - Setting next_dagrun for example_xcom_args to None, run_after=None
[2024-07-26T12:31:24.171+0000] {logging_mixin.py:188} INFO - [2024-07-26T12:31:24.171+0000] {dag.py:3823} INFO - Setting next_dagrun for example_xcom_args_with_operators to None, run_after=None
[2024-07-26T12:31:24.206+0000] {processor.py:183} INFO - Processing /home/airflow/.local/lib/python3.8/site-packages/airflow/example_dags/example_xcomargs.py took 0.136 seconds
[2024-07-26T12:31:55.102+0000] {processor.py:161} INFO - Started process (PID=564) to work on /home/airflow/.local/lib/python3.8/site-packages/airflow/example_dags/example_xcomargs.py
[2024-07-26T12:31:55.103+0000] {processor.py:830} INFO - Processing file /home/airflow/.local/lib/python3.8/site-packages/airflow/example_dags/example_xcomargs.py for tasks to queue
[2024-07-26T12:31:55.106+0000] {logging_mixin.py:188} INFO - [2024-07-26T12:31:55.106+0000] {dagbag.py:538} INFO - Filling up the DagBag from /home/airflow/.local/lib/python3.8/site-packages/airflow/example_dags/example_xcomargs.py
[2024-07-26T12:31:55.121+0000] {processor.py:840} INFO - DAG(s) 'example_xcom_args', 'example_xcom_args_with_operators' retrieved from /home/airflow/.local/lib/python3.8/site-packages/airflow/example_dags/example_xcomargs.py
[2024-07-26T12:31:55.161+0000] {logging_mixin.py:188} INFO - [2024-07-26T12:31:55.161+0000] {dag.py:3036} INFO - Sync 2 DAGs
[2024-07-26T12:31:55.178+0000] {logging_mixin.py:188} INFO - [2024-07-26T12:31:55.178+0000] {dag.py:3823} INFO - Setting next_dagrun for example_xcom_args to None, run_after=None
[2024-07-26T12:31:55.183+0000] {logging_mixin.py:188} INFO - [2024-07-26T12:31:55.183+0000] {dag.py:3823} INFO - Setting next_dagrun for example_xcom_args_with_operators to None, run_after=None
[2024-07-26T12:31:55.209+0000] {processor.py:183} INFO - Processing /home/airflow/.local/lib/python3.8/site-packages/airflow/example_dags/example_xcomargs.py took 0.111 seconds
[2024-07-26T12:32:25.880+0000] {processor.py:161} INFO - Started process (PID=628) to work on /home/airflow/.local/lib/python3.8/site-packages/airflow/example_dags/example_xcomargs.py
[2024-07-26T12:32:25.881+0000] {processor.py:830} INFO - Processing file /home/airflow/.local/lib/python3.8/site-packages/airflow/example_dags/example_xcomargs.py for tasks to queue
[2024-07-26T12:32:25.884+0000] {logging_mixin.py:188} INFO - [2024-07-26T12:32:25.883+0000] {dagbag.py:538} INFO - Filling up the DagBag from /home/airflow/.local/lib/python3.8/site-packages/airflow/example_dags/example_xcomargs.py
[2024-07-26T12:32:25.896+0000] {processor.py:840} INFO - DAG(s) 'example_xcom_args_with_operators', 'example_xcom_args' retrieved from /home/airflow/.local/lib/python3.8/site-packages/airflow/example_dags/example_xcomargs.py
[2024-07-26T12:32:25.930+0000] {logging_mixin.py:188} INFO - [2024-07-26T12:32:25.929+0000] {dag.py:3036} INFO - Sync 2 DAGs
[2024-07-26T12:32:25.944+0000] {logging_mixin.py:188} INFO - [2024-07-26T12:32:25.943+0000] {dag.py:3823} INFO - Setting next_dagrun for example_xcom_args to None, run_after=None
[2024-07-26T12:32:25.950+0000] {logging_mixin.py:188} INFO - [2024-07-26T12:32:25.950+0000] {dag.py:3823} INFO - Setting next_dagrun for example_xcom_args_with_operators to None, run_after=None
[2024-07-26T12:32:25.986+0000] {processor.py:183} INFO - Processing /home/airflow/.local/lib/python3.8/site-packages/airflow/example_dags/example_xcomargs.py took 0.110 seconds
[2024-07-26T12:32:56.901+0000] {processor.py:161} INFO - Started process (PID=692) to work on /home/airflow/.local/lib/python3.8/site-packages/airflow/example_dags/example_xcomargs.py
[2024-07-26T12:32:56.903+0000] {processor.py:830} INFO - Processing file /home/airflow/.local/lib/python3.8/site-packages/airflow/example_dags/example_xcomargs.py for tasks to queue
[2024-07-26T12:32:56.906+0000] {logging_mixin.py:188} INFO - [2024-07-26T12:32:56.905+0000] {dagbag.py:538} INFO - Filling up the DagBag from /home/airflow/.local/lib/python3.8/site-packages/airflow/example_dags/example_xcomargs.py
[2024-07-26T12:32:56.919+0000] {processor.py:840} INFO - DAG(s) 'example_xcom_args_with_operators', 'example_xcom_args' retrieved from /home/airflow/.local/lib/python3.8/site-packages/airflow/example_dags/example_xcomargs.py
[2024-07-26T12:32:56.952+0000] {logging_mixin.py:188} INFO - [2024-07-26T12:32:56.952+0000] {dag.py:3036} INFO - Sync 2 DAGs
[2024-07-26T12:32:56.967+0000] {logging_mixin.py:188} INFO - [2024-07-26T12:32:56.967+0000] {dag.py:3823} INFO - Setting next_dagrun for example_xcom_args to None, run_after=None
[2024-07-26T12:32:56.971+0000] {logging_mixin.py:188} INFO - [2024-07-26T12:32:56.971+0000] {dag.py:3823} INFO - Setting next_dagrun for example_xcom_args_with_operators to None, run_after=None
[2024-07-26T12:32:56.995+0000] {processor.py:183} INFO - Processing /home/airflow/.local/lib/python3.8/site-packages/airflow/example_dags/example_xcomargs.py took 0.099 seconds
[2024-07-26T12:33:27.319+0000] {processor.py:161} INFO - Started process (PID=757) to work on /home/airflow/.local/lib/python3.8/site-packages/airflow/example_dags/example_xcomargs.py
[2024-07-26T12:33:27.320+0000] {processor.py:830} INFO - Processing file /home/airflow/.local/lib/python3.8/site-packages/airflow/example_dags/example_xcomargs.py for tasks to queue
[2024-07-26T12:33:27.323+0000] {logging_mixin.py:188} INFO - [2024-07-26T12:33:27.322+0000] {dagbag.py:538} INFO - Filling up the DagBag from /home/airflow/.local/lib/python3.8/site-packages/airflow/example_dags/example_xcomargs.py
[2024-07-26T12:33:27.331+0000] {processor.py:840} INFO - DAG(s) 'example_xcom_args', 'example_xcom_args_with_operators' retrieved from /home/airflow/.local/lib/python3.8/site-packages/airflow/example_dags/example_xcomargs.py
[2024-07-26T12:33:27.361+0000] {logging_mixin.py:188} INFO - [2024-07-26T12:33:27.361+0000] {dag.py:3036} INFO - Sync 2 DAGs
[2024-07-26T12:33:27.374+0000] {logging_mixin.py:188} INFO - [2024-07-26T12:33:27.374+0000] {dag.py:3823} INFO - Setting next_dagrun for example_xcom_args to None, run_after=None
[2024-07-26T12:33:27.378+0000] {logging_mixin.py:188} INFO - [2024-07-26T12:33:27.378+0000] {dag.py:3823} INFO - Setting next_dagrun for example_xcom_args_with_operators to None, run_after=None
[2024-07-26T12:33:27.403+0000] {processor.py:183} INFO - Processing /home/airflow/.local/lib/python3.8/site-packages/airflow/example_dags/example_xcomargs.py took 0.087 seconds
[2024-07-26T12:33:57.948+0000] {processor.py:161} INFO - Started process (PID=821) to work on /home/airflow/.local/lib/python3.8/site-packages/airflow/example_dags/example_xcomargs.py
[2024-07-26T12:33:57.949+0000] {processor.py:830} INFO - Processing file /home/airflow/.local/lib/python3.8/site-packages/airflow/example_dags/example_xcomargs.py for tasks to queue
[2024-07-26T12:33:57.952+0000] {logging_mixin.py:188} INFO - [2024-07-26T12:33:57.951+0000] {dagbag.py:538} INFO - Filling up the DagBag from /home/airflow/.local/lib/python3.8/site-packages/airflow/example_dags/example_xcomargs.py
[2024-07-26T12:33:57.963+0000] {processor.py:840} INFO - DAG(s) 'example_xcom_args', 'example_xcom_args_with_operators' retrieved from /home/airflow/.local/lib/python3.8/site-packages/airflow/example_dags/example_xcomargs.py
[2024-07-26T12:33:57.993+0000] {logging_mixin.py:188} INFO - [2024-07-26T12:33:57.993+0000] {dag.py:3036} INFO - Sync 2 DAGs
[2024-07-26T12:33:58.006+0000] {logging_mixin.py:188} INFO - [2024-07-26T12:33:58.006+0000] {dag.py:3823} INFO - Setting next_dagrun for example_xcom_args to None, run_after=None
[2024-07-26T12:33:58.011+0000] {logging_mixin.py:188} INFO - [2024-07-26T12:33:58.011+0000] {dag.py:3823} INFO - Setting next_dagrun for example_xcom_args_with_operators to None, run_after=None
[2024-07-26T12:33:58.030+0000] {processor.py:183} INFO - Processing /home/airflow/.local/lib/python3.8/site-packages/airflow/example_dags/example_xcomargs.py took 0.086 seconds
[2024-07-26T12:34:28.166+0000] {processor.py:161} INFO - Started process (PID=885) to work on /home/airflow/.local/lib/python3.8/site-packages/airflow/example_dags/example_xcomargs.py
[2024-07-26T12:34:28.167+0000] {processor.py:830} INFO - Processing file /home/airflow/.local/lib/python3.8/site-packages/airflow/example_dags/example_xcomargs.py for tasks to queue
[2024-07-26T12:34:28.169+0000] {logging_mixin.py:188} INFO - [2024-07-26T12:34:28.169+0000] {dagbag.py:538} INFO - Filling up the DagBag from /home/airflow/.local/lib/python3.8/site-packages/airflow/example_dags/example_xcomargs.py
[2024-07-26T12:34:28.177+0000] {processor.py:840} INFO - DAG(s) 'example_xcom_args_with_operators', 'example_xcom_args' retrieved from /home/airflow/.local/lib/python3.8/site-packages/airflow/example_dags/example_xcomargs.py
[2024-07-26T12:34:28.208+0000] {logging_mixin.py:188} INFO - [2024-07-26T12:34:28.208+0000] {dag.py:3036} INFO - Sync 2 DAGs
[2024-07-26T12:34:28.223+0000] {logging_mixin.py:188} INFO - [2024-07-26T12:34:28.222+0000] {dag.py:3823} INFO - Setting next_dagrun for example_xcom_args to None, run_after=None
[2024-07-26T12:34:28.227+0000] {logging_mixin.py:188} INFO - [2024-07-26T12:34:28.227+0000] {dag.py:3823} INFO - Setting next_dagrun for example_xcom_args_with_operators to None, run_after=None
[2024-07-26T12:34:28.246+0000] {processor.py:183} INFO - Processing /home/airflow/.local/lib/python3.8/site-packages/airflow/example_dags/example_xcomargs.py took 0.084 seconds
[2024-07-26T12:34:58.945+0000] {processor.py:161} INFO - Started process (PID=949) to work on /home/airflow/.local/lib/python3.8/site-packages/airflow/example_dags/example_xcomargs.py
[2024-07-26T12:34:58.946+0000] {processor.py:830} INFO - Processing file /home/airflow/.local/lib/python3.8/site-packages/airflow/example_dags/example_xcomargs.py for tasks to queue
[2024-07-26T12:34:58.948+0000] {logging_mixin.py:188} INFO - [2024-07-26T12:34:58.948+0000] {dagbag.py:538} INFO - Filling up the DagBag from /home/airflow/.local/lib/python3.8/site-packages/airflow/example_dags/example_xcomargs.py
[2024-07-26T12:34:58.956+0000] {processor.py:840} INFO - DAG(s) 'example_xcom_args', 'example_xcom_args_with_operators' retrieved from /home/airflow/.local/lib/python3.8/site-packages/airflow/example_dags/example_xcomargs.py
[2024-07-26T12:34:58.983+0000] {logging_mixin.py:188} INFO - [2024-07-26T12:34:58.982+0000] {dag.py:3036} INFO - Sync 2 DAGs
[2024-07-26T12:34:58.997+0000] {logging_mixin.py:188} INFO - [2024-07-26T12:34:58.996+0000] {dag.py:3823} INFO - Setting next_dagrun for example_xcom_args to None, run_after=None
[2024-07-26T12:34:59.001+0000] {logging_mixin.py:188} INFO - [2024-07-26T12:34:59.001+0000] {dag.py:3823} INFO - Setting next_dagrun for example_xcom_args_with_operators to None, run_after=None
[2024-07-26T12:34:59.033+0000] {processor.py:183} INFO - Processing /home/airflow/.local/lib/python3.8/site-packages/airflow/example_dags/example_xcomargs.py took 0.091 seconds
[2024-07-26T12:35:29.682+0000] {processor.py:161} INFO - Started process (PID=1013) to work on /home/airflow/.local/lib/python3.8/site-packages/airflow/example_dags/example_xcomargs.py
[2024-07-26T12:35:29.684+0000] {processor.py:830} INFO - Processing file /home/airflow/.local/lib/python3.8/site-packages/airflow/example_dags/example_xcomargs.py for tasks to queue
[2024-07-26T12:35:29.686+0000] {logging_mixin.py:188} INFO - [2024-07-26T12:35:29.686+0000] {dagbag.py:538} INFO - Filling up the DagBag from /home/airflow/.local/lib/python3.8/site-packages/airflow/example_dags/example_xcomargs.py
[2024-07-26T12:35:29.697+0000] {processor.py:840} INFO - DAG(s) 'example_xcom_args', 'example_xcom_args_with_operators' retrieved from /home/airflow/.local/lib/python3.8/site-packages/airflow/example_dags/example_xcomargs.py
[2024-07-26T12:35:29.726+0000] {logging_mixin.py:188} INFO - [2024-07-26T12:35:29.726+0000] {dag.py:3036} INFO - Sync 2 DAGs
[2024-07-26T12:35:29.741+0000] {logging_mixin.py:188} INFO - [2024-07-26T12:35:29.741+0000] {dag.py:3823} INFO - Setting next_dagrun for example_xcom_args to None, run_after=None
[2024-07-26T12:35:29.745+0000] {logging_mixin.py:188} INFO - [2024-07-26T12:35:29.745+0000] {dag.py:3823} INFO - Setting next_dagrun for example_xcom_args_with_operators to None, run_after=None
[2024-07-26T12:35:29.767+0000] {processor.py:183} INFO - Processing /home/airflow/.local/lib/python3.8/site-packages/airflow/example_dags/example_xcomargs.py took 0.088 seconds
[2024-07-26T12:35:59.957+0000] {processor.py:161} INFO - Started process (PID=1077) to work on /home/airflow/.local/lib/python3.8/site-packages/airflow/example_dags/example_xcomargs.py
[2024-07-26T12:35:59.959+0000] {processor.py:830} INFO - Processing file /home/airflow/.local/lib/python3.8/site-packages/airflow/example_dags/example_xcomargs.py for tasks to queue
[2024-07-26T12:35:59.961+0000] {logging_mixin.py:188} INFO - [2024-07-26T12:35:59.961+0000] {dagbag.py:538} INFO - Filling up the DagBag from /home/airflow/.local/lib/python3.8/site-packages/airflow/example_dags/example_xcomargs.py
[2024-07-26T12:35:59.971+0000] {processor.py:840} INFO - DAG(s) 'example_xcom_args', 'example_xcom_args_with_operators' retrieved from /home/airflow/.local/lib/python3.8/site-packages/airflow/example_dags/example_xcomargs.py
[2024-07-26T12:36:00.005+0000] {logging_mixin.py:188} INFO - [2024-07-26T12:36:00.004+0000] {dag.py:3036} INFO - Sync 2 DAGs
[2024-07-26T12:36:00.022+0000] {logging_mixin.py:188} INFO - [2024-07-26T12:36:00.022+0000] {dag.py:3823} INFO - Setting next_dagrun for example_xcom_args to None, run_after=None
[2024-07-26T12:36:00.028+0000] {logging_mixin.py:188} INFO - [2024-07-26T12:36:00.028+0000] {dag.py:3823} INFO - Setting next_dagrun for example_xcom_args_with_operators to None, run_after=None
[2024-07-26T12:36:00.055+0000] {processor.py:183} INFO - Processing /home/airflow/.local/lib/python3.8/site-packages/airflow/example_dags/example_xcomargs.py took 0.102 seconds
[2024-07-26T12:36:30.303+0000] {processor.py:161} INFO - Started process (PID=1141) to work on /home/airflow/.local/lib/python3.8/site-packages/airflow/example_dags/example_xcomargs.py
[2024-07-26T12:36:30.304+0000] {processor.py:830} INFO - Processing file /home/airflow/.local/lib/python3.8/site-packages/airflow/example_dags/example_xcomargs.py for tasks to queue
[2024-07-26T12:36:30.306+0000] {logging_mixin.py:188} INFO - [2024-07-26T12:36:30.306+0000] {dagbag.py:538} INFO - Filling up the DagBag from /home/airflow/.local/lib/python3.8/site-packages/airflow/example_dags/example_xcomargs.py
[2024-07-26T12:36:30.314+0000] {processor.py:840} INFO - DAG(s) 'example_xcom_args', 'example_xcom_args_with_operators' retrieved from /home/airflow/.local/lib/python3.8/site-packages/airflow/example_dags/example_xcomargs.py
[2024-07-26T12:36:30.342+0000] {logging_mixin.py:188} INFO - [2024-07-26T12:36:30.341+0000] {dag.py:3036} INFO - Sync 2 DAGs
[2024-07-26T12:36:30.356+0000] {logging_mixin.py:188} INFO - [2024-07-26T12:36:30.356+0000] {dag.py:3823} INFO - Setting next_dagrun for example_xcom_args to None, run_after=None
[2024-07-26T12:36:30.361+0000] {logging_mixin.py:188} INFO - [2024-07-26T12:36:30.360+0000] {dag.py:3823} INFO - Setting next_dagrun for example_xcom_args_with_operators to None, run_after=None
[2024-07-26T12:36:30.381+0000] {processor.py:183} INFO - Processing /home/airflow/.local/lib/python3.8/site-packages/airflow/example_dags/example_xcomargs.py took 0.081 seconds
[2024-07-26T12:37:00.765+0000] {processor.py:161} INFO - Started process (PID=1205) to work on /home/airflow/.local/lib/python3.8/site-packages/airflow/example_dags/example_xcomargs.py
[2024-07-26T12:37:00.766+0000] {processor.py:830} INFO - Processing file /home/airflow/.local/lib/python3.8/site-packages/airflow/example_dags/example_xcomargs.py for tasks to queue
[2024-07-26T12:37:00.768+0000] {logging_mixin.py:188} INFO - [2024-07-26T12:37:00.768+0000] {dagbag.py:538} INFO - Filling up the DagBag from /home/airflow/.local/lib/python3.8/site-packages/airflow/example_dags/example_xcomargs.py
[2024-07-26T12:37:00.780+0000] {processor.py:840} INFO - DAG(s) 'example_xcom_args_with_operators', 'example_xcom_args' retrieved from /home/airflow/.local/lib/python3.8/site-packages/airflow/example_dags/example_xcomargs.py
[2024-07-26T12:37:00.814+0000] {logging_mixin.py:188} INFO - [2024-07-26T12:37:00.814+0000] {dag.py:3036} INFO - Sync 2 DAGs
[2024-07-26T12:37:00.831+0000] {logging_mixin.py:188} INFO - [2024-07-26T12:37:00.830+0000] {dag.py:3823} INFO - Setting next_dagrun for example_xcom_args to None, run_after=None
[2024-07-26T12:37:00.835+0000] {logging_mixin.py:188} INFO - [2024-07-26T12:37:00.835+0000] {dag.py:3823} INFO - Setting next_dagrun for example_xcom_args_with_operators to None, run_after=None
[2024-07-26T12:37:00.859+0000] {processor.py:183} INFO - Processing /home/airflow/.local/lib/python3.8/site-packages/airflow/example_dags/example_xcomargs.py took 0.098 seconds
[2024-07-26T12:37:31.024+0000] {processor.py:161} INFO - Started process (PID=1269) to work on /home/airflow/.local/lib/python3.8/site-packages/airflow/example_dags/example_xcomargs.py
[2024-07-26T12:37:31.026+0000] {processor.py:830} INFO - Processing file /home/airflow/.local/lib/python3.8/site-packages/airflow/example_dags/example_xcomargs.py for tasks to queue
[2024-07-26T12:37:31.028+0000] {logging_mixin.py:188} INFO - [2024-07-26T12:37:31.028+0000] {dagbag.py:538} INFO - Filling up the DagBag from /home/airflow/.local/lib/python3.8/site-packages/airflow/example_dags/example_xcomargs.py
[2024-07-26T12:37:31.040+0000] {processor.py:840} INFO - DAG(s) 'example_xcom_args', 'example_xcom_args_with_operators' retrieved from /home/airflow/.local/lib/python3.8/site-packages/airflow/example_dags/example_xcomargs.py
[2024-07-26T12:37:31.072+0000] {logging_mixin.py:188} INFO - [2024-07-26T12:37:31.072+0000] {dag.py:3036} INFO - Sync 2 DAGs
[2024-07-26T12:37:31.088+0000] {logging_mixin.py:188} INFO - [2024-07-26T12:37:31.087+0000] {dag.py:3823} INFO - Setting next_dagrun for example_xcom_args to None, run_after=None
[2024-07-26T12:37:31.093+0000] {logging_mixin.py:188} INFO - [2024-07-26T12:37:31.092+0000] {dag.py:3823} INFO - Setting next_dagrun for example_xcom_args_with_operators to None, run_after=None
[2024-07-26T12:37:31.116+0000] {processor.py:183} INFO - Processing /home/airflow/.local/lib/python3.8/site-packages/airflow/example_dags/example_xcomargs.py took 0.095 seconds
[2024-07-26T12:38:53.158+0000] {processor.py:161} INFO - Started process (PID=114) to work on /home/airflow/.local/lib/python3.8/site-packages/airflow/example_dags/example_xcomargs.py
[2024-07-26T12:38:53.159+0000] {processor.py:830} INFO - Processing file /home/airflow/.local/lib/python3.8/site-packages/airflow/example_dags/example_xcomargs.py for tasks to queue
[2024-07-26T12:38:53.161+0000] {logging_mixin.py:188} INFO - [2024-07-26T12:38:53.161+0000] {dagbag.py:538} INFO - Filling up the DagBag from /home/airflow/.local/lib/python3.8/site-packages/airflow/example_dags/example_xcomargs.py
[2024-07-26T12:38:53.170+0000] {processor.py:840} INFO - DAG(s) 'example_xcom_args_with_operators', 'example_xcom_args' retrieved from /home/airflow/.local/lib/python3.8/site-packages/airflow/example_dags/example_xcomargs.py
[2024-07-26T12:38:53.186+0000] {logging_mixin.py:188} INFO - [2024-07-26T12:38:53.186+0000] {dag.py:3036} INFO - Sync 2 DAGs
[2024-07-26T12:38:53.202+0000] {logging_mixin.py:188} INFO - [2024-07-26T12:38:53.202+0000] {dag.py:3823} INFO - Setting next_dagrun for example_xcom_args to None, run_after=None
[2024-07-26T12:38:53.207+0000] {logging_mixin.py:188} INFO - [2024-07-26T12:38:53.206+0000] {dag.py:3823} INFO - Setting next_dagrun for example_xcom_args_with_operators to None, run_after=None
[2024-07-26T12:38:53.225+0000] {processor.py:183} INFO - Processing /home/airflow/.local/lib/python3.8/site-packages/airflow/example_dags/example_xcomargs.py took 0.070 seconds
[2024-07-26T12:39:25.784+0000] {processor.py:161} INFO - Started process (PID=178) to work on /home/airflow/.local/lib/python3.8/site-packages/airflow/example_dags/example_xcomargs.py
[2024-07-26T12:39:25.785+0000] {processor.py:830} INFO - Processing file /home/airflow/.local/lib/python3.8/site-packages/airflow/example_dags/example_xcomargs.py for tasks to queue
[2024-07-26T12:39:25.787+0000] {logging_mixin.py:188} INFO - [2024-07-26T12:39:25.787+0000] {dagbag.py:538} INFO - Filling up the DagBag from /home/airflow/.local/lib/python3.8/site-packages/airflow/example_dags/example_xcomargs.py
[2024-07-26T12:39:25.799+0000] {processor.py:840} INFO - DAG(s) 'example_xcom_args_with_operators', 'example_xcom_args' retrieved from /home/airflow/.local/lib/python3.8/site-packages/airflow/example_dags/example_xcomargs.py
[2024-07-26T12:39:25.955+0000] {logging_mixin.py:188} INFO - [2024-07-26T12:39:25.955+0000] {dag.py:3036} INFO - Sync 2 DAGs
[2024-07-26T12:39:25.969+0000] {logging_mixin.py:188} INFO - [2024-07-26T12:39:25.968+0000] {dag.py:3823} INFO - Setting next_dagrun for example_xcom_args to None, run_after=None
[2024-07-26T12:39:25.972+0000] {logging_mixin.py:188} INFO - [2024-07-26T12:39:25.972+0000] {dag.py:3823} INFO - Setting next_dagrun for example_xcom_args_with_operators to None, run_after=None
[2024-07-26T12:39:25.993+0000] {processor.py:183} INFO - Processing /home/airflow/.local/lib/python3.8/site-packages/airflow/example_dags/example_xcomargs.py took 0.214 seconds
[2024-07-26T12:43:20.583+0000] {processor.py:161} INFO - Started process (PID=125) to work on /home/airflow/.local/lib/python3.8/site-packages/airflow/example_dags/example_xcomargs.py
[2024-07-26T12:43:20.584+0000] {processor.py:830} INFO - Processing file /home/airflow/.local/lib/python3.8/site-packages/airflow/example_dags/example_xcomargs.py for tasks to queue
[2024-07-26T12:43:20.586+0000] {logging_mixin.py:188} INFO - [2024-07-26T12:43:20.586+0000] {dagbag.py:538} INFO - Filling up the DagBag from /home/airflow/.local/lib/python3.8/site-packages/airflow/example_dags/example_xcomargs.py
[2024-07-26T12:43:20.599+0000] {processor.py:840} INFO - DAG(s) 'example_xcom_args', 'example_xcom_args_with_operators' retrieved from /home/airflow/.local/lib/python3.8/site-packages/airflow/example_dags/example_xcomargs.py
[2024-07-26T12:43:20.764+0000] {logging_mixin.py:188} INFO - [2024-07-26T12:43:20.764+0000] {dag.py:3036} INFO - Sync 2 DAGs
[2024-07-26T12:43:20.782+0000] {logging_mixin.py:188} INFO - [2024-07-26T12:43:20.782+0000] {dag.py:3823} INFO - Setting next_dagrun for example_xcom_args to None, run_after=None
[2024-07-26T12:43:20.786+0000] {logging_mixin.py:188} INFO - [2024-07-26T12:43:20.786+0000] {dag.py:3823} INFO - Setting next_dagrun for example_xcom_args_with_operators to None, run_after=None
[2024-07-26T12:43:20.815+0000] {processor.py:183} INFO - Processing /home/airflow/.local/lib/python3.8/site-packages/airflow/example_dags/example_xcomargs.py took 0.236 seconds
[2024-07-26T12:43:50.860+0000] {processor.py:161} INFO - Started process (PID=189) to work on /home/airflow/.local/lib/python3.8/site-packages/airflow/example_dags/example_xcomargs.py
[2024-07-26T12:43:50.861+0000] {processor.py:830} INFO - Processing file /home/airflow/.local/lib/python3.8/site-packages/airflow/example_dags/example_xcomargs.py for tasks to queue
[2024-07-26T12:43:50.864+0000] {logging_mixin.py:188} INFO - [2024-07-26T12:43:50.863+0000] {dagbag.py:538} INFO - Filling up the DagBag from /home/airflow/.local/lib/python3.8/site-packages/airflow/example_dags/example_xcomargs.py
[2024-07-26T12:43:50.874+0000] {processor.py:840} INFO - DAG(s) 'example_xcom_args', 'example_xcom_args_with_operators' retrieved from /home/airflow/.local/lib/python3.8/site-packages/airflow/example_dags/example_xcomargs.py
[2024-07-26T12:43:50.900+0000] {logging_mixin.py:188} INFO - [2024-07-26T12:43:50.900+0000] {dag.py:3036} INFO - Sync 2 DAGs
[2024-07-26T12:43:50.923+0000] {logging_mixin.py:188} INFO - [2024-07-26T12:43:50.923+0000] {dag.py:3823} INFO - Setting next_dagrun for example_xcom_args to None, run_after=None
[2024-07-26T12:43:50.928+0000] {logging_mixin.py:188} INFO - [2024-07-26T12:43:50.928+0000] {dag.py:3823} INFO - Setting next_dagrun for example_xcom_args_with_operators to None, run_after=None
[2024-07-26T12:43:50.947+0000] {processor.py:183} INFO - Processing /home/airflow/.local/lib/python3.8/site-packages/airflow/example_dags/example_xcomargs.py took 0.090 seconds
[2024-07-26T12:44:21.200+0000] {processor.py:161} INFO - Started process (PID=254) to work on /home/airflow/.local/lib/python3.8/site-packages/airflow/example_dags/example_xcomargs.py
[2024-07-26T12:44:21.201+0000] {processor.py:830} INFO - Processing file /home/airflow/.local/lib/python3.8/site-packages/airflow/example_dags/example_xcomargs.py for tasks to queue
[2024-07-26T12:44:21.203+0000] {logging_mixin.py:188} INFO - [2024-07-26T12:44:21.203+0000] {dagbag.py:538} INFO - Filling up the DagBag from /home/airflow/.local/lib/python3.8/site-packages/airflow/example_dags/example_xcomargs.py
[2024-07-26T12:44:21.212+0000] {processor.py:840} INFO - DAG(s) 'example_xcom_args', 'example_xcom_args_with_operators' retrieved from /home/airflow/.local/lib/python3.8/site-packages/airflow/example_dags/example_xcomargs.py
[2024-07-26T12:44:21.237+0000] {logging_mixin.py:188} INFO - [2024-07-26T12:44:21.237+0000] {dag.py:3036} INFO - Sync 2 DAGs
[2024-07-26T12:44:21.251+0000] {logging_mixin.py:188} INFO - [2024-07-26T12:44:21.251+0000] {dag.py:3823} INFO - Setting next_dagrun for example_xcom_args to None, run_after=None
[2024-07-26T12:44:21.255+0000] {logging_mixin.py:188} INFO - [2024-07-26T12:44:21.255+0000] {dag.py:3823} INFO - Setting next_dagrun for example_xcom_args_with_operators to None, run_after=None
[2024-07-26T12:44:21.273+0000] {processor.py:183} INFO - Processing /home/airflow/.local/lib/python3.8/site-packages/airflow/example_dags/example_xcomargs.py took 0.077 seconds
[2024-07-26T12:49:47.859+0000] {processor.py:161} INFO - Started process (PID=119) to work on /home/airflow/.local/lib/python3.8/site-packages/airflow/example_dags/example_xcomargs.py
[2024-07-26T12:49:47.860+0000] {processor.py:830} INFO - Processing file /home/airflow/.local/lib/python3.8/site-packages/airflow/example_dags/example_xcomargs.py for tasks to queue
[2024-07-26T12:49:47.861+0000] {logging_mixin.py:188} INFO - [2024-07-26T12:49:47.861+0000] {dagbag.py:538} INFO - Filling up the DagBag from /home/airflow/.local/lib/python3.8/site-packages/airflow/example_dags/example_xcomargs.py
[2024-07-26T12:49:47.872+0000] {processor.py:840} INFO - DAG(s) 'example_xcom_args_with_operators', 'example_xcom_args' retrieved from /home/airflow/.local/lib/python3.8/site-packages/airflow/example_dags/example_xcomargs.py
[2024-07-26T12:49:48.025+0000] {logging_mixin.py:188} INFO - [2024-07-26T12:49:48.025+0000] {dag.py:3036} INFO - Sync 2 DAGs
[2024-07-26T12:49:48.039+0000] {logging_mixin.py:188} INFO - [2024-07-26T12:49:48.039+0000] {dag.py:3823} INFO - Setting next_dagrun for example_xcom_args to None, run_after=None
[2024-07-26T12:49:48.042+0000] {logging_mixin.py:188} INFO - [2024-07-26T12:49:48.042+0000] {dag.py:3823} INFO - Setting next_dagrun for example_xcom_args_with_operators to None, run_after=None
[2024-07-26T12:49:48.064+0000] {processor.py:183} INFO - Processing /home/airflow/.local/lib/python3.8/site-packages/airflow/example_dags/example_xcomargs.py took 0.208 seconds
[2024-07-26T12:50:18.234+0000] {processor.py:161} INFO - Started process (PID=183) to work on /home/airflow/.local/lib/python3.8/site-packages/airflow/example_dags/example_xcomargs.py
[2024-07-26T12:50:18.236+0000] {processor.py:830} INFO - Processing file /home/airflow/.local/lib/python3.8/site-packages/airflow/example_dags/example_xcomargs.py for tasks to queue
[2024-07-26T12:50:18.238+0000] {logging_mixin.py:188} INFO - [2024-07-26T12:50:18.238+0000] {dagbag.py:538} INFO - Filling up the DagBag from /home/airflow/.local/lib/python3.8/site-packages/airflow/example_dags/example_xcomargs.py
[2024-07-26T12:50:18.246+0000] {processor.py:840} INFO - DAG(s) 'example_xcom_args', 'example_xcom_args_with_operators' retrieved from /home/airflow/.local/lib/python3.8/site-packages/airflow/example_dags/example_xcomargs.py
[2024-07-26T12:50:18.272+0000] {logging_mixin.py:188} INFO - [2024-07-26T12:50:18.272+0000] {dag.py:3036} INFO - Sync 2 DAGs
[2024-07-26T12:50:18.286+0000] {logging_mixin.py:188} INFO - [2024-07-26T12:50:18.286+0000] {dag.py:3823} INFO - Setting next_dagrun for example_xcom_args to None, run_after=None
[2024-07-26T12:50:18.290+0000] {logging_mixin.py:188} INFO - [2024-07-26T12:50:18.290+0000] {dag.py:3823} INFO - Setting next_dagrun for example_xcom_args_with_operators to None, run_after=None
[2024-07-26T12:50:18.307+0000] {processor.py:183} INFO - Processing /home/airflow/.local/lib/python3.8/site-packages/airflow/example_dags/example_xcomargs.py took 0.077 seconds
[2024-07-26T12:50:49.112+0000] {processor.py:161} INFO - Started process (PID=247) to work on /home/airflow/.local/lib/python3.8/site-packages/airflow/example_dags/example_xcomargs.py
[2024-07-26T12:50:49.114+0000] {processor.py:830} INFO - Processing file /home/airflow/.local/lib/python3.8/site-packages/airflow/example_dags/example_xcomargs.py for tasks to queue
[2024-07-26T12:50:49.117+0000] {logging_mixin.py:188} INFO - [2024-07-26T12:50:49.116+0000] {dagbag.py:538} INFO - Filling up the DagBag from /home/airflow/.local/lib/python3.8/site-packages/airflow/example_dags/example_xcomargs.py
[2024-07-26T12:50:49.127+0000] {processor.py:840} INFO - DAG(s) 'example_xcom_args_with_operators', 'example_xcom_args' retrieved from /home/airflow/.local/lib/python3.8/site-packages/airflow/example_dags/example_xcomargs.py
[2024-07-26T12:50:49.156+0000] {logging_mixin.py:188} INFO - [2024-07-26T12:50:49.156+0000] {dag.py:3036} INFO - Sync 2 DAGs
[2024-07-26T12:50:49.173+0000] {logging_mixin.py:188} INFO - [2024-07-26T12:50:49.172+0000] {dag.py:3823} INFO - Setting next_dagrun for example_xcom_args to None, run_after=None
[2024-07-26T12:50:49.177+0000] {logging_mixin.py:188} INFO - [2024-07-26T12:50:49.177+0000] {dag.py:3823} INFO - Setting next_dagrun for example_xcom_args_with_operators to None, run_after=None
[2024-07-26T12:50:49.199+0000] {processor.py:183} INFO - Processing /home/airflow/.local/lib/python3.8/site-packages/airflow/example_dags/example_xcomargs.py took 0.091 seconds
[2024-07-26T12:51:20.234+0000] {processor.py:161} INFO - Started process (PID=311) to work on /home/airflow/.local/lib/python3.8/site-packages/airflow/example_dags/example_xcomargs.py
[2024-07-26T12:51:20.235+0000] {processor.py:830} INFO - Processing file /home/airflow/.local/lib/python3.8/site-packages/airflow/example_dags/example_xcomargs.py for tasks to queue
[2024-07-26T12:51:20.237+0000] {logging_mixin.py:188} INFO - [2024-07-26T12:51:20.236+0000] {dagbag.py:538} INFO - Filling up the DagBag from /home/airflow/.local/lib/python3.8/site-packages/airflow/example_dags/example_xcomargs.py
[2024-07-26T12:51:20.246+0000] {processor.py:840} INFO - DAG(s) 'example_xcom_args_with_operators', 'example_xcom_args' retrieved from /home/airflow/.local/lib/python3.8/site-packages/airflow/example_dags/example_xcomargs.py
[2024-07-26T12:51:20.272+0000] {logging_mixin.py:188} INFO - [2024-07-26T12:51:20.272+0000] {dag.py:3036} INFO - Sync 2 DAGs
[2024-07-26T12:51:20.286+0000] {logging_mixin.py:188} INFO - [2024-07-26T12:51:20.286+0000] {dag.py:3823} INFO - Setting next_dagrun for example_xcom_args to None, run_after=None
[2024-07-26T12:51:20.290+0000] {logging_mixin.py:188} INFO - [2024-07-26T12:51:20.290+0000] {dag.py:3823} INFO - Setting next_dagrun for example_xcom_args_with_operators to None, run_after=None
[2024-07-26T12:51:20.310+0000] {processor.py:183} INFO - Processing /home/airflow/.local/lib/python3.8/site-packages/airflow/example_dags/example_xcomargs.py took 0.080 seconds
[2024-07-26T12:51:50.771+0000] {processor.py:161} INFO - Started process (PID=368) to work on /home/airflow/.local/lib/python3.8/site-packages/airflow/example_dags/example_xcomargs.py
[2024-07-26T12:51:50.772+0000] {processor.py:830} INFO - Processing file /home/airflow/.local/lib/python3.8/site-packages/airflow/example_dags/example_xcomargs.py for tasks to queue
[2024-07-26T12:51:50.775+0000] {logging_mixin.py:188} INFO - [2024-07-26T12:51:50.774+0000] {dagbag.py:538} INFO - Filling up the DagBag from /home/airflow/.local/lib/python3.8/site-packages/airflow/example_dags/example_xcomargs.py
[2024-07-26T12:51:50.785+0000] {processor.py:840} INFO - DAG(s) 'example_xcom_args', 'example_xcom_args_with_operators' retrieved from /home/airflow/.local/lib/python3.8/site-packages/airflow/example_dags/example_xcomargs.py
[2024-07-26T12:51:50.818+0000] {logging_mixin.py:188} INFO - [2024-07-26T12:51:50.818+0000] {dag.py:3036} INFO - Sync 2 DAGs
[2024-07-26T12:51:50.833+0000] {logging_mixin.py:188} INFO - [2024-07-26T12:51:50.832+0000] {dag.py:3823} INFO - Setting next_dagrun for example_xcom_args to None, run_after=None
[2024-07-26T12:51:50.837+0000] {logging_mixin.py:188} INFO - [2024-07-26T12:51:50.837+0000] {dag.py:3823} INFO - Setting next_dagrun for example_xcom_args_with_operators to None, run_after=None
[2024-07-26T12:51:50.856+0000] {processor.py:183} INFO - Processing /home/airflow/.local/lib/python3.8/site-packages/airflow/example_dags/example_xcomargs.py took 0.090 seconds
[2024-07-26T12:52:21.004+0000] {processor.py:161} INFO - Started process (PID=430) to work on /home/airflow/.local/lib/python3.8/site-packages/airflow/example_dags/example_xcomargs.py
[2024-07-26T12:52:21.005+0000] {processor.py:830} INFO - Processing file /home/airflow/.local/lib/python3.8/site-packages/airflow/example_dags/example_xcomargs.py for tasks to queue
[2024-07-26T12:52:21.007+0000] {logging_mixin.py:188} INFO - [2024-07-26T12:52:21.007+0000] {dagbag.py:538} INFO - Filling up the DagBag from /home/airflow/.local/lib/python3.8/site-packages/airflow/example_dags/example_xcomargs.py
[2024-07-26T12:52:21.016+0000] {processor.py:840} INFO - DAG(s) 'example_xcom_args', 'example_xcom_args_with_operators' retrieved from /home/airflow/.local/lib/python3.8/site-packages/airflow/example_dags/example_xcomargs.py
[2024-07-26T12:52:21.045+0000] {logging_mixin.py:188} INFO - [2024-07-26T12:52:21.045+0000] {dag.py:3036} INFO - Sync 2 DAGs
[2024-07-26T12:52:21.059+0000] {logging_mixin.py:188} INFO - [2024-07-26T12:52:21.058+0000] {dag.py:3823} INFO - Setting next_dagrun for example_xcom_args to None, run_after=None
[2024-07-26T12:52:21.063+0000] {logging_mixin.py:188} INFO - [2024-07-26T12:52:21.063+0000] {dag.py:3823} INFO - Setting next_dagrun for example_xcom_args_with_operators to None, run_after=None
[2024-07-26T12:52:21.082+0000] {processor.py:183} INFO - Processing /home/airflow/.local/lib/python3.8/site-packages/airflow/example_dags/example_xcomargs.py took 0.081 seconds
[2024-07-26T12:52:51.623+0000] {processor.py:161} INFO - Started process (PID=494) to work on /home/airflow/.local/lib/python3.8/site-packages/airflow/example_dags/example_xcomargs.py
[2024-07-26T12:52:51.624+0000] {processor.py:830} INFO - Processing file /home/airflow/.local/lib/python3.8/site-packages/airflow/example_dags/example_xcomargs.py for tasks to queue
[2024-07-26T12:52:51.626+0000] {logging_mixin.py:188} INFO - [2024-07-26T12:52:51.626+0000] {dagbag.py:538} INFO - Filling up the DagBag from /home/airflow/.local/lib/python3.8/site-packages/airflow/example_dags/example_xcomargs.py
[2024-07-26T12:52:51.634+0000] {processor.py:840} INFO - DAG(s) 'example_xcom_args', 'example_xcom_args_with_operators' retrieved from /home/airflow/.local/lib/python3.8/site-packages/airflow/example_dags/example_xcomargs.py
[2024-07-26T12:52:51.661+0000] {logging_mixin.py:188} INFO - [2024-07-26T12:52:51.661+0000] {dag.py:3036} INFO - Sync 2 DAGs
[2024-07-26T12:52:51.677+0000] {logging_mixin.py:188} INFO - [2024-07-26T12:52:51.676+0000] {dag.py:3823} INFO - Setting next_dagrun for example_xcom_args to None, run_after=None
[2024-07-26T12:52:51.681+0000] {logging_mixin.py:188} INFO - [2024-07-26T12:52:51.681+0000] {dag.py:3823} INFO - Setting next_dagrun for example_xcom_args_with_operators to None, run_after=None
[2024-07-26T12:52:51.700+0000] {processor.py:183} INFO - Processing /home/airflow/.local/lib/python3.8/site-packages/airflow/example_dags/example_xcomargs.py took 0.080 seconds
[2024-07-26T12:53:22.009+0000] {processor.py:161} INFO - Started process (PID=558) to work on /home/airflow/.local/lib/python3.8/site-packages/airflow/example_dags/example_xcomargs.py
[2024-07-26T12:53:22.010+0000] {processor.py:830} INFO - Processing file /home/airflow/.local/lib/python3.8/site-packages/airflow/example_dags/example_xcomargs.py for tasks to queue
[2024-07-26T12:53:22.012+0000] {logging_mixin.py:188} INFO - [2024-07-26T12:53:22.012+0000] {dagbag.py:538} INFO - Filling up the DagBag from /home/airflow/.local/lib/python3.8/site-packages/airflow/example_dags/example_xcomargs.py
[2024-07-26T12:53:22.021+0000] {processor.py:840} INFO - DAG(s) 'example_xcom_args', 'example_xcom_args_with_operators' retrieved from /home/airflow/.local/lib/python3.8/site-packages/airflow/example_dags/example_xcomargs.py
[2024-07-26T12:53:22.048+0000] {logging_mixin.py:188} INFO - [2024-07-26T12:53:22.048+0000] {dag.py:3036} INFO - Sync 2 DAGs
[2024-07-26T12:53:22.063+0000] {logging_mixin.py:188} INFO - [2024-07-26T12:53:22.063+0000] {dag.py:3823} INFO - Setting next_dagrun for example_xcom_args to None, run_after=None
[2024-07-26T12:53:22.068+0000] {logging_mixin.py:188} INFO - [2024-07-26T12:53:22.068+0000] {dag.py:3823} INFO - Setting next_dagrun for example_xcom_args_with_operators to None, run_after=None
[2024-07-26T12:53:22.096+0000] {processor.py:183} INFO - Processing /home/airflow/.local/lib/python3.8/site-packages/airflow/example_dags/example_xcomargs.py took 0.090 seconds
[2024-07-26T12:53:52.395+0000] {processor.py:161} INFO - Started process (PID=622) to work on /home/airflow/.local/lib/python3.8/site-packages/airflow/example_dags/example_xcomargs.py
[2024-07-26T12:53:52.396+0000] {processor.py:830} INFO - Processing file /home/airflow/.local/lib/python3.8/site-packages/airflow/example_dags/example_xcomargs.py for tasks to queue
[2024-07-26T12:53:52.398+0000] {logging_mixin.py:188} INFO - [2024-07-26T12:53:52.398+0000] {dagbag.py:538} INFO - Filling up the DagBag from /home/airflow/.local/lib/python3.8/site-packages/airflow/example_dags/example_xcomargs.py
[2024-07-26T12:53:52.411+0000] {processor.py:840} INFO - DAG(s) 'example_xcom_args', 'example_xcom_args_with_operators' retrieved from /home/airflow/.local/lib/python3.8/site-packages/airflow/example_dags/example_xcomargs.py
[2024-07-26T12:53:52.441+0000] {logging_mixin.py:188} INFO - [2024-07-26T12:53:52.441+0000] {dag.py:3036} INFO - Sync 2 DAGs
[2024-07-26T12:53:52.455+0000] {logging_mixin.py:188} INFO - [2024-07-26T12:53:52.454+0000] {dag.py:3823} INFO - Setting next_dagrun for example_xcom_args to None, run_after=None
[2024-07-26T12:53:52.459+0000] {logging_mixin.py:188} INFO - [2024-07-26T12:53:52.459+0000] {dag.py:3823} INFO - Setting next_dagrun for example_xcom_args_with_operators to None, run_after=None
[2024-07-26T12:53:52.477+0000] {processor.py:183} INFO - Processing /home/airflow/.local/lib/python3.8/site-packages/airflow/example_dags/example_xcomargs.py took 0.086 seconds
[2024-07-26T12:54:22.950+0000] {processor.py:161} INFO - Started process (PID=686) to work on /home/airflow/.local/lib/python3.8/site-packages/airflow/example_dags/example_xcomargs.py
[2024-07-26T12:54:22.951+0000] {processor.py:830} INFO - Processing file /home/airflow/.local/lib/python3.8/site-packages/airflow/example_dags/example_xcomargs.py for tasks to queue
[2024-07-26T12:54:22.953+0000] {logging_mixin.py:188} INFO - [2024-07-26T12:54:22.953+0000] {dagbag.py:538} INFO - Filling up the DagBag from /home/airflow/.local/lib/python3.8/site-packages/airflow/example_dags/example_xcomargs.py
[2024-07-26T12:54:22.965+0000] {processor.py:840} INFO - DAG(s) 'example_xcom_args', 'example_xcom_args_with_operators' retrieved from /home/airflow/.local/lib/python3.8/site-packages/airflow/example_dags/example_xcomargs.py
[2024-07-26T12:54:23.005+0000] {logging_mixin.py:188} INFO - [2024-07-26T12:54:23.005+0000] {dag.py:3036} INFO - Sync 2 DAGs
[2024-07-26T12:54:23.025+0000] {logging_mixin.py:188} INFO - [2024-07-26T12:54:23.025+0000] {dag.py:3823} INFO - Setting next_dagrun for example_xcom_args to None, run_after=None
[2024-07-26T12:54:23.031+0000] {logging_mixin.py:188} INFO - [2024-07-26T12:54:23.031+0000] {dag.py:3823} INFO - Setting next_dagrun for example_xcom_args_with_operators to None, run_after=None
[2024-07-26T12:54:23.057+0000] {processor.py:183} INFO - Processing /home/airflow/.local/lib/python3.8/site-packages/airflow/example_dags/example_xcomargs.py took 0.112 seconds
[2024-07-26T12:54:53.123+0000] {processor.py:161} INFO - Started process (PID=750) to work on /home/airflow/.local/lib/python3.8/site-packages/airflow/example_dags/example_xcomargs.py
[2024-07-26T12:54:53.124+0000] {processor.py:830} INFO - Processing file /home/airflow/.local/lib/python3.8/site-packages/airflow/example_dags/example_xcomargs.py for tasks to queue
[2024-07-26T12:54:53.126+0000] {logging_mixin.py:188} INFO - [2024-07-26T12:54:53.126+0000] {dagbag.py:538} INFO - Filling up the DagBag from /home/airflow/.local/lib/python3.8/site-packages/airflow/example_dags/example_xcomargs.py
[2024-07-26T12:54:53.135+0000] {processor.py:840} INFO - DAG(s) 'example_xcom_args', 'example_xcom_args_with_operators' retrieved from /home/airflow/.local/lib/python3.8/site-packages/airflow/example_dags/example_xcomargs.py
[2024-07-26T12:54:53.161+0000] {logging_mixin.py:188} INFO - [2024-07-26T12:54:53.161+0000] {dag.py:3036} INFO - Sync 2 DAGs
[2024-07-26T12:54:53.176+0000] {logging_mixin.py:188} INFO - [2024-07-26T12:54:53.176+0000] {dag.py:3823} INFO - Setting next_dagrun for example_xcom_args to None, run_after=None
[2024-07-26T12:54:53.181+0000] {logging_mixin.py:188} INFO - [2024-07-26T12:54:53.181+0000] {dag.py:3823} INFO - Setting next_dagrun for example_xcom_args_with_operators to None, run_after=None
[2024-07-26T12:54:53.203+0000] {processor.py:183} INFO - Processing /home/airflow/.local/lib/python3.8/site-packages/airflow/example_dags/example_xcomargs.py took 0.084 seconds
[2024-07-26T12:55:23.810+0000] {processor.py:161} INFO - Started process (PID=814) to work on /home/airflow/.local/lib/python3.8/site-packages/airflow/example_dags/example_xcomargs.py
[2024-07-26T12:55:23.812+0000] {processor.py:830} INFO - Processing file /home/airflow/.local/lib/python3.8/site-packages/airflow/example_dags/example_xcomargs.py for tasks to queue
[2024-07-26T12:55:23.814+0000] {logging_mixin.py:188} INFO - [2024-07-26T12:55:23.814+0000] {dagbag.py:538} INFO - Filling up the DagBag from /home/airflow/.local/lib/python3.8/site-packages/airflow/example_dags/example_xcomargs.py
[2024-07-26T12:55:23.823+0000] {processor.py:840} INFO - DAG(s) 'example_xcom_args', 'example_xcom_args_with_operators' retrieved from /home/airflow/.local/lib/python3.8/site-packages/airflow/example_dags/example_xcomargs.py
[2024-07-26T12:55:23.850+0000] {logging_mixin.py:188} INFO - [2024-07-26T12:55:23.849+0000] {dag.py:3036} INFO - Sync 2 DAGs
[2024-07-26T12:55:23.865+0000] {logging_mixin.py:188} INFO - [2024-07-26T12:55:23.864+0000] {dag.py:3823} INFO - Setting next_dagrun for example_xcom_args to None, run_after=None
[2024-07-26T12:55:23.869+0000] {logging_mixin.py:188} INFO - [2024-07-26T12:55:23.869+0000] {dag.py:3823} INFO - Setting next_dagrun for example_xcom_args_with_operators to None, run_after=None
[2024-07-26T12:55:23.887+0000] {processor.py:183} INFO - Processing /home/airflow/.local/lib/python3.8/site-packages/airflow/example_dags/example_xcomargs.py took 0.081 seconds
[2024-07-26T12:55:54.719+0000] {processor.py:161} INFO - Started process (PID=878) to work on /home/airflow/.local/lib/python3.8/site-packages/airflow/example_dags/example_xcomargs.py
[2024-07-26T12:55:54.720+0000] {processor.py:830} INFO - Processing file /home/airflow/.local/lib/python3.8/site-packages/airflow/example_dags/example_xcomargs.py for tasks to queue
[2024-07-26T12:55:54.722+0000] {logging_mixin.py:188} INFO - [2024-07-26T12:55:54.722+0000] {dagbag.py:538} INFO - Filling up the DagBag from /home/airflow/.local/lib/python3.8/site-packages/airflow/example_dags/example_xcomargs.py
[2024-07-26T12:55:54.731+0000] {processor.py:840} INFO - DAG(s) 'example_xcom_args_with_operators', 'example_xcom_args' retrieved from /home/airflow/.local/lib/python3.8/site-packages/airflow/example_dags/example_xcomargs.py
[2024-07-26T12:55:54.760+0000] {logging_mixin.py:188} INFO - [2024-07-26T12:55:54.759+0000] {dag.py:3036} INFO - Sync 2 DAGs
[2024-07-26T12:55:54.774+0000] {logging_mixin.py:188} INFO - [2024-07-26T12:55:54.774+0000] {dag.py:3823} INFO - Setting next_dagrun for example_xcom_args to None, run_after=None
[2024-07-26T12:55:54.778+0000] {logging_mixin.py:188} INFO - [2024-07-26T12:55:54.778+0000] {dag.py:3823} INFO - Setting next_dagrun for example_xcom_args_with_operators to None, run_after=None
[2024-07-26T12:55:54.796+0000] {processor.py:183} INFO - Processing /home/airflow/.local/lib/python3.8/site-packages/airflow/example_dags/example_xcomargs.py took 0.081 seconds
[2024-07-26T12:56:25.447+0000] {processor.py:161} INFO - Started process (PID=942) to work on /home/airflow/.local/lib/python3.8/site-packages/airflow/example_dags/example_xcomargs.py
[2024-07-26T12:56:25.448+0000] {processor.py:830} INFO - Processing file /home/airflow/.local/lib/python3.8/site-packages/airflow/example_dags/example_xcomargs.py for tasks to queue
[2024-07-26T12:56:25.451+0000] {logging_mixin.py:188} INFO - [2024-07-26T12:56:25.451+0000] {dagbag.py:538} INFO - Filling up the DagBag from /home/airflow/.local/lib/python3.8/site-packages/airflow/example_dags/example_xcomargs.py
[2024-07-26T12:56:25.463+0000] {processor.py:840} INFO - DAG(s) 'example_xcom_args_with_operators', 'example_xcom_args' retrieved from /home/airflow/.local/lib/python3.8/site-packages/airflow/example_dags/example_xcomargs.py
[2024-07-26T12:56:25.494+0000] {logging_mixin.py:188} INFO - [2024-07-26T12:56:25.494+0000] {dag.py:3036} INFO - Sync 2 DAGs
[2024-07-26T12:56:25.510+0000] {logging_mixin.py:188} INFO - [2024-07-26T12:56:25.509+0000] {dag.py:3823} INFO - Setting next_dagrun for example_xcom_args to None, run_after=None
[2024-07-26T12:56:25.515+0000] {logging_mixin.py:188} INFO - [2024-07-26T12:56:25.515+0000] {dag.py:3823} INFO - Setting next_dagrun for example_xcom_args_with_operators to None, run_after=None
[2024-07-26T12:56:25.540+0000] {processor.py:183} INFO - Processing /home/airflow/.local/lib/python3.8/site-packages/airflow/example_dags/example_xcomargs.py took 0.098 seconds
[2024-07-26T12:56:56.024+0000] {processor.py:161} INFO - Started process (PID=1006) to work on /home/airflow/.local/lib/python3.8/site-packages/airflow/example_dags/example_xcomargs.py
[2024-07-26T12:56:56.025+0000] {processor.py:830} INFO - Processing file /home/airflow/.local/lib/python3.8/site-packages/airflow/example_dags/example_xcomargs.py for tasks to queue
[2024-07-26T12:56:56.027+0000] {logging_mixin.py:188} INFO - [2024-07-26T12:56:56.027+0000] {dagbag.py:538} INFO - Filling up the DagBag from /home/airflow/.local/lib/python3.8/site-packages/airflow/example_dags/example_xcomargs.py
[2024-07-26T12:56:56.037+0000] {processor.py:840} INFO - DAG(s) 'example_xcom_args_with_operators', 'example_xcom_args' retrieved from /home/airflow/.local/lib/python3.8/site-packages/airflow/example_dags/example_xcomargs.py
[2024-07-26T12:56:56.064+0000] {logging_mixin.py:188} INFO - [2024-07-26T12:56:56.064+0000] {dag.py:3036} INFO - Sync 2 DAGs
[2024-07-26T12:56:56.079+0000] {logging_mixin.py:188} INFO - [2024-07-26T12:56:56.078+0000] {dag.py:3823} INFO - Setting next_dagrun for example_xcom_args to None, run_after=None
[2024-07-26T12:56:56.084+0000] {logging_mixin.py:188} INFO - [2024-07-26T12:56:56.083+0000] {dag.py:3823} INFO - Setting next_dagrun for example_xcom_args_with_operators to None, run_after=None
[2024-07-26T12:56:56.100+0000] {processor.py:183} INFO - Processing /home/airflow/.local/lib/python3.8/site-packages/airflow/example_dags/example_xcomargs.py took 0.079 seconds
[2024-07-26T12:57:26.573+0000] {processor.py:161} INFO - Started process (PID=1070) to work on /home/airflow/.local/lib/python3.8/site-packages/airflow/example_dags/example_xcomargs.py
[2024-07-26T12:57:26.574+0000] {processor.py:830} INFO - Processing file /home/airflow/.local/lib/python3.8/site-packages/airflow/example_dags/example_xcomargs.py for tasks to queue
[2024-07-26T12:57:26.576+0000] {logging_mixin.py:188} INFO - [2024-07-26T12:57:26.576+0000] {dagbag.py:538} INFO - Filling up the DagBag from /home/airflow/.local/lib/python3.8/site-packages/airflow/example_dags/example_xcomargs.py
[2024-07-26T12:57:26.586+0000] {processor.py:840} INFO - DAG(s) 'example_xcom_args_with_operators', 'example_xcom_args' retrieved from /home/airflow/.local/lib/python3.8/site-packages/airflow/example_dags/example_xcomargs.py
[2024-07-26T12:57:26.616+0000] {logging_mixin.py:188} INFO - [2024-07-26T12:57:26.615+0000] {dag.py:3036} INFO - Sync 2 DAGs
[2024-07-26T12:57:26.629+0000] {logging_mixin.py:188} INFO - [2024-07-26T12:57:26.629+0000] {dag.py:3823} INFO - Setting next_dagrun for example_xcom_args to None, run_after=None
[2024-07-26T12:57:26.634+0000] {logging_mixin.py:188} INFO - [2024-07-26T12:57:26.634+0000] {dag.py:3823} INFO - Setting next_dagrun for example_xcom_args_with_operators to None, run_after=None
[2024-07-26T12:57:26.654+0000] {processor.py:183} INFO - Processing /home/airflow/.local/lib/python3.8/site-packages/airflow/example_dags/example_xcomargs.py took 0.085 seconds
[2024-07-26T12:57:57.029+0000] {processor.py:161} INFO - Started process (PID=1134) to work on /home/airflow/.local/lib/python3.8/site-packages/airflow/example_dags/example_xcomargs.py
[2024-07-26T12:57:57.031+0000] {processor.py:830} INFO - Processing file /home/airflow/.local/lib/python3.8/site-packages/airflow/example_dags/example_xcomargs.py for tasks to queue
[2024-07-26T12:57:57.033+0000] {logging_mixin.py:188} INFO - [2024-07-26T12:57:57.033+0000] {dagbag.py:538} INFO - Filling up the DagBag from /home/airflow/.local/lib/python3.8/site-packages/airflow/example_dags/example_xcomargs.py
[2024-07-26T12:57:57.046+0000] {processor.py:840} INFO - DAG(s) 'example_xcom_args', 'example_xcom_args_with_operators' retrieved from /home/airflow/.local/lib/python3.8/site-packages/airflow/example_dags/example_xcomargs.py
[2024-07-26T12:57:57.077+0000] {logging_mixin.py:188} INFO - [2024-07-26T12:57:57.076+0000] {dag.py:3036} INFO - Sync 2 DAGs
[2024-07-26T12:57:57.092+0000] {logging_mixin.py:188} INFO - [2024-07-26T12:57:57.091+0000] {dag.py:3823} INFO - Setting next_dagrun for example_xcom_args to None, run_after=None
[2024-07-26T12:57:57.096+0000] {logging_mixin.py:188} INFO - [2024-07-26T12:57:57.096+0000] {dag.py:3823} INFO - Setting next_dagrun for example_xcom_args_with_operators to None, run_after=None
[2024-07-26T12:57:57.113+0000] {processor.py:183} INFO - Processing /home/airflow/.local/lib/python3.8/site-packages/airflow/example_dags/example_xcomargs.py took 0.089 seconds
[2024-07-26T12:58:27.374+0000] {processor.py:161} INFO - Started process (PID=1198) to work on /home/airflow/.local/lib/python3.8/site-packages/airflow/example_dags/example_xcomargs.py
[2024-07-26T12:58:27.375+0000] {processor.py:830} INFO - Processing file /home/airflow/.local/lib/python3.8/site-packages/airflow/example_dags/example_xcomargs.py for tasks to queue
[2024-07-26T12:58:27.377+0000] {logging_mixin.py:188} INFO - [2024-07-26T12:58:27.377+0000] {dagbag.py:538} INFO - Filling up the DagBag from /home/airflow/.local/lib/python3.8/site-packages/airflow/example_dags/example_xcomargs.py
[2024-07-26T12:58:27.386+0000] {processor.py:840} INFO - DAG(s) 'example_xcom_args_with_operators', 'example_xcom_args' retrieved from /home/airflow/.local/lib/python3.8/site-packages/airflow/example_dags/example_xcomargs.py
[2024-07-26T12:58:27.421+0000] {logging_mixin.py:188} INFO - [2024-07-26T12:58:27.421+0000] {dag.py:3036} INFO - Sync 2 DAGs
[2024-07-26T12:58:27.435+0000] {logging_mixin.py:188} INFO - [2024-07-26T12:58:27.435+0000] {dag.py:3823} INFO - Setting next_dagrun for example_xcom_args to None, run_after=None
[2024-07-26T12:58:27.440+0000] {logging_mixin.py:188} INFO - [2024-07-26T12:58:27.440+0000] {dag.py:3823} INFO - Setting next_dagrun for example_xcom_args_with_operators to None, run_after=None
[2024-07-26T12:58:27.458+0000] {processor.py:183} INFO - Processing /home/airflow/.local/lib/python3.8/site-packages/airflow/example_dags/example_xcomargs.py took 0.087 seconds
[2024-07-26T12:58:57.615+0000] {processor.py:161} INFO - Started process (PID=1262) to work on /home/airflow/.local/lib/python3.8/site-packages/airflow/example_dags/example_xcomargs.py
[2024-07-26T12:58:57.617+0000] {processor.py:830} INFO - Processing file /home/airflow/.local/lib/python3.8/site-packages/airflow/example_dags/example_xcomargs.py for tasks to queue
[2024-07-26T12:58:57.619+0000] {logging_mixin.py:188} INFO - [2024-07-26T12:58:57.619+0000] {dagbag.py:538} INFO - Filling up the DagBag from /home/airflow/.local/lib/python3.8/site-packages/airflow/example_dags/example_xcomargs.py
[2024-07-26T12:58:57.629+0000] {processor.py:840} INFO - DAG(s) 'example_xcom_args', 'example_xcom_args_with_operators' retrieved from /home/airflow/.local/lib/python3.8/site-packages/airflow/example_dags/example_xcomargs.py
[2024-07-26T12:58:57.662+0000] {logging_mixin.py:188} INFO - [2024-07-26T12:58:57.662+0000] {dag.py:3036} INFO - Sync 2 DAGs
[2024-07-26T12:58:57.679+0000] {logging_mixin.py:188} INFO - [2024-07-26T12:58:57.678+0000] {dag.py:3823} INFO - Setting next_dagrun for example_xcom_args to None, run_after=None
[2024-07-26T12:58:57.684+0000] {logging_mixin.py:188} INFO - [2024-07-26T12:58:57.683+0000] {dag.py:3823} INFO - Setting next_dagrun for example_xcom_args_with_operators to None, run_after=None
[2024-07-26T12:58:57.703+0000] {processor.py:183} INFO - Processing /home/airflow/.local/lib/python3.8/site-packages/airflow/example_dags/example_xcomargs.py took 0.093 seconds
