[2024-07-26T12:15:26.109+0000] {processor.py:161} INFO - Started process (PID=104) to work on /home/airflow/.local/lib/python3.8/site-packages/airflow/example_dags/example_skip_dag.py
[2024-07-26T12:15:26.111+0000] {processor.py:830} INFO - Processing file /home/airflow/.local/lib/python3.8/site-packages/airflow/example_dags/example_skip_dag.py for tasks to queue
[2024-07-26T12:15:26.115+0000] {logging_mixin.py:188} INFO - [2024-07-26T12:15:26.114+0000] {dagbag.py:538} INFO - Filling up the DagBag from /home/airflow/.local/lib/python3.8/site-packages/airflow/example_dags/example_skip_dag.py
[2024-07-26T12:15:26.132+0000] {processor.py:840} INFO - DAG(s) 'example_skip_dag' retrieved from /home/airflow/.local/lib/python3.8/site-packages/airflow/example_dags/example_skip_dag.py
[2024-07-26T12:15:26.292+0000] {logging_mixin.py:188} INFO - [2024-07-26T12:15:26.292+0000] {dag.py:3036} INFO - Sync 1 DAGs
[2024-07-26T12:15:26.321+0000] {logging_mixin.py:188} INFO - [2024-07-26T12:15:26.320+0000] {dag.py:3823} INFO - Setting next_dagrun for example_skip_dag to 2024-07-25 00:00:00+00:00, run_after=2024-07-26 00:00:00+00:00
[2024-07-26T12:15:26.343+0000] {processor.py:183} INFO - Processing /home/airflow/.local/lib/python3.8/site-packages/airflow/example_dags/example_skip_dag.py took 0.237 seconds
[2024-07-26T12:15:56.780+0000] {processor.py:161} INFO - Started process (PID=168) to work on /home/airflow/.local/lib/python3.8/site-packages/airflow/example_dags/example_skip_dag.py
[2024-07-26T12:15:56.782+0000] {processor.py:830} INFO - Processing file /home/airflow/.local/lib/python3.8/site-packages/airflow/example_dags/example_skip_dag.py for tasks to queue
[2024-07-26T12:15:56.783+0000] {logging_mixin.py:188} INFO - [2024-07-26T12:15:56.783+0000] {dagbag.py:538} INFO - Filling up the DagBag from /home/airflow/.local/lib/python3.8/site-packages/airflow/example_dags/example_skip_dag.py
[2024-07-26T12:15:56.791+0000] {processor.py:840} INFO - DAG(s) 'example_skip_dag' retrieved from /home/airflow/.local/lib/python3.8/site-packages/airflow/example_dags/example_skip_dag.py
[2024-07-26T12:15:56.815+0000] {logging_mixin.py:188} INFO - [2024-07-26T12:15:56.815+0000] {dag.py:3036} INFO - Sync 1 DAGs
[2024-07-26T12:15:56.840+0000] {logging_mixin.py:188} INFO - [2024-07-26T12:15:56.840+0000] {dag.py:3823} INFO - Setting next_dagrun for example_skip_dag to 2024-07-25 00:00:00+00:00, run_after=2024-07-26 00:00:00+00:00
[2024-07-26T12:15:56.861+0000] {processor.py:183} INFO - Processing /home/airflow/.local/lib/python3.8/site-packages/airflow/example_dags/example_skip_dag.py took 0.085 seconds
[2024-07-26T12:16:27.592+0000] {processor.py:161} INFO - Started process (PID=232) to work on /home/airflow/.local/lib/python3.8/site-packages/airflow/example_dags/example_skip_dag.py
[2024-07-26T12:16:27.593+0000] {processor.py:830} INFO - Processing file /home/airflow/.local/lib/python3.8/site-packages/airflow/example_dags/example_skip_dag.py for tasks to queue
[2024-07-26T12:16:27.595+0000] {logging_mixin.py:188} INFO - [2024-07-26T12:16:27.595+0000] {dagbag.py:538} INFO - Filling up the DagBag from /home/airflow/.local/lib/python3.8/site-packages/airflow/example_dags/example_skip_dag.py
[2024-07-26T12:16:27.603+0000] {processor.py:840} INFO - DAG(s) 'example_skip_dag' retrieved from /home/airflow/.local/lib/python3.8/site-packages/airflow/example_dags/example_skip_dag.py
[2024-07-26T12:16:27.631+0000] {logging_mixin.py:188} INFO - [2024-07-26T12:16:27.630+0000] {dag.py:3036} INFO - Sync 1 DAGs
[2024-07-26T12:16:27.656+0000] {logging_mixin.py:188} INFO - [2024-07-26T12:16:27.656+0000] {dag.py:3823} INFO - Setting next_dagrun for example_skip_dag to 2024-07-25 00:00:00+00:00, run_after=2024-07-26 00:00:00+00:00
[2024-07-26T12:16:27.681+0000] {processor.py:183} INFO - Processing /home/airflow/.local/lib/python3.8/site-packages/airflow/example_dags/example_skip_dag.py took 0.094 seconds
[2024-07-26T12:16:57.751+0000] {processor.py:161} INFO - Started process (PID=287) to work on /home/airflow/.local/lib/python3.8/site-packages/airflow/example_dags/example_skip_dag.py
[2024-07-26T12:16:57.753+0000] {processor.py:830} INFO - Processing file /home/airflow/.local/lib/python3.8/site-packages/airflow/example_dags/example_skip_dag.py for tasks to queue
[2024-07-26T12:16:57.755+0000] {logging_mixin.py:188} INFO - [2024-07-26T12:16:57.755+0000] {dagbag.py:538} INFO - Filling up the DagBag from /home/airflow/.local/lib/python3.8/site-packages/airflow/example_dags/example_skip_dag.py
[2024-07-26T12:16:57.762+0000] {processor.py:840} INFO - DAG(s) 'example_skip_dag' retrieved from /home/airflow/.local/lib/python3.8/site-packages/airflow/example_dags/example_skip_dag.py
[2024-07-26T12:16:57.787+0000] {logging_mixin.py:188} INFO - [2024-07-26T12:16:57.786+0000] {dag.py:3036} INFO - Sync 1 DAGs
[2024-07-26T12:16:57.808+0000] {logging_mixin.py:188} INFO - [2024-07-26T12:16:57.808+0000] {dag.py:3823} INFO - Setting next_dagrun for example_skip_dag to 2024-07-25 00:00:00+00:00, run_after=2024-07-26 00:00:00+00:00
[2024-07-26T12:16:57.825+0000] {processor.py:183} INFO - Processing /home/airflow/.local/lib/python3.8/site-packages/airflow/example_dags/example_skip_dag.py took 0.077 seconds
[2024-07-26T12:17:28.196+0000] {processor.py:161} INFO - Started process (PID=351) to work on /home/airflow/.local/lib/python3.8/site-packages/airflow/example_dags/example_skip_dag.py
[2024-07-26T12:17:28.198+0000] {processor.py:830} INFO - Processing file /home/airflow/.local/lib/python3.8/site-packages/airflow/example_dags/example_skip_dag.py for tasks to queue
[2024-07-26T12:17:28.200+0000] {logging_mixin.py:188} INFO - [2024-07-26T12:17:28.200+0000] {dagbag.py:538} INFO - Filling up the DagBag from /home/airflow/.local/lib/python3.8/site-packages/airflow/example_dags/example_skip_dag.py
[2024-07-26T12:17:28.209+0000] {processor.py:840} INFO - DAG(s) 'example_skip_dag' retrieved from /home/airflow/.local/lib/python3.8/site-packages/airflow/example_dags/example_skip_dag.py
[2024-07-26T12:17:28.233+0000] {logging_mixin.py:188} INFO - [2024-07-26T12:17:28.232+0000] {dag.py:3036} INFO - Sync 1 DAGs
[2024-07-26T12:17:28.260+0000] {logging_mixin.py:188} INFO - [2024-07-26T12:17:28.260+0000] {dag.py:3823} INFO - Setting next_dagrun for example_skip_dag to 2024-07-25 00:00:00+00:00, run_after=2024-07-26 00:00:00+00:00
[2024-07-26T12:17:28.283+0000] {processor.py:183} INFO - Processing /home/airflow/.local/lib/python3.8/site-packages/airflow/example_dags/example_skip_dag.py took 0.090 seconds
[2024-07-26T12:17:58.443+0000] {processor.py:161} INFO - Started process (PID=415) to work on /home/airflow/.local/lib/python3.8/site-packages/airflow/example_dags/example_skip_dag.py
[2024-07-26T12:17:58.444+0000] {processor.py:830} INFO - Processing file /home/airflow/.local/lib/python3.8/site-packages/airflow/example_dags/example_skip_dag.py for tasks to queue
[2024-07-26T12:17:58.446+0000] {logging_mixin.py:188} INFO - [2024-07-26T12:17:58.446+0000] {dagbag.py:538} INFO - Filling up the DagBag from /home/airflow/.local/lib/python3.8/site-packages/airflow/example_dags/example_skip_dag.py
[2024-07-26T12:17:58.453+0000] {processor.py:840} INFO - DAG(s) 'example_skip_dag' retrieved from /home/airflow/.local/lib/python3.8/site-packages/airflow/example_dags/example_skip_dag.py
[2024-07-26T12:17:58.480+0000] {logging_mixin.py:188} INFO - [2024-07-26T12:17:58.480+0000] {dag.py:3036} INFO - Sync 1 DAGs
[2024-07-26T12:17:58.507+0000] {logging_mixin.py:188} INFO - [2024-07-26T12:17:58.507+0000] {dag.py:3823} INFO - Setting next_dagrun for example_skip_dag to 2024-07-25 00:00:00+00:00, run_after=2024-07-26 00:00:00+00:00
[2024-07-26T12:17:58.529+0000] {processor.py:183} INFO - Processing /home/airflow/.local/lib/python3.8/site-packages/airflow/example_dags/example_skip_dag.py took 0.089 seconds
[2024-07-26T12:18:29.283+0000] {processor.py:161} INFO - Started process (PID=479) to work on /home/airflow/.local/lib/python3.8/site-packages/airflow/example_dags/example_skip_dag.py
[2024-07-26T12:18:29.284+0000] {processor.py:830} INFO - Processing file /home/airflow/.local/lib/python3.8/site-packages/airflow/example_dags/example_skip_dag.py for tasks to queue
[2024-07-26T12:18:29.286+0000] {logging_mixin.py:188} INFO - [2024-07-26T12:18:29.285+0000] {dagbag.py:538} INFO - Filling up the DagBag from /home/airflow/.local/lib/python3.8/site-packages/airflow/example_dags/example_skip_dag.py
[2024-07-26T12:18:29.293+0000] {processor.py:840} INFO - DAG(s) 'example_skip_dag' retrieved from /home/airflow/.local/lib/python3.8/site-packages/airflow/example_dags/example_skip_dag.py
[2024-07-26T12:18:29.316+0000] {logging_mixin.py:188} INFO - [2024-07-26T12:18:29.316+0000] {dag.py:3036} INFO - Sync 1 DAGs
[2024-07-26T12:18:29.340+0000] {logging_mixin.py:188} INFO - [2024-07-26T12:18:29.340+0000] {dag.py:3823} INFO - Setting next_dagrun for example_skip_dag to 2024-07-25 00:00:00+00:00, run_after=2024-07-26 00:00:00+00:00
[2024-07-26T12:18:29.360+0000] {processor.py:183} INFO - Processing /home/airflow/.local/lib/python3.8/site-packages/airflow/example_dags/example_skip_dag.py took 0.080 seconds
[2024-07-26T12:18:59.607+0000] {processor.py:161} INFO - Started process (PID=543) to work on /home/airflow/.local/lib/python3.8/site-packages/airflow/example_dags/example_skip_dag.py
[2024-07-26T12:18:59.608+0000] {processor.py:830} INFO - Processing file /home/airflow/.local/lib/python3.8/site-packages/airflow/example_dags/example_skip_dag.py for tasks to queue
[2024-07-26T12:18:59.610+0000] {logging_mixin.py:188} INFO - [2024-07-26T12:18:59.610+0000] {dagbag.py:538} INFO - Filling up the DagBag from /home/airflow/.local/lib/python3.8/site-packages/airflow/example_dags/example_skip_dag.py
[2024-07-26T12:18:59.619+0000] {processor.py:840} INFO - DAG(s) 'example_skip_dag' retrieved from /home/airflow/.local/lib/python3.8/site-packages/airflow/example_dags/example_skip_dag.py
[2024-07-26T12:18:59.644+0000] {logging_mixin.py:188} INFO - [2024-07-26T12:18:59.644+0000] {dag.py:3036} INFO - Sync 1 DAGs
[2024-07-26T12:18:59.671+0000] {logging_mixin.py:188} INFO - [2024-07-26T12:18:59.671+0000] {dag.py:3823} INFO - Setting next_dagrun for example_skip_dag to 2024-07-25 00:00:00+00:00, run_after=2024-07-26 00:00:00+00:00
[2024-07-26T12:18:59.692+0000] {processor.py:183} INFO - Processing /home/airflow/.local/lib/python3.8/site-packages/airflow/example_dags/example_skip_dag.py took 0.089 seconds
[2024-07-26T12:19:30.907+0000] {processor.py:161} INFO - Started process (PID=608) to work on /home/airflow/.local/lib/python3.8/site-packages/airflow/example_dags/example_skip_dag.py
[2024-07-26T12:19:30.909+0000] {processor.py:830} INFO - Processing file /home/airflow/.local/lib/python3.8/site-packages/airflow/example_dags/example_skip_dag.py for tasks to queue
[2024-07-26T12:19:30.913+0000] {logging_mixin.py:188} INFO - [2024-07-26T12:19:30.912+0000] {dagbag.py:538} INFO - Filling up the DagBag from /home/airflow/.local/lib/python3.8/site-packages/airflow/example_dags/example_skip_dag.py
[2024-07-26T12:19:30.927+0000] {processor.py:840} INFO - DAG(s) 'example_skip_dag' retrieved from /home/airflow/.local/lib/python3.8/site-packages/airflow/example_dags/example_skip_dag.py
[2024-07-26T12:19:30.970+0000] {logging_mixin.py:188} INFO - [2024-07-26T12:19:30.969+0000] {dag.py:3036} INFO - Sync 1 DAGs
[2024-07-26T12:19:31.012+0000] {logging_mixin.py:188} INFO - [2024-07-26T12:19:31.012+0000] {dag.py:3823} INFO - Setting next_dagrun for example_skip_dag to 2024-07-25 00:00:00+00:00, run_after=2024-07-26 00:00:00+00:00
[2024-07-26T12:19:31.042+0000] {processor.py:183} INFO - Processing /home/airflow/.local/lib/python3.8/site-packages/airflow/example_dags/example_skip_dag.py took 0.140 seconds
[2024-07-26T12:28:17.528+0000] {processor.py:161} INFO - Started process (PID=100) to work on /home/airflow/.local/lib/python3.8/site-packages/airflow/example_dags/example_skip_dag.py
[2024-07-26T12:28:17.530+0000] {processor.py:830} INFO - Processing file /home/airflow/.local/lib/python3.8/site-packages/airflow/example_dags/example_skip_dag.py for tasks to queue
[2024-07-26T12:28:17.532+0000] {logging_mixin.py:188} INFO - [2024-07-26T12:28:17.531+0000] {dagbag.py:538} INFO - Filling up the DagBag from /home/airflow/.local/lib/python3.8/site-packages/airflow/example_dags/example_skip_dag.py
[2024-07-26T12:28:17.544+0000] {processor.py:840} INFO - DAG(s) 'example_skip_dag' retrieved from /home/airflow/.local/lib/python3.8/site-packages/airflow/example_dags/example_skip_dag.py
[2024-07-26T12:28:17.689+0000] {logging_mixin.py:188} INFO - [2024-07-26T12:28:17.689+0000] {dag.py:3036} INFO - Sync 1 DAGs
[2024-07-26T12:28:17.713+0000] {logging_mixin.py:188} INFO - [2024-07-26T12:28:17.713+0000] {dag.py:3823} INFO - Setting next_dagrun for example_skip_dag to 2024-07-25 00:00:00+00:00, run_after=2024-07-26 00:00:00+00:00
[2024-07-26T12:28:17.732+0000] {processor.py:183} INFO - Processing /home/airflow/.local/lib/python3.8/site-packages/airflow/example_dags/example_skip_dag.py took 0.207 seconds
[2024-07-26T12:28:48.631+0000] {processor.py:161} INFO - Started process (PID=169) to work on /home/airflow/.local/lib/python3.8/site-packages/airflow/example_dags/example_skip_dag.py
[2024-07-26T12:28:48.632+0000] {processor.py:830} INFO - Processing file /home/airflow/.local/lib/python3.8/site-packages/airflow/example_dags/example_skip_dag.py for tasks to queue
[2024-07-26T12:28:48.634+0000] {logging_mixin.py:188} INFO - [2024-07-26T12:28:48.634+0000] {dagbag.py:538} INFO - Filling up the DagBag from /home/airflow/.local/lib/python3.8/site-packages/airflow/example_dags/example_skip_dag.py
[2024-07-26T12:28:48.642+0000] {processor.py:840} INFO - DAG(s) 'example_skip_dag' retrieved from /home/airflow/.local/lib/python3.8/site-packages/airflow/example_dags/example_skip_dag.py
[2024-07-26T12:28:48.665+0000] {logging_mixin.py:188} INFO - [2024-07-26T12:28:48.664+0000] {dag.py:3036} INFO - Sync 1 DAGs
[2024-07-26T12:28:48.691+0000] {logging_mixin.py:188} INFO - [2024-07-26T12:28:48.690+0000] {dag.py:3823} INFO - Setting next_dagrun for example_skip_dag to 2024-07-25 00:00:00+00:00, run_after=2024-07-26 00:00:00+00:00
[2024-07-26T12:28:48.712+0000] {processor.py:183} INFO - Processing /home/airflow/.local/lib/python3.8/site-packages/airflow/example_dags/example_skip_dag.py took 0.085 seconds
[2024-07-26T12:29:19.336+0000] {processor.py:161} INFO - Started process (PID=226) to work on /home/airflow/.local/lib/python3.8/site-packages/airflow/example_dags/example_skip_dag.py
[2024-07-26T12:29:19.337+0000] {processor.py:830} INFO - Processing file /home/airflow/.local/lib/python3.8/site-packages/airflow/example_dags/example_skip_dag.py for tasks to queue
[2024-07-26T12:29:19.339+0000] {logging_mixin.py:188} INFO - [2024-07-26T12:29:19.338+0000] {dagbag.py:538} INFO - Filling up the DagBag from /home/airflow/.local/lib/python3.8/site-packages/airflow/example_dags/example_skip_dag.py
[2024-07-26T12:29:19.348+0000] {processor.py:840} INFO - DAG(s) 'example_skip_dag' retrieved from /home/airflow/.local/lib/python3.8/site-packages/airflow/example_dags/example_skip_dag.py
[2024-07-26T12:29:19.375+0000] {logging_mixin.py:188} INFO - [2024-07-26T12:29:19.374+0000] {dag.py:3036} INFO - Sync 1 DAGs
[2024-07-26T12:29:19.398+0000] {logging_mixin.py:188} INFO - [2024-07-26T12:29:19.398+0000] {dag.py:3823} INFO - Setting next_dagrun for example_skip_dag to 2024-07-25 00:00:00+00:00, run_after=2024-07-26 00:00:00+00:00
[2024-07-26T12:29:19.419+0000] {processor.py:183} INFO - Processing /home/airflow/.local/lib/python3.8/site-packages/airflow/example_dags/example_skip_dag.py took 0.086 seconds
[2024-07-26T12:29:49.749+0000] {processor.py:161} INFO - Started process (PID=288) to work on /home/airflow/.local/lib/python3.8/site-packages/airflow/example_dags/example_skip_dag.py
[2024-07-26T12:29:49.751+0000] {processor.py:830} INFO - Processing file /home/airflow/.local/lib/python3.8/site-packages/airflow/example_dags/example_skip_dag.py for tasks to queue
[2024-07-26T12:29:49.753+0000] {logging_mixin.py:188} INFO - [2024-07-26T12:29:49.753+0000] {dagbag.py:538} INFO - Filling up the DagBag from /home/airflow/.local/lib/python3.8/site-packages/airflow/example_dags/example_skip_dag.py
[2024-07-26T12:29:49.762+0000] {processor.py:840} INFO - DAG(s) 'example_skip_dag' retrieved from /home/airflow/.local/lib/python3.8/site-packages/airflow/example_dags/example_skip_dag.py
[2024-07-26T12:29:49.788+0000] {logging_mixin.py:188} INFO - [2024-07-26T12:29:49.788+0000] {dag.py:3036} INFO - Sync 1 DAGs
[2024-07-26T12:29:49.813+0000] {logging_mixin.py:188} INFO - [2024-07-26T12:29:49.813+0000] {dag.py:3823} INFO - Setting next_dagrun for example_skip_dag to 2024-07-25 00:00:00+00:00, run_after=2024-07-26 00:00:00+00:00
[2024-07-26T12:29:49.834+0000] {processor.py:183} INFO - Processing /home/airflow/.local/lib/python3.8/site-packages/airflow/example_dags/example_skip_dag.py took 0.088 seconds
[2024-07-26T12:30:19.912+0000] {processor.py:161} INFO - Started process (PID=352) to work on /home/airflow/.local/lib/python3.8/site-packages/airflow/example_dags/example_skip_dag.py
[2024-07-26T12:30:19.913+0000] {processor.py:830} INFO - Processing file /home/airflow/.local/lib/python3.8/site-packages/airflow/example_dags/example_skip_dag.py for tasks to queue
[2024-07-26T12:30:19.916+0000] {logging_mixin.py:188} INFO - [2024-07-26T12:30:19.916+0000] {dagbag.py:538} INFO - Filling up the DagBag from /home/airflow/.local/lib/python3.8/site-packages/airflow/example_dags/example_skip_dag.py
[2024-07-26T12:30:19.924+0000] {processor.py:840} INFO - DAG(s) 'example_skip_dag' retrieved from /home/airflow/.local/lib/python3.8/site-packages/airflow/example_dags/example_skip_dag.py
[2024-07-26T12:30:19.953+0000] {logging_mixin.py:188} INFO - [2024-07-26T12:30:19.952+0000] {dag.py:3036} INFO - Sync 1 DAGs
[2024-07-26T12:30:19.978+0000] {logging_mixin.py:188} INFO - [2024-07-26T12:30:19.978+0000] {dag.py:3823} INFO - Setting next_dagrun for example_skip_dag to 2024-07-25 00:00:00+00:00, run_after=2024-07-26 00:00:00+00:00
[2024-07-26T12:30:20.001+0000] {processor.py:183} INFO - Processing /home/airflow/.local/lib/python3.8/site-packages/airflow/example_dags/example_skip_dag.py took 0.094 seconds
[2024-07-26T12:30:50.244+0000] {processor.py:161} INFO - Started process (PID=416) to work on /home/airflow/.local/lib/python3.8/site-packages/airflow/example_dags/example_skip_dag.py
[2024-07-26T12:30:50.245+0000] {processor.py:830} INFO - Processing file /home/airflow/.local/lib/python3.8/site-packages/airflow/example_dags/example_skip_dag.py for tasks to queue
[2024-07-26T12:30:50.247+0000] {logging_mixin.py:188} INFO - [2024-07-26T12:30:50.247+0000] {dagbag.py:538} INFO - Filling up the DagBag from /home/airflow/.local/lib/python3.8/site-packages/airflow/example_dags/example_skip_dag.py
[2024-07-26T12:30:50.254+0000] {processor.py:840} INFO - DAG(s) 'example_skip_dag' retrieved from /home/airflow/.local/lib/python3.8/site-packages/airflow/example_dags/example_skip_dag.py
[2024-07-26T12:30:50.277+0000] {logging_mixin.py:188} INFO - [2024-07-26T12:30:50.277+0000] {dag.py:3036} INFO - Sync 1 DAGs
[2024-07-26T12:30:50.300+0000] {logging_mixin.py:188} INFO - [2024-07-26T12:30:50.300+0000] {dag.py:3823} INFO - Setting next_dagrun for example_skip_dag to 2024-07-25 00:00:00+00:00, run_after=2024-07-26 00:00:00+00:00
[2024-07-26T12:30:50.320+0000] {processor.py:183} INFO - Processing /home/airflow/.local/lib/python3.8/site-packages/airflow/example_dags/example_skip_dag.py took 0.079 seconds
[2024-07-26T12:31:20.423+0000] {processor.py:161} INFO - Started process (PID=480) to work on /home/airflow/.local/lib/python3.8/site-packages/airflow/example_dags/example_skip_dag.py
[2024-07-26T12:31:20.424+0000] {processor.py:830} INFO - Processing file /home/airflow/.local/lib/python3.8/site-packages/airflow/example_dags/example_skip_dag.py for tasks to queue
[2024-07-26T12:31:20.427+0000] {logging_mixin.py:188} INFO - [2024-07-26T12:31:20.426+0000] {dagbag.py:538} INFO - Filling up the DagBag from /home/airflow/.local/lib/python3.8/site-packages/airflow/example_dags/example_skip_dag.py
[2024-07-26T12:31:20.435+0000] {processor.py:840} INFO - DAG(s) 'example_skip_dag' retrieved from /home/airflow/.local/lib/python3.8/site-packages/airflow/example_dags/example_skip_dag.py
[2024-07-26T12:31:20.460+0000] {logging_mixin.py:188} INFO - [2024-07-26T12:31:20.460+0000] {dag.py:3036} INFO - Sync 1 DAGs
[2024-07-26T12:31:20.488+0000] {logging_mixin.py:188} INFO - [2024-07-26T12:31:20.488+0000] {dag.py:3823} INFO - Setting next_dagrun for example_skip_dag to 2024-07-25 00:00:00+00:00, run_after=2024-07-26 00:00:00+00:00
[2024-07-26T12:31:20.514+0000] {processor.py:183} INFO - Processing /home/airflow/.local/lib/python3.8/site-packages/airflow/example_dags/example_skip_dag.py took 0.095 seconds
[2024-07-26T12:31:50.729+0000] {processor.py:161} INFO - Started process (PID=544) to work on /home/airflow/.local/lib/python3.8/site-packages/airflow/example_dags/example_skip_dag.py
[2024-07-26T12:31:50.730+0000] {processor.py:830} INFO - Processing file /home/airflow/.local/lib/python3.8/site-packages/airflow/example_dags/example_skip_dag.py for tasks to queue
[2024-07-26T12:31:50.732+0000] {logging_mixin.py:188} INFO - [2024-07-26T12:31:50.732+0000] {dagbag.py:538} INFO - Filling up the DagBag from /home/airflow/.local/lib/python3.8/site-packages/airflow/example_dags/example_skip_dag.py
[2024-07-26T12:31:50.740+0000] {processor.py:840} INFO - DAG(s) 'example_skip_dag' retrieved from /home/airflow/.local/lib/python3.8/site-packages/airflow/example_dags/example_skip_dag.py
[2024-07-26T12:31:50.765+0000] {logging_mixin.py:188} INFO - [2024-07-26T12:31:50.765+0000] {dag.py:3036} INFO - Sync 1 DAGs
[2024-07-26T12:31:50.797+0000] {logging_mixin.py:188} INFO - [2024-07-26T12:31:50.797+0000] {dag.py:3823} INFO - Setting next_dagrun for example_skip_dag to 2024-07-25 00:00:00+00:00, run_after=2024-07-26 00:00:00+00:00
[2024-07-26T12:31:50.822+0000] {processor.py:183} INFO - Processing /home/airflow/.local/lib/python3.8/site-packages/airflow/example_dags/example_skip_dag.py took 0.097 seconds
[2024-07-26T12:32:21.289+0000] {processor.py:161} INFO - Started process (PID=608) to work on /home/airflow/.local/lib/python3.8/site-packages/airflow/example_dags/example_skip_dag.py
[2024-07-26T12:32:21.290+0000] {processor.py:830} INFO - Processing file /home/airflow/.local/lib/python3.8/site-packages/airflow/example_dags/example_skip_dag.py for tasks to queue
[2024-07-26T12:32:21.292+0000] {logging_mixin.py:188} INFO - [2024-07-26T12:32:21.291+0000] {dagbag.py:538} INFO - Filling up the DagBag from /home/airflow/.local/lib/python3.8/site-packages/airflow/example_dags/example_skip_dag.py
[2024-07-26T12:32:21.300+0000] {processor.py:840} INFO - DAG(s) 'example_skip_dag' retrieved from /home/airflow/.local/lib/python3.8/site-packages/airflow/example_dags/example_skip_dag.py
[2024-07-26T12:32:21.330+0000] {logging_mixin.py:188} INFO - [2024-07-26T12:32:21.329+0000] {dag.py:3036} INFO - Sync 1 DAGs
[2024-07-26T12:32:21.355+0000] {logging_mixin.py:188} INFO - [2024-07-26T12:32:21.355+0000] {dag.py:3823} INFO - Setting next_dagrun for example_skip_dag to 2024-07-25 00:00:00+00:00, run_after=2024-07-26 00:00:00+00:00
[2024-07-26T12:32:21.379+0000] {processor.py:183} INFO - Processing /home/airflow/.local/lib/python3.8/site-packages/airflow/example_dags/example_skip_dag.py took 0.094 seconds
[2024-07-26T12:32:52.362+0000] {processor.py:161} INFO - Started process (PID=672) to work on /home/airflow/.local/lib/python3.8/site-packages/airflow/example_dags/example_skip_dag.py
[2024-07-26T12:32:52.363+0000] {processor.py:830} INFO - Processing file /home/airflow/.local/lib/python3.8/site-packages/airflow/example_dags/example_skip_dag.py for tasks to queue
[2024-07-26T12:32:52.365+0000] {logging_mixin.py:188} INFO - [2024-07-26T12:32:52.364+0000] {dagbag.py:538} INFO - Filling up the DagBag from /home/airflow/.local/lib/python3.8/site-packages/airflow/example_dags/example_skip_dag.py
[2024-07-26T12:32:52.372+0000] {processor.py:840} INFO - DAG(s) 'example_skip_dag' retrieved from /home/airflow/.local/lib/python3.8/site-packages/airflow/example_dags/example_skip_dag.py
[2024-07-26T12:32:52.394+0000] {logging_mixin.py:188} INFO - [2024-07-26T12:32:52.394+0000] {dag.py:3036} INFO - Sync 1 DAGs
[2024-07-26T12:32:52.426+0000] {logging_mixin.py:188} INFO - [2024-07-26T12:32:52.426+0000] {dag.py:3823} INFO - Setting next_dagrun for example_skip_dag to 2024-07-25 00:00:00+00:00, run_after=2024-07-26 00:00:00+00:00
[2024-07-26T12:32:52.445+0000] {processor.py:183} INFO - Processing /home/airflow/.local/lib/python3.8/site-packages/airflow/example_dags/example_skip_dag.py took 0.086 seconds
[2024-07-26T12:33:22.879+0000] {processor.py:161} INFO - Started process (PID=737) to work on /home/airflow/.local/lib/python3.8/site-packages/airflow/example_dags/example_skip_dag.py
[2024-07-26T12:33:22.881+0000] {processor.py:830} INFO - Processing file /home/airflow/.local/lib/python3.8/site-packages/airflow/example_dags/example_skip_dag.py for tasks to queue
[2024-07-26T12:33:22.882+0000] {logging_mixin.py:188} INFO - [2024-07-26T12:33:22.882+0000] {dagbag.py:538} INFO - Filling up the DagBag from /home/airflow/.local/lib/python3.8/site-packages/airflow/example_dags/example_skip_dag.py
[2024-07-26T12:33:22.889+0000] {processor.py:840} INFO - DAG(s) 'example_skip_dag' retrieved from /home/airflow/.local/lib/python3.8/site-packages/airflow/example_dags/example_skip_dag.py
[2024-07-26T12:33:22.914+0000] {logging_mixin.py:188} INFO - [2024-07-26T12:33:22.914+0000] {dag.py:3036} INFO - Sync 1 DAGs
[2024-07-26T12:33:22.944+0000] {logging_mixin.py:188} INFO - [2024-07-26T12:33:22.944+0000] {dag.py:3823} INFO - Setting next_dagrun for example_skip_dag to 2024-07-25 00:00:00+00:00, run_after=2024-07-26 00:00:00+00:00
[2024-07-26T12:33:22.975+0000] {processor.py:183} INFO - Processing /home/airflow/.local/lib/python3.8/site-packages/airflow/example_dags/example_skip_dag.py took 0.099 seconds
[2024-07-26T12:33:53.445+0000] {processor.py:161} INFO - Started process (PID=801) to work on /home/airflow/.local/lib/python3.8/site-packages/airflow/example_dags/example_skip_dag.py
[2024-07-26T12:33:53.446+0000] {processor.py:830} INFO - Processing file /home/airflow/.local/lib/python3.8/site-packages/airflow/example_dags/example_skip_dag.py for tasks to queue
[2024-07-26T12:33:53.449+0000] {logging_mixin.py:188} INFO - [2024-07-26T12:33:53.448+0000] {dagbag.py:538} INFO - Filling up the DagBag from /home/airflow/.local/lib/python3.8/site-packages/airflow/example_dags/example_skip_dag.py
[2024-07-26T12:33:53.457+0000] {processor.py:840} INFO - DAG(s) 'example_skip_dag' retrieved from /home/airflow/.local/lib/python3.8/site-packages/airflow/example_dags/example_skip_dag.py
[2024-07-26T12:33:53.481+0000] {logging_mixin.py:188} INFO - [2024-07-26T12:33:53.480+0000] {dag.py:3036} INFO - Sync 1 DAGs
[2024-07-26T12:33:53.506+0000] {logging_mixin.py:188} INFO - [2024-07-26T12:33:53.506+0000] {dag.py:3823} INFO - Setting next_dagrun for example_skip_dag to 2024-07-25 00:00:00+00:00, run_after=2024-07-26 00:00:00+00:00
[2024-07-26T12:33:53.528+0000] {processor.py:183} INFO - Processing /home/airflow/.local/lib/python3.8/site-packages/airflow/example_dags/example_skip_dag.py took 0.089 seconds
[2024-07-26T12:34:23.830+0000] {processor.py:161} INFO - Started process (PID=865) to work on /home/airflow/.local/lib/python3.8/site-packages/airflow/example_dags/example_skip_dag.py
[2024-07-26T12:34:23.833+0000] {processor.py:830} INFO - Processing file /home/airflow/.local/lib/python3.8/site-packages/airflow/example_dags/example_skip_dag.py for tasks to queue
[2024-07-26T12:34:23.837+0000] {logging_mixin.py:188} INFO - [2024-07-26T12:34:23.836+0000] {dagbag.py:538} INFO - Filling up the DagBag from /home/airflow/.local/lib/python3.8/site-packages/airflow/example_dags/example_skip_dag.py
[2024-07-26T12:34:23.856+0000] {processor.py:840} INFO - DAG(s) 'example_skip_dag' retrieved from /home/airflow/.local/lib/python3.8/site-packages/airflow/example_dags/example_skip_dag.py
[2024-07-26T12:34:23.893+0000] {logging_mixin.py:188} INFO - [2024-07-26T12:34:23.893+0000] {dag.py:3036} INFO - Sync 1 DAGs
[2024-07-26T12:34:23.922+0000] {logging_mixin.py:188} INFO - [2024-07-26T12:34:23.922+0000] {dag.py:3823} INFO - Setting next_dagrun for example_skip_dag to 2024-07-25 00:00:00+00:00, run_after=2024-07-26 00:00:00+00:00
[2024-07-26T12:34:23.942+0000] {processor.py:183} INFO - Processing /home/airflow/.local/lib/python3.8/site-packages/airflow/example_dags/example_skip_dag.py took 0.116 seconds
[2024-07-26T12:34:53.978+0000] {processor.py:161} INFO - Started process (PID=928) to work on /home/airflow/.local/lib/python3.8/site-packages/airflow/example_dags/example_skip_dag.py
[2024-07-26T12:34:53.979+0000] {processor.py:830} INFO - Processing file /home/airflow/.local/lib/python3.8/site-packages/airflow/example_dags/example_skip_dag.py for tasks to queue
[2024-07-26T12:34:53.981+0000] {logging_mixin.py:188} INFO - [2024-07-26T12:34:53.981+0000] {dagbag.py:538} INFO - Filling up the DagBag from /home/airflow/.local/lib/python3.8/site-packages/airflow/example_dags/example_skip_dag.py
[2024-07-26T12:34:53.988+0000] {processor.py:840} INFO - DAG(s) 'example_skip_dag' retrieved from /home/airflow/.local/lib/python3.8/site-packages/airflow/example_dags/example_skip_dag.py
[2024-07-26T12:34:54.014+0000] {logging_mixin.py:188} INFO - [2024-07-26T12:34:54.014+0000] {dag.py:3036} INFO - Sync 1 DAGs
[2024-07-26T12:34:54.039+0000] {logging_mixin.py:188} INFO - [2024-07-26T12:34:54.039+0000] {dag.py:3823} INFO - Setting next_dagrun for example_skip_dag to 2024-07-25 00:00:00+00:00, run_after=2024-07-26 00:00:00+00:00
[2024-07-26T12:34:54.060+0000] {processor.py:183} INFO - Processing /home/airflow/.local/lib/python3.8/site-packages/airflow/example_dags/example_skip_dag.py took 0.086 seconds
[2024-07-26T12:35:24.101+0000] {processor.py:161} INFO - Started process (PID=992) to work on /home/airflow/.local/lib/python3.8/site-packages/airflow/example_dags/example_skip_dag.py
[2024-07-26T12:35:24.102+0000] {processor.py:830} INFO - Processing file /home/airflow/.local/lib/python3.8/site-packages/airflow/example_dags/example_skip_dag.py for tasks to queue
[2024-07-26T12:35:24.104+0000] {logging_mixin.py:188} INFO - [2024-07-26T12:35:24.104+0000] {dagbag.py:538} INFO - Filling up the DagBag from /home/airflow/.local/lib/python3.8/site-packages/airflow/example_dags/example_skip_dag.py
[2024-07-26T12:35:24.111+0000] {processor.py:840} INFO - DAG(s) 'example_skip_dag' retrieved from /home/airflow/.local/lib/python3.8/site-packages/airflow/example_dags/example_skip_dag.py
[2024-07-26T12:35:24.134+0000] {logging_mixin.py:188} INFO - [2024-07-26T12:35:24.134+0000] {dag.py:3036} INFO - Sync 1 DAGs
[2024-07-26T12:35:24.157+0000] {logging_mixin.py:188} INFO - [2024-07-26T12:35:24.157+0000] {dag.py:3823} INFO - Setting next_dagrun for example_skip_dag to 2024-07-25 00:00:00+00:00, run_after=2024-07-26 00:00:00+00:00
[2024-07-26T12:35:24.177+0000] {processor.py:183} INFO - Processing /home/airflow/.local/lib/python3.8/site-packages/airflow/example_dags/example_skip_dag.py took 0.079 seconds
[2024-07-26T12:35:54.225+0000] {processor.py:161} INFO - Started process (PID=1056) to work on /home/airflow/.local/lib/python3.8/site-packages/airflow/example_dags/example_skip_dag.py
[2024-07-26T12:35:54.226+0000] {processor.py:830} INFO - Processing file /home/airflow/.local/lib/python3.8/site-packages/airflow/example_dags/example_skip_dag.py for tasks to queue
[2024-07-26T12:35:54.228+0000] {logging_mixin.py:188} INFO - [2024-07-26T12:35:54.228+0000] {dagbag.py:538} INFO - Filling up the DagBag from /home/airflow/.local/lib/python3.8/site-packages/airflow/example_dags/example_skip_dag.py
[2024-07-26T12:35:54.237+0000] {processor.py:840} INFO - DAG(s) 'example_skip_dag' retrieved from /home/airflow/.local/lib/python3.8/site-packages/airflow/example_dags/example_skip_dag.py
[2024-07-26T12:35:54.260+0000] {logging_mixin.py:188} INFO - [2024-07-26T12:35:54.260+0000] {dag.py:3036} INFO - Sync 1 DAGs
[2024-07-26T12:35:54.286+0000] {logging_mixin.py:188} INFO - [2024-07-26T12:35:54.286+0000] {dag.py:3823} INFO - Setting next_dagrun for example_skip_dag to 2024-07-25 00:00:00+00:00, run_after=2024-07-26 00:00:00+00:00
[2024-07-26T12:35:54.308+0000] {processor.py:183} INFO - Processing /home/airflow/.local/lib/python3.8/site-packages/airflow/example_dags/example_skip_dag.py took 0.086 seconds
[2024-07-26T12:36:24.776+0000] {processor.py:161} INFO - Started process (PID=1120) to work on /home/airflow/.local/lib/python3.8/site-packages/airflow/example_dags/example_skip_dag.py
[2024-07-26T12:36:24.777+0000] {processor.py:830} INFO - Processing file /home/airflow/.local/lib/python3.8/site-packages/airflow/example_dags/example_skip_dag.py for tasks to queue
[2024-07-26T12:36:24.779+0000] {logging_mixin.py:188} INFO - [2024-07-26T12:36:24.779+0000] {dagbag.py:538} INFO - Filling up the DagBag from /home/airflow/.local/lib/python3.8/site-packages/airflow/example_dags/example_skip_dag.py
[2024-07-26T12:36:24.787+0000] {processor.py:840} INFO - DAG(s) 'example_skip_dag' retrieved from /home/airflow/.local/lib/python3.8/site-packages/airflow/example_dags/example_skip_dag.py
[2024-07-26T12:36:24.808+0000] {logging_mixin.py:188} INFO - [2024-07-26T12:36:24.808+0000] {dag.py:3036} INFO - Sync 1 DAGs
[2024-07-26T12:36:24.831+0000] {logging_mixin.py:188} INFO - [2024-07-26T12:36:24.831+0000] {dag.py:3823} INFO - Setting next_dagrun for example_skip_dag to 2024-07-25 00:00:00+00:00, run_after=2024-07-26 00:00:00+00:00
[2024-07-26T12:36:24.850+0000] {processor.py:183} INFO - Processing /home/airflow/.local/lib/python3.8/site-packages/airflow/example_dags/example_skip_dag.py took 0.077 seconds
[2024-07-26T12:36:55.103+0000] {processor.py:161} INFO - Started process (PID=1184) to work on /home/airflow/.local/lib/python3.8/site-packages/airflow/example_dags/example_skip_dag.py
[2024-07-26T12:36:55.105+0000] {processor.py:830} INFO - Processing file /home/airflow/.local/lib/python3.8/site-packages/airflow/example_dags/example_skip_dag.py for tasks to queue
[2024-07-26T12:36:55.108+0000] {logging_mixin.py:188} INFO - [2024-07-26T12:36:55.107+0000] {dagbag.py:538} INFO - Filling up the DagBag from /home/airflow/.local/lib/python3.8/site-packages/airflow/example_dags/example_skip_dag.py
[2024-07-26T12:36:55.118+0000] {processor.py:840} INFO - DAG(s) 'example_skip_dag' retrieved from /home/airflow/.local/lib/python3.8/site-packages/airflow/example_dags/example_skip_dag.py
[2024-07-26T12:36:55.143+0000] {logging_mixin.py:188} INFO - [2024-07-26T12:36:55.143+0000] {dag.py:3036} INFO - Sync 1 DAGs
[2024-07-26T12:36:55.166+0000] {logging_mixin.py:188} INFO - [2024-07-26T12:36:55.166+0000] {dag.py:3823} INFO - Setting next_dagrun for example_skip_dag to 2024-07-25 00:00:00+00:00, run_after=2024-07-26 00:00:00+00:00
[2024-07-26T12:36:55.186+0000] {processor.py:183} INFO - Processing /home/airflow/.local/lib/python3.8/site-packages/airflow/example_dags/example_skip_dag.py took 0.087 seconds
[2024-07-26T12:37:25.586+0000] {processor.py:161} INFO - Started process (PID=1248) to work on /home/airflow/.local/lib/python3.8/site-packages/airflow/example_dags/example_skip_dag.py
[2024-07-26T12:37:25.587+0000] {processor.py:830} INFO - Processing file /home/airflow/.local/lib/python3.8/site-packages/airflow/example_dags/example_skip_dag.py for tasks to queue
[2024-07-26T12:37:25.589+0000] {logging_mixin.py:188} INFO - [2024-07-26T12:37:25.589+0000] {dagbag.py:538} INFO - Filling up the DagBag from /home/airflow/.local/lib/python3.8/site-packages/airflow/example_dags/example_skip_dag.py
[2024-07-26T12:37:25.597+0000] {processor.py:840} INFO - DAG(s) 'example_skip_dag' retrieved from /home/airflow/.local/lib/python3.8/site-packages/airflow/example_dags/example_skip_dag.py
[2024-07-26T12:37:25.621+0000] {logging_mixin.py:188} INFO - [2024-07-26T12:37:25.621+0000] {dag.py:3036} INFO - Sync 1 DAGs
[2024-07-26T12:37:25.648+0000] {logging_mixin.py:188} INFO - [2024-07-26T12:37:25.648+0000] {dag.py:3823} INFO - Setting next_dagrun for example_skip_dag to 2024-07-25 00:00:00+00:00, run_after=2024-07-26 00:00:00+00:00
[2024-07-26T12:37:25.669+0000] {processor.py:183} INFO - Processing /home/airflow/.local/lib/python3.8/site-packages/airflow/example_dags/example_skip_dag.py took 0.088 seconds
[2024-07-26T12:38:51.898+0000] {processor.py:161} INFO - Started process (PID=94) to work on /home/airflow/.local/lib/python3.8/site-packages/airflow/example_dags/example_skip_dag.py
[2024-07-26T12:38:51.900+0000] {processor.py:830} INFO - Processing file /home/airflow/.local/lib/python3.8/site-packages/airflow/example_dags/example_skip_dag.py for tasks to queue
[2024-07-26T12:38:51.902+0000] {logging_mixin.py:188} INFO - [2024-07-26T12:38:51.902+0000] {dagbag.py:538} INFO - Filling up the DagBag from /home/airflow/.local/lib/python3.8/site-packages/airflow/example_dags/example_skip_dag.py
[2024-07-26T12:38:51.914+0000] {processor.py:840} INFO - DAG(s) 'example_skip_dag' retrieved from /home/airflow/.local/lib/python3.8/site-packages/airflow/example_dags/example_skip_dag.py
[2024-07-26T12:38:51.928+0000] {logging_mixin.py:188} INFO - [2024-07-26T12:38:51.928+0000] {dag.py:3036} INFO - Sync 1 DAGs
[2024-07-26T12:38:51.962+0000] {logging_mixin.py:188} INFO - [2024-07-26T12:38:51.961+0000] {dag.py:3823} INFO - Setting next_dagrun for example_skip_dag to 2024-07-25 00:00:00+00:00, run_after=2024-07-26 00:00:00+00:00
[2024-07-26T12:38:51.986+0000] {processor.py:183} INFO - Processing /home/airflow/.local/lib/python3.8/site-packages/airflow/example_dags/example_skip_dag.py took 0.091 seconds
[2024-07-26T12:39:22.907+0000] {processor.py:161} INFO - Started process (PID=158) to work on /home/airflow/.local/lib/python3.8/site-packages/airflow/example_dags/example_skip_dag.py
[2024-07-26T12:39:22.908+0000] {processor.py:830} INFO - Processing file /home/airflow/.local/lib/python3.8/site-packages/airflow/example_dags/example_skip_dag.py for tasks to queue
[2024-07-26T12:39:22.911+0000] {logging_mixin.py:188} INFO - [2024-07-26T12:39:22.910+0000] {dagbag.py:538} INFO - Filling up the DagBag from /home/airflow/.local/lib/python3.8/site-packages/airflow/example_dags/example_skip_dag.py
[2024-07-26T12:39:22.918+0000] {processor.py:840} INFO - DAG(s) 'example_skip_dag' retrieved from /home/airflow/.local/lib/python3.8/site-packages/airflow/example_dags/example_skip_dag.py
[2024-07-26T12:39:23.026+0000] {logging_mixin.py:188} INFO - [2024-07-26T12:39:23.026+0000] {dag.py:3036} INFO - Sync 1 DAGs
[2024-07-26T12:39:23.049+0000] {logging_mixin.py:188} INFO - [2024-07-26T12:39:23.049+0000] {dag.py:3823} INFO - Setting next_dagrun for example_skip_dag to 2024-07-25 00:00:00+00:00, run_after=2024-07-26 00:00:00+00:00
[2024-07-26T12:39:23.069+0000] {processor.py:183} INFO - Processing /home/airflow/.local/lib/python3.8/site-packages/airflow/example_dags/example_skip_dag.py took 0.165 seconds
[2024-07-26T12:43:17.526+0000] {processor.py:161} INFO - Started process (PID=99) to work on /home/airflow/.local/lib/python3.8/site-packages/airflow/example_dags/example_skip_dag.py
[2024-07-26T12:43:17.527+0000] {processor.py:830} INFO - Processing file /home/airflow/.local/lib/python3.8/site-packages/airflow/example_dags/example_skip_dag.py for tasks to queue
[2024-07-26T12:43:17.529+0000] {logging_mixin.py:188} INFO - [2024-07-26T12:43:17.529+0000] {dagbag.py:538} INFO - Filling up the DagBag from /home/airflow/.local/lib/python3.8/site-packages/airflow/example_dags/example_skip_dag.py
[2024-07-26T12:43:17.543+0000] {processor.py:840} INFO - DAG(s) 'example_skip_dag' retrieved from /home/airflow/.local/lib/python3.8/site-packages/airflow/example_dags/example_skip_dag.py
[2024-07-26T12:43:17.681+0000] {logging_mixin.py:188} INFO - [2024-07-26T12:43:17.681+0000] {dag.py:3036} INFO - Sync 1 DAGs
[2024-07-26T12:43:17.708+0000] {logging_mixin.py:188} INFO - [2024-07-26T12:43:17.708+0000] {dag.py:3823} INFO - Setting next_dagrun for example_skip_dag to 2024-07-25 00:00:00+00:00, run_after=2024-07-26 00:00:00+00:00
[2024-07-26T12:43:17.729+0000] {processor.py:183} INFO - Processing /home/airflow/.local/lib/python3.8/site-packages/airflow/example_dags/example_skip_dag.py took 0.208 seconds
[2024-07-26T12:43:48.274+0000] {processor.py:161} INFO - Started process (PID=169) to work on /home/airflow/.local/lib/python3.8/site-packages/airflow/example_dags/example_skip_dag.py
[2024-07-26T12:43:48.275+0000] {processor.py:830} INFO - Processing file /home/airflow/.local/lib/python3.8/site-packages/airflow/example_dags/example_skip_dag.py for tasks to queue
[2024-07-26T12:43:48.277+0000] {logging_mixin.py:188} INFO - [2024-07-26T12:43:48.277+0000] {dagbag.py:538} INFO - Filling up the DagBag from /home/airflow/.local/lib/python3.8/site-packages/airflow/example_dags/example_skip_dag.py
[2024-07-26T12:43:48.285+0000] {processor.py:840} INFO - DAG(s) 'example_skip_dag' retrieved from /home/airflow/.local/lib/python3.8/site-packages/airflow/example_dags/example_skip_dag.py
[2024-07-26T12:43:48.308+0000] {logging_mixin.py:188} INFO - [2024-07-26T12:43:48.308+0000] {dag.py:3036} INFO - Sync 1 DAGs
[2024-07-26T12:43:48.334+0000] {logging_mixin.py:188} INFO - [2024-07-26T12:43:48.333+0000] {dag.py:3823} INFO - Setting next_dagrun for example_skip_dag to 2024-07-25 00:00:00+00:00, run_after=2024-07-26 00:00:00+00:00
[2024-07-26T12:43:48.355+0000] {processor.py:183} INFO - Processing /home/airflow/.local/lib/python3.8/site-packages/airflow/example_dags/example_skip_dag.py took 0.084 seconds
[2024-07-26T12:44:19.484+0000] {processor.py:161} INFO - Started process (PID=233) to work on /home/airflow/.local/lib/python3.8/site-packages/airflow/example_dags/example_skip_dag.py
[2024-07-26T12:44:19.485+0000] {processor.py:830} INFO - Processing file /home/airflow/.local/lib/python3.8/site-packages/airflow/example_dags/example_skip_dag.py for tasks to queue
[2024-07-26T12:44:19.487+0000] {logging_mixin.py:188} INFO - [2024-07-26T12:44:19.487+0000] {dagbag.py:538} INFO - Filling up the DagBag from /home/airflow/.local/lib/python3.8/site-packages/airflow/example_dags/example_skip_dag.py
[2024-07-26T12:44:19.495+0000] {processor.py:840} INFO - DAG(s) 'example_skip_dag' retrieved from /home/airflow/.local/lib/python3.8/site-packages/airflow/example_dags/example_skip_dag.py
[2024-07-26T12:44:19.517+0000] {logging_mixin.py:188} INFO - [2024-07-26T12:44:19.517+0000] {dag.py:3036} INFO - Sync 1 DAGs
[2024-07-26T12:44:19.539+0000] {logging_mixin.py:188} INFO - [2024-07-26T12:44:19.539+0000] {dag.py:3823} INFO - Setting next_dagrun for example_skip_dag to 2024-07-25 00:00:00+00:00, run_after=2024-07-26 00:00:00+00:00
[2024-07-26T12:44:19.559+0000] {processor.py:183} INFO - Processing /home/airflow/.local/lib/python3.8/site-packages/airflow/example_dags/example_skip_dag.py took 0.079 seconds
[2024-07-26T12:49:45.068+0000] {processor.py:161} INFO - Started process (PID=99) to work on /home/airflow/.local/lib/python3.8/site-packages/airflow/example_dags/example_skip_dag.py
[2024-07-26T12:49:45.069+0000] {processor.py:830} INFO - Processing file /home/airflow/.local/lib/python3.8/site-packages/airflow/example_dags/example_skip_dag.py for tasks to queue
[2024-07-26T12:49:45.071+0000] {logging_mixin.py:188} INFO - [2024-07-26T12:49:45.071+0000] {dagbag.py:538} INFO - Filling up the DagBag from /home/airflow/.local/lib/python3.8/site-packages/airflow/example_dags/example_skip_dag.py
[2024-07-26T12:49:45.084+0000] {processor.py:840} INFO - DAG(s) 'example_skip_dag' retrieved from /home/airflow/.local/lib/python3.8/site-packages/airflow/example_dags/example_skip_dag.py
[2024-07-26T12:49:45.098+0000] {logging_mixin.py:188} INFO - [2024-07-26T12:49:45.098+0000] {dag.py:3036} INFO - Sync 1 DAGs
[2024-07-26T12:49:45.127+0000] {logging_mixin.py:188} INFO - [2024-07-26T12:49:45.127+0000] {dag.py:3823} INFO - Setting next_dagrun for example_skip_dag to 2024-07-25 00:00:00+00:00, run_after=2024-07-26 00:00:00+00:00
[2024-07-26T12:49:45.152+0000] {processor.py:183} INFO - Processing /home/airflow/.local/lib/python3.8/site-packages/airflow/example_dags/example_skip_dag.py took 0.088 seconds
[2024-07-26T12:50:16.085+0000] {processor.py:161} INFO - Started process (PID=155) to work on /home/airflow/.local/lib/python3.8/site-packages/airflow/example_dags/example_skip_dag.py
[2024-07-26T12:50:16.086+0000] {processor.py:830} INFO - Processing file /home/airflow/.local/lib/python3.8/site-packages/airflow/example_dags/example_skip_dag.py for tasks to queue
[2024-07-26T12:50:16.089+0000] {logging_mixin.py:188} INFO - [2024-07-26T12:50:16.089+0000] {dagbag.py:538} INFO - Filling up the DagBag from /home/airflow/.local/lib/python3.8/site-packages/airflow/example_dags/example_skip_dag.py
[2024-07-26T12:50:16.097+0000] {processor.py:840} INFO - DAG(s) 'example_skip_dag' retrieved from /home/airflow/.local/lib/python3.8/site-packages/airflow/example_dags/example_skip_dag.py
[2024-07-26T12:50:16.217+0000] {logging_mixin.py:188} INFO - [2024-07-26T12:50:16.217+0000] {dag.py:3036} INFO - Sync 1 DAGs
[2024-07-26T12:50:16.240+0000] {logging_mixin.py:188} INFO - [2024-07-26T12:50:16.240+0000] {dag.py:3823} INFO - Setting next_dagrun for example_skip_dag to 2024-07-25 00:00:00+00:00, run_after=2024-07-26 00:00:00+00:00
[2024-07-26T12:50:16.273+0000] {processor.py:183} INFO - Processing /home/airflow/.local/lib/python3.8/site-packages/airflow/example_dags/example_skip_dag.py took 0.192 seconds
[2024-07-26T12:50:46.355+0000] {processor.py:161} INFO - Started process (PID=218) to work on /home/airflow/.local/lib/python3.8/site-packages/airflow/example_dags/example_skip_dag.py
[2024-07-26T12:50:46.356+0000] {processor.py:830} INFO - Processing file /home/airflow/.local/lib/python3.8/site-packages/airflow/example_dags/example_skip_dag.py for tasks to queue
[2024-07-26T12:50:46.357+0000] {logging_mixin.py:188} INFO - [2024-07-26T12:50:46.357+0000] {dagbag.py:538} INFO - Filling up the DagBag from /home/airflow/.local/lib/python3.8/site-packages/airflow/example_dags/example_skip_dag.py
[2024-07-26T12:50:46.364+0000] {processor.py:840} INFO - DAG(s) 'example_skip_dag' retrieved from /home/airflow/.local/lib/python3.8/site-packages/airflow/example_dags/example_skip_dag.py
[2024-07-26T12:50:46.388+0000] {logging_mixin.py:188} INFO - [2024-07-26T12:50:46.388+0000] {dag.py:3036} INFO - Sync 1 DAGs
[2024-07-26T12:50:46.413+0000] {logging_mixin.py:188} INFO - [2024-07-26T12:50:46.413+0000] {dag.py:3823} INFO - Setting next_dagrun for example_skip_dag to 2024-07-25 00:00:00+00:00, run_after=2024-07-26 00:00:00+00:00
[2024-07-26T12:50:46.437+0000] {processor.py:183} INFO - Processing /home/airflow/.local/lib/python3.8/site-packages/airflow/example_dags/example_skip_dag.py took 0.085 seconds
[2024-07-26T12:51:16.551+0000] {processor.py:161} INFO - Started process (PID=282) to work on /home/airflow/.local/lib/python3.8/site-packages/airflow/example_dags/example_skip_dag.py
[2024-07-26T12:51:16.553+0000] {processor.py:830} INFO - Processing file /home/airflow/.local/lib/python3.8/site-packages/airflow/example_dags/example_skip_dag.py for tasks to queue
[2024-07-26T12:51:16.555+0000] {logging_mixin.py:188} INFO - [2024-07-26T12:51:16.555+0000] {dagbag.py:538} INFO - Filling up the DagBag from /home/airflow/.local/lib/python3.8/site-packages/airflow/example_dags/example_skip_dag.py
[2024-07-26T12:51:16.562+0000] {processor.py:840} INFO - DAG(s) 'example_skip_dag' retrieved from /home/airflow/.local/lib/python3.8/site-packages/airflow/example_dags/example_skip_dag.py
[2024-07-26T12:51:16.588+0000] {logging_mixin.py:188} INFO - [2024-07-26T12:51:16.588+0000] {dag.py:3036} INFO - Sync 1 DAGs
[2024-07-26T12:51:16.612+0000] {logging_mixin.py:188} INFO - [2024-07-26T12:51:16.612+0000] {dag.py:3823} INFO - Setting next_dagrun for example_skip_dag to 2024-07-25 00:00:00+00:00, run_after=2024-07-26 00:00:00+00:00
[2024-07-26T12:51:16.636+0000] {processor.py:183} INFO - Processing /home/airflow/.local/lib/python3.8/site-packages/airflow/example_dags/example_skip_dag.py took 0.087 seconds
[2024-07-26T12:51:46.838+0000] {processor.py:161} INFO - Started process (PID=346) to work on /home/airflow/.local/lib/python3.8/site-packages/airflow/example_dags/example_skip_dag.py
[2024-07-26T12:51:46.839+0000] {processor.py:830} INFO - Processing file /home/airflow/.local/lib/python3.8/site-packages/airflow/example_dags/example_skip_dag.py for tasks to queue
[2024-07-26T12:51:46.841+0000] {logging_mixin.py:188} INFO - [2024-07-26T12:51:46.841+0000] {dagbag.py:538} INFO - Filling up the DagBag from /home/airflow/.local/lib/python3.8/site-packages/airflow/example_dags/example_skip_dag.py
[2024-07-26T12:51:46.849+0000] {processor.py:840} INFO - DAG(s) 'example_skip_dag' retrieved from /home/airflow/.local/lib/python3.8/site-packages/airflow/example_dags/example_skip_dag.py
[2024-07-26T12:51:46.874+0000] {logging_mixin.py:188} INFO - [2024-07-26T12:51:46.874+0000] {dag.py:3036} INFO - Sync 1 DAGs
[2024-07-26T12:51:46.902+0000] {logging_mixin.py:188} INFO - [2024-07-26T12:51:46.902+0000] {dag.py:3823} INFO - Setting next_dagrun for example_skip_dag to 2024-07-25 00:00:00+00:00, run_after=2024-07-26 00:00:00+00:00
[2024-07-26T12:51:46.926+0000] {processor.py:183} INFO - Processing /home/airflow/.local/lib/python3.8/site-packages/airflow/example_dags/example_skip_dag.py took 0.092 seconds
[2024-07-26T12:52:17.663+0000] {processor.py:161} INFO - Started process (PID=410) to work on /home/airflow/.local/lib/python3.8/site-packages/airflow/example_dags/example_skip_dag.py
[2024-07-26T12:52:17.664+0000] {processor.py:830} INFO - Processing file /home/airflow/.local/lib/python3.8/site-packages/airflow/example_dags/example_skip_dag.py for tasks to queue
[2024-07-26T12:52:17.667+0000] {logging_mixin.py:188} INFO - [2024-07-26T12:52:17.666+0000] {dagbag.py:538} INFO - Filling up the DagBag from /home/airflow/.local/lib/python3.8/site-packages/airflow/example_dags/example_skip_dag.py
[2024-07-26T12:52:17.674+0000] {processor.py:840} INFO - DAG(s) 'example_skip_dag' retrieved from /home/airflow/.local/lib/python3.8/site-packages/airflow/example_dags/example_skip_dag.py
[2024-07-26T12:52:17.696+0000] {logging_mixin.py:188} INFO - [2024-07-26T12:52:17.696+0000] {dag.py:3036} INFO - Sync 1 DAGs
[2024-07-26T12:52:17.720+0000] {logging_mixin.py:188} INFO - [2024-07-26T12:52:17.720+0000] {dag.py:3823} INFO - Setting next_dagrun for example_skip_dag to 2024-07-25 00:00:00+00:00, run_after=2024-07-26 00:00:00+00:00
[2024-07-26T12:52:17.738+0000] {processor.py:183} INFO - Processing /home/airflow/.local/lib/python3.8/site-packages/airflow/example_dags/example_skip_dag.py took 0.081 seconds
[2024-07-26T12:52:48.130+0000] {processor.py:161} INFO - Started process (PID=474) to work on /home/airflow/.local/lib/python3.8/site-packages/airflow/example_dags/example_skip_dag.py
[2024-07-26T12:52:48.131+0000] {processor.py:830} INFO - Processing file /home/airflow/.local/lib/python3.8/site-packages/airflow/example_dags/example_skip_dag.py for tasks to queue
[2024-07-26T12:52:48.133+0000] {logging_mixin.py:188} INFO - [2024-07-26T12:52:48.133+0000] {dagbag.py:538} INFO - Filling up the DagBag from /home/airflow/.local/lib/python3.8/site-packages/airflow/example_dags/example_skip_dag.py
[2024-07-26T12:52:48.140+0000] {processor.py:840} INFO - DAG(s) 'example_skip_dag' retrieved from /home/airflow/.local/lib/python3.8/site-packages/airflow/example_dags/example_skip_dag.py
[2024-07-26T12:52:48.167+0000] {logging_mixin.py:188} INFO - [2024-07-26T12:52:48.166+0000] {dag.py:3036} INFO - Sync 1 DAGs
[2024-07-26T12:52:48.193+0000] {logging_mixin.py:188} INFO - [2024-07-26T12:52:48.193+0000] {dag.py:3823} INFO - Setting next_dagrun for example_skip_dag to 2024-07-25 00:00:00+00:00, run_after=2024-07-26 00:00:00+00:00
[2024-07-26T12:52:48.216+0000] {processor.py:183} INFO - Processing /home/airflow/.local/lib/python3.8/site-packages/airflow/example_dags/example_skip_dag.py took 0.089 seconds
[2024-07-26T12:53:18.787+0000] {processor.py:161} INFO - Started process (PID=538) to work on /home/airflow/.local/lib/python3.8/site-packages/airflow/example_dags/example_skip_dag.py
[2024-07-26T12:53:18.788+0000] {processor.py:830} INFO - Processing file /home/airflow/.local/lib/python3.8/site-packages/airflow/example_dags/example_skip_dag.py for tasks to queue
[2024-07-26T12:53:18.790+0000] {logging_mixin.py:188} INFO - [2024-07-26T12:53:18.790+0000] {dagbag.py:538} INFO - Filling up the DagBag from /home/airflow/.local/lib/python3.8/site-packages/airflow/example_dags/example_skip_dag.py
[2024-07-26T12:53:18.797+0000] {processor.py:840} INFO - DAG(s) 'example_skip_dag' retrieved from /home/airflow/.local/lib/python3.8/site-packages/airflow/example_dags/example_skip_dag.py
[2024-07-26T12:53:18.819+0000] {logging_mixin.py:188} INFO - [2024-07-26T12:53:18.819+0000] {dag.py:3036} INFO - Sync 1 DAGs
[2024-07-26T12:53:18.843+0000] {logging_mixin.py:188} INFO - [2024-07-26T12:53:18.843+0000] {dag.py:3823} INFO - Setting next_dagrun for example_skip_dag to 2024-07-25 00:00:00+00:00, run_after=2024-07-26 00:00:00+00:00
[2024-07-26T12:53:18.864+0000] {processor.py:183} INFO - Processing /home/airflow/.local/lib/python3.8/site-packages/airflow/example_dags/example_skip_dag.py took 0.080 seconds
[2024-07-26T12:53:49.095+0000] {processor.py:161} INFO - Started process (PID=602) to work on /home/airflow/.local/lib/python3.8/site-packages/airflow/example_dags/example_skip_dag.py
[2024-07-26T12:53:49.097+0000] {processor.py:830} INFO - Processing file /home/airflow/.local/lib/python3.8/site-packages/airflow/example_dags/example_skip_dag.py for tasks to queue
[2024-07-26T12:53:49.099+0000] {logging_mixin.py:188} INFO - [2024-07-26T12:53:49.099+0000] {dagbag.py:538} INFO - Filling up the DagBag from /home/airflow/.local/lib/python3.8/site-packages/airflow/example_dags/example_skip_dag.py
[2024-07-26T12:53:49.106+0000] {processor.py:840} INFO - DAG(s) 'example_skip_dag' retrieved from /home/airflow/.local/lib/python3.8/site-packages/airflow/example_dags/example_skip_dag.py
[2024-07-26T12:53:49.130+0000] {logging_mixin.py:188} INFO - [2024-07-26T12:53:49.130+0000] {dag.py:3036} INFO - Sync 1 DAGs
[2024-07-26T12:53:49.155+0000] {logging_mixin.py:188} INFO - [2024-07-26T12:53:49.154+0000] {dag.py:3823} INFO - Setting next_dagrun for example_skip_dag to 2024-07-25 00:00:00+00:00, run_after=2024-07-26 00:00:00+00:00
[2024-07-26T12:53:49.175+0000] {processor.py:183} INFO - Processing /home/airflow/.local/lib/python3.8/site-packages/airflow/example_dags/example_skip_dag.py took 0.083 seconds
[2024-07-26T12:54:19.466+0000] {processor.py:161} INFO - Started process (PID=666) to work on /home/airflow/.local/lib/python3.8/site-packages/airflow/example_dags/example_skip_dag.py
[2024-07-26T12:54:19.467+0000] {processor.py:830} INFO - Processing file /home/airflow/.local/lib/python3.8/site-packages/airflow/example_dags/example_skip_dag.py for tasks to queue
[2024-07-26T12:54:19.469+0000] {logging_mixin.py:188} INFO - [2024-07-26T12:54:19.469+0000] {dagbag.py:538} INFO - Filling up the DagBag from /home/airflow/.local/lib/python3.8/site-packages/airflow/example_dags/example_skip_dag.py
[2024-07-26T12:54:19.476+0000] {processor.py:840} INFO - DAG(s) 'example_skip_dag' retrieved from /home/airflow/.local/lib/python3.8/site-packages/airflow/example_dags/example_skip_dag.py
[2024-07-26T12:54:19.498+0000] {logging_mixin.py:188} INFO - [2024-07-26T12:54:19.498+0000] {dag.py:3036} INFO - Sync 1 DAGs
[2024-07-26T12:54:19.521+0000] {logging_mixin.py:188} INFO - [2024-07-26T12:54:19.521+0000] {dag.py:3823} INFO - Setting next_dagrun for example_skip_dag to 2024-07-25 00:00:00+00:00, run_after=2024-07-26 00:00:00+00:00
[2024-07-26T12:54:19.539+0000] {processor.py:183} INFO - Processing /home/airflow/.local/lib/python3.8/site-packages/airflow/example_dags/example_skip_dag.py took 0.076 seconds
[2024-07-26T12:54:49.719+0000] {processor.py:161} INFO - Started process (PID=730) to work on /home/airflow/.local/lib/python3.8/site-packages/airflow/example_dags/example_skip_dag.py
[2024-07-26T12:54:49.720+0000] {processor.py:830} INFO - Processing file /home/airflow/.local/lib/python3.8/site-packages/airflow/example_dags/example_skip_dag.py for tasks to queue
[2024-07-26T12:54:49.723+0000] {logging_mixin.py:188} INFO - [2024-07-26T12:54:49.723+0000] {dagbag.py:538} INFO - Filling up the DagBag from /home/airflow/.local/lib/python3.8/site-packages/airflow/example_dags/example_skip_dag.py
[2024-07-26T12:54:49.730+0000] {processor.py:840} INFO - DAG(s) 'example_skip_dag' retrieved from /home/airflow/.local/lib/python3.8/site-packages/airflow/example_dags/example_skip_dag.py
[2024-07-26T12:54:49.755+0000] {logging_mixin.py:188} INFO - [2024-07-26T12:54:49.755+0000] {dag.py:3036} INFO - Sync 1 DAGs
[2024-07-26T12:54:49.783+0000] {logging_mixin.py:188} INFO - [2024-07-26T12:54:49.783+0000] {dag.py:3823} INFO - Setting next_dagrun for example_skip_dag to 2024-07-25 00:00:00+00:00, run_after=2024-07-26 00:00:00+00:00
[2024-07-26T12:54:49.806+0000] {processor.py:183} INFO - Processing /home/airflow/.local/lib/python3.8/site-packages/airflow/example_dags/example_skip_dag.py took 0.090 seconds
[2024-07-26T12:55:19.847+0000] {processor.py:161} INFO - Started process (PID=793) to work on /home/airflow/.local/lib/python3.8/site-packages/airflow/example_dags/example_skip_dag.py
[2024-07-26T12:55:19.848+0000] {processor.py:830} INFO - Processing file /home/airflow/.local/lib/python3.8/site-packages/airflow/example_dags/example_skip_dag.py for tasks to queue
[2024-07-26T12:55:19.850+0000] {logging_mixin.py:188} INFO - [2024-07-26T12:55:19.850+0000] {dagbag.py:538} INFO - Filling up the DagBag from /home/airflow/.local/lib/python3.8/site-packages/airflow/example_dags/example_skip_dag.py
[2024-07-26T12:55:19.858+0000] {processor.py:840} INFO - DAG(s) 'example_skip_dag' retrieved from /home/airflow/.local/lib/python3.8/site-packages/airflow/example_dags/example_skip_dag.py
[2024-07-26T12:55:19.882+0000] {logging_mixin.py:188} INFO - [2024-07-26T12:55:19.882+0000] {dag.py:3036} INFO - Sync 1 DAGs
[2024-07-26T12:55:19.906+0000] {logging_mixin.py:188} INFO - [2024-07-26T12:55:19.906+0000] {dag.py:3823} INFO - Setting next_dagrun for example_skip_dag to 2024-07-25 00:00:00+00:00, run_after=2024-07-26 00:00:00+00:00
[2024-07-26T12:55:19.927+0000] {processor.py:183} INFO - Processing /home/airflow/.local/lib/python3.8/site-packages/airflow/example_dags/example_skip_dag.py took 0.085 seconds
[2024-07-26T12:55:50.103+0000] {processor.py:161} INFO - Started process (PID=857) to work on /home/airflow/.local/lib/python3.8/site-packages/airflow/example_dags/example_skip_dag.py
[2024-07-26T12:55:50.105+0000] {processor.py:830} INFO - Processing file /home/airflow/.local/lib/python3.8/site-packages/airflow/example_dags/example_skip_dag.py for tasks to queue
[2024-07-26T12:55:50.109+0000] {logging_mixin.py:188} INFO - [2024-07-26T12:55:50.108+0000] {dagbag.py:538} INFO - Filling up the DagBag from /home/airflow/.local/lib/python3.8/site-packages/airflow/example_dags/example_skip_dag.py
[2024-07-26T12:55:50.123+0000] {processor.py:840} INFO - DAG(s) 'example_skip_dag' retrieved from /home/airflow/.local/lib/python3.8/site-packages/airflow/example_dags/example_skip_dag.py
[2024-07-26T12:55:50.164+0000] {logging_mixin.py:188} INFO - [2024-07-26T12:55:50.163+0000] {dag.py:3036} INFO - Sync 1 DAGs
[2024-07-26T12:55:50.205+0000] {logging_mixin.py:188} INFO - [2024-07-26T12:55:50.205+0000] {dag.py:3823} INFO - Setting next_dagrun for example_skip_dag to 2024-07-25 00:00:00+00:00, run_after=2024-07-26 00:00:00+00:00
[2024-07-26T12:55:50.227+0000] {processor.py:183} INFO - Processing /home/airflow/.local/lib/python3.8/site-packages/airflow/example_dags/example_skip_dag.py took 0.134 seconds
[2024-07-26T12:56:20.981+0000] {processor.py:161} INFO - Started process (PID=921) to work on /home/airflow/.local/lib/python3.8/site-packages/airflow/example_dags/example_skip_dag.py
[2024-07-26T12:56:20.982+0000] {processor.py:830} INFO - Processing file /home/airflow/.local/lib/python3.8/site-packages/airflow/example_dags/example_skip_dag.py for tasks to queue
[2024-07-26T12:56:20.984+0000] {logging_mixin.py:188} INFO - [2024-07-26T12:56:20.983+0000] {dagbag.py:538} INFO - Filling up the DagBag from /home/airflow/.local/lib/python3.8/site-packages/airflow/example_dags/example_skip_dag.py
[2024-07-26T12:56:20.990+0000] {processor.py:840} INFO - DAG(s) 'example_skip_dag' retrieved from /home/airflow/.local/lib/python3.8/site-packages/airflow/example_dags/example_skip_dag.py
[2024-07-26T12:56:21.014+0000] {logging_mixin.py:188} INFO - [2024-07-26T12:56:21.014+0000] {dag.py:3036} INFO - Sync 1 DAGs
[2024-07-26T12:56:21.040+0000] {logging_mixin.py:188} INFO - [2024-07-26T12:56:21.040+0000] {dag.py:3823} INFO - Setting next_dagrun for example_skip_dag to 2024-07-25 00:00:00+00:00, run_after=2024-07-26 00:00:00+00:00
[2024-07-26T12:56:21.076+0000] {processor.py:183} INFO - Processing /home/airflow/.local/lib/python3.8/site-packages/airflow/example_dags/example_skip_dag.py took 0.098 seconds
[2024-07-26T12:56:51.179+0000] {processor.py:161} INFO - Started process (PID=985) to work on /home/airflow/.local/lib/python3.8/site-packages/airflow/example_dags/example_skip_dag.py
[2024-07-26T12:56:51.180+0000] {processor.py:830} INFO - Processing file /home/airflow/.local/lib/python3.8/site-packages/airflow/example_dags/example_skip_dag.py for tasks to queue
[2024-07-26T12:56:51.182+0000] {logging_mixin.py:188} INFO - [2024-07-26T12:56:51.181+0000] {dagbag.py:538} INFO - Filling up the DagBag from /home/airflow/.local/lib/python3.8/site-packages/airflow/example_dags/example_skip_dag.py
[2024-07-26T12:56:51.189+0000] {processor.py:840} INFO - DAG(s) 'example_skip_dag' retrieved from /home/airflow/.local/lib/python3.8/site-packages/airflow/example_dags/example_skip_dag.py
[2024-07-26T12:56:51.221+0000] {logging_mixin.py:188} INFO - [2024-07-26T12:56:51.220+0000] {dag.py:3036} INFO - Sync 1 DAGs
[2024-07-26T12:56:51.247+0000] {logging_mixin.py:188} INFO - [2024-07-26T12:56:51.247+0000] {dag.py:3823} INFO - Setting next_dagrun for example_skip_dag to 2024-07-25 00:00:00+00:00, run_after=2024-07-26 00:00:00+00:00
[2024-07-26T12:56:51.266+0000] {processor.py:183} INFO - Processing /home/airflow/.local/lib/python3.8/site-packages/airflow/example_dags/example_skip_dag.py took 0.091 seconds
[2024-07-26T12:57:21.659+0000] {processor.py:161} INFO - Started process (PID=1049) to work on /home/airflow/.local/lib/python3.8/site-packages/airflow/example_dags/example_skip_dag.py
[2024-07-26T12:57:21.661+0000] {processor.py:830} INFO - Processing file /home/airflow/.local/lib/python3.8/site-packages/airflow/example_dags/example_skip_dag.py for tasks to queue
[2024-07-26T12:57:21.663+0000] {logging_mixin.py:188} INFO - [2024-07-26T12:57:21.663+0000] {dagbag.py:538} INFO - Filling up the DagBag from /home/airflow/.local/lib/python3.8/site-packages/airflow/example_dags/example_skip_dag.py
[2024-07-26T12:57:21.672+0000] {processor.py:840} INFO - DAG(s) 'example_skip_dag' retrieved from /home/airflow/.local/lib/python3.8/site-packages/airflow/example_dags/example_skip_dag.py
[2024-07-26T12:57:21.698+0000] {logging_mixin.py:188} INFO - [2024-07-26T12:57:21.697+0000] {dag.py:3036} INFO - Sync 1 DAGs
[2024-07-26T12:57:21.722+0000] {logging_mixin.py:188} INFO - [2024-07-26T12:57:21.721+0000] {dag.py:3823} INFO - Setting next_dagrun for example_skip_dag to 2024-07-25 00:00:00+00:00, run_after=2024-07-26 00:00:00+00:00
[2024-07-26T12:57:21.741+0000] {processor.py:183} INFO - Processing /home/airflow/.local/lib/python3.8/site-packages/airflow/example_dags/example_skip_dag.py took 0.086 seconds
[2024-07-26T12:57:52.148+0000] {processor.py:161} INFO - Started process (PID=1113) to work on /home/airflow/.local/lib/python3.8/site-packages/airflow/example_dags/example_skip_dag.py
[2024-07-26T12:57:52.149+0000] {processor.py:830} INFO - Processing file /home/airflow/.local/lib/python3.8/site-packages/airflow/example_dags/example_skip_dag.py for tasks to queue
[2024-07-26T12:57:52.151+0000] {logging_mixin.py:188} INFO - [2024-07-26T12:57:52.150+0000] {dagbag.py:538} INFO - Filling up the DagBag from /home/airflow/.local/lib/python3.8/site-packages/airflow/example_dags/example_skip_dag.py
[2024-07-26T12:57:52.161+0000] {processor.py:840} INFO - DAG(s) 'example_skip_dag' retrieved from /home/airflow/.local/lib/python3.8/site-packages/airflow/example_dags/example_skip_dag.py
[2024-07-26T12:57:52.187+0000] {logging_mixin.py:188} INFO - [2024-07-26T12:57:52.187+0000] {dag.py:3036} INFO - Sync 1 DAGs
[2024-07-26T12:57:52.215+0000] {logging_mixin.py:188} INFO - [2024-07-26T12:57:52.214+0000] {dag.py:3823} INFO - Setting next_dagrun for example_skip_dag to 2024-07-25 00:00:00+00:00, run_after=2024-07-26 00:00:00+00:00
[2024-07-26T12:57:52.233+0000] {processor.py:183} INFO - Processing /home/airflow/.local/lib/python3.8/site-packages/airflow/example_dags/example_skip_dag.py took 0.090 seconds
[2024-07-26T12:58:22.795+0000] {processor.py:161} INFO - Started process (PID=1177) to work on /home/airflow/.local/lib/python3.8/site-packages/airflow/example_dags/example_skip_dag.py
[2024-07-26T12:58:22.796+0000] {processor.py:830} INFO - Processing file /home/airflow/.local/lib/python3.8/site-packages/airflow/example_dags/example_skip_dag.py for tasks to queue
[2024-07-26T12:58:22.803+0000] {logging_mixin.py:188} INFO - [2024-07-26T12:58:22.803+0000] {dagbag.py:538} INFO - Filling up the DagBag from /home/airflow/.local/lib/python3.8/site-packages/airflow/example_dags/example_skip_dag.py
[2024-07-26T12:58:22.815+0000] {processor.py:840} INFO - DAG(s) 'example_skip_dag' retrieved from /home/airflow/.local/lib/python3.8/site-packages/airflow/example_dags/example_skip_dag.py
[2024-07-26T12:58:22.847+0000] {logging_mixin.py:188} INFO - [2024-07-26T12:58:22.846+0000] {dag.py:3036} INFO - Sync 1 DAGs
[2024-07-26T12:58:22.875+0000] {logging_mixin.py:188} INFO - [2024-07-26T12:58:22.875+0000] {dag.py:3823} INFO - Setting next_dagrun for example_skip_dag to 2024-07-25 00:00:00+00:00, run_after=2024-07-26 00:00:00+00:00
[2024-07-26T12:58:22.899+0000] {processor.py:183} INFO - Processing /home/airflow/.local/lib/python3.8/site-packages/airflow/example_dags/example_skip_dag.py took 0.108 seconds
[2024-07-26T12:58:52.969+0000] {processor.py:161} INFO - Started process (PID=1241) to work on /home/airflow/.local/lib/python3.8/site-packages/airflow/example_dags/example_skip_dag.py
[2024-07-26T12:58:52.970+0000] {processor.py:830} INFO - Processing file /home/airflow/.local/lib/python3.8/site-packages/airflow/example_dags/example_skip_dag.py for tasks to queue
[2024-07-26T12:58:52.972+0000] {logging_mixin.py:188} INFO - [2024-07-26T12:58:52.971+0000] {dagbag.py:538} INFO - Filling up the DagBag from /home/airflow/.local/lib/python3.8/site-packages/airflow/example_dags/example_skip_dag.py
[2024-07-26T12:58:52.979+0000] {processor.py:840} INFO - DAG(s) 'example_skip_dag' retrieved from /home/airflow/.local/lib/python3.8/site-packages/airflow/example_dags/example_skip_dag.py
[2024-07-26T12:58:53.004+0000] {logging_mixin.py:188} INFO - [2024-07-26T12:58:53.004+0000] {dag.py:3036} INFO - Sync 1 DAGs
[2024-07-26T12:58:53.030+0000] {logging_mixin.py:188} INFO - [2024-07-26T12:58:53.029+0000] {dag.py:3823} INFO - Setting next_dagrun for example_skip_dag to 2024-07-25 00:00:00+00:00, run_after=2024-07-26 00:00:00+00:00
[2024-07-26T12:58:53.049+0000] {processor.py:183} INFO - Processing /home/airflow/.local/lib/python3.8/site-packages/airflow/example_dags/example_skip_dag.py took 0.084 seconds
