[2024-07-26T12:15:25.416+0000] {processor.py:161} INFO - Started process (PID=100) to work on /home/airflow/.local/lib/python3.8/site-packages/airflow/example_dags/example_task_group.py
[2024-07-26T12:15:25.418+0000] {processor.py:830} INFO - Processing file /home/airflow/.local/lib/python3.8/site-packages/airflow/example_dags/example_task_group.py for tasks to queue
[2024-07-26T12:15:25.420+0000] {logging_mixin.py:188} INFO - [2024-07-26T12:15:25.419+0000] {dagbag.py:538} INFO - Filling up the DagBag from /home/airflow/.local/lib/python3.8/site-packages/airflow/example_dags/example_task_group.py
[2024-07-26T12:15:25.435+0000] {processor.py:840} INFO - DAG(s) 'example_task_group' retrieved from /home/airflow/.local/lib/python3.8/site-packages/airflow/example_dags/example_task_group.py
[2024-07-26T12:15:25.588+0000] {logging_mixin.py:188} INFO - [2024-07-26T12:15:25.587+0000] {dag.py:3036} INFO - Sync 1 DAGs
[2024-07-26T12:15:25.622+0000] {logging_mixin.py:188} INFO - [2024-07-26T12:15:25.621+0000] {dag.py:3823} INFO - Setting next_dagrun for example_task_group to 2024-07-25 00:00:00+00:00, run_after=2024-07-26 00:00:00+00:00
[2024-07-26T12:15:25.656+0000] {processor.py:183} INFO - Processing /home/airflow/.local/lib/python3.8/site-packages/airflow/example_dags/example_task_group.py took 0.243 seconds
[2024-07-26T12:15:56.515+0000] {processor.py:161} INFO - Started process (PID=164) to work on /home/airflow/.local/lib/python3.8/site-packages/airflow/example_dags/example_task_group.py
[2024-07-26T12:15:56.516+0000] {processor.py:830} INFO - Processing file /home/airflow/.local/lib/python3.8/site-packages/airflow/example_dags/example_task_group.py for tasks to queue
[2024-07-26T12:15:56.518+0000] {logging_mixin.py:188} INFO - [2024-07-26T12:15:56.518+0000] {dagbag.py:538} INFO - Filling up the DagBag from /home/airflow/.local/lib/python3.8/site-packages/airflow/example_dags/example_task_group.py
[2024-07-26T12:15:56.527+0000] {processor.py:840} INFO - DAG(s) 'example_task_group' retrieved from /home/airflow/.local/lib/python3.8/site-packages/airflow/example_dags/example_task_group.py
[2024-07-26T12:15:56.556+0000] {logging_mixin.py:188} INFO - [2024-07-26T12:15:56.555+0000] {dag.py:3036} INFO - Sync 1 DAGs
[2024-07-26T12:15:56.582+0000] {logging_mixin.py:188} INFO - [2024-07-26T12:15:56.581+0000] {dag.py:3823} INFO - Setting next_dagrun for example_task_group to 2024-07-25 00:00:00+00:00, run_after=2024-07-26 00:00:00+00:00
[2024-07-26T12:15:56.600+0000] {processor.py:183} INFO - Processing /home/airflow/.local/lib/python3.8/site-packages/airflow/example_dags/example_task_group.py took 0.089 seconds
[2024-07-26T12:16:27.096+0000] {processor.py:161} INFO - Started process (PID=221) to work on /home/airflow/.local/lib/python3.8/site-packages/airflow/example_dags/example_task_group.py
[2024-07-26T12:16:27.097+0000] {processor.py:830} INFO - Processing file /home/airflow/.local/lib/python3.8/site-packages/airflow/example_dags/example_task_group.py for tasks to queue
[2024-07-26T12:16:27.099+0000] {logging_mixin.py:188} INFO - [2024-07-26T12:16:27.099+0000] {dagbag.py:538} INFO - Filling up the DagBag from /home/airflow/.local/lib/python3.8/site-packages/airflow/example_dags/example_task_group.py
[2024-07-26T12:16:27.107+0000] {processor.py:840} INFO - DAG(s) 'example_task_group' retrieved from /home/airflow/.local/lib/python3.8/site-packages/airflow/example_dags/example_task_group.py
[2024-07-26T12:16:27.130+0000] {logging_mixin.py:188} INFO - [2024-07-26T12:16:27.130+0000] {dag.py:3036} INFO - Sync 1 DAGs
[2024-07-26T12:16:27.158+0000] {logging_mixin.py:188} INFO - [2024-07-26T12:16:27.157+0000] {dag.py:3823} INFO - Setting next_dagrun for example_task_group to 2024-07-25 00:00:00+00:00, run_after=2024-07-26 00:00:00+00:00
[2024-07-26T12:16:27.180+0000] {processor.py:183} INFO - Processing /home/airflow/.local/lib/python3.8/site-packages/airflow/example_dags/example_task_group.py took 0.088 seconds
[2024-07-26T12:16:57.343+0000] {processor.py:161} INFO - Started process (PID=283) to work on /home/airflow/.local/lib/python3.8/site-packages/airflow/example_dags/example_task_group.py
[2024-07-26T12:16:57.344+0000] {processor.py:830} INFO - Processing file /home/airflow/.local/lib/python3.8/site-packages/airflow/example_dags/example_task_group.py for tasks to queue
[2024-07-26T12:16:57.346+0000] {logging_mixin.py:188} INFO - [2024-07-26T12:16:57.346+0000] {dagbag.py:538} INFO - Filling up the DagBag from /home/airflow/.local/lib/python3.8/site-packages/airflow/example_dags/example_task_group.py
[2024-07-26T12:16:57.355+0000] {processor.py:840} INFO - DAG(s) 'example_task_group' retrieved from /home/airflow/.local/lib/python3.8/site-packages/airflow/example_dags/example_task_group.py
[2024-07-26T12:16:57.385+0000] {logging_mixin.py:188} INFO - [2024-07-26T12:16:57.385+0000] {dag.py:3036} INFO - Sync 1 DAGs
[2024-07-26T12:16:57.416+0000] {logging_mixin.py:188} INFO - [2024-07-26T12:16:57.415+0000] {dag.py:3823} INFO - Setting next_dagrun for example_task_group to 2024-07-25 00:00:00+00:00, run_after=2024-07-26 00:00:00+00:00
[2024-07-26T12:16:57.448+0000] {processor.py:183} INFO - Processing /home/airflow/.local/lib/python3.8/site-packages/airflow/example_dags/example_task_group.py took 0.109 seconds
[2024-07-26T12:17:27.924+0000] {processor.py:161} INFO - Started process (PID=347) to work on /home/airflow/.local/lib/python3.8/site-packages/airflow/example_dags/example_task_group.py
[2024-07-26T12:17:27.926+0000] {processor.py:830} INFO - Processing file /home/airflow/.local/lib/python3.8/site-packages/airflow/example_dags/example_task_group.py for tasks to queue
[2024-07-26T12:17:27.928+0000] {logging_mixin.py:188} INFO - [2024-07-26T12:17:27.927+0000] {dagbag.py:538} INFO - Filling up the DagBag from /home/airflow/.local/lib/python3.8/site-packages/airflow/example_dags/example_task_group.py
[2024-07-26T12:17:27.936+0000] {processor.py:840} INFO - DAG(s) 'example_task_group' retrieved from /home/airflow/.local/lib/python3.8/site-packages/airflow/example_dags/example_task_group.py
[2024-07-26T12:17:27.970+0000] {logging_mixin.py:188} INFO - [2024-07-26T12:17:27.969+0000] {dag.py:3036} INFO - Sync 1 DAGs
[2024-07-26T12:17:27.996+0000] {logging_mixin.py:188} INFO - [2024-07-26T12:17:27.996+0000] {dag.py:3823} INFO - Setting next_dagrun for example_task_group to 2024-07-25 00:00:00+00:00, run_after=2024-07-26 00:00:00+00:00
[2024-07-26T12:17:28.026+0000] {processor.py:183} INFO - Processing /home/airflow/.local/lib/python3.8/site-packages/airflow/example_dags/example_task_group.py took 0.104 seconds
[2024-07-26T12:17:58.170+0000] {processor.py:161} INFO - Started process (PID=411) to work on /home/airflow/.local/lib/python3.8/site-packages/airflow/example_dags/example_task_group.py
[2024-07-26T12:17:58.171+0000] {processor.py:830} INFO - Processing file /home/airflow/.local/lib/python3.8/site-packages/airflow/example_dags/example_task_group.py for tasks to queue
[2024-07-26T12:17:58.175+0000] {logging_mixin.py:188} INFO - [2024-07-26T12:17:58.174+0000] {dagbag.py:538} INFO - Filling up the DagBag from /home/airflow/.local/lib/python3.8/site-packages/airflow/example_dags/example_task_group.py
[2024-07-26T12:17:58.184+0000] {processor.py:840} INFO - DAG(s) 'example_task_group' retrieved from /home/airflow/.local/lib/python3.8/site-packages/airflow/example_dags/example_task_group.py
[2024-07-26T12:17:58.213+0000] {logging_mixin.py:188} INFO - [2024-07-26T12:17:58.212+0000] {dag.py:3036} INFO - Sync 1 DAGs
[2024-07-26T12:17:58.238+0000] {logging_mixin.py:188} INFO - [2024-07-26T12:17:58.238+0000] {dag.py:3823} INFO - Setting next_dagrun for example_task_group to 2024-07-25 00:00:00+00:00, run_after=2024-07-26 00:00:00+00:00
[2024-07-26T12:17:58.266+0000] {processor.py:183} INFO - Processing /home/airflow/.local/lib/python3.8/site-packages/airflow/example_dags/example_task_group.py took 0.098 seconds
[2024-07-26T12:18:29.012+0000] {processor.py:161} INFO - Started process (PID=475) to work on /home/airflow/.local/lib/python3.8/site-packages/airflow/example_dags/example_task_group.py
[2024-07-26T12:18:29.013+0000] {processor.py:830} INFO - Processing file /home/airflow/.local/lib/python3.8/site-packages/airflow/example_dags/example_task_group.py for tasks to queue
[2024-07-26T12:18:29.015+0000] {logging_mixin.py:188} INFO - [2024-07-26T12:18:29.015+0000] {dagbag.py:538} INFO - Filling up the DagBag from /home/airflow/.local/lib/python3.8/site-packages/airflow/example_dags/example_task_group.py
[2024-07-26T12:18:29.022+0000] {processor.py:840} INFO - DAG(s) 'example_task_group' retrieved from /home/airflow/.local/lib/python3.8/site-packages/airflow/example_dags/example_task_group.py
[2024-07-26T12:18:29.049+0000] {logging_mixin.py:188} INFO - [2024-07-26T12:18:29.048+0000] {dag.py:3036} INFO - Sync 1 DAGs
[2024-07-26T12:18:29.072+0000] {logging_mixin.py:188} INFO - [2024-07-26T12:18:29.072+0000] {dag.py:3823} INFO - Setting next_dagrun for example_task_group to 2024-07-25 00:00:00+00:00, run_after=2024-07-26 00:00:00+00:00
[2024-07-26T12:18:29.093+0000] {processor.py:183} INFO - Processing /home/airflow/.local/lib/python3.8/site-packages/airflow/example_dags/example_task_group.py took 0.083 seconds
[2024-07-26T12:18:59.369+0000] {processor.py:161} INFO - Started process (PID=539) to work on /home/airflow/.local/lib/python3.8/site-packages/airflow/example_dags/example_task_group.py
[2024-07-26T12:18:59.370+0000] {processor.py:830} INFO - Processing file /home/airflow/.local/lib/python3.8/site-packages/airflow/example_dags/example_task_group.py for tasks to queue
[2024-07-26T12:18:59.372+0000] {logging_mixin.py:188} INFO - [2024-07-26T12:18:59.371+0000] {dagbag.py:538} INFO - Filling up the DagBag from /home/airflow/.local/lib/python3.8/site-packages/airflow/example_dags/example_task_group.py
[2024-07-26T12:18:59.382+0000] {processor.py:840} INFO - DAG(s) 'example_task_group' retrieved from /home/airflow/.local/lib/python3.8/site-packages/airflow/example_dags/example_task_group.py
[2024-07-26T12:18:59.406+0000] {logging_mixin.py:188} INFO - [2024-07-26T12:18:59.405+0000] {dag.py:3036} INFO - Sync 1 DAGs
[2024-07-26T12:18:59.433+0000] {logging_mixin.py:188} INFO - [2024-07-26T12:18:59.433+0000] {dag.py:3823} INFO - Setting next_dagrun for example_task_group to 2024-07-25 00:00:00+00:00, run_after=2024-07-26 00:00:00+00:00
[2024-07-26T12:18:59.452+0000] {processor.py:183} INFO - Processing /home/airflow/.local/lib/python3.8/site-packages/airflow/example_dags/example_task_group.py took 0.087 seconds
[2024-07-26T12:19:30.415+0000] {processor.py:161} INFO - Started process (PID=604) to work on /home/airflow/.local/lib/python3.8/site-packages/airflow/example_dags/example_task_group.py
[2024-07-26T12:19:30.417+0000] {processor.py:830} INFO - Processing file /home/airflow/.local/lib/python3.8/site-packages/airflow/example_dags/example_task_group.py for tasks to queue
[2024-07-26T12:19:30.419+0000] {logging_mixin.py:188} INFO - [2024-07-26T12:19:30.418+0000] {dagbag.py:538} INFO - Filling up the DagBag from /home/airflow/.local/lib/python3.8/site-packages/airflow/example_dags/example_task_group.py
[2024-07-26T12:19:30.433+0000] {processor.py:840} INFO - DAG(s) 'example_task_group' retrieved from /home/airflow/.local/lib/python3.8/site-packages/airflow/example_dags/example_task_group.py
[2024-07-26T12:19:30.467+0000] {logging_mixin.py:188} INFO - [2024-07-26T12:19:30.467+0000] {dag.py:3036} INFO - Sync 1 DAGs
[2024-07-26T12:19:30.514+0000] {logging_mixin.py:188} INFO - [2024-07-26T12:19:30.514+0000] {dag.py:3823} INFO - Setting next_dagrun for example_task_group to 2024-07-25 00:00:00+00:00, run_after=2024-07-26 00:00:00+00:00
[2024-07-26T12:19:30.545+0000] {processor.py:183} INFO - Processing /home/airflow/.local/lib/python3.8/site-packages/airflow/example_dags/example_task_group.py took 0.136 seconds
[2024-07-26T12:28:16.977+0000] {processor.py:161} INFO - Started process (PID=96) to work on /home/airflow/.local/lib/python3.8/site-packages/airflow/example_dags/example_task_group.py
[2024-07-26T12:28:16.978+0000] {processor.py:830} INFO - Processing file /home/airflow/.local/lib/python3.8/site-packages/airflow/example_dags/example_task_group.py for tasks to queue
[2024-07-26T12:28:16.981+0000] {logging_mixin.py:188} INFO - [2024-07-26T12:28:16.980+0000] {dagbag.py:538} INFO - Filling up the DagBag from /home/airflow/.local/lib/python3.8/site-packages/airflow/example_dags/example_task_group.py
[2024-07-26T12:28:16.995+0000] {processor.py:840} INFO - DAG(s) 'example_task_group' retrieved from /home/airflow/.local/lib/python3.8/site-packages/airflow/example_dags/example_task_group.py
[2024-07-26T12:28:17.153+0000] {logging_mixin.py:188} INFO - [2024-07-26T12:28:17.153+0000] {dag.py:3036} INFO - Sync 1 DAGs
[2024-07-26T12:28:17.176+0000] {logging_mixin.py:188} INFO - [2024-07-26T12:28:17.176+0000] {dag.py:3823} INFO - Setting next_dagrun for example_task_group to 2024-07-25 00:00:00+00:00, run_after=2024-07-26 00:00:00+00:00
[2024-07-26T12:28:17.200+0000] {processor.py:183} INFO - Processing /home/airflow/.local/lib/python3.8/site-packages/airflow/example_dags/example_task_group.py took 0.227 seconds
[2024-07-26T12:28:47.780+0000] {processor.py:161} INFO - Started process (PID=160) to work on /home/airflow/.local/lib/python3.8/site-packages/airflow/example_dags/example_task_group.py
[2024-07-26T12:28:47.782+0000] {processor.py:830} INFO - Processing file /home/airflow/.local/lib/python3.8/site-packages/airflow/example_dags/example_task_group.py for tasks to queue
[2024-07-26T12:28:47.786+0000] {logging_mixin.py:188} INFO - [2024-07-26T12:28:47.786+0000] {dagbag.py:538} INFO - Filling up the DagBag from /home/airflow/.local/lib/python3.8/site-packages/airflow/example_dags/example_task_group.py
[2024-07-26T12:28:47.799+0000] {processor.py:840} INFO - DAG(s) 'example_task_group' retrieved from /home/airflow/.local/lib/python3.8/site-packages/airflow/example_dags/example_task_group.py
[2024-07-26T12:28:47.842+0000] {logging_mixin.py:188} INFO - [2024-07-26T12:28:47.842+0000] {dag.py:3036} INFO - Sync 1 DAGs
[2024-07-26T12:28:47.875+0000] {logging_mixin.py:188} INFO - [2024-07-26T12:28:47.875+0000] {dag.py:3823} INFO - Setting next_dagrun for example_task_group to 2024-07-25 00:00:00+00:00, run_after=2024-07-26 00:00:00+00:00
[2024-07-26T12:28:47.895+0000] {processor.py:183} INFO - Processing /home/airflow/.local/lib/python3.8/site-packages/airflow/example_dags/example_task_group.py took 0.119 seconds
[2024-07-26T12:29:17.973+0000] {processor.py:161} INFO - Started process (PID=214) to work on /home/airflow/.local/lib/python3.8/site-packages/airflow/example_dags/example_task_group.py
[2024-07-26T12:29:17.974+0000] {processor.py:830} INFO - Processing file /home/airflow/.local/lib/python3.8/site-packages/airflow/example_dags/example_task_group.py for tasks to queue
[2024-07-26T12:29:17.976+0000] {logging_mixin.py:188} INFO - [2024-07-26T12:29:17.975+0000] {dagbag.py:538} INFO - Filling up the DagBag from /home/airflow/.local/lib/python3.8/site-packages/airflow/example_dags/example_task_group.py
[2024-07-26T12:29:17.983+0000] {processor.py:840} INFO - DAG(s) 'example_task_group' retrieved from /home/airflow/.local/lib/python3.8/site-packages/airflow/example_dags/example_task_group.py
[2024-07-26T12:29:18.006+0000] {logging_mixin.py:188} INFO - [2024-07-26T12:29:18.006+0000] {dag.py:3036} INFO - Sync 1 DAGs
[2024-07-26T12:29:18.040+0000] {logging_mixin.py:188} INFO - [2024-07-26T12:29:18.040+0000] {dag.py:3823} INFO - Setting next_dagrun for example_task_group to 2024-07-25 00:00:00+00:00, run_after=2024-07-26 00:00:00+00:00
[2024-07-26T12:29:18.063+0000] {processor.py:183} INFO - Processing /home/airflow/.local/lib/python3.8/site-packages/airflow/example_dags/example_task_group.py took 0.093 seconds
[2024-07-26T12:29:48.442+0000] {processor.py:161} INFO - Started process (PID=284) to work on /home/airflow/.local/lib/python3.8/site-packages/airflow/example_dags/example_task_group.py
[2024-07-26T12:29:48.443+0000] {processor.py:830} INFO - Processing file /home/airflow/.local/lib/python3.8/site-packages/airflow/example_dags/example_task_group.py for tasks to queue
[2024-07-26T12:29:48.446+0000] {logging_mixin.py:188} INFO - [2024-07-26T12:29:48.446+0000] {dagbag.py:538} INFO - Filling up the DagBag from /home/airflow/.local/lib/python3.8/site-packages/airflow/example_dags/example_task_group.py
[2024-07-26T12:29:48.455+0000] {processor.py:840} INFO - DAG(s) 'example_task_group' retrieved from /home/airflow/.local/lib/python3.8/site-packages/airflow/example_dags/example_task_group.py
[2024-07-26T12:29:48.483+0000] {logging_mixin.py:188} INFO - [2024-07-26T12:29:48.482+0000] {dag.py:3036} INFO - Sync 1 DAGs
[2024-07-26T12:29:48.511+0000] {logging_mixin.py:188} INFO - [2024-07-26T12:29:48.511+0000] {dag.py:3823} INFO - Setting next_dagrun for example_task_group to 2024-07-25 00:00:00+00:00, run_after=2024-07-26 00:00:00+00:00
[2024-07-26T12:29:48.535+0000] {processor.py:183} INFO - Processing /home/airflow/.local/lib/python3.8/site-packages/airflow/example_dags/example_task_group.py took 0.097 seconds
[2024-07-26T12:30:18.689+0000] {processor.py:161} INFO - Started process (PID=348) to work on /home/airflow/.local/lib/python3.8/site-packages/airflow/example_dags/example_task_group.py
[2024-07-26T12:30:18.690+0000] {processor.py:830} INFO - Processing file /home/airflow/.local/lib/python3.8/site-packages/airflow/example_dags/example_task_group.py for tasks to queue
[2024-07-26T12:30:18.695+0000] {logging_mixin.py:188} INFO - [2024-07-26T12:30:18.695+0000] {dagbag.py:538} INFO - Filling up the DagBag from /home/airflow/.local/lib/python3.8/site-packages/airflow/example_dags/example_task_group.py
[2024-07-26T12:30:18.704+0000] {processor.py:840} INFO - DAG(s) 'example_task_group' retrieved from /home/airflow/.local/lib/python3.8/site-packages/airflow/example_dags/example_task_group.py
[2024-07-26T12:30:18.728+0000] {logging_mixin.py:188} INFO - [2024-07-26T12:30:18.728+0000] {dag.py:3036} INFO - Sync 1 DAGs
[2024-07-26T12:30:18.752+0000] {logging_mixin.py:188} INFO - [2024-07-26T12:30:18.752+0000] {dag.py:3823} INFO - Setting next_dagrun for example_task_group to 2024-07-25 00:00:00+00:00, run_after=2024-07-26 00:00:00+00:00
[2024-07-26T12:30:18.775+0000] {processor.py:183} INFO - Processing /home/airflow/.local/lib/python3.8/site-packages/airflow/example_dags/example_task_group.py took 0.089 seconds
[2024-07-26T12:30:49.731+0000] {processor.py:161} INFO - Started process (PID=412) to work on /home/airflow/.local/lib/python3.8/site-packages/airflow/example_dags/example_task_group.py
[2024-07-26T12:30:49.733+0000] {processor.py:830} INFO - Processing file /home/airflow/.local/lib/python3.8/site-packages/airflow/example_dags/example_task_group.py for tasks to queue
[2024-07-26T12:30:49.738+0000] {logging_mixin.py:188} INFO - [2024-07-26T12:30:49.738+0000] {dagbag.py:538} INFO - Filling up the DagBag from /home/airflow/.local/lib/python3.8/site-packages/airflow/example_dags/example_task_group.py
[2024-07-26T12:30:49.752+0000] {processor.py:840} INFO - DAG(s) 'example_task_group' retrieved from /home/airflow/.local/lib/python3.8/site-packages/airflow/example_dags/example_task_group.py
[2024-07-26T12:30:49.805+0000] {logging_mixin.py:188} INFO - [2024-07-26T12:30:49.804+0000] {dag.py:3036} INFO - Sync 1 DAGs
[2024-07-26T12:30:49.850+0000] {logging_mixin.py:188} INFO - [2024-07-26T12:30:49.849+0000] {dag.py:3823} INFO - Setting next_dagrun for example_task_group to 2024-07-25 00:00:00+00:00, run_after=2024-07-26 00:00:00+00:00
[2024-07-26T12:30:49.876+0000] {processor.py:183} INFO - Processing /home/airflow/.local/lib/python3.8/site-packages/airflow/example_dags/example_task_group.py took 0.151 seconds
[2024-07-26T12:31:20.210+0000] {processor.py:161} INFO - Started process (PID=476) to work on /home/airflow/.local/lib/python3.8/site-packages/airflow/example_dags/example_task_group.py
[2024-07-26T12:31:20.211+0000] {processor.py:830} INFO - Processing file /home/airflow/.local/lib/python3.8/site-packages/airflow/example_dags/example_task_group.py for tasks to queue
[2024-07-26T12:31:20.213+0000] {logging_mixin.py:188} INFO - [2024-07-26T12:31:20.213+0000] {dagbag.py:538} INFO - Filling up the DagBag from /home/airflow/.local/lib/python3.8/site-packages/airflow/example_dags/example_task_group.py
[2024-07-26T12:31:20.220+0000] {processor.py:840} INFO - DAG(s) 'example_task_group' retrieved from /home/airflow/.local/lib/python3.8/site-packages/airflow/example_dags/example_task_group.py
[2024-07-26T12:31:20.247+0000] {logging_mixin.py:188} INFO - [2024-07-26T12:31:20.247+0000] {dag.py:3036} INFO - Sync 1 DAGs
[2024-07-26T12:31:20.273+0000] {logging_mixin.py:188} INFO - [2024-07-26T12:31:20.273+0000] {dag.py:3823} INFO - Setting next_dagrun for example_task_group to 2024-07-25 00:00:00+00:00, run_after=2024-07-26 00:00:00+00:00
[2024-07-26T12:31:20.299+0000] {processor.py:183} INFO - Processing /home/airflow/.local/lib/python3.8/site-packages/airflow/example_dags/example_task_group.py took 0.093 seconds
[2024-07-26T12:31:50.508+0000] {processor.py:161} INFO - Started process (PID=540) to work on /home/airflow/.local/lib/python3.8/site-packages/airflow/example_dags/example_task_group.py
[2024-07-26T12:31:50.509+0000] {processor.py:830} INFO - Processing file /home/airflow/.local/lib/python3.8/site-packages/airflow/example_dags/example_task_group.py for tasks to queue
[2024-07-26T12:31:50.512+0000] {logging_mixin.py:188} INFO - [2024-07-26T12:31:50.512+0000] {dagbag.py:538} INFO - Filling up the DagBag from /home/airflow/.local/lib/python3.8/site-packages/airflow/example_dags/example_task_group.py
[2024-07-26T12:31:50.522+0000] {processor.py:840} INFO - DAG(s) 'example_task_group' retrieved from /home/airflow/.local/lib/python3.8/site-packages/airflow/example_dags/example_task_group.py
[2024-07-26T12:31:50.547+0000] {logging_mixin.py:188} INFO - [2024-07-26T12:31:50.547+0000] {dag.py:3036} INFO - Sync 1 DAGs
[2024-07-26T12:31:50.575+0000] {logging_mixin.py:188} INFO - [2024-07-26T12:31:50.574+0000] {dag.py:3823} INFO - Setting next_dagrun for example_task_group to 2024-07-25 00:00:00+00:00, run_after=2024-07-26 00:00:00+00:00
[2024-07-26T12:31:50.598+0000] {processor.py:183} INFO - Processing /home/airflow/.local/lib/python3.8/site-packages/airflow/example_dags/example_task_group.py took 0.094 seconds
[2024-07-26T12:32:21.019+0000] {processor.py:161} INFO - Started process (PID=604) to work on /home/airflow/.local/lib/python3.8/site-packages/airflow/example_dags/example_task_group.py
[2024-07-26T12:32:21.020+0000] {processor.py:830} INFO - Processing file /home/airflow/.local/lib/python3.8/site-packages/airflow/example_dags/example_task_group.py for tasks to queue
[2024-07-26T12:32:21.023+0000] {logging_mixin.py:188} INFO - [2024-07-26T12:32:21.022+0000] {dagbag.py:538} INFO - Filling up the DagBag from /home/airflow/.local/lib/python3.8/site-packages/airflow/example_dags/example_task_group.py
[2024-07-26T12:32:21.034+0000] {processor.py:840} INFO - DAG(s) 'example_task_group' retrieved from /home/airflow/.local/lib/python3.8/site-packages/airflow/example_dags/example_task_group.py
[2024-07-26T12:32:21.063+0000] {logging_mixin.py:188} INFO - [2024-07-26T12:32:21.063+0000] {dag.py:3036} INFO - Sync 1 DAGs
[2024-07-26T12:32:21.089+0000] {logging_mixin.py:188} INFO - [2024-07-26T12:32:21.089+0000] {dag.py:3823} INFO - Setting next_dagrun for example_task_group to 2024-07-25 00:00:00+00:00, run_after=2024-07-26 00:00:00+00:00
[2024-07-26T12:32:21.110+0000] {processor.py:183} INFO - Processing /home/airflow/.local/lib/python3.8/site-packages/airflow/example_dags/example_task_group.py took 0.094 seconds
[2024-07-26T12:32:51.838+0000] {processor.py:161} INFO - Started process (PID=668) to work on /home/airflow/.local/lib/python3.8/site-packages/airflow/example_dags/example_task_group.py
[2024-07-26T12:32:51.839+0000] {processor.py:830} INFO - Processing file /home/airflow/.local/lib/python3.8/site-packages/airflow/example_dags/example_task_group.py for tasks to queue
[2024-07-26T12:32:51.841+0000] {logging_mixin.py:188} INFO - [2024-07-26T12:32:51.841+0000] {dagbag.py:538} INFO - Filling up the DagBag from /home/airflow/.local/lib/python3.8/site-packages/airflow/example_dags/example_task_group.py
[2024-07-26T12:32:51.850+0000] {processor.py:840} INFO - DAG(s) 'example_task_group' retrieved from /home/airflow/.local/lib/python3.8/site-packages/airflow/example_dags/example_task_group.py
[2024-07-26T12:32:51.875+0000] {logging_mixin.py:188} INFO - [2024-07-26T12:32:51.875+0000] {dag.py:3036} INFO - Sync 1 DAGs
[2024-07-26T12:32:51.899+0000] {logging_mixin.py:188} INFO - [2024-07-26T12:32:51.899+0000] {dag.py:3823} INFO - Setting next_dagrun for example_task_group to 2024-07-25 00:00:00+00:00, run_after=2024-07-26 00:00:00+00:00
[2024-07-26T12:32:51.922+0000] {processor.py:183} INFO - Processing /home/airflow/.local/lib/python3.8/site-packages/airflow/example_dags/example_task_group.py took 0.088 seconds
[2024-07-26T12:33:22.560+0000] {processor.py:161} INFO - Started process (PID=733) to work on /home/airflow/.local/lib/python3.8/site-packages/airflow/example_dags/example_task_group.py
[2024-07-26T12:33:22.562+0000] {processor.py:830} INFO - Processing file /home/airflow/.local/lib/python3.8/site-packages/airflow/example_dags/example_task_group.py for tasks to queue
[2024-07-26T12:33:22.564+0000] {logging_mixin.py:188} INFO - [2024-07-26T12:33:22.564+0000] {dagbag.py:538} INFO - Filling up the DagBag from /home/airflow/.local/lib/python3.8/site-packages/airflow/example_dags/example_task_group.py
[2024-07-26T12:33:22.572+0000] {processor.py:840} INFO - DAG(s) 'example_task_group' retrieved from /home/airflow/.local/lib/python3.8/site-packages/airflow/example_dags/example_task_group.py
[2024-07-26T12:33:22.601+0000] {logging_mixin.py:188} INFO - [2024-07-26T12:33:22.601+0000] {dag.py:3036} INFO - Sync 1 DAGs
[2024-07-26T12:33:22.629+0000] {logging_mixin.py:188} INFO - [2024-07-26T12:33:22.629+0000] {dag.py:3823} INFO - Setting next_dagrun for example_task_group to 2024-07-25 00:00:00+00:00, run_after=2024-07-26 00:00:00+00:00
[2024-07-26T12:33:22.653+0000] {processor.py:183} INFO - Processing /home/airflow/.local/lib/python3.8/site-packages/airflow/example_dags/example_task_group.py took 0.097 seconds
[2024-07-26T12:33:53.082+0000] {processor.py:161} INFO - Started process (PID=797) to work on /home/airflow/.local/lib/python3.8/site-packages/airflow/example_dags/example_task_group.py
[2024-07-26T12:33:53.084+0000] {processor.py:830} INFO - Processing file /home/airflow/.local/lib/python3.8/site-packages/airflow/example_dags/example_task_group.py for tasks to queue
[2024-07-26T12:33:53.087+0000] {logging_mixin.py:188} INFO - [2024-07-26T12:33:53.086+0000] {dagbag.py:538} INFO - Filling up the DagBag from /home/airflow/.local/lib/python3.8/site-packages/airflow/example_dags/example_task_group.py
[2024-07-26T12:33:53.094+0000] {processor.py:840} INFO - DAG(s) 'example_task_group' retrieved from /home/airflow/.local/lib/python3.8/site-packages/airflow/example_dags/example_task_group.py
[2024-07-26T12:33:53.121+0000] {logging_mixin.py:188} INFO - [2024-07-26T12:33:53.120+0000] {dag.py:3036} INFO - Sync 1 DAGs
[2024-07-26T12:33:53.147+0000] {logging_mixin.py:188} INFO - [2024-07-26T12:33:53.147+0000] {dag.py:3823} INFO - Setting next_dagrun for example_task_group to 2024-07-25 00:00:00+00:00, run_after=2024-07-26 00:00:00+00:00
[2024-07-26T12:33:53.175+0000] {processor.py:183} INFO - Processing /home/airflow/.local/lib/python3.8/site-packages/airflow/example_dags/example_task_group.py took 0.096 seconds
[2024-07-26T12:34:23.252+0000] {processor.py:161} INFO - Started process (PID=860) to work on /home/airflow/.local/lib/python3.8/site-packages/airflow/example_dags/example_task_group.py
[2024-07-26T12:34:23.254+0000] {processor.py:830} INFO - Processing file /home/airflow/.local/lib/python3.8/site-packages/airflow/example_dags/example_task_group.py for tasks to queue
[2024-07-26T12:34:23.256+0000] {logging_mixin.py:188} INFO - [2024-07-26T12:34:23.256+0000] {dagbag.py:538} INFO - Filling up the DagBag from /home/airflow/.local/lib/python3.8/site-packages/airflow/example_dags/example_task_group.py
[2024-07-26T12:34:23.264+0000] {processor.py:840} INFO - DAG(s) 'example_task_group' retrieved from /home/airflow/.local/lib/python3.8/site-packages/airflow/example_dags/example_task_group.py
[2024-07-26T12:34:23.293+0000] {logging_mixin.py:188} INFO - [2024-07-26T12:34:23.293+0000] {dag.py:3036} INFO - Sync 1 DAGs
[2024-07-26T12:34:23.324+0000] {logging_mixin.py:188} INFO - [2024-07-26T12:34:23.324+0000] {dag.py:3823} INFO - Setting next_dagrun for example_task_group to 2024-07-25 00:00:00+00:00, run_after=2024-07-26 00:00:00+00:00
[2024-07-26T12:34:23.357+0000] {processor.py:183} INFO - Processing /home/airflow/.local/lib/python3.8/site-packages/airflow/example_dags/example_task_group.py took 0.108 seconds
[2024-07-26T12:34:53.553+0000] {processor.py:161} INFO - Started process (PID=924) to work on /home/airflow/.local/lib/python3.8/site-packages/airflow/example_dags/example_task_group.py
[2024-07-26T12:34:53.555+0000] {processor.py:830} INFO - Processing file /home/airflow/.local/lib/python3.8/site-packages/airflow/example_dags/example_task_group.py for tasks to queue
[2024-07-26T12:34:53.557+0000] {logging_mixin.py:188} INFO - [2024-07-26T12:34:53.556+0000] {dagbag.py:538} INFO - Filling up the DagBag from /home/airflow/.local/lib/python3.8/site-packages/airflow/example_dags/example_task_group.py
[2024-07-26T12:34:53.564+0000] {processor.py:840} INFO - DAG(s) 'example_task_group' retrieved from /home/airflow/.local/lib/python3.8/site-packages/airflow/example_dags/example_task_group.py
[2024-07-26T12:34:53.593+0000] {logging_mixin.py:188} INFO - [2024-07-26T12:34:53.592+0000] {dag.py:3036} INFO - Sync 1 DAGs
[2024-07-26T12:34:53.617+0000] {logging_mixin.py:188} INFO - [2024-07-26T12:34:53.617+0000] {dag.py:3823} INFO - Setting next_dagrun for example_task_group to 2024-07-25 00:00:00+00:00, run_after=2024-07-26 00:00:00+00:00
[2024-07-26T12:34:53.637+0000] {processor.py:183} INFO - Processing /home/airflow/.local/lib/python3.8/site-packages/airflow/example_dags/example_task_group.py took 0.089 seconds
[2024-07-26T12:35:23.723+0000] {processor.py:161} INFO - Started process (PID=988) to work on /home/airflow/.local/lib/python3.8/site-packages/airflow/example_dags/example_task_group.py
[2024-07-26T12:35:23.724+0000] {processor.py:830} INFO - Processing file /home/airflow/.local/lib/python3.8/site-packages/airflow/example_dags/example_task_group.py for tasks to queue
[2024-07-26T12:35:23.728+0000] {logging_mixin.py:188} INFO - [2024-07-26T12:35:23.728+0000] {dagbag.py:538} INFO - Filling up the DagBag from /home/airflow/.local/lib/python3.8/site-packages/airflow/example_dags/example_task_group.py
[2024-07-26T12:35:23.738+0000] {processor.py:840} INFO - DAG(s) 'example_task_group' retrieved from /home/airflow/.local/lib/python3.8/site-packages/airflow/example_dags/example_task_group.py
[2024-07-26T12:35:23.766+0000] {logging_mixin.py:188} INFO - [2024-07-26T12:35:23.765+0000] {dag.py:3036} INFO - Sync 1 DAGs
[2024-07-26T12:35:23.793+0000] {logging_mixin.py:188} INFO - [2024-07-26T12:35:23.792+0000] {dag.py:3823} INFO - Setting next_dagrun for example_task_group to 2024-07-25 00:00:00+00:00, run_after=2024-07-26 00:00:00+00:00
[2024-07-26T12:35:23.816+0000] {processor.py:183} INFO - Processing /home/airflow/.local/lib/python3.8/site-packages/airflow/example_dags/example_task_group.py took 0.097 seconds
[2024-07-26T12:35:53.959+0000] {processor.py:161} INFO - Started process (PID=1052) to work on /home/airflow/.local/lib/python3.8/site-packages/airflow/example_dags/example_task_group.py
[2024-07-26T12:35:53.961+0000] {processor.py:830} INFO - Processing file /home/airflow/.local/lib/python3.8/site-packages/airflow/example_dags/example_task_group.py for tasks to queue
[2024-07-26T12:35:53.963+0000] {logging_mixin.py:188} INFO - [2024-07-26T12:35:53.962+0000] {dagbag.py:538} INFO - Filling up the DagBag from /home/airflow/.local/lib/python3.8/site-packages/airflow/example_dags/example_task_group.py
[2024-07-26T12:35:53.971+0000] {processor.py:840} INFO - DAG(s) 'example_task_group' retrieved from /home/airflow/.local/lib/python3.8/site-packages/airflow/example_dags/example_task_group.py
[2024-07-26T12:35:53.999+0000] {logging_mixin.py:188} INFO - [2024-07-26T12:35:53.999+0000] {dag.py:3036} INFO - Sync 1 DAGs
[2024-07-26T12:35:54.025+0000] {logging_mixin.py:188} INFO - [2024-07-26T12:35:54.025+0000] {dag.py:3823} INFO - Setting next_dagrun for example_task_group to 2024-07-25 00:00:00+00:00, run_after=2024-07-26 00:00:00+00:00
[2024-07-26T12:35:54.048+0000] {processor.py:183} INFO - Processing /home/airflow/.local/lib/python3.8/site-packages/airflow/example_dags/example_task_group.py took 0.093 seconds
[2024-07-26T12:36:24.437+0000] {processor.py:161} INFO - Started process (PID=1116) to work on /home/airflow/.local/lib/python3.8/site-packages/airflow/example_dags/example_task_group.py
[2024-07-26T12:36:24.441+0000] {processor.py:830} INFO - Processing file /home/airflow/.local/lib/python3.8/site-packages/airflow/example_dags/example_task_group.py for tasks to queue
[2024-07-26T12:36:24.444+0000] {logging_mixin.py:188} INFO - [2024-07-26T12:36:24.443+0000] {dagbag.py:538} INFO - Filling up the DagBag from /home/airflow/.local/lib/python3.8/site-packages/airflow/example_dags/example_task_group.py
[2024-07-26T12:36:24.456+0000] {processor.py:840} INFO - DAG(s) 'example_task_group' retrieved from /home/airflow/.local/lib/python3.8/site-packages/airflow/example_dags/example_task_group.py
[2024-07-26T12:36:24.507+0000] {logging_mixin.py:188} INFO - [2024-07-26T12:36:24.506+0000] {dag.py:3036} INFO - Sync 1 DAGs
[2024-07-26T12:36:24.568+0000] {logging_mixin.py:188} INFO - [2024-07-26T12:36:24.567+0000] {dag.py:3823} INFO - Setting next_dagrun for example_task_group to 2024-07-25 00:00:00+00:00, run_after=2024-07-26 00:00:00+00:00
[2024-07-26T12:36:24.602+0000] {processor.py:183} INFO - Processing /home/airflow/.local/lib/python3.8/site-packages/airflow/example_dags/example_task_group.py took 0.168 seconds
[2024-07-26T12:36:54.848+0000] {processor.py:161} INFO - Started process (PID=1180) to work on /home/airflow/.local/lib/python3.8/site-packages/airflow/example_dags/example_task_group.py
[2024-07-26T12:36:54.849+0000] {processor.py:830} INFO - Processing file /home/airflow/.local/lib/python3.8/site-packages/airflow/example_dags/example_task_group.py for tasks to queue
[2024-07-26T12:36:54.851+0000] {logging_mixin.py:188} INFO - [2024-07-26T12:36:54.850+0000] {dagbag.py:538} INFO - Filling up the DagBag from /home/airflow/.local/lib/python3.8/site-packages/airflow/example_dags/example_task_group.py
[2024-07-26T12:36:54.859+0000] {processor.py:840} INFO - DAG(s) 'example_task_group' retrieved from /home/airflow/.local/lib/python3.8/site-packages/airflow/example_dags/example_task_group.py
[2024-07-26T12:36:54.885+0000] {logging_mixin.py:188} INFO - [2024-07-26T12:36:54.884+0000] {dag.py:3036} INFO - Sync 1 DAGs
[2024-07-26T12:36:54.908+0000] {logging_mixin.py:188} INFO - [2024-07-26T12:36:54.908+0000] {dag.py:3823} INFO - Setting next_dagrun for example_task_group to 2024-07-25 00:00:00+00:00, run_after=2024-07-26 00:00:00+00:00
[2024-07-26T12:36:54.929+0000] {processor.py:183} INFO - Processing /home/airflow/.local/lib/python3.8/site-packages/airflow/example_dags/example_task_group.py took 0.085 seconds
[2024-07-26T12:37:25.306+0000] {processor.py:161} INFO - Started process (PID=1244) to work on /home/airflow/.local/lib/python3.8/site-packages/airflow/example_dags/example_task_group.py
[2024-07-26T12:37:25.308+0000] {processor.py:830} INFO - Processing file /home/airflow/.local/lib/python3.8/site-packages/airflow/example_dags/example_task_group.py for tasks to queue
[2024-07-26T12:37:25.310+0000] {logging_mixin.py:188} INFO - [2024-07-26T12:37:25.309+0000] {dagbag.py:538} INFO - Filling up the DagBag from /home/airflow/.local/lib/python3.8/site-packages/airflow/example_dags/example_task_group.py
[2024-07-26T12:37:25.317+0000] {processor.py:840} INFO - DAG(s) 'example_task_group' retrieved from /home/airflow/.local/lib/python3.8/site-packages/airflow/example_dags/example_task_group.py
[2024-07-26T12:37:25.343+0000] {logging_mixin.py:188} INFO - [2024-07-26T12:37:25.343+0000] {dag.py:3036} INFO - Sync 1 DAGs
[2024-07-26T12:37:25.368+0000] {logging_mixin.py:188} INFO - [2024-07-26T12:37:25.368+0000] {dag.py:3823} INFO - Setting next_dagrun for example_task_group to 2024-07-25 00:00:00+00:00, run_after=2024-07-26 00:00:00+00:00
[2024-07-26T12:37:25.389+0000] {processor.py:183} INFO - Processing /home/airflow/.local/lib/python3.8/site-packages/airflow/example_dags/example_task_group.py took 0.086 seconds
[2024-07-26T12:38:51.555+0000] {processor.py:161} INFO - Started process (PID=90) to work on /home/airflow/.local/lib/python3.8/site-packages/airflow/example_dags/example_task_group.py
[2024-07-26T12:38:51.556+0000] {processor.py:830} INFO - Processing file /home/airflow/.local/lib/python3.8/site-packages/airflow/example_dags/example_task_group.py for tasks to queue
[2024-07-26T12:38:51.558+0000] {logging_mixin.py:188} INFO - [2024-07-26T12:38:51.557+0000] {dagbag.py:538} INFO - Filling up the DagBag from /home/airflow/.local/lib/python3.8/site-packages/airflow/example_dags/example_task_group.py
[2024-07-26T12:38:51.571+0000] {processor.py:840} INFO - DAG(s) 'example_task_group' retrieved from /home/airflow/.local/lib/python3.8/site-packages/airflow/example_dags/example_task_group.py
[2024-07-26T12:38:51.584+0000] {logging_mixin.py:188} INFO - [2024-07-26T12:38:51.583+0000] {dag.py:3036} INFO - Sync 1 DAGs
[2024-07-26T12:38:51.618+0000] {logging_mixin.py:188} INFO - [2024-07-26T12:38:51.618+0000] {dag.py:3823} INFO - Setting next_dagrun for example_task_group to 2024-07-25 00:00:00+00:00, run_after=2024-07-26 00:00:00+00:00
[2024-07-26T12:38:51.641+0000] {processor.py:183} INFO - Processing /home/airflow/.local/lib/python3.8/site-packages/airflow/example_dags/example_task_group.py took 0.090 seconds
[2024-07-26T12:39:21.948+0000] {processor.py:161} INFO - Started process (PID=147) to work on /home/airflow/.local/lib/python3.8/site-packages/airflow/example_dags/example_task_group.py
[2024-07-26T12:39:21.949+0000] {processor.py:830} INFO - Processing file /home/airflow/.local/lib/python3.8/site-packages/airflow/example_dags/example_task_group.py for tasks to queue
[2024-07-26T12:39:21.951+0000] {logging_mixin.py:188} INFO - [2024-07-26T12:39:21.951+0000] {dagbag.py:538} INFO - Filling up the DagBag from /home/airflow/.local/lib/python3.8/site-packages/airflow/example_dags/example_task_group.py
[2024-07-26T12:39:21.958+0000] {processor.py:840} INFO - DAG(s) 'example_task_group' retrieved from /home/airflow/.local/lib/python3.8/site-packages/airflow/example_dags/example_task_group.py
[2024-07-26T12:39:22.087+0000] {logging_mixin.py:188} INFO - [2024-07-26T12:39:22.086+0000] {dag.py:3036} INFO - Sync 1 DAGs
[2024-07-26T12:39:22.116+0000] {logging_mixin.py:188} INFO - [2024-07-26T12:39:22.115+0000] {dag.py:3823} INFO - Setting next_dagrun for example_task_group to 2024-07-25 00:00:00+00:00, run_after=2024-07-26 00:00:00+00:00
[2024-07-26T12:39:22.149+0000] {processor.py:183} INFO - Processing /home/airflow/.local/lib/python3.8/site-packages/airflow/example_dags/example_task_group.py took 0.205 seconds
[2024-07-26T12:43:17.057+0000] {processor.py:161} INFO - Started process (PID=95) to work on /home/airflow/.local/lib/python3.8/site-packages/airflow/example_dags/example_task_group.py
[2024-07-26T12:43:17.058+0000] {processor.py:830} INFO - Processing file /home/airflow/.local/lib/python3.8/site-packages/airflow/example_dags/example_task_group.py for tasks to queue
[2024-07-26T12:43:17.060+0000] {logging_mixin.py:188} INFO - [2024-07-26T12:43:17.060+0000] {dagbag.py:538} INFO - Filling up the DagBag from /home/airflow/.local/lib/python3.8/site-packages/airflow/example_dags/example_task_group.py
[2024-07-26T12:43:17.072+0000] {processor.py:840} INFO - DAG(s) 'example_task_group' retrieved from /home/airflow/.local/lib/python3.8/site-packages/airflow/example_dags/example_task_group.py
[2024-07-26T12:43:17.196+0000] {logging_mixin.py:188} INFO - [2024-07-26T12:43:17.196+0000] {dag.py:3036} INFO - Sync 1 DAGs
[2024-07-26T12:43:17.217+0000] {logging_mixin.py:188} INFO - [2024-07-26T12:43:17.217+0000] {dag.py:3823} INFO - Setting next_dagrun for example_task_group to 2024-07-25 00:00:00+00:00, run_after=2024-07-26 00:00:00+00:00
[2024-07-26T12:43:17.243+0000] {processor.py:183} INFO - Processing /home/airflow/.local/lib/python3.8/site-packages/airflow/example_dags/example_task_group.py took 0.190 seconds
[2024-07-26T12:43:47.786+0000] {processor.py:161} INFO - Started process (PID=152) to work on /home/airflow/.local/lib/python3.8/site-packages/airflow/example_dags/example_task_group.py
[2024-07-26T12:43:47.787+0000] {processor.py:830} INFO - Processing file /home/airflow/.local/lib/python3.8/site-packages/airflow/example_dags/example_task_group.py for tasks to queue
[2024-07-26T12:43:47.789+0000] {logging_mixin.py:188} INFO - [2024-07-26T12:43:47.789+0000] {dagbag.py:538} INFO - Filling up the DagBag from /home/airflow/.local/lib/python3.8/site-packages/airflow/example_dags/example_task_group.py
[2024-07-26T12:43:47.798+0000] {processor.py:840} INFO - DAG(s) 'example_task_group' retrieved from /home/airflow/.local/lib/python3.8/site-packages/airflow/example_dags/example_task_group.py
[2024-07-26T12:43:47.828+0000] {logging_mixin.py:188} INFO - [2024-07-26T12:43:47.827+0000] {dag.py:3036} INFO - Sync 1 DAGs
[2024-07-26T12:43:47.855+0000] {logging_mixin.py:188} INFO - [2024-07-26T12:43:47.855+0000] {dag.py:3823} INFO - Setting next_dagrun for example_task_group to 2024-07-25 00:00:00+00:00, run_after=2024-07-26 00:00:00+00:00
[2024-07-26T12:43:47.887+0000] {processor.py:183} INFO - Processing /home/airflow/.local/lib/python3.8/site-packages/airflow/example_dags/example_task_group.py took 0.105 seconds
[2024-07-26T12:44:18.996+0000] {processor.py:161} INFO - Started process (PID=222) to work on /home/airflow/.local/lib/python3.8/site-packages/airflow/example_dags/example_task_group.py
[2024-07-26T12:44:18.997+0000] {processor.py:830} INFO - Processing file /home/airflow/.local/lib/python3.8/site-packages/airflow/example_dags/example_task_group.py for tasks to queue
[2024-07-26T12:44:18.999+0000] {logging_mixin.py:188} INFO - [2024-07-26T12:44:18.999+0000] {dagbag.py:538} INFO - Filling up the DagBag from /home/airflow/.local/lib/python3.8/site-packages/airflow/example_dags/example_task_group.py
[2024-07-26T12:44:19.008+0000] {processor.py:840} INFO - DAG(s) 'example_task_group' retrieved from /home/airflow/.local/lib/python3.8/site-packages/airflow/example_dags/example_task_group.py
[2024-07-26T12:44:19.035+0000] {logging_mixin.py:188} INFO - [2024-07-26T12:44:19.035+0000] {dag.py:3036} INFO - Sync 1 DAGs
[2024-07-26T12:44:19.062+0000] {logging_mixin.py:188} INFO - [2024-07-26T12:44:19.062+0000] {dag.py:3823} INFO - Setting next_dagrun for example_task_group to 2024-07-25 00:00:00+00:00, run_after=2024-07-26 00:00:00+00:00
[2024-07-26T12:44:19.084+0000] {processor.py:183} INFO - Processing /home/airflow/.local/lib/python3.8/site-packages/airflow/example_dags/example_task_group.py took 0.092 seconds
[2024-07-26T12:49:44.482+0000] {processor.py:161} INFO - Started process (PID=88) to work on /home/airflow/.local/lib/python3.8/site-packages/airflow/example_dags/example_task_group.py
[2024-07-26T12:49:44.483+0000] {processor.py:830} INFO - Processing file /home/airflow/.local/lib/python3.8/site-packages/airflow/example_dags/example_task_group.py for tasks to queue
[2024-07-26T12:49:44.485+0000] {logging_mixin.py:188} INFO - [2024-07-26T12:49:44.485+0000] {dagbag.py:538} INFO - Filling up the DagBag from /home/airflow/.local/lib/python3.8/site-packages/airflow/example_dags/example_task_group.py
[2024-07-26T12:49:44.507+0000] {processor.py:840} INFO - DAG(s) 'example_task_group' retrieved from /home/airflow/.local/lib/python3.8/site-packages/airflow/example_dags/example_task_group.py
[2024-07-26T12:49:44.528+0000] {logging_mixin.py:188} INFO - [2024-07-26T12:49:44.528+0000] {dag.py:3036} INFO - Sync 1 DAGs
[2024-07-26T12:49:44.560+0000] {logging_mixin.py:188} INFO - [2024-07-26T12:49:44.560+0000] {dag.py:3823} INFO - Setting next_dagrun for example_task_group to 2024-07-25 00:00:00+00:00, run_after=2024-07-26 00:00:00+00:00
[2024-07-26T12:49:44.604+0000] {processor.py:183} INFO - Processing /home/airflow/.local/lib/python3.8/site-packages/airflow/example_dags/example_task_group.py took 0.194 seconds
[2024-07-26T12:50:15.147+0000] {processor.py:161} INFO - Started process (PID=150) to work on /home/airflow/.local/lib/python3.8/site-packages/airflow/example_dags/example_task_group.py
[2024-07-26T12:50:15.148+0000] {processor.py:830} INFO - Processing file /home/airflow/.local/lib/python3.8/site-packages/airflow/example_dags/example_task_group.py for tasks to queue
[2024-07-26T12:50:15.150+0000] {logging_mixin.py:188} INFO - [2024-07-26T12:50:15.149+0000] {dagbag.py:538} INFO - Filling up the DagBag from /home/airflow/.local/lib/python3.8/site-packages/airflow/example_dags/example_task_group.py
[2024-07-26T12:50:15.158+0000] {processor.py:840} INFO - DAG(s) 'example_task_group' retrieved from /home/airflow/.local/lib/python3.8/site-packages/airflow/example_dags/example_task_group.py
[2024-07-26T12:50:15.285+0000] {logging_mixin.py:188} INFO - [2024-07-26T12:50:15.285+0000] {dag.py:3036} INFO - Sync 1 DAGs
[2024-07-26T12:50:15.326+0000] {logging_mixin.py:188} INFO - [2024-07-26T12:50:15.326+0000] {dag.py:3823} INFO - Setting next_dagrun for example_task_group to 2024-07-25 00:00:00+00:00, run_after=2024-07-26 00:00:00+00:00
[2024-07-26T12:50:15.388+0000] {processor.py:183} INFO - Processing /home/airflow/.local/lib/python3.8/site-packages/airflow/example_dags/example_task_group.py took 0.245 seconds
[2024-07-26T12:50:45.971+0000] {processor.py:161} INFO - Started process (PID=214) to work on /home/airflow/.local/lib/python3.8/site-packages/airflow/example_dags/example_task_group.py
[2024-07-26T12:50:45.972+0000] {processor.py:830} INFO - Processing file /home/airflow/.local/lib/python3.8/site-packages/airflow/example_dags/example_task_group.py for tasks to queue
[2024-07-26T12:50:45.974+0000] {logging_mixin.py:188} INFO - [2024-07-26T12:50:45.974+0000] {dagbag.py:538} INFO - Filling up the DagBag from /home/airflow/.local/lib/python3.8/site-packages/airflow/example_dags/example_task_group.py
[2024-07-26T12:50:45.984+0000] {processor.py:840} INFO - DAG(s) 'example_task_group' retrieved from /home/airflow/.local/lib/python3.8/site-packages/airflow/example_dags/example_task_group.py
[2024-07-26T12:50:46.009+0000] {logging_mixin.py:188} INFO - [2024-07-26T12:50:46.008+0000] {dag.py:3036} INFO - Sync 1 DAGs
[2024-07-26T12:50:46.032+0000] {logging_mixin.py:188} INFO - [2024-07-26T12:50:46.032+0000] {dag.py:3823} INFO - Setting next_dagrun for example_task_group to 2024-07-25 00:00:00+00:00, run_after=2024-07-26 00:00:00+00:00
[2024-07-26T12:50:46.060+0000] {processor.py:183} INFO - Processing /home/airflow/.local/lib/python3.8/site-packages/airflow/example_dags/example_task_group.py took 0.092 seconds
[2024-07-26T12:51:16.088+0000] {processor.py:161} INFO - Started process (PID=277) to work on /home/airflow/.local/lib/python3.8/site-packages/airflow/example_dags/example_task_group.py
[2024-07-26T12:51:16.089+0000] {processor.py:830} INFO - Processing file /home/airflow/.local/lib/python3.8/site-packages/airflow/example_dags/example_task_group.py for tasks to queue
[2024-07-26T12:51:16.091+0000] {logging_mixin.py:188} INFO - [2024-07-26T12:51:16.091+0000] {dagbag.py:538} INFO - Filling up the DagBag from /home/airflow/.local/lib/python3.8/site-packages/airflow/example_dags/example_task_group.py
[2024-07-26T12:51:16.098+0000] {processor.py:840} INFO - DAG(s) 'example_task_group' retrieved from /home/airflow/.local/lib/python3.8/site-packages/airflow/example_dags/example_task_group.py
[2024-07-26T12:51:16.122+0000] {logging_mixin.py:188} INFO - [2024-07-26T12:51:16.121+0000] {dag.py:3036} INFO - Sync 1 DAGs
[2024-07-26T12:51:16.146+0000] {logging_mixin.py:188} INFO - [2024-07-26T12:51:16.146+0000] {dag.py:3823} INFO - Setting next_dagrun for example_task_group to 2024-07-25 00:00:00+00:00, run_after=2024-07-26 00:00:00+00:00
[2024-07-26T12:51:16.167+0000] {processor.py:183} INFO - Processing /home/airflow/.local/lib/python3.8/site-packages/airflow/example_dags/example_task_group.py took 0.083 seconds
[2024-07-26T12:51:46.409+0000] {processor.py:161} INFO - Started process (PID=341) to work on /home/airflow/.local/lib/python3.8/site-packages/airflow/example_dags/example_task_group.py
[2024-07-26T12:51:46.411+0000] {processor.py:830} INFO - Processing file /home/airflow/.local/lib/python3.8/site-packages/airflow/example_dags/example_task_group.py for tasks to queue
[2024-07-26T12:51:46.414+0000] {logging_mixin.py:188} INFO - [2024-07-26T12:51:46.413+0000] {dagbag.py:538} INFO - Filling up the DagBag from /home/airflow/.local/lib/python3.8/site-packages/airflow/example_dags/example_task_group.py
[2024-07-26T12:51:46.422+0000] {processor.py:840} INFO - DAG(s) 'example_task_group' retrieved from /home/airflow/.local/lib/python3.8/site-packages/airflow/example_dags/example_task_group.py
[2024-07-26T12:51:46.447+0000] {logging_mixin.py:188} INFO - [2024-07-26T12:51:46.446+0000] {dag.py:3036} INFO - Sync 1 DAGs
[2024-07-26T12:51:46.471+0000] {logging_mixin.py:188} INFO - [2024-07-26T12:51:46.471+0000] {dag.py:3823} INFO - Setting next_dagrun for example_task_group to 2024-07-25 00:00:00+00:00, run_after=2024-07-26 00:00:00+00:00
[2024-07-26T12:51:46.491+0000] {processor.py:183} INFO - Processing /home/airflow/.local/lib/python3.8/site-packages/airflow/example_dags/example_task_group.py took 0.086 seconds
[2024-07-26T12:52:16.808+0000] {processor.py:161} INFO - Started process (PID=404) to work on /home/airflow/.local/lib/python3.8/site-packages/airflow/example_dags/example_task_group.py
[2024-07-26T12:52:16.809+0000] {processor.py:830} INFO - Processing file /home/airflow/.local/lib/python3.8/site-packages/airflow/example_dags/example_task_group.py for tasks to queue
[2024-07-26T12:52:16.811+0000] {logging_mixin.py:188} INFO - [2024-07-26T12:52:16.811+0000] {dagbag.py:538} INFO - Filling up the DagBag from /home/airflow/.local/lib/python3.8/site-packages/airflow/example_dags/example_task_group.py
[2024-07-26T12:52:16.819+0000] {processor.py:840} INFO - DAG(s) 'example_task_group' retrieved from /home/airflow/.local/lib/python3.8/site-packages/airflow/example_dags/example_task_group.py
[2024-07-26T12:52:16.843+0000] {logging_mixin.py:188} INFO - [2024-07-26T12:52:16.843+0000] {dag.py:3036} INFO - Sync 1 DAGs
[2024-07-26T12:52:16.870+0000] {logging_mixin.py:188} INFO - [2024-07-26T12:52:16.869+0000] {dag.py:3823} INFO - Setting next_dagrun for example_task_group to 2024-07-25 00:00:00+00:00, run_after=2024-07-26 00:00:00+00:00
[2024-07-26T12:52:16.894+0000] {processor.py:183} INFO - Processing /home/airflow/.local/lib/python3.8/site-packages/airflow/example_dags/example_task_group.py took 0.090 seconds
[2024-07-26T12:52:47.412+0000] {processor.py:161} INFO - Started process (PID=468) to work on /home/airflow/.local/lib/python3.8/site-packages/airflow/example_dags/example_task_group.py
[2024-07-26T12:52:47.414+0000] {processor.py:830} INFO - Processing file /home/airflow/.local/lib/python3.8/site-packages/airflow/example_dags/example_task_group.py for tasks to queue
[2024-07-26T12:52:47.416+0000] {logging_mixin.py:188} INFO - [2024-07-26T12:52:47.415+0000] {dagbag.py:538} INFO - Filling up the DagBag from /home/airflow/.local/lib/python3.8/site-packages/airflow/example_dags/example_task_group.py
[2024-07-26T12:52:47.424+0000] {processor.py:840} INFO - DAG(s) 'example_task_group' retrieved from /home/airflow/.local/lib/python3.8/site-packages/airflow/example_dags/example_task_group.py
[2024-07-26T12:52:47.451+0000] {logging_mixin.py:188} INFO - [2024-07-26T12:52:47.451+0000] {dag.py:3036} INFO - Sync 1 DAGs
[2024-07-26T12:52:47.476+0000] {logging_mixin.py:188} INFO - [2024-07-26T12:52:47.475+0000] {dag.py:3823} INFO - Setting next_dagrun for example_task_group to 2024-07-25 00:00:00+00:00, run_after=2024-07-26 00:00:00+00:00
[2024-07-26T12:52:47.499+0000] {processor.py:183} INFO - Processing /home/airflow/.local/lib/python3.8/site-packages/airflow/example_dags/example_task_group.py took 0.091 seconds
[2024-07-26T12:53:18.455+0000] {processor.py:161} INFO - Started process (PID=533) to work on /home/airflow/.local/lib/python3.8/site-packages/airflow/example_dags/example_task_group.py
[2024-07-26T12:53:18.456+0000] {processor.py:830} INFO - Processing file /home/airflow/.local/lib/python3.8/site-packages/airflow/example_dags/example_task_group.py for tasks to queue
[2024-07-26T12:53:18.459+0000] {logging_mixin.py:188} INFO - [2024-07-26T12:53:18.458+0000] {dagbag.py:538} INFO - Filling up the DagBag from /home/airflow/.local/lib/python3.8/site-packages/airflow/example_dags/example_task_group.py
[2024-07-26T12:53:18.467+0000] {processor.py:840} INFO - DAG(s) 'example_task_group' retrieved from /home/airflow/.local/lib/python3.8/site-packages/airflow/example_dags/example_task_group.py
[2024-07-26T12:53:18.491+0000] {logging_mixin.py:188} INFO - [2024-07-26T12:53:18.491+0000] {dag.py:3036} INFO - Sync 1 DAGs
[2024-07-26T12:53:18.517+0000] {logging_mixin.py:188} INFO - [2024-07-26T12:53:18.517+0000] {dag.py:3823} INFO - Setting next_dagrun for example_task_group to 2024-07-25 00:00:00+00:00, run_after=2024-07-26 00:00:00+00:00
[2024-07-26T12:53:18.537+0000] {processor.py:183} INFO - Processing /home/airflow/.local/lib/python3.8/site-packages/airflow/example_dags/example_task_group.py took 0.085 seconds
[2024-07-26T12:53:48.640+0000] {processor.py:161} INFO - Started process (PID=597) to work on /home/airflow/.local/lib/python3.8/site-packages/airflow/example_dags/example_task_group.py
[2024-07-26T12:53:48.642+0000] {processor.py:830} INFO - Processing file /home/airflow/.local/lib/python3.8/site-packages/airflow/example_dags/example_task_group.py for tasks to queue
[2024-07-26T12:53:48.644+0000] {logging_mixin.py:188} INFO - [2024-07-26T12:53:48.643+0000] {dagbag.py:538} INFO - Filling up the DagBag from /home/airflow/.local/lib/python3.8/site-packages/airflow/example_dags/example_task_group.py
[2024-07-26T12:53:48.651+0000] {processor.py:840} INFO - DAG(s) 'example_task_group' retrieved from /home/airflow/.local/lib/python3.8/site-packages/airflow/example_dags/example_task_group.py
[2024-07-26T12:53:48.677+0000] {logging_mixin.py:188} INFO - [2024-07-26T12:53:48.676+0000] {dag.py:3036} INFO - Sync 1 DAGs
[2024-07-26T12:53:48.699+0000] {logging_mixin.py:188} INFO - [2024-07-26T12:53:48.699+0000] {dag.py:3823} INFO - Setting next_dagrun for example_task_group to 2024-07-25 00:00:00+00:00, run_after=2024-07-26 00:00:00+00:00
[2024-07-26T12:53:48.720+0000] {processor.py:183} INFO - Processing /home/airflow/.local/lib/python3.8/site-packages/airflow/example_dags/example_task_group.py took 0.082 seconds
[2024-07-26T12:54:18.847+0000] {processor.py:161} INFO - Started process (PID=660) to work on /home/airflow/.local/lib/python3.8/site-packages/airflow/example_dags/example_task_group.py
[2024-07-26T12:54:18.848+0000] {processor.py:830} INFO - Processing file /home/airflow/.local/lib/python3.8/site-packages/airflow/example_dags/example_task_group.py for tasks to queue
[2024-07-26T12:54:18.851+0000] {logging_mixin.py:188} INFO - [2024-07-26T12:54:18.850+0000] {dagbag.py:538} INFO - Filling up the DagBag from /home/airflow/.local/lib/python3.8/site-packages/airflow/example_dags/example_task_group.py
[2024-07-26T12:54:18.862+0000] {processor.py:840} INFO - DAG(s) 'example_task_group' retrieved from /home/airflow/.local/lib/python3.8/site-packages/airflow/example_dags/example_task_group.py
[2024-07-26T12:54:18.887+0000] {logging_mixin.py:188} INFO - [2024-07-26T12:54:18.887+0000] {dag.py:3036} INFO - Sync 1 DAGs
[2024-07-26T12:54:18.910+0000] {logging_mixin.py:188} INFO - [2024-07-26T12:54:18.910+0000] {dag.py:3823} INFO - Setting next_dagrun for example_task_group to 2024-07-25 00:00:00+00:00, run_after=2024-07-26 00:00:00+00:00
[2024-07-26T12:54:18.928+0000] {processor.py:183} INFO - Processing /home/airflow/.local/lib/python3.8/site-packages/airflow/example_dags/example_task_group.py took 0.086 seconds
[2024-07-26T12:54:49.030+0000] {processor.py:161} INFO - Started process (PID=724) to work on /home/airflow/.local/lib/python3.8/site-packages/airflow/example_dags/example_task_group.py
[2024-07-26T12:54:49.031+0000] {processor.py:830} INFO - Processing file /home/airflow/.local/lib/python3.8/site-packages/airflow/example_dags/example_task_group.py for tasks to queue
[2024-07-26T12:54:49.033+0000] {logging_mixin.py:188} INFO - [2024-07-26T12:54:49.032+0000] {dagbag.py:538} INFO - Filling up the DagBag from /home/airflow/.local/lib/python3.8/site-packages/airflow/example_dags/example_task_group.py
[2024-07-26T12:54:49.042+0000] {processor.py:840} INFO - DAG(s) 'example_task_group' retrieved from /home/airflow/.local/lib/python3.8/site-packages/airflow/example_dags/example_task_group.py
[2024-07-26T12:54:49.074+0000] {logging_mixin.py:188} INFO - [2024-07-26T12:54:49.073+0000] {dag.py:3036} INFO - Sync 1 DAGs
[2024-07-26T12:54:49.103+0000] {logging_mixin.py:188} INFO - [2024-07-26T12:54:49.103+0000] {dag.py:3823} INFO - Setting next_dagrun for example_task_group to 2024-07-25 00:00:00+00:00, run_after=2024-07-26 00:00:00+00:00
[2024-07-26T12:54:49.151+0000] {processor.py:183} INFO - Processing /home/airflow/.local/lib/python3.8/site-packages/airflow/example_dags/example_task_group.py took 0.125 seconds
[2024-07-26T12:55:19.431+0000] {processor.py:161} INFO - Started process (PID=788) to work on /home/airflow/.local/lib/python3.8/site-packages/airflow/example_dags/example_task_group.py
[2024-07-26T12:55:19.432+0000] {processor.py:830} INFO - Processing file /home/airflow/.local/lib/python3.8/site-packages/airflow/example_dags/example_task_group.py for tasks to queue
[2024-07-26T12:55:19.434+0000] {logging_mixin.py:188} INFO - [2024-07-26T12:55:19.434+0000] {dagbag.py:538} INFO - Filling up the DagBag from /home/airflow/.local/lib/python3.8/site-packages/airflow/example_dags/example_task_group.py
[2024-07-26T12:55:19.443+0000] {processor.py:840} INFO - DAG(s) 'example_task_group' retrieved from /home/airflow/.local/lib/python3.8/site-packages/airflow/example_dags/example_task_group.py
[2024-07-26T12:55:19.469+0000] {logging_mixin.py:188} INFO - [2024-07-26T12:55:19.468+0000] {dag.py:3036} INFO - Sync 1 DAGs
[2024-07-26T12:55:19.513+0000] {logging_mixin.py:188} INFO - [2024-07-26T12:55:19.512+0000] {dag.py:3823} INFO - Setting next_dagrun for example_task_group to 2024-07-25 00:00:00+00:00, run_after=2024-07-26 00:00:00+00:00
[2024-07-26T12:55:19.543+0000] {processor.py:183} INFO - Processing /home/airflow/.local/lib/python3.8/site-packages/airflow/example_dags/example_task_group.py took 0.116 seconds
[2024-07-26T12:55:49.733+0000] {processor.py:161} INFO - Started process (PID=852) to work on /home/airflow/.local/lib/python3.8/site-packages/airflow/example_dags/example_task_group.py
[2024-07-26T12:55:49.734+0000] {processor.py:830} INFO - Processing file /home/airflow/.local/lib/python3.8/site-packages/airflow/example_dags/example_task_group.py for tasks to queue
[2024-07-26T12:55:49.736+0000] {logging_mixin.py:188} INFO - [2024-07-26T12:55:49.736+0000] {dagbag.py:538} INFO - Filling up the DagBag from /home/airflow/.local/lib/python3.8/site-packages/airflow/example_dags/example_task_group.py
[2024-07-26T12:55:49.743+0000] {processor.py:840} INFO - DAG(s) 'example_task_group' retrieved from /home/airflow/.local/lib/python3.8/site-packages/airflow/example_dags/example_task_group.py
[2024-07-26T12:55:49.767+0000] {logging_mixin.py:188} INFO - [2024-07-26T12:55:49.767+0000] {dag.py:3036} INFO - Sync 1 DAGs
[2024-07-26T12:55:49.793+0000] {logging_mixin.py:188} INFO - [2024-07-26T12:55:49.793+0000] {dag.py:3823} INFO - Setting next_dagrun for example_task_group to 2024-07-25 00:00:00+00:00, run_after=2024-07-26 00:00:00+00:00
[2024-07-26T12:55:49.814+0000] {processor.py:183} INFO - Processing /home/airflow/.local/lib/python3.8/site-packages/airflow/example_dags/example_task_group.py took 0.084 seconds
[2024-07-26T12:56:20.754+0000] {processor.py:161} INFO - Started process (PID=917) to work on /home/airflow/.local/lib/python3.8/site-packages/airflow/example_dags/example_task_group.py
[2024-07-26T12:56:20.755+0000] {processor.py:830} INFO - Processing file /home/airflow/.local/lib/python3.8/site-packages/airflow/example_dags/example_task_group.py for tasks to queue
[2024-07-26T12:56:20.757+0000] {logging_mixin.py:188} INFO - [2024-07-26T12:56:20.757+0000] {dagbag.py:538} INFO - Filling up the DagBag from /home/airflow/.local/lib/python3.8/site-packages/airflow/example_dags/example_task_group.py
[2024-07-26T12:56:20.766+0000] {processor.py:840} INFO - DAG(s) 'example_task_group' retrieved from /home/airflow/.local/lib/python3.8/site-packages/airflow/example_dags/example_task_group.py
[2024-07-26T12:56:20.796+0000] {logging_mixin.py:188} INFO - [2024-07-26T12:56:20.795+0000] {dag.py:3036} INFO - Sync 1 DAGs
[2024-07-26T12:56:20.825+0000] {logging_mixin.py:188} INFO - [2024-07-26T12:56:20.824+0000] {dag.py:3823} INFO - Setting next_dagrun for example_task_group to 2024-07-25 00:00:00+00:00, run_after=2024-07-26 00:00:00+00:00
[2024-07-26T12:56:20.864+0000] {processor.py:183} INFO - Processing /home/airflow/.local/lib/python3.8/site-packages/airflow/example_dags/example_task_group.py took 0.114 seconds
[2024-07-26T12:56:50.978+0000] {processor.py:161} INFO - Started process (PID=981) to work on /home/airflow/.local/lib/python3.8/site-packages/airflow/example_dags/example_task_group.py
[2024-07-26T12:56:50.979+0000] {processor.py:830} INFO - Processing file /home/airflow/.local/lib/python3.8/site-packages/airflow/example_dags/example_task_group.py for tasks to queue
[2024-07-26T12:56:50.981+0000] {logging_mixin.py:188} INFO - [2024-07-26T12:56:50.981+0000] {dagbag.py:538} INFO - Filling up the DagBag from /home/airflow/.local/lib/python3.8/site-packages/airflow/example_dags/example_task_group.py
[2024-07-26T12:56:50.989+0000] {processor.py:840} INFO - DAG(s) 'example_task_group' retrieved from /home/airflow/.local/lib/python3.8/site-packages/airflow/example_dags/example_task_group.py
[2024-07-26T12:56:51.014+0000] {logging_mixin.py:188} INFO - [2024-07-26T12:56:51.014+0000] {dag.py:3036} INFO - Sync 1 DAGs
[2024-07-26T12:56:51.041+0000] {logging_mixin.py:188} INFO - [2024-07-26T12:56:51.040+0000] {dag.py:3823} INFO - Setting next_dagrun for example_task_group to 2024-07-25 00:00:00+00:00, run_after=2024-07-26 00:00:00+00:00
[2024-07-26T12:56:51.060+0000] {processor.py:183} INFO - Processing /home/airflow/.local/lib/python3.8/site-packages/airflow/example_dags/example_task_group.py took 0.085 seconds
[2024-07-26T12:57:21.432+0000] {processor.py:161} INFO - Started process (PID=1045) to work on /home/airflow/.local/lib/python3.8/site-packages/airflow/example_dags/example_task_group.py
[2024-07-26T12:57:21.434+0000] {processor.py:830} INFO - Processing file /home/airflow/.local/lib/python3.8/site-packages/airflow/example_dags/example_task_group.py for tasks to queue
[2024-07-26T12:57:21.436+0000] {logging_mixin.py:188} INFO - [2024-07-26T12:57:21.435+0000] {dagbag.py:538} INFO - Filling up the DagBag from /home/airflow/.local/lib/python3.8/site-packages/airflow/example_dags/example_task_group.py
[2024-07-26T12:57:21.447+0000] {processor.py:840} INFO - DAG(s) 'example_task_group' retrieved from /home/airflow/.local/lib/python3.8/site-packages/airflow/example_dags/example_task_group.py
[2024-07-26T12:57:21.477+0000] {logging_mixin.py:188} INFO - [2024-07-26T12:57:21.476+0000] {dag.py:3036} INFO - Sync 1 DAGs
[2024-07-26T12:57:21.509+0000] {logging_mixin.py:188} INFO - [2024-07-26T12:57:21.509+0000] {dag.py:3823} INFO - Setting next_dagrun for example_task_group to 2024-07-25 00:00:00+00:00, run_after=2024-07-26 00:00:00+00:00
[2024-07-26T12:57:21.534+0000] {processor.py:183} INFO - Processing /home/airflow/.local/lib/python3.8/site-packages/airflow/example_dags/example_task_group.py took 0.105 seconds
[2024-07-26T12:57:51.934+0000] {processor.py:161} INFO - Started process (PID=1109) to work on /home/airflow/.local/lib/python3.8/site-packages/airflow/example_dags/example_task_group.py
[2024-07-26T12:57:51.935+0000] {processor.py:830} INFO - Processing file /home/airflow/.local/lib/python3.8/site-packages/airflow/example_dags/example_task_group.py for tasks to queue
[2024-07-26T12:57:51.937+0000] {logging_mixin.py:188} INFO - [2024-07-26T12:57:51.937+0000] {dagbag.py:538} INFO - Filling up the DagBag from /home/airflow/.local/lib/python3.8/site-packages/airflow/example_dags/example_task_group.py
[2024-07-26T12:57:51.945+0000] {processor.py:840} INFO - DAG(s) 'example_task_group' retrieved from /home/airflow/.local/lib/python3.8/site-packages/airflow/example_dags/example_task_group.py
[2024-07-26T12:57:51.972+0000] {logging_mixin.py:188} INFO - [2024-07-26T12:57:51.972+0000] {dag.py:3036} INFO - Sync 1 DAGs
[2024-07-26T12:57:52.002+0000] {logging_mixin.py:188} INFO - [2024-07-26T12:57:52.002+0000] {dag.py:3823} INFO - Setting next_dagrun for example_task_group to 2024-07-25 00:00:00+00:00, run_after=2024-07-26 00:00:00+00:00
[2024-07-26T12:57:52.024+0000] {processor.py:183} INFO - Processing /home/airflow/.local/lib/python3.8/site-packages/airflow/example_dags/example_task_group.py took 0.094 seconds
[2024-07-26T12:58:22.459+0000] {processor.py:161} INFO - Started process (PID=1173) to work on /home/airflow/.local/lib/python3.8/site-packages/airflow/example_dags/example_task_group.py
[2024-07-26T12:58:22.472+0000] {processor.py:830} INFO - Processing file /home/airflow/.local/lib/python3.8/site-packages/airflow/example_dags/example_task_group.py for tasks to queue
[2024-07-26T12:58:22.484+0000] {logging_mixin.py:188} INFO - [2024-07-26T12:58:22.483+0000] {dagbag.py:538} INFO - Filling up the DagBag from /home/airflow/.local/lib/python3.8/site-packages/airflow/example_dags/example_task_group.py
[2024-07-26T12:58:22.524+0000] {processor.py:840} INFO - DAG(s) 'example_task_group' retrieved from /home/airflow/.local/lib/python3.8/site-packages/airflow/example_dags/example_task_group.py
[2024-07-26T12:58:22.573+0000] {logging_mixin.py:188} INFO - [2024-07-26T12:58:22.572+0000] {dag.py:3036} INFO - Sync 1 DAGs
[2024-07-26T12:58:22.606+0000] {logging_mixin.py:188} INFO - [2024-07-26T12:58:22.606+0000] {dag.py:3823} INFO - Setting next_dagrun for example_task_group to 2024-07-25 00:00:00+00:00, run_after=2024-07-26 00:00:00+00:00
[2024-07-26T12:58:22.631+0000] {processor.py:183} INFO - Processing /home/airflow/.local/lib/python3.8/site-packages/airflow/example_dags/example_task_group.py took 0.182 seconds
[2024-07-26T12:58:52.744+0000] {processor.py:161} INFO - Started process (PID=1237) to work on /home/airflow/.local/lib/python3.8/site-packages/airflow/example_dags/example_task_group.py
[2024-07-26T12:58:52.745+0000] {processor.py:830} INFO - Processing file /home/airflow/.local/lib/python3.8/site-packages/airflow/example_dags/example_task_group.py for tasks to queue
[2024-07-26T12:58:52.747+0000] {logging_mixin.py:188} INFO - [2024-07-26T12:58:52.747+0000] {dagbag.py:538} INFO - Filling up the DagBag from /home/airflow/.local/lib/python3.8/site-packages/airflow/example_dags/example_task_group.py
[2024-07-26T12:58:52.755+0000] {processor.py:840} INFO - DAG(s) 'example_task_group' retrieved from /home/airflow/.local/lib/python3.8/site-packages/airflow/example_dags/example_task_group.py
[2024-07-26T12:58:52.783+0000] {logging_mixin.py:188} INFO - [2024-07-26T12:58:52.782+0000] {dag.py:3036} INFO - Sync 1 DAGs
[2024-07-26T12:58:52.808+0000] {logging_mixin.py:188} INFO - [2024-07-26T12:58:52.808+0000] {dag.py:3823} INFO - Setting next_dagrun for example_task_group to 2024-07-25 00:00:00+00:00, run_after=2024-07-26 00:00:00+00:00
[2024-07-26T12:58:52.826+0000] {processor.py:183} INFO - Processing /home/airflow/.local/lib/python3.8/site-packages/airflow/example_dags/example_task_group.py took 0.086 seconds
