[2024-07-26T12:15:26.382+0000] {processor.py:161} INFO - Started process (PID=105) to work on /home/airflow/.local/lib/python3.8/site-packages/airflow/example_dags/example_bash_operator.py
[2024-07-26T12:15:26.383+0000] {processor.py:830} INFO - Processing file /home/airflow/.local/lib/python3.8/site-packages/airflow/example_dags/example_bash_operator.py for tasks to queue
[2024-07-26T12:15:26.385+0000] {logging_mixin.py:188} INFO - [2024-07-26T12:15:26.385+0000] {dagbag.py:538} INFO - Filling up the DagBag from /home/airflow/.local/lib/python3.8/site-packages/airflow/example_dags/example_bash_operator.py
[2024-07-26T12:15:26.406+0000] {processor.py:840} INFO - DAG(s) 'example_bash_operator' retrieved from /home/airflow/.local/lib/python3.8/site-packages/airflow/example_dags/example_bash_operator.py
[2024-07-26T12:15:26.566+0000] {logging_mixin.py:188} INFO - [2024-07-26T12:15:26.566+0000] {dag.py:3036} INFO - Sync 1 DAGs
[2024-07-26T12:15:26.590+0000] {logging_mixin.py:188} INFO - [2024-07-26T12:15:26.589+0000] {dag.py:3823} INFO - Setting next_dagrun for example_bash_operator to 2024-07-25 00:00:00+00:00, run_after=2024-07-26 00:00:00+00:00
[2024-07-26T12:15:26.616+0000] {processor.py:183} INFO - Processing /home/airflow/.local/lib/python3.8/site-packages/airflow/example_dags/example_bash_operator.py took 0.238 seconds
[2024-07-26T12:15:56.865+0000] {processor.py:161} INFO - Started process (PID=169) to work on /home/airflow/.local/lib/python3.8/site-packages/airflow/example_dags/example_bash_operator.py
[2024-07-26T12:15:56.866+0000] {processor.py:830} INFO - Processing file /home/airflow/.local/lib/python3.8/site-packages/airflow/example_dags/example_bash_operator.py for tasks to queue
[2024-07-26T12:15:56.868+0000] {logging_mixin.py:188} INFO - [2024-07-26T12:15:56.868+0000] {dagbag.py:538} INFO - Filling up the DagBag from /home/airflow/.local/lib/python3.8/site-packages/airflow/example_dags/example_bash_operator.py
[2024-07-26T12:15:56.882+0000] {processor.py:840} INFO - DAG(s) 'example_bash_operator' retrieved from /home/airflow/.local/lib/python3.8/site-packages/airflow/example_dags/example_bash_operator.py
[2024-07-26T12:15:56.916+0000] {logging_mixin.py:188} INFO - [2024-07-26T12:15:56.915+0000] {dag.py:3036} INFO - Sync 1 DAGs
[2024-07-26T12:15:56.950+0000] {logging_mixin.py:188} INFO - [2024-07-26T12:15:56.950+0000] {dag.py:3823} INFO - Setting next_dagrun for example_bash_operator to 2024-07-25 00:00:00+00:00, run_after=2024-07-26 00:00:00+00:00
[2024-07-26T12:15:56.970+0000] {processor.py:183} INFO - Processing /home/airflow/.local/lib/python3.8/site-packages/airflow/example_dags/example_bash_operator.py took 0.109 seconds
[2024-07-26T12:16:27.714+0000] {processor.py:161} INFO - Started process (PID=233) to work on /home/airflow/.local/lib/python3.8/site-packages/airflow/example_dags/example_bash_operator.py
[2024-07-26T12:16:27.715+0000] {processor.py:830} INFO - Processing file /home/airflow/.local/lib/python3.8/site-packages/airflow/example_dags/example_bash_operator.py for tasks to queue
[2024-07-26T12:16:27.717+0000] {logging_mixin.py:188} INFO - [2024-07-26T12:16:27.716+0000] {dagbag.py:538} INFO - Filling up the DagBag from /home/airflow/.local/lib/python3.8/site-packages/airflow/example_dags/example_bash_operator.py
[2024-07-26T12:16:27.732+0000] {processor.py:840} INFO - DAG(s) 'example_bash_operator' retrieved from /home/airflow/.local/lib/python3.8/site-packages/airflow/example_dags/example_bash_operator.py
[2024-07-26T12:16:27.784+0000] {logging_mixin.py:188} INFO - [2024-07-26T12:16:27.784+0000] {dag.py:3036} INFO - Sync 1 DAGs
[2024-07-26T12:16:27.811+0000] {logging_mixin.py:188} INFO - [2024-07-26T12:16:27.810+0000] {dag.py:3823} INFO - Setting next_dagrun for example_bash_operator to 2024-07-25 00:00:00+00:00, run_after=2024-07-26 00:00:00+00:00
[2024-07-26T12:16:27.831+0000] {processor.py:183} INFO - Processing /home/airflow/.local/lib/python3.8/site-packages/airflow/example_dags/example_bash_operator.py took 0.121 seconds
[2024-07-26T12:16:58.770+0000] {processor.py:161} INFO - Started process (PID=289) to work on /home/airflow/.local/lib/python3.8/site-packages/airflow/example_dags/example_bash_operator.py
[2024-07-26T12:16:58.771+0000] {processor.py:830} INFO - Processing file /home/airflow/.local/lib/python3.8/site-packages/airflow/example_dags/example_bash_operator.py for tasks to queue
[2024-07-26T12:16:58.773+0000] {logging_mixin.py:188} INFO - [2024-07-26T12:16:58.773+0000] {dagbag.py:538} INFO - Filling up the DagBag from /home/airflow/.local/lib/python3.8/site-packages/airflow/example_dags/example_bash_operator.py
[2024-07-26T12:16:58.786+0000] {processor.py:840} INFO - DAG(s) 'example_bash_operator' retrieved from /home/airflow/.local/lib/python3.8/site-packages/airflow/example_dags/example_bash_operator.py
[2024-07-26T12:16:58.821+0000] {logging_mixin.py:188} INFO - [2024-07-26T12:16:58.821+0000] {dag.py:3036} INFO - Sync 1 DAGs
[2024-07-26T12:16:58.849+0000] {logging_mixin.py:188} INFO - [2024-07-26T12:16:58.849+0000] {dag.py:3823} INFO - Setting next_dagrun for example_bash_operator to 2024-07-25 00:00:00+00:00, run_after=2024-07-26 00:00:00+00:00
[2024-07-26T12:16:58.873+0000] {processor.py:183} INFO - Processing /home/airflow/.local/lib/python3.8/site-packages/airflow/example_dags/example_bash_operator.py took 0.107 seconds
[2024-07-26T12:17:29.298+0000] {processor.py:161} INFO - Started process (PID=352) to work on /home/airflow/.local/lib/python3.8/site-packages/airflow/example_dags/example_bash_operator.py
[2024-07-26T12:17:29.300+0000] {processor.py:830} INFO - Processing file /home/airflow/.local/lib/python3.8/site-packages/airflow/example_dags/example_bash_operator.py for tasks to queue
[2024-07-26T12:17:29.302+0000] {logging_mixin.py:188} INFO - [2024-07-26T12:17:29.302+0000] {dagbag.py:538} INFO - Filling up the DagBag from /home/airflow/.local/lib/python3.8/site-packages/airflow/example_dags/example_bash_operator.py
[2024-07-26T12:17:29.315+0000] {processor.py:840} INFO - DAG(s) 'example_bash_operator' retrieved from /home/airflow/.local/lib/python3.8/site-packages/airflow/example_dags/example_bash_operator.py
[2024-07-26T12:17:29.357+0000] {logging_mixin.py:188} INFO - [2024-07-26T12:17:29.357+0000] {dag.py:3036} INFO - Sync 1 DAGs
[2024-07-26T12:17:29.385+0000] {logging_mixin.py:188} INFO - [2024-07-26T12:17:29.384+0000] {dag.py:3823} INFO - Setting next_dagrun for example_bash_operator to 2024-07-25 00:00:00+00:00, run_after=2024-07-26 00:00:00+00:00
[2024-07-26T12:17:29.415+0000] {processor.py:183} INFO - Processing /home/airflow/.local/lib/python3.8/site-packages/airflow/example_dags/example_bash_operator.py took 0.120 seconds
[2024-07-26T12:17:59.545+0000] {processor.py:161} INFO - Started process (PID=416) to work on /home/airflow/.local/lib/python3.8/site-packages/airflow/example_dags/example_bash_operator.py
[2024-07-26T12:17:59.546+0000] {processor.py:830} INFO - Processing file /home/airflow/.local/lib/python3.8/site-packages/airflow/example_dags/example_bash_operator.py for tasks to queue
[2024-07-26T12:17:59.549+0000] {logging_mixin.py:188} INFO - [2024-07-26T12:17:59.548+0000] {dagbag.py:538} INFO - Filling up the DagBag from /home/airflow/.local/lib/python3.8/site-packages/airflow/example_dags/example_bash_operator.py
[2024-07-26T12:17:59.563+0000] {processor.py:840} INFO - DAG(s) 'example_bash_operator' retrieved from /home/airflow/.local/lib/python3.8/site-packages/airflow/example_dags/example_bash_operator.py
[2024-07-26T12:17:59.600+0000] {logging_mixin.py:188} INFO - [2024-07-26T12:17:59.599+0000] {dag.py:3036} INFO - Sync 1 DAGs
[2024-07-26T12:17:59.625+0000] {logging_mixin.py:188} INFO - [2024-07-26T12:17:59.625+0000] {dag.py:3823} INFO - Setting next_dagrun for example_bash_operator to 2024-07-25 00:00:00+00:00, run_after=2024-07-26 00:00:00+00:00
[2024-07-26T12:17:59.648+0000] {processor.py:183} INFO - Processing /home/airflow/.local/lib/python3.8/site-packages/airflow/example_dags/example_bash_operator.py took 0.107 seconds
[2024-07-26T12:18:30.373+0000] {processor.py:161} INFO - Started process (PID=480) to work on /home/airflow/.local/lib/python3.8/site-packages/airflow/example_dags/example_bash_operator.py
[2024-07-26T12:18:30.374+0000] {processor.py:830} INFO - Processing file /home/airflow/.local/lib/python3.8/site-packages/airflow/example_dags/example_bash_operator.py for tasks to queue
[2024-07-26T12:18:30.376+0000] {logging_mixin.py:188} INFO - [2024-07-26T12:18:30.376+0000] {dagbag.py:538} INFO - Filling up the DagBag from /home/airflow/.local/lib/python3.8/site-packages/airflow/example_dags/example_bash_operator.py
[2024-07-26T12:18:30.388+0000] {processor.py:840} INFO - DAG(s) 'example_bash_operator' retrieved from /home/airflow/.local/lib/python3.8/site-packages/airflow/example_dags/example_bash_operator.py
[2024-07-26T12:18:30.423+0000] {logging_mixin.py:188} INFO - [2024-07-26T12:18:30.422+0000] {dag.py:3036} INFO - Sync 1 DAGs
[2024-07-26T12:18:30.449+0000] {logging_mixin.py:188} INFO - [2024-07-26T12:18:30.449+0000] {dag.py:3823} INFO - Setting next_dagrun for example_bash_operator to 2024-07-25 00:00:00+00:00, run_after=2024-07-26 00:00:00+00:00
[2024-07-26T12:18:30.475+0000] {processor.py:183} INFO - Processing /home/airflow/.local/lib/python3.8/site-packages/airflow/example_dags/example_bash_operator.py took 0.105 seconds
[2024-07-26T12:19:00.725+0000] {processor.py:161} INFO - Started process (PID=544) to work on /home/airflow/.local/lib/python3.8/site-packages/airflow/example_dags/example_bash_operator.py
[2024-07-26T12:19:00.726+0000] {processor.py:830} INFO - Processing file /home/airflow/.local/lib/python3.8/site-packages/airflow/example_dags/example_bash_operator.py for tasks to queue
[2024-07-26T12:19:00.728+0000] {logging_mixin.py:188} INFO - [2024-07-26T12:19:00.728+0000] {dagbag.py:538} INFO - Filling up the DagBag from /home/airflow/.local/lib/python3.8/site-packages/airflow/example_dags/example_bash_operator.py
[2024-07-26T12:19:00.742+0000] {processor.py:840} INFO - DAG(s) 'example_bash_operator' retrieved from /home/airflow/.local/lib/python3.8/site-packages/airflow/example_dags/example_bash_operator.py
[2024-07-26T12:19:00.776+0000] {logging_mixin.py:188} INFO - [2024-07-26T12:19:00.776+0000] {dag.py:3036} INFO - Sync 1 DAGs
[2024-07-26T12:19:00.803+0000] {logging_mixin.py:188} INFO - [2024-07-26T12:19:00.803+0000] {dag.py:3823} INFO - Setting next_dagrun for example_bash_operator to 2024-07-25 00:00:00+00:00, run_after=2024-07-26 00:00:00+00:00
[2024-07-26T12:19:00.829+0000] {processor.py:183} INFO - Processing /home/airflow/.local/lib/python3.8/site-packages/airflow/example_dags/example_bash_operator.py took 0.108 seconds
[2024-07-26T12:19:31.041+0000] {processor.py:161} INFO - Started process (PID=609) to work on /home/airflow/.local/lib/python3.8/site-packages/airflow/example_dags/example_bash_operator.py
[2024-07-26T12:19:31.042+0000] {processor.py:830} INFO - Processing file /home/airflow/.local/lib/python3.8/site-packages/airflow/example_dags/example_bash_operator.py for tasks to queue
[2024-07-26T12:19:31.044+0000] {logging_mixin.py:188} INFO - [2024-07-26T12:19:31.043+0000] {dagbag.py:538} INFO - Filling up the DagBag from /home/airflow/.local/lib/python3.8/site-packages/airflow/example_dags/example_bash_operator.py
[2024-07-26T12:19:31.061+0000] {processor.py:840} INFO - DAG(s) 'example_bash_operator' retrieved from /home/airflow/.local/lib/python3.8/site-packages/airflow/example_dags/example_bash_operator.py
[2024-07-26T12:19:31.104+0000] {logging_mixin.py:188} INFO - [2024-07-26T12:19:31.104+0000] {dag.py:3036} INFO - Sync 1 DAGs
[2024-07-26T12:19:31.132+0000] {logging_mixin.py:188} INFO - [2024-07-26T12:19:31.132+0000] {dag.py:3823} INFO - Setting next_dagrun for example_bash_operator to 2024-07-25 00:00:00+00:00, run_after=2024-07-26 00:00:00+00:00
[2024-07-26T12:19:31.157+0000] {processor.py:183} INFO - Processing /home/airflow/.local/lib/python3.8/site-packages/airflow/example_dags/example_bash_operator.py took 0.120 seconds
[2024-07-26T12:28:17.603+0000] {processor.py:161} INFO - Started process (PID=101) to work on /home/airflow/.local/lib/python3.8/site-packages/airflow/example_dags/example_bash_operator.py
[2024-07-26T12:28:17.604+0000] {processor.py:830} INFO - Processing file /home/airflow/.local/lib/python3.8/site-packages/airflow/example_dags/example_bash_operator.py for tasks to queue
[2024-07-26T12:28:17.606+0000] {logging_mixin.py:188} INFO - [2024-07-26T12:28:17.606+0000] {dagbag.py:538} INFO - Filling up the DagBag from /home/airflow/.local/lib/python3.8/site-packages/airflow/example_dags/example_bash_operator.py
[2024-07-26T12:28:17.626+0000] {processor.py:840} INFO - DAG(s) 'example_bash_operator' retrieved from /home/airflow/.local/lib/python3.8/site-packages/airflow/example_dags/example_bash_operator.py
[2024-07-26T12:28:17.782+0000] {logging_mixin.py:188} INFO - [2024-07-26T12:28:17.781+0000] {dag.py:3036} INFO - Sync 1 DAGs
[2024-07-26T12:28:17.809+0000] {logging_mixin.py:188} INFO - [2024-07-26T12:28:17.809+0000] {dag.py:3823} INFO - Setting next_dagrun for example_bash_operator to 2024-07-25 00:00:00+00:00, run_after=2024-07-26 00:00:00+00:00
[2024-07-26T12:28:17.830+0000] {processor.py:183} INFO - Processing /home/airflow/.local/lib/python3.8/site-packages/airflow/example_dags/example_bash_operator.py took 0.230 seconds
[2024-07-26T12:28:48.649+0000] {processor.py:161} INFO - Started process (PID=170) to work on /home/airflow/.local/lib/python3.8/site-packages/airflow/example_dags/example_bash_operator.py
[2024-07-26T12:28:48.650+0000] {processor.py:830} INFO - Processing file /home/airflow/.local/lib/python3.8/site-packages/airflow/example_dags/example_bash_operator.py for tasks to queue
[2024-07-26T12:28:48.653+0000] {logging_mixin.py:188} INFO - [2024-07-26T12:28:48.652+0000] {dagbag.py:538} INFO - Filling up the DagBag from /home/airflow/.local/lib/python3.8/site-packages/airflow/example_dags/example_bash_operator.py
[2024-07-26T12:28:48.665+0000] {processor.py:840} INFO - DAG(s) 'example_bash_operator' retrieved from /home/airflow/.local/lib/python3.8/site-packages/airflow/example_dags/example_bash_operator.py
[2024-07-26T12:28:48.701+0000] {logging_mixin.py:188} INFO - [2024-07-26T12:28:48.700+0000] {dag.py:3036} INFO - Sync 1 DAGs
[2024-07-26T12:28:48.730+0000] {logging_mixin.py:188} INFO - [2024-07-26T12:28:48.730+0000] {dag.py:3823} INFO - Setting next_dagrun for example_bash_operator to 2024-07-25 00:00:00+00:00, run_after=2024-07-26 00:00:00+00:00
[2024-07-26T12:28:48.754+0000] {processor.py:183} INFO - Processing /home/airflow/.local/lib/python3.8/site-packages/airflow/example_dags/example_bash_operator.py took 0.108 seconds
[2024-07-26T12:29:19.449+0000] {processor.py:161} INFO - Started process (PID=227) to work on /home/airflow/.local/lib/python3.8/site-packages/airflow/example_dags/example_bash_operator.py
[2024-07-26T12:29:19.451+0000] {processor.py:830} INFO - Processing file /home/airflow/.local/lib/python3.8/site-packages/airflow/example_dags/example_bash_operator.py for tasks to queue
[2024-07-26T12:29:19.454+0000] {logging_mixin.py:188} INFO - [2024-07-26T12:29:19.454+0000] {dagbag.py:538} INFO - Filling up the DagBag from /home/airflow/.local/lib/python3.8/site-packages/airflow/example_dags/example_bash_operator.py
[2024-07-26T12:29:19.468+0000] {processor.py:840} INFO - DAG(s) 'example_bash_operator' retrieved from /home/airflow/.local/lib/python3.8/site-packages/airflow/example_dags/example_bash_operator.py
[2024-07-26T12:29:19.501+0000] {logging_mixin.py:188} INFO - [2024-07-26T12:29:19.501+0000] {dag.py:3036} INFO - Sync 1 DAGs
[2024-07-26T12:29:19.526+0000] {logging_mixin.py:188} INFO - [2024-07-26T12:29:19.526+0000] {dag.py:3823} INFO - Setting next_dagrun for example_bash_operator to 2024-07-25 00:00:00+00:00, run_after=2024-07-26 00:00:00+00:00
[2024-07-26T12:29:19.546+0000] {processor.py:183} INFO - Processing /home/airflow/.local/lib/python3.8/site-packages/airflow/example_dags/example_bash_operator.py took 0.100 seconds
[2024-07-26T12:29:49.778+0000] {processor.py:161} INFO - Started process (PID=289) to work on /home/airflow/.local/lib/python3.8/site-packages/airflow/example_dags/example_bash_operator.py
[2024-07-26T12:29:49.779+0000] {processor.py:830} INFO - Processing file /home/airflow/.local/lib/python3.8/site-packages/airflow/example_dags/example_bash_operator.py for tasks to queue
[2024-07-26T12:29:49.781+0000] {logging_mixin.py:188} INFO - [2024-07-26T12:29:49.780+0000] {dagbag.py:538} INFO - Filling up the DagBag from /home/airflow/.local/lib/python3.8/site-packages/airflow/example_dags/example_bash_operator.py
[2024-07-26T12:29:49.794+0000] {processor.py:840} INFO - DAG(s) 'example_bash_operator' retrieved from /home/airflow/.local/lib/python3.8/site-packages/airflow/example_dags/example_bash_operator.py
[2024-07-26T12:29:49.829+0000] {logging_mixin.py:188} INFO - [2024-07-26T12:29:49.829+0000] {dag.py:3036} INFO - Sync 1 DAGs
[2024-07-26T12:29:49.858+0000] {logging_mixin.py:188} INFO - [2024-07-26T12:29:49.858+0000] {dag.py:3823} INFO - Setting next_dagrun for example_bash_operator to 2024-07-25 00:00:00+00:00, run_after=2024-07-26 00:00:00+00:00
[2024-07-26T12:29:49.881+0000] {processor.py:183} INFO - Processing /home/airflow/.local/lib/python3.8/site-packages/airflow/example_dags/example_bash_operator.py took 0.107 seconds
[2024-07-26T12:30:19.935+0000] {processor.py:161} INFO - Started process (PID=353) to work on /home/airflow/.local/lib/python3.8/site-packages/airflow/example_dags/example_bash_operator.py
[2024-07-26T12:30:19.937+0000] {processor.py:830} INFO - Processing file /home/airflow/.local/lib/python3.8/site-packages/airflow/example_dags/example_bash_operator.py for tasks to queue
[2024-07-26T12:30:19.939+0000] {logging_mixin.py:188} INFO - [2024-07-26T12:30:19.938+0000] {dagbag.py:538} INFO - Filling up the DagBag from /home/airflow/.local/lib/python3.8/site-packages/airflow/example_dags/example_bash_operator.py
[2024-07-26T12:30:19.953+0000] {processor.py:840} INFO - DAG(s) 'example_bash_operator' retrieved from /home/airflow/.local/lib/python3.8/site-packages/airflow/example_dags/example_bash_operator.py
[2024-07-26T12:30:19.990+0000] {logging_mixin.py:188} INFO - [2024-07-26T12:30:19.990+0000] {dag.py:3036} INFO - Sync 1 DAGs
[2024-07-26T12:30:20.018+0000] {logging_mixin.py:188} INFO - [2024-07-26T12:30:20.017+0000] {dag.py:3823} INFO - Setting next_dagrun for example_bash_operator to 2024-07-25 00:00:00+00:00, run_after=2024-07-26 00:00:00+00:00
[2024-07-26T12:30:20.038+0000] {processor.py:183} INFO - Processing /home/airflow/.local/lib/python3.8/site-packages/airflow/example_dags/example_bash_operator.py took 0.106 seconds
[2024-07-26T12:30:50.246+0000] {processor.py:161} INFO - Started process (PID=417) to work on /home/airflow/.local/lib/python3.8/site-packages/airflow/example_dags/example_bash_operator.py
[2024-07-26T12:30:50.247+0000] {processor.py:830} INFO - Processing file /home/airflow/.local/lib/python3.8/site-packages/airflow/example_dags/example_bash_operator.py for tasks to queue
[2024-07-26T12:30:50.250+0000] {logging_mixin.py:188} INFO - [2024-07-26T12:30:50.249+0000] {dagbag.py:538} INFO - Filling up the DagBag from /home/airflow/.local/lib/python3.8/site-packages/airflow/example_dags/example_bash_operator.py
[2024-07-26T12:30:50.263+0000] {processor.py:840} INFO - DAG(s) 'example_bash_operator' retrieved from /home/airflow/.local/lib/python3.8/site-packages/airflow/example_dags/example_bash_operator.py
[2024-07-26T12:30:50.297+0000] {logging_mixin.py:188} INFO - [2024-07-26T12:30:50.296+0000] {dag.py:3036} INFO - Sync 1 DAGs
[2024-07-26T12:30:50.322+0000] {logging_mixin.py:188} INFO - [2024-07-26T12:30:50.322+0000] {dag.py:3823} INFO - Setting next_dagrun for example_bash_operator to 2024-07-25 00:00:00+00:00, run_after=2024-07-26 00:00:00+00:00
[2024-07-26T12:30:50.344+0000] {processor.py:183} INFO - Processing /home/airflow/.local/lib/python3.8/site-packages/airflow/example_dags/example_bash_operator.py took 0.102 seconds
[2024-07-26T12:31:20.538+0000] {processor.py:161} INFO - Started process (PID=481) to work on /home/airflow/.local/lib/python3.8/site-packages/airflow/example_dags/example_bash_operator.py
[2024-07-26T12:31:20.539+0000] {processor.py:830} INFO - Processing file /home/airflow/.local/lib/python3.8/site-packages/airflow/example_dags/example_bash_operator.py for tasks to queue
[2024-07-26T12:31:20.542+0000] {logging_mixin.py:188} INFO - [2024-07-26T12:31:20.542+0000] {dagbag.py:538} INFO - Filling up the DagBag from /home/airflow/.local/lib/python3.8/site-packages/airflow/example_dags/example_bash_operator.py
[2024-07-26T12:31:20.563+0000] {processor.py:840} INFO - DAG(s) 'example_bash_operator' retrieved from /home/airflow/.local/lib/python3.8/site-packages/airflow/example_dags/example_bash_operator.py
[2024-07-26T12:31:20.611+0000] {logging_mixin.py:188} INFO - [2024-07-26T12:31:20.611+0000] {dag.py:3036} INFO - Sync 1 DAGs
[2024-07-26T12:31:20.649+0000] {logging_mixin.py:188} INFO - [2024-07-26T12:31:20.649+0000] {dag.py:3823} INFO - Setting next_dagrun for example_bash_operator to 2024-07-25 00:00:00+00:00, run_after=2024-07-26 00:00:00+00:00
[2024-07-26T12:31:20.678+0000] {processor.py:183} INFO - Processing /home/airflow/.local/lib/python3.8/site-packages/airflow/example_dags/example_bash_operator.py took 0.144 seconds
[2024-07-26T12:31:50.821+0000] {processor.py:161} INFO - Started process (PID=545) to work on /home/airflow/.local/lib/python3.8/site-packages/airflow/example_dags/example_bash_operator.py
[2024-07-26T12:31:50.822+0000] {processor.py:830} INFO - Processing file /home/airflow/.local/lib/python3.8/site-packages/airflow/example_dags/example_bash_operator.py for tasks to queue
[2024-07-26T12:31:50.826+0000] {logging_mixin.py:188} INFO - [2024-07-26T12:31:50.824+0000] {dagbag.py:538} INFO - Filling up the DagBag from /home/airflow/.local/lib/python3.8/site-packages/airflow/example_dags/example_bash_operator.py
[2024-07-26T12:31:50.841+0000] {processor.py:840} INFO - DAG(s) 'example_bash_operator' retrieved from /home/airflow/.local/lib/python3.8/site-packages/airflow/example_dags/example_bash_operator.py
[2024-07-26T12:31:50.879+0000] {logging_mixin.py:188} INFO - [2024-07-26T12:31:50.879+0000] {dag.py:3036} INFO - Sync 1 DAGs
[2024-07-26T12:31:50.907+0000] {logging_mixin.py:188} INFO - [2024-07-26T12:31:50.907+0000] {dag.py:3823} INFO - Setting next_dagrun for example_bash_operator to 2024-07-25 00:00:00+00:00, run_after=2024-07-26 00:00:00+00:00
[2024-07-26T12:31:50.930+0000] {processor.py:183} INFO - Processing /home/airflow/.local/lib/python3.8/site-packages/airflow/example_dags/example_bash_operator.py took 0.112 seconds
[2024-07-26T12:32:21.385+0000] {processor.py:161} INFO - Started process (PID=609) to work on /home/airflow/.local/lib/python3.8/site-packages/airflow/example_dags/example_bash_operator.py
[2024-07-26T12:32:21.387+0000] {processor.py:830} INFO - Processing file /home/airflow/.local/lib/python3.8/site-packages/airflow/example_dags/example_bash_operator.py for tasks to queue
[2024-07-26T12:32:21.389+0000] {logging_mixin.py:188} INFO - [2024-07-26T12:32:21.388+0000] {dagbag.py:538} INFO - Filling up the DagBag from /home/airflow/.local/lib/python3.8/site-packages/airflow/example_dags/example_bash_operator.py
[2024-07-26T12:32:21.403+0000] {processor.py:840} INFO - DAG(s) 'example_bash_operator' retrieved from /home/airflow/.local/lib/python3.8/site-packages/airflow/example_dags/example_bash_operator.py
[2024-07-26T12:32:21.441+0000] {logging_mixin.py:188} INFO - [2024-07-26T12:32:21.441+0000] {dag.py:3036} INFO - Sync 1 DAGs
[2024-07-26T12:32:21.467+0000] {logging_mixin.py:188} INFO - [2024-07-26T12:32:21.467+0000] {dag.py:3823} INFO - Setting next_dagrun for example_bash_operator to 2024-07-25 00:00:00+00:00, run_after=2024-07-26 00:00:00+00:00
[2024-07-26T12:32:21.488+0000] {processor.py:183} INFO - Processing /home/airflow/.local/lib/python3.8/site-packages/airflow/example_dags/example_bash_operator.py took 0.106 seconds
[2024-07-26T12:32:52.440+0000] {processor.py:161} INFO - Started process (PID=673) to work on /home/airflow/.local/lib/python3.8/site-packages/airflow/example_dags/example_bash_operator.py
[2024-07-26T12:32:52.441+0000] {processor.py:830} INFO - Processing file /home/airflow/.local/lib/python3.8/site-packages/airflow/example_dags/example_bash_operator.py for tasks to queue
[2024-07-26T12:32:52.443+0000] {logging_mixin.py:188} INFO - [2024-07-26T12:32:52.443+0000] {dagbag.py:538} INFO - Filling up the DagBag from /home/airflow/.local/lib/python3.8/site-packages/airflow/example_dags/example_bash_operator.py
[2024-07-26T12:32:52.457+0000] {processor.py:840} INFO - DAG(s) 'example_bash_operator' retrieved from /home/airflow/.local/lib/python3.8/site-packages/airflow/example_dags/example_bash_operator.py
[2024-07-26T12:32:52.490+0000] {logging_mixin.py:188} INFO - [2024-07-26T12:32:52.490+0000] {dag.py:3036} INFO - Sync 1 DAGs
[2024-07-26T12:32:52.515+0000] {logging_mixin.py:188} INFO - [2024-07-26T12:32:52.514+0000] {dag.py:3823} INFO - Setting next_dagrun for example_bash_operator to 2024-07-25 00:00:00+00:00, run_after=2024-07-26 00:00:00+00:00
[2024-07-26T12:32:52.536+0000] {processor.py:183} INFO - Processing /home/airflow/.local/lib/python3.8/site-packages/airflow/example_dags/example_bash_operator.py took 0.099 seconds
[2024-07-26T12:33:22.982+0000] {processor.py:161} INFO - Started process (PID=738) to work on /home/airflow/.local/lib/python3.8/site-packages/airflow/example_dags/example_bash_operator.py
[2024-07-26T12:33:22.984+0000] {processor.py:830} INFO - Processing file /home/airflow/.local/lib/python3.8/site-packages/airflow/example_dags/example_bash_operator.py for tasks to queue
[2024-07-26T12:33:22.986+0000] {logging_mixin.py:188} INFO - [2024-07-26T12:33:22.985+0000] {dagbag.py:538} INFO - Filling up the DagBag from /home/airflow/.local/lib/python3.8/site-packages/airflow/example_dags/example_bash_operator.py
[2024-07-26T12:33:23.002+0000] {processor.py:840} INFO - DAG(s) 'example_bash_operator' retrieved from /home/airflow/.local/lib/python3.8/site-packages/airflow/example_dags/example_bash_operator.py
[2024-07-26T12:33:23.040+0000] {logging_mixin.py:188} INFO - [2024-07-26T12:33:23.040+0000] {dag.py:3036} INFO - Sync 1 DAGs
[2024-07-26T12:33:23.067+0000] {logging_mixin.py:188} INFO - [2024-07-26T12:33:23.066+0000] {dag.py:3823} INFO - Setting next_dagrun for example_bash_operator to 2024-07-25 00:00:00+00:00, run_after=2024-07-26 00:00:00+00:00
[2024-07-26T12:33:23.085+0000] {processor.py:183} INFO - Processing /home/airflow/.local/lib/python3.8/site-packages/airflow/example_dags/example_bash_operator.py took 0.108 seconds
[2024-07-26T12:33:53.534+0000] {processor.py:161} INFO - Started process (PID=802) to work on /home/airflow/.local/lib/python3.8/site-packages/airflow/example_dags/example_bash_operator.py
[2024-07-26T12:33:53.536+0000] {processor.py:830} INFO - Processing file /home/airflow/.local/lib/python3.8/site-packages/airflow/example_dags/example_bash_operator.py for tasks to queue
[2024-07-26T12:33:53.539+0000] {logging_mixin.py:188} INFO - [2024-07-26T12:33:53.538+0000] {dagbag.py:538} INFO - Filling up the DagBag from /home/airflow/.local/lib/python3.8/site-packages/airflow/example_dags/example_bash_operator.py
[2024-07-26T12:33:53.553+0000] {processor.py:840} INFO - DAG(s) 'example_bash_operator' retrieved from /home/airflow/.local/lib/python3.8/site-packages/airflow/example_dags/example_bash_operator.py
[2024-07-26T12:33:53.588+0000] {logging_mixin.py:188} INFO - [2024-07-26T12:33:53.588+0000] {dag.py:3036} INFO - Sync 1 DAGs
[2024-07-26T12:33:53.613+0000] {logging_mixin.py:188} INFO - [2024-07-26T12:33:53.612+0000] {dag.py:3823} INFO - Setting next_dagrun for example_bash_operator to 2024-07-25 00:00:00+00:00, run_after=2024-07-26 00:00:00+00:00
[2024-07-26T12:33:53.637+0000] {processor.py:183} INFO - Processing /home/airflow/.local/lib/python3.8/site-packages/airflow/example_dags/example_bash_operator.py took 0.106 seconds
[2024-07-26T12:34:23.966+0000] {processor.py:161} INFO - Started process (PID=866) to work on /home/airflow/.local/lib/python3.8/site-packages/airflow/example_dags/example_bash_operator.py
[2024-07-26T12:34:23.967+0000] {processor.py:830} INFO - Processing file /home/airflow/.local/lib/python3.8/site-packages/airflow/example_dags/example_bash_operator.py for tasks to queue
[2024-07-26T12:34:23.969+0000] {logging_mixin.py:188} INFO - [2024-07-26T12:34:23.968+0000] {dagbag.py:538} INFO - Filling up the DagBag from /home/airflow/.local/lib/python3.8/site-packages/airflow/example_dags/example_bash_operator.py
[2024-07-26T12:34:23.983+0000] {processor.py:840} INFO - DAG(s) 'example_bash_operator' retrieved from /home/airflow/.local/lib/python3.8/site-packages/airflow/example_dags/example_bash_operator.py
[2024-07-26T12:34:24.017+0000] {logging_mixin.py:188} INFO - [2024-07-26T12:34:24.017+0000] {dag.py:3036} INFO - Sync 1 DAGs
[2024-07-26T12:34:24.044+0000] {logging_mixin.py:188} INFO - [2024-07-26T12:34:24.043+0000] {dag.py:3823} INFO - Setting next_dagrun for example_bash_operator to 2024-07-25 00:00:00+00:00, run_after=2024-07-26 00:00:00+00:00
[2024-07-26T12:34:24.065+0000] {processor.py:183} INFO - Processing /home/airflow/.local/lib/python3.8/site-packages/airflow/example_dags/example_bash_operator.py took 0.103 seconds
[2024-07-26T12:34:54.564+0000] {processor.py:161} INFO - Started process (PID=930) to work on /home/airflow/.local/lib/python3.8/site-packages/airflow/example_dags/example_bash_operator.py
[2024-07-26T12:34:54.565+0000] {processor.py:830} INFO - Processing file /home/airflow/.local/lib/python3.8/site-packages/airflow/example_dags/example_bash_operator.py for tasks to queue
[2024-07-26T12:34:54.567+0000] {logging_mixin.py:188} INFO - [2024-07-26T12:34:54.567+0000] {dagbag.py:538} INFO - Filling up the DagBag from /home/airflow/.local/lib/python3.8/site-packages/airflow/example_dags/example_bash_operator.py
[2024-07-26T12:34:54.586+0000] {processor.py:840} INFO - DAG(s) 'example_bash_operator' retrieved from /home/airflow/.local/lib/python3.8/site-packages/airflow/example_dags/example_bash_operator.py
[2024-07-26T12:34:54.626+0000] {logging_mixin.py:188} INFO - [2024-07-26T12:34:54.625+0000] {dag.py:3036} INFO - Sync 1 DAGs
[2024-07-26T12:34:54.659+0000] {logging_mixin.py:188} INFO - [2024-07-26T12:34:54.659+0000] {dag.py:3823} INFO - Setting next_dagrun for example_bash_operator to 2024-07-25 00:00:00+00:00, run_after=2024-07-26 00:00:00+00:00
[2024-07-26T12:34:54.683+0000] {processor.py:183} INFO - Processing /home/airflow/.local/lib/python3.8/site-packages/airflow/example_dags/example_bash_operator.py took 0.123 seconds
[2024-07-26T12:35:25.112+0000] {processor.py:161} INFO - Started process (PID=994) to work on /home/airflow/.local/lib/python3.8/site-packages/airflow/example_dags/example_bash_operator.py
[2024-07-26T12:35:25.113+0000] {processor.py:830} INFO - Processing file /home/airflow/.local/lib/python3.8/site-packages/airflow/example_dags/example_bash_operator.py for tasks to queue
[2024-07-26T12:35:25.115+0000] {logging_mixin.py:188} INFO - [2024-07-26T12:35:25.115+0000] {dagbag.py:538} INFO - Filling up the DagBag from /home/airflow/.local/lib/python3.8/site-packages/airflow/example_dags/example_bash_operator.py
[2024-07-26T12:35:25.128+0000] {processor.py:840} INFO - DAG(s) 'example_bash_operator' retrieved from /home/airflow/.local/lib/python3.8/site-packages/airflow/example_dags/example_bash_operator.py
[2024-07-26T12:35:25.164+0000] {logging_mixin.py:188} INFO - [2024-07-26T12:35:25.163+0000] {dag.py:3036} INFO - Sync 1 DAGs
[2024-07-26T12:35:25.189+0000] {logging_mixin.py:188} INFO - [2024-07-26T12:35:25.188+0000] {dag.py:3823} INFO - Setting next_dagrun for example_bash_operator to 2024-07-25 00:00:00+00:00, run_after=2024-07-26 00:00:00+00:00
[2024-07-26T12:35:25.212+0000] {processor.py:183} INFO - Processing /home/airflow/.local/lib/python3.8/site-packages/airflow/example_dags/example_bash_operator.py took 0.103 seconds
[2024-07-26T12:35:55.320+0000] {processor.py:161} INFO - Started process (PID=1057) to work on /home/airflow/.local/lib/python3.8/site-packages/airflow/example_dags/example_bash_operator.py
[2024-07-26T12:35:55.321+0000] {processor.py:830} INFO - Processing file /home/airflow/.local/lib/python3.8/site-packages/airflow/example_dags/example_bash_operator.py for tasks to queue
[2024-07-26T12:35:55.324+0000] {logging_mixin.py:188} INFO - [2024-07-26T12:35:55.324+0000] {dagbag.py:538} INFO - Filling up the DagBag from /home/airflow/.local/lib/python3.8/site-packages/airflow/example_dags/example_bash_operator.py
[2024-07-26T12:35:55.344+0000] {processor.py:840} INFO - DAG(s) 'example_bash_operator' retrieved from /home/airflow/.local/lib/python3.8/site-packages/airflow/example_dags/example_bash_operator.py
[2024-07-26T12:35:55.386+0000] {logging_mixin.py:188} INFO - [2024-07-26T12:35:55.386+0000] {dag.py:3036} INFO - Sync 1 DAGs
[2024-07-26T12:35:55.414+0000] {logging_mixin.py:188} INFO - [2024-07-26T12:35:55.414+0000] {dag.py:3823} INFO - Setting next_dagrun for example_bash_operator to 2024-07-25 00:00:00+00:00, run_after=2024-07-26 00:00:00+00:00
[2024-07-26T12:35:55.452+0000] {processor.py:183} INFO - Processing /home/airflow/.local/lib/python3.8/site-packages/airflow/example_dags/example_bash_operator.py took 0.136 seconds
[2024-07-26T12:36:25.859+0000] {processor.py:161} INFO - Started process (PID=1121) to work on /home/airflow/.local/lib/python3.8/site-packages/airflow/example_dags/example_bash_operator.py
[2024-07-26T12:36:25.860+0000] {processor.py:830} INFO - Processing file /home/airflow/.local/lib/python3.8/site-packages/airflow/example_dags/example_bash_operator.py for tasks to queue
[2024-07-26T12:36:25.864+0000] {logging_mixin.py:188} INFO - [2024-07-26T12:36:25.863+0000] {dagbag.py:538} INFO - Filling up the DagBag from /home/airflow/.local/lib/python3.8/site-packages/airflow/example_dags/example_bash_operator.py
[2024-07-26T12:36:25.880+0000] {processor.py:840} INFO - DAG(s) 'example_bash_operator' retrieved from /home/airflow/.local/lib/python3.8/site-packages/airflow/example_dags/example_bash_operator.py
[2024-07-26T12:36:25.920+0000] {logging_mixin.py:188} INFO - [2024-07-26T12:36:25.920+0000] {dag.py:3036} INFO - Sync 1 DAGs
[2024-07-26T12:36:25.949+0000] {logging_mixin.py:188} INFO - [2024-07-26T12:36:25.949+0000] {dag.py:3823} INFO - Setting next_dagrun for example_bash_operator to 2024-07-25 00:00:00+00:00, run_after=2024-07-26 00:00:00+00:00
[2024-07-26T12:36:25.974+0000] {processor.py:183} INFO - Processing /home/airflow/.local/lib/python3.8/site-packages/airflow/example_dags/example_bash_operator.py took 0.119 seconds
[2024-07-26T12:36:56.207+0000] {processor.py:161} INFO - Started process (PID=1185) to work on /home/airflow/.local/lib/python3.8/site-packages/airflow/example_dags/example_bash_operator.py
[2024-07-26T12:36:56.208+0000] {processor.py:830} INFO - Processing file /home/airflow/.local/lib/python3.8/site-packages/airflow/example_dags/example_bash_operator.py for tasks to queue
[2024-07-26T12:36:56.211+0000] {logging_mixin.py:188} INFO - [2024-07-26T12:36:56.210+0000] {dagbag.py:538} INFO - Filling up the DagBag from /home/airflow/.local/lib/python3.8/site-packages/airflow/example_dags/example_bash_operator.py
[2024-07-26T12:36:56.227+0000] {processor.py:840} INFO - DAG(s) 'example_bash_operator' retrieved from /home/airflow/.local/lib/python3.8/site-packages/airflow/example_dags/example_bash_operator.py
[2024-07-26T12:36:56.265+0000] {logging_mixin.py:188} INFO - [2024-07-26T12:36:56.265+0000] {dag.py:3036} INFO - Sync 1 DAGs
[2024-07-26T12:36:56.293+0000] {logging_mixin.py:188} INFO - [2024-07-26T12:36:56.293+0000] {dag.py:3823} INFO - Setting next_dagrun for example_bash_operator to 2024-07-25 00:00:00+00:00, run_after=2024-07-26 00:00:00+00:00
[2024-07-26T12:36:56.314+0000] {processor.py:183} INFO - Processing /home/airflow/.local/lib/python3.8/site-packages/airflow/example_dags/example_bash_operator.py took 0.113 seconds
[2024-07-26T12:37:26.678+0000] {processor.py:161} INFO - Started process (PID=1249) to work on /home/airflow/.local/lib/python3.8/site-packages/airflow/example_dags/example_bash_operator.py
[2024-07-26T12:37:26.679+0000] {processor.py:830} INFO - Processing file /home/airflow/.local/lib/python3.8/site-packages/airflow/example_dags/example_bash_operator.py for tasks to queue
[2024-07-26T12:37:26.682+0000] {logging_mixin.py:188} INFO - [2024-07-26T12:37:26.682+0000] {dagbag.py:538} INFO - Filling up the DagBag from /home/airflow/.local/lib/python3.8/site-packages/airflow/example_dags/example_bash_operator.py
[2024-07-26T12:37:26.700+0000] {processor.py:840} INFO - DAG(s) 'example_bash_operator' retrieved from /home/airflow/.local/lib/python3.8/site-packages/airflow/example_dags/example_bash_operator.py
[2024-07-26T12:37:26.739+0000] {logging_mixin.py:188} INFO - [2024-07-26T12:37:26.738+0000] {dag.py:3036} INFO - Sync 1 DAGs
[2024-07-26T12:37:26.768+0000] {logging_mixin.py:188} INFO - [2024-07-26T12:37:26.767+0000] {dag.py:3823} INFO - Setting next_dagrun for example_bash_operator to 2024-07-25 00:00:00+00:00, run_after=2024-07-26 00:00:00+00:00
[2024-07-26T12:37:26.797+0000] {processor.py:183} INFO - Processing /home/airflow/.local/lib/python3.8/site-packages/airflow/example_dags/example_bash_operator.py took 0.122 seconds
[2024-07-26T12:38:51.903+0000] {processor.py:161} INFO - Started process (PID=95) to work on /home/airflow/.local/lib/python3.8/site-packages/airflow/example_dags/example_bash_operator.py
[2024-07-26T12:38:51.905+0000] {processor.py:830} INFO - Processing file /home/airflow/.local/lib/python3.8/site-packages/airflow/example_dags/example_bash_operator.py for tasks to queue
[2024-07-26T12:38:51.907+0000] {logging_mixin.py:188} INFO - [2024-07-26T12:38:51.907+0000] {dagbag.py:538} INFO - Filling up the DagBag from /home/airflow/.local/lib/python3.8/site-packages/airflow/example_dags/example_bash_operator.py
[2024-07-26T12:38:51.928+0000] {processor.py:840} INFO - DAG(s) 'example_bash_operator' retrieved from /home/airflow/.local/lib/python3.8/site-packages/airflow/example_dags/example_bash_operator.py
[2024-07-26T12:38:51.943+0000] {logging_mixin.py:188} INFO - [2024-07-26T12:38:51.942+0000] {dag.py:3036} INFO - Sync 1 DAGs
[2024-07-26T12:38:51.976+0000] {logging_mixin.py:188} INFO - [2024-07-26T12:38:51.976+0000] {dag.py:3823} INFO - Setting next_dagrun for example_bash_operator to 2024-07-25 00:00:00+00:00, run_after=2024-07-26 00:00:00+00:00
[2024-07-26T12:38:51.998+0000] {processor.py:183} INFO - Processing /home/airflow/.local/lib/python3.8/site-packages/airflow/example_dags/example_bash_operator.py took 0.102 seconds
[2024-07-26T12:39:23.099+0000] {processor.py:161} INFO - Started process (PID=159) to work on /home/airflow/.local/lib/python3.8/site-packages/airflow/example_dags/example_bash_operator.py
[2024-07-26T12:39:23.100+0000] {processor.py:830} INFO - Processing file /home/airflow/.local/lib/python3.8/site-packages/airflow/example_dags/example_bash_operator.py for tasks to queue
[2024-07-26T12:39:23.102+0000] {logging_mixin.py:188} INFO - [2024-07-26T12:39:23.101+0000] {dagbag.py:538} INFO - Filling up the DagBag from /home/airflow/.local/lib/python3.8/site-packages/airflow/example_dags/example_bash_operator.py
[2024-07-26T12:39:23.115+0000] {processor.py:840} INFO - DAG(s) 'example_bash_operator' retrieved from /home/airflow/.local/lib/python3.8/site-packages/airflow/example_dags/example_bash_operator.py
[2024-07-26T12:39:23.248+0000] {logging_mixin.py:188} INFO - [2024-07-26T12:39:23.248+0000] {dag.py:3036} INFO - Sync 1 DAGs
[2024-07-26T12:39:23.274+0000] {logging_mixin.py:188} INFO - [2024-07-26T12:39:23.273+0000] {dag.py:3823} INFO - Setting next_dagrun for example_bash_operator to 2024-07-25 00:00:00+00:00, run_after=2024-07-26 00:00:00+00:00
[2024-07-26T12:39:23.296+0000] {processor.py:183} INFO - Processing /home/airflow/.local/lib/python3.8/site-packages/airflow/example_dags/example_bash_operator.py took 0.201 seconds
[2024-07-26T12:43:17.759+0000] {processor.py:161} INFO - Started process (PID=100) to work on /home/airflow/.local/lib/python3.8/site-packages/airflow/example_dags/example_bash_operator.py
[2024-07-26T12:43:17.760+0000] {processor.py:830} INFO - Processing file /home/airflow/.local/lib/python3.8/site-packages/airflow/example_dags/example_bash_operator.py for tasks to queue
[2024-07-26T12:43:17.762+0000] {logging_mixin.py:188} INFO - [2024-07-26T12:43:17.762+0000] {dagbag.py:538} INFO - Filling up the DagBag from /home/airflow/.local/lib/python3.8/site-packages/airflow/example_dags/example_bash_operator.py
[2024-07-26T12:43:17.780+0000] {processor.py:840} INFO - DAG(s) 'example_bash_operator' retrieved from /home/airflow/.local/lib/python3.8/site-packages/airflow/example_dags/example_bash_operator.py
[2024-07-26T12:43:17.916+0000] {logging_mixin.py:188} INFO - [2024-07-26T12:43:17.916+0000] {dag.py:3036} INFO - Sync 1 DAGs
[2024-07-26T12:43:17.946+0000] {logging_mixin.py:188} INFO - [2024-07-26T12:43:17.946+0000] {dag.py:3823} INFO - Setting next_dagrun for example_bash_operator to 2024-07-25 00:00:00+00:00, run_after=2024-07-26 00:00:00+00:00
[2024-07-26T12:43:17.974+0000] {processor.py:183} INFO - Processing /home/airflow/.local/lib/python3.8/site-packages/airflow/example_dags/example_bash_operator.py took 0.218 seconds
[2024-07-26T12:43:48.388+0000] {processor.py:161} INFO - Started process (PID=170) to work on /home/airflow/.local/lib/python3.8/site-packages/airflow/example_dags/example_bash_operator.py
[2024-07-26T12:43:48.390+0000] {processor.py:830} INFO - Processing file /home/airflow/.local/lib/python3.8/site-packages/airflow/example_dags/example_bash_operator.py for tasks to queue
[2024-07-26T12:43:48.392+0000] {logging_mixin.py:188} INFO - [2024-07-26T12:43:48.392+0000] {dagbag.py:538} INFO - Filling up the DagBag from /home/airflow/.local/lib/python3.8/site-packages/airflow/example_dags/example_bash_operator.py
[2024-07-26T12:43:48.405+0000] {processor.py:840} INFO - DAG(s) 'example_bash_operator' retrieved from /home/airflow/.local/lib/python3.8/site-packages/airflow/example_dags/example_bash_operator.py
[2024-07-26T12:43:48.442+0000] {logging_mixin.py:188} INFO - [2024-07-26T12:43:48.442+0000] {dag.py:3036} INFO - Sync 1 DAGs
[2024-07-26T12:43:48.469+0000] {logging_mixin.py:188} INFO - [2024-07-26T12:43:48.469+0000] {dag.py:3823} INFO - Setting next_dagrun for example_bash_operator to 2024-07-25 00:00:00+00:00, run_after=2024-07-26 00:00:00+00:00
[2024-07-26T12:43:48.492+0000] {processor.py:183} INFO - Processing /home/airflow/.local/lib/python3.8/site-packages/airflow/example_dags/example_bash_operator.py took 0.107 seconds
[2024-07-26T12:44:19.589+0000] {processor.py:161} INFO - Started process (PID=234) to work on /home/airflow/.local/lib/python3.8/site-packages/airflow/example_dags/example_bash_operator.py
[2024-07-26T12:44:19.590+0000] {processor.py:830} INFO - Processing file /home/airflow/.local/lib/python3.8/site-packages/airflow/example_dags/example_bash_operator.py for tasks to queue
[2024-07-26T12:44:19.592+0000] {logging_mixin.py:188} INFO - [2024-07-26T12:44:19.592+0000] {dagbag.py:538} INFO - Filling up the DagBag from /home/airflow/.local/lib/python3.8/site-packages/airflow/example_dags/example_bash_operator.py
[2024-07-26T12:44:19.608+0000] {processor.py:840} INFO - DAG(s) 'example_bash_operator' retrieved from /home/airflow/.local/lib/python3.8/site-packages/airflow/example_dags/example_bash_operator.py
[2024-07-26T12:44:19.642+0000] {logging_mixin.py:188} INFO - [2024-07-26T12:44:19.641+0000] {dag.py:3036} INFO - Sync 1 DAGs
[2024-07-26T12:44:19.669+0000] {logging_mixin.py:188} INFO - [2024-07-26T12:44:19.669+0000] {dag.py:3823} INFO - Setting next_dagrun for example_bash_operator to 2024-07-25 00:00:00+00:00, run_after=2024-07-26 00:00:00+00:00
[2024-07-26T12:44:19.689+0000] {processor.py:183} INFO - Processing /home/airflow/.local/lib/python3.8/site-packages/airflow/example_dags/example_bash_operator.py took 0.104 seconds
[2024-07-26T12:49:45.180+0000] {processor.py:161} INFO - Started process (PID=100) to work on /home/airflow/.local/lib/python3.8/site-packages/airflow/example_dags/example_bash_operator.py
[2024-07-26T12:49:45.181+0000] {processor.py:830} INFO - Processing file /home/airflow/.local/lib/python3.8/site-packages/airflow/example_dags/example_bash_operator.py for tasks to queue
[2024-07-26T12:49:45.183+0000] {logging_mixin.py:188} INFO - [2024-07-26T12:49:45.183+0000] {dagbag.py:538} INFO - Filling up the DagBag from /home/airflow/.local/lib/python3.8/site-packages/airflow/example_dags/example_bash_operator.py
[2024-07-26T12:49:45.204+0000] {processor.py:840} INFO - DAG(s) 'example_bash_operator' retrieved from /home/airflow/.local/lib/python3.8/site-packages/airflow/example_dags/example_bash_operator.py
[2024-07-26T12:49:45.534+0000] {logging_mixin.py:188} INFO - [2024-07-26T12:49:45.534+0000] {dag.py:3036} INFO - Sync 1 DAGs
[2024-07-26T12:49:45.560+0000] {logging_mixin.py:188} INFO - [2024-07-26T12:49:45.560+0000] {dag.py:3823} INFO - Setting next_dagrun for example_bash_operator to 2024-07-25 00:00:00+00:00, run_after=2024-07-26 00:00:00+00:00
[2024-07-26T12:49:45.592+0000] {processor.py:183} INFO - Processing /home/airflow/.local/lib/python3.8/site-packages/airflow/example_dags/example_bash_operator.py took 0.415 seconds
[2024-07-26T12:50:16.305+0000] {processor.py:161} INFO - Started process (PID=157) to work on /home/airflow/.local/lib/python3.8/site-packages/airflow/example_dags/example_bash_operator.py
[2024-07-26T12:50:16.308+0000] {processor.py:830} INFO - Processing file /home/airflow/.local/lib/python3.8/site-packages/airflow/example_dags/example_bash_operator.py for tasks to queue
[2024-07-26T12:50:16.311+0000] {logging_mixin.py:188} INFO - [2024-07-26T12:50:16.311+0000] {dagbag.py:538} INFO - Filling up the DagBag from /home/airflow/.local/lib/python3.8/site-packages/airflow/example_dags/example_bash_operator.py
[2024-07-26T12:50:16.327+0000] {processor.py:840} INFO - DAG(s) 'example_bash_operator' retrieved from /home/airflow/.local/lib/python3.8/site-packages/airflow/example_dags/example_bash_operator.py
[2024-07-26T12:50:16.369+0000] {logging_mixin.py:188} INFO - [2024-07-26T12:50:16.368+0000] {dag.py:3036} INFO - Sync 1 DAGs
[2024-07-26T12:50:16.400+0000] {logging_mixin.py:188} INFO - [2024-07-26T12:50:16.399+0000] {dag.py:3823} INFO - Setting next_dagrun for example_bash_operator to 2024-07-25 00:00:00+00:00, run_after=2024-07-26 00:00:00+00:00
[2024-07-26T12:50:16.424+0000] {processor.py:183} INFO - Processing /home/airflow/.local/lib/python3.8/site-packages/airflow/example_dags/example_bash_operator.py took 0.123 seconds
[2024-07-26T12:50:46.469+0000] {processor.py:161} INFO - Started process (PID=219) to work on /home/airflow/.local/lib/python3.8/site-packages/airflow/example_dags/example_bash_operator.py
[2024-07-26T12:50:46.470+0000] {processor.py:830} INFO - Processing file /home/airflow/.local/lib/python3.8/site-packages/airflow/example_dags/example_bash_operator.py for tasks to queue
[2024-07-26T12:50:46.472+0000] {logging_mixin.py:188} INFO - [2024-07-26T12:50:46.471+0000] {dagbag.py:538} INFO - Filling up the DagBag from /home/airflow/.local/lib/python3.8/site-packages/airflow/example_dags/example_bash_operator.py
[2024-07-26T12:50:46.485+0000] {processor.py:840} INFO - DAG(s) 'example_bash_operator' retrieved from /home/airflow/.local/lib/python3.8/site-packages/airflow/example_dags/example_bash_operator.py
[2024-07-26T12:50:46.520+0000] {logging_mixin.py:188} INFO - [2024-07-26T12:50:46.519+0000] {dag.py:3036} INFO - Sync 1 DAGs
[2024-07-26T12:50:46.546+0000] {logging_mixin.py:188} INFO - [2024-07-26T12:50:46.546+0000] {dag.py:3823} INFO - Setting next_dagrun for example_bash_operator to 2024-07-25 00:00:00+00:00, run_after=2024-07-26 00:00:00+00:00
[2024-07-26T12:50:46.567+0000] {processor.py:183} INFO - Processing /home/airflow/.local/lib/python3.8/site-packages/airflow/example_dags/example_bash_operator.py took 0.101 seconds
[2024-07-26T12:51:16.671+0000] {processor.py:161} INFO - Started process (PID=283) to work on /home/airflow/.local/lib/python3.8/site-packages/airflow/example_dags/example_bash_operator.py
[2024-07-26T12:51:16.673+0000] {processor.py:830} INFO - Processing file /home/airflow/.local/lib/python3.8/site-packages/airflow/example_dags/example_bash_operator.py for tasks to queue
[2024-07-26T12:51:16.676+0000] {logging_mixin.py:188} INFO - [2024-07-26T12:51:16.675+0000] {dagbag.py:538} INFO - Filling up the DagBag from /home/airflow/.local/lib/python3.8/site-packages/airflow/example_dags/example_bash_operator.py
[2024-07-26T12:51:16.699+0000] {processor.py:840} INFO - DAG(s) 'example_bash_operator' retrieved from /home/airflow/.local/lib/python3.8/site-packages/airflow/example_dags/example_bash_operator.py
[2024-07-26T12:51:16.734+0000] {logging_mixin.py:188} INFO - [2024-07-26T12:51:16.734+0000] {dag.py:3036} INFO - Sync 1 DAGs
[2024-07-26T12:51:16.762+0000] {logging_mixin.py:188} INFO - [2024-07-26T12:51:16.762+0000] {dag.py:3823} INFO - Setting next_dagrun for example_bash_operator to 2024-07-25 00:00:00+00:00, run_after=2024-07-26 00:00:00+00:00
[2024-07-26T12:51:16.797+0000] {processor.py:183} INFO - Processing /home/airflow/.local/lib/python3.8/site-packages/airflow/example_dags/example_bash_operator.py took 0.129 seconds
[2024-07-26T12:51:46.897+0000] {processor.py:161} INFO - Started process (PID=347) to work on /home/airflow/.local/lib/python3.8/site-packages/airflow/example_dags/example_bash_operator.py
[2024-07-26T12:51:46.899+0000] {processor.py:830} INFO - Processing file /home/airflow/.local/lib/python3.8/site-packages/airflow/example_dags/example_bash_operator.py for tasks to queue
[2024-07-26T12:51:46.901+0000] {logging_mixin.py:188} INFO - [2024-07-26T12:51:46.900+0000] {dagbag.py:538} INFO - Filling up the DagBag from /home/airflow/.local/lib/python3.8/site-packages/airflow/example_dags/example_bash_operator.py
[2024-07-26T12:51:46.916+0000] {processor.py:840} INFO - DAG(s) 'example_bash_operator' retrieved from /home/airflow/.local/lib/python3.8/site-packages/airflow/example_dags/example_bash_operator.py
[2024-07-26T12:51:46.952+0000] {logging_mixin.py:188} INFO - [2024-07-26T12:51:46.952+0000] {dag.py:3036} INFO - Sync 1 DAGs
[2024-07-26T12:51:46.977+0000] {logging_mixin.py:188} INFO - [2024-07-26T12:51:46.977+0000] {dag.py:3823} INFO - Setting next_dagrun for example_bash_operator to 2024-07-25 00:00:00+00:00, run_after=2024-07-26 00:00:00+00:00
[2024-07-26T12:51:46.997+0000] {processor.py:183} INFO - Processing /home/airflow/.local/lib/python3.8/site-packages/airflow/example_dags/example_bash_operator.py took 0.103 seconds
[2024-07-26T12:52:17.722+0000] {processor.py:161} INFO - Started process (PID=411) to work on /home/airflow/.local/lib/python3.8/site-packages/airflow/example_dags/example_bash_operator.py
[2024-07-26T12:52:17.723+0000] {processor.py:830} INFO - Processing file /home/airflow/.local/lib/python3.8/site-packages/airflow/example_dags/example_bash_operator.py for tasks to queue
[2024-07-26T12:52:17.725+0000] {logging_mixin.py:188} INFO - [2024-07-26T12:52:17.725+0000] {dagbag.py:538} INFO - Filling up the DagBag from /home/airflow/.local/lib/python3.8/site-packages/airflow/example_dags/example_bash_operator.py
[2024-07-26T12:52:17.737+0000] {processor.py:840} INFO - DAG(s) 'example_bash_operator' retrieved from /home/airflow/.local/lib/python3.8/site-packages/airflow/example_dags/example_bash_operator.py
[2024-07-26T12:52:17.770+0000] {logging_mixin.py:188} INFO - [2024-07-26T12:52:17.770+0000] {dag.py:3036} INFO - Sync 1 DAGs
[2024-07-26T12:52:17.797+0000] {logging_mixin.py:188} INFO - [2024-07-26T12:52:17.796+0000] {dag.py:3823} INFO - Setting next_dagrun for example_bash_operator to 2024-07-25 00:00:00+00:00, run_after=2024-07-26 00:00:00+00:00
[2024-07-26T12:52:17.816+0000] {processor.py:183} INFO - Processing /home/airflow/.local/lib/python3.8/site-packages/airflow/example_dags/example_bash_operator.py took 0.097 seconds
[2024-07-26T12:52:48.191+0000] {processor.py:161} INFO - Started process (PID=475) to work on /home/airflow/.local/lib/python3.8/site-packages/airflow/example_dags/example_bash_operator.py
[2024-07-26T12:52:48.192+0000] {processor.py:830} INFO - Processing file /home/airflow/.local/lib/python3.8/site-packages/airflow/example_dags/example_bash_operator.py for tasks to queue
[2024-07-26T12:52:48.194+0000] {logging_mixin.py:188} INFO - [2024-07-26T12:52:48.194+0000] {dagbag.py:538} INFO - Filling up the DagBag from /home/airflow/.local/lib/python3.8/site-packages/airflow/example_dags/example_bash_operator.py
[2024-07-26T12:52:48.208+0000] {processor.py:840} INFO - DAG(s) 'example_bash_operator' retrieved from /home/airflow/.local/lib/python3.8/site-packages/airflow/example_dags/example_bash_operator.py
[2024-07-26T12:52:48.248+0000] {logging_mixin.py:188} INFO - [2024-07-26T12:52:48.248+0000] {dag.py:3036} INFO - Sync 1 DAGs
[2024-07-26T12:52:48.274+0000] {logging_mixin.py:188} INFO - [2024-07-26T12:52:48.274+0000] {dag.py:3823} INFO - Setting next_dagrun for example_bash_operator to 2024-07-25 00:00:00+00:00, run_after=2024-07-26 00:00:00+00:00
[2024-07-26T12:52:48.295+0000] {processor.py:183} INFO - Processing /home/airflow/.local/lib/python3.8/site-packages/airflow/example_dags/example_bash_operator.py took 0.108 seconds
[2024-07-26T12:53:18.896+0000] {processor.py:161} INFO - Started process (PID=539) to work on /home/airflow/.local/lib/python3.8/site-packages/airflow/example_dags/example_bash_operator.py
[2024-07-26T12:53:18.897+0000] {processor.py:830} INFO - Processing file /home/airflow/.local/lib/python3.8/site-packages/airflow/example_dags/example_bash_operator.py for tasks to queue
[2024-07-26T12:53:18.899+0000] {logging_mixin.py:188} INFO - [2024-07-26T12:53:18.899+0000] {dagbag.py:538} INFO - Filling up the DagBag from /home/airflow/.local/lib/python3.8/site-packages/airflow/example_dags/example_bash_operator.py
[2024-07-26T12:53:18.913+0000] {processor.py:840} INFO - DAG(s) 'example_bash_operator' retrieved from /home/airflow/.local/lib/python3.8/site-packages/airflow/example_dags/example_bash_operator.py
[2024-07-26T12:53:18.948+0000] {logging_mixin.py:188} INFO - [2024-07-26T12:53:18.948+0000] {dag.py:3036} INFO - Sync 1 DAGs
[2024-07-26T12:53:18.973+0000] {logging_mixin.py:188} INFO - [2024-07-26T12:53:18.973+0000] {dag.py:3823} INFO - Setting next_dagrun for example_bash_operator to 2024-07-25 00:00:00+00:00, run_after=2024-07-26 00:00:00+00:00
[2024-07-26T12:53:18.996+0000] {processor.py:183} INFO - Processing /home/airflow/.local/lib/python3.8/site-packages/airflow/example_dags/example_bash_operator.py took 0.103 seconds
[2024-07-26T12:53:49.117+0000] {processor.py:161} INFO - Started process (PID=603) to work on /home/airflow/.local/lib/python3.8/site-packages/airflow/example_dags/example_bash_operator.py
[2024-07-26T12:53:49.118+0000] {processor.py:830} INFO - Processing file /home/airflow/.local/lib/python3.8/site-packages/airflow/example_dags/example_bash_operator.py for tasks to queue
[2024-07-26T12:53:49.120+0000] {logging_mixin.py:188} INFO - [2024-07-26T12:53:49.120+0000] {dagbag.py:538} INFO - Filling up the DagBag from /home/airflow/.local/lib/python3.8/site-packages/airflow/example_dags/example_bash_operator.py
[2024-07-26T12:53:49.132+0000] {processor.py:840} INFO - DAG(s) 'example_bash_operator' retrieved from /home/airflow/.local/lib/python3.8/site-packages/airflow/example_dags/example_bash_operator.py
[2024-07-26T12:53:49.167+0000] {logging_mixin.py:188} INFO - [2024-07-26T12:53:49.166+0000] {dag.py:3036} INFO - Sync 1 DAGs
[2024-07-26T12:53:49.194+0000] {logging_mixin.py:188} INFO - [2024-07-26T12:53:49.193+0000] {dag.py:3823} INFO - Setting next_dagrun for example_bash_operator to 2024-07-25 00:00:00+00:00, run_after=2024-07-26 00:00:00+00:00
[2024-07-26T12:53:49.214+0000] {processor.py:183} INFO - Processing /home/airflow/.local/lib/python3.8/site-packages/airflow/example_dags/example_bash_operator.py took 0.101 seconds
[2024-07-26T12:54:19.497+0000] {processor.py:161} INFO - Started process (PID=667) to work on /home/airflow/.local/lib/python3.8/site-packages/airflow/example_dags/example_bash_operator.py
[2024-07-26T12:54:19.498+0000] {processor.py:830} INFO - Processing file /home/airflow/.local/lib/python3.8/site-packages/airflow/example_dags/example_bash_operator.py for tasks to queue
[2024-07-26T12:54:19.500+0000] {logging_mixin.py:188} INFO - [2024-07-26T12:54:19.499+0000] {dagbag.py:538} INFO - Filling up the DagBag from /home/airflow/.local/lib/python3.8/site-packages/airflow/example_dags/example_bash_operator.py
[2024-07-26T12:54:19.512+0000] {processor.py:840} INFO - DAG(s) 'example_bash_operator' retrieved from /home/airflow/.local/lib/python3.8/site-packages/airflow/example_dags/example_bash_operator.py
[2024-07-26T12:54:19.545+0000] {logging_mixin.py:188} INFO - [2024-07-26T12:54:19.545+0000] {dag.py:3036} INFO - Sync 1 DAGs
[2024-07-26T12:54:19.573+0000] {logging_mixin.py:188} INFO - [2024-07-26T12:54:19.573+0000] {dag.py:3823} INFO - Setting next_dagrun for example_bash_operator to 2024-07-25 00:00:00+00:00, run_after=2024-07-26 00:00:00+00:00
[2024-07-26T12:54:19.595+0000] {processor.py:183} INFO - Processing /home/airflow/.local/lib/python3.8/site-packages/airflow/example_dags/example_bash_operator.py took 0.102 seconds
[2024-07-26T12:54:49.834+0000] {processor.py:161} INFO - Started process (PID=731) to work on /home/airflow/.local/lib/python3.8/site-packages/airflow/example_dags/example_bash_operator.py
[2024-07-26T12:54:49.835+0000] {processor.py:830} INFO - Processing file /home/airflow/.local/lib/python3.8/site-packages/airflow/example_dags/example_bash_operator.py for tasks to queue
[2024-07-26T12:54:49.838+0000] {logging_mixin.py:188} INFO - [2024-07-26T12:54:49.838+0000] {dagbag.py:538} INFO - Filling up the DagBag from /home/airflow/.local/lib/python3.8/site-packages/airflow/example_dags/example_bash_operator.py
[2024-07-26T12:54:49.853+0000] {processor.py:840} INFO - DAG(s) 'example_bash_operator' retrieved from /home/airflow/.local/lib/python3.8/site-packages/airflow/example_dags/example_bash_operator.py
[2024-07-26T12:54:49.890+0000] {logging_mixin.py:188} INFO - [2024-07-26T12:54:49.890+0000] {dag.py:3036} INFO - Sync 1 DAGs
[2024-07-26T12:54:49.916+0000] {logging_mixin.py:188} INFO - [2024-07-26T12:54:49.916+0000] {dag.py:3823} INFO - Setting next_dagrun for example_bash_operator to 2024-07-25 00:00:00+00:00, run_after=2024-07-26 00:00:00+00:00
[2024-07-26T12:54:49.942+0000] {processor.py:183} INFO - Processing /home/airflow/.local/lib/python3.8/site-packages/airflow/example_dags/example_bash_operator.py took 0.112 seconds
[2024-07-26T12:55:20.455+0000] {processor.py:161} INFO - Started process (PID=795) to work on /home/airflow/.local/lib/python3.8/site-packages/airflow/example_dags/example_bash_operator.py
[2024-07-26T12:55:20.456+0000] {processor.py:830} INFO - Processing file /home/airflow/.local/lib/python3.8/site-packages/airflow/example_dags/example_bash_operator.py for tasks to queue
[2024-07-26T12:55:20.459+0000] {logging_mixin.py:188} INFO - [2024-07-26T12:55:20.458+0000] {dagbag.py:538} INFO - Filling up the DagBag from /home/airflow/.local/lib/python3.8/site-packages/airflow/example_dags/example_bash_operator.py
[2024-07-26T12:55:20.474+0000] {processor.py:840} INFO - DAG(s) 'example_bash_operator' retrieved from /home/airflow/.local/lib/python3.8/site-packages/airflow/example_dags/example_bash_operator.py
[2024-07-26T12:55:20.514+0000] {logging_mixin.py:188} INFO - [2024-07-26T12:55:20.513+0000] {dag.py:3036} INFO - Sync 1 DAGs
[2024-07-26T12:55:20.541+0000] {logging_mixin.py:188} INFO - [2024-07-26T12:55:20.541+0000] {dag.py:3823} INFO - Setting next_dagrun for example_bash_operator to 2024-07-25 00:00:00+00:00, run_after=2024-07-26 00:00:00+00:00
[2024-07-26T12:55:20.565+0000] {processor.py:183} INFO - Processing /home/airflow/.local/lib/python3.8/site-packages/airflow/example_dags/example_bash_operator.py took 0.113 seconds
[2024-07-26T12:55:51.229+0000] {processor.py:161} INFO - Started process (PID=859) to work on /home/airflow/.local/lib/python3.8/site-packages/airflow/example_dags/example_bash_operator.py
[2024-07-26T12:55:51.230+0000] {processor.py:830} INFO - Processing file /home/airflow/.local/lib/python3.8/site-packages/airflow/example_dags/example_bash_operator.py for tasks to queue
[2024-07-26T12:55:51.232+0000] {logging_mixin.py:188} INFO - [2024-07-26T12:55:51.232+0000] {dagbag.py:538} INFO - Filling up the DagBag from /home/airflow/.local/lib/python3.8/site-packages/airflow/example_dags/example_bash_operator.py
[2024-07-26T12:55:51.247+0000] {processor.py:840} INFO - DAG(s) 'example_bash_operator' retrieved from /home/airflow/.local/lib/python3.8/site-packages/airflow/example_dags/example_bash_operator.py
[2024-07-26T12:55:51.284+0000] {logging_mixin.py:188} INFO - [2024-07-26T12:55:51.283+0000] {dag.py:3036} INFO - Sync 1 DAGs
[2024-07-26T12:55:51.313+0000] {logging_mixin.py:188} INFO - [2024-07-26T12:55:51.312+0000] {dag.py:3823} INFO - Setting next_dagrun for example_bash_operator to 2024-07-25 00:00:00+00:00, run_after=2024-07-26 00:00:00+00:00
[2024-07-26T12:55:51.346+0000] {processor.py:183} INFO - Processing /home/airflow/.local/lib/python3.8/site-packages/airflow/example_dags/example_bash_operator.py took 0.122 seconds
[2024-07-26T12:56:22.045+0000] {processor.py:161} INFO - Started process (PID=923) to work on /home/airflow/.local/lib/python3.8/site-packages/airflow/example_dags/example_bash_operator.py
[2024-07-26T12:56:22.046+0000] {processor.py:830} INFO - Processing file /home/airflow/.local/lib/python3.8/site-packages/airflow/example_dags/example_bash_operator.py for tasks to queue
[2024-07-26T12:56:22.047+0000] {logging_mixin.py:188} INFO - [2024-07-26T12:56:22.047+0000] {dagbag.py:538} INFO - Filling up the DagBag from /home/airflow/.local/lib/python3.8/site-packages/airflow/example_dags/example_bash_operator.py
[2024-07-26T12:56:22.059+0000] {processor.py:840} INFO - DAG(s) 'example_bash_operator' retrieved from /home/airflow/.local/lib/python3.8/site-packages/airflow/example_dags/example_bash_operator.py
[2024-07-26T12:56:22.095+0000] {logging_mixin.py:188} INFO - [2024-07-26T12:56:22.095+0000] {dag.py:3036} INFO - Sync 1 DAGs
[2024-07-26T12:56:22.122+0000] {logging_mixin.py:188} INFO - [2024-07-26T12:56:22.122+0000] {dag.py:3823} INFO - Setting next_dagrun for example_bash_operator to 2024-07-25 00:00:00+00:00, run_after=2024-07-26 00:00:00+00:00
[2024-07-26T12:56:22.145+0000] {processor.py:183} INFO - Processing /home/airflow/.local/lib/python3.8/site-packages/airflow/example_dags/example_bash_operator.py took 0.104 seconds
[2024-07-26T12:56:52.263+0000] {processor.py:161} INFO - Started process (PID=986) to work on /home/airflow/.local/lib/python3.8/site-packages/airflow/example_dags/example_bash_operator.py
[2024-07-26T12:56:52.264+0000] {processor.py:830} INFO - Processing file /home/airflow/.local/lib/python3.8/site-packages/airflow/example_dags/example_bash_operator.py for tasks to queue
[2024-07-26T12:56:52.266+0000] {logging_mixin.py:188} INFO - [2024-07-26T12:56:52.266+0000] {dagbag.py:538} INFO - Filling up the DagBag from /home/airflow/.local/lib/python3.8/site-packages/airflow/example_dags/example_bash_operator.py
[2024-07-26T12:56:52.284+0000] {processor.py:840} INFO - DAG(s) 'example_bash_operator' retrieved from /home/airflow/.local/lib/python3.8/site-packages/airflow/example_dags/example_bash_operator.py
[2024-07-26T12:56:52.321+0000] {logging_mixin.py:188} INFO - [2024-07-26T12:56:52.321+0000] {dag.py:3036} INFO - Sync 1 DAGs
[2024-07-26T12:56:52.346+0000] {logging_mixin.py:188} INFO - [2024-07-26T12:56:52.346+0000] {dag.py:3823} INFO - Setting next_dagrun for example_bash_operator to 2024-07-25 00:00:00+00:00, run_after=2024-07-26 00:00:00+00:00
[2024-07-26T12:56:52.370+0000] {processor.py:183} INFO - Processing /home/airflow/.local/lib/python3.8/site-packages/airflow/example_dags/example_bash_operator.py took 0.110 seconds
[2024-07-26T12:57:22.732+0000] {processor.py:161} INFO - Started process (PID=1050) to work on /home/airflow/.local/lib/python3.8/site-packages/airflow/example_dags/example_bash_operator.py
[2024-07-26T12:57:22.733+0000] {processor.py:830} INFO - Processing file /home/airflow/.local/lib/python3.8/site-packages/airflow/example_dags/example_bash_operator.py for tasks to queue
[2024-07-26T12:57:22.736+0000] {logging_mixin.py:188} INFO - [2024-07-26T12:57:22.736+0000] {dagbag.py:538} INFO - Filling up the DagBag from /home/airflow/.local/lib/python3.8/site-packages/airflow/example_dags/example_bash_operator.py
[2024-07-26T12:57:22.756+0000] {processor.py:840} INFO - DAG(s) 'example_bash_operator' retrieved from /home/airflow/.local/lib/python3.8/site-packages/airflow/example_dags/example_bash_operator.py
[2024-07-26T12:57:22.812+0000] {logging_mixin.py:188} INFO - [2024-07-26T12:57:22.811+0000] {dag.py:3036} INFO - Sync 1 DAGs
[2024-07-26T12:57:22.848+0000] {logging_mixin.py:188} INFO - [2024-07-26T12:57:22.848+0000] {dag.py:3823} INFO - Setting next_dagrun for example_bash_operator to 2024-07-25 00:00:00+00:00, run_after=2024-07-26 00:00:00+00:00
[2024-07-26T12:57:22.872+0000] {processor.py:183} INFO - Processing /home/airflow/.local/lib/python3.8/site-packages/airflow/example_dags/example_bash_operator.py took 0.145 seconds
[2024-07-26T12:57:53.240+0000] {processor.py:161} INFO - Started process (PID=1114) to work on /home/airflow/.local/lib/python3.8/site-packages/airflow/example_dags/example_bash_operator.py
[2024-07-26T12:57:53.242+0000] {processor.py:830} INFO - Processing file /home/airflow/.local/lib/python3.8/site-packages/airflow/example_dags/example_bash_operator.py for tasks to queue
[2024-07-26T12:57:53.247+0000] {logging_mixin.py:188} INFO - [2024-07-26T12:57:53.246+0000] {dagbag.py:538} INFO - Filling up the DagBag from /home/airflow/.local/lib/python3.8/site-packages/airflow/example_dags/example_bash_operator.py
[2024-07-26T12:57:53.270+0000] {processor.py:840} INFO - DAG(s) 'example_bash_operator' retrieved from /home/airflow/.local/lib/python3.8/site-packages/airflow/example_dags/example_bash_operator.py
[2024-07-26T12:57:53.315+0000] {logging_mixin.py:188} INFO - [2024-07-26T12:57:53.315+0000] {dag.py:3036} INFO - Sync 1 DAGs
[2024-07-26T12:57:53.341+0000] {logging_mixin.py:188} INFO - [2024-07-26T12:57:53.341+0000] {dag.py:3823} INFO - Setting next_dagrun for example_bash_operator to 2024-07-25 00:00:00+00:00, run_after=2024-07-26 00:00:00+00:00
[2024-07-26T12:57:53.362+0000] {processor.py:183} INFO - Processing /home/airflow/.local/lib/python3.8/site-packages/airflow/example_dags/example_bash_operator.py took 0.128 seconds
[2024-07-26T12:58:23.891+0000] {processor.py:161} INFO - Started process (PID=1178) to work on /home/airflow/.local/lib/python3.8/site-packages/airflow/example_dags/example_bash_operator.py
[2024-07-26T12:58:23.893+0000] {processor.py:830} INFO - Processing file /home/airflow/.local/lib/python3.8/site-packages/airflow/example_dags/example_bash_operator.py for tasks to queue
[2024-07-26T12:58:23.896+0000] {logging_mixin.py:188} INFO - [2024-07-26T12:58:23.896+0000] {dagbag.py:538} INFO - Filling up the DagBag from /home/airflow/.local/lib/python3.8/site-packages/airflow/example_dags/example_bash_operator.py
[2024-07-26T12:58:23.911+0000] {processor.py:840} INFO - DAG(s) 'example_bash_operator' retrieved from /home/airflow/.local/lib/python3.8/site-packages/airflow/example_dags/example_bash_operator.py
[2024-07-26T12:58:23.947+0000] {logging_mixin.py:188} INFO - [2024-07-26T12:58:23.947+0000] {dag.py:3036} INFO - Sync 1 DAGs
[2024-07-26T12:58:23.976+0000] {logging_mixin.py:188} INFO - [2024-07-26T12:58:23.976+0000] {dag.py:3823} INFO - Setting next_dagrun for example_bash_operator to 2024-07-25 00:00:00+00:00, run_after=2024-07-26 00:00:00+00:00
[2024-07-26T12:58:24.001+0000] {processor.py:183} INFO - Processing /home/airflow/.local/lib/python3.8/site-packages/airflow/example_dags/example_bash_operator.py took 0.113 seconds
[2024-07-26T12:58:54.043+0000] {processor.py:161} INFO - Started process (PID=1242) to work on /home/airflow/.local/lib/python3.8/site-packages/airflow/example_dags/example_bash_operator.py
[2024-07-26T12:58:54.044+0000] {processor.py:830} INFO - Processing file /home/airflow/.local/lib/python3.8/site-packages/airflow/example_dags/example_bash_operator.py for tasks to queue
[2024-07-26T12:58:54.047+0000] {logging_mixin.py:188} INFO - [2024-07-26T12:58:54.046+0000] {dagbag.py:538} INFO - Filling up the DagBag from /home/airflow/.local/lib/python3.8/site-packages/airflow/example_dags/example_bash_operator.py
[2024-07-26T12:58:54.060+0000] {processor.py:840} INFO - DAG(s) 'example_bash_operator' retrieved from /home/airflow/.local/lib/python3.8/site-packages/airflow/example_dags/example_bash_operator.py
[2024-07-26T12:58:54.095+0000] {logging_mixin.py:188} INFO - [2024-07-26T12:58:54.094+0000] {dag.py:3036} INFO - Sync 1 DAGs
[2024-07-26T12:58:54.121+0000] {logging_mixin.py:188} INFO - [2024-07-26T12:58:54.121+0000] {dag.py:3823} INFO - Setting next_dagrun for example_bash_operator to 2024-07-25 00:00:00+00:00, run_after=2024-07-26 00:00:00+00:00
[2024-07-26T12:58:54.143+0000] {processor.py:183} INFO - Processing /home/airflow/.local/lib/python3.8/site-packages/airflow/example_dags/example_bash_operator.py took 0.104 seconds
