[2024-07-26T12:15:27.307+0000] {processor.py:161} INFO - Started process (PID=111) to work on /home/airflow/.local/lib/python3.8/site-packages/airflow/example_dags/example_trigger_target_dag.py
[2024-07-26T12:15:27.308+0000] {processor.py:830} INFO - Processing file /home/airflow/.local/lib/python3.8/site-packages/airflow/example_dags/example_trigger_target_dag.py for tasks to queue
[2024-07-26T12:15:27.310+0000] {logging_mixin.py:188} INFO - [2024-07-26T12:15:27.309+0000] {dagbag.py:538} INFO - Filling up the DagBag from /home/airflow/.local/lib/python3.8/site-packages/airflow/example_dags/example_trigger_target_dag.py
[2024-07-26T12:15:27.321+0000] {processor.py:840} INFO - DAG(s) 'example_trigger_target_dag' retrieved from /home/airflow/.local/lib/python3.8/site-packages/airflow/example_dags/example_trigger_target_dag.py
[2024-07-26T12:15:27.545+0000] {logging_mixin.py:188} INFO - [2024-07-26T12:15:27.545+0000] {dag.py:3036} INFO - Sync 1 DAGs
[2024-07-26T12:15:27.561+0000] {logging_mixin.py:188} INFO - [2024-07-26T12:15:27.561+0000] {dag.py:3823} INFO - Setting next_dagrun for example_trigger_target_dag to None, run_after=None
[2024-07-26T12:15:27.594+0000] {processor.py:183} INFO - Processing /home/airflow/.local/lib/python3.8/site-packages/airflow/example_dags/example_trigger_target_dag.py took 0.291 seconds
[2024-07-26T12:15:58.458+0000] {processor.py:161} INFO - Started process (PID=175) to work on /home/airflow/.local/lib/python3.8/site-packages/airflow/example_dags/example_trigger_target_dag.py
[2024-07-26T12:15:58.459+0000] {processor.py:830} INFO - Processing file /home/airflow/.local/lib/python3.8/site-packages/airflow/example_dags/example_trigger_target_dag.py for tasks to queue
[2024-07-26T12:15:58.463+0000] {logging_mixin.py:188} INFO - [2024-07-26T12:15:58.462+0000] {dagbag.py:538} INFO - Filling up the DagBag from /home/airflow/.local/lib/python3.8/site-packages/airflow/example_dags/example_trigger_target_dag.py
[2024-07-26T12:15:58.472+0000] {processor.py:840} INFO - DAG(s) 'example_trigger_target_dag' retrieved from /home/airflow/.local/lib/python3.8/site-packages/airflow/example_dags/example_trigger_target_dag.py
[2024-07-26T12:15:58.496+0000] {logging_mixin.py:188} INFO - [2024-07-26T12:15:58.495+0000] {dag.py:3036} INFO - Sync 1 DAGs
[2024-07-26T12:15:58.510+0000] {logging_mixin.py:188} INFO - [2024-07-26T12:15:58.510+0000] {dag.py:3823} INFO - Setting next_dagrun for example_trigger_target_dag to None, run_after=None
[2024-07-26T12:15:58.537+0000] {processor.py:183} INFO - Processing /home/airflow/.local/lib/python3.8/site-packages/airflow/example_dags/example_trigger_target_dag.py took 0.089 seconds
[2024-07-26T12:16:29.147+0000] {processor.py:161} INFO - Started process (PID=239) to work on /home/airflow/.local/lib/python3.8/site-packages/airflow/example_dags/example_trigger_target_dag.py
[2024-07-26T12:16:29.148+0000] {processor.py:830} INFO - Processing file /home/airflow/.local/lib/python3.8/site-packages/airflow/example_dags/example_trigger_target_dag.py for tasks to queue
[2024-07-26T12:16:29.150+0000] {logging_mixin.py:188} INFO - [2024-07-26T12:16:29.150+0000] {dagbag.py:538} INFO - Filling up the DagBag from /home/airflow/.local/lib/python3.8/site-packages/airflow/example_dags/example_trigger_target_dag.py
[2024-07-26T12:16:29.156+0000] {processor.py:840} INFO - DAG(s) 'example_trigger_target_dag' retrieved from /home/airflow/.local/lib/python3.8/site-packages/airflow/example_dags/example_trigger_target_dag.py
[2024-07-26T12:16:29.178+0000] {logging_mixin.py:188} INFO - [2024-07-26T12:16:29.177+0000] {dag.py:3036} INFO - Sync 1 DAGs
[2024-07-26T12:16:29.193+0000] {logging_mixin.py:188} INFO - [2024-07-26T12:16:29.193+0000] {dag.py:3823} INFO - Setting next_dagrun for example_trigger_target_dag to None, run_after=None
[2024-07-26T12:16:29.213+0000] {processor.py:183} INFO - Processing /home/airflow/.local/lib/python3.8/site-packages/airflow/example_dags/example_trigger_target_dag.py took 0.070 seconds
[2024-07-26T12:16:59.879+0000] {processor.py:161} INFO - Started process (PID=303) to work on /home/airflow/.local/lib/python3.8/site-packages/airflow/example_dags/example_trigger_target_dag.py
[2024-07-26T12:16:59.880+0000] {processor.py:830} INFO - Processing file /home/airflow/.local/lib/python3.8/site-packages/airflow/example_dags/example_trigger_target_dag.py for tasks to queue
[2024-07-26T12:16:59.882+0000] {logging_mixin.py:188} INFO - [2024-07-26T12:16:59.882+0000] {dagbag.py:538} INFO - Filling up the DagBag from /home/airflow/.local/lib/python3.8/site-packages/airflow/example_dags/example_trigger_target_dag.py
[2024-07-26T12:16:59.888+0000] {processor.py:840} INFO - DAG(s) 'example_trigger_target_dag' retrieved from /home/airflow/.local/lib/python3.8/site-packages/airflow/example_dags/example_trigger_target_dag.py
[2024-07-26T12:16:59.911+0000] {logging_mixin.py:188} INFO - [2024-07-26T12:16:59.911+0000] {dag.py:3036} INFO - Sync 1 DAGs
[2024-07-26T12:16:59.925+0000] {logging_mixin.py:188} INFO - [2024-07-26T12:16:59.924+0000] {dag.py:3823} INFO - Setting next_dagrun for example_trigger_target_dag to None, run_after=None
[2024-07-26T12:16:59.948+0000] {processor.py:183} INFO - Processing /home/airflow/.local/lib/python3.8/site-packages/airflow/example_dags/example_trigger_target_dag.py took 0.072 seconds
[2024-07-26T12:17:30.853+0000] {processor.py:161} INFO - Started process (PID=360) to work on /home/airflow/.local/lib/python3.8/site-packages/airflow/example_dags/example_trigger_target_dag.py
[2024-07-26T12:17:30.855+0000] {processor.py:830} INFO - Processing file /home/airflow/.local/lib/python3.8/site-packages/airflow/example_dags/example_trigger_target_dag.py for tasks to queue
[2024-07-26T12:17:30.858+0000] {logging_mixin.py:188} INFO - [2024-07-26T12:17:30.857+0000] {dagbag.py:538} INFO - Filling up the DagBag from /home/airflow/.local/lib/python3.8/site-packages/airflow/example_dags/example_trigger_target_dag.py
[2024-07-26T12:17:30.865+0000] {processor.py:840} INFO - DAG(s) 'example_trigger_target_dag' retrieved from /home/airflow/.local/lib/python3.8/site-packages/airflow/example_dags/example_trigger_target_dag.py
[2024-07-26T12:17:30.892+0000] {logging_mixin.py:188} INFO - [2024-07-26T12:17:30.891+0000] {dag.py:3036} INFO - Sync 1 DAGs
[2024-07-26T12:17:30.906+0000] {logging_mixin.py:188} INFO - [2024-07-26T12:17:30.906+0000] {dag.py:3823} INFO - Setting next_dagrun for example_trigger_target_dag to None, run_after=None
[2024-07-26T12:17:30.927+0000] {processor.py:183} INFO - Processing /home/airflow/.local/lib/python3.8/site-packages/airflow/example_dags/example_trigger_target_dag.py took 0.077 seconds
[2024-07-26T12:18:01.078+0000] {processor.py:161} INFO - Started process (PID=422) to work on /home/airflow/.local/lib/python3.8/site-packages/airflow/example_dags/example_trigger_target_dag.py
[2024-07-26T12:18:01.079+0000] {processor.py:830} INFO - Processing file /home/airflow/.local/lib/python3.8/site-packages/airflow/example_dags/example_trigger_target_dag.py for tasks to queue
[2024-07-26T12:18:01.081+0000] {logging_mixin.py:188} INFO - [2024-07-26T12:18:01.081+0000] {dagbag.py:538} INFO - Filling up the DagBag from /home/airflow/.local/lib/python3.8/site-packages/airflow/example_dags/example_trigger_target_dag.py
[2024-07-26T12:18:01.087+0000] {processor.py:840} INFO - DAG(s) 'example_trigger_target_dag' retrieved from /home/airflow/.local/lib/python3.8/site-packages/airflow/example_dags/example_trigger_target_dag.py
[2024-07-26T12:18:01.112+0000] {logging_mixin.py:188} INFO - [2024-07-26T12:18:01.112+0000] {dag.py:3036} INFO - Sync 1 DAGs
[2024-07-26T12:18:01.127+0000] {logging_mixin.py:188} INFO - [2024-07-26T12:18:01.126+0000] {dag.py:3823} INFO - Setting next_dagrun for example_trigger_target_dag to None, run_after=None
[2024-07-26T12:18:01.151+0000] {processor.py:183} INFO - Processing /home/airflow/.local/lib/python3.8/site-packages/airflow/example_dags/example_trigger_target_dag.py took 0.076 seconds
[2024-07-26T12:18:31.649+0000] {processor.py:161} INFO - Started process (PID=486) to work on /home/airflow/.local/lib/python3.8/site-packages/airflow/example_dags/example_trigger_target_dag.py
[2024-07-26T12:18:31.650+0000] {processor.py:830} INFO - Processing file /home/airflow/.local/lib/python3.8/site-packages/airflow/example_dags/example_trigger_target_dag.py for tasks to queue
[2024-07-26T12:18:31.652+0000] {logging_mixin.py:188} INFO - [2024-07-26T12:18:31.652+0000] {dagbag.py:538} INFO - Filling up the DagBag from /home/airflow/.local/lib/python3.8/site-packages/airflow/example_dags/example_trigger_target_dag.py
[2024-07-26T12:18:31.659+0000] {processor.py:840} INFO - DAG(s) 'example_trigger_target_dag' retrieved from /home/airflow/.local/lib/python3.8/site-packages/airflow/example_dags/example_trigger_target_dag.py
[2024-07-26T12:18:31.680+0000] {logging_mixin.py:188} INFO - [2024-07-26T12:18:31.680+0000] {dag.py:3036} INFO - Sync 1 DAGs
[2024-07-26T12:18:31.694+0000] {logging_mixin.py:188} INFO - [2024-07-26T12:18:31.694+0000] {dag.py:3823} INFO - Setting next_dagrun for example_trigger_target_dag to None, run_after=None
[2024-07-26T12:18:31.715+0000] {processor.py:183} INFO - Processing /home/airflow/.local/lib/python3.8/site-packages/airflow/example_dags/example_trigger_target_dag.py took 0.070 seconds
[2024-07-26T12:19:02.014+0000] {processor.py:161} INFO - Started process (PID=550) to work on /home/airflow/.local/lib/python3.8/site-packages/airflow/example_dags/example_trigger_target_dag.py
[2024-07-26T12:19:02.015+0000] {processor.py:830} INFO - Processing file /home/airflow/.local/lib/python3.8/site-packages/airflow/example_dags/example_trigger_target_dag.py for tasks to queue
[2024-07-26T12:19:02.017+0000] {logging_mixin.py:188} INFO - [2024-07-26T12:19:02.016+0000] {dagbag.py:538} INFO - Filling up the DagBag from /home/airflow/.local/lib/python3.8/site-packages/airflow/example_dags/example_trigger_target_dag.py
[2024-07-26T12:19:02.025+0000] {processor.py:840} INFO - DAG(s) 'example_trigger_target_dag' retrieved from /home/airflow/.local/lib/python3.8/site-packages/airflow/example_dags/example_trigger_target_dag.py
[2024-07-26T12:19:02.051+0000] {logging_mixin.py:188} INFO - [2024-07-26T12:19:02.051+0000] {dag.py:3036} INFO - Sync 1 DAGs
[2024-07-26T12:19:02.067+0000] {logging_mixin.py:188} INFO - [2024-07-26T12:19:02.066+0000] {dag.py:3823} INFO - Setting next_dagrun for example_trigger_target_dag to None, run_after=None
[2024-07-26T12:19:02.090+0000] {processor.py:183} INFO - Processing /home/airflow/.local/lib/python3.8/site-packages/airflow/example_dags/example_trigger_target_dag.py took 0.081 seconds
[2024-07-26T12:19:32.474+0000] {processor.py:161} INFO - Started process (PID=615) to work on /home/airflow/.local/lib/python3.8/site-packages/airflow/example_dags/example_trigger_target_dag.py
[2024-07-26T12:19:32.476+0000] {processor.py:830} INFO - Processing file /home/airflow/.local/lib/python3.8/site-packages/airflow/example_dags/example_trigger_target_dag.py for tasks to queue
[2024-07-26T12:19:32.477+0000] {logging_mixin.py:188} INFO - [2024-07-26T12:19:32.476+0000] {dagbag.py:538} INFO - Filling up the DagBag from /home/airflow/.local/lib/python3.8/site-packages/airflow/example_dags/example_trigger_target_dag.py
[2024-07-26T12:19:32.483+0000] {processor.py:840} INFO - DAG(s) 'example_trigger_target_dag' retrieved from /home/airflow/.local/lib/python3.8/site-packages/airflow/example_dags/example_trigger_target_dag.py
[2024-07-26T12:19:32.512+0000] {logging_mixin.py:188} INFO - [2024-07-26T12:19:32.512+0000] {dag.py:3036} INFO - Sync 1 DAGs
[2024-07-26T12:19:32.531+0000] {logging_mixin.py:188} INFO - [2024-07-26T12:19:32.531+0000] {dag.py:3823} INFO - Setting next_dagrun for example_trigger_target_dag to None, run_after=None
[2024-07-26T12:19:32.556+0000] {processor.py:183} INFO - Processing /home/airflow/.local/lib/python3.8/site-packages/airflow/example_dags/example_trigger_target_dag.py took 0.085 seconds
[2024-07-26T12:28:18.450+0000] {processor.py:161} INFO - Started process (PID=113) to work on /home/airflow/.local/lib/python3.8/site-packages/airflow/example_dags/example_trigger_target_dag.py
[2024-07-26T12:28:18.451+0000] {processor.py:830} INFO - Processing file /home/airflow/.local/lib/python3.8/site-packages/airflow/example_dags/example_trigger_target_dag.py for tasks to queue
[2024-07-26T12:28:18.454+0000] {logging_mixin.py:188} INFO - [2024-07-26T12:28:18.453+0000] {dagbag.py:538} INFO - Filling up the DagBag from /home/airflow/.local/lib/python3.8/site-packages/airflow/example_dags/example_trigger_target_dag.py
[2024-07-26T12:28:18.463+0000] {processor.py:840} INFO - DAG(s) 'example_trigger_target_dag' retrieved from /home/airflow/.local/lib/python3.8/site-packages/airflow/example_dags/example_trigger_target_dag.py
[2024-07-26T12:28:18.599+0000] {logging_mixin.py:188} INFO - [2024-07-26T12:28:18.598+0000] {dag.py:3036} INFO - Sync 1 DAGs
[2024-07-26T12:28:18.614+0000] {logging_mixin.py:188} INFO - [2024-07-26T12:28:18.613+0000] {dag.py:3823} INFO - Setting next_dagrun for example_trigger_target_dag to None, run_after=None
[2024-07-26T12:28:18.640+0000] {processor.py:183} INFO - Processing /home/airflow/.local/lib/python3.8/site-packages/airflow/example_dags/example_trigger_target_dag.py took 0.193 seconds
[2024-07-26T12:28:49.059+0000] {processor.py:161} INFO - Started process (PID=176) to work on /home/airflow/.local/lib/python3.8/site-packages/airflow/example_dags/example_trigger_target_dag.py
[2024-07-26T12:28:49.060+0000] {processor.py:830} INFO - Processing file /home/airflow/.local/lib/python3.8/site-packages/airflow/example_dags/example_trigger_target_dag.py for tasks to queue
[2024-07-26T12:28:49.063+0000] {logging_mixin.py:188} INFO - [2024-07-26T12:28:49.062+0000] {dagbag.py:538} INFO - Filling up the DagBag from /home/airflow/.local/lib/python3.8/site-packages/airflow/example_dags/example_trigger_target_dag.py
[2024-07-26T12:28:49.069+0000] {processor.py:840} INFO - DAG(s) 'example_trigger_target_dag' retrieved from /home/airflow/.local/lib/python3.8/site-packages/airflow/example_dags/example_trigger_target_dag.py
[2024-07-26T12:28:49.097+0000] {logging_mixin.py:188} INFO - [2024-07-26T12:28:49.096+0000] {dag.py:3036} INFO - Sync 1 DAGs
[2024-07-26T12:28:49.113+0000] {logging_mixin.py:188} INFO - [2024-07-26T12:28:49.113+0000] {dag.py:3823} INFO - Setting next_dagrun for example_trigger_target_dag to None, run_after=None
[2024-07-26T12:28:49.135+0000] {processor.py:183} INFO - Processing /home/airflow/.local/lib/python3.8/site-packages/airflow/example_dags/example_trigger_target_dag.py took 0.079 seconds
[2024-07-26T12:29:20.152+0000] {processor.py:161} INFO - Started process (PID=240) to work on /home/airflow/.local/lib/python3.8/site-packages/airflow/example_dags/example_trigger_target_dag.py
[2024-07-26T12:29:20.153+0000] {processor.py:830} INFO - Processing file /home/airflow/.local/lib/python3.8/site-packages/airflow/example_dags/example_trigger_target_dag.py for tasks to queue
[2024-07-26T12:29:20.155+0000] {logging_mixin.py:188} INFO - [2024-07-26T12:29:20.154+0000] {dagbag.py:538} INFO - Filling up the DagBag from /home/airflow/.local/lib/python3.8/site-packages/airflow/example_dags/example_trigger_target_dag.py
[2024-07-26T12:29:20.161+0000] {processor.py:840} INFO - DAG(s) 'example_trigger_target_dag' retrieved from /home/airflow/.local/lib/python3.8/site-packages/airflow/example_dags/example_trigger_target_dag.py
[2024-07-26T12:29:20.185+0000] {logging_mixin.py:188} INFO - [2024-07-26T12:29:20.184+0000] {dag.py:3036} INFO - Sync 1 DAGs
[2024-07-26T12:29:20.198+0000] {logging_mixin.py:188} INFO - [2024-07-26T12:29:20.198+0000] {dag.py:3823} INFO - Setting next_dagrun for example_trigger_target_dag to None, run_after=None
[2024-07-26T12:29:20.221+0000] {processor.py:183} INFO - Processing /home/airflow/.local/lib/python3.8/site-packages/airflow/example_dags/example_trigger_target_dag.py took 0.073 seconds
[2024-07-26T12:29:51.335+0000] {processor.py:161} INFO - Started process (PID=297) to work on /home/airflow/.local/lib/python3.8/site-packages/airflow/example_dags/example_trigger_target_dag.py
[2024-07-26T12:29:51.336+0000] {processor.py:830} INFO - Processing file /home/airflow/.local/lib/python3.8/site-packages/airflow/example_dags/example_trigger_target_dag.py for tasks to queue
[2024-07-26T12:29:51.338+0000] {logging_mixin.py:188} INFO - [2024-07-26T12:29:51.338+0000] {dagbag.py:538} INFO - Filling up the DagBag from /home/airflow/.local/lib/python3.8/site-packages/airflow/example_dags/example_trigger_target_dag.py
[2024-07-26T12:29:51.344+0000] {processor.py:840} INFO - DAG(s) 'example_trigger_target_dag' retrieved from /home/airflow/.local/lib/python3.8/site-packages/airflow/example_dags/example_trigger_target_dag.py
[2024-07-26T12:29:51.367+0000] {logging_mixin.py:188} INFO - [2024-07-26T12:29:51.367+0000] {dag.py:3036} INFO - Sync 1 DAGs
[2024-07-26T12:29:51.380+0000] {logging_mixin.py:188} INFO - [2024-07-26T12:29:51.379+0000] {dag.py:3823} INFO - Setting next_dagrun for example_trigger_target_dag to None, run_after=None
[2024-07-26T12:29:51.404+0000] {processor.py:183} INFO - Processing /home/airflow/.local/lib/python3.8/site-packages/airflow/example_dags/example_trigger_target_dag.py took 0.072 seconds
[2024-07-26T12:30:21.562+0000] {processor.py:161} INFO - Started process (PID=359) to work on /home/airflow/.local/lib/python3.8/site-packages/airflow/example_dags/example_trigger_target_dag.py
[2024-07-26T12:30:21.563+0000] {processor.py:830} INFO - Processing file /home/airflow/.local/lib/python3.8/site-packages/airflow/example_dags/example_trigger_target_dag.py for tasks to queue
[2024-07-26T12:30:21.565+0000] {logging_mixin.py:188} INFO - [2024-07-26T12:30:21.564+0000] {dagbag.py:538} INFO - Filling up the DagBag from /home/airflow/.local/lib/python3.8/site-packages/airflow/example_dags/example_trigger_target_dag.py
[2024-07-26T12:30:21.571+0000] {processor.py:840} INFO - DAG(s) 'example_trigger_target_dag' retrieved from /home/airflow/.local/lib/python3.8/site-packages/airflow/example_dags/example_trigger_target_dag.py
[2024-07-26T12:30:21.596+0000] {logging_mixin.py:188} INFO - [2024-07-26T12:30:21.595+0000] {dag.py:3036} INFO - Sync 1 DAGs
[2024-07-26T12:30:21.608+0000] {logging_mixin.py:188} INFO - [2024-07-26T12:30:21.608+0000] {dag.py:3823} INFO - Setting next_dagrun for example_trigger_target_dag to None, run_after=None
[2024-07-26T12:30:21.630+0000] {processor.py:183} INFO - Processing /home/airflow/.local/lib/python3.8/site-packages/airflow/example_dags/example_trigger_target_dag.py took 0.072 seconds
[2024-07-26T12:30:51.678+0000] {processor.py:161} INFO - Started process (PID=423) to work on /home/airflow/.local/lib/python3.8/site-packages/airflow/example_dags/example_trigger_target_dag.py
[2024-07-26T12:30:51.679+0000] {processor.py:830} INFO - Processing file /home/airflow/.local/lib/python3.8/site-packages/airflow/example_dags/example_trigger_target_dag.py for tasks to queue
[2024-07-26T12:30:51.681+0000] {logging_mixin.py:188} INFO - [2024-07-26T12:30:51.681+0000] {dagbag.py:538} INFO - Filling up the DagBag from /home/airflow/.local/lib/python3.8/site-packages/airflow/example_dags/example_trigger_target_dag.py
[2024-07-26T12:30:51.687+0000] {processor.py:840} INFO - DAG(s) 'example_trigger_target_dag' retrieved from /home/airflow/.local/lib/python3.8/site-packages/airflow/example_dags/example_trigger_target_dag.py
[2024-07-26T12:30:51.709+0000] {logging_mixin.py:188} INFO - [2024-07-26T12:30:51.708+0000] {dag.py:3036} INFO - Sync 1 DAGs
[2024-07-26T12:30:51.722+0000] {logging_mixin.py:188} INFO - [2024-07-26T12:30:51.722+0000] {dag.py:3823} INFO - Setting next_dagrun for example_trigger_target_dag to None, run_after=None
[2024-07-26T12:30:51.746+0000] {processor.py:183} INFO - Processing /home/airflow/.local/lib/python3.8/site-packages/airflow/example_dags/example_trigger_target_dag.py took 0.071 seconds
[2024-07-26T12:31:21.899+0000] {processor.py:161} INFO - Started process (PID=487) to work on /home/airflow/.local/lib/python3.8/site-packages/airflow/example_dags/example_trigger_target_dag.py
[2024-07-26T12:31:21.901+0000] {processor.py:830} INFO - Processing file /home/airflow/.local/lib/python3.8/site-packages/airflow/example_dags/example_trigger_target_dag.py for tasks to queue
[2024-07-26T12:31:21.904+0000] {logging_mixin.py:188} INFO - [2024-07-26T12:31:21.903+0000] {dagbag.py:538} INFO - Filling up the DagBag from /home/airflow/.local/lib/python3.8/site-packages/airflow/example_dags/example_trigger_target_dag.py
[2024-07-26T12:31:21.914+0000] {processor.py:840} INFO - DAG(s) 'example_trigger_target_dag' retrieved from /home/airflow/.local/lib/python3.8/site-packages/airflow/example_dags/example_trigger_target_dag.py
[2024-07-26T12:31:21.939+0000] {logging_mixin.py:188} INFO - [2024-07-26T12:31:21.939+0000] {dag.py:3036} INFO - Sync 1 DAGs
[2024-07-26T12:31:21.951+0000] {logging_mixin.py:188} INFO - [2024-07-26T12:31:21.951+0000] {dag.py:3823} INFO - Setting next_dagrun for example_trigger_target_dag to None, run_after=None
[2024-07-26T12:31:21.970+0000] {processor.py:183} INFO - Processing /home/airflow/.local/lib/python3.8/site-packages/airflow/example_dags/example_trigger_target_dag.py took 0.075 seconds
[2024-07-26T12:31:52.267+0000] {processor.py:161} INFO - Started process (PID=551) to work on /home/airflow/.local/lib/python3.8/site-packages/airflow/example_dags/example_trigger_target_dag.py
[2024-07-26T12:31:52.271+0000] {processor.py:830} INFO - Processing file /home/airflow/.local/lib/python3.8/site-packages/airflow/example_dags/example_trigger_target_dag.py for tasks to queue
[2024-07-26T12:31:52.273+0000] {logging_mixin.py:188} INFO - [2024-07-26T12:31:52.273+0000] {dagbag.py:538} INFO - Filling up the DagBag from /home/airflow/.local/lib/python3.8/site-packages/airflow/example_dags/example_trigger_target_dag.py
[2024-07-26T12:31:52.280+0000] {processor.py:840} INFO - DAG(s) 'example_trigger_target_dag' retrieved from /home/airflow/.local/lib/python3.8/site-packages/airflow/example_dags/example_trigger_target_dag.py
[2024-07-26T12:31:52.301+0000] {logging_mixin.py:188} INFO - [2024-07-26T12:31:52.301+0000] {dag.py:3036} INFO - Sync 1 DAGs
[2024-07-26T12:31:52.314+0000] {logging_mixin.py:188} INFO - [2024-07-26T12:31:52.314+0000] {dag.py:3823} INFO - Setting next_dagrun for example_trigger_target_dag to None, run_after=None
[2024-07-26T12:31:52.334+0000] {processor.py:183} INFO - Processing /home/airflow/.local/lib/python3.8/site-packages/airflow/example_dags/example_trigger_target_dag.py took 0.073 seconds
[2024-07-26T12:32:22.773+0000] {processor.py:161} INFO - Started process (PID=615) to work on /home/airflow/.local/lib/python3.8/site-packages/airflow/example_dags/example_trigger_target_dag.py
[2024-07-26T12:32:22.775+0000] {processor.py:830} INFO - Processing file /home/airflow/.local/lib/python3.8/site-packages/airflow/example_dags/example_trigger_target_dag.py for tasks to queue
[2024-07-26T12:32:22.778+0000] {logging_mixin.py:188} INFO - [2024-07-26T12:32:22.778+0000] {dagbag.py:538} INFO - Filling up the DagBag from /home/airflow/.local/lib/python3.8/site-packages/airflow/example_dags/example_trigger_target_dag.py
[2024-07-26T12:32:22.784+0000] {processor.py:840} INFO - DAG(s) 'example_trigger_target_dag' retrieved from /home/airflow/.local/lib/python3.8/site-packages/airflow/example_dags/example_trigger_target_dag.py
[2024-07-26T12:32:22.809+0000] {logging_mixin.py:188} INFO - [2024-07-26T12:32:22.809+0000] {dag.py:3036} INFO - Sync 1 DAGs
[2024-07-26T12:32:22.822+0000] {logging_mixin.py:188} INFO - [2024-07-26T12:32:22.822+0000] {dag.py:3823} INFO - Setting next_dagrun for example_trigger_target_dag to None, run_after=None
[2024-07-26T12:32:22.845+0000] {processor.py:183} INFO - Processing /home/airflow/.local/lib/python3.8/site-packages/airflow/example_dags/example_trigger_target_dag.py took 0.076 seconds
[2024-07-26T12:32:53.867+0000] {processor.py:161} INFO - Started process (PID=679) to work on /home/airflow/.local/lib/python3.8/site-packages/airflow/example_dags/example_trigger_target_dag.py
[2024-07-26T12:32:53.869+0000] {processor.py:830} INFO - Processing file /home/airflow/.local/lib/python3.8/site-packages/airflow/example_dags/example_trigger_target_dag.py for tasks to queue
[2024-07-26T12:32:53.871+0000] {logging_mixin.py:188} INFO - [2024-07-26T12:32:53.871+0000] {dagbag.py:538} INFO - Filling up the DagBag from /home/airflow/.local/lib/python3.8/site-packages/airflow/example_dags/example_trigger_target_dag.py
[2024-07-26T12:32:53.879+0000] {processor.py:840} INFO - DAG(s) 'example_trigger_target_dag' retrieved from /home/airflow/.local/lib/python3.8/site-packages/airflow/example_dags/example_trigger_target_dag.py
[2024-07-26T12:32:53.899+0000] {logging_mixin.py:188} INFO - [2024-07-26T12:32:53.898+0000] {dag.py:3036} INFO - Sync 1 DAGs
[2024-07-26T12:32:53.912+0000] {logging_mixin.py:188} INFO - [2024-07-26T12:32:53.912+0000] {dag.py:3823} INFO - Setting next_dagrun for example_trigger_target_dag to None, run_after=None
[2024-07-26T12:32:53.931+0000] {processor.py:183} INFO - Processing /home/airflow/.local/lib/python3.8/site-packages/airflow/example_dags/example_trigger_target_dag.py took 0.067 seconds
[2024-07-26T12:33:24.392+0000] {processor.py:161} INFO - Started process (PID=744) to work on /home/airflow/.local/lib/python3.8/site-packages/airflow/example_dags/example_trigger_target_dag.py
[2024-07-26T12:33:24.393+0000] {processor.py:830} INFO - Processing file /home/airflow/.local/lib/python3.8/site-packages/airflow/example_dags/example_trigger_target_dag.py for tasks to queue
[2024-07-26T12:33:24.396+0000] {logging_mixin.py:188} INFO - [2024-07-26T12:33:24.395+0000] {dagbag.py:538} INFO - Filling up the DagBag from /home/airflow/.local/lib/python3.8/site-packages/airflow/example_dags/example_trigger_target_dag.py
[2024-07-26T12:33:24.402+0000] {processor.py:840} INFO - DAG(s) 'example_trigger_target_dag' retrieved from /home/airflow/.local/lib/python3.8/site-packages/airflow/example_dags/example_trigger_target_dag.py
[2024-07-26T12:33:24.424+0000] {logging_mixin.py:188} INFO - [2024-07-26T12:33:24.424+0000] {dag.py:3036} INFO - Sync 1 DAGs
[2024-07-26T12:33:24.437+0000] {logging_mixin.py:188} INFO - [2024-07-26T12:33:24.437+0000] {dag.py:3823} INFO - Setting next_dagrun for example_trigger_target_dag to None, run_after=None
[2024-07-26T12:33:24.459+0000] {processor.py:183} INFO - Processing /home/airflow/.local/lib/python3.8/site-packages/airflow/example_dags/example_trigger_target_dag.py took 0.071 seconds
[2024-07-26T12:33:55.017+0000] {processor.py:161} INFO - Started process (PID=808) to work on /home/airflow/.local/lib/python3.8/site-packages/airflow/example_dags/example_trigger_target_dag.py
[2024-07-26T12:33:55.018+0000] {processor.py:830} INFO - Processing file /home/airflow/.local/lib/python3.8/site-packages/airflow/example_dags/example_trigger_target_dag.py for tasks to queue
[2024-07-26T12:33:55.020+0000] {logging_mixin.py:188} INFO - [2024-07-26T12:33:55.020+0000] {dagbag.py:538} INFO - Filling up the DagBag from /home/airflow/.local/lib/python3.8/site-packages/airflow/example_dags/example_trigger_target_dag.py
[2024-07-26T12:33:55.027+0000] {processor.py:840} INFO - DAG(s) 'example_trigger_target_dag' retrieved from /home/airflow/.local/lib/python3.8/site-packages/airflow/example_dags/example_trigger_target_dag.py
[2024-07-26T12:33:55.046+0000] {logging_mixin.py:188} INFO - [2024-07-26T12:33:55.046+0000] {dag.py:3036} INFO - Sync 1 DAGs
[2024-07-26T12:33:55.059+0000] {logging_mixin.py:188} INFO - [2024-07-26T12:33:55.059+0000] {dag.py:3823} INFO - Setting next_dagrun for example_trigger_target_dag to None, run_after=None
[2024-07-26T12:33:55.078+0000] {processor.py:183} INFO - Processing /home/airflow/.local/lib/python3.8/site-packages/airflow/example_dags/example_trigger_target_dag.py took 0.065 seconds
[2024-07-26T12:34:25.376+0000] {processor.py:161} INFO - Started process (PID=872) to work on /home/airflow/.local/lib/python3.8/site-packages/airflow/example_dags/example_trigger_target_dag.py
[2024-07-26T12:34:25.377+0000] {processor.py:830} INFO - Processing file /home/airflow/.local/lib/python3.8/site-packages/airflow/example_dags/example_trigger_target_dag.py for tasks to queue
[2024-07-26T12:34:25.380+0000] {logging_mixin.py:188} INFO - [2024-07-26T12:34:25.379+0000] {dagbag.py:538} INFO - Filling up the DagBag from /home/airflow/.local/lib/python3.8/site-packages/airflow/example_dags/example_trigger_target_dag.py
[2024-07-26T12:34:25.386+0000] {processor.py:840} INFO - DAG(s) 'example_trigger_target_dag' retrieved from /home/airflow/.local/lib/python3.8/site-packages/airflow/example_dags/example_trigger_target_dag.py
[2024-07-26T12:34:25.407+0000] {logging_mixin.py:188} INFO - [2024-07-26T12:34:25.406+0000] {dag.py:3036} INFO - Sync 1 DAGs
[2024-07-26T12:34:25.421+0000] {logging_mixin.py:188} INFO - [2024-07-26T12:34:25.421+0000] {dag.py:3823} INFO - Setting next_dagrun for example_trigger_target_dag to None, run_after=None
[2024-07-26T12:34:25.452+0000] {processor.py:183} INFO - Processing /home/airflow/.local/lib/python3.8/site-packages/airflow/example_dags/example_trigger_target_dag.py took 0.080 seconds
[2024-07-26T12:34:55.980+0000] {processor.py:161} INFO - Started process (PID=936) to work on /home/airflow/.local/lib/python3.8/site-packages/airflow/example_dags/example_trigger_target_dag.py
[2024-07-26T12:34:55.981+0000] {processor.py:830} INFO - Processing file /home/airflow/.local/lib/python3.8/site-packages/airflow/example_dags/example_trigger_target_dag.py for tasks to queue
[2024-07-26T12:34:55.984+0000] {logging_mixin.py:188} INFO - [2024-07-26T12:34:55.983+0000] {dagbag.py:538} INFO - Filling up the DagBag from /home/airflow/.local/lib/python3.8/site-packages/airflow/example_dags/example_trigger_target_dag.py
[2024-07-26T12:34:55.996+0000] {processor.py:840} INFO - DAG(s) 'example_trigger_target_dag' retrieved from /home/airflow/.local/lib/python3.8/site-packages/airflow/example_dags/example_trigger_target_dag.py
[2024-07-26T12:34:56.022+0000] {logging_mixin.py:188} INFO - [2024-07-26T12:34:56.021+0000] {dag.py:3036} INFO - Sync 1 DAGs
[2024-07-26T12:34:56.042+0000] {logging_mixin.py:188} INFO - [2024-07-26T12:34:56.041+0000] {dag.py:3823} INFO - Setting next_dagrun for example_trigger_target_dag to None, run_after=None
[2024-07-26T12:34:56.094+0000] {processor.py:183} INFO - Processing /home/airflow/.local/lib/python3.8/site-packages/airflow/example_dags/example_trigger_target_dag.py took 0.118 seconds
[2024-07-26T12:35:26.710+0000] {processor.py:161} INFO - Started process (PID=1000) to work on /home/airflow/.local/lib/python3.8/site-packages/airflow/example_dags/example_trigger_target_dag.py
[2024-07-26T12:35:26.712+0000] {processor.py:830} INFO - Processing file /home/airflow/.local/lib/python3.8/site-packages/airflow/example_dags/example_trigger_target_dag.py for tasks to queue
[2024-07-26T12:35:26.714+0000] {logging_mixin.py:188} INFO - [2024-07-26T12:35:26.714+0000] {dagbag.py:538} INFO - Filling up the DagBag from /home/airflow/.local/lib/python3.8/site-packages/airflow/example_dags/example_trigger_target_dag.py
[2024-07-26T12:35:26.721+0000] {processor.py:840} INFO - DAG(s) 'example_trigger_target_dag' retrieved from /home/airflow/.local/lib/python3.8/site-packages/airflow/example_dags/example_trigger_target_dag.py
[2024-07-26T12:35:26.744+0000] {logging_mixin.py:188} INFO - [2024-07-26T12:35:26.743+0000] {dag.py:3036} INFO - Sync 1 DAGs
[2024-07-26T12:35:26.757+0000] {logging_mixin.py:188} INFO - [2024-07-26T12:35:26.756+0000] {dag.py:3823} INFO - Setting next_dagrun for example_trigger_target_dag to None, run_after=None
[2024-07-26T12:35:26.777+0000] {processor.py:183} INFO - Processing /home/airflow/.local/lib/python3.8/site-packages/airflow/example_dags/example_trigger_target_dag.py took 0.070 seconds
[2024-07-26T12:35:56.929+0000] {processor.py:161} INFO - Started process (PID=1064) to work on /home/airflow/.local/lib/python3.8/site-packages/airflow/example_dags/example_trigger_target_dag.py
[2024-07-26T12:35:56.930+0000] {processor.py:830} INFO - Processing file /home/airflow/.local/lib/python3.8/site-packages/airflow/example_dags/example_trigger_target_dag.py for tasks to queue
[2024-07-26T12:35:56.932+0000] {logging_mixin.py:188} INFO - [2024-07-26T12:35:56.932+0000] {dagbag.py:538} INFO - Filling up the DagBag from /home/airflow/.local/lib/python3.8/site-packages/airflow/example_dags/example_trigger_target_dag.py
[2024-07-26T12:35:56.940+0000] {processor.py:840} INFO - DAG(s) 'example_trigger_target_dag' retrieved from /home/airflow/.local/lib/python3.8/site-packages/airflow/example_dags/example_trigger_target_dag.py
[2024-07-26T12:35:56.962+0000] {logging_mixin.py:188} INFO - [2024-07-26T12:35:56.961+0000] {dag.py:3036} INFO - Sync 1 DAGs
[2024-07-26T12:35:56.976+0000] {logging_mixin.py:188} INFO - [2024-07-26T12:35:56.976+0000] {dag.py:3823} INFO - Setting next_dagrun for example_trigger_target_dag to None, run_after=None
[2024-07-26T12:35:56.997+0000] {processor.py:183} INFO - Processing /home/airflow/.local/lib/python3.8/site-packages/airflow/example_dags/example_trigger_target_dag.py took 0.072 seconds
[2024-07-26T12:36:27.254+0000] {processor.py:161} INFO - Started process (PID=1128) to work on /home/airflow/.local/lib/python3.8/site-packages/airflow/example_dags/example_trigger_target_dag.py
[2024-07-26T12:36:27.255+0000] {processor.py:830} INFO - Processing file /home/airflow/.local/lib/python3.8/site-packages/airflow/example_dags/example_trigger_target_dag.py for tasks to queue
[2024-07-26T12:36:27.257+0000] {logging_mixin.py:188} INFO - [2024-07-26T12:36:27.257+0000] {dagbag.py:538} INFO - Filling up the DagBag from /home/airflow/.local/lib/python3.8/site-packages/airflow/example_dags/example_trigger_target_dag.py
[2024-07-26T12:36:27.265+0000] {processor.py:840} INFO - DAG(s) 'example_trigger_target_dag' retrieved from /home/airflow/.local/lib/python3.8/site-packages/airflow/example_dags/example_trigger_target_dag.py
[2024-07-26T12:36:27.287+0000] {logging_mixin.py:188} INFO - [2024-07-26T12:36:27.287+0000] {dag.py:3036} INFO - Sync 1 DAGs
[2024-07-26T12:36:27.301+0000] {logging_mixin.py:188} INFO - [2024-07-26T12:36:27.301+0000] {dag.py:3823} INFO - Setting next_dagrun for example_trigger_target_dag to None, run_after=None
[2024-07-26T12:36:27.324+0000] {processor.py:183} INFO - Processing /home/airflow/.local/lib/python3.8/site-packages/airflow/example_dags/example_trigger_target_dag.py took 0.073 seconds
[2024-07-26T12:36:57.514+0000] {processor.py:161} INFO - Started process (PID=1191) to work on /home/airflow/.local/lib/python3.8/site-packages/airflow/example_dags/example_trigger_target_dag.py
[2024-07-26T12:36:57.515+0000] {processor.py:830} INFO - Processing file /home/airflow/.local/lib/python3.8/site-packages/airflow/example_dags/example_trigger_target_dag.py for tasks to queue
[2024-07-26T12:36:57.518+0000] {logging_mixin.py:188} INFO - [2024-07-26T12:36:57.517+0000] {dagbag.py:538} INFO - Filling up the DagBag from /home/airflow/.local/lib/python3.8/site-packages/airflow/example_dags/example_trigger_target_dag.py
[2024-07-26T12:36:57.528+0000] {processor.py:840} INFO - DAG(s) 'example_trigger_target_dag' retrieved from /home/airflow/.local/lib/python3.8/site-packages/airflow/example_dags/example_trigger_target_dag.py
[2024-07-26T12:36:57.551+0000] {logging_mixin.py:188} INFO - [2024-07-26T12:36:57.550+0000] {dag.py:3036} INFO - Sync 1 DAGs
[2024-07-26T12:36:57.569+0000] {logging_mixin.py:188} INFO - [2024-07-26T12:36:57.569+0000] {dag.py:3823} INFO - Setting next_dagrun for example_trigger_target_dag to None, run_after=None
[2024-07-26T12:36:57.593+0000] {processor.py:183} INFO - Processing /home/airflow/.local/lib/python3.8/site-packages/airflow/example_dags/example_trigger_target_dag.py took 0.084 seconds
[2024-07-26T12:37:27.977+0000] {processor.py:161} INFO - Started process (PID=1255) to work on /home/airflow/.local/lib/python3.8/site-packages/airflow/example_dags/example_trigger_target_dag.py
[2024-07-26T12:37:27.978+0000] {processor.py:830} INFO - Processing file /home/airflow/.local/lib/python3.8/site-packages/airflow/example_dags/example_trigger_target_dag.py for tasks to queue
[2024-07-26T12:37:27.981+0000] {logging_mixin.py:188} INFO - [2024-07-26T12:37:27.980+0000] {dagbag.py:538} INFO - Filling up the DagBag from /home/airflow/.local/lib/python3.8/site-packages/airflow/example_dags/example_trigger_target_dag.py
[2024-07-26T12:37:27.987+0000] {processor.py:840} INFO - DAG(s) 'example_trigger_target_dag' retrieved from /home/airflow/.local/lib/python3.8/site-packages/airflow/example_dags/example_trigger_target_dag.py
[2024-07-26T12:37:28.011+0000] {logging_mixin.py:188} INFO - [2024-07-26T12:37:28.010+0000] {dag.py:3036} INFO - Sync 1 DAGs
[2024-07-26T12:37:28.028+0000] {logging_mixin.py:188} INFO - [2024-07-26T12:37:28.028+0000] {dag.py:3823} INFO - Setting next_dagrun for example_trigger_target_dag to None, run_after=None
[2024-07-26T12:37:28.050+0000] {processor.py:183} INFO - Processing /home/airflow/.local/lib/python3.8/site-packages/airflow/example_dags/example_trigger_target_dag.py took 0.077 seconds
[2024-07-26T12:38:52.293+0000] {processor.py:161} INFO - Started process (PID=101) to work on /home/airflow/.local/lib/python3.8/site-packages/airflow/example_dags/example_trigger_target_dag.py
[2024-07-26T12:38:52.295+0000] {processor.py:830} INFO - Processing file /home/airflow/.local/lib/python3.8/site-packages/airflow/example_dags/example_trigger_target_dag.py for tasks to queue
[2024-07-26T12:38:52.297+0000] {logging_mixin.py:188} INFO - [2024-07-26T12:38:52.296+0000] {dagbag.py:538} INFO - Filling up the DagBag from /home/airflow/.local/lib/python3.8/site-packages/airflow/example_dags/example_trigger_target_dag.py
[2024-07-26T12:38:52.311+0000] {processor.py:840} INFO - DAG(s) 'example_trigger_target_dag' retrieved from /home/airflow/.local/lib/python3.8/site-packages/airflow/example_dags/example_trigger_target_dag.py
[2024-07-26T12:38:52.327+0000] {logging_mixin.py:188} INFO - [2024-07-26T12:38:52.327+0000] {dag.py:3036} INFO - Sync 1 DAGs
[2024-07-26T12:38:52.348+0000] {logging_mixin.py:188} INFO - [2024-07-26T12:38:52.348+0000] {dag.py:3823} INFO - Setting next_dagrun for example_trigger_target_dag to None, run_after=None
[2024-07-26T12:38:52.376+0000] {processor.py:183} INFO - Processing /home/airflow/.local/lib/python3.8/site-packages/airflow/example_dags/example_trigger_target_dag.py took 0.087 seconds
[2024-07-26T12:39:23.776+0000] {processor.py:161} INFO - Started process (PID=165) to work on /home/airflow/.local/lib/python3.8/site-packages/airflow/example_dags/example_trigger_target_dag.py
[2024-07-26T12:39:23.777+0000] {processor.py:830} INFO - Processing file /home/airflow/.local/lib/python3.8/site-packages/airflow/example_dags/example_trigger_target_dag.py for tasks to queue
[2024-07-26T12:39:23.780+0000] {logging_mixin.py:188} INFO - [2024-07-26T12:39:23.779+0000] {dagbag.py:538} INFO - Filling up the DagBag from /home/airflow/.local/lib/python3.8/site-packages/airflow/example_dags/example_trigger_target_dag.py
[2024-07-26T12:39:23.786+0000] {processor.py:840} INFO - DAG(s) 'example_trigger_target_dag' retrieved from /home/airflow/.local/lib/python3.8/site-packages/airflow/example_dags/example_trigger_target_dag.py
[2024-07-26T12:39:23.927+0000] {logging_mixin.py:188} INFO - [2024-07-26T12:39:23.927+0000] {dag.py:3036} INFO - Sync 1 DAGs
[2024-07-26T12:39:23.941+0000] {logging_mixin.py:188} INFO - [2024-07-26T12:39:23.941+0000] {dag.py:3823} INFO - Setting next_dagrun for example_trigger_target_dag to None, run_after=None
[2024-07-26T12:39:23.975+0000] {processor.py:183} INFO - Processing /home/airflow/.local/lib/python3.8/site-packages/airflow/example_dags/example_trigger_target_dag.py took 0.202 seconds
[2024-07-26T12:43:18.597+0000] {processor.py:161} INFO - Started process (PID=112) to work on /home/airflow/.local/lib/python3.8/site-packages/airflow/example_dags/example_trigger_target_dag.py
[2024-07-26T12:43:18.598+0000] {processor.py:830} INFO - Processing file /home/airflow/.local/lib/python3.8/site-packages/airflow/example_dags/example_trigger_target_dag.py for tasks to queue
[2024-07-26T12:43:18.600+0000] {logging_mixin.py:188} INFO - [2024-07-26T12:43:18.599+0000] {dagbag.py:538} INFO - Filling up the DagBag from /home/airflow/.local/lib/python3.8/site-packages/airflow/example_dags/example_trigger_target_dag.py
[2024-07-26T12:43:18.610+0000] {processor.py:840} INFO - DAG(s) 'example_trigger_target_dag' retrieved from /home/airflow/.local/lib/python3.8/site-packages/airflow/example_dags/example_trigger_target_dag.py
[2024-07-26T12:43:18.742+0000] {logging_mixin.py:188} INFO - [2024-07-26T12:43:18.742+0000] {dag.py:3036} INFO - Sync 1 DAGs
[2024-07-26T12:43:18.758+0000] {logging_mixin.py:188} INFO - [2024-07-26T12:43:18.758+0000] {dag.py:3823} INFO - Setting next_dagrun for example_trigger_target_dag to None, run_after=None
[2024-07-26T12:43:18.782+0000] {processor.py:183} INFO - Processing /home/airflow/.local/lib/python3.8/site-packages/airflow/example_dags/example_trigger_target_dag.py took 0.189 seconds
[2024-07-26T12:43:48.934+0000] {processor.py:161} INFO - Started process (PID=176) to work on /home/airflow/.local/lib/python3.8/site-packages/airflow/example_dags/example_trigger_target_dag.py
[2024-07-26T12:43:48.935+0000] {processor.py:830} INFO - Processing file /home/airflow/.local/lib/python3.8/site-packages/airflow/example_dags/example_trigger_target_dag.py for tasks to queue
[2024-07-26T12:43:48.937+0000] {logging_mixin.py:188} INFO - [2024-07-26T12:43:48.937+0000] {dagbag.py:538} INFO - Filling up the DagBag from /home/airflow/.local/lib/python3.8/site-packages/airflow/example_dags/example_trigger_target_dag.py
[2024-07-26T12:43:48.943+0000] {processor.py:840} INFO - DAG(s) 'example_trigger_target_dag' retrieved from /home/airflow/.local/lib/python3.8/site-packages/airflow/example_dags/example_trigger_target_dag.py
[2024-07-26T12:43:48.963+0000] {logging_mixin.py:188} INFO - [2024-07-26T12:43:48.963+0000] {dag.py:3036} INFO - Sync 1 DAGs
[2024-07-26T12:43:48.976+0000] {logging_mixin.py:188} INFO - [2024-07-26T12:43:48.976+0000] {dag.py:3823} INFO - Setting next_dagrun for example_trigger_target_dag to None, run_after=None
[2024-07-26T12:43:48.996+0000] {processor.py:183} INFO - Processing /home/airflow/.local/lib/python3.8/site-packages/airflow/example_dags/example_trigger_target_dag.py took 0.065 seconds
[2024-07-26T12:44:20.150+0000] {processor.py:161} INFO - Started process (PID=240) to work on /home/airflow/.local/lib/python3.8/site-packages/airflow/example_dags/example_trigger_target_dag.py
[2024-07-26T12:44:20.152+0000] {processor.py:830} INFO - Processing file /home/airflow/.local/lib/python3.8/site-packages/airflow/example_dags/example_trigger_target_dag.py for tasks to queue
[2024-07-26T12:44:20.154+0000] {logging_mixin.py:188} INFO - [2024-07-26T12:44:20.153+0000] {dagbag.py:538} INFO - Filling up the DagBag from /home/airflow/.local/lib/python3.8/site-packages/airflow/example_dags/example_trigger_target_dag.py
[2024-07-26T12:44:20.161+0000] {processor.py:840} INFO - DAG(s) 'example_trigger_target_dag' retrieved from /home/airflow/.local/lib/python3.8/site-packages/airflow/example_dags/example_trigger_target_dag.py
[2024-07-26T12:44:20.187+0000] {logging_mixin.py:188} INFO - [2024-07-26T12:44:20.187+0000] {dag.py:3036} INFO - Sync 1 DAGs
[2024-07-26T12:44:20.205+0000] {logging_mixin.py:188} INFO - [2024-07-26T12:44:20.204+0000] {dag.py:3823} INFO - Setting next_dagrun for example_trigger_target_dag to None, run_after=None
[2024-07-26T12:44:20.228+0000] {processor.py:183} INFO - Processing /home/airflow/.local/lib/python3.8/site-packages/airflow/example_dags/example_trigger_target_dag.py took 0.081 seconds
[2024-07-26T12:49:46.194+0000] {processor.py:161} INFO - Started process (PID=106) to work on /home/airflow/.local/lib/python3.8/site-packages/airflow/example_dags/example_trigger_target_dag.py
[2024-07-26T12:49:46.195+0000] {processor.py:830} INFO - Processing file /home/airflow/.local/lib/python3.8/site-packages/airflow/example_dags/example_trigger_target_dag.py for tasks to queue
[2024-07-26T12:49:46.197+0000] {logging_mixin.py:188} INFO - [2024-07-26T12:49:46.197+0000] {dagbag.py:538} INFO - Filling up the DagBag from /home/airflow/.local/lib/python3.8/site-packages/airflow/example_dags/example_trigger_target_dag.py
[2024-07-26T12:49:46.207+0000] {processor.py:840} INFO - DAG(s) 'example_trigger_target_dag' retrieved from /home/airflow/.local/lib/python3.8/site-packages/airflow/example_dags/example_trigger_target_dag.py
[2024-07-26T12:49:46.346+0000] {logging_mixin.py:188} INFO - [2024-07-26T12:49:46.346+0000] {dag.py:3036} INFO - Sync 1 DAGs
[2024-07-26T12:49:46.362+0000] {logging_mixin.py:188} INFO - [2024-07-26T12:49:46.361+0000] {dag.py:3823} INFO - Setting next_dagrun for example_trigger_target_dag to None, run_after=None
[2024-07-26T12:49:46.384+0000] {processor.py:183} INFO - Processing /home/airflow/.local/lib/python3.8/site-packages/airflow/example_dags/example_trigger_target_dag.py took 0.194 seconds
[2024-07-26T12:50:17.101+0000] {processor.py:161} INFO - Started process (PID=170) to work on /home/airflow/.local/lib/python3.8/site-packages/airflow/example_dags/example_trigger_target_dag.py
[2024-07-26T12:50:17.102+0000] {processor.py:830} INFO - Processing file /home/airflow/.local/lib/python3.8/site-packages/airflow/example_dags/example_trigger_target_dag.py for tasks to queue
[2024-07-26T12:50:17.104+0000] {logging_mixin.py:188} INFO - [2024-07-26T12:50:17.104+0000] {dagbag.py:538} INFO - Filling up the DagBag from /home/airflow/.local/lib/python3.8/site-packages/airflow/example_dags/example_trigger_target_dag.py
[2024-07-26T12:50:17.110+0000] {processor.py:840} INFO - DAG(s) 'example_trigger_target_dag' retrieved from /home/airflow/.local/lib/python3.8/site-packages/airflow/example_dags/example_trigger_target_dag.py
[2024-07-26T12:50:17.135+0000] {logging_mixin.py:188} INFO - [2024-07-26T12:50:17.135+0000] {dag.py:3036} INFO - Sync 1 DAGs
[2024-07-26T12:50:17.149+0000] {logging_mixin.py:188} INFO - [2024-07-26T12:50:17.148+0000] {dag.py:3823} INFO - Setting next_dagrun for example_trigger_target_dag to None, run_after=None
[2024-07-26T12:50:17.169+0000] {processor.py:183} INFO - Processing /home/airflow/.local/lib/python3.8/site-packages/airflow/example_dags/example_trigger_target_dag.py took 0.072 seconds
[2024-07-26T12:50:48.116+0000] {processor.py:161} INFO - Started process (PID=234) to work on /home/airflow/.local/lib/python3.8/site-packages/airflow/example_dags/example_trigger_target_dag.py
[2024-07-26T12:50:48.118+0000] {processor.py:830} INFO - Processing file /home/airflow/.local/lib/python3.8/site-packages/airflow/example_dags/example_trigger_target_dag.py for tasks to queue
[2024-07-26T12:50:48.122+0000] {logging_mixin.py:188} INFO - [2024-07-26T12:50:48.122+0000] {dagbag.py:538} INFO - Filling up the DagBag from /home/airflow/.local/lib/python3.8/site-packages/airflow/example_dags/example_trigger_target_dag.py
[2024-07-26T12:50:48.130+0000] {processor.py:840} INFO - DAG(s) 'example_trigger_target_dag' retrieved from /home/airflow/.local/lib/python3.8/site-packages/airflow/example_dags/example_trigger_target_dag.py
[2024-07-26T12:50:48.163+0000] {logging_mixin.py:188} INFO - [2024-07-26T12:50:48.163+0000] {dag.py:3036} INFO - Sync 1 DAGs
[2024-07-26T12:50:48.184+0000] {logging_mixin.py:188} INFO - [2024-07-26T12:50:48.183+0000] {dag.py:3823} INFO - Setting next_dagrun for example_trigger_target_dag to None, run_after=None
[2024-07-26T12:50:48.202+0000] {processor.py:183} INFO - Processing /home/airflow/.local/lib/python3.8/site-packages/airflow/example_dags/example_trigger_target_dag.py took 0.092 seconds
[2024-07-26T12:51:18.249+0000] {processor.py:161} INFO - Started process (PID=289) to work on /home/airflow/.local/lib/python3.8/site-packages/airflow/example_dags/example_trigger_target_dag.py
[2024-07-26T12:51:18.250+0000] {processor.py:830} INFO - Processing file /home/airflow/.local/lib/python3.8/site-packages/airflow/example_dags/example_trigger_target_dag.py for tasks to queue
[2024-07-26T12:51:18.252+0000] {logging_mixin.py:188} INFO - [2024-07-26T12:51:18.252+0000] {dagbag.py:538} INFO - Filling up the DagBag from /home/airflow/.local/lib/python3.8/site-packages/airflow/example_dags/example_trigger_target_dag.py
[2024-07-26T12:51:18.258+0000] {processor.py:840} INFO - DAG(s) 'example_trigger_target_dag' retrieved from /home/airflow/.local/lib/python3.8/site-packages/airflow/example_dags/example_trigger_target_dag.py
[2024-07-26T12:51:18.282+0000] {logging_mixin.py:188} INFO - [2024-07-26T12:51:18.282+0000] {dag.py:3036} INFO - Sync 1 DAGs
[2024-07-26T12:51:18.297+0000] {logging_mixin.py:188} INFO - [2024-07-26T12:51:18.296+0000] {dag.py:3823} INFO - Setting next_dagrun for example_trigger_target_dag to None, run_after=None
[2024-07-26T12:51:18.319+0000] {processor.py:183} INFO - Processing /home/airflow/.local/lib/python3.8/site-packages/airflow/example_dags/example_trigger_target_dag.py took 0.073 seconds
[2024-07-26T12:51:48.402+0000] {processor.py:161} INFO - Started process (PID=353) to work on /home/airflow/.local/lib/python3.8/site-packages/airflow/example_dags/example_trigger_target_dag.py
[2024-07-26T12:51:48.403+0000] {processor.py:830} INFO - Processing file /home/airflow/.local/lib/python3.8/site-packages/airflow/example_dags/example_trigger_target_dag.py for tasks to queue
[2024-07-26T12:51:48.405+0000] {logging_mixin.py:188} INFO - [2024-07-26T12:51:48.405+0000] {dagbag.py:538} INFO - Filling up the DagBag from /home/airflow/.local/lib/python3.8/site-packages/airflow/example_dags/example_trigger_target_dag.py
[2024-07-26T12:51:48.411+0000] {processor.py:840} INFO - DAG(s) 'example_trigger_target_dag' retrieved from /home/airflow/.local/lib/python3.8/site-packages/airflow/example_dags/example_trigger_target_dag.py
[2024-07-26T12:51:48.437+0000] {logging_mixin.py:188} INFO - [2024-07-26T12:51:48.436+0000] {dag.py:3036} INFO - Sync 1 DAGs
[2024-07-26T12:51:48.451+0000] {logging_mixin.py:188} INFO - [2024-07-26T12:51:48.450+0000] {dag.py:3823} INFO - Setting next_dagrun for example_trigger_target_dag to None, run_after=None
[2024-07-26T12:51:48.473+0000] {processor.py:183} INFO - Processing /home/airflow/.local/lib/python3.8/site-packages/airflow/example_dags/example_trigger_target_dag.py took 0.073 seconds
[2024-07-26T12:52:19.140+0000] {processor.py:161} INFO - Started process (PID=417) to work on /home/airflow/.local/lib/python3.8/site-packages/airflow/example_dags/example_trigger_target_dag.py
[2024-07-26T12:52:19.141+0000] {processor.py:830} INFO - Processing file /home/airflow/.local/lib/python3.8/site-packages/airflow/example_dags/example_trigger_target_dag.py for tasks to queue
[2024-07-26T12:52:19.143+0000] {logging_mixin.py:188} INFO - [2024-07-26T12:52:19.143+0000] {dagbag.py:538} INFO - Filling up the DagBag from /home/airflow/.local/lib/python3.8/site-packages/airflow/example_dags/example_trigger_target_dag.py
[2024-07-26T12:52:19.149+0000] {processor.py:840} INFO - DAG(s) 'example_trigger_target_dag' retrieved from /home/airflow/.local/lib/python3.8/site-packages/airflow/example_dags/example_trigger_target_dag.py
[2024-07-26T12:52:19.171+0000] {logging_mixin.py:188} INFO - [2024-07-26T12:52:19.170+0000] {dag.py:3036} INFO - Sync 1 DAGs
[2024-07-26T12:52:19.185+0000] {logging_mixin.py:188} INFO - [2024-07-26T12:52:19.185+0000] {dag.py:3823} INFO - Setting next_dagrun for example_trigger_target_dag to None, run_after=None
[2024-07-26T12:52:19.206+0000] {processor.py:183} INFO - Processing /home/airflow/.local/lib/python3.8/site-packages/airflow/example_dags/example_trigger_target_dag.py took 0.069 seconds
[2024-07-26T12:52:49.612+0000] {processor.py:161} INFO - Started process (PID=481) to work on /home/airflow/.local/lib/python3.8/site-packages/airflow/example_dags/example_trigger_target_dag.py
[2024-07-26T12:52:49.613+0000] {processor.py:830} INFO - Processing file /home/airflow/.local/lib/python3.8/site-packages/airflow/example_dags/example_trigger_target_dag.py for tasks to queue
[2024-07-26T12:52:49.615+0000] {logging_mixin.py:188} INFO - [2024-07-26T12:52:49.615+0000] {dagbag.py:538} INFO - Filling up the DagBag from /home/airflow/.local/lib/python3.8/site-packages/airflow/example_dags/example_trigger_target_dag.py
[2024-07-26T12:52:49.621+0000] {processor.py:840} INFO - DAG(s) 'example_trigger_target_dag' retrieved from /home/airflow/.local/lib/python3.8/site-packages/airflow/example_dags/example_trigger_target_dag.py
[2024-07-26T12:52:49.641+0000] {logging_mixin.py:188} INFO - [2024-07-26T12:52:49.641+0000] {dag.py:3036} INFO - Sync 1 DAGs
[2024-07-26T12:52:49.654+0000] {logging_mixin.py:188} INFO - [2024-07-26T12:52:49.654+0000] {dag.py:3823} INFO - Setting next_dagrun for example_trigger_target_dag to None, run_after=None
[2024-07-26T12:52:49.676+0000] {processor.py:183} INFO - Processing /home/airflow/.local/lib/python3.8/site-packages/airflow/example_dags/example_trigger_target_dag.py took 0.067 seconds
[2024-07-26T12:53:20.282+0000] {processor.py:161} INFO - Started process (PID=545) to work on /home/airflow/.local/lib/python3.8/site-packages/airflow/example_dags/example_trigger_target_dag.py
[2024-07-26T12:53:20.284+0000] {processor.py:830} INFO - Processing file /home/airflow/.local/lib/python3.8/site-packages/airflow/example_dags/example_trigger_target_dag.py for tasks to queue
[2024-07-26T12:53:20.286+0000] {logging_mixin.py:188} INFO - [2024-07-26T12:53:20.286+0000] {dagbag.py:538} INFO - Filling up the DagBag from /home/airflow/.local/lib/python3.8/site-packages/airflow/example_dags/example_trigger_target_dag.py
[2024-07-26T12:53:20.291+0000] {processor.py:840} INFO - DAG(s) 'example_trigger_target_dag' retrieved from /home/airflow/.local/lib/python3.8/site-packages/airflow/example_dags/example_trigger_target_dag.py
[2024-07-26T12:53:20.311+0000] {logging_mixin.py:188} INFO - [2024-07-26T12:53:20.311+0000] {dag.py:3036} INFO - Sync 1 DAGs
[2024-07-26T12:53:20.324+0000] {logging_mixin.py:188} INFO - [2024-07-26T12:53:20.324+0000] {dag.py:3823} INFO - Setting next_dagrun for example_trigger_target_dag to None, run_after=None
[2024-07-26T12:53:20.343+0000] {processor.py:183} INFO - Processing /home/airflow/.local/lib/python3.8/site-packages/airflow/example_dags/example_trigger_target_dag.py took 0.064 seconds
[2024-07-26T12:53:50.516+0000] {processor.py:161} INFO - Started process (PID=609) to work on /home/airflow/.local/lib/python3.8/site-packages/airflow/example_dags/example_trigger_target_dag.py
[2024-07-26T12:53:50.518+0000] {processor.py:830} INFO - Processing file /home/airflow/.local/lib/python3.8/site-packages/airflow/example_dags/example_trigger_target_dag.py for tasks to queue
[2024-07-26T12:53:50.520+0000] {logging_mixin.py:188} INFO - [2024-07-26T12:53:50.519+0000] {dagbag.py:538} INFO - Filling up the DagBag from /home/airflow/.local/lib/python3.8/site-packages/airflow/example_dags/example_trigger_target_dag.py
[2024-07-26T12:53:50.525+0000] {processor.py:840} INFO - DAG(s) 'example_trigger_target_dag' retrieved from /home/airflow/.local/lib/python3.8/site-packages/airflow/example_dags/example_trigger_target_dag.py
[2024-07-26T12:53:50.545+0000] {logging_mixin.py:188} INFO - [2024-07-26T12:53:50.545+0000] {dag.py:3036} INFO - Sync 1 DAGs
[2024-07-26T12:53:50.557+0000] {logging_mixin.py:188} INFO - [2024-07-26T12:53:50.557+0000] {dag.py:3823} INFO - Setting next_dagrun for example_trigger_target_dag to None, run_after=None
[2024-07-26T12:53:50.580+0000] {processor.py:183} INFO - Processing /home/airflow/.local/lib/python3.8/site-packages/airflow/example_dags/example_trigger_target_dag.py took 0.067 seconds
[2024-07-26T12:54:21.004+0000] {processor.py:161} INFO - Started process (PID=673) to work on /home/airflow/.local/lib/python3.8/site-packages/airflow/example_dags/example_trigger_target_dag.py
[2024-07-26T12:54:21.005+0000] {processor.py:830} INFO - Processing file /home/airflow/.local/lib/python3.8/site-packages/airflow/example_dags/example_trigger_target_dag.py for tasks to queue
[2024-07-26T12:54:21.008+0000] {logging_mixin.py:188} INFO - [2024-07-26T12:54:21.008+0000] {dagbag.py:538} INFO - Filling up the DagBag from /home/airflow/.local/lib/python3.8/site-packages/airflow/example_dags/example_trigger_target_dag.py
[2024-07-26T12:54:21.017+0000] {processor.py:840} INFO - DAG(s) 'example_trigger_target_dag' retrieved from /home/airflow/.local/lib/python3.8/site-packages/airflow/example_dags/example_trigger_target_dag.py
[2024-07-26T12:54:21.048+0000] {logging_mixin.py:188} INFO - [2024-07-26T12:54:21.048+0000] {dag.py:3036} INFO - Sync 1 DAGs
[2024-07-26T12:54:21.067+0000] {logging_mixin.py:188} INFO - [2024-07-26T12:54:21.067+0000] {dag.py:3823} INFO - Setting next_dagrun for example_trigger_target_dag to None, run_after=None
[2024-07-26T12:54:21.087+0000] {processor.py:183} INFO - Processing /home/airflow/.local/lib/python3.8/site-packages/airflow/example_dags/example_trigger_target_dag.py took 0.088 seconds
[2024-07-26T12:54:51.272+0000] {processor.py:161} INFO - Started process (PID=737) to work on /home/airflow/.local/lib/python3.8/site-packages/airflow/example_dags/example_trigger_target_dag.py
[2024-07-26T12:54:51.273+0000] {processor.py:830} INFO - Processing file /home/airflow/.local/lib/python3.8/site-packages/airflow/example_dags/example_trigger_target_dag.py for tasks to queue
[2024-07-26T12:54:51.275+0000] {logging_mixin.py:188} INFO - [2024-07-26T12:54:51.274+0000] {dagbag.py:538} INFO - Filling up the DagBag from /home/airflow/.local/lib/python3.8/site-packages/airflow/example_dags/example_trigger_target_dag.py
[2024-07-26T12:54:51.280+0000] {processor.py:840} INFO - DAG(s) 'example_trigger_target_dag' retrieved from /home/airflow/.local/lib/python3.8/site-packages/airflow/example_dags/example_trigger_target_dag.py
[2024-07-26T12:54:51.300+0000] {logging_mixin.py:188} INFO - [2024-07-26T12:54:51.300+0000] {dag.py:3036} INFO - Sync 1 DAGs
[2024-07-26T12:54:51.315+0000] {logging_mixin.py:188} INFO - [2024-07-26T12:54:51.315+0000] {dag.py:3823} INFO - Setting next_dagrun for example_trigger_target_dag to None, run_after=None
[2024-07-26T12:54:51.337+0000] {processor.py:183} INFO - Processing /home/airflow/.local/lib/python3.8/site-packages/airflow/example_dags/example_trigger_target_dag.py took 0.069 seconds
[2024-07-26T12:55:21.867+0000] {processor.py:161} INFO - Started process (PID=801) to work on /home/airflow/.local/lib/python3.8/site-packages/airflow/example_dags/example_trigger_target_dag.py
[2024-07-26T12:55:21.869+0000] {processor.py:830} INFO - Processing file /home/airflow/.local/lib/python3.8/site-packages/airflow/example_dags/example_trigger_target_dag.py for tasks to queue
[2024-07-26T12:55:21.871+0000] {logging_mixin.py:188} INFO - [2024-07-26T12:55:21.870+0000] {dagbag.py:538} INFO - Filling up the DagBag from /home/airflow/.local/lib/python3.8/site-packages/airflow/example_dags/example_trigger_target_dag.py
[2024-07-26T12:55:21.877+0000] {processor.py:840} INFO - DAG(s) 'example_trigger_target_dag' retrieved from /home/airflow/.local/lib/python3.8/site-packages/airflow/example_dags/example_trigger_target_dag.py
[2024-07-26T12:55:21.902+0000] {logging_mixin.py:188} INFO - [2024-07-26T12:55:21.901+0000] {dag.py:3036} INFO - Sync 1 DAGs
[2024-07-26T12:55:21.916+0000] {logging_mixin.py:188} INFO - [2024-07-26T12:55:21.916+0000] {dag.py:3823} INFO - Setting next_dagrun for example_trigger_target_dag to None, run_after=None
[2024-07-26T12:55:21.938+0000] {processor.py:183} INFO - Processing /home/airflow/.local/lib/python3.8/site-packages/airflow/example_dags/example_trigger_target_dag.py took 0.075 seconds
[2024-07-26T12:55:52.787+0000] {processor.py:161} INFO - Started process (PID=865) to work on /home/airflow/.local/lib/python3.8/site-packages/airflow/example_dags/example_trigger_target_dag.py
[2024-07-26T12:55:52.788+0000] {processor.py:830} INFO - Processing file /home/airflow/.local/lib/python3.8/site-packages/airflow/example_dags/example_trigger_target_dag.py for tasks to queue
[2024-07-26T12:55:52.791+0000] {logging_mixin.py:188} INFO - [2024-07-26T12:55:52.790+0000] {dagbag.py:538} INFO - Filling up the DagBag from /home/airflow/.local/lib/python3.8/site-packages/airflow/example_dags/example_trigger_target_dag.py
[2024-07-26T12:55:52.798+0000] {processor.py:840} INFO - DAG(s) 'example_trigger_target_dag' retrieved from /home/airflow/.local/lib/python3.8/site-packages/airflow/example_dags/example_trigger_target_dag.py
[2024-07-26T12:55:52.824+0000] {logging_mixin.py:188} INFO - [2024-07-26T12:55:52.824+0000] {dag.py:3036} INFO - Sync 1 DAGs
[2024-07-26T12:55:52.842+0000] {logging_mixin.py:188} INFO - [2024-07-26T12:55:52.842+0000] {dag.py:3823} INFO - Setting next_dagrun for example_trigger_target_dag to None, run_after=None
[2024-07-26T12:55:52.867+0000] {processor.py:183} INFO - Processing /home/airflow/.local/lib/python3.8/site-packages/airflow/example_dags/example_trigger_target_dag.py took 0.083 seconds
[2024-07-26T12:56:23.575+0000] {processor.py:161} INFO - Started process (PID=929) to work on /home/airflow/.local/lib/python3.8/site-packages/airflow/example_dags/example_trigger_target_dag.py
[2024-07-26T12:56:23.576+0000] {processor.py:830} INFO - Processing file /home/airflow/.local/lib/python3.8/site-packages/airflow/example_dags/example_trigger_target_dag.py for tasks to queue
[2024-07-26T12:56:23.578+0000] {logging_mixin.py:188} INFO - [2024-07-26T12:56:23.578+0000] {dagbag.py:538} INFO - Filling up the DagBag from /home/airflow/.local/lib/python3.8/site-packages/airflow/example_dags/example_trigger_target_dag.py
[2024-07-26T12:56:23.585+0000] {processor.py:840} INFO - DAG(s) 'example_trigger_target_dag' retrieved from /home/airflow/.local/lib/python3.8/site-packages/airflow/example_dags/example_trigger_target_dag.py
[2024-07-26T12:56:23.605+0000] {logging_mixin.py:188} INFO - [2024-07-26T12:56:23.605+0000] {dag.py:3036} INFO - Sync 1 DAGs
[2024-07-26T12:56:23.618+0000] {logging_mixin.py:188} INFO - [2024-07-26T12:56:23.618+0000] {dag.py:3823} INFO - Setting next_dagrun for example_trigger_target_dag to None, run_after=None
[2024-07-26T12:56:23.637+0000] {processor.py:183} INFO - Processing /home/airflow/.local/lib/python3.8/site-packages/airflow/example_dags/example_trigger_target_dag.py took 0.066 seconds
[2024-07-26T12:56:54.109+0000] {processor.py:161} INFO - Started process (PID=993) to work on /home/airflow/.local/lib/python3.8/site-packages/airflow/example_dags/example_trigger_target_dag.py
[2024-07-26T12:56:54.110+0000] {processor.py:830} INFO - Processing file /home/airflow/.local/lib/python3.8/site-packages/airflow/example_dags/example_trigger_target_dag.py for tasks to queue
[2024-07-26T12:56:54.112+0000] {logging_mixin.py:188} INFO - [2024-07-26T12:56:54.111+0000] {dagbag.py:538} INFO - Filling up the DagBag from /home/airflow/.local/lib/python3.8/site-packages/airflow/example_dags/example_trigger_target_dag.py
[2024-07-26T12:56:54.118+0000] {processor.py:840} INFO - DAG(s) 'example_trigger_target_dag' retrieved from /home/airflow/.local/lib/python3.8/site-packages/airflow/example_dags/example_trigger_target_dag.py
[2024-07-26T12:56:54.138+0000] {logging_mixin.py:188} INFO - [2024-07-26T12:56:54.138+0000] {dag.py:3036} INFO - Sync 1 DAGs
[2024-07-26T12:56:54.153+0000] {logging_mixin.py:188} INFO - [2024-07-26T12:56:54.153+0000] {dag.py:3823} INFO - Setting next_dagrun for example_trigger_target_dag to None, run_after=None
[2024-07-26T12:56:54.175+0000] {processor.py:183} INFO - Processing /home/airflow/.local/lib/python3.8/site-packages/airflow/example_dags/example_trigger_target_dag.py took 0.070 seconds
[2024-07-26T12:57:24.601+0000] {processor.py:161} INFO - Started process (PID=1057) to work on /home/airflow/.local/lib/python3.8/site-packages/airflow/example_dags/example_trigger_target_dag.py
[2024-07-26T12:57:24.602+0000] {processor.py:830} INFO - Processing file /home/airflow/.local/lib/python3.8/site-packages/airflow/example_dags/example_trigger_target_dag.py for tasks to queue
[2024-07-26T12:57:24.604+0000] {logging_mixin.py:188} INFO - [2024-07-26T12:57:24.604+0000] {dagbag.py:538} INFO - Filling up the DagBag from /home/airflow/.local/lib/python3.8/site-packages/airflow/example_dags/example_trigger_target_dag.py
[2024-07-26T12:57:24.610+0000] {processor.py:840} INFO - DAG(s) 'example_trigger_target_dag' retrieved from /home/airflow/.local/lib/python3.8/site-packages/airflow/example_dags/example_trigger_target_dag.py
[2024-07-26T12:57:24.630+0000] {logging_mixin.py:188} INFO - [2024-07-26T12:57:24.630+0000] {dag.py:3036} INFO - Sync 1 DAGs
[2024-07-26T12:57:24.643+0000] {logging_mixin.py:188} INFO - [2024-07-26T12:57:24.643+0000] {dag.py:3823} INFO - Setting next_dagrun for example_trigger_target_dag to None, run_after=None
[2024-07-26T12:57:24.677+0000] {processor.py:183} INFO - Processing /home/airflow/.local/lib/python3.8/site-packages/airflow/example_dags/example_trigger_target_dag.py took 0.079 seconds
[2024-07-26T12:57:55.090+0000] {processor.py:161} INFO - Started process (PID=1121) to work on /home/airflow/.local/lib/python3.8/site-packages/airflow/example_dags/example_trigger_target_dag.py
[2024-07-26T12:57:55.091+0000] {processor.py:830} INFO - Processing file /home/airflow/.local/lib/python3.8/site-packages/airflow/example_dags/example_trigger_target_dag.py for tasks to queue
[2024-07-26T12:57:55.093+0000] {logging_mixin.py:188} INFO - [2024-07-26T12:57:55.092+0000] {dagbag.py:538} INFO - Filling up the DagBag from /home/airflow/.local/lib/python3.8/site-packages/airflow/example_dags/example_trigger_target_dag.py
[2024-07-26T12:57:55.099+0000] {processor.py:840} INFO - DAG(s) 'example_trigger_target_dag' retrieved from /home/airflow/.local/lib/python3.8/site-packages/airflow/example_dags/example_trigger_target_dag.py
[2024-07-26T12:57:55.118+0000] {logging_mixin.py:188} INFO - [2024-07-26T12:57:55.118+0000] {dag.py:3036} INFO - Sync 1 DAGs
[2024-07-26T12:57:55.132+0000] {logging_mixin.py:188} INFO - [2024-07-26T12:57:55.131+0000] {dag.py:3823} INFO - Setting next_dagrun for example_trigger_target_dag to None, run_after=None
[2024-07-26T12:57:55.152+0000] {processor.py:183} INFO - Processing /home/airflow/.local/lib/python3.8/site-packages/airflow/example_dags/example_trigger_target_dag.py took 0.066 seconds
[2024-07-26T12:58:25.510+0000] {processor.py:161} INFO - Started process (PID=1185) to work on /home/airflow/.local/lib/python3.8/site-packages/airflow/example_dags/example_trigger_target_dag.py
[2024-07-26T12:58:25.511+0000] {processor.py:830} INFO - Processing file /home/airflow/.local/lib/python3.8/site-packages/airflow/example_dags/example_trigger_target_dag.py for tasks to queue
[2024-07-26T12:58:25.513+0000] {logging_mixin.py:188} INFO - [2024-07-26T12:58:25.513+0000] {dagbag.py:538} INFO - Filling up the DagBag from /home/airflow/.local/lib/python3.8/site-packages/airflow/example_dags/example_trigger_target_dag.py
[2024-07-26T12:58:25.521+0000] {processor.py:840} INFO - DAG(s) 'example_trigger_target_dag' retrieved from /home/airflow/.local/lib/python3.8/site-packages/airflow/example_dags/example_trigger_target_dag.py
[2024-07-26T12:58:25.542+0000] {logging_mixin.py:188} INFO - [2024-07-26T12:58:25.542+0000] {dag.py:3036} INFO - Sync 1 DAGs
[2024-07-26T12:58:25.557+0000] {logging_mixin.py:188} INFO - [2024-07-26T12:58:25.556+0000] {dag.py:3823} INFO - Setting next_dagrun for example_trigger_target_dag to None, run_after=None
[2024-07-26T12:58:25.578+0000] {processor.py:183} INFO - Processing /home/airflow/.local/lib/python3.8/site-packages/airflow/example_dags/example_trigger_target_dag.py took 0.072 seconds
[2024-07-26T12:58:56.680+0000] {processor.py:161} INFO - Started process (PID=1249) to work on /home/airflow/.local/lib/python3.8/site-packages/airflow/example_dags/example_trigger_target_dag.py
[2024-07-26T12:58:56.681+0000] {processor.py:830} INFO - Processing file /home/airflow/.local/lib/python3.8/site-packages/airflow/example_dags/example_trigger_target_dag.py for tasks to queue
[2024-07-26T12:58:56.683+0000] {logging_mixin.py:188} INFO - [2024-07-26T12:58:56.683+0000] {dagbag.py:538} INFO - Filling up the DagBag from /home/airflow/.local/lib/python3.8/site-packages/airflow/example_dags/example_trigger_target_dag.py
[2024-07-26T12:58:56.691+0000] {processor.py:840} INFO - DAG(s) 'example_trigger_target_dag' retrieved from /home/airflow/.local/lib/python3.8/site-packages/airflow/example_dags/example_trigger_target_dag.py
[2024-07-26T12:58:56.715+0000] {logging_mixin.py:188} INFO - [2024-07-26T12:58:56.715+0000] {dag.py:3036} INFO - Sync 1 DAGs
[2024-07-26T12:58:56.730+0000] {logging_mixin.py:188} INFO - [2024-07-26T12:58:56.730+0000] {dag.py:3823} INFO - Setting next_dagrun for example_trigger_target_dag to None, run_after=None
[2024-07-26T12:58:56.752+0000] {processor.py:183} INFO - Processing /home/airflow/.local/lib/python3.8/site-packages/airflow/example_dags/example_trigger_target_dag.py took 0.075 seconds
