[2024-07-26T12:15:26.656+0000] {processor.py:161} INFO - Started process (PID=107) to work on /home/airflow/.local/lib/python3.8/site-packages/airflow/example_dags/example_kubernetes_executor.py
[2024-07-26T12:15:26.657+0000] {processor.py:830} INFO - Processing file /home/airflow/.local/lib/python3.8/site-packages/airflow/example_dags/example_kubernetes_executor.py for tasks to queue
[2024-07-26T12:15:26.659+0000] {logging_mixin.py:188} INFO - [2024-07-26T12:15:26.659+0000] {dagbag.py:538} INFO - Filling up the DagBag from /home/airflow/.local/lib/python3.8/site-packages/airflow/example_dags/example_kubernetes_executor.py
[2024-07-26T12:15:26.682+0000] {processor.py:840} INFO - DAG(s) 'example_kubernetes_executor' retrieved from /home/airflow/.local/lib/python3.8/site-packages/airflow/example_dags/example_kubernetes_executor.py
[2024-07-26T12:15:26.911+0000] {logging_mixin.py:188} INFO - [2024-07-26T12:15:26.910+0000] {dag.py:3036} INFO - Sync 1 DAGs
[2024-07-26T12:15:26.935+0000] {logging_mixin.py:188} INFO - [2024-07-26T12:15:26.934+0000] {dag.py:3823} INFO - Setting next_dagrun for example_kubernetes_executor to None, run_after=None
[2024-07-26T12:15:26.973+0000] {processor.py:183} INFO - Processing /home/airflow/.local/lib/python3.8/site-packages/airflow/example_dags/example_kubernetes_executor.py took 0.321 seconds
[2024-07-26T12:15:57.108+0000] {processor.py:161} INFO - Started process (PID=171) to work on /home/airflow/.local/lib/python3.8/site-packages/airflow/example_dags/example_kubernetes_executor.py
[2024-07-26T12:15:57.110+0000] {processor.py:830} INFO - Processing file /home/airflow/.local/lib/python3.8/site-packages/airflow/example_dags/example_kubernetes_executor.py for tasks to queue
[2024-07-26T12:15:57.111+0000] {logging_mixin.py:188} INFO - [2024-07-26T12:15:57.111+0000] {dagbag.py:538} INFO - Filling up the DagBag from /home/airflow/.local/lib/python3.8/site-packages/airflow/example_dags/example_kubernetes_executor.py
[2024-07-26T12:15:57.127+0000] {processor.py:840} INFO - DAG(s) 'example_kubernetes_executor' retrieved from /home/airflow/.local/lib/python3.8/site-packages/airflow/example_dags/example_kubernetes_executor.py
[2024-07-26T12:15:57.168+0000] {logging_mixin.py:188} INFO - [2024-07-26T12:15:57.168+0000] {dag.py:3036} INFO - Sync 1 DAGs
[2024-07-26T12:15:57.181+0000] {logging_mixin.py:188} INFO - [2024-07-26T12:15:57.181+0000] {dag.py:3823} INFO - Setting next_dagrun for example_kubernetes_executor to None, run_after=None
[2024-07-26T12:15:57.200+0000] {processor.py:183} INFO - Processing /home/airflow/.local/lib/python3.8/site-packages/airflow/example_dags/example_kubernetes_executor.py took 0.095 seconds
[2024-07-26T12:16:27.975+0000] {processor.py:161} INFO - Started process (PID=235) to work on /home/airflow/.local/lib/python3.8/site-packages/airflow/example_dags/example_kubernetes_executor.py
[2024-07-26T12:16:27.976+0000] {processor.py:830} INFO - Processing file /home/airflow/.local/lib/python3.8/site-packages/airflow/example_dags/example_kubernetes_executor.py for tasks to queue
[2024-07-26T12:16:27.977+0000] {logging_mixin.py:188} INFO - [2024-07-26T12:16:27.977+0000] {dagbag.py:538} INFO - Filling up the DagBag from /home/airflow/.local/lib/python3.8/site-packages/airflow/example_dags/example_kubernetes_executor.py
[2024-07-26T12:16:27.991+0000] {processor.py:840} INFO - DAG(s) 'example_kubernetes_executor' retrieved from /home/airflow/.local/lib/python3.8/site-packages/airflow/example_dags/example_kubernetes_executor.py
[2024-07-26T12:16:28.037+0000] {logging_mixin.py:188} INFO - [2024-07-26T12:16:28.036+0000] {dag.py:3036} INFO - Sync 1 DAGs
[2024-07-26T12:16:28.052+0000] {logging_mixin.py:188} INFO - [2024-07-26T12:16:28.051+0000] {dag.py:3823} INFO - Setting next_dagrun for example_kubernetes_executor to None, run_after=None
[2024-07-26T12:16:28.071+0000] {processor.py:183} INFO - Processing /home/airflow/.local/lib/python3.8/site-packages/airflow/example_dags/example_kubernetes_executor.py took 0.100 seconds
[2024-07-26T12:16:59.042+0000] {processor.py:161} INFO - Started process (PID=292) to work on /home/airflow/.local/lib/python3.8/site-packages/airflow/example_dags/example_kubernetes_executor.py
[2024-07-26T12:16:59.044+0000] {processor.py:830} INFO - Processing file /home/airflow/.local/lib/python3.8/site-packages/airflow/example_dags/example_kubernetes_executor.py for tasks to queue
[2024-07-26T12:16:59.046+0000] {logging_mixin.py:188} INFO - [2024-07-26T12:16:59.046+0000] {dagbag.py:538} INFO - Filling up the DagBag from /home/airflow/.local/lib/python3.8/site-packages/airflow/example_dags/example_kubernetes_executor.py
[2024-07-26T12:16:59.068+0000] {processor.py:840} INFO - DAG(s) 'example_kubernetes_executor' retrieved from /home/airflow/.local/lib/python3.8/site-packages/airflow/example_dags/example_kubernetes_executor.py
[2024-07-26T12:16:59.118+0000] {logging_mixin.py:188} INFO - [2024-07-26T12:16:59.118+0000] {dag.py:3036} INFO - Sync 1 DAGs
[2024-07-26T12:16:59.135+0000] {logging_mixin.py:188} INFO - [2024-07-26T12:16:59.135+0000] {dag.py:3823} INFO - Setting next_dagrun for example_kubernetes_executor to None, run_after=None
[2024-07-26T12:16:59.161+0000] {processor.py:183} INFO - Processing /home/airflow/.local/lib/python3.8/site-packages/airflow/example_dags/example_kubernetes_executor.py took 0.122 seconds
[2024-07-26T12:17:29.426+0000] {processor.py:161} INFO - Started process (PID=354) to work on /home/airflow/.local/lib/python3.8/site-packages/airflow/example_dags/example_kubernetes_executor.py
[2024-07-26T12:17:29.427+0000] {processor.py:830} INFO - Processing file /home/airflow/.local/lib/python3.8/site-packages/airflow/example_dags/example_kubernetes_executor.py for tasks to queue
[2024-07-26T12:17:29.430+0000] {logging_mixin.py:188} INFO - [2024-07-26T12:17:29.429+0000] {dagbag.py:538} INFO - Filling up the DagBag from /home/airflow/.local/lib/python3.8/site-packages/airflow/example_dags/example_kubernetes_executor.py
[2024-07-26T12:17:29.448+0000] {processor.py:840} INFO - DAG(s) 'example_kubernetes_executor' retrieved from /home/airflow/.local/lib/python3.8/site-packages/airflow/example_dags/example_kubernetes_executor.py
[2024-07-26T12:17:29.494+0000] {logging_mixin.py:188} INFO - [2024-07-26T12:17:29.494+0000] {dag.py:3036} INFO - Sync 1 DAGs
[2024-07-26T12:17:29.508+0000] {logging_mixin.py:188} INFO - [2024-07-26T12:17:29.508+0000] {dag.py:3823} INFO - Setting next_dagrun for example_kubernetes_executor to None, run_after=None
[2024-07-26T12:17:29.531+0000] {processor.py:183} INFO - Processing /home/airflow/.local/lib/python3.8/site-packages/airflow/example_dags/example_kubernetes_executor.py took 0.109 seconds
[2024-07-26T12:17:59.657+0000] {processor.py:161} INFO - Started process (PID=418) to work on /home/airflow/.local/lib/python3.8/site-packages/airflow/example_dags/example_kubernetes_executor.py
[2024-07-26T12:17:59.658+0000] {processor.py:830} INFO - Processing file /home/airflow/.local/lib/python3.8/site-packages/airflow/example_dags/example_kubernetes_executor.py for tasks to queue
[2024-07-26T12:17:59.661+0000] {logging_mixin.py:188} INFO - [2024-07-26T12:17:59.661+0000] {dagbag.py:538} INFO - Filling up the DagBag from /home/airflow/.local/lib/python3.8/site-packages/airflow/example_dags/example_kubernetes_executor.py
[2024-07-26T12:17:59.678+0000] {processor.py:840} INFO - DAG(s) 'example_kubernetes_executor' retrieved from /home/airflow/.local/lib/python3.8/site-packages/airflow/example_dags/example_kubernetes_executor.py
[2024-07-26T12:17:59.721+0000] {logging_mixin.py:188} INFO - [2024-07-26T12:17:59.721+0000] {dag.py:3036} INFO - Sync 1 DAGs
[2024-07-26T12:17:59.733+0000] {logging_mixin.py:188} INFO - [2024-07-26T12:17:59.733+0000] {dag.py:3823} INFO - Setting next_dagrun for example_kubernetes_executor to None, run_after=None
[2024-07-26T12:17:59.753+0000] {processor.py:183} INFO - Processing /home/airflow/.local/lib/python3.8/site-packages/airflow/example_dags/example_kubernetes_executor.py took 0.100 seconds
[2024-07-26T12:18:30.487+0000] {processor.py:161} INFO - Started process (PID=482) to work on /home/airflow/.local/lib/python3.8/site-packages/airflow/example_dags/example_kubernetes_executor.py
[2024-07-26T12:18:30.488+0000] {processor.py:830} INFO - Processing file /home/airflow/.local/lib/python3.8/site-packages/airflow/example_dags/example_kubernetes_executor.py for tasks to queue
[2024-07-26T12:18:30.491+0000] {logging_mixin.py:188} INFO - [2024-07-26T12:18:30.490+0000] {dagbag.py:538} INFO - Filling up the DagBag from /home/airflow/.local/lib/python3.8/site-packages/airflow/example_dags/example_kubernetes_executor.py
[2024-07-26T12:18:30.509+0000] {processor.py:840} INFO - DAG(s) 'example_kubernetes_executor' retrieved from /home/airflow/.local/lib/python3.8/site-packages/airflow/example_dags/example_kubernetes_executor.py
[2024-07-26T12:18:30.551+0000] {logging_mixin.py:188} INFO - [2024-07-26T12:18:30.551+0000] {dag.py:3036} INFO - Sync 1 DAGs
[2024-07-26T12:18:30.565+0000] {logging_mixin.py:188} INFO - [2024-07-26T12:18:30.565+0000] {dag.py:3823} INFO - Setting next_dagrun for example_kubernetes_executor to None, run_after=None
[2024-07-26T12:18:30.587+0000] {processor.py:183} INFO - Processing /home/airflow/.local/lib/python3.8/site-packages/airflow/example_dags/example_kubernetes_executor.py took 0.104 seconds
[2024-07-26T12:19:00.834+0000] {processor.py:161} INFO - Started process (PID=546) to work on /home/airflow/.local/lib/python3.8/site-packages/airflow/example_dags/example_kubernetes_executor.py
[2024-07-26T12:19:00.836+0000] {processor.py:830} INFO - Processing file /home/airflow/.local/lib/python3.8/site-packages/airflow/example_dags/example_kubernetes_executor.py for tasks to queue
[2024-07-26T12:19:00.838+0000] {logging_mixin.py:188} INFO - [2024-07-26T12:19:00.838+0000] {dagbag.py:538} INFO - Filling up the DagBag from /home/airflow/.local/lib/python3.8/site-packages/airflow/example_dags/example_kubernetes_executor.py
[2024-07-26T12:19:00.855+0000] {processor.py:840} INFO - DAG(s) 'example_kubernetes_executor' retrieved from /home/airflow/.local/lib/python3.8/site-packages/airflow/example_dags/example_kubernetes_executor.py
[2024-07-26T12:19:00.899+0000] {logging_mixin.py:188} INFO - [2024-07-26T12:19:00.898+0000] {dag.py:3036} INFO - Sync 1 DAGs
[2024-07-26T12:19:00.912+0000] {logging_mixin.py:188} INFO - [2024-07-26T12:19:00.912+0000] {dag.py:3823} INFO - Setting next_dagrun for example_kubernetes_executor to None, run_after=None
[2024-07-26T12:19:00.934+0000] {processor.py:183} INFO - Processing /home/airflow/.local/lib/python3.8/site-packages/airflow/example_dags/example_kubernetes_executor.py took 0.103 seconds
[2024-07-26T12:19:31.190+0000] {processor.py:161} INFO - Started process (PID=611) to work on /home/airflow/.local/lib/python3.8/site-packages/airflow/example_dags/example_kubernetes_executor.py
[2024-07-26T12:19:31.191+0000] {processor.py:830} INFO - Processing file /home/airflow/.local/lib/python3.8/site-packages/airflow/example_dags/example_kubernetes_executor.py for tasks to queue
[2024-07-26T12:19:31.192+0000] {logging_mixin.py:188} INFO - [2024-07-26T12:19:31.192+0000] {dagbag.py:538} INFO - Filling up the DagBag from /home/airflow/.local/lib/python3.8/site-packages/airflow/example_dags/example_kubernetes_executor.py
[2024-07-26T12:19:31.207+0000] {processor.py:840} INFO - DAG(s) 'example_kubernetes_executor' retrieved from /home/airflow/.local/lib/python3.8/site-packages/airflow/example_dags/example_kubernetes_executor.py
[2024-07-26T12:19:31.248+0000] {logging_mixin.py:188} INFO - [2024-07-26T12:19:31.248+0000] {dag.py:3036} INFO - Sync 1 DAGs
[2024-07-26T12:19:31.267+0000] {logging_mixin.py:188} INFO - [2024-07-26T12:19:31.266+0000] {dag.py:3823} INFO - Setting next_dagrun for example_kubernetes_executor to None, run_after=None
[2024-07-26T12:19:31.293+0000] {processor.py:183} INFO - Processing /home/airflow/.local/lib/python3.8/site-packages/airflow/example_dags/example_kubernetes_executor.py took 0.107 seconds
[2024-07-26T12:28:17.857+0000] {processor.py:161} INFO - Started process (PID=103) to work on /home/airflow/.local/lib/python3.8/site-packages/airflow/example_dags/example_kubernetes_executor.py
[2024-07-26T12:28:17.858+0000] {processor.py:830} INFO - Processing file /home/airflow/.local/lib/python3.8/site-packages/airflow/example_dags/example_kubernetes_executor.py for tasks to queue
[2024-07-26T12:28:17.860+0000] {logging_mixin.py:188} INFO - [2024-07-26T12:28:17.860+0000] {dagbag.py:538} INFO - Filling up the DagBag from /home/airflow/.local/lib/python3.8/site-packages/airflow/example_dags/example_kubernetes_executor.py
[2024-07-26T12:28:17.878+0000] {processor.py:840} INFO - DAG(s) 'example_kubernetes_executor' retrieved from /home/airflow/.local/lib/python3.8/site-packages/airflow/example_dags/example_kubernetes_executor.py
[2024-07-26T12:28:18.039+0000] {logging_mixin.py:188} INFO - [2024-07-26T12:28:18.038+0000] {dag.py:3036} INFO - Sync 1 DAGs
[2024-07-26T12:28:18.050+0000] {logging_mixin.py:188} INFO - [2024-07-26T12:28:18.049+0000] {dag.py:3823} INFO - Setting next_dagrun for example_kubernetes_executor to None, run_after=None
[2024-07-26T12:28:18.089+0000] {processor.py:183} INFO - Processing /home/airflow/.local/lib/python3.8/site-packages/airflow/example_dags/example_kubernetes_executor.py took 0.235 seconds
[2024-07-26T12:28:48.786+0000] {processor.py:161} INFO - Started process (PID=172) to work on /home/airflow/.local/lib/python3.8/site-packages/airflow/example_dags/example_kubernetes_executor.py
[2024-07-26T12:28:48.787+0000] {processor.py:830} INFO - Processing file /home/airflow/.local/lib/python3.8/site-packages/airflow/example_dags/example_kubernetes_executor.py for tasks to queue
[2024-07-26T12:28:48.789+0000] {logging_mixin.py:188} INFO - [2024-07-26T12:28:48.789+0000] {dagbag.py:538} INFO - Filling up the DagBag from /home/airflow/.local/lib/python3.8/site-packages/airflow/example_dags/example_kubernetes_executor.py
[2024-07-26T12:28:48.804+0000] {processor.py:840} INFO - DAG(s) 'example_kubernetes_executor' retrieved from /home/airflow/.local/lib/python3.8/site-packages/airflow/example_dags/example_kubernetes_executor.py
[2024-07-26T12:28:48.848+0000] {logging_mixin.py:188} INFO - [2024-07-26T12:28:48.848+0000] {dag.py:3036} INFO - Sync 1 DAGs
[2024-07-26T12:28:48.864+0000] {logging_mixin.py:188} INFO - [2024-07-26T12:28:48.863+0000] {dag.py:3823} INFO - Setting next_dagrun for example_kubernetes_executor to None, run_after=None
[2024-07-26T12:28:48.884+0000] {processor.py:183} INFO - Processing /home/airflow/.local/lib/python3.8/site-packages/airflow/example_dags/example_kubernetes_executor.py took 0.103 seconds
[2024-07-26T12:29:19.728+0000] {processor.py:161} INFO - Started process (PID=236) to work on /home/airflow/.local/lib/python3.8/site-packages/airflow/example_dags/example_kubernetes_executor.py
[2024-07-26T12:29:19.729+0000] {processor.py:830} INFO - Processing file /home/airflow/.local/lib/python3.8/site-packages/airflow/example_dags/example_kubernetes_executor.py for tasks to queue
[2024-07-26T12:29:19.731+0000] {logging_mixin.py:188} INFO - [2024-07-26T12:29:19.731+0000] {dagbag.py:538} INFO - Filling up the DagBag from /home/airflow/.local/lib/python3.8/site-packages/airflow/example_dags/example_kubernetes_executor.py
[2024-07-26T12:29:19.748+0000] {processor.py:840} INFO - DAG(s) 'example_kubernetes_executor' retrieved from /home/airflow/.local/lib/python3.8/site-packages/airflow/example_dags/example_kubernetes_executor.py
[2024-07-26T12:29:19.800+0000] {logging_mixin.py:188} INFO - [2024-07-26T12:29:19.800+0000] {dag.py:3036} INFO - Sync 1 DAGs
[2024-07-26T12:29:19.813+0000] {logging_mixin.py:188} INFO - [2024-07-26T12:29:19.813+0000] {dag.py:3823} INFO - Setting next_dagrun for example_kubernetes_executor to None, run_after=None
[2024-07-26T12:29:19.831+0000] {processor.py:183} INFO - Processing /home/airflow/.local/lib/python3.8/site-packages/airflow/example_dags/example_kubernetes_executor.py took 0.108 seconds
[2024-07-26T12:29:49.910+0000] {processor.py:161} INFO - Started process (PID=291) to work on /home/airflow/.local/lib/python3.8/site-packages/airflow/example_dags/example_kubernetes_executor.py
[2024-07-26T12:29:49.911+0000] {processor.py:830} INFO - Processing file /home/airflow/.local/lib/python3.8/site-packages/airflow/example_dags/example_kubernetes_executor.py for tasks to queue
[2024-07-26T12:29:49.913+0000] {logging_mixin.py:188} INFO - [2024-07-26T12:29:49.912+0000] {dagbag.py:538} INFO - Filling up the DagBag from /home/airflow/.local/lib/python3.8/site-packages/airflow/example_dags/example_kubernetes_executor.py
[2024-07-26T12:29:49.930+0000] {processor.py:840} INFO - DAG(s) 'example_kubernetes_executor' retrieved from /home/airflow/.local/lib/python3.8/site-packages/airflow/example_dags/example_kubernetes_executor.py
[2024-07-26T12:29:49.977+0000] {logging_mixin.py:188} INFO - [2024-07-26T12:29:49.977+0000] {dag.py:3036} INFO - Sync 1 DAGs
[2024-07-26T12:29:49.995+0000] {logging_mixin.py:188} INFO - [2024-07-26T12:29:49.995+0000] {dag.py:3823} INFO - Setting next_dagrun for example_kubernetes_executor to None, run_after=None
[2024-07-26T12:29:50.015+0000] {processor.py:183} INFO - Processing /home/airflow/.local/lib/python3.8/site-packages/airflow/example_dags/example_kubernetes_executor.py took 0.109 seconds
[2024-07-26T12:30:20.070+0000] {processor.py:161} INFO - Started process (PID=355) to work on /home/airflow/.local/lib/python3.8/site-packages/airflow/example_dags/example_kubernetes_executor.py
[2024-07-26T12:30:20.071+0000] {processor.py:830} INFO - Processing file /home/airflow/.local/lib/python3.8/site-packages/airflow/example_dags/example_kubernetes_executor.py for tasks to queue
[2024-07-26T12:30:20.073+0000] {logging_mixin.py:188} INFO - [2024-07-26T12:30:20.072+0000] {dagbag.py:538} INFO - Filling up the DagBag from /home/airflow/.local/lib/python3.8/site-packages/airflow/example_dags/example_kubernetes_executor.py
[2024-07-26T12:30:20.089+0000] {processor.py:840} INFO - DAG(s) 'example_kubernetes_executor' retrieved from /home/airflow/.local/lib/python3.8/site-packages/airflow/example_dags/example_kubernetes_executor.py
[2024-07-26T12:30:20.136+0000] {logging_mixin.py:188} INFO - [2024-07-26T12:30:20.136+0000] {dag.py:3036} INFO - Sync 1 DAGs
[2024-07-26T12:30:20.150+0000] {logging_mixin.py:188} INFO - [2024-07-26T12:30:20.149+0000] {dag.py:3823} INFO - Setting next_dagrun for example_kubernetes_executor to None, run_after=None
[2024-07-26T12:30:20.169+0000] {processor.py:183} INFO - Processing /home/airflow/.local/lib/python3.8/site-packages/airflow/example_dags/example_kubernetes_executor.py took 0.104 seconds
[2024-07-26T12:30:50.373+0000] {processor.py:161} INFO - Started process (PID=419) to work on /home/airflow/.local/lib/python3.8/site-packages/airflow/example_dags/example_kubernetes_executor.py
[2024-07-26T12:30:50.374+0000] {processor.py:830} INFO - Processing file /home/airflow/.local/lib/python3.8/site-packages/airflow/example_dags/example_kubernetes_executor.py for tasks to queue
[2024-07-26T12:30:50.376+0000] {logging_mixin.py:188} INFO - [2024-07-26T12:30:50.376+0000] {dagbag.py:538} INFO - Filling up the DagBag from /home/airflow/.local/lib/python3.8/site-packages/airflow/example_dags/example_kubernetes_executor.py
[2024-07-26T12:30:50.392+0000] {processor.py:840} INFO - DAG(s) 'example_kubernetes_executor' retrieved from /home/airflow/.local/lib/python3.8/site-packages/airflow/example_dags/example_kubernetes_executor.py
[2024-07-26T12:30:50.435+0000] {logging_mixin.py:188} INFO - [2024-07-26T12:30:50.434+0000] {dag.py:3036} INFO - Sync 1 DAGs
[2024-07-26T12:30:50.449+0000] {logging_mixin.py:188} INFO - [2024-07-26T12:30:50.448+0000] {dag.py:3823} INFO - Setting next_dagrun for example_kubernetes_executor to None, run_after=None
[2024-07-26T12:30:50.472+0000] {processor.py:183} INFO - Processing /home/airflow/.local/lib/python3.8/site-packages/airflow/example_dags/example_kubernetes_executor.py took 0.102 seconds
[2024-07-26T12:31:20.704+0000] {processor.py:161} INFO - Started process (PID=483) to work on /home/airflow/.local/lib/python3.8/site-packages/airflow/example_dags/example_kubernetes_executor.py
[2024-07-26T12:31:20.705+0000] {processor.py:830} INFO - Processing file /home/airflow/.local/lib/python3.8/site-packages/airflow/example_dags/example_kubernetes_executor.py for tasks to queue
[2024-07-26T12:31:20.707+0000] {logging_mixin.py:188} INFO - [2024-07-26T12:31:20.707+0000] {dagbag.py:538} INFO - Filling up the DagBag from /home/airflow/.local/lib/python3.8/site-packages/airflow/example_dags/example_kubernetes_executor.py
[2024-07-26T12:31:20.723+0000] {processor.py:840} INFO - DAG(s) 'example_kubernetes_executor' retrieved from /home/airflow/.local/lib/python3.8/site-packages/airflow/example_dags/example_kubernetes_executor.py
[2024-07-26T12:31:20.764+0000] {logging_mixin.py:188} INFO - [2024-07-26T12:31:20.763+0000] {dag.py:3036} INFO - Sync 1 DAGs
[2024-07-26T12:31:20.778+0000] {logging_mixin.py:188} INFO - [2024-07-26T12:31:20.778+0000] {dag.py:3823} INFO - Setting next_dagrun for example_kubernetes_executor to None, run_after=None
[2024-07-26T12:31:20.801+0000] {processor.py:183} INFO - Processing /home/airflow/.local/lib/python3.8/site-packages/airflow/example_dags/example_kubernetes_executor.py took 0.100 seconds
[2024-07-26T12:31:50.963+0000] {processor.py:161} INFO - Started process (PID=547) to work on /home/airflow/.local/lib/python3.8/site-packages/airflow/example_dags/example_kubernetes_executor.py
[2024-07-26T12:31:50.964+0000] {processor.py:830} INFO - Processing file /home/airflow/.local/lib/python3.8/site-packages/airflow/example_dags/example_kubernetes_executor.py for tasks to queue
[2024-07-26T12:31:50.966+0000] {logging_mixin.py:188} INFO - [2024-07-26T12:31:50.965+0000] {dagbag.py:538} INFO - Filling up the DagBag from /home/airflow/.local/lib/python3.8/site-packages/airflow/example_dags/example_kubernetes_executor.py
[2024-07-26T12:31:50.981+0000] {processor.py:840} INFO - DAG(s) 'example_kubernetes_executor' retrieved from /home/airflow/.local/lib/python3.8/site-packages/airflow/example_dags/example_kubernetes_executor.py
[2024-07-26T12:31:51.026+0000] {logging_mixin.py:188} INFO - [2024-07-26T12:31:51.026+0000] {dag.py:3036} INFO - Sync 1 DAGs
[2024-07-26T12:31:51.042+0000] {logging_mixin.py:188} INFO - [2024-07-26T12:31:51.042+0000] {dag.py:3823} INFO - Setting next_dagrun for example_kubernetes_executor to None, run_after=None
[2024-07-26T12:31:51.063+0000] {processor.py:183} INFO - Processing /home/airflow/.local/lib/python3.8/site-packages/airflow/example_dags/example_kubernetes_executor.py took 0.104 seconds
[2024-07-26T12:32:21.521+0000] {processor.py:161} INFO - Started process (PID=611) to work on /home/airflow/.local/lib/python3.8/site-packages/airflow/example_dags/example_kubernetes_executor.py
[2024-07-26T12:32:21.523+0000] {processor.py:830} INFO - Processing file /home/airflow/.local/lib/python3.8/site-packages/airflow/example_dags/example_kubernetes_executor.py for tasks to queue
[2024-07-26T12:32:21.524+0000] {logging_mixin.py:188} INFO - [2024-07-26T12:32:21.524+0000] {dagbag.py:538} INFO - Filling up the DagBag from /home/airflow/.local/lib/python3.8/site-packages/airflow/example_dags/example_kubernetes_executor.py
[2024-07-26T12:32:21.541+0000] {processor.py:840} INFO - DAG(s) 'example_kubernetes_executor' retrieved from /home/airflow/.local/lib/python3.8/site-packages/airflow/example_dags/example_kubernetes_executor.py
[2024-07-26T12:32:21.586+0000] {logging_mixin.py:188} INFO - [2024-07-26T12:32:21.586+0000] {dag.py:3036} INFO - Sync 1 DAGs
[2024-07-26T12:32:21.602+0000] {logging_mixin.py:188} INFO - [2024-07-26T12:32:21.602+0000] {dag.py:3823} INFO - Setting next_dagrun for example_kubernetes_executor to None, run_after=None
[2024-07-26T12:32:21.624+0000] {processor.py:183} INFO - Processing /home/airflow/.local/lib/python3.8/site-packages/airflow/example_dags/example_kubernetes_executor.py took 0.106 seconds
[2024-07-26T12:32:52.565+0000] {processor.py:161} INFO - Started process (PID=675) to work on /home/airflow/.local/lib/python3.8/site-packages/airflow/example_dags/example_kubernetes_executor.py
[2024-07-26T12:32:52.566+0000] {processor.py:830} INFO - Processing file /home/airflow/.local/lib/python3.8/site-packages/airflow/example_dags/example_kubernetes_executor.py for tasks to queue
[2024-07-26T12:32:52.568+0000] {logging_mixin.py:188} INFO - [2024-07-26T12:32:52.568+0000] {dagbag.py:538} INFO - Filling up the DagBag from /home/airflow/.local/lib/python3.8/site-packages/airflow/example_dags/example_kubernetes_executor.py
[2024-07-26T12:32:52.585+0000] {processor.py:840} INFO - DAG(s) 'example_kubernetes_executor' retrieved from /home/airflow/.local/lib/python3.8/site-packages/airflow/example_dags/example_kubernetes_executor.py
[2024-07-26T12:32:52.629+0000] {logging_mixin.py:188} INFO - [2024-07-26T12:32:52.629+0000] {dag.py:3036} INFO - Sync 1 DAGs
[2024-07-26T12:32:52.643+0000] {logging_mixin.py:188} INFO - [2024-07-26T12:32:52.643+0000] {dag.py:3823} INFO - Setting next_dagrun for example_kubernetes_executor to None, run_after=None
[2024-07-26T12:32:52.662+0000] {processor.py:183} INFO - Processing /home/airflow/.local/lib/python3.8/site-packages/airflow/example_dags/example_kubernetes_executor.py took 0.100 seconds
[2024-07-26T12:33:23.113+0000] {processor.py:161} INFO - Started process (PID=740) to work on /home/airflow/.local/lib/python3.8/site-packages/airflow/example_dags/example_kubernetes_executor.py
[2024-07-26T12:33:23.114+0000] {processor.py:830} INFO - Processing file /home/airflow/.local/lib/python3.8/site-packages/airflow/example_dags/example_kubernetes_executor.py for tasks to queue
[2024-07-26T12:33:23.116+0000] {logging_mixin.py:188} INFO - [2024-07-26T12:33:23.116+0000] {dagbag.py:538} INFO - Filling up the DagBag from /home/airflow/.local/lib/python3.8/site-packages/airflow/example_dags/example_kubernetes_executor.py
[2024-07-26T12:33:23.131+0000] {processor.py:840} INFO - DAG(s) 'example_kubernetes_executor' retrieved from /home/airflow/.local/lib/python3.8/site-packages/airflow/example_dags/example_kubernetes_executor.py
[2024-07-26T12:33:23.176+0000] {logging_mixin.py:188} INFO - [2024-07-26T12:33:23.176+0000] {dag.py:3036} INFO - Sync 1 DAGs
[2024-07-26T12:33:23.189+0000] {logging_mixin.py:188} INFO - [2024-07-26T12:33:23.188+0000] {dag.py:3823} INFO - Setting next_dagrun for example_kubernetes_executor to None, run_after=None
[2024-07-26T12:33:23.210+0000] {processor.py:183} INFO - Processing /home/airflow/.local/lib/python3.8/site-packages/airflow/example_dags/example_kubernetes_executor.py took 0.100 seconds
[2024-07-26T12:33:53.698+0000] {processor.py:161} INFO - Started process (PID=804) to work on /home/airflow/.local/lib/python3.8/site-packages/airflow/example_dags/example_kubernetes_executor.py
[2024-07-26T12:33:53.700+0000] {processor.py:830} INFO - Processing file /home/airflow/.local/lib/python3.8/site-packages/airflow/example_dags/example_kubernetes_executor.py for tasks to queue
[2024-07-26T12:33:53.703+0000] {logging_mixin.py:188} INFO - [2024-07-26T12:33:53.703+0000] {dagbag.py:538} INFO - Filling up the DagBag from /home/airflow/.local/lib/python3.8/site-packages/airflow/example_dags/example_kubernetes_executor.py
[2024-07-26T12:33:53.728+0000] {processor.py:840} INFO - DAG(s) 'example_kubernetes_executor' retrieved from /home/airflow/.local/lib/python3.8/site-packages/airflow/example_dags/example_kubernetes_executor.py
[2024-07-26T12:33:53.773+0000] {logging_mixin.py:188} INFO - [2024-07-26T12:33:53.773+0000] {dag.py:3036} INFO - Sync 1 DAGs
[2024-07-26T12:33:53.788+0000] {logging_mixin.py:188} INFO - [2024-07-26T12:33:53.787+0000] {dag.py:3823} INFO - Setting next_dagrun for example_kubernetes_executor to None, run_after=None
[2024-07-26T12:33:53.807+0000] {processor.py:183} INFO - Processing /home/airflow/.local/lib/python3.8/site-packages/airflow/example_dags/example_kubernetes_executor.py took 0.114 seconds
[2024-07-26T12:34:24.092+0000] {processor.py:161} INFO - Started process (PID=868) to work on /home/airflow/.local/lib/python3.8/site-packages/airflow/example_dags/example_kubernetes_executor.py
[2024-07-26T12:34:24.093+0000] {processor.py:830} INFO - Processing file /home/airflow/.local/lib/python3.8/site-packages/airflow/example_dags/example_kubernetes_executor.py for tasks to queue
[2024-07-26T12:34:24.095+0000] {logging_mixin.py:188} INFO - [2024-07-26T12:34:24.094+0000] {dagbag.py:538} INFO - Filling up the DagBag from /home/airflow/.local/lib/python3.8/site-packages/airflow/example_dags/example_kubernetes_executor.py
[2024-07-26T12:34:24.111+0000] {processor.py:840} INFO - DAG(s) 'example_kubernetes_executor' retrieved from /home/airflow/.local/lib/python3.8/site-packages/airflow/example_dags/example_kubernetes_executor.py
[2024-07-26T12:34:24.158+0000] {logging_mixin.py:188} INFO - [2024-07-26T12:34:24.157+0000] {dag.py:3036} INFO - Sync 1 DAGs
[2024-07-26T12:34:24.172+0000] {logging_mixin.py:188} INFO - [2024-07-26T12:34:24.172+0000] {dag.py:3823} INFO - Setting next_dagrun for example_kubernetes_executor to None, run_after=None
[2024-07-26T12:34:24.193+0000] {processor.py:183} INFO - Processing /home/airflow/.local/lib/python3.8/site-packages/airflow/example_dags/example_kubernetes_executor.py took 0.105 seconds
[2024-07-26T12:34:54.686+0000] {processor.py:161} INFO - Started process (PID=932) to work on /home/airflow/.local/lib/python3.8/site-packages/airflow/example_dags/example_kubernetes_executor.py
[2024-07-26T12:34:54.688+0000] {processor.py:830} INFO - Processing file /home/airflow/.local/lib/python3.8/site-packages/airflow/example_dags/example_kubernetes_executor.py for tasks to queue
[2024-07-26T12:34:54.690+0000] {logging_mixin.py:188} INFO - [2024-07-26T12:34:54.690+0000] {dagbag.py:538} INFO - Filling up the DagBag from /home/airflow/.local/lib/python3.8/site-packages/airflow/example_dags/example_kubernetes_executor.py
[2024-07-26T12:34:54.712+0000] {processor.py:840} INFO - DAG(s) 'example_kubernetes_executor' retrieved from /home/airflow/.local/lib/python3.8/site-packages/airflow/example_dags/example_kubernetes_executor.py
[2024-07-26T12:34:54.754+0000] {logging_mixin.py:188} INFO - [2024-07-26T12:34:54.753+0000] {dag.py:3036} INFO - Sync 1 DAGs
[2024-07-26T12:34:54.768+0000] {logging_mixin.py:188} INFO - [2024-07-26T12:34:54.768+0000] {dag.py:3823} INFO - Setting next_dagrun for example_kubernetes_executor to None, run_after=None
[2024-07-26T12:34:54.792+0000] {processor.py:183} INFO - Processing /home/airflow/.local/lib/python3.8/site-packages/airflow/example_dags/example_kubernetes_executor.py took 0.110 seconds
[2024-07-26T12:35:25.357+0000] {processor.py:161} INFO - Started process (PID=996) to work on /home/airflow/.local/lib/python3.8/site-packages/airflow/example_dags/example_kubernetes_executor.py
[2024-07-26T12:35:25.359+0000] {processor.py:830} INFO - Processing file /home/airflow/.local/lib/python3.8/site-packages/airflow/example_dags/example_kubernetes_executor.py for tasks to queue
[2024-07-26T12:35:25.361+0000] {logging_mixin.py:188} INFO - [2024-07-26T12:35:25.361+0000] {dagbag.py:538} INFO - Filling up the DagBag from /home/airflow/.local/lib/python3.8/site-packages/airflow/example_dags/example_kubernetes_executor.py
[2024-07-26T12:35:25.381+0000] {processor.py:840} INFO - DAG(s) 'example_kubernetes_executor' retrieved from /home/airflow/.local/lib/python3.8/site-packages/airflow/example_dags/example_kubernetes_executor.py
[2024-07-26T12:35:25.423+0000] {logging_mixin.py:188} INFO - [2024-07-26T12:35:25.423+0000] {dag.py:3036} INFO - Sync 1 DAGs
[2024-07-26T12:35:25.438+0000] {logging_mixin.py:188} INFO - [2024-07-26T12:35:25.438+0000] {dag.py:3823} INFO - Setting next_dagrun for example_kubernetes_executor to None, run_after=None
[2024-07-26T12:35:25.473+0000] {processor.py:183} INFO - Processing /home/airflow/.local/lib/python3.8/site-packages/airflow/example_dags/example_kubernetes_executor.py took 0.121 seconds
[2024-07-26T12:35:55.542+0000] {processor.py:161} INFO - Started process (PID=1059) to work on /home/airflow/.local/lib/python3.8/site-packages/airflow/example_dags/example_kubernetes_executor.py
[2024-07-26T12:35:55.543+0000] {processor.py:830} INFO - Processing file /home/airflow/.local/lib/python3.8/site-packages/airflow/example_dags/example_kubernetes_executor.py for tasks to queue
[2024-07-26T12:35:55.545+0000] {logging_mixin.py:188} INFO - [2024-07-26T12:35:55.545+0000] {dagbag.py:538} INFO - Filling up the DagBag from /home/airflow/.local/lib/python3.8/site-packages/airflow/example_dags/example_kubernetes_executor.py
[2024-07-26T12:35:55.567+0000] {processor.py:840} INFO - DAG(s) 'example_kubernetes_executor' retrieved from /home/airflow/.local/lib/python3.8/site-packages/airflow/example_dags/example_kubernetes_executor.py
[2024-07-26T12:35:55.613+0000] {logging_mixin.py:188} INFO - [2024-07-26T12:35:55.612+0000] {dag.py:3036} INFO - Sync 1 DAGs
[2024-07-26T12:35:55.627+0000] {logging_mixin.py:188} INFO - [2024-07-26T12:35:55.627+0000] {dag.py:3823} INFO - Setting next_dagrun for example_kubernetes_executor to None, run_after=None
[2024-07-26T12:35:55.652+0000] {processor.py:183} INFO - Processing /home/airflow/.local/lib/python3.8/site-packages/airflow/example_dags/example_kubernetes_executor.py took 0.113 seconds
[2024-07-26T12:36:25.983+0000] {processor.py:161} INFO - Started process (PID=1123) to work on /home/airflow/.local/lib/python3.8/site-packages/airflow/example_dags/example_kubernetes_executor.py
[2024-07-26T12:36:25.985+0000] {processor.py:830} INFO - Processing file /home/airflow/.local/lib/python3.8/site-packages/airflow/example_dags/example_kubernetes_executor.py for tasks to queue
[2024-07-26T12:36:25.987+0000] {logging_mixin.py:188} INFO - [2024-07-26T12:36:25.987+0000] {dagbag.py:538} INFO - Filling up the DagBag from /home/airflow/.local/lib/python3.8/site-packages/airflow/example_dags/example_kubernetes_executor.py
[2024-07-26T12:36:26.003+0000] {processor.py:840} INFO - DAG(s) 'example_kubernetes_executor' retrieved from /home/airflow/.local/lib/python3.8/site-packages/airflow/example_dags/example_kubernetes_executor.py
[2024-07-26T12:36:26.047+0000] {logging_mixin.py:188} INFO - [2024-07-26T12:36:26.046+0000] {dag.py:3036} INFO - Sync 1 DAGs
[2024-07-26T12:36:26.059+0000] {logging_mixin.py:188} INFO - [2024-07-26T12:36:26.059+0000] {dag.py:3823} INFO - Setting next_dagrun for example_kubernetes_executor to None, run_after=None
[2024-07-26T12:36:26.083+0000] {processor.py:183} INFO - Processing /home/airflow/.local/lib/python3.8/site-packages/airflow/example_dags/example_kubernetes_executor.py took 0.104 seconds
[2024-07-26T12:36:56.327+0000] {processor.py:161} INFO - Started process (PID=1187) to work on /home/airflow/.local/lib/python3.8/site-packages/airflow/example_dags/example_kubernetes_executor.py
[2024-07-26T12:36:56.329+0000] {processor.py:830} INFO - Processing file /home/airflow/.local/lib/python3.8/site-packages/airflow/example_dags/example_kubernetes_executor.py for tasks to queue
[2024-07-26T12:36:56.332+0000] {logging_mixin.py:188} INFO - [2024-07-26T12:36:56.331+0000] {dagbag.py:538} INFO - Filling up the DagBag from /home/airflow/.local/lib/python3.8/site-packages/airflow/example_dags/example_kubernetes_executor.py
[2024-07-26T12:36:56.350+0000] {processor.py:840} INFO - DAG(s) 'example_kubernetes_executor' retrieved from /home/airflow/.local/lib/python3.8/site-packages/airflow/example_dags/example_kubernetes_executor.py
[2024-07-26T12:36:56.393+0000] {logging_mixin.py:188} INFO - [2024-07-26T12:36:56.393+0000] {dag.py:3036} INFO - Sync 1 DAGs
[2024-07-26T12:36:56.409+0000] {logging_mixin.py:188} INFO - [2024-07-26T12:36:56.408+0000] {dag.py:3823} INFO - Setting next_dagrun for example_kubernetes_executor to None, run_after=None
[2024-07-26T12:36:56.468+0000] {processor.py:183} INFO - Processing /home/airflow/.local/lib/python3.8/site-packages/airflow/example_dags/example_kubernetes_executor.py took 0.144 seconds
[2024-07-26T12:37:26.807+0000] {processor.py:161} INFO - Started process (PID=1251) to work on /home/airflow/.local/lib/python3.8/site-packages/airflow/example_dags/example_kubernetes_executor.py
[2024-07-26T12:37:26.808+0000] {processor.py:830} INFO - Processing file /home/airflow/.local/lib/python3.8/site-packages/airflow/example_dags/example_kubernetes_executor.py for tasks to queue
[2024-07-26T12:37:26.811+0000] {logging_mixin.py:188} INFO - [2024-07-26T12:37:26.811+0000] {dagbag.py:538} INFO - Filling up the DagBag from /home/airflow/.local/lib/python3.8/site-packages/airflow/example_dags/example_kubernetes_executor.py
[2024-07-26T12:37:26.830+0000] {processor.py:840} INFO - DAG(s) 'example_kubernetes_executor' retrieved from /home/airflow/.local/lib/python3.8/site-packages/airflow/example_dags/example_kubernetes_executor.py
[2024-07-26T12:37:26.881+0000] {logging_mixin.py:188} INFO - [2024-07-26T12:37:26.881+0000] {dag.py:3036} INFO - Sync 1 DAGs
[2024-07-26T12:37:26.896+0000] {logging_mixin.py:188} INFO - [2024-07-26T12:37:26.896+0000] {dag.py:3823} INFO - Setting next_dagrun for example_kubernetes_executor to None, run_after=None
[2024-07-26T12:37:26.920+0000] {processor.py:183} INFO - Processing /home/airflow/.local/lib/python3.8/site-packages/airflow/example_dags/example_kubernetes_executor.py took 0.118 seconds
[2024-07-26T12:38:52.034+0000] {processor.py:161} INFO - Started process (PID=97) to work on /home/airflow/.local/lib/python3.8/site-packages/airflow/example_dags/example_kubernetes_executor.py
[2024-07-26T12:38:52.036+0000] {processor.py:830} INFO - Processing file /home/airflow/.local/lib/python3.8/site-packages/airflow/example_dags/example_kubernetes_executor.py for tasks to queue
[2024-07-26T12:38:52.039+0000] {logging_mixin.py:188} INFO - [2024-07-26T12:38:52.038+0000] {dagbag.py:538} INFO - Filling up the DagBag from /home/airflow/.local/lib/python3.8/site-packages/airflow/example_dags/example_kubernetes_executor.py
[2024-07-26T12:38:52.064+0000] {processor.py:840} INFO - DAG(s) 'example_kubernetes_executor' retrieved from /home/airflow/.local/lib/python3.8/site-packages/airflow/example_dags/example_kubernetes_executor.py
[2024-07-26T12:38:52.083+0000] {logging_mixin.py:188} INFO - [2024-07-26T12:38:52.083+0000] {dag.py:3036} INFO - Sync 1 DAGs
[2024-07-26T12:38:52.101+0000] {logging_mixin.py:188} INFO - [2024-07-26T12:38:52.101+0000] {dag.py:3823} INFO - Setting next_dagrun for example_kubernetes_executor to None, run_after=None
[2024-07-26T12:38:52.126+0000] {processor.py:183} INFO - Processing /home/airflow/.local/lib/python3.8/site-packages/airflow/example_dags/example_kubernetes_executor.py took 0.095 seconds
[2024-07-26T12:39:23.305+0000] {processor.py:161} INFO - Started process (PID=161) to work on /home/airflow/.local/lib/python3.8/site-packages/airflow/example_dags/example_kubernetes_executor.py
[2024-07-26T12:39:23.306+0000] {processor.py:830} INFO - Processing file /home/airflow/.local/lib/python3.8/site-packages/airflow/example_dags/example_kubernetes_executor.py for tasks to queue
[2024-07-26T12:39:23.308+0000] {logging_mixin.py:188} INFO - [2024-07-26T12:39:23.308+0000] {dagbag.py:538} INFO - Filling up the DagBag from /home/airflow/.local/lib/python3.8/site-packages/airflow/example_dags/example_kubernetes_executor.py
[2024-07-26T12:39:23.325+0000] {processor.py:840} INFO - DAG(s) 'example_kubernetes_executor' retrieved from /home/airflow/.local/lib/python3.8/site-packages/airflow/example_dags/example_kubernetes_executor.py
[2024-07-26T12:39:23.470+0000] {logging_mixin.py:188} INFO - [2024-07-26T12:39:23.470+0000] {dag.py:3036} INFO - Sync 1 DAGs
[2024-07-26T12:39:23.483+0000] {logging_mixin.py:188} INFO - [2024-07-26T12:39:23.483+0000] {dag.py:3823} INFO - Setting next_dagrun for example_kubernetes_executor to None, run_after=None
[2024-07-26T12:39:23.506+0000] {processor.py:183} INFO - Processing /home/airflow/.local/lib/python3.8/site-packages/airflow/example_dags/example_kubernetes_executor.py took 0.204 seconds
[2024-07-26T12:43:18.012+0000] {processor.py:161} INFO - Started process (PID=102) to work on /home/airflow/.local/lib/python3.8/site-packages/airflow/example_dags/example_kubernetes_executor.py
[2024-07-26T12:43:18.013+0000] {processor.py:830} INFO - Processing file /home/airflow/.local/lib/python3.8/site-packages/airflow/example_dags/example_kubernetes_executor.py for tasks to queue
[2024-07-26T12:43:18.015+0000] {logging_mixin.py:188} INFO - [2024-07-26T12:43:18.015+0000] {dagbag.py:538} INFO - Filling up the DagBag from /home/airflow/.local/lib/python3.8/site-packages/airflow/example_dags/example_kubernetes_executor.py
[2024-07-26T12:43:18.036+0000] {processor.py:840} INFO - DAG(s) 'example_kubernetes_executor' retrieved from /home/airflow/.local/lib/python3.8/site-packages/airflow/example_dags/example_kubernetes_executor.py
[2024-07-26T12:43:18.238+0000] {logging_mixin.py:188} INFO - [2024-07-26T12:43:18.237+0000] {dag.py:3036} INFO - Sync 1 DAGs
[2024-07-26T12:43:18.253+0000] {logging_mixin.py:188} INFO - [2024-07-26T12:43:18.252+0000] {dag.py:3823} INFO - Setting next_dagrun for example_kubernetes_executor to None, run_after=None
[2024-07-26T12:43:18.284+0000] {processor.py:183} INFO - Processing /home/airflow/.local/lib/python3.8/site-packages/airflow/example_dags/example_kubernetes_executor.py took 0.276 seconds
[2024-07-26T12:43:48.527+0000] {processor.py:161} INFO - Started process (PID=172) to work on /home/airflow/.local/lib/python3.8/site-packages/airflow/example_dags/example_kubernetes_executor.py
[2024-07-26T12:43:48.528+0000] {processor.py:830} INFO - Processing file /home/airflow/.local/lib/python3.8/site-packages/airflow/example_dags/example_kubernetes_executor.py for tasks to queue
[2024-07-26T12:43:48.530+0000] {logging_mixin.py:188} INFO - [2024-07-26T12:43:48.530+0000] {dagbag.py:538} INFO - Filling up the DagBag from /home/airflow/.local/lib/python3.8/site-packages/airflow/example_dags/example_kubernetes_executor.py
[2024-07-26T12:43:48.545+0000] {processor.py:840} INFO - DAG(s) 'example_kubernetes_executor' retrieved from /home/airflow/.local/lib/python3.8/site-packages/airflow/example_dags/example_kubernetes_executor.py
[2024-07-26T12:43:48.593+0000] {logging_mixin.py:188} INFO - [2024-07-26T12:43:48.593+0000] {dag.py:3036} INFO - Sync 1 DAGs
[2024-07-26T12:43:48.608+0000] {logging_mixin.py:188} INFO - [2024-07-26T12:43:48.607+0000] {dag.py:3823} INFO - Setting next_dagrun for example_kubernetes_executor to None, run_after=None
[2024-07-26T12:43:48.630+0000] {processor.py:183} INFO - Processing /home/airflow/.local/lib/python3.8/site-packages/airflow/example_dags/example_kubernetes_executor.py took 0.107 seconds
[2024-07-26T12:44:19.837+0000] {processor.py:161} INFO - Started process (PID=236) to work on /home/airflow/.local/lib/python3.8/site-packages/airflow/example_dags/example_kubernetes_executor.py
[2024-07-26T12:44:19.839+0000] {processor.py:830} INFO - Processing file /home/airflow/.local/lib/python3.8/site-packages/airflow/example_dags/example_kubernetes_executor.py for tasks to queue
[2024-07-26T12:44:19.840+0000] {logging_mixin.py:188} INFO - [2024-07-26T12:44:19.840+0000] {dagbag.py:538} INFO - Filling up the DagBag from /home/airflow/.local/lib/python3.8/site-packages/airflow/example_dags/example_kubernetes_executor.py
[2024-07-26T12:44:19.858+0000] {processor.py:840} INFO - DAG(s) 'example_kubernetes_executor' retrieved from /home/airflow/.local/lib/python3.8/site-packages/airflow/example_dags/example_kubernetes_executor.py
[2024-07-26T12:44:19.901+0000] {logging_mixin.py:188} INFO - [2024-07-26T12:44:19.901+0000] {dag.py:3036} INFO - Sync 1 DAGs
[2024-07-26T12:44:19.916+0000] {logging_mixin.py:188} INFO - [2024-07-26T12:44:19.916+0000] {dag.py:3823} INFO - Setting next_dagrun for example_kubernetes_executor to None, run_after=None
[2024-07-26T12:44:19.937+0000] {processor.py:183} INFO - Processing /home/airflow/.local/lib/python3.8/site-packages/airflow/example_dags/example_kubernetes_executor.py took 0.103 seconds
[2024-07-26T12:49:45.656+0000] {processor.py:161} INFO - Started process (PID=102) to work on /home/airflow/.local/lib/python3.8/site-packages/airflow/example_dags/example_kubernetes_executor.py
[2024-07-26T12:49:45.657+0000] {processor.py:830} INFO - Processing file /home/airflow/.local/lib/python3.8/site-packages/airflow/example_dags/example_kubernetes_executor.py for tasks to queue
[2024-07-26T12:49:45.659+0000] {logging_mixin.py:188} INFO - [2024-07-26T12:49:45.659+0000] {dagbag.py:538} INFO - Filling up the DagBag from /home/airflow/.local/lib/python3.8/site-packages/airflow/example_dags/example_kubernetes_executor.py
[2024-07-26T12:49:45.683+0000] {processor.py:840} INFO - DAG(s) 'example_kubernetes_executor' retrieved from /home/airflow/.local/lib/python3.8/site-packages/airflow/example_dags/example_kubernetes_executor.py
[2024-07-26T12:49:45.853+0000] {logging_mixin.py:188} INFO - [2024-07-26T12:49:45.853+0000] {dag.py:3036} INFO - Sync 1 DAGs
[2024-07-26T12:49:45.865+0000] {logging_mixin.py:188} INFO - [2024-07-26T12:49:45.865+0000] {dag.py:3823} INFO - Setting next_dagrun for example_kubernetes_executor to None, run_after=None
[2024-07-26T12:49:45.892+0000] {processor.py:183} INFO - Processing /home/airflow/.local/lib/python3.8/site-packages/airflow/example_dags/example_kubernetes_executor.py took 0.239 seconds
[2024-07-26T12:50:16.574+0000] {processor.py:161} INFO - Started process (PID=159) to work on /home/airflow/.local/lib/python3.8/site-packages/airflow/example_dags/example_kubernetes_executor.py
[2024-07-26T12:50:16.576+0000] {processor.py:830} INFO - Processing file /home/airflow/.local/lib/python3.8/site-packages/airflow/example_dags/example_kubernetes_executor.py for tasks to queue
[2024-07-26T12:50:16.578+0000] {logging_mixin.py:188} INFO - [2024-07-26T12:50:16.577+0000] {dagbag.py:538} INFO - Filling up the DagBag from /home/airflow/.local/lib/python3.8/site-packages/airflow/example_dags/example_kubernetes_executor.py
[2024-07-26T12:50:16.605+0000] {processor.py:840} INFO - DAG(s) 'example_kubernetes_executor' retrieved from /home/airflow/.local/lib/python3.8/site-packages/airflow/example_dags/example_kubernetes_executor.py
[2024-07-26T12:50:16.692+0000] {logging_mixin.py:188} INFO - [2024-07-26T12:50:16.691+0000] {dag.py:3036} INFO - Sync 1 DAGs
[2024-07-26T12:50:16.705+0000] {logging_mixin.py:188} INFO - [2024-07-26T12:50:16.705+0000] {dag.py:3823} INFO - Setting next_dagrun for example_kubernetes_executor to None, run_after=None
[2024-07-26T12:50:16.728+0000] {processor.py:183} INFO - Processing /home/airflow/.local/lib/python3.8/site-packages/airflow/example_dags/example_kubernetes_executor.py took 0.158 seconds
[2024-07-26T12:50:47.628+0000] {processor.py:161} INFO - Started process (PID=222) to work on /home/airflow/.local/lib/python3.8/site-packages/airflow/example_dags/example_kubernetes_executor.py
[2024-07-26T12:50:47.629+0000] {processor.py:830} INFO - Processing file /home/airflow/.local/lib/python3.8/site-packages/airflow/example_dags/example_kubernetes_executor.py for tasks to queue
[2024-07-26T12:50:47.631+0000] {logging_mixin.py:188} INFO - [2024-07-26T12:50:47.631+0000] {dagbag.py:538} INFO - Filling up the DagBag from /home/airflow/.local/lib/python3.8/site-packages/airflow/example_dags/example_kubernetes_executor.py
[2024-07-26T12:50:47.648+0000] {processor.py:840} INFO - DAG(s) 'example_kubernetes_executor' retrieved from /home/airflow/.local/lib/python3.8/site-packages/airflow/example_dags/example_kubernetes_executor.py
[2024-07-26T12:50:47.692+0000] {logging_mixin.py:188} INFO - [2024-07-26T12:50:47.691+0000] {dag.py:3036} INFO - Sync 1 DAGs
[2024-07-26T12:50:47.705+0000] {logging_mixin.py:188} INFO - [2024-07-26T12:50:47.705+0000] {dag.py:3823} INFO - Setting next_dagrun for example_kubernetes_executor to None, run_after=None
[2024-07-26T12:50:47.725+0000] {processor.py:183} INFO - Processing /home/airflow/.local/lib/python3.8/site-packages/airflow/example_dags/example_kubernetes_executor.py took 0.101 seconds
[2024-07-26T12:51:17.848+0000] {processor.py:161} INFO - Started process (PID=285) to work on /home/airflow/.local/lib/python3.8/site-packages/airflow/example_dags/example_kubernetes_executor.py
[2024-07-26T12:51:17.849+0000] {processor.py:830} INFO - Processing file /home/airflow/.local/lib/python3.8/site-packages/airflow/example_dags/example_kubernetes_executor.py for tasks to queue
[2024-07-26T12:51:17.851+0000] {logging_mixin.py:188} INFO - [2024-07-26T12:51:17.851+0000] {dagbag.py:538} INFO - Filling up the DagBag from /home/airflow/.local/lib/python3.8/site-packages/airflow/example_dags/example_kubernetes_executor.py
[2024-07-26T12:51:17.867+0000] {processor.py:840} INFO - DAG(s) 'example_kubernetes_executor' retrieved from /home/airflow/.local/lib/python3.8/site-packages/airflow/example_dags/example_kubernetes_executor.py
[2024-07-26T12:51:17.910+0000] {logging_mixin.py:188} INFO - [2024-07-26T12:51:17.909+0000] {dag.py:3036} INFO - Sync 1 DAGs
[2024-07-26T12:51:17.925+0000] {logging_mixin.py:188} INFO - [2024-07-26T12:51:17.924+0000] {dag.py:3823} INFO - Setting next_dagrun for example_kubernetes_executor to None, run_after=None
[2024-07-26T12:51:17.944+0000] {processor.py:183} INFO - Processing /home/airflow/.local/lib/python3.8/site-packages/airflow/example_dags/example_kubernetes_executor.py took 0.099 seconds
[2024-07-26T12:51:48.041+0000] {processor.py:161} INFO - Started process (PID=349) to work on /home/airflow/.local/lib/python3.8/site-packages/airflow/example_dags/example_kubernetes_executor.py
[2024-07-26T12:51:48.042+0000] {processor.py:830} INFO - Processing file /home/airflow/.local/lib/python3.8/site-packages/airflow/example_dags/example_kubernetes_executor.py for tasks to queue
[2024-07-26T12:51:48.044+0000] {logging_mixin.py:188} INFO - [2024-07-26T12:51:48.044+0000] {dagbag.py:538} INFO - Filling up the DagBag from /home/airflow/.local/lib/python3.8/site-packages/airflow/example_dags/example_kubernetes_executor.py
[2024-07-26T12:51:48.059+0000] {processor.py:840} INFO - DAG(s) 'example_kubernetes_executor' retrieved from /home/airflow/.local/lib/python3.8/site-packages/airflow/example_dags/example_kubernetes_executor.py
[2024-07-26T12:51:48.103+0000] {logging_mixin.py:188} INFO - [2024-07-26T12:51:48.102+0000] {dag.py:3036} INFO - Sync 1 DAGs
[2024-07-26T12:51:48.117+0000] {logging_mixin.py:188} INFO - [2024-07-26T12:51:48.117+0000] {dag.py:3823} INFO - Setting next_dagrun for example_kubernetes_executor to None, run_after=None
[2024-07-26T12:51:48.140+0000] {processor.py:183} INFO - Processing /home/airflow/.local/lib/python3.8/site-packages/airflow/example_dags/example_kubernetes_executor.py took 0.102 seconds
[2024-07-26T12:52:18.869+0000] {processor.py:161} INFO - Started process (PID=413) to work on /home/airflow/.local/lib/python3.8/site-packages/airflow/example_dags/example_kubernetes_executor.py
[2024-07-26T12:52:18.870+0000] {processor.py:830} INFO - Processing file /home/airflow/.local/lib/python3.8/site-packages/airflow/example_dags/example_kubernetes_executor.py for tasks to queue
[2024-07-26T12:52:18.872+0000] {logging_mixin.py:188} INFO - [2024-07-26T12:52:18.872+0000] {dagbag.py:538} INFO - Filling up the DagBag from /home/airflow/.local/lib/python3.8/site-packages/airflow/example_dags/example_kubernetes_executor.py
[2024-07-26T12:52:18.888+0000] {processor.py:840} INFO - DAG(s) 'example_kubernetes_executor' retrieved from /home/airflow/.local/lib/python3.8/site-packages/airflow/example_dags/example_kubernetes_executor.py
[2024-07-26T12:52:18.949+0000] {logging_mixin.py:188} INFO - [2024-07-26T12:52:18.949+0000] {dag.py:3036} INFO - Sync 1 DAGs
[2024-07-26T12:52:18.966+0000] {logging_mixin.py:188} INFO - [2024-07-26T12:52:18.965+0000] {dag.py:3823} INFO - Setting next_dagrun for example_kubernetes_executor to None, run_after=None
[2024-07-26T12:52:18.990+0000] {processor.py:183} INFO - Processing /home/airflow/.local/lib/python3.8/site-packages/airflow/example_dags/example_kubernetes_executor.py took 0.124 seconds
[2024-07-26T12:52:49.341+0000] {processor.py:161} INFO - Started process (PID=477) to work on /home/airflow/.local/lib/python3.8/site-packages/airflow/example_dags/example_kubernetes_executor.py
[2024-07-26T12:52:49.342+0000] {processor.py:830} INFO - Processing file /home/airflow/.local/lib/python3.8/site-packages/airflow/example_dags/example_kubernetes_executor.py for tasks to queue
[2024-07-26T12:52:49.345+0000] {logging_mixin.py:188} INFO - [2024-07-26T12:52:49.345+0000] {dagbag.py:538} INFO - Filling up the DagBag from /home/airflow/.local/lib/python3.8/site-packages/airflow/example_dags/example_kubernetes_executor.py
[2024-07-26T12:52:49.363+0000] {processor.py:840} INFO - DAG(s) 'example_kubernetes_executor' retrieved from /home/airflow/.local/lib/python3.8/site-packages/airflow/example_dags/example_kubernetes_executor.py
[2024-07-26T12:52:49.410+0000] {logging_mixin.py:188} INFO - [2024-07-26T12:52:49.409+0000] {dag.py:3036} INFO - Sync 1 DAGs
[2024-07-26T12:52:49.427+0000] {logging_mixin.py:188} INFO - [2024-07-26T12:52:49.427+0000] {dag.py:3823} INFO - Setting next_dagrun for example_kubernetes_executor to None, run_after=None
[2024-07-26T12:52:49.454+0000] {processor.py:183} INFO - Processing /home/airflow/.local/lib/python3.8/site-packages/airflow/example_dags/example_kubernetes_executor.py took 0.116 seconds
[2024-07-26T12:53:20.024+0000] {processor.py:161} INFO - Started process (PID=541) to work on /home/airflow/.local/lib/python3.8/site-packages/airflow/example_dags/example_kubernetes_executor.py
[2024-07-26T12:53:20.025+0000] {processor.py:830} INFO - Processing file /home/airflow/.local/lib/python3.8/site-packages/airflow/example_dags/example_kubernetes_executor.py for tasks to queue
[2024-07-26T12:53:20.028+0000] {logging_mixin.py:188} INFO - [2024-07-26T12:53:20.028+0000] {dagbag.py:538} INFO - Filling up the DagBag from /home/airflow/.local/lib/python3.8/site-packages/airflow/example_dags/example_kubernetes_executor.py
[2024-07-26T12:53:20.056+0000] {processor.py:840} INFO - DAG(s) 'example_kubernetes_executor' retrieved from /home/airflow/.local/lib/python3.8/site-packages/airflow/example_dags/example_kubernetes_executor.py
[2024-07-26T12:53:20.095+0000] {logging_mixin.py:188} INFO - [2024-07-26T12:53:20.095+0000] {dag.py:3036} INFO - Sync 1 DAGs
[2024-07-26T12:53:20.109+0000] {logging_mixin.py:188} INFO - [2024-07-26T12:53:20.109+0000] {dag.py:3823} INFO - Setting next_dagrun for example_kubernetes_executor to None, run_after=None
[2024-07-26T12:53:20.133+0000] {processor.py:183} INFO - Processing /home/airflow/.local/lib/python3.8/site-packages/airflow/example_dags/example_kubernetes_executor.py took 0.116 seconds
[2024-07-26T12:53:50.261+0000] {processor.py:161} INFO - Started process (PID=605) to work on /home/airflow/.local/lib/python3.8/site-packages/airflow/example_dags/example_kubernetes_executor.py
[2024-07-26T12:53:50.263+0000] {processor.py:830} INFO - Processing file /home/airflow/.local/lib/python3.8/site-packages/airflow/example_dags/example_kubernetes_executor.py for tasks to queue
[2024-07-26T12:53:50.265+0000] {logging_mixin.py:188} INFO - [2024-07-26T12:53:50.265+0000] {dagbag.py:538} INFO - Filling up the DagBag from /home/airflow/.local/lib/python3.8/site-packages/airflow/example_dags/example_kubernetes_executor.py
[2024-07-26T12:53:50.283+0000] {processor.py:840} INFO - DAG(s) 'example_kubernetes_executor' retrieved from /home/airflow/.local/lib/python3.8/site-packages/airflow/example_dags/example_kubernetes_executor.py
[2024-07-26T12:53:50.329+0000] {logging_mixin.py:188} INFO - [2024-07-26T12:53:50.329+0000] {dag.py:3036} INFO - Sync 1 DAGs
[2024-07-26T12:53:50.344+0000] {logging_mixin.py:188} INFO - [2024-07-26T12:53:50.344+0000] {dag.py:3823} INFO - Setting next_dagrun for example_kubernetes_executor to None, run_after=None
[2024-07-26T12:53:50.369+0000] {processor.py:183} INFO - Processing /home/airflow/.local/lib/python3.8/site-packages/airflow/example_dags/example_kubernetes_executor.py took 0.112 seconds
[2024-07-26T12:54:20.637+0000] {processor.py:161} INFO - Started process (PID=669) to work on /home/airflow/.local/lib/python3.8/site-packages/airflow/example_dags/example_kubernetes_executor.py
[2024-07-26T12:54:20.638+0000] {processor.py:830} INFO - Processing file /home/airflow/.local/lib/python3.8/site-packages/airflow/example_dags/example_kubernetes_executor.py for tasks to queue
[2024-07-26T12:54:20.641+0000] {logging_mixin.py:188} INFO - [2024-07-26T12:54:20.640+0000] {dagbag.py:538} INFO - Filling up the DagBag from /home/airflow/.local/lib/python3.8/site-packages/airflow/example_dags/example_kubernetes_executor.py
[2024-07-26T12:54:20.659+0000] {processor.py:840} INFO - DAG(s) 'example_kubernetes_executor' retrieved from /home/airflow/.local/lib/python3.8/site-packages/airflow/example_dags/example_kubernetes_executor.py
[2024-07-26T12:54:20.699+0000] {logging_mixin.py:188} INFO - [2024-07-26T12:54:20.699+0000] {dag.py:3036} INFO - Sync 1 DAGs
[2024-07-26T12:54:20.713+0000] {logging_mixin.py:188} INFO - [2024-07-26T12:54:20.713+0000] {dag.py:3823} INFO - Setting next_dagrun for example_kubernetes_executor to None, run_after=None
[2024-07-26T12:54:20.737+0000] {processor.py:183} INFO - Processing /home/airflow/.local/lib/python3.8/site-packages/airflow/example_dags/example_kubernetes_executor.py took 0.103 seconds
[2024-07-26T12:54:50.987+0000] {processor.py:161} INFO - Started process (PID=733) to work on /home/airflow/.local/lib/python3.8/site-packages/airflow/example_dags/example_kubernetes_executor.py
[2024-07-26T12:54:50.988+0000] {processor.py:830} INFO - Processing file /home/airflow/.local/lib/python3.8/site-packages/airflow/example_dags/example_kubernetes_executor.py for tasks to queue
[2024-07-26T12:54:50.990+0000] {logging_mixin.py:188} INFO - [2024-07-26T12:54:50.990+0000] {dagbag.py:538} INFO - Filling up the DagBag from /home/airflow/.local/lib/python3.8/site-packages/airflow/example_dags/example_kubernetes_executor.py
[2024-07-26T12:54:51.007+0000] {processor.py:840} INFO - DAG(s) 'example_kubernetes_executor' retrieved from /home/airflow/.local/lib/python3.8/site-packages/airflow/example_dags/example_kubernetes_executor.py
[2024-07-26T12:54:51.051+0000] {logging_mixin.py:188} INFO - [2024-07-26T12:54:51.051+0000] {dag.py:3036} INFO - Sync 1 DAGs
[2024-07-26T12:54:51.066+0000] {logging_mixin.py:188} INFO - [2024-07-26T12:54:51.066+0000] {dag.py:3823} INFO - Setting next_dagrun for example_kubernetes_executor to None, run_after=None
[2024-07-26T12:54:51.096+0000] {processor.py:183} INFO - Processing /home/airflow/.local/lib/python3.8/site-packages/airflow/example_dags/example_kubernetes_executor.py took 0.112 seconds
[2024-07-26T12:55:21.597+0000] {processor.py:161} INFO - Started process (PID=797) to work on /home/airflow/.local/lib/python3.8/site-packages/airflow/example_dags/example_kubernetes_executor.py
[2024-07-26T12:55:21.598+0000] {processor.py:830} INFO - Processing file /home/airflow/.local/lib/python3.8/site-packages/airflow/example_dags/example_kubernetes_executor.py for tasks to queue
[2024-07-26T12:55:21.600+0000] {logging_mixin.py:188} INFO - [2024-07-26T12:55:21.599+0000] {dagbag.py:538} INFO - Filling up the DagBag from /home/airflow/.local/lib/python3.8/site-packages/airflow/example_dags/example_kubernetes_executor.py
[2024-07-26T12:55:21.620+0000] {processor.py:840} INFO - DAG(s) 'example_kubernetes_executor' retrieved from /home/airflow/.local/lib/python3.8/site-packages/airflow/example_dags/example_kubernetes_executor.py
[2024-07-26T12:55:21.668+0000] {logging_mixin.py:188} INFO - [2024-07-26T12:55:21.668+0000] {dag.py:3036} INFO - Sync 1 DAGs
[2024-07-26T12:55:21.684+0000] {logging_mixin.py:188} INFO - [2024-07-26T12:55:21.683+0000] {dag.py:3823} INFO - Setting next_dagrun for example_kubernetes_executor to None, run_after=None
[2024-07-26T12:55:21.709+0000] {processor.py:183} INFO - Processing /home/airflow/.local/lib/python3.8/site-packages/airflow/example_dags/example_kubernetes_executor.py took 0.117 seconds
[2024-07-26T12:55:52.512+0000] {processor.py:161} INFO - Started process (PID=861) to work on /home/airflow/.local/lib/python3.8/site-packages/airflow/example_dags/example_kubernetes_executor.py
[2024-07-26T12:55:52.513+0000] {processor.py:830} INFO - Processing file /home/airflow/.local/lib/python3.8/site-packages/airflow/example_dags/example_kubernetes_executor.py for tasks to queue
[2024-07-26T12:55:52.515+0000] {logging_mixin.py:188} INFO - [2024-07-26T12:55:52.515+0000] {dagbag.py:538} INFO - Filling up the DagBag from /home/airflow/.local/lib/python3.8/site-packages/airflow/example_dags/example_kubernetes_executor.py
[2024-07-26T12:55:52.538+0000] {processor.py:840} INFO - DAG(s) 'example_kubernetes_executor' retrieved from /home/airflow/.local/lib/python3.8/site-packages/airflow/example_dags/example_kubernetes_executor.py
[2024-07-26T12:55:52.589+0000] {logging_mixin.py:188} INFO - [2024-07-26T12:55:52.588+0000] {dag.py:3036} INFO - Sync 1 DAGs
[2024-07-26T12:55:52.604+0000] {logging_mixin.py:188} INFO - [2024-07-26T12:55:52.603+0000] {dag.py:3823} INFO - Setting next_dagrun for example_kubernetes_executor to None, run_after=None
[2024-07-26T12:55:52.630+0000] {processor.py:183} INFO - Processing /home/airflow/.local/lib/python3.8/site-packages/airflow/example_dags/example_kubernetes_executor.py took 0.122 seconds
[2024-07-26T12:56:23.331+0000] {processor.py:161} INFO - Started process (PID=925) to work on /home/airflow/.local/lib/python3.8/site-packages/airflow/example_dags/example_kubernetes_executor.py
[2024-07-26T12:56:23.332+0000] {processor.py:830} INFO - Processing file /home/airflow/.local/lib/python3.8/site-packages/airflow/example_dags/example_kubernetes_executor.py for tasks to queue
[2024-07-26T12:56:23.335+0000] {logging_mixin.py:188} INFO - [2024-07-26T12:56:23.334+0000] {dagbag.py:538} INFO - Filling up the DagBag from /home/airflow/.local/lib/python3.8/site-packages/airflow/example_dags/example_kubernetes_executor.py
[2024-07-26T12:56:23.350+0000] {processor.py:840} INFO - DAG(s) 'example_kubernetes_executor' retrieved from /home/airflow/.local/lib/python3.8/site-packages/airflow/example_dags/example_kubernetes_executor.py
[2024-07-26T12:56:23.394+0000] {logging_mixin.py:188} INFO - [2024-07-26T12:56:23.394+0000] {dag.py:3036} INFO - Sync 1 DAGs
[2024-07-26T12:56:23.408+0000] {logging_mixin.py:188} INFO - [2024-07-26T12:56:23.408+0000] {dag.py:3823} INFO - Setting next_dagrun for example_kubernetes_executor to None, run_after=None
[2024-07-26T12:56:23.433+0000] {processor.py:183} INFO - Processing /home/airflow/.local/lib/python3.8/site-packages/airflow/example_dags/example_kubernetes_executor.py took 0.105 seconds
[2024-07-26T12:56:53.838+0000] {processor.py:161} INFO - Started process (PID=989) to work on /home/airflow/.local/lib/python3.8/site-packages/airflow/example_dags/example_kubernetes_executor.py
[2024-07-26T12:56:53.839+0000] {processor.py:830} INFO - Processing file /home/airflow/.local/lib/python3.8/site-packages/airflow/example_dags/example_kubernetes_executor.py for tasks to queue
[2024-07-26T12:56:53.841+0000] {logging_mixin.py:188} INFO - [2024-07-26T12:56:53.840+0000] {dagbag.py:538} INFO - Filling up the DagBag from /home/airflow/.local/lib/python3.8/site-packages/airflow/example_dags/example_kubernetes_executor.py
[2024-07-26T12:56:53.857+0000] {processor.py:840} INFO - DAG(s) 'example_kubernetes_executor' retrieved from /home/airflow/.local/lib/python3.8/site-packages/airflow/example_dags/example_kubernetes_executor.py
[2024-07-26T12:56:53.910+0000] {logging_mixin.py:188} INFO - [2024-07-26T12:56:53.910+0000] {dag.py:3036} INFO - Sync 1 DAGs
[2024-07-26T12:56:53.931+0000] {logging_mixin.py:188} INFO - [2024-07-26T12:56:53.931+0000] {dag.py:3823} INFO - Setting next_dagrun for example_kubernetes_executor to None, run_after=None
[2024-07-26T12:56:53.957+0000] {processor.py:183} INFO - Processing /home/airflow/.local/lib/python3.8/site-packages/airflow/example_dags/example_kubernetes_executor.py took 0.122 seconds
[2024-07-26T12:57:24.343+0000] {processor.py:161} INFO - Started process (PID=1053) to work on /home/airflow/.local/lib/python3.8/site-packages/airflow/example_dags/example_kubernetes_executor.py
[2024-07-26T12:57:24.344+0000] {processor.py:830} INFO - Processing file /home/airflow/.local/lib/python3.8/site-packages/airflow/example_dags/example_kubernetes_executor.py for tasks to queue
[2024-07-26T12:57:24.347+0000] {logging_mixin.py:188} INFO - [2024-07-26T12:57:24.347+0000] {dagbag.py:538} INFO - Filling up the DagBag from /home/airflow/.local/lib/python3.8/site-packages/airflow/example_dags/example_kubernetes_executor.py
[2024-07-26T12:57:24.365+0000] {processor.py:840} INFO - DAG(s) 'example_kubernetes_executor' retrieved from /home/airflow/.local/lib/python3.8/site-packages/airflow/example_dags/example_kubernetes_executor.py
[2024-07-26T12:57:24.413+0000] {logging_mixin.py:188} INFO - [2024-07-26T12:57:24.412+0000] {dag.py:3036} INFO - Sync 1 DAGs
[2024-07-26T12:57:24.441+0000] {logging_mixin.py:188} INFO - [2024-07-26T12:57:24.440+0000] {dag.py:3823} INFO - Setting next_dagrun for example_kubernetes_executor to None, run_after=None
[2024-07-26T12:57:24.463+0000] {processor.py:183} INFO - Processing /home/airflow/.local/lib/python3.8/site-packages/airflow/example_dags/example_kubernetes_executor.py took 0.123 seconds
[2024-07-26T12:57:54.851+0000] {processor.py:161} INFO - Started process (PID=1117) to work on /home/airflow/.local/lib/python3.8/site-packages/airflow/example_dags/example_kubernetes_executor.py
[2024-07-26T12:57:54.852+0000] {processor.py:830} INFO - Processing file /home/airflow/.local/lib/python3.8/site-packages/airflow/example_dags/example_kubernetes_executor.py for tasks to queue
[2024-07-26T12:57:54.854+0000] {logging_mixin.py:188} INFO - [2024-07-26T12:57:54.853+0000] {dagbag.py:538} INFO - Filling up the DagBag from /home/airflow/.local/lib/python3.8/site-packages/airflow/example_dags/example_kubernetes_executor.py
[2024-07-26T12:57:54.869+0000] {processor.py:840} INFO - DAG(s) 'example_kubernetes_executor' retrieved from /home/airflow/.local/lib/python3.8/site-packages/airflow/example_dags/example_kubernetes_executor.py
[2024-07-26T12:57:54.913+0000] {logging_mixin.py:188} INFO - [2024-07-26T12:57:54.913+0000] {dag.py:3036} INFO - Sync 1 DAGs
[2024-07-26T12:57:54.928+0000] {logging_mixin.py:188} INFO - [2024-07-26T12:57:54.928+0000] {dag.py:3823} INFO - Setting next_dagrun for example_kubernetes_executor to None, run_after=None
[2024-07-26T12:57:54.955+0000] {processor.py:183} INFO - Processing /home/airflow/.local/lib/python3.8/site-packages/airflow/example_dags/example_kubernetes_executor.py took 0.108 seconds
[2024-07-26T12:58:25.052+0000] {processor.py:161} INFO - Started process (PID=1181) to work on /home/airflow/.local/lib/python3.8/site-packages/airflow/example_dags/example_kubernetes_executor.py
[2024-07-26T12:58:25.053+0000] {processor.py:830} INFO - Processing file /home/airflow/.local/lib/python3.8/site-packages/airflow/example_dags/example_kubernetes_executor.py for tasks to queue
[2024-07-26T12:58:25.056+0000] {logging_mixin.py:188} INFO - [2024-07-26T12:58:25.056+0000] {dagbag.py:538} INFO - Filling up the DagBag from /home/airflow/.local/lib/python3.8/site-packages/airflow/example_dags/example_kubernetes_executor.py
[2024-07-26T12:58:25.076+0000] {processor.py:840} INFO - DAG(s) 'example_kubernetes_executor' retrieved from /home/airflow/.local/lib/python3.8/site-packages/airflow/example_dags/example_kubernetes_executor.py
[2024-07-26T12:58:25.127+0000] {logging_mixin.py:188} INFO - [2024-07-26T12:58:25.127+0000] {dag.py:3036} INFO - Sync 1 DAGs
[2024-07-26T12:58:25.141+0000] {logging_mixin.py:188} INFO - [2024-07-26T12:58:25.141+0000] {dag.py:3823} INFO - Setting next_dagrun for example_kubernetes_executor to None, run_after=None
[2024-07-26T12:58:25.163+0000] {processor.py:183} INFO - Processing /home/airflow/.local/lib/python3.8/site-packages/airflow/example_dags/example_kubernetes_executor.py took 0.114 seconds
[2024-07-26T12:58:56.194+0000] {processor.py:161} INFO - Started process (PID=1245) to work on /home/airflow/.local/lib/python3.8/site-packages/airflow/example_dags/example_kubernetes_executor.py
[2024-07-26T12:58:56.195+0000] {processor.py:830} INFO - Processing file /home/airflow/.local/lib/python3.8/site-packages/airflow/example_dags/example_kubernetes_executor.py for tasks to queue
[2024-07-26T12:58:56.197+0000] {logging_mixin.py:188} INFO - [2024-07-26T12:58:56.197+0000] {dagbag.py:538} INFO - Filling up the DagBag from /home/airflow/.local/lib/python3.8/site-packages/airflow/example_dags/example_kubernetes_executor.py
[2024-07-26T12:58:56.219+0000] {processor.py:840} INFO - DAG(s) 'example_kubernetes_executor' retrieved from /home/airflow/.local/lib/python3.8/site-packages/airflow/example_dags/example_kubernetes_executor.py
[2024-07-26T12:58:56.269+0000] {logging_mixin.py:188} INFO - [2024-07-26T12:58:56.269+0000] {dag.py:3036} INFO - Sync 1 DAGs
[2024-07-26T12:58:56.283+0000] {logging_mixin.py:188} INFO - [2024-07-26T12:58:56.282+0000] {dag.py:3823} INFO - Setting next_dagrun for example_kubernetes_executor to None, run_after=None
[2024-07-26T12:58:56.303+0000] {processor.py:183} INFO - Processing /home/airflow/.local/lib/python3.8/site-packages/airflow/example_dags/example_kubernetes_executor.py took 0.112 seconds
