[2024-07-26T12:15:27.241+0000] {processor.py:161} INFO - Started process (PID=110) to work on /home/airflow/.local/lib/python3.8/site-packages/airflow/example_dags/example_short_circuit_operator.py
[2024-07-26T12:15:27.242+0000] {processor.py:830} INFO - Processing file /home/airflow/.local/lib/python3.8/site-packages/airflow/example_dags/example_short_circuit_operator.py for tasks to queue
[2024-07-26T12:15:27.244+0000] {logging_mixin.py:188} INFO - [2024-07-26T12:15:27.243+0000] {dagbag.py:538} INFO - Filling up the DagBag from /home/airflow/.local/lib/python3.8/site-packages/airflow/example_dags/example_short_circuit_operator.py
[2024-07-26T12:15:27.262+0000] {processor.py:840} INFO - DAG(s) 'example_short_circuit_operator' retrieved from /home/airflow/.local/lib/python3.8/site-packages/airflow/example_dags/example_short_circuit_operator.py
[2024-07-26T12:15:27.506+0000] {logging_mixin.py:188} INFO - [2024-07-26T12:15:27.505+0000] {dag.py:3036} INFO - Sync 1 DAGs
[2024-07-26T12:15:27.538+0000] {logging_mixin.py:188} INFO - [2024-07-26T12:15:27.537+0000] {dag.py:3823} INFO - Setting next_dagrun for example_short_circuit_operator to 2024-07-25 00:00:00+00:00, run_after=2024-07-26 00:00:00+00:00
[2024-07-26T12:15:27.577+0000] {processor.py:183} INFO - Processing /home/airflow/.local/lib/python3.8/site-packages/airflow/example_dags/example_short_circuit_operator.py took 0.340 seconds
[2024-07-26T12:15:58.382+0000] {processor.py:161} INFO - Started process (PID=174) to work on /home/airflow/.local/lib/python3.8/site-packages/airflow/example_dags/example_short_circuit_operator.py
[2024-07-26T12:15:58.384+0000] {processor.py:830} INFO - Processing file /home/airflow/.local/lib/python3.8/site-packages/airflow/example_dags/example_short_circuit_operator.py for tasks to queue
[2024-07-26T12:15:58.388+0000] {logging_mixin.py:188} INFO - [2024-07-26T12:15:58.388+0000] {dagbag.py:538} INFO - Filling up the DagBag from /home/airflow/.local/lib/python3.8/site-packages/airflow/example_dags/example_short_circuit_operator.py
[2024-07-26T12:15:58.410+0000] {processor.py:840} INFO - DAG(s) 'example_short_circuit_operator' retrieved from /home/airflow/.local/lib/python3.8/site-packages/airflow/example_dags/example_short_circuit_operator.py
[2024-07-26T12:15:58.471+0000] {logging_mixin.py:188} INFO - [2024-07-26T12:15:58.471+0000] {dag.py:3036} INFO - Sync 1 DAGs
[2024-07-26T12:15:58.502+0000] {logging_mixin.py:188} INFO - [2024-07-26T12:15:58.501+0000] {dag.py:3823} INFO - Setting next_dagrun for example_short_circuit_operator to 2024-07-25 00:00:00+00:00, run_after=2024-07-26 00:00:00+00:00
[2024-07-26T12:15:58.526+0000] {processor.py:183} INFO - Processing /home/airflow/.local/lib/python3.8/site-packages/airflow/example_dags/example_short_circuit_operator.py took 0.150 seconds
[2024-07-26T12:16:29.127+0000] {processor.py:161} INFO - Started process (PID=238) to work on /home/airflow/.local/lib/python3.8/site-packages/airflow/example_dags/example_short_circuit_operator.py
[2024-07-26T12:16:29.128+0000] {processor.py:830} INFO - Processing file /home/airflow/.local/lib/python3.8/site-packages/airflow/example_dags/example_short_circuit_operator.py for tasks to queue
[2024-07-26T12:16:29.130+0000] {logging_mixin.py:188} INFO - [2024-07-26T12:16:29.129+0000] {dagbag.py:538} INFO - Filling up the DagBag from /home/airflow/.local/lib/python3.8/site-packages/airflow/example_dags/example_short_circuit_operator.py
[2024-07-26T12:16:29.140+0000] {processor.py:840} INFO - DAG(s) 'example_short_circuit_operator' retrieved from /home/airflow/.local/lib/python3.8/site-packages/airflow/example_dags/example_short_circuit_operator.py
[2024-07-26T12:16:29.167+0000] {logging_mixin.py:188} INFO - [2024-07-26T12:16:29.167+0000] {dag.py:3036} INFO - Sync 1 DAGs
[2024-07-26T12:16:29.193+0000] {logging_mixin.py:188} INFO - [2024-07-26T12:16:29.193+0000] {dag.py:3823} INFO - Setting next_dagrun for example_short_circuit_operator to 2024-07-25 00:00:00+00:00, run_after=2024-07-26 00:00:00+00:00
[2024-07-26T12:16:29.215+0000] {processor.py:183} INFO - Processing /home/airflow/.local/lib/python3.8/site-packages/airflow/example_dags/example_short_circuit_operator.py took 0.092 seconds
[2024-07-26T12:16:59.768+0000] {processor.py:161} INFO - Started process (PID=302) to work on /home/airflow/.local/lib/python3.8/site-packages/airflow/example_dags/example_short_circuit_operator.py
[2024-07-26T12:16:59.769+0000] {processor.py:830} INFO - Processing file /home/airflow/.local/lib/python3.8/site-packages/airflow/example_dags/example_short_circuit_operator.py for tasks to queue
[2024-07-26T12:16:59.770+0000] {logging_mixin.py:188} INFO - [2024-07-26T12:16:59.770+0000] {dagbag.py:538} INFO - Filling up the DagBag from /home/airflow/.local/lib/python3.8/site-packages/airflow/example_dags/example_short_circuit_operator.py
[2024-07-26T12:16:59.779+0000] {processor.py:840} INFO - DAG(s) 'example_short_circuit_operator' retrieved from /home/airflow/.local/lib/python3.8/site-packages/airflow/example_dags/example_short_circuit_operator.py
[2024-07-26T12:16:59.804+0000] {logging_mixin.py:188} INFO - [2024-07-26T12:16:59.804+0000] {dag.py:3036} INFO - Sync 1 DAGs
[2024-07-26T12:16:59.831+0000] {logging_mixin.py:188} INFO - [2024-07-26T12:16:59.831+0000] {dag.py:3823} INFO - Setting next_dagrun for example_short_circuit_operator to 2024-07-25 00:00:00+00:00, run_after=2024-07-26 00:00:00+00:00
[2024-07-26T12:16:59.852+0000] {processor.py:183} INFO - Processing /home/airflow/.local/lib/python3.8/site-packages/airflow/example_dags/example_short_circuit_operator.py took 0.088 seconds
[2024-07-26T12:17:30.728+0000] {processor.py:161} INFO - Started process (PID=359) to work on /home/airflow/.local/lib/python3.8/site-packages/airflow/example_dags/example_short_circuit_operator.py
[2024-07-26T12:17:30.729+0000] {processor.py:830} INFO - Processing file /home/airflow/.local/lib/python3.8/site-packages/airflow/example_dags/example_short_circuit_operator.py for tasks to queue
[2024-07-26T12:17:30.731+0000] {logging_mixin.py:188} INFO - [2024-07-26T12:17:30.730+0000] {dagbag.py:538} INFO - Filling up the DagBag from /home/airflow/.local/lib/python3.8/site-packages/airflow/example_dags/example_short_circuit_operator.py
[2024-07-26T12:17:30.739+0000] {processor.py:840} INFO - DAG(s) 'example_short_circuit_operator' retrieved from /home/airflow/.local/lib/python3.8/site-packages/airflow/example_dags/example_short_circuit_operator.py
[2024-07-26T12:17:30.770+0000] {logging_mixin.py:188} INFO - [2024-07-26T12:17:30.770+0000] {dag.py:3036} INFO - Sync 1 DAGs
[2024-07-26T12:17:30.801+0000] {logging_mixin.py:188} INFO - [2024-07-26T12:17:30.801+0000] {dag.py:3823} INFO - Setting next_dagrun for example_short_circuit_operator to 2024-07-25 00:00:00+00:00, run_after=2024-07-26 00:00:00+00:00
[2024-07-26T12:17:30.824+0000] {processor.py:183} INFO - Processing /home/airflow/.local/lib/python3.8/site-packages/airflow/example_dags/example_short_circuit_operator.py took 0.100 seconds
[2024-07-26T12:18:00.955+0000] {processor.py:161} INFO - Started process (PID=421) to work on /home/airflow/.local/lib/python3.8/site-packages/airflow/example_dags/example_short_circuit_operator.py
[2024-07-26T12:18:00.956+0000] {processor.py:830} INFO - Processing file /home/airflow/.local/lib/python3.8/site-packages/airflow/example_dags/example_short_circuit_operator.py for tasks to queue
[2024-07-26T12:18:00.958+0000] {logging_mixin.py:188} INFO - [2024-07-26T12:18:00.958+0000] {dagbag.py:538} INFO - Filling up the DagBag from /home/airflow/.local/lib/python3.8/site-packages/airflow/example_dags/example_short_circuit_operator.py
[2024-07-26T12:18:00.969+0000] {processor.py:840} INFO - DAG(s) 'example_short_circuit_operator' retrieved from /home/airflow/.local/lib/python3.8/site-packages/airflow/example_dags/example_short_circuit_operator.py
[2024-07-26T12:18:01.000+0000] {logging_mixin.py:188} INFO - [2024-07-26T12:18:01.000+0000] {dag.py:3036} INFO - Sync 1 DAGs
[2024-07-26T12:18:01.024+0000] {logging_mixin.py:188} INFO - [2024-07-26T12:18:01.023+0000] {dag.py:3823} INFO - Setting next_dagrun for example_short_circuit_operator to 2024-07-25 00:00:00+00:00, run_after=2024-07-26 00:00:00+00:00
[2024-07-26T12:18:01.044+0000] {processor.py:183} INFO - Processing /home/airflow/.local/lib/python3.8/site-packages/airflow/example_dags/example_short_circuit_operator.py took 0.093 seconds
[2024-07-26T12:18:31.523+0000] {processor.py:161} INFO - Started process (PID=485) to work on /home/airflow/.local/lib/python3.8/site-packages/airflow/example_dags/example_short_circuit_operator.py
[2024-07-26T12:18:31.524+0000] {processor.py:830} INFO - Processing file /home/airflow/.local/lib/python3.8/site-packages/airflow/example_dags/example_short_circuit_operator.py for tasks to queue
[2024-07-26T12:18:31.526+0000] {logging_mixin.py:188} INFO - [2024-07-26T12:18:31.526+0000] {dagbag.py:538} INFO - Filling up the DagBag from /home/airflow/.local/lib/python3.8/site-packages/airflow/example_dags/example_short_circuit_operator.py
[2024-07-26T12:18:31.535+0000] {processor.py:840} INFO - DAG(s) 'example_short_circuit_operator' retrieved from /home/airflow/.local/lib/python3.8/site-packages/airflow/example_dags/example_short_circuit_operator.py
[2024-07-26T12:18:31.562+0000] {logging_mixin.py:188} INFO - [2024-07-26T12:18:31.562+0000] {dag.py:3036} INFO - Sync 1 DAGs
[2024-07-26T12:18:31.589+0000] {logging_mixin.py:188} INFO - [2024-07-26T12:18:31.589+0000] {dag.py:3823} INFO - Setting next_dagrun for example_short_circuit_operator to 2024-07-25 00:00:00+00:00, run_after=2024-07-26 00:00:00+00:00
[2024-07-26T12:18:31.623+0000] {processor.py:183} INFO - Processing /home/airflow/.local/lib/python3.8/site-packages/airflow/example_dags/example_short_circuit_operator.py took 0.102 seconds
[2024-07-26T12:19:01.895+0000] {processor.py:161} INFO - Started process (PID=549) to work on /home/airflow/.local/lib/python3.8/site-packages/airflow/example_dags/example_short_circuit_operator.py
[2024-07-26T12:19:01.896+0000] {processor.py:830} INFO - Processing file /home/airflow/.local/lib/python3.8/site-packages/airflow/example_dags/example_short_circuit_operator.py for tasks to queue
[2024-07-26T12:19:01.898+0000] {logging_mixin.py:188} INFO - [2024-07-26T12:19:01.898+0000] {dagbag.py:538} INFO - Filling up the DagBag from /home/airflow/.local/lib/python3.8/site-packages/airflow/example_dags/example_short_circuit_operator.py
[2024-07-26T12:19:01.906+0000] {processor.py:840} INFO - DAG(s) 'example_short_circuit_operator' retrieved from /home/airflow/.local/lib/python3.8/site-packages/airflow/example_dags/example_short_circuit_operator.py
[2024-07-26T12:19:01.934+0000] {logging_mixin.py:188} INFO - [2024-07-26T12:19:01.934+0000] {dag.py:3036} INFO - Sync 1 DAGs
[2024-07-26T12:19:01.957+0000] {logging_mixin.py:188} INFO - [2024-07-26T12:19:01.957+0000] {dag.py:3823} INFO - Setting next_dagrun for example_short_circuit_operator to 2024-07-25 00:00:00+00:00, run_after=2024-07-26 00:00:00+00:00
[2024-07-26T12:19:01.986+0000] {processor.py:183} INFO - Processing /home/airflow/.local/lib/python3.8/site-packages/airflow/example_dags/example_short_circuit_operator.py took 0.094 seconds
[2024-07-26T12:19:32.342+0000] {processor.py:161} INFO - Started process (PID=614) to work on /home/airflow/.local/lib/python3.8/site-packages/airflow/example_dags/example_short_circuit_operator.py
[2024-07-26T12:19:32.343+0000] {processor.py:830} INFO - Processing file /home/airflow/.local/lib/python3.8/site-packages/airflow/example_dags/example_short_circuit_operator.py for tasks to queue
[2024-07-26T12:19:32.344+0000] {logging_mixin.py:188} INFO - [2024-07-26T12:19:32.344+0000] {dagbag.py:538} INFO - Filling up the DagBag from /home/airflow/.local/lib/python3.8/site-packages/airflow/example_dags/example_short_circuit_operator.py
[2024-07-26T12:19:32.354+0000] {processor.py:840} INFO - DAG(s) 'example_short_circuit_operator' retrieved from /home/airflow/.local/lib/python3.8/site-packages/airflow/example_dags/example_short_circuit_operator.py
[2024-07-26T12:19:32.383+0000] {logging_mixin.py:188} INFO - [2024-07-26T12:19:32.383+0000] {dag.py:3036} INFO - Sync 1 DAGs
[2024-07-26T12:19:32.412+0000] {logging_mixin.py:188} INFO - [2024-07-26T12:19:32.412+0000] {dag.py:3823} INFO - Setting next_dagrun for example_short_circuit_operator to 2024-07-25 00:00:00+00:00, run_after=2024-07-26 00:00:00+00:00
[2024-07-26T12:19:32.446+0000] {processor.py:183} INFO - Processing /home/airflow/.local/lib/python3.8/site-packages/airflow/example_dags/example_short_circuit_operator.py took 0.109 seconds
[2024-07-26T12:28:18.264+0000] {processor.py:161} INFO - Started process (PID=112) to work on /home/airflow/.local/lib/python3.8/site-packages/airflow/example_dags/example_short_circuit_operator.py
[2024-07-26T12:28:18.265+0000] {processor.py:830} INFO - Processing file /home/airflow/.local/lib/python3.8/site-packages/airflow/example_dags/example_short_circuit_operator.py for tasks to queue
[2024-07-26T12:28:18.267+0000] {logging_mixin.py:188} INFO - [2024-07-26T12:28:18.267+0000] {dagbag.py:538} INFO - Filling up the DagBag from /home/airflow/.local/lib/python3.8/site-packages/airflow/example_dags/example_short_circuit_operator.py
[2024-07-26T12:28:18.281+0000] {processor.py:840} INFO - DAG(s) 'example_short_circuit_operator' retrieved from /home/airflow/.local/lib/python3.8/site-packages/airflow/example_dags/example_short_circuit_operator.py
[2024-07-26T12:28:18.458+0000] {logging_mixin.py:188} INFO - [2024-07-26T12:28:18.458+0000] {dag.py:3036} INFO - Sync 1 DAGs
[2024-07-26T12:28:18.483+0000] {logging_mixin.py:188} INFO - [2024-07-26T12:28:18.483+0000] {dag.py:3823} INFO - Setting next_dagrun for example_short_circuit_operator to 2024-07-25 00:00:00+00:00, run_after=2024-07-26 00:00:00+00:00
[2024-07-26T12:28:18.504+0000] {processor.py:183} INFO - Processing /home/airflow/.local/lib/python3.8/site-packages/airflow/example_dags/example_short_circuit_operator.py took 0.245 seconds
[2024-07-26T12:28:48.966+0000] {processor.py:161} INFO - Started process (PID=175) to work on /home/airflow/.local/lib/python3.8/site-packages/airflow/example_dags/example_short_circuit_operator.py
[2024-07-26T12:28:48.968+0000] {processor.py:830} INFO - Processing file /home/airflow/.local/lib/python3.8/site-packages/airflow/example_dags/example_short_circuit_operator.py for tasks to queue
[2024-07-26T12:28:48.970+0000] {logging_mixin.py:188} INFO - [2024-07-26T12:28:48.969+0000] {dagbag.py:538} INFO - Filling up the DagBag from /home/airflow/.local/lib/python3.8/site-packages/airflow/example_dags/example_short_circuit_operator.py
[2024-07-26T12:28:48.979+0000] {processor.py:840} INFO - DAG(s) 'example_short_circuit_operator' retrieved from /home/airflow/.local/lib/python3.8/site-packages/airflow/example_dags/example_short_circuit_operator.py
[2024-07-26T12:28:49.007+0000] {logging_mixin.py:188} INFO - [2024-07-26T12:28:49.007+0000] {dag.py:3036} INFO - Sync 1 DAGs
[2024-07-26T12:28:49.035+0000] {logging_mixin.py:188} INFO - [2024-07-26T12:28:49.035+0000] {dag.py:3823} INFO - Setting next_dagrun for example_short_circuit_operator to 2024-07-25 00:00:00+00:00, run_after=2024-07-26 00:00:00+00:00
[2024-07-26T12:28:49.058+0000] {processor.py:183} INFO - Processing /home/airflow/.local/lib/python3.8/site-packages/airflow/example_dags/example_short_circuit_operator.py took 0.096 seconds
[2024-07-26T12:29:20.118+0000] {processor.py:161} INFO - Started process (PID=239) to work on /home/airflow/.local/lib/python3.8/site-packages/airflow/example_dags/example_short_circuit_operator.py
[2024-07-26T12:29:20.119+0000] {processor.py:830} INFO - Processing file /home/airflow/.local/lib/python3.8/site-packages/airflow/example_dags/example_short_circuit_operator.py for tasks to queue
[2024-07-26T12:29:20.121+0000] {logging_mixin.py:188} INFO - [2024-07-26T12:29:20.121+0000] {dagbag.py:538} INFO - Filling up the DagBag from /home/airflow/.local/lib/python3.8/site-packages/airflow/example_dags/example_short_circuit_operator.py
[2024-07-26T12:29:20.131+0000] {processor.py:840} INFO - DAG(s) 'example_short_circuit_operator' retrieved from /home/airflow/.local/lib/python3.8/site-packages/airflow/example_dags/example_short_circuit_operator.py
[2024-07-26T12:29:20.159+0000] {logging_mixin.py:188} INFO - [2024-07-26T12:29:20.159+0000] {dag.py:3036} INFO - Sync 1 DAGs
[2024-07-26T12:29:20.186+0000] {logging_mixin.py:188} INFO - [2024-07-26T12:29:20.186+0000] {dag.py:3823} INFO - Setting next_dagrun for example_short_circuit_operator to 2024-07-25 00:00:00+00:00, run_after=2024-07-26 00:00:00+00:00
[2024-07-26T12:29:20.206+0000] {processor.py:183} INFO - Processing /home/airflow/.local/lib/python3.8/site-packages/airflow/example_dags/example_short_circuit_operator.py took 0.091 seconds
[2024-07-26T12:29:51.217+0000] {processor.py:161} INFO - Started process (PID=296) to work on /home/airflow/.local/lib/python3.8/site-packages/airflow/example_dags/example_short_circuit_operator.py
[2024-07-26T12:29:51.218+0000] {processor.py:830} INFO - Processing file /home/airflow/.local/lib/python3.8/site-packages/airflow/example_dags/example_short_circuit_operator.py for tasks to queue
[2024-07-26T12:29:51.219+0000] {logging_mixin.py:188} INFO - [2024-07-26T12:29:51.219+0000] {dagbag.py:538} INFO - Filling up the DagBag from /home/airflow/.local/lib/python3.8/site-packages/airflow/example_dags/example_short_circuit_operator.py
[2024-07-26T12:29:51.227+0000] {processor.py:840} INFO - DAG(s) 'example_short_circuit_operator' retrieved from /home/airflow/.local/lib/python3.8/site-packages/airflow/example_dags/example_short_circuit_operator.py
[2024-07-26T12:29:51.255+0000] {logging_mixin.py:188} INFO - [2024-07-26T12:29:51.255+0000] {dag.py:3036} INFO - Sync 1 DAGs
[2024-07-26T12:29:51.281+0000] {logging_mixin.py:188} INFO - [2024-07-26T12:29:51.281+0000] {dag.py:3823} INFO - Setting next_dagrun for example_short_circuit_operator to 2024-07-25 00:00:00+00:00, run_after=2024-07-26 00:00:00+00:00
[2024-07-26T12:29:51.303+0000] {processor.py:183} INFO - Processing /home/airflow/.local/lib/python3.8/site-packages/airflow/example_dags/example_short_circuit_operator.py took 0.090 seconds
[2024-07-26T12:30:21.432+0000] {processor.py:161} INFO - Started process (PID=358) to work on /home/airflow/.local/lib/python3.8/site-packages/airflow/example_dags/example_short_circuit_operator.py
[2024-07-26T12:30:21.433+0000] {processor.py:830} INFO - Processing file /home/airflow/.local/lib/python3.8/site-packages/airflow/example_dags/example_short_circuit_operator.py for tasks to queue
[2024-07-26T12:30:21.435+0000] {logging_mixin.py:188} INFO - [2024-07-26T12:30:21.435+0000] {dagbag.py:538} INFO - Filling up the DagBag from /home/airflow/.local/lib/python3.8/site-packages/airflow/example_dags/example_short_circuit_operator.py
[2024-07-26T12:30:21.445+0000] {processor.py:840} INFO - DAG(s) 'example_short_circuit_operator' retrieved from /home/airflow/.local/lib/python3.8/site-packages/airflow/example_dags/example_short_circuit_operator.py
[2024-07-26T12:30:21.475+0000] {logging_mixin.py:188} INFO - [2024-07-26T12:30:21.475+0000] {dag.py:3036} INFO - Sync 1 DAGs
[2024-07-26T12:30:21.504+0000] {logging_mixin.py:188} INFO - [2024-07-26T12:30:21.504+0000] {dag.py:3823} INFO - Setting next_dagrun for example_short_circuit_operator to 2024-07-25 00:00:00+00:00, run_after=2024-07-26 00:00:00+00:00
[2024-07-26T12:30:21.530+0000] {processor.py:183} INFO - Processing /home/airflow/.local/lib/python3.8/site-packages/airflow/example_dags/example_short_circuit_operator.py took 0.101 seconds
[2024-07-26T12:30:51.570+0000] {processor.py:161} INFO - Started process (PID=422) to work on /home/airflow/.local/lib/python3.8/site-packages/airflow/example_dags/example_short_circuit_operator.py
[2024-07-26T12:30:51.572+0000] {processor.py:830} INFO - Processing file /home/airflow/.local/lib/python3.8/site-packages/airflow/example_dags/example_short_circuit_operator.py for tasks to queue
[2024-07-26T12:30:51.574+0000] {logging_mixin.py:188} INFO - [2024-07-26T12:30:51.574+0000] {dagbag.py:538} INFO - Filling up the DagBag from /home/airflow/.local/lib/python3.8/site-packages/airflow/example_dags/example_short_circuit_operator.py
[2024-07-26T12:30:51.583+0000] {processor.py:840} INFO - DAG(s) 'example_short_circuit_operator' retrieved from /home/airflow/.local/lib/python3.8/site-packages/airflow/example_dags/example_short_circuit_operator.py
[2024-07-26T12:30:51.610+0000] {logging_mixin.py:188} INFO - [2024-07-26T12:30:51.610+0000] {dag.py:3036} INFO - Sync 1 DAGs
[2024-07-26T12:30:51.634+0000] {logging_mixin.py:188} INFO - [2024-07-26T12:30:51.634+0000] {dag.py:3823} INFO - Setting next_dagrun for example_short_circuit_operator to 2024-07-25 00:00:00+00:00, run_after=2024-07-26 00:00:00+00:00
[2024-07-26T12:30:51.660+0000] {processor.py:183} INFO - Processing /home/airflow/.local/lib/python3.8/site-packages/airflow/example_dags/example_short_circuit_operator.py took 0.093 seconds
[2024-07-26T12:31:21.753+0000] {processor.py:161} INFO - Started process (PID=486) to work on /home/airflow/.local/lib/python3.8/site-packages/airflow/example_dags/example_short_circuit_operator.py
[2024-07-26T12:31:21.754+0000] {processor.py:830} INFO - Processing file /home/airflow/.local/lib/python3.8/site-packages/airflow/example_dags/example_short_circuit_operator.py for tasks to queue
[2024-07-26T12:31:21.756+0000] {logging_mixin.py:188} INFO - [2024-07-26T12:31:21.755+0000] {dagbag.py:538} INFO - Filling up the DagBag from /home/airflow/.local/lib/python3.8/site-packages/airflow/example_dags/example_short_circuit_operator.py
[2024-07-26T12:31:21.766+0000] {processor.py:840} INFO - DAG(s) 'example_short_circuit_operator' retrieved from /home/airflow/.local/lib/python3.8/site-packages/airflow/example_dags/example_short_circuit_operator.py
[2024-07-26T12:31:21.802+0000] {logging_mixin.py:188} INFO - [2024-07-26T12:31:21.802+0000] {dag.py:3036} INFO - Sync 1 DAGs
[2024-07-26T12:31:21.836+0000] {logging_mixin.py:188} INFO - [2024-07-26T12:31:21.836+0000] {dag.py:3823} INFO - Setting next_dagrun for example_short_circuit_operator to 2024-07-25 00:00:00+00:00, run_after=2024-07-26 00:00:00+00:00
[2024-07-26T12:31:21.869+0000] {processor.py:183} INFO - Processing /home/airflow/.local/lib/python3.8/site-packages/airflow/example_dags/example_short_circuit_operator.py took 0.120 seconds
[2024-07-26T12:31:52.113+0000] {processor.py:161} INFO - Started process (PID=550) to work on /home/airflow/.local/lib/python3.8/site-packages/airflow/example_dags/example_short_circuit_operator.py
[2024-07-26T12:31:52.114+0000] {processor.py:830} INFO - Processing file /home/airflow/.local/lib/python3.8/site-packages/airflow/example_dags/example_short_circuit_operator.py for tasks to queue
[2024-07-26T12:31:52.116+0000] {logging_mixin.py:188} INFO - [2024-07-26T12:31:52.116+0000] {dagbag.py:538} INFO - Filling up the DagBag from /home/airflow/.local/lib/python3.8/site-packages/airflow/example_dags/example_short_circuit_operator.py
[2024-07-26T12:31:52.126+0000] {processor.py:840} INFO - DAG(s) 'example_short_circuit_operator' retrieved from /home/airflow/.local/lib/python3.8/site-packages/airflow/example_dags/example_short_circuit_operator.py
[2024-07-26T12:31:52.163+0000] {logging_mixin.py:188} INFO - [2024-07-26T12:31:52.162+0000] {dag.py:3036} INFO - Sync 1 DAGs
[2024-07-26T12:31:52.207+0000] {logging_mixin.py:188} INFO - [2024-07-26T12:31:52.206+0000] {dag.py:3823} INFO - Setting next_dagrun for example_short_circuit_operator to 2024-07-25 00:00:00+00:00, run_after=2024-07-26 00:00:00+00:00
[2024-07-26T12:31:52.243+0000] {processor.py:183} INFO - Processing /home/airflow/.local/lib/python3.8/site-packages/airflow/example_dags/example_short_circuit_operator.py took 0.134 seconds
[2024-07-26T12:32:22.650+0000] {processor.py:161} INFO - Started process (PID=614) to work on /home/airflow/.local/lib/python3.8/site-packages/airflow/example_dags/example_short_circuit_operator.py
[2024-07-26T12:32:22.651+0000] {processor.py:830} INFO - Processing file /home/airflow/.local/lib/python3.8/site-packages/airflow/example_dags/example_short_circuit_operator.py for tasks to queue
[2024-07-26T12:32:22.653+0000] {logging_mixin.py:188} INFO - [2024-07-26T12:32:22.652+0000] {dagbag.py:538} INFO - Filling up the DagBag from /home/airflow/.local/lib/python3.8/site-packages/airflow/example_dags/example_short_circuit_operator.py
[2024-07-26T12:32:22.661+0000] {processor.py:840} INFO - DAG(s) 'example_short_circuit_operator' retrieved from /home/airflow/.local/lib/python3.8/site-packages/airflow/example_dags/example_short_circuit_operator.py
[2024-07-26T12:32:22.691+0000] {logging_mixin.py:188} INFO - [2024-07-26T12:32:22.690+0000] {dag.py:3036} INFO - Sync 1 DAGs
[2024-07-26T12:32:22.720+0000] {logging_mixin.py:188} INFO - [2024-07-26T12:32:22.720+0000] {dag.py:3823} INFO - Setting next_dagrun for example_short_circuit_operator to 2024-07-25 00:00:00+00:00, run_after=2024-07-26 00:00:00+00:00
[2024-07-26T12:32:22.744+0000] {processor.py:183} INFO - Processing /home/airflow/.local/lib/python3.8/site-packages/airflow/example_dags/example_short_circuit_operator.py took 0.097 seconds
[2024-07-26T12:32:53.751+0000] {processor.py:161} INFO - Started process (PID=678) to work on /home/airflow/.local/lib/python3.8/site-packages/airflow/example_dags/example_short_circuit_operator.py
[2024-07-26T12:32:53.752+0000] {processor.py:830} INFO - Processing file /home/airflow/.local/lib/python3.8/site-packages/airflow/example_dags/example_short_circuit_operator.py for tasks to queue
[2024-07-26T12:32:53.755+0000] {logging_mixin.py:188} INFO - [2024-07-26T12:32:53.754+0000] {dagbag.py:538} INFO - Filling up the DagBag from /home/airflow/.local/lib/python3.8/site-packages/airflow/example_dags/example_short_circuit_operator.py
[2024-07-26T12:32:53.763+0000] {processor.py:840} INFO - DAG(s) 'example_short_circuit_operator' retrieved from /home/airflow/.local/lib/python3.8/site-packages/airflow/example_dags/example_short_circuit_operator.py
[2024-07-26T12:32:53.794+0000] {logging_mixin.py:188} INFO - [2024-07-26T12:32:53.793+0000] {dag.py:3036} INFO - Sync 1 DAGs
[2024-07-26T12:32:53.818+0000] {logging_mixin.py:188} INFO - [2024-07-26T12:32:53.818+0000] {dag.py:3823} INFO - Setting next_dagrun for example_short_circuit_operator to 2024-07-25 00:00:00+00:00, run_after=2024-07-26 00:00:00+00:00
[2024-07-26T12:32:53.840+0000] {processor.py:183} INFO - Processing /home/airflow/.local/lib/python3.8/site-packages/airflow/example_dags/example_short_circuit_operator.py took 0.093 seconds
[2024-07-26T12:33:24.265+0000] {processor.py:161} INFO - Started process (PID=743) to work on /home/airflow/.local/lib/python3.8/site-packages/airflow/example_dags/example_short_circuit_operator.py
[2024-07-26T12:33:24.266+0000] {processor.py:830} INFO - Processing file /home/airflow/.local/lib/python3.8/site-packages/airflow/example_dags/example_short_circuit_operator.py for tasks to queue
[2024-07-26T12:33:24.268+0000] {logging_mixin.py:188} INFO - [2024-07-26T12:33:24.267+0000] {dagbag.py:538} INFO - Filling up the DagBag from /home/airflow/.local/lib/python3.8/site-packages/airflow/example_dags/example_short_circuit_operator.py
[2024-07-26T12:33:24.276+0000] {processor.py:840} INFO - DAG(s) 'example_short_circuit_operator' retrieved from /home/airflow/.local/lib/python3.8/site-packages/airflow/example_dags/example_short_circuit_operator.py
[2024-07-26T12:33:24.303+0000] {logging_mixin.py:188} INFO - [2024-07-26T12:33:24.303+0000] {dag.py:3036} INFO - Sync 1 DAGs
[2024-07-26T12:33:24.333+0000] {logging_mixin.py:188} INFO - [2024-07-26T12:33:24.333+0000] {dag.py:3823} INFO - Setting next_dagrun for example_short_circuit_operator to 2024-07-25 00:00:00+00:00, run_after=2024-07-26 00:00:00+00:00
[2024-07-26T12:33:24.363+0000] {processor.py:183} INFO - Processing /home/airflow/.local/lib/python3.8/site-packages/airflow/example_dags/example_short_circuit_operator.py took 0.102 seconds
[2024-07-26T12:33:54.890+0000] {processor.py:161} INFO - Started process (PID=807) to work on /home/airflow/.local/lib/python3.8/site-packages/airflow/example_dags/example_short_circuit_operator.py
[2024-07-26T12:33:54.891+0000] {processor.py:830} INFO - Processing file /home/airflow/.local/lib/python3.8/site-packages/airflow/example_dags/example_short_circuit_operator.py for tasks to queue
[2024-07-26T12:33:54.894+0000] {logging_mixin.py:188} INFO - [2024-07-26T12:33:54.894+0000] {dagbag.py:538} INFO - Filling up the DagBag from /home/airflow/.local/lib/python3.8/site-packages/airflow/example_dags/example_short_circuit_operator.py
[2024-07-26T12:33:54.904+0000] {processor.py:840} INFO - DAG(s) 'example_short_circuit_operator' retrieved from /home/airflow/.local/lib/python3.8/site-packages/airflow/example_dags/example_short_circuit_operator.py
[2024-07-26T12:33:54.934+0000] {logging_mixin.py:188} INFO - [2024-07-26T12:33:54.934+0000] {dag.py:3036} INFO - Sync 1 DAGs
[2024-07-26T12:33:54.961+0000] {logging_mixin.py:188} INFO - [2024-07-26T12:33:54.961+0000] {dag.py:3823} INFO - Setting next_dagrun for example_short_circuit_operator to 2024-07-25 00:00:00+00:00, run_after=2024-07-26 00:00:00+00:00
[2024-07-26T12:33:54.991+0000] {processor.py:183} INFO - Processing /home/airflow/.local/lib/python3.8/site-packages/airflow/example_dags/example_short_circuit_operator.py took 0.104 seconds
[2024-07-26T12:34:25.257+0000] {processor.py:161} INFO - Started process (PID=871) to work on /home/airflow/.local/lib/python3.8/site-packages/airflow/example_dags/example_short_circuit_operator.py
[2024-07-26T12:34:25.259+0000] {processor.py:830} INFO - Processing file /home/airflow/.local/lib/python3.8/site-packages/airflow/example_dags/example_short_circuit_operator.py for tasks to queue
[2024-07-26T12:34:25.261+0000] {logging_mixin.py:188} INFO - [2024-07-26T12:34:25.260+0000] {dagbag.py:538} INFO - Filling up the DagBag from /home/airflow/.local/lib/python3.8/site-packages/airflow/example_dags/example_short_circuit_operator.py
[2024-07-26T12:34:25.270+0000] {processor.py:840} INFO - DAG(s) 'example_short_circuit_operator' retrieved from /home/airflow/.local/lib/python3.8/site-packages/airflow/example_dags/example_short_circuit_operator.py
[2024-07-26T12:34:25.298+0000] {logging_mixin.py:188} INFO - [2024-07-26T12:34:25.298+0000] {dag.py:3036} INFO - Sync 1 DAGs
[2024-07-26T12:34:25.324+0000] {logging_mixin.py:188} INFO - [2024-07-26T12:34:25.324+0000] {dag.py:3823} INFO - Setting next_dagrun for example_short_circuit_operator to 2024-07-25 00:00:00+00:00, run_after=2024-07-26 00:00:00+00:00
[2024-07-26T12:34:25.348+0000] {processor.py:183} INFO - Processing /home/airflow/.local/lib/python3.8/site-packages/airflow/example_dags/example_short_circuit_operator.py took 0.094 seconds
[2024-07-26T12:34:55.844+0000] {processor.py:161} INFO - Started process (PID=935) to work on /home/airflow/.local/lib/python3.8/site-packages/airflow/example_dags/example_short_circuit_operator.py
[2024-07-26T12:34:55.846+0000] {processor.py:830} INFO - Processing file /home/airflow/.local/lib/python3.8/site-packages/airflow/example_dags/example_short_circuit_operator.py for tasks to queue
[2024-07-26T12:34:55.848+0000] {logging_mixin.py:188} INFO - [2024-07-26T12:34:55.848+0000] {dagbag.py:538} INFO - Filling up the DagBag from /home/airflow/.local/lib/python3.8/site-packages/airflow/example_dags/example_short_circuit_operator.py
[2024-07-26T12:34:55.858+0000] {processor.py:840} INFO - DAG(s) 'example_short_circuit_operator' retrieved from /home/airflow/.local/lib/python3.8/site-packages/airflow/example_dags/example_short_circuit_operator.py
[2024-07-26T12:34:55.891+0000] {logging_mixin.py:188} INFO - [2024-07-26T12:34:55.890+0000] {dag.py:3036} INFO - Sync 1 DAGs
[2024-07-26T12:34:55.921+0000] {logging_mixin.py:188} INFO - [2024-07-26T12:34:55.921+0000] {dag.py:3823} INFO - Setting next_dagrun for example_short_circuit_operator to 2024-07-25 00:00:00+00:00, run_after=2024-07-26 00:00:00+00:00
[2024-07-26T12:34:55.947+0000] {processor.py:183} INFO - Processing /home/airflow/.local/lib/python3.8/site-packages/airflow/example_dags/example_short_circuit_operator.py took 0.106 seconds
[2024-07-26T12:35:26.592+0000] {processor.py:161} INFO - Started process (PID=999) to work on /home/airflow/.local/lib/python3.8/site-packages/airflow/example_dags/example_short_circuit_operator.py
[2024-07-26T12:35:26.593+0000] {processor.py:830} INFO - Processing file /home/airflow/.local/lib/python3.8/site-packages/airflow/example_dags/example_short_circuit_operator.py for tasks to queue
[2024-07-26T12:35:26.595+0000] {logging_mixin.py:188} INFO - [2024-07-26T12:35:26.594+0000] {dagbag.py:538} INFO - Filling up the DagBag from /home/airflow/.local/lib/python3.8/site-packages/airflow/example_dags/example_short_circuit_operator.py
[2024-07-26T12:35:26.605+0000] {processor.py:840} INFO - DAG(s) 'example_short_circuit_operator' retrieved from /home/airflow/.local/lib/python3.8/site-packages/airflow/example_dags/example_short_circuit_operator.py
[2024-07-26T12:35:26.637+0000] {logging_mixin.py:188} INFO - [2024-07-26T12:35:26.637+0000] {dag.py:3036} INFO - Sync 1 DAGs
[2024-07-26T12:35:26.661+0000] {logging_mixin.py:188} INFO - [2024-07-26T12:35:26.661+0000] {dag.py:3823} INFO - Setting next_dagrun for example_short_circuit_operator to 2024-07-25 00:00:00+00:00, run_after=2024-07-26 00:00:00+00:00
[2024-07-26T12:35:26.684+0000] {processor.py:183} INFO - Processing /home/airflow/.local/lib/python3.8/site-packages/airflow/example_dags/example_short_circuit_operator.py took 0.096 seconds
[2024-07-26T12:35:56.806+0000] {processor.py:161} INFO - Started process (PID=1063) to work on /home/airflow/.local/lib/python3.8/site-packages/airflow/example_dags/example_short_circuit_operator.py
[2024-07-26T12:35:56.807+0000] {processor.py:830} INFO - Processing file /home/airflow/.local/lib/python3.8/site-packages/airflow/example_dags/example_short_circuit_operator.py for tasks to queue
[2024-07-26T12:35:56.810+0000] {logging_mixin.py:188} INFO - [2024-07-26T12:35:56.809+0000] {dagbag.py:538} INFO - Filling up the DagBag from /home/airflow/.local/lib/python3.8/site-packages/airflow/example_dags/example_short_circuit_operator.py
[2024-07-26T12:35:56.817+0000] {processor.py:840} INFO - DAG(s) 'example_short_circuit_operator' retrieved from /home/airflow/.local/lib/python3.8/site-packages/airflow/example_dags/example_short_circuit_operator.py
[2024-07-26T12:35:56.845+0000] {logging_mixin.py:188} INFO - [2024-07-26T12:35:56.845+0000] {dag.py:3036} INFO - Sync 1 DAGs
[2024-07-26T12:35:56.877+0000] {logging_mixin.py:188} INFO - [2024-07-26T12:35:56.877+0000] {dag.py:3823} INFO - Setting next_dagrun for example_short_circuit_operator to 2024-07-25 00:00:00+00:00, run_after=2024-07-26 00:00:00+00:00
[2024-07-26T12:35:56.899+0000] {processor.py:183} INFO - Processing /home/airflow/.local/lib/python3.8/site-packages/airflow/example_dags/example_short_circuit_operator.py took 0.097 seconds
[2024-07-26T12:36:27.136+0000] {processor.py:161} INFO - Started process (PID=1127) to work on /home/airflow/.local/lib/python3.8/site-packages/airflow/example_dags/example_short_circuit_operator.py
[2024-07-26T12:36:27.137+0000] {processor.py:830} INFO - Processing file /home/airflow/.local/lib/python3.8/site-packages/airflow/example_dags/example_short_circuit_operator.py for tasks to queue
[2024-07-26T12:36:27.139+0000] {logging_mixin.py:188} INFO - [2024-07-26T12:36:27.138+0000] {dagbag.py:538} INFO - Filling up the DagBag from /home/airflow/.local/lib/python3.8/site-packages/airflow/example_dags/example_short_circuit_operator.py
[2024-07-26T12:36:27.147+0000] {processor.py:840} INFO - DAG(s) 'example_short_circuit_operator' retrieved from /home/airflow/.local/lib/python3.8/site-packages/airflow/example_dags/example_short_circuit_operator.py
[2024-07-26T12:36:27.176+0000] {logging_mixin.py:188} INFO - [2024-07-26T12:36:27.175+0000] {dag.py:3036} INFO - Sync 1 DAGs
[2024-07-26T12:36:27.203+0000] {logging_mixin.py:188} INFO - [2024-07-26T12:36:27.203+0000] {dag.py:3823} INFO - Setting next_dagrun for example_short_circuit_operator to 2024-07-25 00:00:00+00:00, run_after=2024-07-26 00:00:00+00:00
[2024-07-26T12:36:27.229+0000] {processor.py:183} INFO - Processing /home/airflow/.local/lib/python3.8/site-packages/airflow/example_dags/example_short_circuit_operator.py took 0.096 seconds
[2024-07-26T12:36:57.388+0000] {processor.py:161} INFO - Started process (PID=1190) to work on /home/airflow/.local/lib/python3.8/site-packages/airflow/example_dags/example_short_circuit_operator.py
[2024-07-26T12:36:57.390+0000] {processor.py:830} INFO - Processing file /home/airflow/.local/lib/python3.8/site-packages/airflow/example_dags/example_short_circuit_operator.py for tasks to queue
[2024-07-26T12:36:57.393+0000] {logging_mixin.py:188} INFO - [2024-07-26T12:36:57.392+0000] {dagbag.py:538} INFO - Filling up the DagBag from /home/airflow/.local/lib/python3.8/site-packages/airflow/example_dags/example_short_circuit_operator.py
[2024-07-26T12:36:57.402+0000] {processor.py:840} INFO - DAG(s) 'example_short_circuit_operator' retrieved from /home/airflow/.local/lib/python3.8/site-packages/airflow/example_dags/example_short_circuit_operator.py
[2024-07-26T12:36:57.433+0000] {logging_mixin.py:188} INFO - [2024-07-26T12:36:57.433+0000] {dag.py:3036} INFO - Sync 1 DAGs
[2024-07-26T12:36:57.460+0000] {logging_mixin.py:188} INFO - [2024-07-26T12:36:57.459+0000] {dag.py:3823} INFO - Setting next_dagrun for example_short_circuit_operator to 2024-07-25 00:00:00+00:00, run_after=2024-07-26 00:00:00+00:00
[2024-07-26T12:36:57.482+0000] {processor.py:183} INFO - Processing /home/airflow/.local/lib/python3.8/site-packages/airflow/example_dags/example_short_circuit_operator.py took 0.097 seconds
[2024-07-26T12:37:27.855+0000] {processor.py:161} INFO - Started process (PID=1254) to work on /home/airflow/.local/lib/python3.8/site-packages/airflow/example_dags/example_short_circuit_operator.py
[2024-07-26T12:37:27.856+0000] {processor.py:830} INFO - Processing file /home/airflow/.local/lib/python3.8/site-packages/airflow/example_dags/example_short_circuit_operator.py for tasks to queue
[2024-07-26T12:37:27.858+0000] {logging_mixin.py:188} INFO - [2024-07-26T12:37:27.858+0000] {dagbag.py:538} INFO - Filling up the DagBag from /home/airflow/.local/lib/python3.8/site-packages/airflow/example_dags/example_short_circuit_operator.py
[2024-07-26T12:37:27.867+0000] {processor.py:840} INFO - DAG(s) 'example_short_circuit_operator' retrieved from /home/airflow/.local/lib/python3.8/site-packages/airflow/example_dags/example_short_circuit_operator.py
[2024-07-26T12:37:27.898+0000] {logging_mixin.py:188} INFO - [2024-07-26T12:37:27.898+0000] {dag.py:3036} INFO - Sync 1 DAGs
[2024-07-26T12:37:27.925+0000] {logging_mixin.py:188} INFO - [2024-07-26T12:37:27.925+0000] {dag.py:3823} INFO - Setting next_dagrun for example_short_circuit_operator to 2024-07-25 00:00:00+00:00, run_after=2024-07-26 00:00:00+00:00
[2024-07-26T12:37:27.950+0000] {processor.py:183} INFO - Processing /home/airflow/.local/lib/python3.8/site-packages/airflow/example_dags/example_short_circuit_operator.py took 0.098 seconds
[2024-07-26T12:38:52.250+0000] {processor.py:161} INFO - Started process (PID=100) to work on /home/airflow/.local/lib/python3.8/site-packages/airflow/example_dags/example_short_circuit_operator.py
[2024-07-26T12:38:52.251+0000] {processor.py:830} INFO - Processing file /home/airflow/.local/lib/python3.8/site-packages/airflow/example_dags/example_short_circuit_operator.py for tasks to queue
[2024-07-26T12:38:52.253+0000] {logging_mixin.py:188} INFO - [2024-07-26T12:38:52.253+0000] {dagbag.py:538} INFO - Filling up the DagBag from /home/airflow/.local/lib/python3.8/site-packages/airflow/example_dags/example_short_circuit_operator.py
[2024-07-26T12:38:52.267+0000] {processor.py:840} INFO - DAG(s) 'example_short_circuit_operator' retrieved from /home/airflow/.local/lib/python3.8/site-packages/airflow/example_dags/example_short_circuit_operator.py
[2024-07-26T12:38:52.282+0000] {logging_mixin.py:188} INFO - [2024-07-26T12:38:52.281+0000] {dag.py:3036} INFO - Sync 1 DAGs
[2024-07-26T12:38:52.309+0000] {logging_mixin.py:188} INFO - [2024-07-26T12:38:52.308+0000] {dag.py:3823} INFO - Setting next_dagrun for example_short_circuit_operator to 2024-07-25 00:00:00+00:00, run_after=2024-07-26 00:00:00+00:00
[2024-07-26T12:38:52.332+0000] {processor.py:183} INFO - Processing /home/airflow/.local/lib/python3.8/site-packages/airflow/example_dags/example_short_circuit_operator.py took 0.088 seconds
[2024-07-26T12:39:23.776+0000] {processor.py:161} INFO - Started process (PID=164) to work on /home/airflow/.local/lib/python3.8/site-packages/airflow/example_dags/example_short_circuit_operator.py
[2024-07-26T12:39:23.777+0000] {processor.py:830} INFO - Processing file /home/airflow/.local/lib/python3.8/site-packages/airflow/example_dags/example_short_circuit_operator.py for tasks to queue
[2024-07-26T12:39:23.780+0000] {logging_mixin.py:188} INFO - [2024-07-26T12:39:23.779+0000] {dagbag.py:538} INFO - Filling up the DagBag from /home/airflow/.local/lib/python3.8/site-packages/airflow/example_dags/example_short_circuit_operator.py
[2024-07-26T12:39:23.788+0000] {processor.py:840} INFO - DAG(s) 'example_short_circuit_operator' retrieved from /home/airflow/.local/lib/python3.8/site-packages/airflow/example_dags/example_short_circuit_operator.py
[2024-07-26T12:39:23.950+0000] {logging_mixin.py:188} INFO - [2024-07-26T12:39:23.949+0000] {dag.py:3036} INFO - Sync 1 DAGs
[2024-07-26T12:39:23.973+0000] {logging_mixin.py:188} INFO - [2024-07-26T12:39:23.973+0000] {dag.py:3823} INFO - Setting next_dagrun for example_short_circuit_operator to 2024-07-25 00:00:00+00:00, run_after=2024-07-26 00:00:00+00:00
[2024-07-26T12:39:23.997+0000] {processor.py:183} INFO - Processing /home/airflow/.local/lib/python3.8/site-packages/airflow/example_dags/example_short_circuit_operator.py took 0.225 seconds
[2024-07-26T12:43:18.534+0000] {processor.py:161} INFO - Started process (PID=111) to work on /home/airflow/.local/lib/python3.8/site-packages/airflow/example_dags/example_short_circuit_operator.py
[2024-07-26T12:43:18.535+0000] {processor.py:830} INFO - Processing file /home/airflow/.local/lib/python3.8/site-packages/airflow/example_dags/example_short_circuit_operator.py for tasks to queue
[2024-07-26T12:43:18.537+0000] {logging_mixin.py:188} INFO - [2024-07-26T12:43:18.536+0000] {dagbag.py:538} INFO - Filling up the DagBag from /home/airflow/.local/lib/python3.8/site-packages/airflow/example_dags/example_short_circuit_operator.py
[2024-07-26T12:43:18.550+0000] {processor.py:840} INFO - DAG(s) 'example_short_circuit_operator' retrieved from /home/airflow/.local/lib/python3.8/site-packages/airflow/example_dags/example_short_circuit_operator.py
[2024-07-26T12:43:18.691+0000] {logging_mixin.py:188} INFO - [2024-07-26T12:43:18.691+0000] {dag.py:3036} INFO - Sync 1 DAGs
[2024-07-26T12:43:18.719+0000] {logging_mixin.py:188} INFO - [2024-07-26T12:43:18.719+0000] {dag.py:3823} INFO - Setting next_dagrun for example_short_circuit_operator to 2024-07-25 00:00:00+00:00, run_after=2024-07-26 00:00:00+00:00
[2024-07-26T12:43:18.740+0000] {processor.py:183} INFO - Processing /home/airflow/.local/lib/python3.8/site-packages/airflow/example_dags/example_short_circuit_operator.py took 0.210 seconds
[2024-07-26T12:43:48.808+0000] {processor.py:161} INFO - Started process (PID=175) to work on /home/airflow/.local/lib/python3.8/site-packages/airflow/example_dags/example_short_circuit_operator.py
[2024-07-26T12:43:48.810+0000] {processor.py:830} INFO - Processing file /home/airflow/.local/lib/python3.8/site-packages/airflow/example_dags/example_short_circuit_operator.py for tasks to queue
[2024-07-26T12:43:48.812+0000] {logging_mixin.py:188} INFO - [2024-07-26T12:43:48.811+0000] {dagbag.py:538} INFO - Filling up the DagBag from /home/airflow/.local/lib/python3.8/site-packages/airflow/example_dags/example_short_circuit_operator.py
[2024-07-26T12:43:48.823+0000] {processor.py:840} INFO - DAG(s) 'example_short_circuit_operator' retrieved from /home/airflow/.local/lib/python3.8/site-packages/airflow/example_dags/example_short_circuit_operator.py
[2024-07-26T12:43:48.854+0000] {logging_mixin.py:188} INFO - [2024-07-26T12:43:48.854+0000] {dag.py:3036} INFO - Sync 1 DAGs
[2024-07-26T12:43:48.880+0000] {logging_mixin.py:188} INFO - [2024-07-26T12:43:48.879+0000] {dag.py:3823} INFO - Setting next_dagrun for example_short_circuit_operator to 2024-07-25 00:00:00+00:00, run_after=2024-07-26 00:00:00+00:00
[2024-07-26T12:43:48.901+0000] {processor.py:183} INFO - Processing /home/airflow/.local/lib/python3.8/site-packages/airflow/example_dags/example_short_circuit_operator.py took 0.096 seconds
[2024-07-26T12:44:20.149+0000] {processor.py:161} INFO - Started process (PID=239) to work on /home/airflow/.local/lib/python3.8/site-packages/airflow/example_dags/example_short_circuit_operator.py
[2024-07-26T12:44:20.150+0000] {processor.py:830} INFO - Processing file /home/airflow/.local/lib/python3.8/site-packages/airflow/example_dags/example_short_circuit_operator.py for tasks to queue
[2024-07-26T12:44:20.152+0000] {logging_mixin.py:188} INFO - [2024-07-26T12:44:20.152+0000] {dagbag.py:538} INFO - Filling up the DagBag from /home/airflow/.local/lib/python3.8/site-packages/airflow/example_dags/example_short_circuit_operator.py
[2024-07-26T12:44:20.161+0000] {processor.py:840} INFO - DAG(s) 'example_short_circuit_operator' retrieved from /home/airflow/.local/lib/python3.8/site-packages/airflow/example_dags/example_short_circuit_operator.py
[2024-07-26T12:44:20.199+0000] {logging_mixin.py:188} INFO - [2024-07-26T12:44:20.197+0000] {dag.py:3036} INFO - Sync 1 DAGs
[2024-07-26T12:44:20.225+0000] {logging_mixin.py:188} INFO - [2024-07-26T12:44:20.225+0000] {dag.py:3823} INFO - Setting next_dagrun for example_short_circuit_operator to 2024-07-25 00:00:00+00:00, run_after=2024-07-26 00:00:00+00:00
[2024-07-26T12:44:20.252+0000] {processor.py:183} INFO - Processing /home/airflow/.local/lib/python3.8/site-packages/airflow/example_dags/example_short_circuit_operator.py took 0.106 seconds
[2024-07-26T12:49:46.086+0000] {processor.py:161} INFO - Started process (PID=105) to work on /home/airflow/.local/lib/python3.8/site-packages/airflow/example_dags/example_short_circuit_operator.py
[2024-07-26T12:49:46.087+0000] {processor.py:830} INFO - Processing file /home/airflow/.local/lib/python3.8/site-packages/airflow/example_dags/example_short_circuit_operator.py for tasks to queue
[2024-07-26T12:49:46.089+0000] {logging_mixin.py:188} INFO - [2024-07-26T12:49:46.089+0000] {dagbag.py:538} INFO - Filling up the DagBag from /home/airflow/.local/lib/python3.8/site-packages/airflow/example_dags/example_short_circuit_operator.py
[2024-07-26T12:49:46.103+0000] {processor.py:840} INFO - DAG(s) 'example_short_circuit_operator' retrieved from /home/airflow/.local/lib/python3.8/site-packages/airflow/example_dags/example_short_circuit_operator.py
[2024-07-26T12:49:46.244+0000] {logging_mixin.py:188} INFO - [2024-07-26T12:49:46.243+0000] {dag.py:3036} INFO - Sync 1 DAGs
[2024-07-26T12:49:46.266+0000] {logging_mixin.py:188} INFO - [2024-07-26T12:49:46.266+0000] {dag.py:3823} INFO - Setting next_dagrun for example_short_circuit_operator to 2024-07-25 00:00:00+00:00, run_after=2024-07-26 00:00:00+00:00
[2024-07-26T12:49:46.286+0000] {processor.py:183} INFO - Processing /home/airflow/.local/lib/python3.8/site-packages/airflow/example_dags/example_short_circuit_operator.py took 0.203 seconds
[2024-07-26T12:50:16.994+0000] {processor.py:161} INFO - Started process (PID=169) to work on /home/airflow/.local/lib/python3.8/site-packages/airflow/example_dags/example_short_circuit_operator.py
[2024-07-26T12:50:16.995+0000] {processor.py:830} INFO - Processing file /home/airflow/.local/lib/python3.8/site-packages/airflow/example_dags/example_short_circuit_operator.py for tasks to queue
[2024-07-26T12:50:16.997+0000] {logging_mixin.py:188} INFO - [2024-07-26T12:50:16.997+0000] {dagbag.py:538} INFO - Filling up the DagBag from /home/airflow/.local/lib/python3.8/site-packages/airflow/example_dags/example_short_circuit_operator.py
[2024-07-26T12:50:17.005+0000] {processor.py:840} INFO - DAG(s) 'example_short_circuit_operator' retrieved from /home/airflow/.local/lib/python3.8/site-packages/airflow/example_dags/example_short_circuit_operator.py
[2024-07-26T12:50:17.030+0000] {logging_mixin.py:188} INFO - [2024-07-26T12:50:17.029+0000] {dag.py:3036} INFO - Sync 1 DAGs
[2024-07-26T12:50:17.054+0000] {logging_mixin.py:188} INFO - [2024-07-26T12:50:17.053+0000] {dag.py:3823} INFO - Setting next_dagrun for example_short_circuit_operator to 2024-07-25 00:00:00+00:00, run_after=2024-07-26 00:00:00+00:00
[2024-07-26T12:50:17.073+0000] {processor.py:183} INFO - Processing /home/airflow/.local/lib/python3.8/site-packages/airflow/example_dags/example_short_circuit_operator.py took 0.082 seconds
[2024-07-26T12:50:47.989+0000] {processor.py:161} INFO - Started process (PID=226) to work on /home/airflow/.local/lib/python3.8/site-packages/airflow/example_dags/example_short_circuit_operator.py
[2024-07-26T12:50:47.990+0000] {processor.py:830} INFO - Processing file /home/airflow/.local/lib/python3.8/site-packages/airflow/example_dags/example_short_circuit_operator.py for tasks to queue
[2024-07-26T12:50:47.992+0000] {logging_mixin.py:188} INFO - [2024-07-26T12:50:47.992+0000] {dagbag.py:538} INFO - Filling up the DagBag from /home/airflow/.local/lib/python3.8/site-packages/airflow/example_dags/example_short_circuit_operator.py
[2024-07-26T12:50:48.002+0000] {processor.py:840} INFO - DAG(s) 'example_short_circuit_operator' retrieved from /home/airflow/.local/lib/python3.8/site-packages/airflow/example_dags/example_short_circuit_operator.py
[2024-07-26T12:50:48.032+0000] {logging_mixin.py:188} INFO - [2024-07-26T12:50:48.031+0000] {dag.py:3036} INFO - Sync 1 DAGs
[2024-07-26T12:50:48.056+0000] {logging_mixin.py:188} INFO - [2024-07-26T12:50:48.056+0000] {dag.py:3823} INFO - Setting next_dagrun for example_short_circuit_operator to 2024-07-25 00:00:00+00:00, run_after=2024-07-26 00:00:00+00:00
[2024-07-26T12:50:48.077+0000] {processor.py:183} INFO - Processing /home/airflow/.local/lib/python3.8/site-packages/airflow/example_dags/example_short_circuit_operator.py took 0.091 seconds
[2024-07-26T12:51:18.248+0000] {processor.py:161} INFO - Started process (PID=288) to work on /home/airflow/.local/lib/python3.8/site-packages/airflow/example_dags/example_short_circuit_operator.py
[2024-07-26T12:51:18.250+0000] {processor.py:830} INFO - Processing file /home/airflow/.local/lib/python3.8/site-packages/airflow/example_dags/example_short_circuit_operator.py for tasks to queue
[2024-07-26T12:51:18.252+0000] {logging_mixin.py:188} INFO - [2024-07-26T12:51:18.252+0000] {dagbag.py:538} INFO - Filling up the DagBag from /home/airflow/.local/lib/python3.8/site-packages/airflow/example_dags/example_short_circuit_operator.py
[2024-07-26T12:51:18.261+0000] {processor.py:840} INFO - DAG(s) 'example_short_circuit_operator' retrieved from /home/airflow/.local/lib/python3.8/site-packages/airflow/example_dags/example_short_circuit_operator.py
[2024-07-26T12:51:18.290+0000] {logging_mixin.py:188} INFO - [2024-07-26T12:51:18.290+0000] {dag.py:3036} INFO - Sync 1 DAGs
[2024-07-26T12:51:18.319+0000] {logging_mixin.py:188} INFO - [2024-07-26T12:51:18.319+0000] {dag.py:3823} INFO - Setting next_dagrun for example_short_circuit_operator to 2024-07-25 00:00:00+00:00, run_after=2024-07-26 00:00:00+00:00
[2024-07-26T12:51:18.346+0000] {processor.py:183} INFO - Processing /home/airflow/.local/lib/python3.8/site-packages/airflow/example_dags/example_short_circuit_operator.py took 0.101 seconds
[2024-07-26T12:51:48.402+0000] {processor.py:161} INFO - Started process (PID=352) to work on /home/airflow/.local/lib/python3.8/site-packages/airflow/example_dags/example_short_circuit_operator.py
[2024-07-26T12:51:48.403+0000] {processor.py:830} INFO - Processing file /home/airflow/.local/lib/python3.8/site-packages/airflow/example_dags/example_short_circuit_operator.py for tasks to queue
[2024-07-26T12:51:48.405+0000] {logging_mixin.py:188} INFO - [2024-07-26T12:51:48.404+0000] {dagbag.py:538} INFO - Filling up the DagBag from /home/airflow/.local/lib/python3.8/site-packages/airflow/example_dags/example_short_circuit_operator.py
[2024-07-26T12:51:48.416+0000] {processor.py:840} INFO - DAG(s) 'example_short_circuit_operator' retrieved from /home/airflow/.local/lib/python3.8/site-packages/airflow/example_dags/example_short_circuit_operator.py
[2024-07-26T12:51:48.443+0000] {logging_mixin.py:188} INFO - [2024-07-26T12:51:48.443+0000] {dag.py:3036} INFO - Sync 1 DAGs
[2024-07-26T12:51:48.469+0000] {logging_mixin.py:188} INFO - [2024-07-26T12:51:48.469+0000] {dag.py:3823} INFO - Setting next_dagrun for example_short_circuit_operator to 2024-07-25 00:00:00+00:00, run_after=2024-07-26 00:00:00+00:00
[2024-07-26T12:51:48.492+0000] {processor.py:183} INFO - Processing /home/airflow/.local/lib/python3.8/site-packages/airflow/example_dags/example_short_circuit_operator.py took 0.094 seconds
[2024-07-26T12:52:19.021+0000] {processor.py:161} INFO - Started process (PID=416) to work on /home/airflow/.local/lib/python3.8/site-packages/airflow/example_dags/example_short_circuit_operator.py
[2024-07-26T12:52:19.022+0000] {processor.py:830} INFO - Processing file /home/airflow/.local/lib/python3.8/site-packages/airflow/example_dags/example_short_circuit_operator.py for tasks to queue
[2024-07-26T12:52:19.024+0000] {logging_mixin.py:188} INFO - [2024-07-26T12:52:19.024+0000] {dagbag.py:538} INFO - Filling up the DagBag from /home/airflow/.local/lib/python3.8/site-packages/airflow/example_dags/example_short_circuit_operator.py
[2024-07-26T12:52:19.033+0000] {processor.py:840} INFO - DAG(s) 'example_short_circuit_operator' retrieved from /home/airflow/.local/lib/python3.8/site-packages/airflow/example_dags/example_short_circuit_operator.py
[2024-07-26T12:52:19.061+0000] {logging_mixin.py:188} INFO - [2024-07-26T12:52:19.060+0000] {dag.py:3036} INFO - Sync 1 DAGs
[2024-07-26T12:52:19.085+0000] {logging_mixin.py:188} INFO - [2024-07-26T12:52:19.085+0000] {dag.py:3823} INFO - Setting next_dagrun for example_short_circuit_operator to 2024-07-25 00:00:00+00:00, run_after=2024-07-26 00:00:00+00:00
[2024-07-26T12:52:19.106+0000] {processor.py:183} INFO - Processing /home/airflow/.local/lib/python3.8/site-packages/airflow/example_dags/example_short_circuit_operator.py took 0.089 seconds
[2024-07-26T12:52:49.483+0000] {processor.py:161} INFO - Started process (PID=480) to work on /home/airflow/.local/lib/python3.8/site-packages/airflow/example_dags/example_short_circuit_operator.py
[2024-07-26T12:52:49.484+0000] {processor.py:830} INFO - Processing file /home/airflow/.local/lib/python3.8/site-packages/airflow/example_dags/example_short_circuit_operator.py for tasks to queue
[2024-07-26T12:52:49.486+0000] {logging_mixin.py:188} INFO - [2024-07-26T12:52:49.486+0000] {dagbag.py:538} INFO - Filling up the DagBag from /home/airflow/.local/lib/python3.8/site-packages/airflow/example_dags/example_short_circuit_operator.py
[2024-07-26T12:52:49.495+0000] {processor.py:840} INFO - DAG(s) 'example_short_circuit_operator' retrieved from /home/airflow/.local/lib/python3.8/site-packages/airflow/example_dags/example_short_circuit_operator.py
[2024-07-26T12:52:49.525+0000] {logging_mixin.py:188} INFO - [2024-07-26T12:52:49.525+0000] {dag.py:3036} INFO - Sync 1 DAGs
[2024-07-26T12:52:49.554+0000] {logging_mixin.py:188} INFO - [2024-07-26T12:52:49.554+0000] {dag.py:3823} INFO - Setting next_dagrun for example_short_circuit_operator to 2024-07-25 00:00:00+00:00, run_after=2024-07-26 00:00:00+00:00
[2024-07-26T12:52:49.580+0000] {processor.py:183} INFO - Processing /home/airflow/.local/lib/python3.8/site-packages/airflow/example_dags/example_short_circuit_operator.py took 0.101 seconds
[2024-07-26T12:53:20.164+0000] {processor.py:161} INFO - Started process (PID=544) to work on /home/airflow/.local/lib/python3.8/site-packages/airflow/example_dags/example_short_circuit_operator.py
[2024-07-26T12:53:20.166+0000] {processor.py:830} INFO - Processing file /home/airflow/.local/lib/python3.8/site-packages/airflow/example_dags/example_short_circuit_operator.py for tasks to queue
[2024-07-26T12:53:20.167+0000] {logging_mixin.py:188} INFO - [2024-07-26T12:53:20.167+0000] {dagbag.py:538} INFO - Filling up the DagBag from /home/airflow/.local/lib/python3.8/site-packages/airflow/example_dags/example_short_circuit_operator.py
[2024-07-26T12:53:20.177+0000] {processor.py:840} INFO - DAG(s) 'example_short_circuit_operator' retrieved from /home/airflow/.local/lib/python3.8/site-packages/airflow/example_dags/example_short_circuit_operator.py
[2024-07-26T12:53:20.204+0000] {logging_mixin.py:188} INFO - [2024-07-26T12:53:20.204+0000] {dag.py:3036} INFO - Sync 1 DAGs
[2024-07-26T12:53:20.228+0000] {logging_mixin.py:188} INFO - [2024-07-26T12:53:20.227+0000] {dag.py:3823} INFO - Setting next_dagrun for example_short_circuit_operator to 2024-07-25 00:00:00+00:00, run_after=2024-07-26 00:00:00+00:00
[2024-07-26T12:53:20.247+0000] {processor.py:183} INFO - Processing /home/airflow/.local/lib/python3.8/site-packages/airflow/example_dags/example_short_circuit_operator.py took 0.086 seconds
[2024-07-26T12:53:50.397+0000] {processor.py:161} INFO - Started process (PID=608) to work on /home/airflow/.local/lib/python3.8/site-packages/airflow/example_dags/example_short_circuit_operator.py
[2024-07-26T12:53:50.398+0000] {processor.py:830} INFO - Processing file /home/airflow/.local/lib/python3.8/site-packages/airflow/example_dags/example_short_circuit_operator.py for tasks to queue
[2024-07-26T12:53:50.399+0000] {logging_mixin.py:188} INFO - [2024-07-26T12:53:50.399+0000] {dagbag.py:538} INFO - Filling up the DagBag from /home/airflow/.local/lib/python3.8/site-packages/airflow/example_dags/example_short_circuit_operator.py
[2024-07-26T12:53:50.408+0000] {processor.py:840} INFO - DAG(s) 'example_short_circuit_operator' retrieved from /home/airflow/.local/lib/python3.8/site-packages/airflow/example_dags/example_short_circuit_operator.py
[2024-07-26T12:53:50.435+0000] {logging_mixin.py:188} INFO - [2024-07-26T12:53:50.435+0000] {dag.py:3036} INFO - Sync 1 DAGs
[2024-07-26T12:53:50.461+0000] {logging_mixin.py:188} INFO - [2024-07-26T12:53:50.461+0000] {dag.py:3823} INFO - Setting next_dagrun for example_short_circuit_operator to 2024-07-25 00:00:00+00:00, run_after=2024-07-26 00:00:00+00:00
[2024-07-26T12:53:50.484+0000] {processor.py:183} INFO - Processing /home/airflow/.local/lib/python3.8/site-packages/airflow/example_dags/example_short_circuit_operator.py took 0.090 seconds
[2024-07-26T12:54:20.765+0000] {processor.py:161} INFO - Started process (PID=672) to work on /home/airflow/.local/lib/python3.8/site-packages/airflow/example_dags/example_short_circuit_operator.py
[2024-07-26T12:54:20.766+0000] {processor.py:830} INFO - Processing file /home/airflow/.local/lib/python3.8/site-packages/airflow/example_dags/example_short_circuit_operator.py for tasks to queue
[2024-07-26T12:54:20.768+0000] {logging_mixin.py:188} INFO - [2024-07-26T12:54:20.768+0000] {dagbag.py:538} INFO - Filling up the DagBag from /home/airflow/.local/lib/python3.8/site-packages/airflow/example_dags/example_short_circuit_operator.py
[2024-07-26T12:54:20.776+0000] {processor.py:840} INFO - DAG(s) 'example_short_circuit_operator' retrieved from /home/airflow/.local/lib/python3.8/site-packages/airflow/example_dags/example_short_circuit_operator.py
[2024-07-26T12:54:20.820+0000] {logging_mixin.py:188} INFO - [2024-07-26T12:54:20.819+0000] {dag.py:3036} INFO - Sync 1 DAGs
[2024-07-26T12:54:20.908+0000] {logging_mixin.py:188} INFO - [2024-07-26T12:54:20.908+0000] {dag.py:3823} INFO - Setting next_dagrun for example_short_circuit_operator to 2024-07-25 00:00:00+00:00, run_after=2024-07-26 00:00:00+00:00
[2024-07-26T12:54:20.970+0000] {processor.py:183} INFO - Processing /home/airflow/.local/lib/python3.8/site-packages/airflow/example_dags/example_short_circuit_operator.py took 0.209 seconds
[2024-07-26T12:54:51.126+0000] {processor.py:161} INFO - Started process (PID=736) to work on /home/airflow/.local/lib/python3.8/site-packages/airflow/example_dags/example_short_circuit_operator.py
[2024-07-26T12:54:51.128+0000] {processor.py:830} INFO - Processing file /home/airflow/.local/lib/python3.8/site-packages/airflow/example_dags/example_short_circuit_operator.py for tasks to queue
[2024-07-26T12:54:51.131+0000] {logging_mixin.py:188} INFO - [2024-07-26T12:54:51.131+0000] {dagbag.py:538} INFO - Filling up the DagBag from /home/airflow/.local/lib/python3.8/site-packages/airflow/example_dags/example_short_circuit_operator.py
[2024-07-26T12:54:51.140+0000] {processor.py:840} INFO - DAG(s) 'example_short_circuit_operator' retrieved from /home/airflow/.local/lib/python3.8/site-packages/airflow/example_dags/example_short_circuit_operator.py
[2024-07-26T12:54:51.178+0000] {logging_mixin.py:188} INFO - [2024-07-26T12:54:51.178+0000] {dag.py:3036} INFO - Sync 1 DAGs
[2024-07-26T12:54:51.214+0000] {logging_mixin.py:188} INFO - [2024-07-26T12:54:51.213+0000] {dag.py:3823} INFO - Setting next_dagrun for example_short_circuit_operator to 2024-07-25 00:00:00+00:00, run_after=2024-07-26 00:00:00+00:00
[2024-07-26T12:54:51.238+0000] {processor.py:183} INFO - Processing /home/airflow/.local/lib/python3.8/site-packages/airflow/example_dags/example_short_circuit_operator.py took 0.116 seconds
[2024-07-26T12:55:21.745+0000] {processor.py:161} INFO - Started process (PID=800) to work on /home/airflow/.local/lib/python3.8/site-packages/airflow/example_dags/example_short_circuit_operator.py
[2024-07-26T12:55:21.746+0000] {processor.py:830} INFO - Processing file /home/airflow/.local/lib/python3.8/site-packages/airflow/example_dags/example_short_circuit_operator.py for tasks to queue
[2024-07-26T12:55:21.748+0000] {logging_mixin.py:188} INFO - [2024-07-26T12:55:21.747+0000] {dagbag.py:538} INFO - Filling up the DagBag from /home/airflow/.local/lib/python3.8/site-packages/airflow/example_dags/example_short_circuit_operator.py
[2024-07-26T12:55:21.758+0000] {processor.py:840} INFO - DAG(s) 'example_short_circuit_operator' retrieved from /home/airflow/.local/lib/python3.8/site-packages/airflow/example_dags/example_short_circuit_operator.py
[2024-07-26T12:55:21.792+0000] {logging_mixin.py:188} INFO - [2024-07-26T12:55:21.791+0000] {dag.py:3036} INFO - Sync 1 DAGs
[2024-07-26T12:55:21.818+0000] {logging_mixin.py:188} INFO - [2024-07-26T12:55:21.818+0000] {dag.py:3823} INFO - Setting next_dagrun for example_short_circuit_operator to 2024-07-25 00:00:00+00:00, run_after=2024-07-26 00:00:00+00:00
[2024-07-26T12:55:21.839+0000] {processor.py:183} INFO - Processing /home/airflow/.local/lib/python3.8/site-packages/airflow/example_dags/example_short_circuit_operator.py took 0.099 seconds
[2024-07-26T12:55:52.659+0000] {processor.py:161} INFO - Started process (PID=864) to work on /home/airflow/.local/lib/python3.8/site-packages/airflow/example_dags/example_short_circuit_operator.py
[2024-07-26T12:55:52.660+0000] {processor.py:830} INFO - Processing file /home/airflow/.local/lib/python3.8/site-packages/airflow/example_dags/example_short_circuit_operator.py for tasks to queue
[2024-07-26T12:55:52.662+0000] {logging_mixin.py:188} INFO - [2024-07-26T12:55:52.662+0000] {dagbag.py:538} INFO - Filling up the DagBag from /home/airflow/.local/lib/python3.8/site-packages/airflow/example_dags/example_short_circuit_operator.py
[2024-07-26T12:55:52.672+0000] {processor.py:840} INFO - DAG(s) 'example_short_circuit_operator' retrieved from /home/airflow/.local/lib/python3.8/site-packages/airflow/example_dags/example_short_circuit_operator.py
[2024-07-26T12:55:52.697+0000] {logging_mixin.py:188} INFO - [2024-07-26T12:55:52.697+0000] {dag.py:3036} INFO - Sync 1 DAGs
[2024-07-26T12:55:52.730+0000] {logging_mixin.py:188} INFO - [2024-07-26T12:55:52.730+0000] {dag.py:3823} INFO - Setting next_dagrun for example_short_circuit_operator to 2024-07-25 00:00:00+00:00, run_after=2024-07-26 00:00:00+00:00
[2024-07-26T12:55:52.758+0000] {processor.py:183} INFO - Processing /home/airflow/.local/lib/python3.8/site-packages/airflow/example_dags/example_short_circuit_operator.py took 0.104 seconds
[2024-07-26T12:56:23.461+0000] {processor.py:161} INFO - Started process (PID=928) to work on /home/airflow/.local/lib/python3.8/site-packages/airflow/example_dags/example_short_circuit_operator.py
[2024-07-26T12:56:23.462+0000] {processor.py:830} INFO - Processing file /home/airflow/.local/lib/python3.8/site-packages/airflow/example_dags/example_short_circuit_operator.py for tasks to queue
[2024-07-26T12:56:23.464+0000] {logging_mixin.py:188} INFO - [2024-07-26T12:56:23.463+0000] {dagbag.py:538} INFO - Filling up the DagBag from /home/airflow/.local/lib/python3.8/site-packages/airflow/example_dags/example_short_circuit_operator.py
[2024-07-26T12:56:23.472+0000] {processor.py:840} INFO - DAG(s) 'example_short_circuit_operator' retrieved from /home/airflow/.local/lib/python3.8/site-packages/airflow/example_dags/example_short_circuit_operator.py
[2024-07-26T12:56:23.497+0000] {logging_mixin.py:188} INFO - [2024-07-26T12:56:23.497+0000] {dag.py:3036} INFO - Sync 1 DAGs
[2024-07-26T12:56:23.521+0000] {logging_mixin.py:188} INFO - [2024-07-26T12:56:23.520+0000] {dag.py:3823} INFO - Setting next_dagrun for example_short_circuit_operator to 2024-07-25 00:00:00+00:00, run_after=2024-07-26 00:00:00+00:00
[2024-07-26T12:56:23.540+0000] {processor.py:183} INFO - Processing /home/airflow/.local/lib/python3.8/site-packages/airflow/example_dags/example_short_circuit_operator.py took 0.083 seconds
[2024-07-26T12:56:53.985+0000] {processor.py:161} INFO - Started process (PID=992) to work on /home/airflow/.local/lib/python3.8/site-packages/airflow/example_dags/example_short_circuit_operator.py
[2024-07-26T12:56:53.986+0000] {processor.py:830} INFO - Processing file /home/airflow/.local/lib/python3.8/site-packages/airflow/example_dags/example_short_circuit_operator.py for tasks to queue
[2024-07-26T12:56:53.989+0000] {logging_mixin.py:188} INFO - [2024-07-26T12:56:53.988+0000] {dagbag.py:538} INFO - Filling up the DagBag from /home/airflow/.local/lib/python3.8/site-packages/airflow/example_dags/example_short_circuit_operator.py
[2024-07-26T12:56:53.999+0000] {processor.py:840} INFO - DAG(s) 'example_short_circuit_operator' retrieved from /home/airflow/.local/lib/python3.8/site-packages/airflow/example_dags/example_short_circuit_operator.py
[2024-07-26T12:56:54.026+0000] {logging_mixin.py:188} INFO - [2024-07-26T12:56:54.025+0000] {dag.py:3036} INFO - Sync 1 DAGs
[2024-07-26T12:56:54.050+0000] {logging_mixin.py:188} INFO - [2024-07-26T12:56:54.050+0000] {dag.py:3823} INFO - Setting next_dagrun for example_short_circuit_operator to 2024-07-25 00:00:00+00:00, run_after=2024-07-26 00:00:00+00:00
[2024-07-26T12:56:54.071+0000] {processor.py:183} INFO - Processing /home/airflow/.local/lib/python3.8/site-packages/airflow/example_dags/example_short_circuit_operator.py took 0.089 seconds
[2024-07-26T12:57:24.488+0000] {processor.py:161} INFO - Started process (PID=1056) to work on /home/airflow/.local/lib/python3.8/site-packages/airflow/example_dags/example_short_circuit_operator.py
[2024-07-26T12:57:24.489+0000] {processor.py:830} INFO - Processing file /home/airflow/.local/lib/python3.8/site-packages/airflow/example_dags/example_short_circuit_operator.py for tasks to queue
[2024-07-26T12:57:24.491+0000] {logging_mixin.py:188} INFO - [2024-07-26T12:57:24.491+0000] {dagbag.py:538} INFO - Filling up the DagBag from /home/airflow/.local/lib/python3.8/site-packages/airflow/example_dags/example_short_circuit_operator.py
[2024-07-26T12:57:24.500+0000] {processor.py:840} INFO - DAG(s) 'example_short_circuit_operator' retrieved from /home/airflow/.local/lib/python3.8/site-packages/airflow/example_dags/example_short_circuit_operator.py
[2024-07-26T12:57:24.526+0000] {logging_mixin.py:188} INFO - [2024-07-26T12:57:24.526+0000] {dag.py:3036} INFO - Sync 1 DAGs
[2024-07-26T12:57:24.550+0000] {logging_mixin.py:188} INFO - [2024-07-26T12:57:24.550+0000] {dag.py:3823} INFO - Setting next_dagrun for example_short_circuit_operator to 2024-07-25 00:00:00+00:00, run_after=2024-07-26 00:00:00+00:00
[2024-07-26T12:57:24.571+0000] {processor.py:183} INFO - Processing /home/airflow/.local/lib/python3.8/site-packages/airflow/example_dags/example_short_circuit_operator.py took 0.086 seconds
[2024-07-26T12:57:54.984+0000] {processor.py:161} INFO - Started process (PID=1120) to work on /home/airflow/.local/lib/python3.8/site-packages/airflow/example_dags/example_short_circuit_operator.py
[2024-07-26T12:57:54.985+0000] {processor.py:830} INFO - Processing file /home/airflow/.local/lib/python3.8/site-packages/airflow/example_dags/example_short_circuit_operator.py for tasks to queue
[2024-07-26T12:57:54.987+0000] {logging_mixin.py:188} INFO - [2024-07-26T12:57:54.987+0000] {dagbag.py:538} INFO - Filling up the DagBag from /home/airflow/.local/lib/python3.8/site-packages/airflow/example_dags/example_short_circuit_operator.py
[2024-07-26T12:57:54.997+0000] {processor.py:840} INFO - DAG(s) 'example_short_circuit_operator' retrieved from /home/airflow/.local/lib/python3.8/site-packages/airflow/example_dags/example_short_circuit_operator.py
[2024-07-26T12:57:55.024+0000] {logging_mixin.py:188} INFO - [2024-07-26T12:57:55.024+0000] {dag.py:3036} INFO - Sync 1 DAGs
[2024-07-26T12:57:55.046+0000] {logging_mixin.py:188} INFO - [2024-07-26T12:57:55.046+0000] {dag.py:3823} INFO - Setting next_dagrun for example_short_circuit_operator to 2024-07-25 00:00:00+00:00, run_after=2024-07-26 00:00:00+00:00
[2024-07-26T12:57:55.065+0000] {processor.py:183} INFO - Processing /home/airflow/.local/lib/python3.8/site-packages/airflow/example_dags/example_short_circuit_operator.py took 0.083 seconds
[2024-07-26T12:58:25.447+0000] {processor.py:161} INFO - Started process (PID=1184) to work on /home/airflow/.local/lib/python3.8/site-packages/airflow/example_dags/example_short_circuit_operator.py
[2024-07-26T12:58:25.448+0000] {processor.py:830} INFO - Processing file /home/airflow/.local/lib/python3.8/site-packages/airflow/example_dags/example_short_circuit_operator.py for tasks to queue
[2024-07-26T12:58:25.450+0000] {logging_mixin.py:188} INFO - [2024-07-26T12:58:25.450+0000] {dagbag.py:538} INFO - Filling up the DagBag from /home/airflow/.local/lib/python3.8/site-packages/airflow/example_dags/example_short_circuit_operator.py
[2024-07-26T12:58:25.459+0000] {processor.py:840} INFO - DAG(s) 'example_short_circuit_operator' retrieved from /home/airflow/.local/lib/python3.8/site-packages/airflow/example_dags/example_short_circuit_operator.py
[2024-07-26T12:58:25.488+0000] {logging_mixin.py:188} INFO - [2024-07-26T12:58:25.488+0000] {dag.py:3036} INFO - Sync 1 DAGs
[2024-07-26T12:58:25.517+0000] {logging_mixin.py:188} INFO - [2024-07-26T12:58:25.517+0000] {dag.py:3823} INFO - Setting next_dagrun for example_short_circuit_operator to 2024-07-25 00:00:00+00:00, run_after=2024-07-26 00:00:00+00:00
[2024-07-26T12:58:25.540+0000] {processor.py:183} INFO - Processing /home/airflow/.local/lib/python3.8/site-packages/airflow/example_dags/example_short_circuit_operator.py took 0.097 seconds
[2024-07-26T12:58:56.623+0000] {processor.py:161} INFO - Started process (PID=1248) to work on /home/airflow/.local/lib/python3.8/site-packages/airflow/example_dags/example_short_circuit_operator.py
[2024-07-26T12:58:56.624+0000] {processor.py:830} INFO - Processing file /home/airflow/.local/lib/python3.8/site-packages/airflow/example_dags/example_short_circuit_operator.py for tasks to queue
[2024-07-26T12:58:56.626+0000] {logging_mixin.py:188} INFO - [2024-07-26T12:58:56.626+0000] {dagbag.py:538} INFO - Filling up the DagBag from /home/airflow/.local/lib/python3.8/site-packages/airflow/example_dags/example_short_circuit_operator.py
[2024-07-26T12:58:56.633+0000] {processor.py:840} INFO - DAG(s) 'example_short_circuit_operator' retrieved from /home/airflow/.local/lib/python3.8/site-packages/airflow/example_dags/example_short_circuit_operator.py
[2024-07-26T12:58:56.660+0000] {logging_mixin.py:188} INFO - [2024-07-26T12:58:56.660+0000] {dag.py:3036} INFO - Sync 1 DAGs
[2024-07-26T12:58:56.689+0000] {logging_mixin.py:188} INFO - [2024-07-26T12:58:56.689+0000] {dag.py:3823} INFO - Setting next_dagrun for example_short_circuit_operator to 2024-07-25 00:00:00+00:00, run_after=2024-07-26 00:00:00+00:00
[2024-07-26T12:58:56.712+0000] {processor.py:183} INFO - Processing /home/airflow/.local/lib/python3.8/site-packages/airflow/example_dags/example_short_circuit_operator.py took 0.091 seconds
