[2024-07-26T12:15:25.684+0000] {processor.py:161} INFO - Started process (PID=101) to work on /home/airflow/.local/lib/python3.8/site-packages/airflow/example_dags/example_dynamic_task_mapping_with_no_taskflow_operators.py
[2024-07-26T12:15:25.685+0000] {processor.py:830} INFO - Processing file /home/airflow/.local/lib/python3.8/site-packages/airflow/example_dags/example_dynamic_task_mapping_with_no_taskflow_operators.py for tasks to queue
[2024-07-26T12:15:25.687+0000] {logging_mixin.py:188} INFO - [2024-07-26T12:15:25.687+0000] {dagbag.py:538} INFO - Filling up the DagBag from /home/airflow/.local/lib/python3.8/site-packages/airflow/example_dags/example_dynamic_task_mapping_with_no_taskflow_operators.py
[2024-07-26T12:15:25.707+0000] {processor.py:840} INFO - DAG(s) 'example_dynamic_task_mapping_with_no_taskflow_operators' retrieved from /home/airflow/.local/lib/python3.8/site-packages/airflow/example_dags/example_dynamic_task_mapping_with_no_taskflow_operators.py
[2024-07-26T12:15:25.971+0000] {logging_mixin.py:188} INFO - [2024-07-26T12:15:25.971+0000] {dag.py:3036} INFO - Sync 1 DAGs
[2024-07-26T12:15:26.018+0000] {logging_mixin.py:188} INFO - [2024-07-26T12:15:26.015+0000] {dag.py:3823} INFO - Setting next_dagrun for example_dynamic_task_mapping_with_no_taskflow_operators to 2024-07-25 00:00:00+00:00, run_after=2024-07-26 00:00:00+00:00
[2024-07-26T12:15:26.058+0000] {processor.py:183} INFO - Processing /home/airflow/.local/lib/python3.8/site-packages/airflow/example_dags/example_dynamic_task_mapping_with_no_taskflow_operators.py took 0.378 seconds
[2024-07-26T12:15:56.625+0000] {processor.py:161} INFO - Started process (PID=165) to work on /home/airflow/.local/lib/python3.8/site-packages/airflow/example_dags/example_dynamic_task_mapping_with_no_taskflow_operators.py
[2024-07-26T12:15:56.626+0000] {processor.py:830} INFO - Processing file /home/airflow/.local/lib/python3.8/site-packages/airflow/example_dags/example_dynamic_task_mapping_with_no_taskflow_operators.py for tasks to queue
[2024-07-26T12:15:56.628+0000] {logging_mixin.py:188} INFO - [2024-07-26T12:15:56.628+0000] {dagbag.py:538} INFO - Filling up the DagBag from /home/airflow/.local/lib/python3.8/site-packages/airflow/example_dags/example_dynamic_task_mapping_with_no_taskflow_operators.py
[2024-07-26T12:15:56.634+0000] {processor.py:840} INFO - DAG(s) 'example_dynamic_task_mapping_with_no_taskflow_operators' retrieved from /home/airflow/.local/lib/python3.8/site-packages/airflow/example_dags/example_dynamic_task_mapping_with_no_taskflow_operators.py
[2024-07-26T12:15:56.662+0000] {logging_mixin.py:188} INFO - [2024-07-26T12:15:56.662+0000] {dag.py:3036} INFO - Sync 1 DAGs
[2024-07-26T12:15:56.691+0000] {logging_mixin.py:188} INFO - [2024-07-26T12:15:56.690+0000] {dag.py:3823} INFO - Setting next_dagrun for example_dynamic_task_mapping_with_no_taskflow_operators to 2024-07-25 00:00:00+00:00, run_after=2024-07-26 00:00:00+00:00
[2024-07-26T12:15:56.711+0000] {processor.py:183} INFO - Processing /home/airflow/.local/lib/python3.8/site-packages/airflow/example_dags/example_dynamic_task_mapping_with_no_taskflow_operators.py took 0.090 seconds
[2024-07-26T12:16:27.212+0000] {processor.py:161} INFO - Started process (PID=222) to work on /home/airflow/.local/lib/python3.8/site-packages/airflow/example_dags/example_dynamic_task_mapping_with_no_taskflow_operators.py
[2024-07-26T12:16:27.213+0000] {processor.py:830} INFO - Processing file /home/airflow/.local/lib/python3.8/site-packages/airflow/example_dags/example_dynamic_task_mapping_with_no_taskflow_operators.py for tasks to queue
[2024-07-26T12:16:27.215+0000] {logging_mixin.py:188} INFO - [2024-07-26T12:16:27.215+0000] {dagbag.py:538} INFO - Filling up the DagBag from /home/airflow/.local/lib/python3.8/site-packages/airflow/example_dags/example_dynamic_task_mapping_with_no_taskflow_operators.py
[2024-07-26T12:16:27.221+0000] {processor.py:840} INFO - DAG(s) 'example_dynamic_task_mapping_with_no_taskflow_operators' retrieved from /home/airflow/.local/lib/python3.8/site-packages/airflow/example_dags/example_dynamic_task_mapping_with_no_taskflow_operators.py
[2024-07-26T12:16:27.242+0000] {logging_mixin.py:188} INFO - [2024-07-26T12:16:27.242+0000] {dag.py:3036} INFO - Sync 1 DAGs
[2024-07-26T12:16:27.268+0000] {logging_mixin.py:188} INFO - [2024-07-26T12:16:27.268+0000] {dag.py:3823} INFO - Setting next_dagrun for example_dynamic_task_mapping_with_no_taskflow_operators to 2024-07-25 00:00:00+00:00, run_after=2024-07-26 00:00:00+00:00
[2024-07-26T12:16:27.290+0000] {processor.py:183} INFO - Processing /home/airflow/.local/lib/python3.8/site-packages/airflow/example_dags/example_dynamic_task_mapping_with_no_taskflow_operators.py took 0.082 seconds
[2024-07-26T12:16:57.474+0000] {processor.py:161} INFO - Started process (PID=284) to work on /home/airflow/.local/lib/python3.8/site-packages/airflow/example_dags/example_dynamic_task_mapping_with_no_taskflow_operators.py
[2024-07-26T12:16:57.475+0000] {processor.py:830} INFO - Processing file /home/airflow/.local/lib/python3.8/site-packages/airflow/example_dags/example_dynamic_task_mapping_with_no_taskflow_operators.py for tasks to queue
[2024-07-26T12:16:57.478+0000] {logging_mixin.py:188} INFO - [2024-07-26T12:16:57.477+0000] {dagbag.py:538} INFO - Filling up the DagBag from /home/airflow/.local/lib/python3.8/site-packages/airflow/example_dags/example_dynamic_task_mapping_with_no_taskflow_operators.py
[2024-07-26T12:16:57.485+0000] {processor.py:840} INFO - DAG(s) 'example_dynamic_task_mapping_with_no_taskflow_operators' retrieved from /home/airflow/.local/lib/python3.8/site-packages/airflow/example_dags/example_dynamic_task_mapping_with_no_taskflow_operators.py
[2024-07-26T12:16:57.510+0000] {logging_mixin.py:188} INFO - [2024-07-26T12:16:57.510+0000] {dag.py:3036} INFO - Sync 1 DAGs
[2024-07-26T12:16:57.546+0000] {logging_mixin.py:188} INFO - [2024-07-26T12:16:57.545+0000] {dag.py:3823} INFO - Setting next_dagrun for example_dynamic_task_mapping_with_no_taskflow_operators to 2024-07-25 00:00:00+00:00, run_after=2024-07-26 00:00:00+00:00
[2024-07-26T12:16:57.577+0000] {processor.py:183} INFO - Processing /home/airflow/.local/lib/python3.8/site-packages/airflow/example_dags/example_dynamic_task_mapping_with_no_taskflow_operators.py took 0.106 seconds
[2024-07-26T12:17:28.052+0000] {processor.py:161} INFO - Started process (PID=348) to work on /home/airflow/.local/lib/python3.8/site-packages/airflow/example_dags/example_dynamic_task_mapping_with_no_taskflow_operators.py
[2024-07-26T12:17:28.054+0000] {processor.py:830} INFO - Processing file /home/airflow/.local/lib/python3.8/site-packages/airflow/example_dags/example_dynamic_task_mapping_with_no_taskflow_operators.py for tasks to queue
[2024-07-26T12:17:28.057+0000] {logging_mixin.py:188} INFO - [2024-07-26T12:17:28.057+0000] {dagbag.py:538} INFO - Filling up the DagBag from /home/airflow/.local/lib/python3.8/site-packages/airflow/example_dags/example_dynamic_task_mapping_with_no_taskflow_operators.py
[2024-07-26T12:17:28.066+0000] {processor.py:840} INFO - DAG(s) 'example_dynamic_task_mapping_with_no_taskflow_operators' retrieved from /home/airflow/.local/lib/python3.8/site-packages/airflow/example_dags/example_dynamic_task_mapping_with_no_taskflow_operators.py
[2024-07-26T12:17:28.090+0000] {logging_mixin.py:188} INFO - [2024-07-26T12:17:28.090+0000] {dag.py:3036} INFO - Sync 1 DAGs
[2024-07-26T12:17:28.118+0000] {logging_mixin.py:188} INFO - [2024-07-26T12:17:28.118+0000] {dag.py:3823} INFO - Setting next_dagrun for example_dynamic_task_mapping_with_no_taskflow_operators to 2024-07-25 00:00:00+00:00, run_after=2024-07-26 00:00:00+00:00
[2024-07-26T12:17:28.141+0000] {processor.py:183} INFO - Processing /home/airflow/.local/lib/python3.8/site-packages/airflow/example_dags/example_dynamic_task_mapping_with_no_taskflow_operators.py took 0.094 seconds
[2024-07-26T12:17:58.297+0000] {processor.py:161} INFO - Started process (PID=412) to work on /home/airflow/.local/lib/python3.8/site-packages/airflow/example_dags/example_dynamic_task_mapping_with_no_taskflow_operators.py
[2024-07-26T12:17:58.298+0000] {processor.py:830} INFO - Processing file /home/airflow/.local/lib/python3.8/site-packages/airflow/example_dags/example_dynamic_task_mapping_with_no_taskflow_operators.py for tasks to queue
[2024-07-26T12:17:58.301+0000] {logging_mixin.py:188} INFO - [2024-07-26T12:17:58.301+0000] {dagbag.py:538} INFO - Filling up the DagBag from /home/airflow/.local/lib/python3.8/site-packages/airflow/example_dags/example_dynamic_task_mapping_with_no_taskflow_operators.py
[2024-07-26T12:17:58.310+0000] {processor.py:840} INFO - DAG(s) 'example_dynamic_task_mapping_with_no_taskflow_operators' retrieved from /home/airflow/.local/lib/python3.8/site-packages/airflow/example_dags/example_dynamic_task_mapping_with_no_taskflow_operators.py
[2024-07-26T12:17:58.337+0000] {logging_mixin.py:188} INFO - [2024-07-26T12:17:58.337+0000] {dag.py:3036} INFO - Sync 1 DAGs
[2024-07-26T12:17:58.366+0000] {logging_mixin.py:188} INFO - [2024-07-26T12:17:58.365+0000] {dag.py:3823} INFO - Setting next_dagrun for example_dynamic_task_mapping_with_no_taskflow_operators to 2024-07-25 00:00:00+00:00, run_after=2024-07-26 00:00:00+00:00
[2024-07-26T12:17:58.387+0000] {processor.py:183} INFO - Processing /home/airflow/.local/lib/python3.8/site-packages/airflow/example_dags/example_dynamic_task_mapping_with_no_taskflow_operators.py took 0.094 seconds
[2024-07-26T12:18:29.123+0000] {processor.py:161} INFO - Started process (PID=476) to work on /home/airflow/.local/lib/python3.8/site-packages/airflow/example_dags/example_dynamic_task_mapping_with_no_taskflow_operators.py
[2024-07-26T12:18:29.124+0000] {processor.py:830} INFO - Processing file /home/airflow/.local/lib/python3.8/site-packages/airflow/example_dags/example_dynamic_task_mapping_with_no_taskflow_operators.py for tasks to queue
[2024-07-26T12:18:29.128+0000] {logging_mixin.py:188} INFO - [2024-07-26T12:18:29.127+0000] {dagbag.py:538} INFO - Filling up the DagBag from /home/airflow/.local/lib/python3.8/site-packages/airflow/example_dags/example_dynamic_task_mapping_with_no_taskflow_operators.py
[2024-07-26T12:18:29.138+0000] {processor.py:840} INFO - DAG(s) 'example_dynamic_task_mapping_with_no_taskflow_operators' retrieved from /home/airflow/.local/lib/python3.8/site-packages/airflow/example_dags/example_dynamic_task_mapping_with_no_taskflow_operators.py
[2024-07-26T12:18:29.163+0000] {logging_mixin.py:188} INFO - [2024-07-26T12:18:29.163+0000] {dag.py:3036} INFO - Sync 1 DAGs
[2024-07-26T12:18:29.194+0000] {logging_mixin.py:188} INFO - [2024-07-26T12:18:29.194+0000] {dag.py:3823} INFO - Setting next_dagrun for example_dynamic_task_mapping_with_no_taskflow_operators to 2024-07-25 00:00:00+00:00, run_after=2024-07-26 00:00:00+00:00
[2024-07-26T12:18:29.216+0000] {processor.py:183} INFO - Processing /home/airflow/.local/lib/python3.8/site-packages/airflow/example_dags/example_dynamic_task_mapping_with_no_taskflow_operators.py took 0.098 seconds
[2024-07-26T12:18:59.474+0000] {processor.py:161} INFO - Started process (PID=540) to work on /home/airflow/.local/lib/python3.8/site-packages/airflow/example_dags/example_dynamic_task_mapping_with_no_taskflow_operators.py
[2024-07-26T12:18:59.475+0000] {processor.py:830} INFO - Processing file /home/airflow/.local/lib/python3.8/site-packages/airflow/example_dags/example_dynamic_task_mapping_with_no_taskflow_operators.py for tasks to queue
[2024-07-26T12:18:59.476+0000] {logging_mixin.py:188} INFO - [2024-07-26T12:18:59.476+0000] {dagbag.py:538} INFO - Filling up the DagBag from /home/airflow/.local/lib/python3.8/site-packages/airflow/example_dags/example_dynamic_task_mapping_with_no_taskflow_operators.py
[2024-07-26T12:18:59.482+0000] {processor.py:840} INFO - DAG(s) 'example_dynamic_task_mapping_with_no_taskflow_operators' retrieved from /home/airflow/.local/lib/python3.8/site-packages/airflow/example_dags/example_dynamic_task_mapping_with_no_taskflow_operators.py
[2024-07-26T12:18:59.502+0000] {logging_mixin.py:188} INFO - [2024-07-26T12:18:59.501+0000] {dag.py:3036} INFO - Sync 1 DAGs
[2024-07-26T12:18:59.526+0000] {logging_mixin.py:188} INFO - [2024-07-26T12:18:59.526+0000] {dag.py:3823} INFO - Setting next_dagrun for example_dynamic_task_mapping_with_no_taskflow_operators to 2024-07-25 00:00:00+00:00, run_after=2024-07-26 00:00:00+00:00
[2024-07-26T12:18:59.544+0000] {processor.py:183} INFO - Processing /home/airflow/.local/lib/python3.8/site-packages/airflow/example_dags/example_dynamic_task_mapping_with_no_taskflow_operators.py took 0.074 seconds
[2024-07-26T12:19:30.579+0000] {processor.py:161} INFO - Started process (PID=605) to work on /home/airflow/.local/lib/python3.8/site-packages/airflow/example_dags/example_dynamic_task_mapping_with_no_taskflow_operators.py
[2024-07-26T12:19:30.580+0000] {processor.py:830} INFO - Processing file /home/airflow/.local/lib/python3.8/site-packages/airflow/example_dags/example_dynamic_task_mapping_with_no_taskflow_operators.py for tasks to queue
[2024-07-26T12:19:30.581+0000] {logging_mixin.py:188} INFO - [2024-07-26T12:19:30.581+0000] {dagbag.py:538} INFO - Filling up the DagBag from /home/airflow/.local/lib/python3.8/site-packages/airflow/example_dags/example_dynamic_task_mapping_with_no_taskflow_operators.py
[2024-07-26T12:19:30.592+0000] {processor.py:840} INFO - DAG(s) 'example_dynamic_task_mapping_with_no_taskflow_operators' retrieved from /home/airflow/.local/lib/python3.8/site-packages/airflow/example_dags/example_dynamic_task_mapping_with_no_taskflow_operators.py
[2024-07-26T12:19:30.622+0000] {logging_mixin.py:188} INFO - [2024-07-26T12:19:30.621+0000] {dag.py:3036} INFO - Sync 1 DAGs
[2024-07-26T12:19:30.661+0000] {logging_mixin.py:188} INFO - [2024-07-26T12:19:30.661+0000] {dag.py:3823} INFO - Setting next_dagrun for example_dynamic_task_mapping_with_no_taskflow_operators to 2024-07-25 00:00:00+00:00, run_after=2024-07-26 00:00:00+00:00
[2024-07-26T12:19:30.684+0000] {processor.py:183} INFO - Processing /home/airflow/.local/lib/python3.8/site-packages/airflow/example_dags/example_dynamic_task_mapping_with_no_taskflow_operators.py took 0.109 seconds
[2024-07-26T12:28:17.040+0000] {processor.py:161} INFO - Started process (PID=97) to work on /home/airflow/.local/lib/python3.8/site-packages/airflow/example_dags/example_dynamic_task_mapping_with_no_taskflow_operators.py
[2024-07-26T12:28:17.041+0000] {processor.py:830} INFO - Processing file /home/airflow/.local/lib/python3.8/site-packages/airflow/example_dags/example_dynamic_task_mapping_with_no_taskflow_operators.py for tasks to queue
[2024-07-26T12:28:17.044+0000] {logging_mixin.py:188} INFO - [2024-07-26T12:28:17.043+0000] {dagbag.py:538} INFO - Filling up the DagBag from /home/airflow/.local/lib/python3.8/site-packages/airflow/example_dags/example_dynamic_task_mapping_with_no_taskflow_operators.py
[2024-07-26T12:28:17.059+0000] {processor.py:840} INFO - DAG(s) 'example_dynamic_task_mapping_with_no_taskflow_operators' retrieved from /home/airflow/.local/lib/python3.8/site-packages/airflow/example_dags/example_dynamic_task_mapping_with_no_taskflow_operators.py
[2024-07-26T12:28:17.196+0000] {logging_mixin.py:188} INFO - [2024-07-26T12:28:17.195+0000] {dag.py:3036} INFO - Sync 1 DAGs
[2024-07-26T12:28:17.223+0000] {logging_mixin.py:188} INFO - [2024-07-26T12:28:17.223+0000] {dag.py:3823} INFO - Setting next_dagrun for example_dynamic_task_mapping_with_no_taskflow_operators to 2024-07-25 00:00:00+00:00, run_after=2024-07-26 00:00:00+00:00
[2024-07-26T12:28:17.246+0000] {processor.py:183} INFO - Processing /home/airflow/.local/lib/python3.8/site-packages/airflow/example_dags/example_dynamic_task_mapping_with_no_taskflow_operators.py took 0.210 seconds
[2024-07-26T12:28:47.922+0000] {processor.py:161} INFO - Started process (PID=161) to work on /home/airflow/.local/lib/python3.8/site-packages/airflow/example_dags/example_dynamic_task_mapping_with_no_taskflow_operators.py
[2024-07-26T12:28:47.923+0000] {processor.py:830} INFO - Processing file /home/airflow/.local/lib/python3.8/site-packages/airflow/example_dags/example_dynamic_task_mapping_with_no_taskflow_operators.py for tasks to queue
[2024-07-26T12:28:47.925+0000] {logging_mixin.py:188} INFO - [2024-07-26T12:28:47.925+0000] {dagbag.py:538} INFO - Filling up the DagBag from /home/airflow/.local/lib/python3.8/site-packages/airflow/example_dags/example_dynamic_task_mapping_with_no_taskflow_operators.py
[2024-07-26T12:28:47.932+0000] {processor.py:840} INFO - DAG(s) 'example_dynamic_task_mapping_with_no_taskflow_operators' retrieved from /home/airflow/.local/lib/python3.8/site-packages/airflow/example_dags/example_dynamic_task_mapping_with_no_taskflow_operators.py
[2024-07-26T12:28:47.953+0000] {logging_mixin.py:188} INFO - [2024-07-26T12:28:47.953+0000] {dag.py:3036} INFO - Sync 1 DAGs
[2024-07-26T12:28:47.981+0000] {logging_mixin.py:188} INFO - [2024-07-26T12:28:47.980+0000] {dag.py:3823} INFO - Setting next_dagrun for example_dynamic_task_mapping_with_no_taskflow_operators to 2024-07-25 00:00:00+00:00, run_after=2024-07-26 00:00:00+00:00
[2024-07-26T12:28:48.008+0000] {processor.py:183} INFO - Processing /home/airflow/.local/lib/python3.8/site-packages/airflow/example_dags/example_dynamic_task_mapping_with_no_taskflow_operators.py took 0.090 seconds
[2024-07-26T12:29:18.103+0000] {processor.py:161} INFO - Started process (PID=215) to work on /home/airflow/.local/lib/python3.8/site-packages/airflow/example_dags/example_dynamic_task_mapping_with_no_taskflow_operators.py
[2024-07-26T12:29:18.104+0000] {processor.py:830} INFO - Processing file /home/airflow/.local/lib/python3.8/site-packages/airflow/example_dags/example_dynamic_task_mapping_with_no_taskflow_operators.py for tasks to queue
[2024-07-26T12:29:18.105+0000] {logging_mixin.py:188} INFO - [2024-07-26T12:29:18.105+0000] {dagbag.py:538} INFO - Filling up the DagBag from /home/airflow/.local/lib/python3.8/site-packages/airflow/example_dags/example_dynamic_task_mapping_with_no_taskflow_operators.py
[2024-07-26T12:29:18.111+0000] {processor.py:840} INFO - DAG(s) 'example_dynamic_task_mapping_with_no_taskflow_operators' retrieved from /home/airflow/.local/lib/python3.8/site-packages/airflow/example_dags/example_dynamic_task_mapping_with_no_taskflow_operators.py
[2024-07-26T12:29:18.132+0000] {logging_mixin.py:188} INFO - [2024-07-26T12:29:18.132+0000] {dag.py:3036} INFO - Sync 1 DAGs
[2024-07-26T12:29:18.154+0000] {logging_mixin.py:188} INFO - [2024-07-26T12:29:18.153+0000] {dag.py:3823} INFO - Setting next_dagrun for example_dynamic_task_mapping_with_no_taskflow_operators to 2024-07-25 00:00:00+00:00, run_after=2024-07-26 00:00:00+00:00
[2024-07-26T12:29:18.173+0000] {processor.py:183} INFO - Processing /home/airflow/.local/lib/python3.8/site-packages/airflow/example_dags/example_dynamic_task_mapping_with_no_taskflow_operators.py took 0.073 seconds
[2024-07-26T12:29:48.487+0000] {processor.py:161} INFO - Started process (PID=285) to work on /home/airflow/.local/lib/python3.8/site-packages/airflow/example_dags/example_dynamic_task_mapping_with_no_taskflow_operators.py
[2024-07-26T12:29:48.489+0000] {processor.py:830} INFO - Processing file /home/airflow/.local/lib/python3.8/site-packages/airflow/example_dags/example_dynamic_task_mapping_with_no_taskflow_operators.py for tasks to queue
[2024-07-26T12:29:48.492+0000] {logging_mixin.py:188} INFO - [2024-07-26T12:29:48.492+0000] {dagbag.py:538} INFO - Filling up the DagBag from /home/airflow/.local/lib/python3.8/site-packages/airflow/example_dags/example_dynamic_task_mapping_with_no_taskflow_operators.py
[2024-07-26T12:29:48.499+0000] {processor.py:840} INFO - DAG(s) 'example_dynamic_task_mapping_with_no_taskflow_operators' retrieved from /home/airflow/.local/lib/python3.8/site-packages/airflow/example_dags/example_dynamic_task_mapping_with_no_taskflow_operators.py
[2024-07-26T12:29:48.525+0000] {logging_mixin.py:188} INFO - [2024-07-26T12:29:48.524+0000] {dag.py:3036} INFO - Sync 1 DAGs
[2024-07-26T12:29:48.560+0000] {logging_mixin.py:188} INFO - [2024-07-26T12:29:48.559+0000] {dag.py:3823} INFO - Setting next_dagrun for example_dynamic_task_mapping_with_no_taskflow_operators to 2024-07-25 00:00:00+00:00, run_after=2024-07-26 00:00:00+00:00
[2024-07-26T12:29:48.580+0000] {processor.py:183} INFO - Processing /home/airflow/.local/lib/python3.8/site-packages/airflow/example_dags/example_dynamic_task_mapping_with_no_taskflow_operators.py took 0.098 seconds
[2024-07-26T12:30:18.720+0000] {processor.py:161} INFO - Started process (PID=349) to work on /home/airflow/.local/lib/python3.8/site-packages/airflow/example_dags/example_dynamic_task_mapping_with_no_taskflow_operators.py
[2024-07-26T12:30:18.721+0000] {processor.py:830} INFO - Processing file /home/airflow/.local/lib/python3.8/site-packages/airflow/example_dags/example_dynamic_task_mapping_with_no_taskflow_operators.py for tasks to queue
[2024-07-26T12:30:18.723+0000] {logging_mixin.py:188} INFO - [2024-07-26T12:30:18.722+0000] {dagbag.py:538} INFO - Filling up the DagBag from /home/airflow/.local/lib/python3.8/site-packages/airflow/example_dags/example_dynamic_task_mapping_with_no_taskflow_operators.py
[2024-07-26T12:30:18.729+0000] {processor.py:840} INFO - DAG(s) 'example_dynamic_task_mapping_with_no_taskflow_operators' retrieved from /home/airflow/.local/lib/python3.8/site-packages/airflow/example_dags/example_dynamic_task_mapping_with_no_taskflow_operators.py
[2024-07-26T12:30:18.750+0000] {logging_mixin.py:188} INFO - [2024-07-26T12:30:18.750+0000] {dag.py:3036} INFO - Sync 1 DAGs
[2024-07-26T12:30:18.777+0000] {logging_mixin.py:188} INFO - [2024-07-26T12:30:18.776+0000] {dag.py:3823} INFO - Setting next_dagrun for example_dynamic_task_mapping_with_no_taskflow_operators to 2024-07-25 00:00:00+00:00, run_after=2024-07-26 00:00:00+00:00
[2024-07-26T12:30:18.797+0000] {processor.py:183} INFO - Processing /home/airflow/.local/lib/python3.8/site-packages/airflow/example_dags/example_dynamic_task_mapping_with_no_taskflow_operators.py took 0.081 seconds
[2024-07-26T12:30:49.881+0000] {processor.py:161} INFO - Started process (PID=413) to work on /home/airflow/.local/lib/python3.8/site-packages/airflow/example_dags/example_dynamic_task_mapping_with_no_taskflow_operators.py
[2024-07-26T12:30:49.882+0000] {processor.py:830} INFO - Processing file /home/airflow/.local/lib/python3.8/site-packages/airflow/example_dags/example_dynamic_task_mapping_with_no_taskflow_operators.py for tasks to queue
[2024-07-26T12:30:49.884+0000] {logging_mixin.py:188} INFO - [2024-07-26T12:30:49.884+0000] {dagbag.py:538} INFO - Filling up the DagBag from /home/airflow/.local/lib/python3.8/site-packages/airflow/example_dags/example_dynamic_task_mapping_with_no_taskflow_operators.py
[2024-07-26T12:30:49.893+0000] {processor.py:840} INFO - DAG(s) 'example_dynamic_task_mapping_with_no_taskflow_operators' retrieved from /home/airflow/.local/lib/python3.8/site-packages/airflow/example_dags/example_dynamic_task_mapping_with_no_taskflow_operators.py
[2024-07-26T12:30:49.918+0000] {logging_mixin.py:188} INFO - [2024-07-26T12:30:49.918+0000] {dag.py:3036} INFO - Sync 1 DAGs
[2024-07-26T12:30:49.960+0000] {logging_mixin.py:188} INFO - [2024-07-26T12:30:49.959+0000] {dag.py:3823} INFO - Setting next_dagrun for example_dynamic_task_mapping_with_no_taskflow_operators to 2024-07-25 00:00:00+00:00, run_after=2024-07-26 00:00:00+00:00
[2024-07-26T12:30:50.051+0000] {processor.py:183} INFO - Processing /home/airflow/.local/lib/python3.8/site-packages/airflow/example_dags/example_dynamic_task_mapping_with_no_taskflow_operators.py took 0.174 seconds
[2024-07-26T12:31:20.298+0000] {processor.py:161} INFO - Started process (PID=477) to work on /home/airflow/.local/lib/python3.8/site-packages/airflow/example_dags/example_dynamic_task_mapping_with_no_taskflow_operators.py
[2024-07-26T12:31:20.299+0000] {processor.py:830} INFO - Processing file /home/airflow/.local/lib/python3.8/site-packages/airflow/example_dags/example_dynamic_task_mapping_with_no_taskflow_operators.py for tasks to queue
[2024-07-26T12:31:20.301+0000] {logging_mixin.py:188} INFO - [2024-07-26T12:31:20.301+0000] {dagbag.py:538} INFO - Filling up the DagBag from /home/airflow/.local/lib/python3.8/site-packages/airflow/example_dags/example_dynamic_task_mapping_with_no_taskflow_operators.py
[2024-07-26T12:31:20.308+0000] {processor.py:840} INFO - DAG(s) 'example_dynamic_task_mapping_with_no_taskflow_operators' retrieved from /home/airflow/.local/lib/python3.8/site-packages/airflow/example_dags/example_dynamic_task_mapping_with_no_taskflow_operators.py
[2024-07-26T12:31:20.331+0000] {logging_mixin.py:188} INFO - [2024-07-26T12:31:20.330+0000] {dag.py:3036} INFO - Sync 1 DAGs
[2024-07-26T12:31:20.356+0000] {logging_mixin.py:188} INFO - [2024-07-26T12:31:20.355+0000] {dag.py:3823} INFO - Setting next_dagrun for example_dynamic_task_mapping_with_no_taskflow_operators to 2024-07-25 00:00:00+00:00, run_after=2024-07-26 00:00:00+00:00
[2024-07-26T12:31:20.375+0000] {processor.py:183} INFO - Processing /home/airflow/.local/lib/python3.8/site-packages/airflow/example_dags/example_dynamic_task_mapping_with_no_taskflow_operators.py took 0.080 seconds
[2024-07-26T12:31:50.581+0000] {processor.py:161} INFO - Started process (PID=541) to work on /home/airflow/.local/lib/python3.8/site-packages/airflow/example_dags/example_dynamic_task_mapping_with_no_taskflow_operators.py
[2024-07-26T12:31:50.583+0000] {processor.py:830} INFO - Processing file /home/airflow/.local/lib/python3.8/site-packages/airflow/example_dags/example_dynamic_task_mapping_with_no_taskflow_operators.py for tasks to queue
[2024-07-26T12:31:50.586+0000] {logging_mixin.py:188} INFO - [2024-07-26T12:31:50.585+0000] {dagbag.py:538} INFO - Filling up the DagBag from /home/airflow/.local/lib/python3.8/site-packages/airflow/example_dags/example_dynamic_task_mapping_with_no_taskflow_operators.py
[2024-07-26T12:31:50.592+0000] {processor.py:840} INFO - DAG(s) 'example_dynamic_task_mapping_with_no_taskflow_operators' retrieved from /home/airflow/.local/lib/python3.8/site-packages/airflow/example_dags/example_dynamic_task_mapping_with_no_taskflow_operators.py
[2024-07-26T12:31:50.616+0000] {logging_mixin.py:188} INFO - [2024-07-26T12:31:50.616+0000] {dag.py:3036} INFO - Sync 1 DAGs
[2024-07-26T12:31:50.644+0000] {logging_mixin.py:188} INFO - [2024-07-26T12:31:50.644+0000] {dag.py:3823} INFO - Setting next_dagrun for example_dynamic_task_mapping_with_no_taskflow_operators to 2024-07-25 00:00:00+00:00, run_after=2024-07-26 00:00:00+00:00
[2024-07-26T12:31:50.665+0000] {processor.py:183} INFO - Processing /home/airflow/.local/lib/python3.8/site-packages/airflow/example_dags/example_dynamic_task_mapping_with_no_taskflow_operators.py took 0.088 seconds
[2024-07-26T12:32:21.138+0000] {processor.py:161} INFO - Started process (PID=605) to work on /home/airflow/.local/lib/python3.8/site-packages/airflow/example_dags/example_dynamic_task_mapping_with_no_taskflow_operators.py
[2024-07-26T12:32:21.140+0000] {processor.py:830} INFO - Processing file /home/airflow/.local/lib/python3.8/site-packages/airflow/example_dags/example_dynamic_task_mapping_with_no_taskflow_operators.py for tasks to queue
[2024-07-26T12:32:21.143+0000] {logging_mixin.py:188} INFO - [2024-07-26T12:32:21.142+0000] {dagbag.py:538} INFO - Filling up the DagBag from /home/airflow/.local/lib/python3.8/site-packages/airflow/example_dags/example_dynamic_task_mapping_with_no_taskflow_operators.py
[2024-07-26T12:32:21.150+0000] {processor.py:840} INFO - DAG(s) 'example_dynamic_task_mapping_with_no_taskflow_operators' retrieved from /home/airflow/.local/lib/python3.8/site-packages/airflow/example_dags/example_dynamic_task_mapping_with_no_taskflow_operators.py
[2024-07-26T12:32:21.178+0000] {logging_mixin.py:188} INFO - [2024-07-26T12:32:21.178+0000] {dag.py:3036} INFO - Sync 1 DAGs
[2024-07-26T12:32:21.204+0000] {logging_mixin.py:188} INFO - [2024-07-26T12:32:21.204+0000] {dag.py:3823} INFO - Setting next_dagrun for example_dynamic_task_mapping_with_no_taskflow_operators to 2024-07-25 00:00:00+00:00, run_after=2024-07-26 00:00:00+00:00
[2024-07-26T12:32:21.226+0000] {processor.py:183} INFO - Processing /home/airflow/.local/lib/python3.8/site-packages/airflow/example_dags/example_dynamic_task_mapping_with_no_taskflow_operators.py took 0.091 seconds
[2024-07-26T12:32:51.946+0000] {processor.py:161} INFO - Started process (PID=669) to work on /home/airflow/.local/lib/python3.8/site-packages/airflow/example_dags/example_dynamic_task_mapping_with_no_taskflow_operators.py
[2024-07-26T12:32:51.947+0000] {processor.py:830} INFO - Processing file /home/airflow/.local/lib/python3.8/site-packages/airflow/example_dags/example_dynamic_task_mapping_with_no_taskflow_operators.py for tasks to queue
[2024-07-26T12:32:51.949+0000] {logging_mixin.py:188} INFO - [2024-07-26T12:32:51.949+0000] {dagbag.py:538} INFO - Filling up the DagBag from /home/airflow/.local/lib/python3.8/site-packages/airflow/example_dags/example_dynamic_task_mapping_with_no_taskflow_operators.py
[2024-07-26T12:32:51.956+0000] {processor.py:840} INFO - DAG(s) 'example_dynamic_task_mapping_with_no_taskflow_operators' retrieved from /home/airflow/.local/lib/python3.8/site-packages/airflow/example_dags/example_dynamic_task_mapping_with_no_taskflow_operators.py
[2024-07-26T12:32:51.977+0000] {logging_mixin.py:188} INFO - [2024-07-26T12:32:51.977+0000] {dag.py:3036} INFO - Sync 1 DAGs
[2024-07-26T12:32:52.002+0000] {logging_mixin.py:188} INFO - [2024-07-26T12:32:52.002+0000] {dag.py:3823} INFO - Setting next_dagrun for example_dynamic_task_mapping_with_no_taskflow_operators to 2024-07-25 00:00:00+00:00, run_after=2024-07-26 00:00:00+00:00
[2024-07-26T12:32:52.023+0000] {processor.py:183} INFO - Processing /home/airflow/.local/lib/python3.8/site-packages/airflow/example_dags/example_dynamic_task_mapping_with_no_taskflow_operators.py took 0.079 seconds
[2024-07-26T12:33:22.677+0000] {processor.py:161} INFO - Started process (PID=734) to work on /home/airflow/.local/lib/python3.8/site-packages/airflow/example_dags/example_dynamic_task_mapping_with_no_taskflow_operators.py
[2024-07-26T12:33:22.678+0000] {processor.py:830} INFO - Processing file /home/airflow/.local/lib/python3.8/site-packages/airflow/example_dags/example_dynamic_task_mapping_with_no_taskflow_operators.py for tasks to queue
[2024-07-26T12:33:22.680+0000] {logging_mixin.py:188} INFO - [2024-07-26T12:33:22.680+0000] {dagbag.py:538} INFO - Filling up the DagBag from /home/airflow/.local/lib/python3.8/site-packages/airflow/example_dags/example_dynamic_task_mapping_with_no_taskflow_operators.py
[2024-07-26T12:33:22.686+0000] {processor.py:840} INFO - DAG(s) 'example_dynamic_task_mapping_with_no_taskflow_operators' retrieved from /home/airflow/.local/lib/python3.8/site-packages/airflow/example_dags/example_dynamic_task_mapping_with_no_taskflow_operators.py
[2024-07-26T12:33:22.708+0000] {logging_mixin.py:188} INFO - [2024-07-26T12:33:22.708+0000] {dag.py:3036} INFO - Sync 1 DAGs
[2024-07-26T12:33:22.733+0000] {logging_mixin.py:188} INFO - [2024-07-26T12:33:22.733+0000] {dag.py:3823} INFO - Setting next_dagrun for example_dynamic_task_mapping_with_no_taskflow_operators to 2024-07-25 00:00:00+00:00, run_after=2024-07-26 00:00:00+00:00
[2024-07-26T12:33:22.753+0000] {processor.py:183} INFO - Processing /home/airflow/.local/lib/python3.8/site-packages/airflow/example_dags/example_dynamic_task_mapping_with_no_taskflow_operators.py took 0.080 seconds
[2024-07-26T12:33:53.206+0000] {processor.py:161} INFO - Started process (PID=798) to work on /home/airflow/.local/lib/python3.8/site-packages/airflow/example_dags/example_dynamic_task_mapping_with_no_taskflow_operators.py
[2024-07-26T12:33:53.207+0000] {processor.py:830} INFO - Processing file /home/airflow/.local/lib/python3.8/site-packages/airflow/example_dags/example_dynamic_task_mapping_with_no_taskflow_operators.py for tasks to queue
[2024-07-26T12:33:53.209+0000] {logging_mixin.py:188} INFO - [2024-07-26T12:33:53.209+0000] {dagbag.py:538} INFO - Filling up the DagBag from /home/airflow/.local/lib/python3.8/site-packages/airflow/example_dags/example_dynamic_task_mapping_with_no_taskflow_operators.py
[2024-07-26T12:33:53.216+0000] {processor.py:840} INFO - DAG(s) 'example_dynamic_task_mapping_with_no_taskflow_operators' retrieved from /home/airflow/.local/lib/python3.8/site-packages/airflow/example_dags/example_dynamic_task_mapping_with_no_taskflow_operators.py
[2024-07-26T12:33:53.239+0000] {logging_mixin.py:188} INFO - [2024-07-26T12:33:53.238+0000] {dag.py:3036} INFO - Sync 1 DAGs
[2024-07-26T12:33:53.271+0000] {logging_mixin.py:188} INFO - [2024-07-26T12:33:53.271+0000] {dag.py:3823} INFO - Setting next_dagrun for example_dynamic_task_mapping_with_no_taskflow_operators to 2024-07-25 00:00:00+00:00, run_after=2024-07-26 00:00:00+00:00
[2024-07-26T12:33:53.299+0000] {processor.py:183} INFO - Processing /home/airflow/.local/lib/python3.8/site-packages/airflow/example_dags/example_dynamic_task_mapping_with_no_taskflow_operators.py took 0.096 seconds
[2024-07-26T12:34:23.390+0000] {processor.py:161} INFO - Started process (PID=861) to work on /home/airflow/.local/lib/python3.8/site-packages/airflow/example_dags/example_dynamic_task_mapping_with_no_taskflow_operators.py
[2024-07-26T12:34:23.391+0000] {processor.py:830} INFO - Processing file /home/airflow/.local/lib/python3.8/site-packages/airflow/example_dags/example_dynamic_task_mapping_with_no_taskflow_operators.py for tasks to queue
[2024-07-26T12:34:23.398+0000] {logging_mixin.py:188} INFO - [2024-07-26T12:34:23.398+0000] {dagbag.py:538} INFO - Filling up the DagBag from /home/airflow/.local/lib/python3.8/site-packages/airflow/example_dags/example_dynamic_task_mapping_with_no_taskflow_operators.py
[2024-07-26T12:34:23.409+0000] {processor.py:840} INFO - DAG(s) 'example_dynamic_task_mapping_with_no_taskflow_operators' retrieved from /home/airflow/.local/lib/python3.8/site-packages/airflow/example_dags/example_dynamic_task_mapping_with_no_taskflow_operators.py
[2024-07-26T12:34:23.433+0000] {logging_mixin.py:188} INFO - [2024-07-26T12:34:23.433+0000] {dag.py:3036} INFO - Sync 1 DAGs
[2024-07-26T12:34:23.461+0000] {logging_mixin.py:188} INFO - [2024-07-26T12:34:23.461+0000] {dag.py:3823} INFO - Setting next_dagrun for example_dynamic_task_mapping_with_no_taskflow_operators to 2024-07-25 00:00:00+00:00, run_after=2024-07-26 00:00:00+00:00
[2024-07-26T12:34:23.481+0000] {processor.py:183} INFO - Processing /home/airflow/.local/lib/python3.8/site-packages/airflow/example_dags/example_dynamic_task_mapping_with_no_taskflow_operators.py took 0.096 seconds
[2024-07-26T12:34:53.661+0000] {processor.py:161} INFO - Started process (PID=925) to work on /home/airflow/.local/lib/python3.8/site-packages/airflow/example_dags/example_dynamic_task_mapping_with_no_taskflow_operators.py
[2024-07-26T12:34:53.662+0000] {processor.py:830} INFO - Processing file /home/airflow/.local/lib/python3.8/site-packages/airflow/example_dags/example_dynamic_task_mapping_with_no_taskflow_operators.py for tasks to queue
[2024-07-26T12:34:53.664+0000] {logging_mixin.py:188} INFO - [2024-07-26T12:34:53.664+0000] {dagbag.py:538} INFO - Filling up the DagBag from /home/airflow/.local/lib/python3.8/site-packages/airflow/example_dags/example_dynamic_task_mapping_with_no_taskflow_operators.py
[2024-07-26T12:34:53.672+0000] {processor.py:840} INFO - DAG(s) 'example_dynamic_task_mapping_with_no_taskflow_operators' retrieved from /home/airflow/.local/lib/python3.8/site-packages/airflow/example_dags/example_dynamic_task_mapping_with_no_taskflow_operators.py
[2024-07-26T12:34:53.695+0000] {logging_mixin.py:188} INFO - [2024-07-26T12:34:53.695+0000] {dag.py:3036} INFO - Sync 1 DAGs
[2024-07-26T12:34:53.724+0000] {logging_mixin.py:188} INFO - [2024-07-26T12:34:53.724+0000] {dag.py:3823} INFO - Setting next_dagrun for example_dynamic_task_mapping_with_no_taskflow_operators to 2024-07-25 00:00:00+00:00, run_after=2024-07-26 00:00:00+00:00
[2024-07-26T12:34:53.743+0000] {processor.py:183} INFO - Processing /home/airflow/.local/lib/python3.8/site-packages/airflow/example_dags/example_dynamic_task_mapping_with_no_taskflow_operators.py took 0.085 seconds
[2024-07-26T12:35:23.853+0000] {processor.py:161} INFO - Started process (PID=989) to work on /home/airflow/.local/lib/python3.8/site-packages/airflow/example_dags/example_dynamic_task_mapping_with_no_taskflow_operators.py
[2024-07-26T12:35:23.855+0000] {processor.py:830} INFO - Processing file /home/airflow/.local/lib/python3.8/site-packages/airflow/example_dags/example_dynamic_task_mapping_with_no_taskflow_operators.py for tasks to queue
[2024-07-26T12:35:23.857+0000] {logging_mixin.py:188} INFO - [2024-07-26T12:35:23.856+0000] {dagbag.py:538} INFO - Filling up the DagBag from /home/airflow/.local/lib/python3.8/site-packages/airflow/example_dags/example_dynamic_task_mapping_with_no_taskflow_operators.py
[2024-07-26T12:35:23.866+0000] {processor.py:840} INFO - DAG(s) 'example_dynamic_task_mapping_with_no_taskflow_operators' retrieved from /home/airflow/.local/lib/python3.8/site-packages/airflow/example_dags/example_dynamic_task_mapping_with_no_taskflow_operators.py
[2024-07-26T12:35:23.897+0000] {logging_mixin.py:188} INFO - [2024-07-26T12:35:23.897+0000] {dag.py:3036} INFO - Sync 1 DAGs
[2024-07-26T12:35:23.931+0000] {logging_mixin.py:188} INFO - [2024-07-26T12:35:23.931+0000] {dag.py:3823} INFO - Setting next_dagrun for example_dynamic_task_mapping_with_no_taskflow_operators to 2024-07-25 00:00:00+00:00, run_after=2024-07-26 00:00:00+00:00
[2024-07-26T12:35:23.949+0000] {processor.py:183} INFO - Processing /home/airflow/.local/lib/python3.8/site-packages/airflow/example_dags/example_dynamic_task_mapping_with_no_taskflow_operators.py took 0.101 seconds
[2024-07-26T12:35:54.075+0000] {processor.py:161} INFO - Started process (PID=1053) to work on /home/airflow/.local/lib/python3.8/site-packages/airflow/example_dags/example_dynamic_task_mapping_with_no_taskflow_operators.py
[2024-07-26T12:35:54.076+0000] {processor.py:830} INFO - Processing file /home/airflow/.local/lib/python3.8/site-packages/airflow/example_dags/example_dynamic_task_mapping_with_no_taskflow_operators.py for tasks to queue
[2024-07-26T12:35:54.078+0000] {logging_mixin.py:188} INFO - [2024-07-26T12:35:54.078+0000] {dagbag.py:538} INFO - Filling up the DagBag from /home/airflow/.local/lib/python3.8/site-packages/airflow/example_dags/example_dynamic_task_mapping_with_no_taskflow_operators.py
[2024-07-26T12:35:54.085+0000] {processor.py:840} INFO - DAG(s) 'example_dynamic_task_mapping_with_no_taskflow_operators' retrieved from /home/airflow/.local/lib/python3.8/site-packages/airflow/example_dags/example_dynamic_task_mapping_with_no_taskflow_operators.py
[2024-07-26T12:35:54.107+0000] {logging_mixin.py:188} INFO - [2024-07-26T12:35:54.107+0000] {dag.py:3036} INFO - Sync 1 DAGs
[2024-07-26T12:35:54.134+0000] {logging_mixin.py:188} INFO - [2024-07-26T12:35:54.133+0000] {dag.py:3823} INFO - Setting next_dagrun for example_dynamic_task_mapping_with_no_taskflow_operators to 2024-07-25 00:00:00+00:00, run_after=2024-07-26 00:00:00+00:00
[2024-07-26T12:35:54.155+0000] {processor.py:183} INFO - Processing /home/airflow/.local/lib/python3.8/site-packages/airflow/example_dags/example_dynamic_task_mapping_with_no_taskflow_operators.py took 0.084 seconds
[2024-07-26T12:36:24.631+0000] {processor.py:161} INFO - Started process (PID=1117) to work on /home/airflow/.local/lib/python3.8/site-packages/airflow/example_dags/example_dynamic_task_mapping_with_no_taskflow_operators.py
[2024-07-26T12:36:24.635+0000] {processor.py:830} INFO - Processing file /home/airflow/.local/lib/python3.8/site-packages/airflow/example_dags/example_dynamic_task_mapping_with_no_taskflow_operators.py for tasks to queue
[2024-07-26T12:36:24.637+0000] {logging_mixin.py:188} INFO - [2024-07-26T12:36:24.637+0000] {dagbag.py:538} INFO - Filling up the DagBag from /home/airflow/.local/lib/python3.8/site-packages/airflow/example_dags/example_dynamic_task_mapping_with_no_taskflow_operators.py
[2024-07-26T12:36:24.643+0000] {processor.py:840} INFO - DAG(s) 'example_dynamic_task_mapping_with_no_taskflow_operators' retrieved from /home/airflow/.local/lib/python3.8/site-packages/airflow/example_dags/example_dynamic_task_mapping_with_no_taskflow_operators.py
[2024-07-26T12:36:24.665+0000] {logging_mixin.py:188} INFO - [2024-07-26T12:36:24.664+0000] {dag.py:3036} INFO - Sync 1 DAGs
[2024-07-26T12:36:24.695+0000] {logging_mixin.py:188} INFO - [2024-07-26T12:36:24.695+0000] {dag.py:3823} INFO - Setting next_dagrun for example_dynamic_task_mapping_with_no_taskflow_operators to 2024-07-25 00:00:00+00:00, run_after=2024-07-26 00:00:00+00:00
[2024-07-26T12:36:24.714+0000] {processor.py:183} INFO - Processing /home/airflow/.local/lib/python3.8/site-packages/airflow/example_dags/example_dynamic_task_mapping_with_no_taskflow_operators.py took 0.087 seconds
[2024-07-26T12:36:54.956+0000] {processor.py:161} INFO - Started process (PID=1181) to work on /home/airflow/.local/lib/python3.8/site-packages/airflow/example_dags/example_dynamic_task_mapping_with_no_taskflow_operators.py
[2024-07-26T12:36:54.957+0000] {processor.py:830} INFO - Processing file /home/airflow/.local/lib/python3.8/site-packages/airflow/example_dags/example_dynamic_task_mapping_with_no_taskflow_operators.py for tasks to queue
[2024-07-26T12:36:54.959+0000] {logging_mixin.py:188} INFO - [2024-07-26T12:36:54.958+0000] {dagbag.py:538} INFO - Filling up the DagBag from /home/airflow/.local/lib/python3.8/site-packages/airflow/example_dags/example_dynamic_task_mapping_with_no_taskflow_operators.py
[2024-07-26T12:36:54.965+0000] {processor.py:840} INFO - DAG(s) 'example_dynamic_task_mapping_with_no_taskflow_operators' retrieved from /home/airflow/.local/lib/python3.8/site-packages/airflow/example_dags/example_dynamic_task_mapping_with_no_taskflow_operators.py
[2024-07-26T12:36:54.991+0000] {logging_mixin.py:188} INFO - [2024-07-26T12:36:54.991+0000] {dag.py:3036} INFO - Sync 1 DAGs
[2024-07-26T12:36:55.021+0000] {logging_mixin.py:188} INFO - [2024-07-26T12:36:55.021+0000] {dag.py:3823} INFO - Setting next_dagrun for example_dynamic_task_mapping_with_no_taskflow_operators to 2024-07-25 00:00:00+00:00, run_after=2024-07-26 00:00:00+00:00
[2024-07-26T12:36:55.042+0000] {processor.py:183} INFO - Processing /home/airflow/.local/lib/python3.8/site-packages/airflow/example_dags/example_dynamic_task_mapping_with_no_taskflow_operators.py took 0.090 seconds
[2024-07-26T12:37:25.416+0000] {processor.py:161} INFO - Started process (PID=1245) to work on /home/airflow/.local/lib/python3.8/site-packages/airflow/example_dags/example_dynamic_task_mapping_with_no_taskflow_operators.py
[2024-07-26T12:37:25.417+0000] {processor.py:830} INFO - Processing file /home/airflow/.local/lib/python3.8/site-packages/airflow/example_dags/example_dynamic_task_mapping_with_no_taskflow_operators.py for tasks to queue
[2024-07-26T12:37:25.420+0000] {logging_mixin.py:188} INFO - [2024-07-26T12:37:25.419+0000] {dagbag.py:538} INFO - Filling up the DagBag from /home/airflow/.local/lib/python3.8/site-packages/airflow/example_dags/example_dynamic_task_mapping_with_no_taskflow_operators.py
[2024-07-26T12:37:25.426+0000] {processor.py:840} INFO - DAG(s) 'example_dynamic_task_mapping_with_no_taskflow_operators' retrieved from /home/airflow/.local/lib/python3.8/site-packages/airflow/example_dags/example_dynamic_task_mapping_with_no_taskflow_operators.py
[2024-07-26T12:37:25.450+0000] {logging_mixin.py:188} INFO - [2024-07-26T12:37:25.450+0000] {dag.py:3036} INFO - Sync 1 DAGs
[2024-07-26T12:37:25.482+0000] {logging_mixin.py:188} INFO - [2024-07-26T12:37:25.482+0000] {dag.py:3823} INFO - Setting next_dagrun for example_dynamic_task_mapping_with_no_taskflow_operators to 2024-07-25 00:00:00+00:00, run_after=2024-07-26 00:00:00+00:00
[2024-07-26T12:37:25.507+0000] {processor.py:183} INFO - Processing /home/airflow/.local/lib/python3.8/site-packages/airflow/example_dags/example_dynamic_task_mapping_with_no_taskflow_operators.py took 0.095 seconds
[2024-07-26T12:38:51.670+0000] {processor.py:161} INFO - Started process (PID=91) to work on /home/airflow/.local/lib/python3.8/site-packages/airflow/example_dags/example_dynamic_task_mapping_with_no_taskflow_operators.py
[2024-07-26T12:38:51.671+0000] {processor.py:830} INFO - Processing file /home/airflow/.local/lib/python3.8/site-packages/airflow/example_dags/example_dynamic_task_mapping_with_no_taskflow_operators.py for tasks to queue
[2024-07-26T12:38:51.674+0000] {logging_mixin.py:188} INFO - [2024-07-26T12:38:51.673+0000] {dagbag.py:538} INFO - Filling up the DagBag from /home/airflow/.local/lib/python3.8/site-packages/airflow/example_dags/example_dynamic_task_mapping_with_no_taskflow_operators.py
[2024-07-26T12:38:51.686+0000] {processor.py:840} INFO - DAG(s) 'example_dynamic_task_mapping_with_no_taskflow_operators' retrieved from /home/airflow/.local/lib/python3.8/site-packages/airflow/example_dags/example_dynamic_task_mapping_with_no_taskflow_operators.py
[2024-07-26T12:38:51.700+0000] {logging_mixin.py:188} INFO - [2024-07-26T12:38:51.700+0000] {dag.py:3036} INFO - Sync 1 DAGs
[2024-07-26T12:38:51.726+0000] {logging_mixin.py:188} INFO - [2024-07-26T12:38:51.726+0000] {dag.py:3823} INFO - Setting next_dagrun for example_dynamic_task_mapping_with_no_taskflow_operators to 2024-07-25 00:00:00+00:00, run_after=2024-07-26 00:00:00+00:00
[2024-07-26T12:38:51.750+0000] {processor.py:183} INFO - Processing /home/airflow/.local/lib/python3.8/site-packages/airflow/example_dags/example_dynamic_task_mapping_with_no_taskflow_operators.py took 0.085 seconds
[2024-07-26T12:39:22.182+0000] {processor.py:161} INFO - Started process (PID=148) to work on /home/airflow/.local/lib/python3.8/site-packages/airflow/example_dags/example_dynamic_task_mapping_with_no_taskflow_operators.py
[2024-07-26T12:39:22.183+0000] {processor.py:830} INFO - Processing file /home/airflow/.local/lib/python3.8/site-packages/airflow/example_dags/example_dynamic_task_mapping_with_no_taskflow_operators.py for tasks to queue
[2024-07-26T12:39:22.185+0000] {logging_mixin.py:188} INFO - [2024-07-26T12:39:22.185+0000] {dagbag.py:538} INFO - Filling up the DagBag from /home/airflow/.local/lib/python3.8/site-packages/airflow/example_dags/example_dynamic_task_mapping_with_no_taskflow_operators.py
[2024-07-26T12:39:22.191+0000] {processor.py:840} INFO - DAG(s) 'example_dynamic_task_mapping_with_no_taskflow_operators' retrieved from /home/airflow/.local/lib/python3.8/site-packages/airflow/example_dags/example_dynamic_task_mapping_with_no_taskflow_operators.py
[2024-07-26T12:39:22.328+0000] {logging_mixin.py:188} INFO - [2024-07-26T12:39:22.328+0000] {dag.py:3036} INFO - Sync 1 DAGs
[2024-07-26T12:39:22.357+0000] {logging_mixin.py:188} INFO - [2024-07-26T12:39:22.357+0000] {dag.py:3823} INFO - Setting next_dagrun for example_dynamic_task_mapping_with_no_taskflow_operators to 2024-07-25 00:00:00+00:00, run_after=2024-07-26 00:00:00+00:00
[2024-07-26T12:39:22.435+0000] {processor.py:183} INFO - Processing /home/airflow/.local/lib/python3.8/site-packages/airflow/example_dags/example_dynamic_task_mapping_with_no_taskflow_operators.py took 0.259 seconds
[2024-07-26T12:43:17.056+0000] {processor.py:161} INFO - Started process (PID=96) to work on /home/airflow/.local/lib/python3.8/site-packages/airflow/example_dags/example_dynamic_task_mapping_with_no_taskflow_operators.py
[2024-07-26T12:43:17.057+0000] {processor.py:830} INFO - Processing file /home/airflow/.local/lib/python3.8/site-packages/airflow/example_dags/example_dynamic_task_mapping_with_no_taskflow_operators.py for tasks to queue
[2024-07-26T12:43:17.059+0000] {logging_mixin.py:188} INFO - [2024-07-26T12:43:17.058+0000] {dagbag.py:538} INFO - Filling up the DagBag from /home/airflow/.local/lib/python3.8/site-packages/airflow/example_dags/example_dynamic_task_mapping_with_no_taskflow_operators.py
[2024-07-26T12:43:17.069+0000] {processor.py:840} INFO - DAG(s) 'example_dynamic_task_mapping_with_no_taskflow_operators' retrieved from /home/airflow/.local/lib/python3.8/site-packages/airflow/example_dags/example_dynamic_task_mapping_with_no_taskflow_operators.py
[2024-07-26T12:43:17.190+0000] {logging_mixin.py:188} INFO - [2024-07-26T12:43:17.190+0000] {dag.py:3036} INFO - Sync 1 DAGs
[2024-07-26T12:43:17.213+0000] {logging_mixin.py:188} INFO - [2024-07-26T12:43:17.213+0000] {dag.py:3823} INFO - Setting next_dagrun for example_dynamic_task_mapping_with_no_taskflow_operators to 2024-07-25 00:00:00+00:00, run_after=2024-07-26 00:00:00+00:00
[2024-07-26T12:43:17.236+0000] {processor.py:183} INFO - Processing /home/airflow/.local/lib/python3.8/site-packages/airflow/example_dags/example_dynamic_task_mapping_with_no_taskflow_operators.py took 0.184 seconds
[2024-07-26T12:43:47.937+0000] {processor.py:161} INFO - Started process (PID=160) to work on /home/airflow/.local/lib/python3.8/site-packages/airflow/example_dags/example_dynamic_task_mapping_with_no_taskflow_operators.py
[2024-07-26T12:43:47.942+0000] {processor.py:830} INFO - Processing file /home/airflow/.local/lib/python3.8/site-packages/airflow/example_dags/example_dynamic_task_mapping_with_no_taskflow_operators.py for tasks to queue
[2024-07-26T12:43:47.947+0000] {logging_mixin.py:188} INFO - [2024-07-26T12:43:47.947+0000] {dagbag.py:538} INFO - Filling up the DagBag from /home/airflow/.local/lib/python3.8/site-packages/airflow/example_dags/example_dynamic_task_mapping_with_no_taskflow_operators.py
[2024-07-26T12:43:47.960+0000] {processor.py:840} INFO - DAG(s) 'example_dynamic_task_mapping_with_no_taskflow_operators' retrieved from /home/airflow/.local/lib/python3.8/site-packages/airflow/example_dags/example_dynamic_task_mapping_with_no_taskflow_operators.py
[2024-07-26T12:43:47.984+0000] {logging_mixin.py:188} INFO - [2024-07-26T12:43:47.984+0000] {dag.py:3036} INFO - Sync 1 DAGs
[2024-07-26T12:43:48.011+0000] {logging_mixin.py:188} INFO - [2024-07-26T12:43:48.010+0000] {dag.py:3823} INFO - Setting next_dagrun for example_dynamic_task_mapping_with_no_taskflow_operators to 2024-07-25 00:00:00+00:00, run_after=2024-07-26 00:00:00+00:00
[2024-07-26T12:43:48.028+0000] {processor.py:183} INFO - Processing /home/airflow/.local/lib/python3.8/site-packages/airflow/example_dags/example_dynamic_task_mapping_with_no_taskflow_operators.py took 0.096 seconds
[2024-07-26T12:44:19.114+0000] {processor.py:161} INFO - Started process (PID=223) to work on /home/airflow/.local/lib/python3.8/site-packages/airflow/example_dags/example_dynamic_task_mapping_with_no_taskflow_operators.py
[2024-07-26T12:44:19.115+0000] {processor.py:830} INFO - Processing file /home/airflow/.local/lib/python3.8/site-packages/airflow/example_dags/example_dynamic_task_mapping_with_no_taskflow_operators.py for tasks to queue
[2024-07-26T12:44:19.117+0000] {logging_mixin.py:188} INFO - [2024-07-26T12:44:19.117+0000] {dagbag.py:538} INFO - Filling up the DagBag from /home/airflow/.local/lib/python3.8/site-packages/airflow/example_dags/example_dynamic_task_mapping_with_no_taskflow_operators.py
[2024-07-26T12:44:19.123+0000] {processor.py:840} INFO - DAG(s) 'example_dynamic_task_mapping_with_no_taskflow_operators' retrieved from /home/airflow/.local/lib/python3.8/site-packages/airflow/example_dags/example_dynamic_task_mapping_with_no_taskflow_operators.py
[2024-07-26T12:44:19.145+0000] {logging_mixin.py:188} INFO - [2024-07-26T12:44:19.145+0000] {dag.py:3036} INFO - Sync 1 DAGs
[2024-07-26T12:44:19.170+0000] {logging_mixin.py:188} INFO - [2024-07-26T12:44:19.169+0000] {dag.py:3823} INFO - Setting next_dagrun for example_dynamic_task_mapping_with_no_taskflow_operators to 2024-07-25 00:00:00+00:00, run_after=2024-07-26 00:00:00+00:00
[2024-07-26T12:44:19.192+0000] {processor.py:183} INFO - Processing /home/airflow/.local/lib/python3.8/site-packages/airflow/example_dags/example_dynamic_task_mapping_with_no_taskflow_operators.py took 0.081 seconds
[2024-07-26T12:49:44.643+0000] {processor.py:161} INFO - Started process (PID=89) to work on /home/airflow/.local/lib/python3.8/site-packages/airflow/example_dags/example_dynamic_task_mapping_with_no_taskflow_operators.py
[2024-07-26T12:49:44.645+0000] {processor.py:830} INFO - Processing file /home/airflow/.local/lib/python3.8/site-packages/airflow/example_dags/example_dynamic_task_mapping_with_no_taskflow_operators.py for tasks to queue
[2024-07-26T12:49:44.648+0000] {logging_mixin.py:188} INFO - [2024-07-26T12:49:44.648+0000] {dagbag.py:538} INFO - Filling up the DagBag from /home/airflow/.local/lib/python3.8/site-packages/airflow/example_dags/example_dynamic_task_mapping_with_no_taskflow_operators.py
[2024-07-26T12:49:44.666+0000] {processor.py:840} INFO - DAG(s) 'example_dynamic_task_mapping_with_no_taskflow_operators' retrieved from /home/airflow/.local/lib/python3.8/site-packages/airflow/example_dags/example_dynamic_task_mapping_with_no_taskflow_operators.py
[2024-07-26T12:49:44.681+0000] {logging_mixin.py:188} INFO - [2024-07-26T12:49:44.681+0000] {dag.py:3036} INFO - Sync 1 DAGs
[2024-07-26T12:49:44.709+0000] {logging_mixin.py:188} INFO - [2024-07-26T12:49:44.709+0000] {dag.py:3823} INFO - Setting next_dagrun for example_dynamic_task_mapping_with_no_taskflow_operators to 2024-07-25 00:00:00+00:00, run_after=2024-07-26 00:00:00+00:00
[2024-07-26T12:49:44.731+0000] {processor.py:183} INFO - Processing /home/airflow/.local/lib/python3.8/site-packages/airflow/example_dags/example_dynamic_task_mapping_with_no_taskflow_operators.py took 0.092 seconds
[2024-07-26T12:50:15.148+0000] {processor.py:161} INFO - Started process (PID=151) to work on /home/airflow/.local/lib/python3.8/site-packages/airflow/example_dags/example_dynamic_task_mapping_with_no_taskflow_operators.py
[2024-07-26T12:50:15.149+0000] {processor.py:830} INFO - Processing file /home/airflow/.local/lib/python3.8/site-packages/airflow/example_dags/example_dynamic_task_mapping_with_no_taskflow_operators.py for tasks to queue
[2024-07-26T12:50:15.152+0000] {logging_mixin.py:188} INFO - [2024-07-26T12:50:15.151+0000] {dagbag.py:538} INFO - Filling up the DagBag from /home/airflow/.local/lib/python3.8/site-packages/airflow/example_dags/example_dynamic_task_mapping_with_no_taskflow_operators.py
[2024-07-26T12:50:15.158+0000] {processor.py:840} INFO - DAG(s) 'example_dynamic_task_mapping_with_no_taskflow_operators' retrieved from /home/airflow/.local/lib/python3.8/site-packages/airflow/example_dags/example_dynamic_task_mapping_with_no_taskflow_operators.py
[2024-07-26T12:50:15.281+0000] {logging_mixin.py:188} INFO - [2024-07-26T12:50:15.280+0000] {dag.py:3036} INFO - Sync 1 DAGs
[2024-07-26T12:50:15.319+0000] {logging_mixin.py:188} INFO - [2024-07-26T12:50:15.318+0000] {dag.py:3823} INFO - Setting next_dagrun for example_dynamic_task_mapping_with_no_taskflow_operators to 2024-07-25 00:00:00+00:00, run_after=2024-07-26 00:00:00+00:00
[2024-07-26T12:50:15.377+0000] {processor.py:183} INFO - Processing /home/airflow/.local/lib/python3.8/site-packages/airflow/example_dags/example_dynamic_task_mapping_with_no_taskflow_operators.py took 0.233 seconds
[2024-07-26T12:50:46.087+0000] {processor.py:161} INFO - Started process (PID=215) to work on /home/airflow/.local/lib/python3.8/site-packages/airflow/example_dags/example_dynamic_task_mapping_with_no_taskflow_operators.py
[2024-07-26T12:50:46.088+0000] {processor.py:830} INFO - Processing file /home/airflow/.local/lib/python3.8/site-packages/airflow/example_dags/example_dynamic_task_mapping_with_no_taskflow_operators.py for tasks to queue
[2024-07-26T12:50:46.090+0000] {logging_mixin.py:188} INFO - [2024-07-26T12:50:46.090+0000] {dagbag.py:538} INFO - Filling up the DagBag from /home/airflow/.local/lib/python3.8/site-packages/airflow/example_dags/example_dynamic_task_mapping_with_no_taskflow_operators.py
[2024-07-26T12:50:46.096+0000] {processor.py:840} INFO - DAG(s) 'example_dynamic_task_mapping_with_no_taskflow_operators' retrieved from /home/airflow/.local/lib/python3.8/site-packages/airflow/example_dags/example_dynamic_task_mapping_with_no_taskflow_operators.py
[2024-07-26T12:50:46.121+0000] {logging_mixin.py:188} INFO - [2024-07-26T12:50:46.121+0000] {dag.py:3036} INFO - Sync 1 DAGs
[2024-07-26T12:50:46.149+0000] {logging_mixin.py:188} INFO - [2024-07-26T12:50:46.149+0000] {dag.py:3823} INFO - Setting next_dagrun for example_dynamic_task_mapping_with_no_taskflow_operators to 2024-07-25 00:00:00+00:00, run_after=2024-07-26 00:00:00+00:00
[2024-07-26T12:50:46.187+0000] {processor.py:183} INFO - Processing /home/airflow/.local/lib/python3.8/site-packages/airflow/example_dags/example_dynamic_task_mapping_with_no_taskflow_operators.py took 0.104 seconds
[2024-07-26T12:51:16.325+0000] {processor.py:161} INFO - Started process (PID=279) to work on /home/airflow/.local/lib/python3.8/site-packages/airflow/example_dags/example_dynamic_task_mapping_with_no_taskflow_operators.py
[2024-07-26T12:51:16.326+0000] {processor.py:830} INFO - Processing file /home/airflow/.local/lib/python3.8/site-packages/airflow/example_dags/example_dynamic_task_mapping_with_no_taskflow_operators.py for tasks to queue
[2024-07-26T12:51:16.328+0000] {logging_mixin.py:188} INFO - [2024-07-26T12:51:16.328+0000] {dagbag.py:538} INFO - Filling up the DagBag from /home/airflow/.local/lib/python3.8/site-packages/airflow/example_dags/example_dynamic_task_mapping_with_no_taskflow_operators.py
[2024-07-26T12:51:16.334+0000] {processor.py:840} INFO - DAG(s) 'example_dynamic_task_mapping_with_no_taskflow_operators' retrieved from /home/airflow/.local/lib/python3.8/site-packages/airflow/example_dags/example_dynamic_task_mapping_with_no_taskflow_operators.py
[2024-07-26T12:51:16.358+0000] {logging_mixin.py:188} INFO - [2024-07-26T12:51:16.357+0000] {dag.py:3036} INFO - Sync 1 DAGs
[2024-07-26T12:51:16.382+0000] {logging_mixin.py:188} INFO - [2024-07-26T12:51:16.382+0000] {dag.py:3823} INFO - Setting next_dagrun for example_dynamic_task_mapping_with_no_taskflow_operators to 2024-07-25 00:00:00+00:00, run_after=2024-07-26 00:00:00+00:00
[2024-07-26T12:51:16.402+0000] {processor.py:183} INFO - Processing /home/airflow/.local/lib/python3.8/site-packages/airflow/example_dags/example_dynamic_task_mapping_with_no_taskflow_operators.py took 0.080 seconds
[2024-07-26T12:51:46.669+0000] {processor.py:161} INFO - Started process (PID=343) to work on /home/airflow/.local/lib/python3.8/site-packages/airflow/example_dags/example_dynamic_task_mapping_with_no_taskflow_operators.py
[2024-07-26T12:51:46.671+0000] {processor.py:830} INFO - Processing file /home/airflow/.local/lib/python3.8/site-packages/airflow/example_dags/example_dynamic_task_mapping_with_no_taskflow_operators.py for tasks to queue
[2024-07-26T12:51:46.673+0000] {logging_mixin.py:188} INFO - [2024-07-26T12:51:46.673+0000] {dagbag.py:538} INFO - Filling up the DagBag from /home/airflow/.local/lib/python3.8/site-packages/airflow/example_dags/example_dynamic_task_mapping_with_no_taskflow_operators.py
[2024-07-26T12:51:46.679+0000] {processor.py:840} INFO - DAG(s) 'example_dynamic_task_mapping_with_no_taskflow_operators' retrieved from /home/airflow/.local/lib/python3.8/site-packages/airflow/example_dags/example_dynamic_task_mapping_with_no_taskflow_operators.py
[2024-07-26T12:51:46.699+0000] {logging_mixin.py:188} INFO - [2024-07-26T12:51:46.699+0000] {dag.py:3036} INFO - Sync 1 DAGs
[2024-07-26T12:51:46.724+0000] {logging_mixin.py:188} INFO - [2024-07-26T12:51:46.724+0000] {dag.py:3823} INFO - Setting next_dagrun for example_dynamic_task_mapping_with_no_taskflow_operators to 2024-07-25 00:00:00+00:00, run_after=2024-07-26 00:00:00+00:00
[2024-07-26T12:51:46.747+0000] {processor.py:183} INFO - Processing /home/airflow/.local/lib/python3.8/site-packages/airflow/example_dags/example_dynamic_task_mapping_with_no_taskflow_operators.py took 0.081 seconds
[2024-07-26T12:52:17.332+0000] {processor.py:161} INFO - Started process (PID=407) to work on /home/airflow/.local/lib/python3.8/site-packages/airflow/example_dags/example_dynamic_task_mapping_with_no_taskflow_operators.py
[2024-07-26T12:52:17.333+0000] {processor.py:830} INFO - Processing file /home/airflow/.local/lib/python3.8/site-packages/airflow/example_dags/example_dynamic_task_mapping_with_no_taskflow_operators.py for tasks to queue
[2024-07-26T12:52:17.335+0000] {logging_mixin.py:188} INFO - [2024-07-26T12:52:17.334+0000] {dagbag.py:538} INFO - Filling up the DagBag from /home/airflow/.local/lib/python3.8/site-packages/airflow/example_dags/example_dynamic_task_mapping_with_no_taskflow_operators.py
[2024-07-26T12:52:17.341+0000] {processor.py:840} INFO - DAG(s) 'example_dynamic_task_mapping_with_no_taskflow_operators' retrieved from /home/airflow/.local/lib/python3.8/site-packages/airflow/example_dags/example_dynamic_task_mapping_with_no_taskflow_operators.py
[2024-07-26T12:52:17.363+0000] {logging_mixin.py:188} INFO - [2024-07-26T12:52:17.363+0000] {dag.py:3036} INFO - Sync 1 DAGs
[2024-07-26T12:52:17.386+0000] {logging_mixin.py:188} INFO - [2024-07-26T12:52:17.386+0000] {dag.py:3823} INFO - Setting next_dagrun for example_dynamic_task_mapping_with_no_taskflow_operators to 2024-07-25 00:00:00+00:00, run_after=2024-07-26 00:00:00+00:00
[2024-07-26T12:52:17.407+0000] {processor.py:183} INFO - Processing /home/airflow/.local/lib/python3.8/site-packages/airflow/example_dags/example_dynamic_task_mapping_with_no_taskflow_operators.py took 0.079 seconds
[2024-07-26T12:52:47.861+0000] {processor.py:161} INFO - Started process (PID=470) to work on /home/airflow/.local/lib/python3.8/site-packages/airflow/example_dags/example_dynamic_task_mapping_with_no_taskflow_operators.py
[2024-07-26T12:52:47.862+0000] {processor.py:830} INFO - Processing file /home/airflow/.local/lib/python3.8/site-packages/airflow/example_dags/example_dynamic_task_mapping_with_no_taskflow_operators.py for tasks to queue
[2024-07-26T12:52:47.864+0000] {logging_mixin.py:188} INFO - [2024-07-26T12:52:47.864+0000] {dagbag.py:538} INFO - Filling up the DagBag from /home/airflow/.local/lib/python3.8/site-packages/airflow/example_dags/example_dynamic_task_mapping_with_no_taskflow_operators.py
[2024-07-26T12:52:47.871+0000] {processor.py:840} INFO - DAG(s) 'example_dynamic_task_mapping_with_no_taskflow_operators' retrieved from /home/airflow/.local/lib/python3.8/site-packages/airflow/example_dags/example_dynamic_task_mapping_with_no_taskflow_operators.py
[2024-07-26T12:52:47.892+0000] {logging_mixin.py:188} INFO - [2024-07-26T12:52:47.892+0000] {dag.py:3036} INFO - Sync 1 DAGs
[2024-07-26T12:52:47.917+0000] {logging_mixin.py:188} INFO - [2024-07-26T12:52:47.917+0000] {dag.py:3823} INFO - Setting next_dagrun for example_dynamic_task_mapping_with_no_taskflow_operators to 2024-07-25 00:00:00+00:00, run_after=2024-07-26 00:00:00+00:00
[2024-07-26T12:52:47.937+0000] {processor.py:183} INFO - Processing /home/airflow/.local/lib/python3.8/site-packages/airflow/example_dags/example_dynamic_task_mapping_with_no_taskflow_operators.py took 0.080 seconds
[2024-07-26T12:53:18.523+0000] {processor.py:161} INFO - Started process (PID=534) to work on /home/airflow/.local/lib/python3.8/site-packages/airflow/example_dags/example_dynamic_task_mapping_with_no_taskflow_operators.py
[2024-07-26T12:53:18.524+0000] {processor.py:830} INFO - Processing file /home/airflow/.local/lib/python3.8/site-packages/airflow/example_dags/example_dynamic_task_mapping_with_no_taskflow_operators.py for tasks to queue
[2024-07-26T12:53:18.527+0000] {logging_mixin.py:188} INFO - [2024-07-26T12:53:18.526+0000] {dagbag.py:538} INFO - Filling up the DagBag from /home/airflow/.local/lib/python3.8/site-packages/airflow/example_dags/example_dynamic_task_mapping_with_no_taskflow_operators.py
[2024-07-26T12:53:18.533+0000] {processor.py:840} INFO - DAG(s) 'example_dynamic_task_mapping_with_no_taskflow_operators' retrieved from /home/airflow/.local/lib/python3.8/site-packages/airflow/example_dags/example_dynamic_task_mapping_with_no_taskflow_operators.py
[2024-07-26T12:53:18.557+0000] {logging_mixin.py:188} INFO - [2024-07-26T12:53:18.556+0000] {dag.py:3036} INFO - Sync 1 DAGs
[2024-07-26T12:53:18.584+0000] {logging_mixin.py:188} INFO - [2024-07-26T12:53:18.583+0000] {dag.py:3823} INFO - Setting next_dagrun for example_dynamic_task_mapping_with_no_taskflow_operators to 2024-07-25 00:00:00+00:00, run_after=2024-07-26 00:00:00+00:00
[2024-07-26T12:53:18.605+0000] {processor.py:183} INFO - Processing /home/airflow/.local/lib/python3.8/site-packages/airflow/example_dags/example_dynamic_task_mapping_with_no_taskflow_operators.py took 0.085 seconds
[2024-07-26T12:53:48.748+0000] {processor.py:161} INFO - Started process (PID=598) to work on /home/airflow/.local/lib/python3.8/site-packages/airflow/example_dags/example_dynamic_task_mapping_with_no_taskflow_operators.py
[2024-07-26T12:53:48.749+0000] {processor.py:830} INFO - Processing file /home/airflow/.local/lib/python3.8/site-packages/airflow/example_dags/example_dynamic_task_mapping_with_no_taskflow_operators.py for tasks to queue
[2024-07-26T12:53:48.752+0000] {logging_mixin.py:188} INFO - [2024-07-26T12:53:48.751+0000] {dagbag.py:538} INFO - Filling up the DagBag from /home/airflow/.local/lib/python3.8/site-packages/airflow/example_dags/example_dynamic_task_mapping_with_no_taskflow_operators.py
[2024-07-26T12:53:48.758+0000] {processor.py:840} INFO - DAG(s) 'example_dynamic_task_mapping_with_no_taskflow_operators' retrieved from /home/airflow/.local/lib/python3.8/site-packages/airflow/example_dags/example_dynamic_task_mapping_with_no_taskflow_operators.py
[2024-07-26T12:53:48.778+0000] {logging_mixin.py:188} INFO - [2024-07-26T12:53:48.778+0000] {dag.py:3036} INFO - Sync 1 DAGs
[2024-07-26T12:53:48.803+0000] {logging_mixin.py:188} INFO - [2024-07-26T12:53:48.802+0000] {dag.py:3823} INFO - Setting next_dagrun for example_dynamic_task_mapping_with_no_taskflow_operators to 2024-07-25 00:00:00+00:00, run_after=2024-07-26 00:00:00+00:00
[2024-07-26T12:53:48.824+0000] {processor.py:183} INFO - Processing /home/airflow/.local/lib/python3.8/site-packages/airflow/example_dags/example_dynamic_task_mapping_with_no_taskflow_operators.py took 0.079 seconds
[2024-07-26T12:54:18.960+0000] {processor.py:161} INFO - Started process (PID=662) to work on /home/airflow/.local/lib/python3.8/site-packages/airflow/example_dags/example_dynamic_task_mapping_with_no_taskflow_operators.py
[2024-07-26T12:54:18.961+0000] {processor.py:830} INFO - Processing file /home/airflow/.local/lib/python3.8/site-packages/airflow/example_dags/example_dynamic_task_mapping_with_no_taskflow_operators.py for tasks to queue
[2024-07-26T12:54:18.963+0000] {logging_mixin.py:188} INFO - [2024-07-26T12:54:18.963+0000] {dagbag.py:538} INFO - Filling up the DagBag from /home/airflow/.local/lib/python3.8/site-packages/airflow/example_dags/example_dynamic_task_mapping_with_no_taskflow_operators.py
[2024-07-26T12:54:18.971+0000] {processor.py:840} INFO - DAG(s) 'example_dynamic_task_mapping_with_no_taskflow_operators' retrieved from /home/airflow/.local/lib/python3.8/site-packages/airflow/example_dags/example_dynamic_task_mapping_with_no_taskflow_operators.py
[2024-07-26T12:54:18.998+0000] {logging_mixin.py:188} INFO - [2024-07-26T12:54:18.998+0000] {dag.py:3036} INFO - Sync 1 DAGs
[2024-07-26T12:54:19.031+0000] {logging_mixin.py:188} INFO - [2024-07-26T12:54:19.031+0000] {dag.py:3823} INFO - Setting next_dagrun for example_dynamic_task_mapping_with_no_taskflow_operators to 2024-07-25 00:00:00+00:00, run_after=2024-07-26 00:00:00+00:00
[2024-07-26T12:54:19.059+0000] {processor.py:183} INFO - Processing /home/airflow/.local/lib/python3.8/site-packages/airflow/example_dags/example_dynamic_task_mapping_with_no_taskflow_operators.py took 0.102 seconds
[2024-07-26T12:54:49.189+0000] {processor.py:161} INFO - Started process (PID=725) to work on /home/airflow/.local/lib/python3.8/site-packages/airflow/example_dags/example_dynamic_task_mapping_with_no_taskflow_operators.py
[2024-07-26T12:54:49.191+0000] {processor.py:830} INFO - Processing file /home/airflow/.local/lib/python3.8/site-packages/airflow/example_dags/example_dynamic_task_mapping_with_no_taskflow_operators.py for tasks to queue
[2024-07-26T12:54:49.194+0000] {logging_mixin.py:188} INFO - [2024-07-26T12:54:49.193+0000] {dagbag.py:538} INFO - Filling up the DagBag from /home/airflow/.local/lib/python3.8/site-packages/airflow/example_dags/example_dynamic_task_mapping_with_no_taskflow_operators.py
[2024-07-26T12:54:49.200+0000] {processor.py:840} INFO - DAG(s) 'example_dynamic_task_mapping_with_no_taskflow_operators' retrieved from /home/airflow/.local/lib/python3.8/site-packages/airflow/example_dags/example_dynamic_task_mapping_with_no_taskflow_operators.py
[2024-07-26T12:54:49.222+0000] {logging_mixin.py:188} INFO - [2024-07-26T12:54:49.222+0000] {dag.py:3036} INFO - Sync 1 DAGs
[2024-07-26T12:54:49.248+0000] {logging_mixin.py:188} INFO - [2024-07-26T12:54:49.248+0000] {dag.py:3823} INFO - Setting next_dagrun for example_dynamic_task_mapping_with_no_taskflow_operators to 2024-07-25 00:00:00+00:00, run_after=2024-07-26 00:00:00+00:00
[2024-07-26T12:54:49.274+0000] {processor.py:183} INFO - Processing /home/airflow/.local/lib/python3.8/site-packages/airflow/example_dags/example_dynamic_task_mapping_with_no_taskflow_operators.py took 0.088 seconds
[2024-07-26T12:55:19.447+0000] {processor.py:161} INFO - Started process (PID=789) to work on /home/airflow/.local/lib/python3.8/site-packages/airflow/example_dags/example_dynamic_task_mapping_with_no_taskflow_operators.py
[2024-07-26T12:55:19.448+0000] {processor.py:830} INFO - Processing file /home/airflow/.local/lib/python3.8/site-packages/airflow/example_dags/example_dynamic_task_mapping_with_no_taskflow_operators.py for tasks to queue
[2024-07-26T12:55:19.451+0000] {logging_mixin.py:188} INFO - [2024-07-26T12:55:19.450+0000] {dagbag.py:538} INFO - Filling up the DagBag from /home/airflow/.local/lib/python3.8/site-packages/airflow/example_dags/example_dynamic_task_mapping_with_no_taskflow_operators.py
[2024-07-26T12:55:19.457+0000] {processor.py:840} INFO - DAG(s) 'example_dynamic_task_mapping_with_no_taskflow_operators' retrieved from /home/airflow/.local/lib/python3.8/site-packages/airflow/example_dags/example_dynamic_task_mapping_with_no_taskflow_operators.py
[2024-07-26T12:55:19.479+0000] {logging_mixin.py:188} INFO - [2024-07-26T12:55:19.479+0000] {dag.py:3036} INFO - Sync 1 DAGs
[2024-07-26T12:55:19.522+0000] {logging_mixin.py:188} INFO - [2024-07-26T12:55:19.522+0000] {dag.py:3823} INFO - Setting next_dagrun for example_dynamic_task_mapping_with_no_taskflow_operators to 2024-07-25 00:00:00+00:00, run_after=2024-07-26 00:00:00+00:00
[2024-07-26T12:55:19.553+0000] {processor.py:183} INFO - Processing /home/airflow/.local/lib/python3.8/site-packages/airflow/example_dags/example_dynamic_task_mapping_with_no_taskflow_operators.py took 0.111 seconds
[2024-07-26T12:55:49.848+0000] {processor.py:161} INFO - Started process (PID=854) to work on /home/airflow/.local/lib/python3.8/site-packages/airflow/example_dags/example_dynamic_task_mapping_with_no_taskflow_operators.py
[2024-07-26T12:55:49.849+0000] {processor.py:830} INFO - Processing file /home/airflow/.local/lib/python3.8/site-packages/airflow/example_dags/example_dynamic_task_mapping_with_no_taskflow_operators.py for tasks to queue
[2024-07-26T12:55:49.852+0000] {logging_mixin.py:188} INFO - [2024-07-26T12:55:49.851+0000] {dagbag.py:538} INFO - Filling up the DagBag from /home/airflow/.local/lib/python3.8/site-packages/airflow/example_dags/example_dynamic_task_mapping_with_no_taskflow_operators.py
[2024-07-26T12:55:49.858+0000] {processor.py:840} INFO - DAG(s) 'example_dynamic_task_mapping_with_no_taskflow_operators' retrieved from /home/airflow/.local/lib/python3.8/site-packages/airflow/example_dags/example_dynamic_task_mapping_with_no_taskflow_operators.py
[2024-07-26T12:55:49.884+0000] {logging_mixin.py:188} INFO - [2024-07-26T12:55:49.884+0000] {dag.py:3036} INFO - Sync 1 DAGs
[2024-07-26T12:55:49.918+0000] {logging_mixin.py:188} INFO - [2024-07-26T12:55:49.918+0000] {dag.py:3823} INFO - Setting next_dagrun for example_dynamic_task_mapping_with_no_taskflow_operators to 2024-07-25 00:00:00+00:00, run_after=2024-07-26 00:00:00+00:00
[2024-07-26T12:55:49.944+0000] {processor.py:183} INFO - Processing /home/airflow/.local/lib/python3.8/site-packages/airflow/example_dags/example_dynamic_task_mapping_with_no_taskflow_operators.py took 0.100 seconds
[2024-07-26T12:56:20.819+0000] {processor.py:161} INFO - Started process (PID=918) to work on /home/airflow/.local/lib/python3.8/site-packages/airflow/example_dags/example_dynamic_task_mapping_with_no_taskflow_operators.py
[2024-07-26T12:56:20.820+0000] {processor.py:830} INFO - Processing file /home/airflow/.local/lib/python3.8/site-packages/airflow/example_dags/example_dynamic_task_mapping_with_no_taskflow_operators.py for tasks to queue
[2024-07-26T12:56:20.822+0000] {logging_mixin.py:188} INFO - [2024-07-26T12:56:20.822+0000] {dagbag.py:538} INFO - Filling up the DagBag from /home/airflow/.local/lib/python3.8/site-packages/airflow/example_dags/example_dynamic_task_mapping_with_no_taskflow_operators.py
[2024-07-26T12:56:20.828+0000] {processor.py:840} INFO - DAG(s) 'example_dynamic_task_mapping_with_no_taskflow_operators' retrieved from /home/airflow/.local/lib/python3.8/site-packages/airflow/example_dags/example_dynamic_task_mapping_with_no_taskflow_operators.py
[2024-07-26T12:56:20.847+0000] {logging_mixin.py:188} INFO - [2024-07-26T12:56:20.847+0000] {dag.py:3036} INFO - Sync 1 DAGs
[2024-07-26T12:56:20.872+0000] {logging_mixin.py:188} INFO - [2024-07-26T12:56:20.871+0000] {dag.py:3823} INFO - Setting next_dagrun for example_dynamic_task_mapping_with_no_taskflow_operators to 2024-07-25 00:00:00+00:00, run_after=2024-07-26 00:00:00+00:00
[2024-07-26T12:56:20.896+0000] {processor.py:183} INFO - Processing /home/airflow/.local/lib/python3.8/site-packages/airflow/example_dags/example_dynamic_task_mapping_with_no_taskflow_operators.py took 0.080 seconds
[2024-07-26T12:56:51.026+0000] {processor.py:161} INFO - Started process (PID=982) to work on /home/airflow/.local/lib/python3.8/site-packages/airflow/example_dags/example_dynamic_task_mapping_with_no_taskflow_operators.py
[2024-07-26T12:56:51.027+0000] {processor.py:830} INFO - Processing file /home/airflow/.local/lib/python3.8/site-packages/airflow/example_dags/example_dynamic_task_mapping_with_no_taskflow_operators.py for tasks to queue
[2024-07-26T12:56:51.029+0000] {logging_mixin.py:188} INFO - [2024-07-26T12:56:51.028+0000] {dagbag.py:538} INFO - Filling up the DagBag from /home/airflow/.local/lib/python3.8/site-packages/airflow/example_dags/example_dynamic_task_mapping_with_no_taskflow_operators.py
[2024-07-26T12:56:51.035+0000] {processor.py:840} INFO - DAG(s) 'example_dynamic_task_mapping_with_no_taskflow_operators' retrieved from /home/airflow/.local/lib/python3.8/site-packages/airflow/example_dags/example_dynamic_task_mapping_with_no_taskflow_operators.py
[2024-07-26T12:56:51.055+0000] {logging_mixin.py:188} INFO - [2024-07-26T12:56:51.055+0000] {dag.py:3036} INFO - Sync 1 DAGs
[2024-07-26T12:56:51.079+0000] {logging_mixin.py:188} INFO - [2024-07-26T12:56:51.079+0000] {dag.py:3823} INFO - Setting next_dagrun for example_dynamic_task_mapping_with_no_taskflow_operators to 2024-07-25 00:00:00+00:00, run_after=2024-07-26 00:00:00+00:00
[2024-07-26T12:56:51.098+0000] {processor.py:183} INFO - Processing /home/airflow/.local/lib/python3.8/site-packages/airflow/example_dags/example_dynamic_task_mapping_with_no_taskflow_operators.py took 0.075 seconds
[2024-07-26T12:57:21.490+0000] {processor.py:161} INFO - Started process (PID=1046) to work on /home/airflow/.local/lib/python3.8/site-packages/airflow/example_dags/example_dynamic_task_mapping_with_no_taskflow_operators.py
[2024-07-26T12:57:21.491+0000] {processor.py:830} INFO - Processing file /home/airflow/.local/lib/python3.8/site-packages/airflow/example_dags/example_dynamic_task_mapping_with_no_taskflow_operators.py for tasks to queue
[2024-07-26T12:57:21.494+0000] {logging_mixin.py:188} INFO - [2024-07-26T12:57:21.493+0000] {dagbag.py:538} INFO - Filling up the DagBag from /home/airflow/.local/lib/python3.8/site-packages/airflow/example_dags/example_dynamic_task_mapping_with_no_taskflow_operators.py
[2024-07-26T12:57:21.501+0000] {processor.py:840} INFO - DAG(s) 'example_dynamic_task_mapping_with_no_taskflow_operators' retrieved from /home/airflow/.local/lib/python3.8/site-packages/airflow/example_dags/example_dynamic_task_mapping_with_no_taskflow_operators.py
[2024-07-26T12:57:21.524+0000] {logging_mixin.py:188} INFO - [2024-07-26T12:57:21.524+0000] {dag.py:3036} INFO - Sync 1 DAGs
[2024-07-26T12:57:21.555+0000] {logging_mixin.py:188} INFO - [2024-07-26T12:57:21.554+0000] {dag.py:3823} INFO - Setting next_dagrun for example_dynamic_task_mapping_with_no_taskflow_operators to 2024-07-25 00:00:00+00:00, run_after=2024-07-26 00:00:00+00:00
[2024-07-26T12:57:21.579+0000] {processor.py:183} INFO - Processing /home/airflow/.local/lib/python3.8/site-packages/airflow/example_dags/example_dynamic_task_mapping_with_no_taskflow_operators.py took 0.092 seconds
[2024-07-26T12:57:51.992+0000] {processor.py:161} INFO - Started process (PID=1110) to work on /home/airflow/.local/lib/python3.8/site-packages/airflow/example_dags/example_dynamic_task_mapping_with_no_taskflow_operators.py
[2024-07-26T12:57:51.993+0000] {processor.py:830} INFO - Processing file /home/airflow/.local/lib/python3.8/site-packages/airflow/example_dags/example_dynamic_task_mapping_with_no_taskflow_operators.py for tasks to queue
[2024-07-26T12:57:51.995+0000] {logging_mixin.py:188} INFO - [2024-07-26T12:57:51.994+0000] {dagbag.py:538} INFO - Filling up the DagBag from /home/airflow/.local/lib/python3.8/site-packages/airflow/example_dags/example_dynamic_task_mapping_with_no_taskflow_operators.py
[2024-07-26T12:57:52.003+0000] {processor.py:840} INFO - DAG(s) 'example_dynamic_task_mapping_with_no_taskflow_operators' retrieved from /home/airflow/.local/lib/python3.8/site-packages/airflow/example_dags/example_dynamic_task_mapping_with_no_taskflow_operators.py
[2024-07-26T12:57:52.025+0000] {logging_mixin.py:188} INFO - [2024-07-26T12:57:52.025+0000] {dag.py:3036} INFO - Sync 1 DAGs
[2024-07-26T12:57:52.051+0000] {logging_mixin.py:188} INFO - [2024-07-26T12:57:52.051+0000] {dag.py:3823} INFO - Setting next_dagrun for example_dynamic_task_mapping_with_no_taskflow_operators to 2024-07-25 00:00:00+00:00, run_after=2024-07-26 00:00:00+00:00
[2024-07-26T12:57:52.073+0000] {processor.py:183} INFO - Processing /home/airflow/.local/lib/python3.8/site-packages/airflow/example_dags/example_dynamic_task_mapping_with_no_taskflow_operators.py took 0.086 seconds
[2024-07-26T12:58:22.576+0000] {processor.py:161} INFO - Started process (PID=1174) to work on /home/airflow/.local/lib/python3.8/site-packages/airflow/example_dags/example_dynamic_task_mapping_with_no_taskflow_operators.py
[2024-07-26T12:58:22.582+0000] {processor.py:830} INFO - Processing file /home/airflow/.local/lib/python3.8/site-packages/airflow/example_dags/example_dynamic_task_mapping_with_no_taskflow_operators.py for tasks to queue
[2024-07-26T12:58:22.585+0000] {logging_mixin.py:188} INFO - [2024-07-26T12:58:22.584+0000] {dagbag.py:538} INFO - Filling up the DagBag from /home/airflow/.local/lib/python3.8/site-packages/airflow/example_dags/example_dynamic_task_mapping_with_no_taskflow_operators.py
[2024-07-26T12:58:22.595+0000] {processor.py:840} INFO - DAG(s) 'example_dynamic_task_mapping_with_no_taskflow_operators' retrieved from /home/airflow/.local/lib/python3.8/site-packages/airflow/example_dags/example_dynamic_task_mapping_with_no_taskflow_operators.py
[2024-07-26T12:58:22.616+0000] {logging_mixin.py:188} INFO - [2024-07-26T12:58:22.615+0000] {dag.py:3036} INFO - Sync 1 DAGs
[2024-07-26T12:58:22.646+0000] {logging_mixin.py:188} INFO - [2024-07-26T12:58:22.645+0000] {dag.py:3823} INFO - Setting next_dagrun for example_dynamic_task_mapping_with_no_taskflow_operators to 2024-07-25 00:00:00+00:00, run_after=2024-07-26 00:00:00+00:00
[2024-07-26T12:58:22.683+0000] {processor.py:183} INFO - Processing /home/airflow/.local/lib/python3.8/site-packages/airflow/example_dags/example_dynamic_task_mapping_with_no_taskflow_operators.py took 0.115 seconds
[2024-07-26T12:58:52.789+0000] {processor.py:161} INFO - Started process (PID=1238) to work on /home/airflow/.local/lib/python3.8/site-packages/airflow/example_dags/example_dynamic_task_mapping_with_no_taskflow_operators.py
[2024-07-26T12:58:52.790+0000] {processor.py:830} INFO - Processing file /home/airflow/.local/lib/python3.8/site-packages/airflow/example_dags/example_dynamic_task_mapping_with_no_taskflow_operators.py for tasks to queue
[2024-07-26T12:58:52.792+0000] {logging_mixin.py:188} INFO - [2024-07-26T12:58:52.792+0000] {dagbag.py:538} INFO - Filling up the DagBag from /home/airflow/.local/lib/python3.8/site-packages/airflow/example_dags/example_dynamic_task_mapping_with_no_taskflow_operators.py
[2024-07-26T12:58:52.798+0000] {processor.py:840} INFO - DAG(s) 'example_dynamic_task_mapping_with_no_taskflow_operators' retrieved from /home/airflow/.local/lib/python3.8/site-packages/airflow/example_dags/example_dynamic_task_mapping_with_no_taskflow_operators.py
[2024-07-26T12:58:52.816+0000] {logging_mixin.py:188} INFO - [2024-07-26T12:58:52.816+0000] {dag.py:3036} INFO - Sync 1 DAGs
[2024-07-26T12:58:52.839+0000] {logging_mixin.py:188} INFO - [2024-07-26T12:58:52.839+0000] {dag.py:3823} INFO - Setting next_dagrun for example_dynamic_task_mapping_with_no_taskflow_operators to 2024-07-25 00:00:00+00:00, run_after=2024-07-26 00:00:00+00:00
[2024-07-26T12:58:52.856+0000] {processor.py:183} INFO - Processing /home/airflow/.local/lib/python3.8/site-packages/airflow/example_dags/example_dynamic_task_mapping_with_no_taskflow_operators.py took 0.070 seconds
