[2024-07-26T12:15:27.646+0000] {processor.py:161} INFO - Started process (PID=112) to work on /home/airflow/.local/lib/python3.8/site-packages/airflow/example_dags/example_latest_only_with_trigger.py
[2024-07-26T12:15:27.648+0000] {processor.py:830} INFO - Processing file /home/airflow/.local/lib/python3.8/site-packages/airflow/example_dags/example_latest_only_with_trigger.py for tasks to queue
[2024-07-26T12:15:27.653+0000] {logging_mixin.py:188} INFO - [2024-07-26T12:15:27.652+0000] {dagbag.py:538} INFO - Filling up the DagBag from /home/airflow/.local/lib/python3.8/site-packages/airflow/example_dags/example_latest_only_with_trigger.py
[2024-07-26T12:15:27.663+0000] {processor.py:840} INFO - DAG(s) 'latest_only_with_trigger' retrieved from /home/airflow/.local/lib/python3.8/site-packages/airflow/example_dags/example_latest_only_with_trigger.py
[2024-07-26T12:15:27.824+0000] {logging_mixin.py:188} INFO - [2024-07-26T12:15:27.824+0000] {dag.py:3036} INFO - Sync 1 DAGs
[2024-07-26T12:15:27.856+0000] {logging_mixin.py:188} INFO - [2024-07-26T12:15:27.855+0000] {dag.py:3823} INFO - Setting next_dagrun for latest_only_with_trigger to 2024-07-26 08:00:00+00:00, run_after=2024-07-26 12:00:00+00:00
[2024-07-26T12:15:27.886+0000] {processor.py:183} INFO - Processing /home/airflow/.local/lib/python3.8/site-packages/airflow/example_dags/example_latest_only_with_trigger.py took 0.245 seconds
[2024-07-26T12:15:58.553+0000] {processor.py:161} INFO - Started process (PID=176) to work on /home/airflow/.local/lib/python3.8/site-packages/airflow/example_dags/example_latest_only_with_trigger.py
[2024-07-26T12:15:58.554+0000] {processor.py:830} INFO - Processing file /home/airflow/.local/lib/python3.8/site-packages/airflow/example_dags/example_latest_only_with_trigger.py for tasks to queue
[2024-07-26T12:15:58.560+0000] {logging_mixin.py:188} INFO - [2024-07-26T12:15:58.559+0000] {dagbag.py:538} INFO - Filling up the DagBag from /home/airflow/.local/lib/python3.8/site-packages/airflow/example_dags/example_latest_only_with_trigger.py
[2024-07-26T12:15:58.575+0000] {processor.py:840} INFO - DAG(s) 'latest_only_with_trigger' retrieved from /home/airflow/.local/lib/python3.8/site-packages/airflow/example_dags/example_latest_only_with_trigger.py
[2024-07-26T12:15:58.610+0000] {logging_mixin.py:188} INFO - [2024-07-26T12:15:58.609+0000] {dag.py:3036} INFO - Sync 1 DAGs
[2024-07-26T12:15:58.652+0000] {logging_mixin.py:188} INFO - [2024-07-26T12:15:58.651+0000] {dag.py:3823} INFO - Setting next_dagrun for latest_only_with_trigger to 2024-07-26 08:00:00+00:00, run_after=2024-07-26 12:00:00+00:00
[2024-07-26T12:15:58.694+0000] {processor.py:183} INFO - Processing /home/airflow/.local/lib/python3.8/site-packages/airflow/example_dags/example_latest_only_with_trigger.py took 0.145 seconds
[2024-07-26T12:16:29.245+0000] {processor.py:161} INFO - Started process (PID=240) to work on /home/airflow/.local/lib/python3.8/site-packages/airflow/example_dags/example_latest_only_with_trigger.py
[2024-07-26T12:16:29.246+0000] {processor.py:830} INFO - Processing file /home/airflow/.local/lib/python3.8/site-packages/airflow/example_dags/example_latest_only_with_trigger.py for tasks to queue
[2024-07-26T12:16:29.248+0000] {logging_mixin.py:188} INFO - [2024-07-26T12:16:29.247+0000] {dagbag.py:538} INFO - Filling up the DagBag from /home/airflow/.local/lib/python3.8/site-packages/airflow/example_dags/example_latest_only_with_trigger.py
[2024-07-26T12:16:29.254+0000] {processor.py:840} INFO - DAG(s) 'latest_only_with_trigger' retrieved from /home/airflow/.local/lib/python3.8/site-packages/airflow/example_dags/example_latest_only_with_trigger.py
[2024-07-26T12:16:29.276+0000] {logging_mixin.py:188} INFO - [2024-07-26T12:16:29.276+0000] {dag.py:3036} INFO - Sync 1 DAGs
[2024-07-26T12:16:29.300+0000] {logging_mixin.py:188} INFO - [2024-07-26T12:16:29.300+0000] {dag.py:3823} INFO - Setting next_dagrun for latest_only_with_trigger to 2024-07-26 08:00:00+00:00, run_after=2024-07-26 12:00:00+00:00
[2024-07-26T12:16:29.320+0000] {processor.py:183} INFO - Processing /home/airflow/.local/lib/python3.8/site-packages/airflow/example_dags/example_latest_only_with_trigger.py took 0.078 seconds
[2024-07-26T12:16:59.979+0000] {processor.py:161} INFO - Started process (PID=304) to work on /home/airflow/.local/lib/python3.8/site-packages/airflow/example_dags/example_latest_only_with_trigger.py
[2024-07-26T12:16:59.980+0000] {processor.py:830} INFO - Processing file /home/airflow/.local/lib/python3.8/site-packages/airflow/example_dags/example_latest_only_with_trigger.py for tasks to queue
[2024-07-26T12:16:59.982+0000] {logging_mixin.py:188} INFO - [2024-07-26T12:16:59.981+0000] {dagbag.py:538} INFO - Filling up the DagBag from /home/airflow/.local/lib/python3.8/site-packages/airflow/example_dags/example_latest_only_with_trigger.py
[2024-07-26T12:16:59.988+0000] {processor.py:840} INFO - DAG(s) 'latest_only_with_trigger' retrieved from /home/airflow/.local/lib/python3.8/site-packages/airflow/example_dags/example_latest_only_with_trigger.py
[2024-07-26T12:17:00.013+0000] {logging_mixin.py:188} INFO - [2024-07-26T12:17:00.012+0000] {dag.py:3036} INFO - Sync 1 DAGs
[2024-07-26T12:17:00.044+0000] {logging_mixin.py:188} INFO - [2024-07-26T12:17:00.043+0000] {dag.py:3823} INFO - Setting next_dagrun for latest_only_with_trigger to 2024-07-26 08:00:00+00:00, run_after=2024-07-26 12:00:00+00:00
[2024-07-26T12:17:00.071+0000] {processor.py:183} INFO - Processing /home/airflow/.local/lib/python3.8/site-packages/airflow/example_dags/example_latest_only_with_trigger.py took 0.096 seconds
[2024-07-26T12:17:30.951+0000] {processor.py:161} INFO - Started process (PID=361) to work on /home/airflow/.local/lib/python3.8/site-packages/airflow/example_dags/example_latest_only_with_trigger.py
[2024-07-26T12:17:30.952+0000] {processor.py:830} INFO - Processing file /home/airflow/.local/lib/python3.8/site-packages/airflow/example_dags/example_latest_only_with_trigger.py for tasks to queue
[2024-07-26T12:17:30.954+0000] {logging_mixin.py:188} INFO - [2024-07-26T12:17:30.954+0000] {dagbag.py:538} INFO - Filling up the DagBag from /home/airflow/.local/lib/python3.8/site-packages/airflow/example_dags/example_latest_only_with_trigger.py
[2024-07-26T12:17:30.959+0000] {processor.py:840} INFO - DAG(s) 'latest_only_with_trigger' retrieved from /home/airflow/.local/lib/python3.8/site-packages/airflow/example_dags/example_latest_only_with_trigger.py
[2024-07-26T12:17:30.982+0000] {logging_mixin.py:188} INFO - [2024-07-26T12:17:30.981+0000] {dag.py:3036} INFO - Sync 1 DAGs
[2024-07-26T12:17:31.005+0000] {logging_mixin.py:188} INFO - [2024-07-26T12:17:31.005+0000] {dag.py:3823} INFO - Setting next_dagrun for latest_only_with_trigger to 2024-07-26 08:00:00+00:00, run_after=2024-07-26 12:00:00+00:00
[2024-07-26T12:17:31.026+0000] {processor.py:183} INFO - Processing /home/airflow/.local/lib/python3.8/site-packages/airflow/example_dags/example_latest_only_with_trigger.py took 0.078 seconds
[2024-07-26T12:18:01.079+0000] {processor.py:161} INFO - Started process (PID=423) to work on /home/airflow/.local/lib/python3.8/site-packages/airflow/example_dags/example_latest_only_with_trigger.py
[2024-07-26T12:18:01.080+0000] {processor.py:830} INFO - Processing file /home/airflow/.local/lib/python3.8/site-packages/airflow/example_dags/example_latest_only_with_trigger.py for tasks to queue
[2024-07-26T12:18:01.081+0000] {logging_mixin.py:188} INFO - [2024-07-26T12:18:01.081+0000] {dagbag.py:538} INFO - Filling up the DagBag from /home/airflow/.local/lib/python3.8/site-packages/airflow/example_dags/example_latest_only_with_trigger.py
[2024-07-26T12:18:01.087+0000] {processor.py:840} INFO - DAG(s) 'latest_only_with_trigger' retrieved from /home/airflow/.local/lib/python3.8/site-packages/airflow/example_dags/example_latest_only_with_trigger.py
[2024-07-26T12:18:01.115+0000] {logging_mixin.py:188} INFO - [2024-07-26T12:18:01.115+0000] {dag.py:3036} INFO - Sync 1 DAGs
[2024-07-26T12:18:01.142+0000] {logging_mixin.py:188} INFO - [2024-07-26T12:18:01.142+0000] {dag.py:3823} INFO - Setting next_dagrun for latest_only_with_trigger to 2024-07-26 08:00:00+00:00, run_after=2024-07-26 12:00:00+00:00
[2024-07-26T12:18:01.170+0000] {processor.py:183} INFO - Processing /home/airflow/.local/lib/python3.8/site-packages/airflow/example_dags/example_latest_only_with_trigger.py took 0.095 seconds
[2024-07-26T12:18:31.676+0000] {processor.py:161} INFO - Started process (PID=487) to work on /home/airflow/.local/lib/python3.8/site-packages/airflow/example_dags/example_latest_only_with_trigger.py
[2024-07-26T12:18:31.677+0000] {processor.py:830} INFO - Processing file /home/airflow/.local/lib/python3.8/site-packages/airflow/example_dags/example_latest_only_with_trigger.py for tasks to queue
[2024-07-26T12:18:31.679+0000] {logging_mixin.py:188} INFO - [2024-07-26T12:18:31.679+0000] {dagbag.py:538} INFO - Filling up the DagBag from /home/airflow/.local/lib/python3.8/site-packages/airflow/example_dags/example_latest_only_with_trigger.py
[2024-07-26T12:18:31.685+0000] {processor.py:840} INFO - DAG(s) 'latest_only_with_trigger' retrieved from /home/airflow/.local/lib/python3.8/site-packages/airflow/example_dags/example_latest_only_with_trigger.py
[2024-07-26T12:18:31.710+0000] {logging_mixin.py:188} INFO - [2024-07-26T12:18:31.710+0000] {dag.py:3036} INFO - Sync 1 DAGs
[2024-07-26T12:18:31.736+0000] {logging_mixin.py:188} INFO - [2024-07-26T12:18:31.735+0000] {dag.py:3823} INFO - Setting next_dagrun for latest_only_with_trigger to 2024-07-26 08:00:00+00:00, run_after=2024-07-26 12:00:00+00:00
[2024-07-26T12:18:31.757+0000] {processor.py:183} INFO - Processing /home/airflow/.local/lib/python3.8/site-packages/airflow/example_dags/example_latest_only_with_trigger.py took 0.083 seconds
[2024-07-26T12:19:02.043+0000] {processor.py:161} INFO - Started process (PID=551) to work on /home/airflow/.local/lib/python3.8/site-packages/airflow/example_dags/example_latest_only_with_trigger.py
[2024-07-26T12:19:02.045+0000] {processor.py:830} INFO - Processing file /home/airflow/.local/lib/python3.8/site-packages/airflow/example_dags/example_latest_only_with_trigger.py for tasks to queue
[2024-07-26T12:19:02.046+0000] {logging_mixin.py:188} INFO - [2024-07-26T12:19:02.046+0000] {dagbag.py:538} INFO - Filling up the DagBag from /home/airflow/.local/lib/python3.8/site-packages/airflow/example_dags/example_latest_only_with_trigger.py
[2024-07-26T12:19:02.052+0000] {processor.py:840} INFO - DAG(s) 'latest_only_with_trigger' retrieved from /home/airflow/.local/lib/python3.8/site-packages/airflow/example_dags/example_latest_only_with_trigger.py
[2024-07-26T12:19:02.077+0000] {logging_mixin.py:188} INFO - [2024-07-26T12:19:02.077+0000] {dag.py:3036} INFO - Sync 1 DAGs
[2024-07-26T12:19:02.104+0000] {logging_mixin.py:188} INFO - [2024-07-26T12:19:02.104+0000] {dag.py:3823} INFO - Setting next_dagrun for latest_only_with_trigger to 2024-07-26 08:00:00+00:00, run_after=2024-07-26 12:00:00+00:00
[2024-07-26T12:19:02.124+0000] {processor.py:183} INFO - Processing /home/airflow/.local/lib/python3.8/site-packages/airflow/example_dags/example_latest_only_with_trigger.py took 0.085 seconds
[2024-07-26T12:19:32.507+0000] {processor.py:161} INFO - Started process (PID=616) to work on /home/airflow/.local/lib/python3.8/site-packages/airflow/example_dags/example_latest_only_with_trigger.py
[2024-07-26T12:19:32.508+0000] {processor.py:830} INFO - Processing file /home/airflow/.local/lib/python3.8/site-packages/airflow/example_dags/example_latest_only_with_trigger.py for tasks to queue
[2024-07-26T12:19:32.510+0000] {logging_mixin.py:188} INFO - [2024-07-26T12:19:32.509+0000] {dagbag.py:538} INFO - Filling up the DagBag from /home/airflow/.local/lib/python3.8/site-packages/airflow/example_dags/example_latest_only_with_trigger.py
[2024-07-26T12:19:32.517+0000] {processor.py:840} INFO - DAG(s) 'latest_only_with_trigger' retrieved from /home/airflow/.local/lib/python3.8/site-packages/airflow/example_dags/example_latest_only_with_trigger.py
[2024-07-26T12:19:32.544+0000] {logging_mixin.py:188} INFO - [2024-07-26T12:19:32.543+0000] {dag.py:3036} INFO - Sync 1 DAGs
[2024-07-26T12:19:32.574+0000] {logging_mixin.py:188} INFO - [2024-07-26T12:19:32.573+0000] {dag.py:3823} INFO - Setting next_dagrun for latest_only_with_trigger to 2024-07-26 08:00:00+00:00, run_after=2024-07-26 12:00:00+00:00
[2024-07-26T12:19:32.595+0000] {processor.py:183} INFO - Processing /home/airflow/.local/lib/python3.8/site-packages/airflow/example_dags/example_latest_only_with_trigger.py took 0.092 seconds
[2024-07-26T12:28:18.532+0000] {processor.py:161} INFO - Started process (PID=114) to work on /home/airflow/.local/lib/python3.8/site-packages/airflow/example_dags/example_latest_only_with_trigger.py
[2024-07-26T12:28:18.533+0000] {processor.py:830} INFO - Processing file /home/airflow/.local/lib/python3.8/site-packages/airflow/example_dags/example_latest_only_with_trigger.py for tasks to queue
[2024-07-26T12:28:18.535+0000] {logging_mixin.py:188} INFO - [2024-07-26T12:28:18.535+0000] {dagbag.py:538} INFO - Filling up the DagBag from /home/airflow/.local/lib/python3.8/site-packages/airflow/example_dags/example_latest_only_with_trigger.py
[2024-07-26T12:28:18.546+0000] {processor.py:840} INFO - DAG(s) 'latest_only_with_trigger' retrieved from /home/airflow/.local/lib/python3.8/site-packages/airflow/example_dags/example_latest_only_with_trigger.py
[2024-07-26T12:28:18.676+0000] {logging_mixin.py:188} INFO - [2024-07-26T12:28:18.676+0000] {dag.py:3036} INFO - Sync 1 DAGs
[2024-07-26T12:28:18.700+0000] {logging_mixin.py:188} INFO - [2024-07-26T12:28:18.700+0000] {dag.py:3823} INFO - Setting next_dagrun for latest_only_with_trigger to 2024-07-26 08:00:00+00:00, run_after=2024-07-26 12:00:00+00:00
[2024-07-26T12:28:18.720+0000] {processor.py:183} INFO - Processing /home/airflow/.local/lib/python3.8/site-packages/airflow/example_dags/example_latest_only_with_trigger.py took 0.192 seconds
[2024-07-26T12:28:49.089+0000] {processor.py:161} INFO - Started process (PID=177) to work on /home/airflow/.local/lib/python3.8/site-packages/airflow/example_dags/example_latest_only_with_trigger.py
[2024-07-26T12:28:49.090+0000] {processor.py:830} INFO - Processing file /home/airflow/.local/lib/python3.8/site-packages/airflow/example_dags/example_latest_only_with_trigger.py for tasks to queue
[2024-07-26T12:28:49.092+0000] {logging_mixin.py:188} INFO - [2024-07-26T12:28:49.091+0000] {dagbag.py:538} INFO - Filling up the DagBag from /home/airflow/.local/lib/python3.8/site-packages/airflow/example_dags/example_latest_only_with_trigger.py
[2024-07-26T12:28:49.097+0000] {processor.py:840} INFO - DAG(s) 'latest_only_with_trigger' retrieved from /home/airflow/.local/lib/python3.8/site-packages/airflow/example_dags/example_latest_only_with_trigger.py
[2024-07-26T12:28:49.126+0000] {logging_mixin.py:188} INFO - [2024-07-26T12:28:49.126+0000] {dag.py:3036} INFO - Sync 1 DAGs
[2024-07-26T12:28:49.154+0000] {logging_mixin.py:188} INFO - [2024-07-26T12:28:49.154+0000] {dag.py:3823} INFO - Setting next_dagrun for latest_only_with_trigger to 2024-07-26 08:00:00+00:00, run_after=2024-07-26 12:00:00+00:00
[2024-07-26T12:28:49.176+0000] {processor.py:183} INFO - Processing /home/airflow/.local/lib/python3.8/site-packages/airflow/example_dags/example_latest_only_with_trigger.py took 0.093 seconds
[2024-07-26T12:29:20.234+0000] {processor.py:161} INFO - Started process (PID=241) to work on /home/airflow/.local/lib/python3.8/site-packages/airflow/example_dags/example_latest_only_with_trigger.py
[2024-07-26T12:29:20.235+0000] {processor.py:830} INFO - Processing file /home/airflow/.local/lib/python3.8/site-packages/airflow/example_dags/example_latest_only_with_trigger.py for tasks to queue
[2024-07-26T12:29:20.238+0000] {logging_mixin.py:188} INFO - [2024-07-26T12:29:20.237+0000] {dagbag.py:538} INFO - Filling up the DagBag from /home/airflow/.local/lib/python3.8/site-packages/airflow/example_dags/example_latest_only_with_trigger.py
[2024-07-26T12:29:20.245+0000] {processor.py:840} INFO - DAG(s) 'latest_only_with_trigger' retrieved from /home/airflow/.local/lib/python3.8/site-packages/airflow/example_dags/example_latest_only_with_trigger.py
[2024-07-26T12:29:20.270+0000] {logging_mixin.py:188} INFO - [2024-07-26T12:29:20.269+0000] {dag.py:3036} INFO - Sync 1 DAGs
[2024-07-26T12:29:20.295+0000] {logging_mixin.py:188} INFO - [2024-07-26T12:29:20.295+0000] {dag.py:3823} INFO - Setting next_dagrun for latest_only_with_trigger to 2024-07-26 08:00:00+00:00, run_after=2024-07-26 12:00:00+00:00
[2024-07-26T12:29:20.317+0000] {processor.py:183} INFO - Processing /home/airflow/.local/lib/python3.8/site-packages/airflow/example_dags/example_latest_only_with_trigger.py took 0.086 seconds
[2024-07-26T12:29:51.434+0000] {processor.py:161} INFO - Started process (PID=298) to work on /home/airflow/.local/lib/python3.8/site-packages/airflow/example_dags/example_latest_only_with_trigger.py
[2024-07-26T12:29:51.435+0000] {processor.py:830} INFO - Processing file /home/airflow/.local/lib/python3.8/site-packages/airflow/example_dags/example_latest_only_with_trigger.py for tasks to queue
[2024-07-26T12:29:51.438+0000] {logging_mixin.py:188} INFO - [2024-07-26T12:29:51.437+0000] {dagbag.py:538} INFO - Filling up the DagBag from /home/airflow/.local/lib/python3.8/site-packages/airflow/example_dags/example_latest_only_with_trigger.py
[2024-07-26T12:29:51.446+0000] {processor.py:840} INFO - DAG(s) 'latest_only_with_trigger' retrieved from /home/airflow/.local/lib/python3.8/site-packages/airflow/example_dags/example_latest_only_with_trigger.py
[2024-07-26T12:29:51.479+0000] {logging_mixin.py:188} INFO - [2024-07-26T12:29:51.478+0000] {dag.py:3036} INFO - Sync 1 DAGs
[2024-07-26T12:29:51.530+0000] {logging_mixin.py:188} INFO - [2024-07-26T12:29:51.530+0000] {dag.py:3823} INFO - Setting next_dagrun for latest_only_with_trigger to 2024-07-26 08:00:00+00:00, run_after=2024-07-26 12:00:00+00:00
[2024-07-26T12:29:51.556+0000] {processor.py:183} INFO - Processing /home/airflow/.local/lib/python3.8/site-packages/airflow/example_dags/example_latest_only_with_trigger.py took 0.126 seconds
[2024-07-26T12:30:21.669+0000] {processor.py:161} INFO - Started process (PID=360) to work on /home/airflow/.local/lib/python3.8/site-packages/airflow/example_dags/example_latest_only_with_trigger.py
[2024-07-26T12:30:21.670+0000] {processor.py:830} INFO - Processing file /home/airflow/.local/lib/python3.8/site-packages/airflow/example_dags/example_latest_only_with_trigger.py for tasks to queue
[2024-07-26T12:30:21.673+0000] {logging_mixin.py:188} INFO - [2024-07-26T12:30:21.672+0000] {dagbag.py:538} INFO - Filling up the DagBag from /home/airflow/.local/lib/python3.8/site-packages/airflow/example_dags/example_latest_only_with_trigger.py
[2024-07-26T12:30:21.680+0000] {processor.py:840} INFO - DAG(s) 'latest_only_with_trigger' retrieved from /home/airflow/.local/lib/python3.8/site-packages/airflow/example_dags/example_latest_only_with_trigger.py
[2024-07-26T12:30:21.706+0000] {logging_mixin.py:188} INFO - [2024-07-26T12:30:21.706+0000] {dag.py:3036} INFO - Sync 1 DAGs
[2024-07-26T12:30:21.732+0000] {logging_mixin.py:188} INFO - [2024-07-26T12:30:21.732+0000] {dag.py:3823} INFO - Setting next_dagrun for latest_only_with_trigger to 2024-07-26 08:00:00+00:00, run_after=2024-07-26 12:00:00+00:00
[2024-07-26T12:30:21.753+0000] {processor.py:183} INFO - Processing /home/airflow/.local/lib/python3.8/site-packages/airflow/example_dags/example_latest_only_with_trigger.py took 0.088 seconds
[2024-07-26T12:30:52.708+0000] {processor.py:161} INFO - Started process (PID=424) to work on /home/airflow/.local/lib/python3.8/site-packages/airflow/example_dags/example_latest_only_with_trigger.py
[2024-07-26T12:30:52.709+0000] {processor.py:830} INFO - Processing file /home/airflow/.local/lib/python3.8/site-packages/airflow/example_dags/example_latest_only_with_trigger.py for tasks to queue
[2024-07-26T12:30:52.711+0000] {logging_mixin.py:188} INFO - [2024-07-26T12:30:52.710+0000] {dagbag.py:538} INFO - Filling up the DagBag from /home/airflow/.local/lib/python3.8/site-packages/airflow/example_dags/example_latest_only_with_trigger.py
[2024-07-26T12:30:52.720+0000] {processor.py:840} INFO - DAG(s) 'latest_only_with_trigger' retrieved from /home/airflow/.local/lib/python3.8/site-packages/airflow/example_dags/example_latest_only_with_trigger.py
[2024-07-26T12:30:52.746+0000] {logging_mixin.py:188} INFO - [2024-07-26T12:30:52.745+0000] {dag.py:3036} INFO - Sync 1 DAGs
[2024-07-26T12:30:52.775+0000] {logging_mixin.py:188} INFO - [2024-07-26T12:30:52.775+0000] {dag.py:3823} INFO - Setting next_dagrun for latest_only_with_trigger to 2024-07-26 08:00:00+00:00, run_after=2024-07-26 12:00:00+00:00
[2024-07-26T12:30:52.808+0000] {processor.py:183} INFO - Processing /home/airflow/.local/lib/python3.8/site-packages/airflow/example_dags/example_latest_only_with_trigger.py took 0.105 seconds
[2024-07-26T12:31:22.948+0000] {processor.py:161} INFO - Started process (PID=488) to work on /home/airflow/.local/lib/python3.8/site-packages/airflow/example_dags/example_latest_only_with_trigger.py
[2024-07-26T12:31:22.949+0000] {processor.py:830} INFO - Processing file /home/airflow/.local/lib/python3.8/site-packages/airflow/example_dags/example_latest_only_with_trigger.py for tasks to queue
[2024-07-26T12:31:22.952+0000] {logging_mixin.py:188} INFO - [2024-07-26T12:31:22.951+0000] {dagbag.py:538} INFO - Filling up the DagBag from /home/airflow/.local/lib/python3.8/site-packages/airflow/example_dags/example_latest_only_with_trigger.py
[2024-07-26T12:31:22.958+0000] {processor.py:840} INFO - DAG(s) 'latest_only_with_trigger' retrieved from /home/airflow/.local/lib/python3.8/site-packages/airflow/example_dags/example_latest_only_with_trigger.py
[2024-07-26T12:31:22.985+0000] {logging_mixin.py:188} INFO - [2024-07-26T12:31:22.985+0000] {dag.py:3036} INFO - Sync 1 DAGs
[2024-07-26T12:31:23.012+0000] {logging_mixin.py:188} INFO - [2024-07-26T12:31:23.012+0000] {dag.py:3823} INFO - Setting next_dagrun for latest_only_with_trigger to 2024-07-26 08:00:00+00:00, run_after=2024-07-26 12:00:00+00:00
[2024-07-26T12:31:23.039+0000] {processor.py:183} INFO - Processing /home/airflow/.local/lib/python3.8/site-packages/airflow/example_dags/example_latest_only_with_trigger.py took 0.095 seconds
[2024-07-26T12:31:53.313+0000] {processor.py:161} INFO - Started process (PID=552) to work on /home/airflow/.local/lib/python3.8/site-packages/airflow/example_dags/example_latest_only_with_trigger.py
[2024-07-26T12:31:53.315+0000] {processor.py:830} INFO - Processing file /home/airflow/.local/lib/python3.8/site-packages/airflow/example_dags/example_latest_only_with_trigger.py for tasks to queue
[2024-07-26T12:31:53.317+0000] {logging_mixin.py:188} INFO - [2024-07-26T12:31:53.317+0000] {dagbag.py:538} INFO - Filling up the DagBag from /home/airflow/.local/lib/python3.8/site-packages/airflow/example_dags/example_latest_only_with_trigger.py
[2024-07-26T12:31:53.323+0000] {processor.py:840} INFO - DAG(s) 'latest_only_with_trigger' retrieved from /home/airflow/.local/lib/python3.8/site-packages/airflow/example_dags/example_latest_only_with_trigger.py
[2024-07-26T12:31:53.350+0000] {logging_mixin.py:188} INFO - [2024-07-26T12:31:53.350+0000] {dag.py:3036} INFO - Sync 1 DAGs
[2024-07-26T12:31:53.382+0000] {logging_mixin.py:188} INFO - [2024-07-26T12:31:53.382+0000] {dag.py:3823} INFO - Setting next_dagrun for latest_only_with_trigger to 2024-07-26 08:00:00+00:00, run_after=2024-07-26 12:00:00+00:00
[2024-07-26T12:31:53.415+0000] {processor.py:183} INFO - Processing /home/airflow/.local/lib/python3.8/site-packages/airflow/example_dags/example_latest_only_with_trigger.py took 0.105 seconds
[2024-07-26T12:32:23.848+0000] {processor.py:161} INFO - Started process (PID=616) to work on /home/airflow/.local/lib/python3.8/site-packages/airflow/example_dags/example_latest_only_with_trigger.py
[2024-07-26T12:32:23.849+0000] {processor.py:830} INFO - Processing file /home/airflow/.local/lib/python3.8/site-packages/airflow/example_dags/example_latest_only_with_trigger.py for tasks to queue
[2024-07-26T12:32:23.852+0000] {logging_mixin.py:188} INFO - [2024-07-26T12:32:23.851+0000] {dagbag.py:538} INFO - Filling up the DagBag from /home/airflow/.local/lib/python3.8/site-packages/airflow/example_dags/example_latest_only_with_trigger.py
[2024-07-26T12:32:23.858+0000] {processor.py:840} INFO - DAG(s) 'latest_only_with_trigger' retrieved from /home/airflow/.local/lib/python3.8/site-packages/airflow/example_dags/example_latest_only_with_trigger.py
[2024-07-26T12:32:23.889+0000] {logging_mixin.py:188} INFO - [2024-07-26T12:32:23.889+0000] {dag.py:3036} INFO - Sync 1 DAGs
[2024-07-26T12:32:23.927+0000] {logging_mixin.py:188} INFO - [2024-07-26T12:32:23.927+0000] {dag.py:3823} INFO - Setting next_dagrun for latest_only_with_trigger to 2024-07-26 08:00:00+00:00, run_after=2024-07-26 12:00:00+00:00
[2024-07-26T12:32:23.955+0000] {processor.py:183} INFO - Processing /home/airflow/.local/lib/python3.8/site-packages/airflow/example_dags/example_latest_only_with_trigger.py took 0.111 seconds
[2024-07-26T12:32:54.913+0000] {processor.py:161} INFO - Started process (PID=680) to work on /home/airflow/.local/lib/python3.8/site-packages/airflow/example_dags/example_latest_only_with_trigger.py
[2024-07-26T12:32:54.914+0000] {processor.py:830} INFO - Processing file /home/airflow/.local/lib/python3.8/site-packages/airflow/example_dags/example_latest_only_with_trigger.py for tasks to queue
[2024-07-26T12:32:54.916+0000] {logging_mixin.py:188} INFO - [2024-07-26T12:32:54.916+0000] {dagbag.py:538} INFO - Filling up the DagBag from /home/airflow/.local/lib/python3.8/site-packages/airflow/example_dags/example_latest_only_with_trigger.py
[2024-07-26T12:32:54.924+0000] {processor.py:840} INFO - DAG(s) 'latest_only_with_trigger' retrieved from /home/airflow/.local/lib/python3.8/site-packages/airflow/example_dags/example_latest_only_with_trigger.py
[2024-07-26T12:32:54.950+0000] {logging_mixin.py:188} INFO - [2024-07-26T12:32:54.950+0000] {dag.py:3036} INFO - Sync 1 DAGs
[2024-07-26T12:32:54.979+0000] {logging_mixin.py:188} INFO - [2024-07-26T12:32:54.978+0000] {dag.py:3823} INFO - Setting next_dagrun for latest_only_with_trigger to 2024-07-26 08:00:00+00:00, run_after=2024-07-26 12:00:00+00:00
[2024-07-26T12:32:55.002+0000] {processor.py:183} INFO - Processing /home/airflow/.local/lib/python3.8/site-packages/airflow/example_dags/example_latest_only_with_trigger.py took 0.093 seconds
[2024-07-26T12:33:25.426+0000] {processor.py:161} INFO - Started process (PID=745) to work on /home/airflow/.local/lib/python3.8/site-packages/airflow/example_dags/example_latest_only_with_trigger.py
[2024-07-26T12:33:25.427+0000] {processor.py:830} INFO - Processing file /home/airflow/.local/lib/python3.8/site-packages/airflow/example_dags/example_latest_only_with_trigger.py for tasks to queue
[2024-07-26T12:33:25.430+0000] {logging_mixin.py:188} INFO - [2024-07-26T12:33:25.429+0000] {dagbag.py:538} INFO - Filling up the DagBag from /home/airflow/.local/lib/python3.8/site-packages/airflow/example_dags/example_latest_only_with_trigger.py
[2024-07-26T12:33:25.436+0000] {processor.py:840} INFO - DAG(s) 'latest_only_with_trigger' retrieved from /home/airflow/.local/lib/python3.8/site-packages/airflow/example_dags/example_latest_only_with_trigger.py
[2024-07-26T12:33:25.459+0000] {logging_mixin.py:188} INFO - [2024-07-26T12:33:25.459+0000] {dag.py:3036} INFO - Sync 1 DAGs
[2024-07-26T12:33:25.486+0000] {logging_mixin.py:188} INFO - [2024-07-26T12:33:25.485+0000] {dag.py:3823} INFO - Setting next_dagrun for latest_only_with_trigger to 2024-07-26 08:00:00+00:00, run_after=2024-07-26 12:00:00+00:00
[2024-07-26T12:33:25.514+0000] {processor.py:183} INFO - Processing /home/airflow/.local/lib/python3.8/site-packages/airflow/example_dags/example_latest_only_with_trigger.py took 0.092 seconds
[2024-07-26T12:33:56.060+0000] {processor.py:161} INFO - Started process (PID=809) to work on /home/airflow/.local/lib/python3.8/site-packages/airflow/example_dags/example_latest_only_with_trigger.py
[2024-07-26T12:33:56.061+0000] {processor.py:830} INFO - Processing file /home/airflow/.local/lib/python3.8/site-packages/airflow/example_dags/example_latest_only_with_trigger.py for tasks to queue
[2024-07-26T12:33:56.063+0000] {logging_mixin.py:188} INFO - [2024-07-26T12:33:56.063+0000] {dagbag.py:538} INFO - Filling up the DagBag from /home/airflow/.local/lib/python3.8/site-packages/airflow/example_dags/example_latest_only_with_trigger.py
[2024-07-26T12:33:56.071+0000] {processor.py:840} INFO - DAG(s) 'latest_only_with_trigger' retrieved from /home/airflow/.local/lib/python3.8/site-packages/airflow/example_dags/example_latest_only_with_trigger.py
[2024-07-26T12:33:56.100+0000] {logging_mixin.py:188} INFO - [2024-07-26T12:33:56.099+0000] {dag.py:3036} INFO - Sync 1 DAGs
[2024-07-26T12:33:56.130+0000] {logging_mixin.py:188} INFO - [2024-07-26T12:33:56.129+0000] {dag.py:3823} INFO - Setting next_dagrun for latest_only_with_trigger to 2024-07-26 08:00:00+00:00, run_after=2024-07-26 12:00:00+00:00
[2024-07-26T12:33:56.156+0000] {processor.py:183} INFO - Processing /home/airflow/.local/lib/python3.8/site-packages/airflow/example_dags/example_latest_only_with_trigger.py took 0.100 seconds
[2024-07-26T12:34:26.431+0000] {processor.py:161} INFO - Started process (PID=873) to work on /home/airflow/.local/lib/python3.8/site-packages/airflow/example_dags/example_latest_only_with_trigger.py
[2024-07-26T12:34:26.432+0000] {processor.py:830} INFO - Processing file /home/airflow/.local/lib/python3.8/site-packages/airflow/example_dags/example_latest_only_with_trigger.py for tasks to queue
[2024-07-26T12:34:26.435+0000] {logging_mixin.py:188} INFO - [2024-07-26T12:34:26.435+0000] {dagbag.py:538} INFO - Filling up the DagBag from /home/airflow/.local/lib/python3.8/site-packages/airflow/example_dags/example_latest_only_with_trigger.py
[2024-07-26T12:34:26.441+0000] {processor.py:840} INFO - DAG(s) 'latest_only_with_trigger' retrieved from /home/airflow/.local/lib/python3.8/site-packages/airflow/example_dags/example_latest_only_with_trigger.py
[2024-07-26T12:34:26.467+0000] {logging_mixin.py:188} INFO - [2024-07-26T12:34:26.467+0000] {dag.py:3036} INFO - Sync 1 DAGs
[2024-07-26T12:34:26.507+0000] {logging_mixin.py:188} INFO - [2024-07-26T12:34:26.506+0000] {dag.py:3823} INFO - Setting next_dagrun for latest_only_with_trigger to 2024-07-26 08:00:00+00:00, run_after=2024-07-26 12:00:00+00:00
[2024-07-26T12:34:26.550+0000] {processor.py:183} INFO - Processing /home/airflow/.local/lib/python3.8/site-packages/airflow/example_dags/example_latest_only_with_trigger.py took 0.122 seconds
[2024-07-26T12:34:57.025+0000] {processor.py:161} INFO - Started process (PID=937) to work on /home/airflow/.local/lib/python3.8/site-packages/airflow/example_dags/example_latest_only_with_trigger.py
[2024-07-26T12:34:57.027+0000] {processor.py:830} INFO - Processing file /home/airflow/.local/lib/python3.8/site-packages/airflow/example_dags/example_latest_only_with_trigger.py for tasks to queue
[2024-07-26T12:34:57.030+0000] {logging_mixin.py:188} INFO - [2024-07-26T12:34:57.030+0000] {dagbag.py:538} INFO - Filling up the DagBag from /home/airflow/.local/lib/python3.8/site-packages/airflow/example_dags/example_latest_only_with_trigger.py
[2024-07-26T12:34:57.037+0000] {processor.py:840} INFO - DAG(s) 'latest_only_with_trigger' retrieved from /home/airflow/.local/lib/python3.8/site-packages/airflow/example_dags/example_latest_only_with_trigger.py
[2024-07-26T12:34:57.068+0000] {logging_mixin.py:188} INFO - [2024-07-26T12:34:57.068+0000] {dag.py:3036} INFO - Sync 1 DAGs
[2024-07-26T12:34:57.102+0000] {logging_mixin.py:188} INFO - [2024-07-26T12:34:57.101+0000] {dag.py:3823} INFO - Setting next_dagrun for latest_only_with_trigger to 2024-07-26 08:00:00+00:00, run_after=2024-07-26 12:00:00+00:00
[2024-07-26T12:34:57.132+0000] {processor.py:183} INFO - Processing /home/airflow/.local/lib/python3.8/site-packages/airflow/example_dags/example_latest_only_with_trigger.py took 0.111 seconds
[2024-07-26T12:35:27.757+0000] {processor.py:161} INFO - Started process (PID=1001) to work on /home/airflow/.local/lib/python3.8/site-packages/airflow/example_dags/example_latest_only_with_trigger.py
[2024-07-26T12:35:27.758+0000] {processor.py:830} INFO - Processing file /home/airflow/.local/lib/python3.8/site-packages/airflow/example_dags/example_latest_only_with_trigger.py for tasks to queue
[2024-07-26T12:35:27.760+0000] {logging_mixin.py:188} INFO - [2024-07-26T12:35:27.760+0000] {dagbag.py:538} INFO - Filling up the DagBag from /home/airflow/.local/lib/python3.8/site-packages/airflow/example_dags/example_latest_only_with_trigger.py
[2024-07-26T12:35:27.766+0000] {processor.py:840} INFO - DAG(s) 'latest_only_with_trigger' retrieved from /home/airflow/.local/lib/python3.8/site-packages/airflow/example_dags/example_latest_only_with_trigger.py
[2024-07-26T12:35:27.793+0000] {logging_mixin.py:188} INFO - [2024-07-26T12:35:27.793+0000] {dag.py:3036} INFO - Sync 1 DAGs
[2024-07-26T12:35:27.817+0000] {logging_mixin.py:188} INFO - [2024-07-26T12:35:27.817+0000] {dag.py:3823} INFO - Setting next_dagrun for latest_only_with_trigger to 2024-07-26 08:00:00+00:00, run_after=2024-07-26 12:00:00+00:00
[2024-07-26T12:35:27.840+0000] {processor.py:183} INFO - Processing /home/airflow/.local/lib/python3.8/site-packages/airflow/example_dags/example_latest_only_with_trigger.py took 0.086 seconds
[2024-07-26T12:35:57.991+0000] {processor.py:161} INFO - Started process (PID=1065) to work on /home/airflow/.local/lib/python3.8/site-packages/airflow/example_dags/example_latest_only_with_trigger.py
[2024-07-26T12:35:57.993+0000] {processor.py:830} INFO - Processing file /home/airflow/.local/lib/python3.8/site-packages/airflow/example_dags/example_latest_only_with_trigger.py for tasks to queue
[2024-07-26T12:35:57.995+0000] {logging_mixin.py:188} INFO - [2024-07-26T12:35:57.994+0000] {dagbag.py:538} INFO - Filling up the DagBag from /home/airflow/.local/lib/python3.8/site-packages/airflow/example_dags/example_latest_only_with_trigger.py
[2024-07-26T12:35:58.001+0000] {processor.py:840} INFO - DAG(s) 'latest_only_with_trigger' retrieved from /home/airflow/.local/lib/python3.8/site-packages/airflow/example_dags/example_latest_only_with_trigger.py
[2024-07-26T12:35:58.026+0000] {logging_mixin.py:188} INFO - [2024-07-26T12:35:58.026+0000] {dag.py:3036} INFO - Sync 1 DAGs
[2024-07-26T12:35:58.049+0000] {logging_mixin.py:188} INFO - [2024-07-26T12:35:58.049+0000] {dag.py:3823} INFO - Setting next_dagrun for latest_only_with_trigger to 2024-07-26 08:00:00+00:00, run_after=2024-07-26 12:00:00+00:00
[2024-07-26T12:35:58.079+0000] {processor.py:183} INFO - Processing /home/airflow/.local/lib/python3.8/site-packages/airflow/example_dags/example_latest_only_with_trigger.py took 0.091 seconds
[2024-07-26T12:36:28.366+0000] {processor.py:161} INFO - Started process (PID=1129) to work on /home/airflow/.local/lib/python3.8/site-packages/airflow/example_dags/example_latest_only_with_trigger.py
[2024-07-26T12:36:28.367+0000] {processor.py:830} INFO - Processing file /home/airflow/.local/lib/python3.8/site-packages/airflow/example_dags/example_latest_only_with_trigger.py for tasks to queue
[2024-07-26T12:36:28.369+0000] {logging_mixin.py:188} INFO - [2024-07-26T12:36:28.369+0000] {dagbag.py:538} INFO - Filling up the DagBag from /home/airflow/.local/lib/python3.8/site-packages/airflow/example_dags/example_latest_only_with_trigger.py
[2024-07-26T12:36:28.377+0000] {processor.py:840} INFO - DAG(s) 'latest_only_with_trigger' retrieved from /home/airflow/.local/lib/python3.8/site-packages/airflow/example_dags/example_latest_only_with_trigger.py
[2024-07-26T12:36:28.407+0000] {logging_mixin.py:188} INFO - [2024-07-26T12:36:28.407+0000] {dag.py:3036} INFO - Sync 1 DAGs
[2024-07-26T12:36:28.439+0000] {logging_mixin.py:188} INFO - [2024-07-26T12:36:28.439+0000] {dag.py:3823} INFO - Setting next_dagrun for latest_only_with_trigger to 2024-07-26 08:00:00+00:00, run_after=2024-07-26 12:00:00+00:00
[2024-07-26T12:36:28.470+0000] {processor.py:183} INFO - Processing /home/airflow/.local/lib/python3.8/site-packages/airflow/example_dags/example_latest_only_with_trigger.py took 0.108 seconds
[2024-07-26T12:36:58.806+0000] {processor.py:161} INFO - Started process (PID=1193) to work on /home/airflow/.local/lib/python3.8/site-packages/airflow/example_dags/example_latest_only_with_trigger.py
[2024-07-26T12:36:58.808+0000] {processor.py:830} INFO - Processing file /home/airflow/.local/lib/python3.8/site-packages/airflow/example_dags/example_latest_only_with_trigger.py for tasks to queue
[2024-07-26T12:36:58.810+0000] {logging_mixin.py:188} INFO - [2024-07-26T12:36:58.809+0000] {dagbag.py:538} INFO - Filling up the DagBag from /home/airflow/.local/lib/python3.8/site-packages/airflow/example_dags/example_latest_only_with_trigger.py
[2024-07-26T12:36:58.817+0000] {processor.py:840} INFO - DAG(s) 'latest_only_with_trigger' retrieved from /home/airflow/.local/lib/python3.8/site-packages/airflow/example_dags/example_latest_only_with_trigger.py
[2024-07-26T12:36:58.843+0000] {logging_mixin.py:188} INFO - [2024-07-26T12:36:58.843+0000] {dag.py:3036} INFO - Sync 1 DAGs
[2024-07-26T12:36:58.870+0000] {logging_mixin.py:188} INFO - [2024-07-26T12:36:58.870+0000] {dag.py:3823} INFO - Setting next_dagrun for latest_only_with_trigger to 2024-07-26 08:00:00+00:00, run_after=2024-07-26 12:00:00+00:00
[2024-07-26T12:36:58.893+0000] {processor.py:183} INFO - Processing /home/airflow/.local/lib/python3.8/site-packages/airflow/example_dags/example_latest_only_with_trigger.py took 0.091 seconds
[2024-07-26T12:37:29.091+0000] {processor.py:161} INFO - Started process (PID=1257) to work on /home/airflow/.local/lib/python3.8/site-packages/airflow/example_dags/example_latest_only_with_trigger.py
[2024-07-26T12:37:29.092+0000] {processor.py:830} INFO - Processing file /home/airflow/.local/lib/python3.8/site-packages/airflow/example_dags/example_latest_only_with_trigger.py for tasks to queue
[2024-07-26T12:37:29.094+0000] {logging_mixin.py:188} INFO - [2024-07-26T12:37:29.094+0000] {dagbag.py:538} INFO - Filling up the DagBag from /home/airflow/.local/lib/python3.8/site-packages/airflow/example_dags/example_latest_only_with_trigger.py
[2024-07-26T12:37:29.101+0000] {processor.py:840} INFO - DAG(s) 'latest_only_with_trigger' retrieved from /home/airflow/.local/lib/python3.8/site-packages/airflow/example_dags/example_latest_only_with_trigger.py
[2024-07-26T12:37:29.125+0000] {logging_mixin.py:188} INFO - [2024-07-26T12:37:29.125+0000] {dag.py:3036} INFO - Sync 1 DAGs
[2024-07-26T12:37:29.151+0000] {logging_mixin.py:188} INFO - [2024-07-26T12:37:29.151+0000] {dag.py:3823} INFO - Setting next_dagrun for latest_only_with_trigger to 2024-07-26 08:00:00+00:00, run_after=2024-07-26 12:00:00+00:00
[2024-07-26T12:37:29.176+0000] {processor.py:183} INFO - Processing /home/airflow/.local/lib/python3.8/site-packages/airflow/example_dags/example_latest_only_with_trigger.py took 0.089 seconds
[2024-07-26T12:38:52.362+0000] {processor.py:161} INFO - Started process (PID=102) to work on /home/airflow/.local/lib/python3.8/site-packages/airflow/example_dags/example_latest_only_with_trigger.py
[2024-07-26T12:38:52.363+0000] {processor.py:830} INFO - Processing file /home/airflow/.local/lib/python3.8/site-packages/airflow/example_dags/example_latest_only_with_trigger.py for tasks to queue
[2024-07-26T12:38:52.366+0000] {logging_mixin.py:188} INFO - [2024-07-26T12:38:52.365+0000] {dagbag.py:538} INFO - Filling up the DagBag from /home/airflow/.local/lib/python3.8/site-packages/airflow/example_dags/example_latest_only_with_trigger.py
[2024-07-26T12:38:52.380+0000] {processor.py:840} INFO - DAG(s) 'latest_only_with_trigger' retrieved from /home/airflow/.local/lib/python3.8/site-packages/airflow/example_dags/example_latest_only_with_trigger.py
[2024-07-26T12:38:52.396+0000] {logging_mixin.py:188} INFO - [2024-07-26T12:38:52.395+0000] {dag.py:3036} INFO - Sync 1 DAGs
[2024-07-26T12:38:52.425+0000] {logging_mixin.py:188} INFO - [2024-07-26T12:38:52.425+0000] {dag.py:3823} INFO - Setting next_dagrun for latest_only_with_trigger to 2024-07-26 08:00:00+00:00, run_after=2024-07-26 12:00:00+00:00
[2024-07-26T12:38:52.487+0000] {processor.py:183} INFO - Processing /home/airflow/.local/lib/python3.8/site-packages/airflow/example_dags/example_latest_only_with_trigger.py took 0.128 seconds
[2024-07-26T12:39:24.001+0000] {processor.py:161} INFO - Started process (PID=166) to work on /home/airflow/.local/lib/python3.8/site-packages/airflow/example_dags/example_latest_only_with_trigger.py
[2024-07-26T12:39:24.002+0000] {processor.py:830} INFO - Processing file /home/airflow/.local/lib/python3.8/site-packages/airflow/example_dags/example_latest_only_with_trigger.py for tasks to queue
[2024-07-26T12:39:24.004+0000] {logging_mixin.py:188} INFO - [2024-07-26T12:39:24.004+0000] {dagbag.py:538} INFO - Filling up the DagBag from /home/airflow/.local/lib/python3.8/site-packages/airflow/example_dags/example_latest_only_with_trigger.py
[2024-07-26T12:39:24.010+0000] {processor.py:840} INFO - DAG(s) 'latest_only_with_trigger' retrieved from /home/airflow/.local/lib/python3.8/site-packages/airflow/example_dags/example_latest_only_with_trigger.py
[2024-07-26T12:39:24.177+0000] {logging_mixin.py:188} INFO - [2024-07-26T12:39:24.176+0000] {dag.py:3036} INFO - Sync 1 DAGs
[2024-07-26T12:39:24.241+0000] {logging_mixin.py:188} INFO - [2024-07-26T12:39:24.241+0000] {dag.py:3823} INFO - Setting next_dagrun for latest_only_with_trigger to 2024-07-26 08:00:00+00:00, run_after=2024-07-26 12:00:00+00:00
[2024-07-26T12:39:24.300+0000] {processor.py:183} INFO - Processing /home/airflow/.local/lib/python3.8/site-packages/airflow/example_dags/example_latest_only_with_trigger.py took 0.303 seconds
[2024-07-26T12:43:18.770+0000] {processor.py:161} INFO - Started process (PID=113) to work on /home/airflow/.local/lib/python3.8/site-packages/airflow/example_dags/example_latest_only_with_trigger.py
[2024-07-26T12:43:18.771+0000] {processor.py:830} INFO - Processing file /home/airflow/.local/lib/python3.8/site-packages/airflow/example_dags/example_latest_only_with_trigger.py for tasks to queue
[2024-07-26T12:43:18.773+0000] {logging_mixin.py:188} INFO - [2024-07-26T12:43:18.773+0000] {dagbag.py:538} INFO - Filling up the DagBag from /home/airflow/.local/lib/python3.8/site-packages/airflow/example_dags/example_latest_only_with_trigger.py
[2024-07-26T12:43:18.783+0000] {processor.py:840} INFO - DAG(s) 'latest_only_with_trigger' retrieved from /home/airflow/.local/lib/python3.8/site-packages/airflow/example_dags/example_latest_only_with_trigger.py
[2024-07-26T12:43:18.925+0000] {logging_mixin.py:188} INFO - [2024-07-26T12:43:18.925+0000] {dag.py:3036} INFO - Sync 1 DAGs
[2024-07-26T12:43:18.947+0000] {logging_mixin.py:188} INFO - [2024-07-26T12:43:18.947+0000] {dag.py:3823} INFO - Setting next_dagrun for latest_only_with_trigger to 2024-07-26 08:00:00+00:00, run_after=2024-07-26 12:00:00+00:00
[2024-07-26T12:43:18.968+0000] {processor.py:183} INFO - Processing /home/airflow/.local/lib/python3.8/site-packages/airflow/example_dags/example_latest_only_with_trigger.py took 0.202 seconds
[2024-07-26T12:43:49.028+0000] {processor.py:161} INFO - Started process (PID=177) to work on /home/airflow/.local/lib/python3.8/site-packages/airflow/example_dags/example_latest_only_with_trigger.py
[2024-07-26T12:43:49.029+0000] {processor.py:830} INFO - Processing file /home/airflow/.local/lib/python3.8/site-packages/airflow/example_dags/example_latest_only_with_trigger.py for tasks to queue
[2024-07-26T12:43:49.032+0000] {logging_mixin.py:188} INFO - [2024-07-26T12:43:49.032+0000] {dagbag.py:538} INFO - Filling up the DagBag from /home/airflow/.local/lib/python3.8/site-packages/airflow/example_dags/example_latest_only_with_trigger.py
[2024-07-26T12:43:49.040+0000] {processor.py:840} INFO - DAG(s) 'latest_only_with_trigger' retrieved from /home/airflow/.local/lib/python3.8/site-packages/airflow/example_dags/example_latest_only_with_trigger.py
[2024-07-26T12:43:49.066+0000] {logging_mixin.py:188} INFO - [2024-07-26T12:43:49.065+0000] {dag.py:3036} INFO - Sync 1 DAGs
[2024-07-26T12:43:49.094+0000] {logging_mixin.py:188} INFO - [2024-07-26T12:43:49.094+0000] {dag.py:3823} INFO - Setting next_dagrun for latest_only_with_trigger to 2024-07-26 08:00:00+00:00, run_after=2024-07-26 12:00:00+00:00
[2024-07-26T12:43:49.117+0000] {processor.py:183} INFO - Processing /home/airflow/.local/lib/python3.8/site-packages/airflow/example_dags/example_latest_only_with_trigger.py took 0.093 seconds
[2024-07-26T12:44:20.254+0000] {processor.py:161} INFO - Started process (PID=241) to work on /home/airflow/.local/lib/python3.8/site-packages/airflow/example_dags/example_latest_only_with_trigger.py
[2024-07-26T12:44:20.255+0000] {processor.py:830} INFO - Processing file /home/airflow/.local/lib/python3.8/site-packages/airflow/example_dags/example_latest_only_with_trigger.py for tasks to queue
[2024-07-26T12:44:20.258+0000] {logging_mixin.py:188} INFO - [2024-07-26T12:44:20.257+0000] {dagbag.py:538} INFO - Filling up the DagBag from /home/airflow/.local/lib/python3.8/site-packages/airflow/example_dags/example_latest_only_with_trigger.py
[2024-07-26T12:44:20.267+0000] {processor.py:840} INFO - DAG(s) 'latest_only_with_trigger' retrieved from /home/airflow/.local/lib/python3.8/site-packages/airflow/example_dags/example_latest_only_with_trigger.py
[2024-07-26T12:44:20.295+0000] {logging_mixin.py:188} INFO - [2024-07-26T12:44:20.294+0000] {dag.py:3036} INFO - Sync 1 DAGs
[2024-07-26T12:44:20.323+0000] {logging_mixin.py:188} INFO - [2024-07-26T12:44:20.322+0000] {dag.py:3823} INFO - Setting next_dagrun for latest_only_with_trigger to 2024-07-26 08:00:00+00:00, run_after=2024-07-26 12:00:00+00:00
[2024-07-26T12:44:20.349+0000] {processor.py:183} INFO - Processing /home/airflow/.local/lib/python3.8/site-packages/airflow/example_dags/example_latest_only_with_trigger.py took 0.098 seconds
[2024-07-26T12:49:46.311+0000] {processor.py:161} INFO - Started process (PID=107) to work on /home/airflow/.local/lib/python3.8/site-packages/airflow/example_dags/example_latest_only_with_trigger.py
[2024-07-26T12:49:46.312+0000] {processor.py:830} INFO - Processing file /home/airflow/.local/lib/python3.8/site-packages/airflow/example_dags/example_latest_only_with_trigger.py for tasks to queue
[2024-07-26T12:49:46.314+0000] {logging_mixin.py:188} INFO - [2024-07-26T12:49:46.314+0000] {dagbag.py:538} INFO - Filling up the DagBag from /home/airflow/.local/lib/python3.8/site-packages/airflow/example_dags/example_latest_only_with_trigger.py
[2024-07-26T12:49:46.324+0000] {processor.py:840} INFO - DAG(s) 'latest_only_with_trigger' retrieved from /home/airflow/.local/lib/python3.8/site-packages/airflow/example_dags/example_latest_only_with_trigger.py
[2024-07-26T12:49:46.455+0000] {logging_mixin.py:188} INFO - [2024-07-26T12:49:46.455+0000] {dag.py:3036} INFO - Sync 1 DAGs
[2024-07-26T12:49:46.491+0000] {logging_mixin.py:188} INFO - [2024-07-26T12:49:46.491+0000] {dag.py:3823} INFO - Setting next_dagrun for latest_only_with_trigger to 2024-07-26 08:00:00+00:00, run_after=2024-07-26 12:00:00+00:00
[2024-07-26T12:49:46.518+0000] {processor.py:183} INFO - Processing /home/airflow/.local/lib/python3.8/site-packages/airflow/example_dags/example_latest_only_with_trigger.py took 0.209 seconds
[2024-07-26T12:50:17.141+0000] {processor.py:161} INFO - Started process (PID=171) to work on /home/airflow/.local/lib/python3.8/site-packages/airflow/example_dags/example_latest_only_with_trigger.py
[2024-07-26T12:50:17.142+0000] {processor.py:830} INFO - Processing file /home/airflow/.local/lib/python3.8/site-packages/airflow/example_dags/example_latest_only_with_trigger.py for tasks to queue
[2024-07-26T12:50:17.144+0000] {logging_mixin.py:188} INFO - [2024-07-26T12:50:17.144+0000] {dagbag.py:538} INFO - Filling up the DagBag from /home/airflow/.local/lib/python3.8/site-packages/airflow/example_dags/example_latest_only_with_trigger.py
[2024-07-26T12:50:17.151+0000] {processor.py:840} INFO - DAG(s) 'latest_only_with_trigger' retrieved from /home/airflow/.local/lib/python3.8/site-packages/airflow/example_dags/example_latest_only_with_trigger.py
[2024-07-26T12:50:17.176+0000] {logging_mixin.py:188} INFO - [2024-07-26T12:50:17.175+0000] {dag.py:3036} INFO - Sync 1 DAGs
[2024-07-26T12:50:17.216+0000] {logging_mixin.py:188} INFO - [2024-07-26T12:50:17.216+0000] {dag.py:3823} INFO - Setting next_dagrun for latest_only_with_trigger to 2024-07-26 08:00:00+00:00, run_after=2024-07-26 12:00:00+00:00
[2024-07-26T12:50:17.239+0000] {processor.py:183} INFO - Processing /home/airflow/.local/lib/python3.8/site-packages/airflow/example_dags/example_latest_only_with_trigger.py took 0.101 seconds
[2024-07-26T12:50:48.229+0000] {processor.py:161} INFO - Started process (PID=235) to work on /home/airflow/.local/lib/python3.8/site-packages/airflow/example_dags/example_latest_only_with_trigger.py
[2024-07-26T12:50:48.230+0000] {processor.py:830} INFO - Processing file /home/airflow/.local/lib/python3.8/site-packages/airflow/example_dags/example_latest_only_with_trigger.py for tasks to queue
[2024-07-26T12:50:48.232+0000] {logging_mixin.py:188} INFO - [2024-07-26T12:50:48.231+0000] {dagbag.py:538} INFO - Filling up the DagBag from /home/airflow/.local/lib/python3.8/site-packages/airflow/example_dags/example_latest_only_with_trigger.py
[2024-07-26T12:50:48.238+0000] {processor.py:840} INFO - DAG(s) 'latest_only_with_trigger' retrieved from /home/airflow/.local/lib/python3.8/site-packages/airflow/example_dags/example_latest_only_with_trigger.py
[2024-07-26T12:50:48.262+0000] {logging_mixin.py:188} INFO - [2024-07-26T12:50:48.262+0000] {dag.py:3036} INFO - Sync 1 DAGs
[2024-07-26T12:50:48.286+0000] {logging_mixin.py:188} INFO - [2024-07-26T12:50:48.286+0000] {dag.py:3823} INFO - Setting next_dagrun for latest_only_with_trigger to 2024-07-26 08:00:00+00:00, run_after=2024-07-26 12:00:00+00:00
[2024-07-26T12:50:48.304+0000] {processor.py:183} INFO - Processing /home/airflow/.local/lib/python3.8/site-packages/airflow/example_dags/example_latest_only_with_trigger.py took 0.079 seconds
[2024-07-26T12:51:18.350+0000] {processor.py:161} INFO - Started process (PID=290) to work on /home/airflow/.local/lib/python3.8/site-packages/airflow/example_dags/example_latest_only_with_trigger.py
[2024-07-26T12:51:18.351+0000] {processor.py:830} INFO - Processing file /home/airflow/.local/lib/python3.8/site-packages/airflow/example_dags/example_latest_only_with_trigger.py for tasks to queue
[2024-07-26T12:51:18.354+0000] {logging_mixin.py:188} INFO - [2024-07-26T12:51:18.354+0000] {dagbag.py:538} INFO - Filling up the DagBag from /home/airflow/.local/lib/python3.8/site-packages/airflow/example_dags/example_latest_only_with_trigger.py
[2024-07-26T12:51:18.364+0000] {processor.py:840} INFO - DAG(s) 'latest_only_with_trigger' retrieved from /home/airflow/.local/lib/python3.8/site-packages/airflow/example_dags/example_latest_only_with_trigger.py
[2024-07-26T12:51:18.388+0000] {logging_mixin.py:188} INFO - [2024-07-26T12:51:18.388+0000] {dag.py:3036} INFO - Sync 1 DAGs
[2024-07-26T12:51:18.417+0000] {logging_mixin.py:188} INFO - [2024-07-26T12:51:18.417+0000] {dag.py:3823} INFO - Setting next_dagrun for latest_only_with_trigger to 2024-07-26 08:00:00+00:00, run_after=2024-07-26 12:00:00+00:00
[2024-07-26T12:51:18.438+0000] {processor.py:183} INFO - Processing /home/airflow/.local/lib/python3.8/site-packages/airflow/example_dags/example_latest_only_with_trigger.py took 0.092 seconds
[2024-07-26T12:51:48.502+0000] {processor.py:161} INFO - Started process (PID=354) to work on /home/airflow/.local/lib/python3.8/site-packages/airflow/example_dags/example_latest_only_with_trigger.py
[2024-07-26T12:51:48.503+0000] {processor.py:830} INFO - Processing file /home/airflow/.local/lib/python3.8/site-packages/airflow/example_dags/example_latest_only_with_trigger.py for tasks to queue
[2024-07-26T12:51:48.505+0000] {logging_mixin.py:188} INFO - [2024-07-26T12:51:48.505+0000] {dagbag.py:538} INFO - Filling up the DagBag from /home/airflow/.local/lib/python3.8/site-packages/airflow/example_dags/example_latest_only_with_trigger.py
[2024-07-26T12:51:48.511+0000] {processor.py:840} INFO - DAG(s) 'latest_only_with_trigger' retrieved from /home/airflow/.local/lib/python3.8/site-packages/airflow/example_dags/example_latest_only_with_trigger.py
[2024-07-26T12:51:48.534+0000] {logging_mixin.py:188} INFO - [2024-07-26T12:51:48.533+0000] {dag.py:3036} INFO - Sync 1 DAGs
[2024-07-26T12:51:48.557+0000] {logging_mixin.py:188} INFO - [2024-07-26T12:51:48.557+0000] {dag.py:3823} INFO - Setting next_dagrun for latest_only_with_trigger to 2024-07-26 08:00:00+00:00, run_after=2024-07-26 12:00:00+00:00
[2024-07-26T12:51:48.577+0000] {processor.py:183} INFO - Processing /home/airflow/.local/lib/python3.8/site-packages/airflow/example_dags/example_latest_only_with_trigger.py took 0.079 seconds
[2024-07-26T12:52:19.241+0000] {processor.py:161} INFO - Started process (PID=418) to work on /home/airflow/.local/lib/python3.8/site-packages/airflow/example_dags/example_latest_only_with_trigger.py
[2024-07-26T12:52:19.243+0000] {processor.py:830} INFO - Processing file /home/airflow/.local/lib/python3.8/site-packages/airflow/example_dags/example_latest_only_with_trigger.py for tasks to queue
[2024-07-26T12:52:19.245+0000] {logging_mixin.py:188} INFO - [2024-07-26T12:52:19.245+0000] {dagbag.py:538} INFO - Filling up the DagBag from /home/airflow/.local/lib/python3.8/site-packages/airflow/example_dags/example_latest_only_with_trigger.py
[2024-07-26T12:52:19.252+0000] {processor.py:840} INFO - DAG(s) 'latest_only_with_trigger' retrieved from /home/airflow/.local/lib/python3.8/site-packages/airflow/example_dags/example_latest_only_with_trigger.py
[2024-07-26T12:52:19.276+0000] {logging_mixin.py:188} INFO - [2024-07-26T12:52:19.276+0000] {dag.py:3036} INFO - Sync 1 DAGs
[2024-07-26T12:52:19.303+0000] {logging_mixin.py:188} INFO - [2024-07-26T12:52:19.303+0000] {dag.py:3823} INFO - Setting next_dagrun for latest_only_with_trigger to 2024-07-26 08:00:00+00:00, run_after=2024-07-26 12:00:00+00:00
[2024-07-26T12:52:19.326+0000] {processor.py:183} INFO - Processing /home/airflow/.local/lib/python3.8/site-packages/airflow/example_dags/example_latest_only_with_trigger.py took 0.088 seconds
[2024-07-26T12:52:49.713+0000] {processor.py:161} INFO - Started process (PID=482) to work on /home/airflow/.local/lib/python3.8/site-packages/airflow/example_dags/example_latest_only_with_trigger.py
[2024-07-26T12:52:49.714+0000] {processor.py:830} INFO - Processing file /home/airflow/.local/lib/python3.8/site-packages/airflow/example_dags/example_latest_only_with_trigger.py for tasks to queue
[2024-07-26T12:52:49.717+0000] {logging_mixin.py:188} INFO - [2024-07-26T12:52:49.717+0000] {dagbag.py:538} INFO - Filling up the DagBag from /home/airflow/.local/lib/python3.8/site-packages/airflow/example_dags/example_latest_only_with_trigger.py
[2024-07-26T12:52:49.725+0000] {processor.py:840} INFO - DAG(s) 'latest_only_with_trigger' retrieved from /home/airflow/.local/lib/python3.8/site-packages/airflow/example_dags/example_latest_only_with_trigger.py
[2024-07-26T12:52:49.752+0000] {logging_mixin.py:188} INFO - [2024-07-26T12:52:49.752+0000] {dag.py:3036} INFO - Sync 1 DAGs
[2024-07-26T12:52:49.780+0000] {logging_mixin.py:188} INFO - [2024-07-26T12:52:49.779+0000] {dag.py:3823} INFO - Setting next_dagrun for latest_only_with_trigger to 2024-07-26 08:00:00+00:00, run_after=2024-07-26 12:00:00+00:00
[2024-07-26T12:52:49.806+0000] {processor.py:183} INFO - Processing /home/airflow/.local/lib/python3.8/site-packages/airflow/example_dags/example_latest_only_with_trigger.py took 0.096 seconds
[2024-07-26T12:53:20.374+0000] {processor.py:161} INFO - Started process (PID=546) to work on /home/airflow/.local/lib/python3.8/site-packages/airflow/example_dags/example_latest_only_with_trigger.py
[2024-07-26T12:53:20.376+0000] {processor.py:830} INFO - Processing file /home/airflow/.local/lib/python3.8/site-packages/airflow/example_dags/example_latest_only_with_trigger.py for tasks to queue
[2024-07-26T12:53:20.378+0000] {logging_mixin.py:188} INFO - [2024-07-26T12:53:20.378+0000] {dagbag.py:538} INFO - Filling up the DagBag from /home/airflow/.local/lib/python3.8/site-packages/airflow/example_dags/example_latest_only_with_trigger.py
[2024-07-26T12:53:20.383+0000] {processor.py:840} INFO - DAG(s) 'latest_only_with_trigger' retrieved from /home/airflow/.local/lib/python3.8/site-packages/airflow/example_dags/example_latest_only_with_trigger.py
[2024-07-26T12:53:20.409+0000] {logging_mixin.py:188} INFO - [2024-07-26T12:53:20.408+0000] {dag.py:3036} INFO - Sync 1 DAGs
[2024-07-26T12:53:20.433+0000] {logging_mixin.py:188} INFO - [2024-07-26T12:53:20.433+0000] {dag.py:3823} INFO - Setting next_dagrun for latest_only_with_trigger to 2024-07-26 08:00:00+00:00, run_after=2024-07-26 12:00:00+00:00
[2024-07-26T12:53:20.455+0000] {processor.py:183} INFO - Processing /home/airflow/.local/lib/python3.8/site-packages/airflow/example_dags/example_latest_only_with_trigger.py took 0.084 seconds
[2024-07-26T12:53:50.613+0000] {processor.py:161} INFO - Started process (PID=610) to work on /home/airflow/.local/lib/python3.8/site-packages/airflow/example_dags/example_latest_only_with_trigger.py
[2024-07-26T12:53:50.614+0000] {processor.py:830} INFO - Processing file /home/airflow/.local/lib/python3.8/site-packages/airflow/example_dags/example_latest_only_with_trigger.py for tasks to queue
[2024-07-26T12:53:50.616+0000] {logging_mixin.py:188} INFO - [2024-07-26T12:53:50.615+0000] {dagbag.py:538} INFO - Filling up the DagBag from /home/airflow/.local/lib/python3.8/site-packages/airflow/example_dags/example_latest_only_with_trigger.py
[2024-07-26T12:53:50.622+0000] {processor.py:840} INFO - DAG(s) 'latest_only_with_trigger' retrieved from /home/airflow/.local/lib/python3.8/site-packages/airflow/example_dags/example_latest_only_with_trigger.py
[2024-07-26T12:53:50.646+0000] {logging_mixin.py:188} INFO - [2024-07-26T12:53:50.646+0000] {dag.py:3036} INFO - Sync 1 DAGs
[2024-07-26T12:53:50.672+0000] {logging_mixin.py:188} INFO - [2024-07-26T12:53:50.672+0000] {dag.py:3823} INFO - Setting next_dagrun for latest_only_with_trigger to 2024-07-26 08:00:00+00:00, run_after=2024-07-26 12:00:00+00:00
[2024-07-26T12:53:50.701+0000] {processor.py:183} INFO - Processing /home/airflow/.local/lib/python3.8/site-packages/airflow/example_dags/example_latest_only_with_trigger.py took 0.091 seconds
[2024-07-26T12:54:21.039+0000] {processor.py:161} INFO - Started process (PID=674) to work on /home/airflow/.local/lib/python3.8/site-packages/airflow/example_dags/example_latest_only_with_trigger.py
[2024-07-26T12:54:21.044+0000] {processor.py:830} INFO - Processing file /home/airflow/.local/lib/python3.8/site-packages/airflow/example_dags/example_latest_only_with_trigger.py for tasks to queue
[2024-07-26T12:54:21.047+0000] {logging_mixin.py:188} INFO - [2024-07-26T12:54:21.046+0000] {dagbag.py:538} INFO - Filling up the DagBag from /home/airflow/.local/lib/python3.8/site-packages/airflow/example_dags/example_latest_only_with_trigger.py
[2024-07-26T12:54:21.053+0000] {processor.py:840} INFO - DAG(s) 'latest_only_with_trigger' retrieved from /home/airflow/.local/lib/python3.8/site-packages/airflow/example_dags/example_latest_only_with_trigger.py
[2024-07-26T12:54:21.076+0000] {logging_mixin.py:188} INFO - [2024-07-26T12:54:21.076+0000] {dag.py:3036} INFO - Sync 1 DAGs
[2024-07-26T12:54:21.107+0000] {logging_mixin.py:188} INFO - [2024-07-26T12:54:21.106+0000] {dag.py:3823} INFO - Setting next_dagrun for latest_only_with_trigger to 2024-07-26 08:00:00+00:00, run_after=2024-07-26 12:00:00+00:00
[2024-07-26T12:54:21.124+0000] {processor.py:183} INFO - Processing /home/airflow/.local/lib/python3.8/site-packages/airflow/example_dags/example_latest_only_with_trigger.py took 0.090 seconds
[2024-07-26T12:54:51.369+0000] {processor.py:161} INFO - Started process (PID=738) to work on /home/airflow/.local/lib/python3.8/site-packages/airflow/example_dags/example_latest_only_with_trigger.py
[2024-07-26T12:54:51.371+0000] {processor.py:830} INFO - Processing file /home/airflow/.local/lib/python3.8/site-packages/airflow/example_dags/example_latest_only_with_trigger.py for tasks to queue
[2024-07-26T12:54:51.373+0000] {logging_mixin.py:188} INFO - [2024-07-26T12:54:51.372+0000] {dagbag.py:538} INFO - Filling up the DagBag from /home/airflow/.local/lib/python3.8/site-packages/airflow/example_dags/example_latest_only_with_trigger.py
[2024-07-26T12:54:51.379+0000] {processor.py:840} INFO - DAG(s) 'latest_only_with_trigger' retrieved from /home/airflow/.local/lib/python3.8/site-packages/airflow/example_dags/example_latest_only_with_trigger.py
[2024-07-26T12:54:51.402+0000] {logging_mixin.py:188} INFO - [2024-07-26T12:54:51.401+0000] {dag.py:3036} INFO - Sync 1 DAGs
[2024-07-26T12:54:51.425+0000] {logging_mixin.py:188} INFO - [2024-07-26T12:54:51.425+0000] {dag.py:3823} INFO - Setting next_dagrun for latest_only_with_trigger to 2024-07-26 08:00:00+00:00, run_after=2024-07-26 12:00:00+00:00
[2024-07-26T12:54:51.445+0000] {processor.py:183} INFO - Processing /home/airflow/.local/lib/python3.8/site-packages/airflow/example_dags/example_latest_only_with_trigger.py took 0.080 seconds
[2024-07-26T12:55:21.884+0000] {processor.py:161} INFO - Started process (PID=802) to work on /home/airflow/.local/lib/python3.8/site-packages/airflow/example_dags/example_latest_only_with_trigger.py
[2024-07-26T12:55:21.885+0000] {processor.py:830} INFO - Processing file /home/airflow/.local/lib/python3.8/site-packages/airflow/example_dags/example_latest_only_with_trigger.py for tasks to queue
[2024-07-26T12:55:21.887+0000] {logging_mixin.py:188} INFO - [2024-07-26T12:55:21.887+0000] {dagbag.py:538} INFO - Filling up the DagBag from /home/airflow/.local/lib/python3.8/site-packages/airflow/example_dags/example_latest_only_with_trigger.py
[2024-07-26T12:55:21.894+0000] {processor.py:840} INFO - DAG(s) 'latest_only_with_trigger' retrieved from /home/airflow/.local/lib/python3.8/site-packages/airflow/example_dags/example_latest_only_with_trigger.py
[2024-07-26T12:55:21.918+0000] {logging_mixin.py:188} INFO - [2024-07-26T12:55:21.918+0000] {dag.py:3036} INFO - Sync 1 DAGs
[2024-07-26T12:55:21.947+0000] {logging_mixin.py:188} INFO - [2024-07-26T12:55:21.946+0000] {dag.py:3823} INFO - Setting next_dagrun for latest_only_with_trigger to 2024-07-26 08:00:00+00:00, run_after=2024-07-26 12:00:00+00:00
[2024-07-26T12:55:21.970+0000] {processor.py:183} INFO - Processing /home/airflow/.local/lib/python3.8/site-packages/airflow/example_dags/example_latest_only_with_trigger.py took 0.090 seconds
[2024-07-26T12:55:52.804+0000] {processor.py:161} INFO - Started process (PID=866) to work on /home/airflow/.local/lib/python3.8/site-packages/airflow/example_dags/example_latest_only_with_trigger.py
[2024-07-26T12:55:52.805+0000] {processor.py:830} INFO - Processing file /home/airflow/.local/lib/python3.8/site-packages/airflow/example_dags/example_latest_only_with_trigger.py for tasks to queue
[2024-07-26T12:55:52.808+0000] {logging_mixin.py:188} INFO - [2024-07-26T12:55:52.807+0000] {dagbag.py:538} INFO - Filling up the DagBag from /home/airflow/.local/lib/python3.8/site-packages/airflow/example_dags/example_latest_only_with_trigger.py
[2024-07-26T12:55:52.816+0000] {processor.py:840} INFO - DAG(s) 'latest_only_with_trigger' retrieved from /home/airflow/.local/lib/python3.8/site-packages/airflow/example_dags/example_latest_only_with_trigger.py
[2024-07-26T12:55:52.844+0000] {logging_mixin.py:188} INFO - [2024-07-26T12:55:52.844+0000] {dag.py:3036} INFO - Sync 1 DAGs
[2024-07-26T12:55:52.874+0000] {logging_mixin.py:188} INFO - [2024-07-26T12:55:52.873+0000] {dag.py:3823} INFO - Setting next_dagrun for latest_only_with_trigger to 2024-07-26 08:00:00+00:00, run_after=2024-07-26 12:00:00+00:00
[2024-07-26T12:55:52.900+0000] {processor.py:183} INFO - Processing /home/airflow/.local/lib/python3.8/site-packages/airflow/example_dags/example_latest_only_with_trigger.py took 0.101 seconds
[2024-07-26T12:56:23.670+0000] {processor.py:161} INFO - Started process (PID=930) to work on /home/airflow/.local/lib/python3.8/site-packages/airflow/example_dags/example_latest_only_with_trigger.py
[2024-07-26T12:56:23.671+0000] {processor.py:830} INFO - Processing file /home/airflow/.local/lib/python3.8/site-packages/airflow/example_dags/example_latest_only_with_trigger.py for tasks to queue
[2024-07-26T12:56:23.673+0000] {logging_mixin.py:188} INFO - [2024-07-26T12:56:23.672+0000] {dagbag.py:538} INFO - Filling up the DagBag from /home/airflow/.local/lib/python3.8/site-packages/airflow/example_dags/example_latest_only_with_trigger.py
[2024-07-26T12:56:23.678+0000] {processor.py:840} INFO - DAG(s) 'latest_only_with_trigger' retrieved from /home/airflow/.local/lib/python3.8/site-packages/airflow/example_dags/example_latest_only_with_trigger.py
[2024-07-26T12:56:23.702+0000] {logging_mixin.py:188} INFO - [2024-07-26T12:56:23.702+0000] {dag.py:3036} INFO - Sync 1 DAGs
[2024-07-26T12:56:23.728+0000] {logging_mixin.py:188} INFO - [2024-07-26T12:56:23.727+0000] {dag.py:3823} INFO - Setting next_dagrun for latest_only_with_trigger to 2024-07-26 08:00:00+00:00, run_after=2024-07-26 12:00:00+00:00
[2024-07-26T12:56:23.749+0000] {processor.py:183} INFO - Processing /home/airflow/.local/lib/python3.8/site-packages/airflow/example_dags/example_latest_only_with_trigger.py took 0.082 seconds
[2024-07-26T12:56:54.207+0000] {processor.py:161} INFO - Started process (PID=994) to work on /home/airflow/.local/lib/python3.8/site-packages/airflow/example_dags/example_latest_only_with_trigger.py
[2024-07-26T12:56:54.208+0000] {processor.py:830} INFO - Processing file /home/airflow/.local/lib/python3.8/site-packages/airflow/example_dags/example_latest_only_with_trigger.py for tasks to queue
[2024-07-26T12:56:54.210+0000] {logging_mixin.py:188} INFO - [2024-07-26T12:56:54.210+0000] {dagbag.py:538} INFO - Filling up the DagBag from /home/airflow/.local/lib/python3.8/site-packages/airflow/example_dags/example_latest_only_with_trigger.py
[2024-07-26T12:56:54.218+0000] {processor.py:840} INFO - DAG(s) 'latest_only_with_trigger' retrieved from /home/airflow/.local/lib/python3.8/site-packages/airflow/example_dags/example_latest_only_with_trigger.py
[2024-07-26T12:56:54.246+0000] {logging_mixin.py:188} INFO - [2024-07-26T12:56:54.246+0000] {dag.py:3036} INFO - Sync 1 DAGs
[2024-07-26T12:56:54.300+0000] {logging_mixin.py:188} INFO - [2024-07-26T12:56:54.299+0000] {dag.py:3823} INFO - Setting next_dagrun for latest_only_with_trigger to 2024-07-26 08:00:00+00:00, run_after=2024-07-26 12:00:00+00:00
[2024-07-26T12:56:54.340+0000] {processor.py:183} INFO - Processing /home/airflow/.local/lib/python3.8/site-packages/airflow/example_dags/example_latest_only_with_trigger.py took 0.138 seconds
[2024-07-26T12:57:24.717+0000] {processor.py:161} INFO - Started process (PID=1058) to work on /home/airflow/.local/lib/python3.8/site-packages/airflow/example_dags/example_latest_only_with_trigger.py
[2024-07-26T12:57:24.718+0000] {processor.py:830} INFO - Processing file /home/airflow/.local/lib/python3.8/site-packages/airflow/example_dags/example_latest_only_with_trigger.py for tasks to queue
[2024-07-26T12:57:24.720+0000] {logging_mixin.py:188} INFO - [2024-07-26T12:57:24.719+0000] {dagbag.py:538} INFO - Filling up the DagBag from /home/airflow/.local/lib/python3.8/site-packages/airflow/example_dags/example_latest_only_with_trigger.py
[2024-07-26T12:57:24.726+0000] {processor.py:840} INFO - DAG(s) 'latest_only_with_trigger' retrieved from /home/airflow/.local/lib/python3.8/site-packages/airflow/example_dags/example_latest_only_with_trigger.py
[2024-07-26T12:57:24.753+0000] {logging_mixin.py:188} INFO - [2024-07-26T12:57:24.753+0000] {dag.py:3036} INFO - Sync 1 DAGs
[2024-07-26T12:57:24.797+0000] {logging_mixin.py:188} INFO - [2024-07-26T12:57:24.797+0000] {dag.py:3823} INFO - Setting next_dagrun for latest_only_with_trigger to 2024-07-26 08:00:00+00:00, run_after=2024-07-26 12:00:00+00:00
[2024-07-26T12:57:24.842+0000] {processor.py:183} INFO - Processing /home/airflow/.local/lib/python3.8/site-packages/airflow/example_dags/example_latest_only_with_trigger.py took 0.128 seconds
[2024-07-26T12:57:55.179+0000] {processor.py:161} INFO - Started process (PID=1122) to work on /home/airflow/.local/lib/python3.8/site-packages/airflow/example_dags/example_latest_only_with_trigger.py
[2024-07-26T12:57:55.180+0000] {processor.py:830} INFO - Processing file /home/airflow/.local/lib/python3.8/site-packages/airflow/example_dags/example_latest_only_with_trigger.py for tasks to queue
[2024-07-26T12:57:55.182+0000] {logging_mixin.py:188} INFO - [2024-07-26T12:57:55.181+0000] {dagbag.py:538} INFO - Filling up the DagBag from /home/airflow/.local/lib/python3.8/site-packages/airflow/example_dags/example_latest_only_with_trigger.py
[2024-07-26T12:57:55.187+0000] {processor.py:840} INFO - DAG(s) 'latest_only_with_trigger' retrieved from /home/airflow/.local/lib/python3.8/site-packages/airflow/example_dags/example_latest_only_with_trigger.py
[2024-07-26T12:57:55.211+0000] {logging_mixin.py:188} INFO - [2024-07-26T12:57:55.210+0000] {dag.py:3036} INFO - Sync 1 DAGs
[2024-07-26T12:57:55.236+0000] {logging_mixin.py:188} INFO - [2024-07-26T12:57:55.235+0000] {dag.py:3823} INFO - Setting next_dagrun for latest_only_with_trigger to 2024-07-26 08:00:00+00:00, run_after=2024-07-26 12:00:00+00:00
[2024-07-26T12:57:55.257+0000] {processor.py:183} INFO - Processing /home/airflow/.local/lib/python3.8/site-packages/airflow/example_dags/example_latest_only_with_trigger.py took 0.082 seconds
[2024-07-26T12:58:25.565+0000] {processor.py:161} INFO - Started process (PID=1186) to work on /home/airflow/.local/lib/python3.8/site-packages/airflow/example_dags/example_latest_only_with_trigger.py
[2024-07-26T12:58:25.566+0000] {processor.py:830} INFO - Processing file /home/airflow/.local/lib/python3.8/site-packages/airflow/example_dags/example_latest_only_with_trigger.py for tasks to queue
[2024-07-26T12:58:25.568+0000] {logging_mixin.py:188} INFO - [2024-07-26T12:58:25.568+0000] {dagbag.py:538} INFO - Filling up the DagBag from /home/airflow/.local/lib/python3.8/site-packages/airflow/example_dags/example_latest_only_with_trigger.py
[2024-07-26T12:58:25.574+0000] {processor.py:840} INFO - DAG(s) 'latest_only_with_trigger' retrieved from /home/airflow/.local/lib/python3.8/site-packages/airflow/example_dags/example_latest_only_with_trigger.py
[2024-07-26T12:58:25.600+0000] {logging_mixin.py:188} INFO - [2024-07-26T12:58:25.600+0000] {dag.py:3036} INFO - Sync 1 DAGs
[2024-07-26T12:58:25.629+0000] {logging_mixin.py:188} INFO - [2024-07-26T12:58:25.629+0000] {dag.py:3823} INFO - Setting next_dagrun for latest_only_with_trigger to 2024-07-26 08:00:00+00:00, run_after=2024-07-26 12:00:00+00:00
[2024-07-26T12:58:25.652+0000] {processor.py:183} INFO - Processing /home/airflow/.local/lib/python3.8/site-packages/airflow/example_dags/example_latest_only_with_trigger.py took 0.091 seconds
[2024-07-26T12:58:56.737+0000] {processor.py:161} INFO - Started process (PID=1250) to work on /home/airflow/.local/lib/python3.8/site-packages/airflow/example_dags/example_latest_only_with_trigger.py
[2024-07-26T12:58:56.738+0000] {processor.py:830} INFO - Processing file /home/airflow/.local/lib/python3.8/site-packages/airflow/example_dags/example_latest_only_with_trigger.py for tasks to queue
[2024-07-26T12:58:56.741+0000] {logging_mixin.py:188} INFO - [2024-07-26T12:58:56.740+0000] {dagbag.py:538} INFO - Filling up the DagBag from /home/airflow/.local/lib/python3.8/site-packages/airflow/example_dags/example_latest_only_with_trigger.py
[2024-07-26T12:58:56.749+0000] {processor.py:840} INFO - DAG(s) 'latest_only_with_trigger' retrieved from /home/airflow/.local/lib/python3.8/site-packages/airflow/example_dags/example_latest_only_with_trigger.py
[2024-07-26T12:58:56.770+0000] {logging_mixin.py:188} INFO - [2024-07-26T12:58:56.770+0000] {dag.py:3036} INFO - Sync 1 DAGs
[2024-07-26T12:58:56.796+0000] {logging_mixin.py:188} INFO - [2024-07-26T12:58:56.795+0000] {dag.py:3823} INFO - Setting next_dagrun for latest_only_with_trigger to 2024-07-26 08:00:00+00:00, run_after=2024-07-26 12:00:00+00:00
[2024-07-26T12:58:56.817+0000] {processor.py:183} INFO - Processing /home/airflow/.local/lib/python3.8/site-packages/airflow/example_dags/example_latest_only_with_trigger.py took 0.082 seconds
