[2024-07-26T12:15:30.936+0000] {processor.py:161} INFO - Started process (PID=134) to work on /home/airflow/.local/lib/python3.8/site-packages/airflow/example_dags/example_sla_dag.py
[2024-07-26T12:15:30.937+0000] {processor.py:830} INFO - Processing file /home/airflow/.local/lib/python3.8/site-packages/airflow/example_dags/example_sla_dag.py for tasks to queue
[2024-07-26T12:15:30.939+0000] {logging_mixin.py:188} INFO - [2024-07-26T12:15:30.939+0000] {dagbag.py:538} INFO - Filling up the DagBag from /home/airflow/.local/lib/python3.8/site-packages/airflow/example_dags/example_sla_dag.py
[2024-07-26T12:15:30.949+0000] {processor.py:840} INFO - DAG(s) 'example_sla_dag' retrieved from /home/airflow/.local/lib/python3.8/site-packages/airflow/example_dags/example_sla_dag.py
[2024-07-26T12:15:31.082+0000] {logging_mixin.py:188} INFO - [2024-07-26T12:15:31.082+0000] {dag.py:3036} INFO - Sync 1 DAGs
[2024-07-26T12:15:31.114+0000] {logging_mixin.py:188} INFO - [2024-07-26T12:15:31.114+0000] {dag.py:3823} INFO - Setting next_dagrun for example_sla_dag to 2024-07-26 12:12:00+00:00, run_after=2024-07-26 12:14:00+00:00
[2024-07-26T12:15:31.138+0000] {processor.py:183} INFO - Processing /home/airflow/.local/lib/python3.8/site-packages/airflow/example_dags/example_sla_dag.py took 0.205 seconds
[2024-07-26T12:16:01.414+0000] {processor.py:161} INFO - Started process (PID=198) to work on /home/airflow/.local/lib/python3.8/site-packages/airflow/example_dags/example_sla_dag.py
[2024-07-26T12:16:01.415+0000] {processor.py:830} INFO - Processing file /home/airflow/.local/lib/python3.8/site-packages/airflow/example_dags/example_sla_dag.py for tasks to queue
[2024-07-26T12:16:01.417+0000] {logging_mixin.py:188} INFO - [2024-07-26T12:16:01.417+0000] {dagbag.py:538} INFO - Filling up the DagBag from /home/airflow/.local/lib/python3.8/site-packages/airflow/example_dags/example_sla_dag.py
[2024-07-26T12:16:01.426+0000] {processor.py:840} INFO - DAG(s) 'example_sla_dag' retrieved from /home/airflow/.local/lib/python3.8/site-packages/airflow/example_dags/example_sla_dag.py
[2024-07-26T12:16:01.450+0000] {logging_mixin.py:188} INFO - [2024-07-26T12:16:01.449+0000] {dag.py:3036} INFO - Sync 1 DAGs
[2024-07-26T12:16:01.481+0000] {logging_mixin.py:188} INFO - [2024-07-26T12:16:01.481+0000] {dag.py:3823} INFO - Setting next_dagrun for example_sla_dag to 2024-07-26 12:14:00+00:00, run_after=2024-07-26 12:16:00+00:00
[2024-07-26T12:16:01.501+0000] {processor.py:183} INFO - Processing /home/airflow/.local/lib/python3.8/site-packages/airflow/example_dags/example_sla_dag.py took 0.091 seconds
[2024-07-26T12:16:31.618+0000] {processor.py:161} INFO - Started process (PID=262) to work on /home/airflow/.local/lib/python3.8/site-packages/airflow/example_dags/example_sla_dag.py
[2024-07-26T12:16:31.619+0000] {processor.py:830} INFO - Processing file /home/airflow/.local/lib/python3.8/site-packages/airflow/example_dags/example_sla_dag.py for tasks to queue
[2024-07-26T12:16:31.621+0000] {logging_mixin.py:188} INFO - [2024-07-26T12:16:31.621+0000] {dagbag.py:538} INFO - Filling up the DagBag from /home/airflow/.local/lib/python3.8/site-packages/airflow/example_dags/example_sla_dag.py
[2024-07-26T12:16:31.631+0000] {processor.py:840} INFO - DAG(s) 'example_sla_dag' retrieved from /home/airflow/.local/lib/python3.8/site-packages/airflow/example_dags/example_sla_dag.py
[2024-07-26T12:16:31.653+0000] {logging_mixin.py:188} INFO - [2024-07-26T12:16:31.653+0000] {dag.py:3036} INFO - Sync 1 DAGs
[2024-07-26T12:16:31.680+0000] {logging_mixin.py:188} INFO - [2024-07-26T12:16:31.680+0000] {dag.py:3823} INFO - Setting next_dagrun for example_sla_dag to 2024-07-26 12:14:00+00:00, run_after=2024-07-26 12:16:00+00:00
[2024-07-26T12:16:31.704+0000] {processor.py:183} INFO - Processing /home/airflow/.local/lib/python3.8/site-packages/airflow/example_dags/example_sla_dag.py took 0.090 seconds
[2024-07-26T12:17:02.453+0000] {processor.py:161} INFO - Started process (PID=326) to work on /home/airflow/.local/lib/python3.8/site-packages/airflow/example_dags/example_sla_dag.py
[2024-07-26T12:17:02.454+0000] {processor.py:830} INFO - Processing file /home/airflow/.local/lib/python3.8/site-packages/airflow/example_dags/example_sla_dag.py for tasks to queue
[2024-07-26T12:17:02.457+0000] {logging_mixin.py:188} INFO - [2024-07-26T12:17:02.456+0000] {dagbag.py:538} INFO - Filling up the DagBag from /home/airflow/.local/lib/python3.8/site-packages/airflow/example_dags/example_sla_dag.py
[2024-07-26T12:17:02.466+0000] {processor.py:840} INFO - DAG(s) 'example_sla_dag' retrieved from /home/airflow/.local/lib/python3.8/site-packages/airflow/example_dags/example_sla_dag.py
[2024-07-26T12:17:02.487+0000] {logging_mixin.py:188} INFO - [2024-07-26T12:17:02.487+0000] {dag.py:3036} INFO - Sync 1 DAGs
[2024-07-26T12:17:02.515+0000] {logging_mixin.py:188} INFO - [2024-07-26T12:17:02.515+0000] {dag.py:3823} INFO - Setting next_dagrun for example_sla_dag to 2024-07-26 12:14:00+00:00, run_after=2024-07-26 12:16:00+00:00
[2024-07-26T12:17:02.537+0000] {processor.py:183} INFO - Processing /home/airflow/.local/lib/python3.8/site-packages/airflow/example_dags/example_sla_dag.py took 0.086 seconds
[2024-07-26T12:17:32.905+0000] {processor.py:161} INFO - Started process (PID=390) to work on /home/airflow/.local/lib/python3.8/site-packages/airflow/example_dags/example_sla_dag.py
[2024-07-26T12:17:32.907+0000] {processor.py:830} INFO - Processing file /home/airflow/.local/lib/python3.8/site-packages/airflow/example_dags/example_sla_dag.py for tasks to queue
[2024-07-26T12:17:32.910+0000] {logging_mixin.py:188} INFO - [2024-07-26T12:17:32.909+0000] {dagbag.py:538} INFO - Filling up the DagBag from /home/airflow/.local/lib/python3.8/site-packages/airflow/example_dags/example_sla_dag.py
[2024-07-26T12:17:32.919+0000] {processor.py:840} INFO - DAG(s) 'example_sla_dag' retrieved from /home/airflow/.local/lib/python3.8/site-packages/airflow/example_dags/example_sla_dag.py
[2024-07-26T12:17:32.945+0000] {logging_mixin.py:188} INFO - [2024-07-26T12:17:32.944+0000] {dag.py:3036} INFO - Sync 1 DAGs
[2024-07-26T12:17:32.976+0000] {logging_mixin.py:188} INFO - [2024-07-26T12:17:32.976+0000] {dag.py:3823} INFO - Setting next_dagrun for example_sla_dag to 2024-07-26 12:14:00+00:00, run_after=2024-07-26 12:16:00+00:00
[2024-07-26T12:17:32.997+0000] {processor.py:183} INFO - Processing /home/airflow/.local/lib/python3.8/site-packages/airflow/example_dags/example_sla_dag.py took 0.095 seconds
[2024-07-26T12:18:03.988+0000] {processor.py:161} INFO - Started process (PID=454) to work on /home/airflow/.local/lib/python3.8/site-packages/airflow/example_dags/example_sla_dag.py
[2024-07-26T12:18:03.989+0000] {processor.py:830} INFO - Processing file /home/airflow/.local/lib/python3.8/site-packages/airflow/example_dags/example_sla_dag.py for tasks to queue
[2024-07-26T12:18:03.991+0000] {logging_mixin.py:188} INFO - [2024-07-26T12:18:03.991+0000] {dagbag.py:538} INFO - Filling up the DagBag from /home/airflow/.local/lib/python3.8/site-packages/airflow/example_dags/example_sla_dag.py
[2024-07-26T12:18:04.002+0000] {processor.py:840} INFO - DAG(s) 'example_sla_dag' retrieved from /home/airflow/.local/lib/python3.8/site-packages/airflow/example_dags/example_sla_dag.py
[2024-07-26T12:18:04.025+0000] {logging_mixin.py:188} INFO - [2024-07-26T12:18:04.024+0000] {dag.py:3036} INFO - Sync 1 DAGs
[2024-07-26T12:18:04.055+0000] {logging_mixin.py:188} INFO - [2024-07-26T12:18:04.055+0000] {dag.py:3823} INFO - Setting next_dagrun for example_sla_dag to 2024-07-26 12:16:00+00:00, run_after=2024-07-26 12:18:00+00:00
[2024-07-26T12:18:04.075+0000] {processor.py:183} INFO - Processing /home/airflow/.local/lib/python3.8/site-packages/airflow/example_dags/example_sla_dag.py took 0.091 seconds
[2024-07-26T12:18:35.202+0000] {processor.py:161} INFO - Started process (PID=518) to work on /home/airflow/.local/lib/python3.8/site-packages/airflow/example_dags/example_sla_dag.py
[2024-07-26T12:18:35.204+0000] {processor.py:830} INFO - Processing file /home/airflow/.local/lib/python3.8/site-packages/airflow/example_dags/example_sla_dag.py for tasks to queue
[2024-07-26T12:18:35.206+0000] {logging_mixin.py:188} INFO - [2024-07-26T12:18:35.206+0000] {dagbag.py:538} INFO - Filling up the DagBag from /home/airflow/.local/lib/python3.8/site-packages/airflow/example_dags/example_sla_dag.py
[2024-07-26T12:18:35.216+0000] {processor.py:840} INFO - DAG(s) 'example_sla_dag' retrieved from /home/airflow/.local/lib/python3.8/site-packages/airflow/example_dags/example_sla_dag.py
[2024-07-26T12:18:35.239+0000] {logging_mixin.py:188} INFO - [2024-07-26T12:18:35.238+0000] {dag.py:3036} INFO - Sync 1 DAGs
[2024-07-26T12:18:35.274+0000] {logging_mixin.py:188} INFO - [2024-07-26T12:18:35.274+0000] {dag.py:3823} INFO - Setting next_dagrun for example_sla_dag to 2024-07-26 12:16:00+00:00, run_after=2024-07-26 12:18:00+00:00
[2024-07-26T12:18:35.294+0000] {processor.py:183} INFO - Processing /home/airflow/.local/lib/python3.8/site-packages/airflow/example_dags/example_sla_dag.py took 0.095 seconds
[2024-07-26T12:19:06.024+0000] {processor.py:161} INFO - Started process (PID=582) to work on /home/airflow/.local/lib/python3.8/site-packages/airflow/example_dags/example_sla_dag.py
[2024-07-26T12:19:06.026+0000] {processor.py:830} INFO - Processing file /home/airflow/.local/lib/python3.8/site-packages/airflow/example_dags/example_sla_dag.py for tasks to queue
[2024-07-26T12:19:06.028+0000] {logging_mixin.py:188} INFO - [2024-07-26T12:19:06.028+0000] {dagbag.py:538} INFO - Filling up the DagBag from /home/airflow/.local/lib/python3.8/site-packages/airflow/example_dags/example_sla_dag.py
[2024-07-26T12:19:06.037+0000] {processor.py:840} INFO - DAG(s) 'example_sla_dag' retrieved from /home/airflow/.local/lib/python3.8/site-packages/airflow/example_dags/example_sla_dag.py
[2024-07-26T12:19:06.060+0000] {logging_mixin.py:188} INFO - [2024-07-26T12:19:06.060+0000] {dag.py:3036} INFO - Sync 1 DAGs
[2024-07-26T12:19:06.093+0000] {logging_mixin.py:188} INFO - [2024-07-26T12:19:06.093+0000] {dag.py:3823} INFO - Setting next_dagrun for example_sla_dag to 2024-07-26 12:16:00+00:00, run_after=2024-07-26 12:18:00+00:00
[2024-07-26T12:19:06.115+0000] {processor.py:183} INFO - Processing /home/airflow/.local/lib/python3.8/site-packages/airflow/example_dags/example_sla_dag.py took 0.094 seconds
[2024-07-26T12:19:36.368+0000] {processor.py:161} INFO - Started process (PID=638) to work on /home/airflow/.local/lib/python3.8/site-packages/airflow/example_dags/example_sla_dag.py
[2024-07-26T12:19:36.369+0000] {processor.py:830} INFO - Processing file /home/airflow/.local/lib/python3.8/site-packages/airflow/example_dags/example_sla_dag.py for tasks to queue
[2024-07-26T12:19:36.370+0000] {logging_mixin.py:188} INFO - [2024-07-26T12:19:36.370+0000] {dagbag.py:538} INFO - Filling up the DagBag from /home/airflow/.local/lib/python3.8/site-packages/airflow/example_dags/example_sla_dag.py
[2024-07-26T12:19:36.382+0000] {processor.py:840} INFO - DAG(s) 'example_sla_dag' retrieved from /home/airflow/.local/lib/python3.8/site-packages/airflow/example_dags/example_sla_dag.py
[2024-07-26T12:19:36.407+0000] {logging_mixin.py:188} INFO - [2024-07-26T12:19:36.407+0000] {dag.py:3036} INFO - Sync 1 DAGs
[2024-07-26T12:19:36.448+0000] {logging_mixin.py:188} INFO - [2024-07-26T12:19:36.448+0000] {dag.py:3823} INFO - Setting next_dagrun for example_sla_dag to 2024-07-26 12:16:00+00:00, run_after=2024-07-26 12:18:00+00:00
[2024-07-26T12:19:36.474+0000] {processor.py:183} INFO - Processing /home/airflow/.local/lib/python3.8/site-packages/airflow/example_dags/example_sla_dag.py took 0.109 seconds
[2024-07-26T12:28:21.464+0000] {processor.py:161} INFO - Started process (PID=136) to work on /home/airflow/.local/lib/python3.8/site-packages/airflow/example_dags/example_sla_dag.py
[2024-07-26T12:28:21.466+0000] {processor.py:830} INFO - Processing file /home/airflow/.local/lib/python3.8/site-packages/airflow/example_dags/example_sla_dag.py for tasks to queue
[2024-07-26T12:28:21.468+0000] {logging_mixin.py:188} INFO - [2024-07-26T12:28:21.468+0000] {dagbag.py:538} INFO - Filling up the DagBag from /home/airflow/.local/lib/python3.8/site-packages/airflow/example_dags/example_sla_dag.py
[2024-07-26T12:28:21.481+0000] {processor.py:840} INFO - DAG(s) 'example_sla_dag' retrieved from /home/airflow/.local/lib/python3.8/site-packages/airflow/example_dags/example_sla_dag.py
[2024-07-26T12:28:21.609+0000] {logging_mixin.py:188} INFO - [2024-07-26T12:28:21.609+0000] {dag.py:3036} INFO - Sync 1 DAGs
[2024-07-26T12:28:21.638+0000] {logging_mixin.py:188} INFO - [2024-07-26T12:28:21.637+0000] {dag.py:3823} INFO - Setting next_dagrun for example_sla_dag to 2024-07-26 12:26:00+00:00, run_after=2024-07-26 12:28:00+00:00
[2024-07-26T12:28:21.661+0000] {processor.py:183} INFO - Processing /home/airflow/.local/lib/python3.8/site-packages/airflow/example_dags/example_sla_dag.py took 0.201 seconds
[2024-07-26T12:28:51.705+0000] {processor.py:161} INFO - Started process (PID=199) to work on /home/airflow/.local/lib/python3.8/site-packages/airflow/example_dags/example_sla_dag.py
[2024-07-26T12:28:51.706+0000] {processor.py:830} INFO - Processing file /home/airflow/.local/lib/python3.8/site-packages/airflow/example_dags/example_sla_dag.py for tasks to queue
[2024-07-26T12:28:51.709+0000] {logging_mixin.py:188} INFO - [2024-07-26T12:28:51.708+0000] {dagbag.py:538} INFO - Filling up the DagBag from /home/airflow/.local/lib/python3.8/site-packages/airflow/example_dags/example_sla_dag.py
[2024-07-26T12:28:51.719+0000] {processor.py:840} INFO - DAG(s) 'example_sla_dag' retrieved from /home/airflow/.local/lib/python3.8/site-packages/airflow/example_dags/example_sla_dag.py
[2024-07-26T12:28:51.744+0000] {logging_mixin.py:188} INFO - [2024-07-26T12:28:51.743+0000] {dag.py:3036} INFO - Sync 1 DAGs
[2024-07-26T12:28:51.780+0000] {logging_mixin.py:188} INFO - [2024-07-26T12:28:51.780+0000] {dag.py:3823} INFO - Setting next_dagrun for example_sla_dag to 2024-07-26 12:26:00+00:00, run_after=2024-07-26 12:28:00+00:00
[2024-07-26T12:28:51.803+0000] {processor.py:183} INFO - Processing /home/airflow/.local/lib/python3.8/site-packages/airflow/example_dags/example_sla_dag.py took 0.101 seconds
[2024-07-26T12:29:22.806+0000] {processor.py:161} INFO - Started process (PID=263) to work on /home/airflow/.local/lib/python3.8/site-packages/airflow/example_dags/example_sla_dag.py
[2024-07-26T12:29:22.808+0000] {processor.py:830} INFO - Processing file /home/airflow/.local/lib/python3.8/site-packages/airflow/example_dags/example_sla_dag.py for tasks to queue
[2024-07-26T12:29:22.810+0000] {logging_mixin.py:188} INFO - [2024-07-26T12:29:22.810+0000] {dagbag.py:538} INFO - Filling up the DagBag from /home/airflow/.local/lib/python3.8/site-packages/airflow/example_dags/example_sla_dag.py
[2024-07-26T12:29:22.821+0000] {processor.py:840} INFO - DAG(s) 'example_sla_dag' retrieved from /home/airflow/.local/lib/python3.8/site-packages/airflow/example_dags/example_sla_dag.py
[2024-07-26T12:29:22.843+0000] {logging_mixin.py:188} INFO - [2024-07-26T12:29:22.842+0000] {dag.py:3036} INFO - Sync 1 DAGs
[2024-07-26T12:29:22.873+0000] {logging_mixin.py:188} INFO - [2024-07-26T12:29:22.873+0000] {dag.py:3823} INFO - Setting next_dagrun for example_sla_dag to 2024-07-26 12:26:00+00:00, run_after=2024-07-26 12:28:00+00:00
[2024-07-26T12:29:22.902+0000] {processor.py:183} INFO - Processing /home/airflow/.local/lib/python3.8/site-packages/airflow/example_dags/example_sla_dag.py took 0.099 seconds
[2024-07-26T12:29:53.355+0000] {processor.py:161} INFO - Started process (PID=327) to work on /home/airflow/.local/lib/python3.8/site-packages/airflow/example_dags/example_sla_dag.py
[2024-07-26T12:29:53.357+0000] {processor.py:830} INFO - Processing file /home/airflow/.local/lib/python3.8/site-packages/airflow/example_dags/example_sla_dag.py for tasks to queue
[2024-07-26T12:29:53.358+0000] {logging_mixin.py:188} INFO - [2024-07-26T12:29:53.358+0000] {dagbag.py:538} INFO - Filling up the DagBag from /home/airflow/.local/lib/python3.8/site-packages/airflow/example_dags/example_sla_dag.py
[2024-07-26T12:29:53.368+0000] {processor.py:840} INFO - DAG(s) 'example_sla_dag' retrieved from /home/airflow/.local/lib/python3.8/site-packages/airflow/example_dags/example_sla_dag.py
[2024-07-26T12:29:53.387+0000] {logging_mixin.py:188} INFO - [2024-07-26T12:29:53.387+0000] {dag.py:3036} INFO - Sync 1 DAGs
[2024-07-26T12:29:53.415+0000] {logging_mixin.py:188} INFO - [2024-07-26T12:29:53.415+0000] {dag.py:3823} INFO - Setting next_dagrun for example_sla_dag to 2024-07-26 12:26:00+00:00, run_after=2024-07-26 12:28:00+00:00
[2024-07-26T12:29:53.435+0000] {processor.py:183} INFO - Processing /home/airflow/.local/lib/python3.8/site-packages/airflow/example_dags/example_sla_dag.py took 0.084 seconds
[2024-07-26T12:30:24.080+0000] {processor.py:161} INFO - Started process (PID=391) to work on /home/airflow/.local/lib/python3.8/site-packages/airflow/example_dags/example_sla_dag.py
[2024-07-26T12:30:24.081+0000] {processor.py:830} INFO - Processing file /home/airflow/.local/lib/python3.8/site-packages/airflow/example_dags/example_sla_dag.py for tasks to queue
[2024-07-26T12:30:24.083+0000] {logging_mixin.py:188} INFO - [2024-07-26T12:30:24.083+0000] {dagbag.py:538} INFO - Filling up the DagBag from /home/airflow/.local/lib/python3.8/site-packages/airflow/example_dags/example_sla_dag.py
[2024-07-26T12:30:24.094+0000] {processor.py:840} INFO - DAG(s) 'example_sla_dag' retrieved from /home/airflow/.local/lib/python3.8/site-packages/airflow/example_dags/example_sla_dag.py
[2024-07-26T12:30:24.117+0000] {logging_mixin.py:188} INFO - [2024-07-26T12:30:24.116+0000] {dag.py:3036} INFO - Sync 1 DAGs
[2024-07-26T12:30:24.148+0000] {logging_mixin.py:188} INFO - [2024-07-26T12:30:24.148+0000] {dag.py:3823} INFO - Setting next_dagrun for example_sla_dag to 2024-07-26 12:28:00+00:00, run_after=2024-07-26 12:30:00+00:00
[2024-07-26T12:30:24.171+0000] {processor.py:183} INFO - Processing /home/airflow/.local/lib/python3.8/site-packages/airflow/example_dags/example_sla_dag.py took 0.095 seconds
[2024-07-26T12:30:55.129+0000] {processor.py:161} INFO - Started process (PID=455) to work on /home/airflow/.local/lib/python3.8/site-packages/airflow/example_dags/example_sla_dag.py
[2024-07-26T12:30:55.130+0000] {processor.py:830} INFO - Processing file /home/airflow/.local/lib/python3.8/site-packages/airflow/example_dags/example_sla_dag.py for tasks to queue
[2024-07-26T12:30:55.132+0000] {logging_mixin.py:188} INFO - [2024-07-26T12:30:55.132+0000] {dagbag.py:538} INFO - Filling up the DagBag from /home/airflow/.local/lib/python3.8/site-packages/airflow/example_dags/example_sla_dag.py
[2024-07-26T12:30:55.142+0000] {processor.py:840} INFO - DAG(s) 'example_sla_dag' retrieved from /home/airflow/.local/lib/python3.8/site-packages/airflow/example_dags/example_sla_dag.py
[2024-07-26T12:30:55.163+0000] {logging_mixin.py:188} INFO - [2024-07-26T12:30:55.162+0000] {dag.py:3036} INFO - Sync 1 DAGs
[2024-07-26T12:30:55.195+0000] {logging_mixin.py:188} INFO - [2024-07-26T12:30:55.195+0000] {dag.py:3823} INFO - Setting next_dagrun for example_sla_dag to 2024-07-26 12:28:00+00:00, run_after=2024-07-26 12:30:00+00:00
[2024-07-26T12:30:55.212+0000] {processor.py:183} INFO - Processing /home/airflow/.local/lib/python3.8/site-packages/airflow/example_dags/example_sla_dag.py took 0.087 seconds
[2024-07-26T12:31:26.159+0000] {processor.py:161} INFO - Started process (PID=519) to work on /home/airflow/.local/lib/python3.8/site-packages/airflow/example_dags/example_sla_dag.py
[2024-07-26T12:31:26.160+0000] {processor.py:830} INFO - Processing file /home/airflow/.local/lib/python3.8/site-packages/airflow/example_dags/example_sla_dag.py for tasks to queue
[2024-07-26T12:31:26.162+0000] {logging_mixin.py:188} INFO - [2024-07-26T12:31:26.162+0000] {dagbag.py:538} INFO - Filling up the DagBag from /home/airflow/.local/lib/python3.8/site-packages/airflow/example_dags/example_sla_dag.py
[2024-07-26T12:31:26.171+0000] {processor.py:840} INFO - DAG(s) 'example_sla_dag' retrieved from /home/airflow/.local/lib/python3.8/site-packages/airflow/example_dags/example_sla_dag.py
[2024-07-26T12:31:26.191+0000] {logging_mixin.py:188} INFO - [2024-07-26T12:31:26.191+0000] {dag.py:3036} INFO - Sync 1 DAGs
[2024-07-26T12:31:26.218+0000] {logging_mixin.py:188} INFO - [2024-07-26T12:31:26.218+0000] {dag.py:3823} INFO - Setting next_dagrun for example_sla_dag to 2024-07-26 12:28:00+00:00, run_after=2024-07-26 12:30:00+00:00
[2024-07-26T12:31:26.238+0000] {processor.py:183} INFO - Processing /home/airflow/.local/lib/python3.8/site-packages/airflow/example_dags/example_sla_dag.py took 0.082 seconds
[2024-07-26T12:31:56.864+0000] {processor.py:161} INFO - Started process (PID=575) to work on /home/airflow/.local/lib/python3.8/site-packages/airflow/example_dags/example_sla_dag.py
[2024-07-26T12:31:56.865+0000] {processor.py:830} INFO - Processing file /home/airflow/.local/lib/python3.8/site-packages/airflow/example_dags/example_sla_dag.py for tasks to queue
[2024-07-26T12:31:56.867+0000] {logging_mixin.py:188} INFO - [2024-07-26T12:31:56.867+0000] {dagbag.py:538} INFO - Filling up the DagBag from /home/airflow/.local/lib/python3.8/site-packages/airflow/example_dags/example_sla_dag.py
[2024-07-26T12:31:56.877+0000] {processor.py:840} INFO - DAG(s) 'example_sla_dag' retrieved from /home/airflow/.local/lib/python3.8/site-packages/airflow/example_dags/example_sla_dag.py
[2024-07-26T12:31:56.899+0000] {logging_mixin.py:188} INFO - [2024-07-26T12:31:56.898+0000] {dag.py:3036} INFO - Sync 1 DAGs
[2024-07-26T12:31:56.931+0000] {logging_mixin.py:188} INFO - [2024-07-26T12:31:56.931+0000] {dag.py:3823} INFO - Setting next_dagrun for example_sla_dag to 2024-07-26 12:28:00+00:00, run_after=2024-07-26 12:30:00+00:00
[2024-07-26T12:31:56.952+0000] {processor.py:183} INFO - Processing /home/airflow/.local/lib/python3.8/site-packages/airflow/example_dags/example_sla_dag.py took 0.091 seconds
[2024-07-26T12:32:27.454+0000] {processor.py:161} INFO - Started process (PID=638) to work on /home/airflow/.local/lib/python3.8/site-packages/airflow/example_dags/example_sla_dag.py
[2024-07-26T12:32:27.455+0000] {processor.py:830} INFO - Processing file /home/airflow/.local/lib/python3.8/site-packages/airflow/example_dags/example_sla_dag.py for tasks to queue
[2024-07-26T12:32:27.457+0000] {logging_mixin.py:188} INFO - [2024-07-26T12:32:27.457+0000] {dagbag.py:538} INFO - Filling up the DagBag from /home/airflow/.local/lib/python3.8/site-packages/airflow/example_dags/example_sla_dag.py
[2024-07-26T12:32:27.467+0000] {processor.py:840} INFO - DAG(s) 'example_sla_dag' retrieved from /home/airflow/.local/lib/python3.8/site-packages/airflow/example_dags/example_sla_dag.py
[2024-07-26T12:32:27.490+0000] {logging_mixin.py:188} INFO - [2024-07-26T12:32:27.490+0000] {dag.py:3036} INFO - Sync 1 DAGs
[2024-07-26T12:32:27.521+0000] {logging_mixin.py:188} INFO - [2024-07-26T12:32:27.521+0000] {dag.py:3823} INFO - Setting next_dagrun for example_sla_dag to 2024-07-26 12:30:00+00:00, run_after=2024-07-26 12:32:00+00:00
[2024-07-26T12:32:27.549+0000] {processor.py:183} INFO - Processing /home/airflow/.local/lib/python3.8/site-packages/airflow/example_dags/example_sla_dag.py took 0.099 seconds
[2024-07-26T12:32:58.543+0000] {processor.py:161} INFO - Started process (PID=702) to work on /home/airflow/.local/lib/python3.8/site-packages/airflow/example_dags/example_sla_dag.py
[2024-07-26T12:32:58.544+0000] {processor.py:830} INFO - Processing file /home/airflow/.local/lib/python3.8/site-packages/airflow/example_dags/example_sla_dag.py for tasks to queue
[2024-07-26T12:32:58.546+0000] {logging_mixin.py:188} INFO - [2024-07-26T12:32:58.546+0000] {dagbag.py:538} INFO - Filling up the DagBag from /home/airflow/.local/lib/python3.8/site-packages/airflow/example_dags/example_sla_dag.py
[2024-07-26T12:32:58.557+0000] {processor.py:840} INFO - DAG(s) 'example_sla_dag' retrieved from /home/airflow/.local/lib/python3.8/site-packages/airflow/example_dags/example_sla_dag.py
[2024-07-26T12:32:58.581+0000] {logging_mixin.py:188} INFO - [2024-07-26T12:32:58.581+0000] {dag.py:3036} INFO - Sync 1 DAGs
[2024-07-26T12:32:58.616+0000] {logging_mixin.py:188} INFO - [2024-07-26T12:32:58.616+0000] {dag.py:3823} INFO - Setting next_dagrun for example_sla_dag to 2024-07-26 12:30:00+00:00, run_after=2024-07-26 12:32:00+00:00
[2024-07-26T12:32:58.642+0000] {processor.py:183} INFO - Processing /home/airflow/.local/lib/python3.8/site-packages/airflow/example_dags/example_sla_dag.py took 0.103 seconds
[2024-07-26T12:33:29.004+0000] {processor.py:161} INFO - Started process (PID=767) to work on /home/airflow/.local/lib/python3.8/site-packages/airflow/example_dags/example_sla_dag.py
[2024-07-26T12:33:29.005+0000] {processor.py:830} INFO - Processing file /home/airflow/.local/lib/python3.8/site-packages/airflow/example_dags/example_sla_dag.py for tasks to queue
[2024-07-26T12:33:29.007+0000] {logging_mixin.py:188} INFO - [2024-07-26T12:33:29.007+0000] {dagbag.py:538} INFO - Filling up the DagBag from /home/airflow/.local/lib/python3.8/site-packages/airflow/example_dags/example_sla_dag.py
[2024-07-26T12:33:29.016+0000] {processor.py:840} INFO - DAG(s) 'example_sla_dag' retrieved from /home/airflow/.local/lib/python3.8/site-packages/airflow/example_dags/example_sla_dag.py
[2024-07-26T12:33:29.035+0000] {logging_mixin.py:188} INFO - [2024-07-26T12:33:29.035+0000] {dag.py:3036} INFO - Sync 1 DAGs
[2024-07-26T12:33:29.062+0000] {logging_mixin.py:188} INFO - [2024-07-26T12:33:29.061+0000] {dag.py:3823} INFO - Setting next_dagrun for example_sla_dag to 2024-07-26 12:30:00+00:00, run_after=2024-07-26 12:32:00+00:00
[2024-07-26T12:33:29.082+0000] {processor.py:183} INFO - Processing /home/airflow/.local/lib/python3.8/site-packages/airflow/example_dags/example_sla_dag.py took 0.081 seconds
[2024-07-26T12:33:59.498+0000] {processor.py:161} INFO - Started process (PID=831) to work on /home/airflow/.local/lib/python3.8/site-packages/airflow/example_dags/example_sla_dag.py
[2024-07-26T12:33:59.499+0000] {processor.py:830} INFO - Processing file /home/airflow/.local/lib/python3.8/site-packages/airflow/example_dags/example_sla_dag.py for tasks to queue
[2024-07-26T12:33:59.501+0000] {logging_mixin.py:188} INFO - [2024-07-26T12:33:59.501+0000] {dagbag.py:538} INFO - Filling up the DagBag from /home/airflow/.local/lib/python3.8/site-packages/airflow/example_dags/example_sla_dag.py
[2024-07-26T12:33:59.512+0000] {processor.py:840} INFO - DAG(s) 'example_sla_dag' retrieved from /home/airflow/.local/lib/python3.8/site-packages/airflow/example_dags/example_sla_dag.py
[2024-07-26T12:33:59.540+0000] {logging_mixin.py:188} INFO - [2024-07-26T12:33:59.539+0000] {dag.py:3036} INFO - Sync 1 DAGs
[2024-07-26T12:33:59.574+0000] {logging_mixin.py:188} INFO - [2024-07-26T12:33:59.574+0000] {dag.py:3823} INFO - Setting next_dagrun for example_sla_dag to 2024-07-26 12:30:00+00:00, run_after=2024-07-26 12:32:00+00:00
[2024-07-26T12:33:59.598+0000] {processor.py:183} INFO - Processing /home/airflow/.local/lib/python3.8/site-packages/airflow/example_dags/example_sla_dag.py took 0.103 seconds
[2024-07-26T12:34:29.739+0000] {processor.py:161} INFO - Started process (PID=895) to work on /home/airflow/.local/lib/python3.8/site-packages/airflow/example_dags/example_sla_dag.py
[2024-07-26T12:34:29.740+0000] {processor.py:830} INFO - Processing file /home/airflow/.local/lib/python3.8/site-packages/airflow/example_dags/example_sla_dag.py for tasks to queue
[2024-07-26T12:34:29.742+0000] {logging_mixin.py:188} INFO - [2024-07-26T12:34:29.741+0000] {dagbag.py:538} INFO - Filling up the DagBag from /home/airflow/.local/lib/python3.8/site-packages/airflow/example_dags/example_sla_dag.py
[2024-07-26T12:34:29.750+0000] {processor.py:840} INFO - DAG(s) 'example_sla_dag' retrieved from /home/airflow/.local/lib/python3.8/site-packages/airflow/example_dags/example_sla_dag.py
[2024-07-26T12:34:29.772+0000] {logging_mixin.py:188} INFO - [2024-07-26T12:34:29.771+0000] {dag.py:3036} INFO - Sync 1 DAGs
[2024-07-26T12:34:29.803+0000] {logging_mixin.py:188} INFO - [2024-07-26T12:34:29.802+0000] {dag.py:3823} INFO - Setting next_dagrun for example_sla_dag to 2024-07-26 12:32:00+00:00, run_after=2024-07-26 12:34:00+00:00
[2024-07-26T12:34:29.824+0000] {processor.py:183} INFO - Processing /home/airflow/.local/lib/python3.8/site-packages/airflow/example_dags/example_sla_dag.py took 0.089 seconds
[2024-07-26T12:35:00.472+0000] {processor.py:161} INFO - Started process (PID=959) to work on /home/airflow/.local/lib/python3.8/site-packages/airflow/example_dags/example_sla_dag.py
[2024-07-26T12:35:00.473+0000] {processor.py:830} INFO - Processing file /home/airflow/.local/lib/python3.8/site-packages/airflow/example_dags/example_sla_dag.py for tasks to queue
[2024-07-26T12:35:00.475+0000] {logging_mixin.py:188} INFO - [2024-07-26T12:35:00.475+0000] {dagbag.py:538} INFO - Filling up the DagBag from /home/airflow/.local/lib/python3.8/site-packages/airflow/example_dags/example_sla_dag.py
[2024-07-26T12:35:00.490+0000] {processor.py:840} INFO - DAG(s) 'example_sla_dag' retrieved from /home/airflow/.local/lib/python3.8/site-packages/airflow/example_dags/example_sla_dag.py
[2024-07-26T12:35:00.513+0000] {logging_mixin.py:188} INFO - [2024-07-26T12:35:00.512+0000] {dag.py:3036} INFO - Sync 1 DAGs
[2024-07-26T12:35:00.545+0000] {logging_mixin.py:188} INFO - [2024-07-26T12:35:00.545+0000] {dag.py:3823} INFO - Setting next_dagrun for example_sla_dag to 2024-07-26 12:32:00+00:00, run_after=2024-07-26 12:34:00+00:00
[2024-07-26T12:35:00.563+0000] {processor.py:183} INFO - Processing /home/airflow/.local/lib/python3.8/site-packages/airflow/example_dags/example_sla_dag.py took 0.095 seconds
[2024-07-26T12:35:31.199+0000] {processor.py:161} INFO - Started process (PID=1023) to work on /home/airflow/.local/lib/python3.8/site-packages/airflow/example_dags/example_sla_dag.py
[2024-07-26T12:35:31.200+0000] {processor.py:830} INFO - Processing file /home/airflow/.local/lib/python3.8/site-packages/airflow/example_dags/example_sla_dag.py for tasks to queue
[2024-07-26T12:35:31.203+0000] {logging_mixin.py:188} INFO - [2024-07-26T12:35:31.202+0000] {dagbag.py:538} INFO - Filling up the DagBag from /home/airflow/.local/lib/python3.8/site-packages/airflow/example_dags/example_sla_dag.py
[2024-07-26T12:35:31.211+0000] {processor.py:840} INFO - DAG(s) 'example_sla_dag' retrieved from /home/airflow/.local/lib/python3.8/site-packages/airflow/example_dags/example_sla_dag.py
[2024-07-26T12:35:31.233+0000] {logging_mixin.py:188} INFO - [2024-07-26T12:35:31.233+0000] {dag.py:3036} INFO - Sync 1 DAGs
[2024-07-26T12:35:31.262+0000] {logging_mixin.py:188} INFO - [2024-07-26T12:35:31.262+0000] {dag.py:3823} INFO - Setting next_dagrun for example_sla_dag to 2024-07-26 12:32:00+00:00, run_after=2024-07-26 12:34:00+00:00
[2024-07-26T12:35:31.282+0000] {processor.py:183} INFO - Processing /home/airflow/.local/lib/python3.8/site-packages/airflow/example_dags/example_sla_dag.py took 0.086 seconds
[2024-07-26T12:36:01.552+0000] {processor.py:161} INFO - Started process (PID=1087) to work on /home/airflow/.local/lib/python3.8/site-packages/airflow/example_dags/example_sla_dag.py
[2024-07-26T12:36:01.553+0000] {processor.py:830} INFO - Processing file /home/airflow/.local/lib/python3.8/site-packages/airflow/example_dags/example_sla_dag.py for tasks to queue
[2024-07-26T12:36:01.556+0000] {logging_mixin.py:188} INFO - [2024-07-26T12:36:01.555+0000] {dagbag.py:538} INFO - Filling up the DagBag from /home/airflow/.local/lib/python3.8/site-packages/airflow/example_dags/example_sla_dag.py
[2024-07-26T12:36:01.566+0000] {processor.py:840} INFO - DAG(s) 'example_sla_dag' retrieved from /home/airflow/.local/lib/python3.8/site-packages/airflow/example_dags/example_sla_dag.py
[2024-07-26T12:36:01.591+0000] {logging_mixin.py:188} INFO - [2024-07-26T12:36:01.591+0000] {dag.py:3036} INFO - Sync 1 DAGs
[2024-07-26T12:36:01.627+0000] {logging_mixin.py:188} INFO - [2024-07-26T12:36:01.627+0000] {dag.py:3823} INFO - Setting next_dagrun for example_sla_dag to 2024-07-26 12:34:00+00:00, run_after=2024-07-26 12:36:00+00:00
[2024-07-26T12:36:01.650+0000] {processor.py:183} INFO - Processing /home/airflow/.local/lib/python3.8/site-packages/airflow/example_dags/example_sla_dag.py took 0.102 seconds
[2024-07-26T12:36:31.876+0000] {processor.py:161} INFO - Started process (PID=1151) to work on /home/airflow/.local/lib/python3.8/site-packages/airflow/example_dags/example_sla_dag.py
[2024-07-26T12:36:31.878+0000] {processor.py:830} INFO - Processing file /home/airflow/.local/lib/python3.8/site-packages/airflow/example_dags/example_sla_dag.py for tasks to queue
[2024-07-26T12:36:31.880+0000] {logging_mixin.py:188} INFO - [2024-07-26T12:36:31.880+0000] {dagbag.py:538} INFO - Filling up the DagBag from /home/airflow/.local/lib/python3.8/site-packages/airflow/example_dags/example_sla_dag.py
[2024-07-26T12:36:31.890+0000] {processor.py:840} INFO - DAG(s) 'example_sla_dag' retrieved from /home/airflow/.local/lib/python3.8/site-packages/airflow/example_dags/example_sla_dag.py
[2024-07-26T12:36:31.912+0000] {logging_mixin.py:188} INFO - [2024-07-26T12:36:31.912+0000] {dag.py:3036} INFO - Sync 1 DAGs
[2024-07-26T12:36:31.944+0000] {logging_mixin.py:188} INFO - [2024-07-26T12:36:31.944+0000] {dag.py:3823} INFO - Setting next_dagrun for example_sla_dag to 2024-07-26 12:34:00+00:00, run_after=2024-07-26 12:36:00+00:00
[2024-07-26T12:36:31.967+0000] {processor.py:183} INFO - Processing /home/airflow/.local/lib/python3.8/site-packages/airflow/example_dags/example_sla_dag.py took 0.093 seconds
[2024-07-26T12:37:02.366+0000] {processor.py:161} INFO - Started process (PID=1215) to work on /home/airflow/.local/lib/python3.8/site-packages/airflow/example_dags/example_sla_dag.py
[2024-07-26T12:37:02.367+0000] {processor.py:830} INFO - Processing file /home/airflow/.local/lib/python3.8/site-packages/airflow/example_dags/example_sla_dag.py for tasks to queue
[2024-07-26T12:37:02.370+0000] {logging_mixin.py:188} INFO - [2024-07-26T12:37:02.370+0000] {dagbag.py:538} INFO - Filling up the DagBag from /home/airflow/.local/lib/python3.8/site-packages/airflow/example_dags/example_sla_dag.py
[2024-07-26T12:37:02.380+0000] {processor.py:840} INFO - DAG(s) 'example_sla_dag' retrieved from /home/airflow/.local/lib/python3.8/site-packages/airflow/example_dags/example_sla_dag.py
[2024-07-26T12:37:02.401+0000] {logging_mixin.py:188} INFO - [2024-07-26T12:37:02.401+0000] {dag.py:3036} INFO - Sync 1 DAGs
[2024-07-26T12:37:02.436+0000] {logging_mixin.py:188} INFO - [2024-07-26T12:37:02.436+0000] {dag.py:3823} INFO - Setting next_dagrun for example_sla_dag to 2024-07-26 12:34:00+00:00, run_after=2024-07-26 12:36:00+00:00
[2024-07-26T12:37:02.457+0000] {processor.py:183} INFO - Processing /home/airflow/.local/lib/python3.8/site-packages/airflow/example_dags/example_sla_dag.py took 0.094 seconds
[2024-07-26T12:37:33.311+0000] {processor.py:161} INFO - Started process (PID=1279) to work on /home/airflow/.local/lib/python3.8/site-packages/airflow/example_dags/example_sla_dag.py
[2024-07-26T12:37:33.313+0000] {processor.py:830} INFO - Processing file /home/airflow/.local/lib/python3.8/site-packages/airflow/example_dags/example_sla_dag.py for tasks to queue
[2024-07-26T12:37:33.317+0000] {logging_mixin.py:188} INFO - [2024-07-26T12:37:33.316+0000] {dagbag.py:538} INFO - Filling up the DagBag from /home/airflow/.local/lib/python3.8/site-packages/airflow/example_dags/example_sla_dag.py
[2024-07-26T12:37:33.333+0000] {processor.py:840} INFO - DAG(s) 'example_sla_dag' retrieved from /home/airflow/.local/lib/python3.8/site-packages/airflow/example_dags/example_sla_dag.py
[2024-07-26T12:37:34.039+0000] {logging_mixin.py:188} INFO - [2024-07-26T12:37:34.038+0000] {process_utils.py:262} INFO - Waiting up to 5 seconds for processes to exit...
[2024-07-26T12:38:54.049+0000] {processor.py:161} INFO - Started process (PID=124) to work on /home/airflow/.local/lib/python3.8/site-packages/airflow/example_dags/example_sla_dag.py
[2024-07-26T12:38:54.050+0000] {processor.py:830} INFO - Processing file /home/airflow/.local/lib/python3.8/site-packages/airflow/example_dags/example_sla_dag.py for tasks to queue
[2024-07-26T12:38:54.052+0000] {logging_mixin.py:188} INFO - [2024-07-26T12:38:54.052+0000] {dagbag.py:538} INFO - Filling up the DagBag from /home/airflow/.local/lib/python3.8/site-packages/airflow/example_dags/example_sla_dag.py
[2024-07-26T12:38:54.067+0000] {processor.py:840} INFO - DAG(s) 'example_sla_dag' retrieved from /home/airflow/.local/lib/python3.8/site-packages/airflow/example_dags/example_sla_dag.py
[2024-07-26T12:38:54.081+0000] {logging_mixin.py:188} INFO - [2024-07-26T12:38:54.081+0000] {dag.py:3036} INFO - Sync 1 DAGs
[2024-07-26T12:38:54.110+0000] {logging_mixin.py:188} INFO - [2024-07-26T12:38:54.110+0000] {dag.py:3823} INFO - Setting next_dagrun for example_sla_dag to 2024-07-26 12:36:00+00:00, run_after=2024-07-26 12:38:00+00:00
[2024-07-26T12:38:54.128+0000] {processor.py:183} INFO - Processing /home/airflow/.local/lib/python3.8/site-packages/airflow/example_dags/example_sla_dag.py took 0.082 seconds
[2024-07-26T12:39:27.053+0000] {processor.py:161} INFO - Started process (PID=188) to work on /home/airflow/.local/lib/python3.8/site-packages/airflow/example_dags/example_sla_dag.py
[2024-07-26T12:39:27.054+0000] {processor.py:830} INFO - Processing file /home/airflow/.local/lib/python3.8/site-packages/airflow/example_dags/example_sla_dag.py for tasks to queue
[2024-07-26T12:39:27.056+0000] {logging_mixin.py:188} INFO - [2024-07-26T12:39:27.055+0000] {dagbag.py:538} INFO - Filling up the DagBag from /home/airflow/.local/lib/python3.8/site-packages/airflow/example_dags/example_sla_dag.py
[2024-07-26T12:39:27.067+0000] {processor.py:840} INFO - DAG(s) 'example_sla_dag' retrieved from /home/airflow/.local/lib/python3.8/site-packages/airflow/example_dags/example_sla_dag.py
[2024-07-26T12:39:27.178+0000] {logging_mixin.py:188} INFO - [2024-07-26T12:39:27.177+0000] {dag.py:3036} INFO - Sync 1 DAGs
[2024-07-26T12:39:27.204+0000] {logging_mixin.py:188} INFO - [2024-07-26T12:39:27.204+0000] {dag.py:3823} INFO - Setting next_dagrun for example_sla_dag to 2024-07-26 12:36:00+00:00, run_after=2024-07-26 12:38:00+00:00
[2024-07-26T12:39:27.226+0000] {processor.py:183} INFO - Processing /home/airflow/.local/lib/python3.8/site-packages/airflow/example_dags/example_sla_dag.py took 0.176 seconds
[2024-07-26T12:43:22.529+0000] {processor.py:161} INFO - Started process (PID=135) to work on /home/airflow/.local/lib/python3.8/site-packages/airflow/example_dags/example_sla_dag.py
[2024-07-26T12:43:22.531+0000] {processor.py:830} INFO - Processing file /home/airflow/.local/lib/python3.8/site-packages/airflow/example_dags/example_sla_dag.py for tasks to queue
[2024-07-26T12:43:22.539+0000] {logging_mixin.py:188} INFO - [2024-07-26T12:43:22.538+0000] {dagbag.py:538} INFO - Filling up the DagBag from /home/airflow/.local/lib/python3.8/site-packages/airflow/example_dags/example_sla_dag.py
[2024-07-26T12:43:22.572+0000] {processor.py:840} INFO - DAG(s) 'example_sla_dag' retrieved from /home/airflow/.local/lib/python3.8/site-packages/airflow/example_dags/example_sla_dag.py
[2024-07-26T12:43:22.763+0000] {logging_mixin.py:188} INFO - [2024-07-26T12:43:22.763+0000] {dag.py:3036} INFO - Sync 1 DAGs
[2024-07-26T12:43:22.797+0000] {logging_mixin.py:188} INFO - [2024-07-26T12:43:22.797+0000] {dag.py:3823} INFO - Setting next_dagrun for example_sla_dag to 2024-07-26 12:40:00+00:00, run_after=2024-07-26 12:42:00+00:00
[2024-07-26T12:43:22.819+0000] {processor.py:183} INFO - Processing /home/airflow/.local/lib/python3.8/site-packages/airflow/example_dags/example_sla_dag.py took 0.294 seconds
[2024-07-26T12:43:53.487+0000] {processor.py:161} INFO - Started process (PID=199) to work on /home/airflow/.local/lib/python3.8/site-packages/airflow/example_dags/example_sla_dag.py
[2024-07-26T12:43:53.495+0000] {processor.py:830} INFO - Processing file /home/airflow/.local/lib/python3.8/site-packages/airflow/example_dags/example_sla_dag.py for tasks to queue
[2024-07-26T12:43:53.503+0000] {logging_mixin.py:188} INFO - [2024-07-26T12:43:53.502+0000] {dagbag.py:538} INFO - Filling up the DagBag from /home/airflow/.local/lib/python3.8/site-packages/airflow/example_dags/example_sla_dag.py
[2024-07-26T12:43:53.514+0000] {processor.py:840} INFO - DAG(s) 'example_sla_dag' retrieved from /home/airflow/.local/lib/python3.8/site-packages/airflow/example_dags/example_sla_dag.py
[2024-07-26T12:43:53.533+0000] {logging_mixin.py:188} INFO - [2024-07-26T12:43:53.533+0000] {dag.py:3036} INFO - Sync 1 DAGs
[2024-07-26T12:43:53.559+0000] {logging_mixin.py:188} INFO - [2024-07-26T12:43:53.559+0000] {dag.py:3823} INFO - Setting next_dagrun for example_sla_dag to 2024-07-26 12:40:00+00:00, run_after=2024-07-26 12:42:00+00:00
[2024-07-26T12:43:53.576+0000] {processor.py:183} INFO - Processing /home/airflow/.local/lib/python3.8/site-packages/airflow/example_dags/example_sla_dag.py took 0.093 seconds
[2024-07-26T12:44:23.744+0000] {processor.py:161} INFO - Started process (PID=263) to work on /home/airflow/.local/lib/python3.8/site-packages/airflow/example_dags/example_sla_dag.py
[2024-07-26T12:44:23.746+0000] {processor.py:830} INFO - Processing file /home/airflow/.local/lib/python3.8/site-packages/airflow/example_dags/example_sla_dag.py for tasks to queue
[2024-07-26T12:44:23.748+0000] {logging_mixin.py:188} INFO - [2024-07-26T12:44:23.748+0000] {dagbag.py:538} INFO - Filling up the DagBag from /home/airflow/.local/lib/python3.8/site-packages/airflow/example_dags/example_sla_dag.py
[2024-07-26T12:44:23.757+0000] {processor.py:840} INFO - DAG(s) 'example_sla_dag' retrieved from /home/airflow/.local/lib/python3.8/site-packages/airflow/example_dags/example_sla_dag.py
[2024-07-26T12:44:23.778+0000] {logging_mixin.py:188} INFO - [2024-07-26T12:44:23.778+0000] {dag.py:3036} INFO - Sync 1 DAGs
[2024-07-26T12:44:23.806+0000] {logging_mixin.py:188} INFO - [2024-07-26T12:44:23.806+0000] {dag.py:3823} INFO - Setting next_dagrun for example_sla_dag to 2024-07-26 12:42:00+00:00, run_after=2024-07-26 12:44:00+00:00
[2024-07-26T12:44:23.826+0000] {processor.py:183} INFO - Processing /home/airflow/.local/lib/python3.8/site-packages/airflow/example_dags/example_sla_dag.py took 0.085 seconds
[2024-07-26T12:49:49.266+0000] {processor.py:161} INFO - Started process (PID=129) to work on /home/airflow/.local/lib/python3.8/site-packages/airflow/example_dags/example_sla_dag.py
[2024-07-26T12:49:49.267+0000] {processor.py:830} INFO - Processing file /home/airflow/.local/lib/python3.8/site-packages/airflow/example_dags/example_sla_dag.py for tasks to queue
[2024-07-26T12:49:49.270+0000] {logging_mixin.py:188} INFO - [2024-07-26T12:49:49.269+0000] {dagbag.py:538} INFO - Filling up the DagBag from /home/airflow/.local/lib/python3.8/site-packages/airflow/example_dags/example_sla_dag.py
[2024-07-26T12:49:49.285+0000] {processor.py:840} INFO - DAG(s) 'example_sla_dag' retrieved from /home/airflow/.local/lib/python3.8/site-packages/airflow/example_dags/example_sla_dag.py
[2024-07-26T12:49:49.421+0000] {logging_mixin.py:188} INFO - [2024-07-26T12:49:49.421+0000] {dag.py:3036} INFO - Sync 1 DAGs
[2024-07-26T12:49:49.453+0000] {logging_mixin.py:188} INFO - [2024-07-26T12:49:49.453+0000] {dag.py:3823} INFO - Setting next_dagrun for example_sla_dag to 2024-07-26 12:46:00+00:00, run_after=2024-07-26 12:48:00+00:00
[2024-07-26T12:49:49.477+0000] {processor.py:183} INFO - Processing /home/airflow/.local/lib/python3.8/site-packages/airflow/example_dags/example_sla_dag.py took 0.214 seconds
[2024-07-26T12:50:19.746+0000] {processor.py:161} INFO - Started process (PID=193) to work on /home/airflow/.local/lib/python3.8/site-packages/airflow/example_dags/example_sla_dag.py
[2024-07-26T12:50:19.747+0000] {processor.py:830} INFO - Processing file /home/airflow/.local/lib/python3.8/site-packages/airflow/example_dags/example_sla_dag.py for tasks to queue
[2024-07-26T12:50:19.750+0000] {logging_mixin.py:188} INFO - [2024-07-26T12:50:19.749+0000] {dagbag.py:538} INFO - Filling up the DagBag from /home/airflow/.local/lib/python3.8/site-packages/airflow/example_dags/example_sla_dag.py
[2024-07-26T12:50:19.762+0000] {processor.py:840} INFO - DAG(s) 'example_sla_dag' retrieved from /home/airflow/.local/lib/python3.8/site-packages/airflow/example_dags/example_sla_dag.py
[2024-07-26T12:50:19.784+0000] {logging_mixin.py:188} INFO - [2024-07-26T12:50:19.783+0000] {dag.py:3036} INFO - Sync 1 DAGs
[2024-07-26T12:50:19.828+0000] {logging_mixin.py:188} INFO - [2024-07-26T12:50:19.828+0000] {dag.py:3823} INFO - Setting next_dagrun for example_sla_dag to 2024-07-26 12:48:00+00:00, run_after=2024-07-26 12:50:00+00:00
[2024-07-26T12:50:19.857+0000] {processor.py:183} INFO - Processing /home/airflow/.local/lib/python3.8/site-packages/airflow/example_dags/example_sla_dag.py took 0.115 seconds
[2024-07-26T12:50:50.791+0000] {processor.py:161} INFO - Started process (PID=257) to work on /home/airflow/.local/lib/python3.8/site-packages/airflow/example_dags/example_sla_dag.py
[2024-07-26T12:50:50.793+0000] {processor.py:830} INFO - Processing file /home/airflow/.local/lib/python3.8/site-packages/airflow/example_dags/example_sla_dag.py for tasks to queue
[2024-07-26T12:50:50.795+0000] {logging_mixin.py:188} INFO - [2024-07-26T12:50:50.795+0000] {dagbag.py:538} INFO - Filling up the DagBag from /home/airflow/.local/lib/python3.8/site-packages/airflow/example_dags/example_sla_dag.py
[2024-07-26T12:50:50.818+0000] {processor.py:840} INFO - DAG(s) 'example_sla_dag' retrieved from /home/airflow/.local/lib/python3.8/site-packages/airflow/example_dags/example_sla_dag.py
[2024-07-26T12:50:50.848+0000] {logging_mixin.py:188} INFO - [2024-07-26T12:50:50.848+0000] {dag.py:3036} INFO - Sync 1 DAGs
[2024-07-26T12:50:50.892+0000] {logging_mixin.py:188} INFO - [2024-07-26T12:50:50.892+0000] {dag.py:3823} INFO - Setting next_dagrun for example_sla_dag to 2024-07-26 12:48:00+00:00, run_after=2024-07-26 12:50:00+00:00
[2024-07-26T12:50:50.926+0000] {processor.py:183} INFO - Processing /home/airflow/.local/lib/python3.8/site-packages/airflow/example_dags/example_sla_dag.py took 0.139 seconds
[2024-07-26T12:51:21.045+0000] {processor.py:161} INFO - Started process (PID=321) to work on /home/airflow/.local/lib/python3.8/site-packages/airflow/example_dags/example_sla_dag.py
[2024-07-26T12:51:21.047+0000] {processor.py:830} INFO - Processing file /home/airflow/.local/lib/python3.8/site-packages/airflow/example_dags/example_sla_dag.py for tasks to queue
[2024-07-26T12:51:21.049+0000] {logging_mixin.py:188} INFO - [2024-07-26T12:51:21.048+0000] {dagbag.py:538} INFO - Filling up the DagBag from /home/airflow/.local/lib/python3.8/site-packages/airflow/example_dags/example_sla_dag.py
[2024-07-26T12:51:21.061+0000] {processor.py:840} INFO - DAG(s) 'example_sla_dag' retrieved from /home/airflow/.local/lib/python3.8/site-packages/airflow/example_dags/example_sla_dag.py
[2024-07-26T12:51:21.081+0000] {logging_mixin.py:188} INFO - [2024-07-26T12:51:21.081+0000] {dag.py:3036} INFO - Sync 1 DAGs
[2024-07-26T12:51:21.108+0000] {logging_mixin.py:188} INFO - [2024-07-26T12:51:21.108+0000] {dag.py:3823} INFO - Setting next_dagrun for example_sla_dag to 2024-07-26 12:48:00+00:00, run_after=2024-07-26 12:50:00+00:00
[2024-07-26T12:51:21.128+0000] {processor.py:183} INFO - Processing /home/airflow/.local/lib/python3.8/site-packages/airflow/example_dags/example_sla_dag.py took 0.086 seconds
[2024-07-26T12:51:51.739+0000] {processor.py:161} INFO - Started process (PID=385) to work on /home/airflow/.local/lib/python3.8/site-packages/airflow/example_dags/example_sla_dag.py
[2024-07-26T12:51:51.740+0000] {processor.py:830} INFO - Processing file /home/airflow/.local/lib/python3.8/site-packages/airflow/example_dags/example_sla_dag.py for tasks to queue
[2024-07-26T12:51:51.742+0000] {logging_mixin.py:188} INFO - [2024-07-26T12:51:51.742+0000] {dagbag.py:538} INFO - Filling up the DagBag from /home/airflow/.local/lib/python3.8/site-packages/airflow/example_dags/example_sla_dag.py
[2024-07-26T12:51:51.754+0000] {processor.py:840} INFO - DAG(s) 'example_sla_dag' retrieved from /home/airflow/.local/lib/python3.8/site-packages/airflow/example_dags/example_sla_dag.py
[2024-07-26T12:51:51.774+0000] {logging_mixin.py:188} INFO - [2024-07-26T12:51:51.773+0000] {dag.py:3036} INFO - Sync 1 DAGs
[2024-07-26T12:51:51.801+0000] {logging_mixin.py:188} INFO - [2024-07-26T12:51:51.801+0000] {dag.py:3823} INFO - Setting next_dagrun for example_sla_dag to 2024-07-26 12:48:00+00:00, run_after=2024-07-26 12:50:00+00:00
[2024-07-26T12:51:51.820+0000] {processor.py:183} INFO - Processing /home/airflow/.local/lib/python3.8/site-packages/airflow/example_dags/example_sla_dag.py took 0.084 seconds
[2024-07-26T12:52:23.064+0000] {processor.py:161} INFO - Started process (PID=449) to work on /home/airflow/.local/lib/python3.8/site-packages/airflow/example_dags/example_sla_dag.py
[2024-07-26T12:52:23.065+0000] {processor.py:830} INFO - Processing file /home/airflow/.local/lib/python3.8/site-packages/airflow/example_dags/example_sla_dag.py for tasks to queue
[2024-07-26T12:52:23.066+0000] {logging_mixin.py:188} INFO - [2024-07-26T12:52:23.066+0000] {dagbag.py:538} INFO - Filling up the DagBag from /home/airflow/.local/lib/python3.8/site-packages/airflow/example_dags/example_sla_dag.py
[2024-07-26T12:52:23.076+0000] {processor.py:840} INFO - DAG(s) 'example_sla_dag' retrieved from /home/airflow/.local/lib/python3.8/site-packages/airflow/example_dags/example_sla_dag.py
[2024-07-26T12:52:23.097+0000] {logging_mixin.py:188} INFO - [2024-07-26T12:52:23.097+0000] {dag.py:3036} INFO - Sync 1 DAGs
[2024-07-26T12:52:23.125+0000] {logging_mixin.py:188} INFO - [2024-07-26T12:52:23.124+0000] {dag.py:3823} INFO - Setting next_dagrun for example_sla_dag to 2024-07-26 12:50:00+00:00, run_after=2024-07-26 12:52:00+00:00
[2024-07-26T12:52:23.144+0000] {processor.py:183} INFO - Processing /home/airflow/.local/lib/python3.8/site-packages/airflow/example_dags/example_sla_dag.py took 0.084 seconds
[2024-07-26T12:52:53.205+0000] {processor.py:161} INFO - Started process (PID=504) to work on /home/airflow/.local/lib/python3.8/site-packages/airflow/example_dags/example_sla_dag.py
[2024-07-26T12:52:53.206+0000] {processor.py:830} INFO - Processing file /home/airflow/.local/lib/python3.8/site-packages/airflow/example_dags/example_sla_dag.py for tasks to queue
[2024-07-26T12:52:53.208+0000] {logging_mixin.py:188} INFO - [2024-07-26T12:52:53.208+0000] {dagbag.py:538} INFO - Filling up the DagBag from /home/airflow/.local/lib/python3.8/site-packages/airflow/example_dags/example_sla_dag.py
[2024-07-26T12:52:53.217+0000] {processor.py:840} INFO - DAG(s) 'example_sla_dag' retrieved from /home/airflow/.local/lib/python3.8/site-packages/airflow/example_dags/example_sla_dag.py
[2024-07-26T12:52:53.238+0000] {logging_mixin.py:188} INFO - [2024-07-26T12:52:53.238+0000] {dag.py:3036} INFO - Sync 1 DAGs
[2024-07-26T12:52:53.264+0000] {logging_mixin.py:188} INFO - [2024-07-26T12:52:53.263+0000] {dag.py:3823} INFO - Setting next_dagrun for example_sla_dag to 2024-07-26 12:50:00+00:00, run_after=2024-07-26 12:52:00+00:00
[2024-07-26T12:52:53.281+0000] {processor.py:183} INFO - Processing /home/airflow/.local/lib/python3.8/site-packages/airflow/example_dags/example_sla_dag.py took 0.078 seconds
[2024-07-26T12:53:23.597+0000] {processor.py:161} INFO - Started process (PID=568) to work on /home/airflow/.local/lib/python3.8/site-packages/airflow/example_dags/example_sla_dag.py
[2024-07-26T12:53:23.599+0000] {processor.py:830} INFO - Processing file /home/airflow/.local/lib/python3.8/site-packages/airflow/example_dags/example_sla_dag.py for tasks to queue
[2024-07-26T12:53:23.601+0000] {logging_mixin.py:188} INFO - [2024-07-26T12:53:23.600+0000] {dagbag.py:538} INFO - Filling up the DagBag from /home/airflow/.local/lib/python3.8/site-packages/airflow/example_dags/example_sla_dag.py
[2024-07-26T12:53:23.610+0000] {processor.py:840} INFO - DAG(s) 'example_sla_dag' retrieved from /home/airflow/.local/lib/python3.8/site-packages/airflow/example_dags/example_sla_dag.py
[2024-07-26T12:53:23.632+0000] {logging_mixin.py:188} INFO - [2024-07-26T12:53:23.631+0000] {dag.py:3036} INFO - Sync 1 DAGs
[2024-07-26T12:53:23.660+0000] {logging_mixin.py:188} INFO - [2024-07-26T12:53:23.660+0000] {dag.py:3823} INFO - Setting next_dagrun for example_sla_dag to 2024-07-26 12:50:00+00:00, run_after=2024-07-26 12:52:00+00:00
[2024-07-26T12:53:23.682+0000] {processor.py:183} INFO - Processing /home/airflow/.local/lib/python3.8/site-packages/airflow/example_dags/example_sla_dag.py took 0.088 seconds
[2024-07-26T12:53:53.995+0000] {processor.py:161} INFO - Started process (PID=632) to work on /home/airflow/.local/lib/python3.8/site-packages/airflow/example_dags/example_sla_dag.py
[2024-07-26T12:53:53.997+0000] {processor.py:830} INFO - Processing file /home/airflow/.local/lib/python3.8/site-packages/airflow/example_dags/example_sla_dag.py for tasks to queue
[2024-07-26T12:53:53.999+0000] {logging_mixin.py:188} INFO - [2024-07-26T12:53:53.998+0000] {dagbag.py:538} INFO - Filling up the DagBag from /home/airflow/.local/lib/python3.8/site-packages/airflow/example_dags/example_sla_dag.py
[2024-07-26T12:53:54.009+0000] {processor.py:840} INFO - DAG(s) 'example_sla_dag' retrieved from /home/airflow/.local/lib/python3.8/site-packages/airflow/example_dags/example_sla_dag.py
[2024-07-26T12:53:54.032+0000] {logging_mixin.py:188} INFO - [2024-07-26T12:53:54.031+0000] {dag.py:3036} INFO - Sync 1 DAGs
[2024-07-26T12:53:54.059+0000] {logging_mixin.py:188} INFO - [2024-07-26T12:53:54.059+0000] {dag.py:3823} INFO - Setting next_dagrun for example_sla_dag to 2024-07-26 12:50:00+00:00, run_after=2024-07-26 12:52:00+00:00
[2024-07-26T12:53:54.079+0000] {processor.py:183} INFO - Processing /home/airflow/.local/lib/python3.8/site-packages/airflow/example_dags/example_sla_dag.py took 0.087 seconds
[2024-07-26T12:54:24.669+0000] {processor.py:161} INFO - Started process (PID=696) to work on /home/airflow/.local/lib/python3.8/site-packages/airflow/example_dags/example_sla_dag.py
[2024-07-26T12:54:24.670+0000] {processor.py:830} INFO - Processing file /home/airflow/.local/lib/python3.8/site-packages/airflow/example_dags/example_sla_dag.py for tasks to queue
[2024-07-26T12:54:24.673+0000] {logging_mixin.py:188} INFO - [2024-07-26T12:54:24.673+0000] {dagbag.py:538} INFO - Filling up the DagBag from /home/airflow/.local/lib/python3.8/site-packages/airflow/example_dags/example_sla_dag.py
[2024-07-26T12:54:24.682+0000] {processor.py:840} INFO - DAG(s) 'example_sla_dag' retrieved from /home/airflow/.local/lib/python3.8/site-packages/airflow/example_dags/example_sla_dag.py
[2024-07-26T12:54:24.702+0000] {logging_mixin.py:188} INFO - [2024-07-26T12:54:24.701+0000] {dag.py:3036} INFO - Sync 1 DAGs
[2024-07-26T12:54:24.733+0000] {logging_mixin.py:188} INFO - [2024-07-26T12:54:24.733+0000] {dag.py:3823} INFO - Setting next_dagrun for example_sla_dag to 2024-07-26 12:52:00+00:00, run_after=2024-07-26 12:54:00+00:00
[2024-07-26T12:54:24.755+0000] {processor.py:183} INFO - Processing /home/airflow/.local/lib/python3.8/site-packages/airflow/example_dags/example_sla_dag.py took 0.091 seconds
[2024-07-26T12:54:54.854+0000] {processor.py:161} INFO - Started process (PID=760) to work on /home/airflow/.local/lib/python3.8/site-packages/airflow/example_dags/example_sla_dag.py
[2024-07-26T12:54:54.855+0000] {processor.py:830} INFO - Processing file /home/airflow/.local/lib/python3.8/site-packages/airflow/example_dags/example_sla_dag.py for tasks to queue
[2024-07-26T12:54:54.857+0000] {logging_mixin.py:188} INFO - [2024-07-26T12:54:54.857+0000] {dagbag.py:538} INFO - Filling up the DagBag from /home/airflow/.local/lib/python3.8/site-packages/airflow/example_dags/example_sla_dag.py
[2024-07-26T12:54:54.868+0000] {processor.py:840} INFO - DAG(s) 'example_sla_dag' retrieved from /home/airflow/.local/lib/python3.8/site-packages/airflow/example_dags/example_sla_dag.py
[2024-07-26T12:54:54.890+0000] {logging_mixin.py:188} INFO - [2024-07-26T12:54:54.890+0000] {dag.py:3036} INFO - Sync 1 DAGs
[2024-07-26T12:54:54.919+0000] {logging_mixin.py:188} INFO - [2024-07-26T12:54:54.919+0000] {dag.py:3823} INFO - Setting next_dagrun for example_sla_dag to 2024-07-26 12:52:00+00:00, run_after=2024-07-26 12:54:00+00:00
[2024-07-26T12:54:54.938+0000] {processor.py:183} INFO - Processing /home/airflow/.local/lib/python3.8/site-packages/airflow/example_dags/example_sla_dag.py took 0.088 seconds
[2024-07-26T12:55:25.689+0000] {processor.py:161} INFO - Started process (PID=824) to work on /home/airflow/.local/lib/python3.8/site-packages/airflow/example_dags/example_sla_dag.py
[2024-07-26T12:55:25.690+0000] {processor.py:830} INFO - Processing file /home/airflow/.local/lib/python3.8/site-packages/airflow/example_dags/example_sla_dag.py for tasks to queue
[2024-07-26T12:55:25.692+0000] {logging_mixin.py:188} INFO - [2024-07-26T12:55:25.692+0000] {dagbag.py:538} INFO - Filling up the DagBag from /home/airflow/.local/lib/python3.8/site-packages/airflow/example_dags/example_sla_dag.py
[2024-07-26T12:55:25.702+0000] {processor.py:840} INFO - DAG(s) 'example_sla_dag' retrieved from /home/airflow/.local/lib/python3.8/site-packages/airflow/example_dags/example_sla_dag.py
[2024-07-26T12:55:25.724+0000] {logging_mixin.py:188} INFO - [2024-07-26T12:55:25.723+0000] {dag.py:3036} INFO - Sync 1 DAGs
[2024-07-26T12:55:25.754+0000] {logging_mixin.py:188} INFO - [2024-07-26T12:55:25.754+0000] {dag.py:3823} INFO - Setting next_dagrun for example_sla_dag to 2024-07-26 12:52:00+00:00, run_after=2024-07-26 12:54:00+00:00
[2024-07-26T12:55:25.777+0000] {processor.py:183} INFO - Processing /home/airflow/.local/lib/python3.8/site-packages/airflow/example_dags/example_sla_dag.py took 0.091 seconds
[2024-07-26T12:55:56.290+0000] {processor.py:161} INFO - Started process (PID=888) to work on /home/airflow/.local/lib/python3.8/site-packages/airflow/example_dags/example_sla_dag.py
[2024-07-26T12:55:56.291+0000] {processor.py:830} INFO - Processing file /home/airflow/.local/lib/python3.8/site-packages/airflow/example_dags/example_sla_dag.py for tasks to queue
[2024-07-26T12:55:56.293+0000] {logging_mixin.py:188} INFO - [2024-07-26T12:55:56.293+0000] {dagbag.py:538} INFO - Filling up the DagBag from /home/airflow/.local/lib/python3.8/site-packages/airflow/example_dags/example_sla_dag.py
[2024-07-26T12:55:56.303+0000] {processor.py:840} INFO - DAG(s) 'example_sla_dag' retrieved from /home/airflow/.local/lib/python3.8/site-packages/airflow/example_dags/example_sla_dag.py
[2024-07-26T12:55:56.325+0000] {logging_mixin.py:188} INFO - [2024-07-26T12:55:56.325+0000] {dag.py:3036} INFO - Sync 1 DAGs
[2024-07-26T12:55:56.358+0000] {logging_mixin.py:188} INFO - [2024-07-26T12:55:56.358+0000] {dag.py:3823} INFO - Setting next_dagrun for example_sla_dag to 2024-07-26 12:52:00+00:00, run_after=2024-07-26 12:54:00+00:00
[2024-07-26T12:55:56.381+0000] {processor.py:183} INFO - Processing /home/airflow/.local/lib/python3.8/site-packages/airflow/example_dags/example_sla_dag.py took 0.096 seconds
[2024-07-26T12:56:27.061+0000] {processor.py:161} INFO - Started process (PID=952) to work on /home/airflow/.local/lib/python3.8/site-packages/airflow/example_dags/example_sla_dag.py
[2024-07-26T12:56:27.062+0000] {processor.py:830} INFO - Processing file /home/airflow/.local/lib/python3.8/site-packages/airflow/example_dags/example_sla_dag.py for tasks to queue
[2024-07-26T12:56:27.066+0000] {logging_mixin.py:188} INFO - [2024-07-26T12:56:27.066+0000] {dagbag.py:538} INFO - Filling up the DagBag from /home/airflow/.local/lib/python3.8/site-packages/airflow/example_dags/example_sla_dag.py
[2024-07-26T12:56:27.076+0000] {processor.py:840} INFO - DAG(s) 'example_sla_dag' retrieved from /home/airflow/.local/lib/python3.8/site-packages/airflow/example_dags/example_sla_dag.py
[2024-07-26T12:56:27.099+0000] {logging_mixin.py:188} INFO - [2024-07-26T12:56:27.099+0000] {dag.py:3036} INFO - Sync 1 DAGs
[2024-07-26T12:56:27.130+0000] {logging_mixin.py:188} INFO - [2024-07-26T12:56:27.129+0000] {dag.py:3823} INFO - Setting next_dagrun for example_sla_dag to 2024-07-26 12:54:00+00:00, run_after=2024-07-26 12:56:00+00:00
[2024-07-26T12:56:27.153+0000] {processor.py:183} INFO - Processing /home/airflow/.local/lib/python3.8/site-packages/airflow/example_dags/example_sla_dag.py took 0.095 seconds
[2024-07-26T12:56:57.593+0000] {processor.py:161} INFO - Started process (PID=1016) to work on /home/airflow/.local/lib/python3.8/site-packages/airflow/example_dags/example_sla_dag.py
[2024-07-26T12:56:57.594+0000] {processor.py:830} INFO - Processing file /home/airflow/.local/lib/python3.8/site-packages/airflow/example_dags/example_sla_dag.py for tasks to queue
[2024-07-26T12:56:57.596+0000] {logging_mixin.py:188} INFO - [2024-07-26T12:56:57.596+0000] {dagbag.py:538} INFO - Filling up the DagBag from /home/airflow/.local/lib/python3.8/site-packages/airflow/example_dags/example_sla_dag.py
[2024-07-26T12:56:57.605+0000] {processor.py:840} INFO - DAG(s) 'example_sla_dag' retrieved from /home/airflow/.local/lib/python3.8/site-packages/airflow/example_dags/example_sla_dag.py
[2024-07-26T12:56:57.626+0000] {logging_mixin.py:188} INFO - [2024-07-26T12:56:57.626+0000] {dag.py:3036} INFO - Sync 1 DAGs
[2024-07-26T12:56:57.653+0000] {logging_mixin.py:188} INFO - [2024-07-26T12:56:57.653+0000] {dag.py:3823} INFO - Setting next_dagrun for example_sla_dag to 2024-07-26 12:54:00+00:00, run_after=2024-07-26 12:56:00+00:00
[2024-07-26T12:56:57.676+0000] {processor.py:183} INFO - Processing /home/airflow/.local/lib/python3.8/site-packages/airflow/example_dags/example_sla_dag.py took 0.086 seconds
[2024-07-26T12:57:28.158+0000] {processor.py:161} INFO - Started process (PID=1080) to work on /home/airflow/.local/lib/python3.8/site-packages/airflow/example_dags/example_sla_dag.py
[2024-07-26T12:57:28.159+0000] {processor.py:830} INFO - Processing file /home/airflow/.local/lib/python3.8/site-packages/airflow/example_dags/example_sla_dag.py for tasks to queue
[2024-07-26T12:57:28.161+0000] {logging_mixin.py:188} INFO - [2024-07-26T12:57:28.160+0000] {dagbag.py:538} INFO - Filling up the DagBag from /home/airflow/.local/lib/python3.8/site-packages/airflow/example_dags/example_sla_dag.py
[2024-07-26T12:57:28.172+0000] {processor.py:840} INFO - DAG(s) 'example_sla_dag' retrieved from /home/airflow/.local/lib/python3.8/site-packages/airflow/example_dags/example_sla_dag.py
[2024-07-26T12:57:28.193+0000] {logging_mixin.py:188} INFO - [2024-07-26T12:57:28.193+0000] {dag.py:3036} INFO - Sync 1 DAGs
[2024-07-26T12:57:28.228+0000] {logging_mixin.py:188} INFO - [2024-07-26T12:57:28.228+0000] {dag.py:3823} INFO - Setting next_dagrun for example_sla_dag to 2024-07-26 12:54:00+00:00, run_after=2024-07-26 12:56:00+00:00
[2024-07-26T12:57:28.252+0000] {processor.py:183} INFO - Processing /home/airflow/.local/lib/python3.8/site-packages/airflow/example_dags/example_sla_dag.py took 0.097 seconds
[2024-07-26T12:57:58.642+0000] {processor.py:161} INFO - Started process (PID=1144) to work on /home/airflow/.local/lib/python3.8/site-packages/airflow/example_dags/example_sla_dag.py
[2024-07-26T12:57:58.644+0000] {processor.py:830} INFO - Processing file /home/airflow/.local/lib/python3.8/site-packages/airflow/example_dags/example_sla_dag.py for tasks to queue
[2024-07-26T12:57:58.646+0000] {logging_mixin.py:188} INFO - [2024-07-26T12:57:58.646+0000] {dagbag.py:538} INFO - Filling up the DagBag from /home/airflow/.local/lib/python3.8/site-packages/airflow/example_dags/example_sla_dag.py
[2024-07-26T12:57:58.656+0000] {processor.py:840} INFO - DAG(s) 'example_sla_dag' retrieved from /home/airflow/.local/lib/python3.8/site-packages/airflow/example_dags/example_sla_dag.py
[2024-07-26T12:57:58.679+0000] {logging_mixin.py:188} INFO - [2024-07-26T12:57:58.679+0000] {dag.py:3036} INFO - Sync 1 DAGs
[2024-07-26T12:57:58.711+0000] {logging_mixin.py:188} INFO - [2024-07-26T12:57:58.711+0000] {dag.py:3823} INFO - Setting next_dagrun for example_sla_dag to 2024-07-26 12:54:00+00:00, run_after=2024-07-26 12:56:00+00:00
[2024-07-26T12:57:58.731+0000] {processor.py:183} INFO - Processing /home/airflow/.local/lib/python3.8/site-packages/airflow/example_dags/example_sla_dag.py took 0.092 seconds
[2024-07-26T12:58:28.911+0000] {processor.py:161} INFO - Started process (PID=1208) to work on /home/airflow/.local/lib/python3.8/site-packages/airflow/example_dags/example_sla_dag.py
[2024-07-26T12:58:28.912+0000] {processor.py:830} INFO - Processing file /home/airflow/.local/lib/python3.8/site-packages/airflow/example_dags/example_sla_dag.py for tasks to queue
[2024-07-26T12:58:28.914+0000] {logging_mixin.py:188} INFO - [2024-07-26T12:58:28.914+0000] {dagbag.py:538} INFO - Filling up the DagBag from /home/airflow/.local/lib/python3.8/site-packages/airflow/example_dags/example_sla_dag.py
[2024-07-26T12:58:28.923+0000] {processor.py:840} INFO - DAG(s) 'example_sla_dag' retrieved from /home/airflow/.local/lib/python3.8/site-packages/airflow/example_dags/example_sla_dag.py
[2024-07-26T12:58:28.944+0000] {logging_mixin.py:188} INFO - [2024-07-26T12:58:28.943+0000] {dag.py:3036} INFO - Sync 1 DAGs
[2024-07-26T12:58:28.973+0000] {logging_mixin.py:188} INFO - [2024-07-26T12:58:28.972+0000] {dag.py:3823} INFO - Setting next_dagrun for example_sla_dag to 2024-07-26 12:56:00+00:00, run_after=2024-07-26 12:58:00+00:00
[2024-07-26T12:58:28.990+0000] {processor.py:183} INFO - Processing /home/airflow/.local/lib/python3.8/site-packages/airflow/example_dags/example_sla_dag.py took 0.083 seconds
[2024-07-26T12:58:59.258+0000] {processor.py:161} INFO - Started process (PID=1272) to work on /home/airflow/.local/lib/python3.8/site-packages/airflow/example_dags/example_sla_dag.py
[2024-07-26T12:58:59.259+0000] {processor.py:830} INFO - Processing file /home/airflow/.local/lib/python3.8/site-packages/airflow/example_dags/example_sla_dag.py for tasks to queue
[2024-07-26T12:58:59.261+0000] {logging_mixin.py:188} INFO - [2024-07-26T12:58:59.261+0000] {dagbag.py:538} INFO - Filling up the DagBag from /home/airflow/.local/lib/python3.8/site-packages/airflow/example_dags/example_sla_dag.py
[2024-07-26T12:58:59.270+0000] {processor.py:840} INFO - DAG(s) 'example_sla_dag' retrieved from /home/airflow/.local/lib/python3.8/site-packages/airflow/example_dags/example_sla_dag.py
[2024-07-26T12:58:59.293+0000] {logging_mixin.py:188} INFO - [2024-07-26T12:58:59.293+0000] {dag.py:3036} INFO - Sync 1 DAGs
[2024-07-26T12:58:59.326+0000] {logging_mixin.py:188} INFO - [2024-07-26T12:58:59.326+0000] {dag.py:3823} INFO - Setting next_dagrun for example_sla_dag to 2024-07-26 12:56:00+00:00, run_after=2024-07-26 12:58:00+00:00
[2024-07-26T12:58:59.348+0000] {processor.py:183} INFO - Processing /home/airflow/.local/lib/python3.8/site-packages/airflow/example_dags/example_sla_dag.py took 0.093 seconds
