[2024-07-26T12:15:31.183+0000] {processor.py:161} INFO - Started process (PID=136) to work on /home/airflow/.local/lib/python3.8/site-packages/airflow/example_dags/example_branch_day_of_week_operator.py
[2024-07-26T12:15:31.185+0000] {processor.py:830} INFO - Processing file /home/airflow/.local/lib/python3.8/site-packages/airflow/example_dags/example_branch_day_of_week_operator.py for tasks to queue
[2024-07-26T12:15:31.187+0000] {logging_mixin.py:188} INFO - [2024-07-26T12:15:31.187+0000] {dagbag.py:538} INFO - Filling up the DagBag from /home/airflow/.local/lib/python3.8/site-packages/airflow/example_dags/example_branch_day_of_week_operator.py
[2024-07-26T12:15:31.198+0000] {processor.py:840} INFO - DAG(s) 'example_weekday_branch_operator' retrieved from /home/airflow/.local/lib/python3.8/site-packages/airflow/example_dags/example_branch_day_of_week_operator.py
[2024-07-26T12:15:31.334+0000] {logging_mixin.py:188} INFO - [2024-07-26T12:15:31.333+0000] {dag.py:3036} INFO - Sync 1 DAGs
[2024-07-26T12:15:31.359+0000] {logging_mixin.py:188} INFO - [2024-07-26T12:15:31.358+0000] {dag.py:3823} INFO - Setting next_dagrun for example_weekday_branch_operator to 2024-07-25 00:00:00+00:00, run_after=2024-07-26 00:00:00+00:00
[2024-07-26T12:15:31.382+0000] {processor.py:183} INFO - Processing /home/airflow/.local/lib/python3.8/site-packages/airflow/example_dags/example_branch_day_of_week_operator.py took 0.202 seconds
[2024-07-26T12:16:01.415+0000] {processor.py:161} INFO - Started process (PID=199) to work on /home/airflow/.local/lib/python3.8/site-packages/airflow/example_dags/example_branch_day_of_week_operator.py
[2024-07-26T12:16:01.416+0000] {processor.py:830} INFO - Processing file /home/airflow/.local/lib/python3.8/site-packages/airflow/example_dags/example_branch_day_of_week_operator.py for tasks to queue
[2024-07-26T12:16:01.418+0000] {logging_mixin.py:188} INFO - [2024-07-26T12:16:01.418+0000] {dagbag.py:538} INFO - Filling up the DagBag from /home/airflow/.local/lib/python3.8/site-packages/airflow/example_dags/example_branch_day_of_week_operator.py
[2024-07-26T12:16:01.427+0000] {processor.py:840} INFO - DAG(s) 'example_weekday_branch_operator' retrieved from /home/airflow/.local/lib/python3.8/site-packages/airflow/example_dags/example_branch_day_of_week_operator.py
[2024-07-26T12:16:01.452+0000] {logging_mixin.py:188} INFO - [2024-07-26T12:16:01.451+0000] {dag.py:3036} INFO - Sync 1 DAGs
[2024-07-26T12:16:01.478+0000] {logging_mixin.py:188} INFO - [2024-07-26T12:16:01.478+0000] {dag.py:3823} INFO - Setting next_dagrun for example_weekday_branch_operator to 2024-07-25 00:00:00+00:00, run_after=2024-07-26 00:00:00+00:00
[2024-07-26T12:16:01.500+0000] {processor.py:183} INFO - Processing /home/airflow/.local/lib/python3.8/site-packages/airflow/example_dags/example_branch_day_of_week_operator.py took 0.089 seconds
[2024-07-26T12:16:31.716+0000] {processor.py:161} INFO - Started process (PID=263) to work on /home/airflow/.local/lib/python3.8/site-packages/airflow/example_dags/example_branch_day_of_week_operator.py
[2024-07-26T12:16:31.718+0000] {processor.py:830} INFO - Processing file /home/airflow/.local/lib/python3.8/site-packages/airflow/example_dags/example_branch_day_of_week_operator.py for tasks to queue
[2024-07-26T12:16:31.720+0000] {logging_mixin.py:188} INFO - [2024-07-26T12:16:31.720+0000] {dagbag.py:538} INFO - Filling up the DagBag from /home/airflow/.local/lib/python3.8/site-packages/airflow/example_dags/example_branch_day_of_week_operator.py
[2024-07-26T12:16:31.730+0000] {processor.py:840} INFO - DAG(s) 'example_weekday_branch_operator' retrieved from /home/airflow/.local/lib/python3.8/site-packages/airflow/example_dags/example_branch_day_of_week_operator.py
[2024-07-26T12:16:31.754+0000] {logging_mixin.py:188} INFO - [2024-07-26T12:16:31.753+0000] {dag.py:3036} INFO - Sync 1 DAGs
[2024-07-26T12:16:31.778+0000] {logging_mixin.py:188} INFO - [2024-07-26T12:16:31.778+0000] {dag.py:3823} INFO - Setting next_dagrun for example_weekday_branch_operator to 2024-07-25 00:00:00+00:00, run_after=2024-07-26 00:00:00+00:00
[2024-07-26T12:16:31.799+0000] {processor.py:183} INFO - Processing /home/airflow/.local/lib/python3.8/site-packages/airflow/example_dags/example_branch_day_of_week_operator.py took 0.089 seconds
[2024-07-26T12:17:02.547+0000] {processor.py:161} INFO - Started process (PID=327) to work on /home/airflow/.local/lib/python3.8/site-packages/airflow/example_dags/example_branch_day_of_week_operator.py
[2024-07-26T12:17:02.548+0000] {processor.py:830} INFO - Processing file /home/airflow/.local/lib/python3.8/site-packages/airflow/example_dags/example_branch_day_of_week_operator.py for tasks to queue
[2024-07-26T12:17:02.550+0000] {logging_mixin.py:188} INFO - [2024-07-26T12:17:02.550+0000] {dagbag.py:538} INFO - Filling up the DagBag from /home/airflow/.local/lib/python3.8/site-packages/airflow/example_dags/example_branch_day_of_week_operator.py
[2024-07-26T12:17:02.560+0000] {processor.py:840} INFO - DAG(s) 'example_weekday_branch_operator' retrieved from /home/airflow/.local/lib/python3.8/site-packages/airflow/example_dags/example_branch_day_of_week_operator.py
[2024-07-26T12:17:02.584+0000] {logging_mixin.py:188} INFO - [2024-07-26T12:17:02.583+0000] {dag.py:3036} INFO - Sync 1 DAGs
[2024-07-26T12:17:02.618+0000] {logging_mixin.py:188} INFO - [2024-07-26T12:17:02.618+0000] {dag.py:3823} INFO - Setting next_dagrun for example_weekday_branch_operator to 2024-07-25 00:00:00+00:00, run_after=2024-07-26 00:00:00+00:00
[2024-07-26T12:17:02.636+0000] {processor.py:183} INFO - Processing /home/airflow/.local/lib/python3.8/site-packages/airflow/example_dags/example_branch_day_of_week_operator.py took 0.092 seconds
[2024-07-26T12:17:33.026+0000] {processor.py:161} INFO - Started process (PID=392) to work on /home/airflow/.local/lib/python3.8/site-packages/airflow/example_dags/example_branch_day_of_week_operator.py
[2024-07-26T12:17:33.027+0000] {processor.py:830} INFO - Processing file /home/airflow/.local/lib/python3.8/site-packages/airflow/example_dags/example_branch_day_of_week_operator.py for tasks to queue
[2024-07-26T12:17:33.029+0000] {logging_mixin.py:188} INFO - [2024-07-26T12:17:33.029+0000] {dagbag.py:538} INFO - Filling up the DagBag from /home/airflow/.local/lib/python3.8/site-packages/airflow/example_dags/example_branch_day_of_week_operator.py
[2024-07-26T12:17:33.040+0000] {processor.py:840} INFO - DAG(s) 'example_weekday_branch_operator' retrieved from /home/airflow/.local/lib/python3.8/site-packages/airflow/example_dags/example_branch_day_of_week_operator.py
[2024-07-26T12:17:33.069+0000] {logging_mixin.py:188} INFO - [2024-07-26T12:17:33.069+0000] {dag.py:3036} INFO - Sync 1 DAGs
[2024-07-26T12:17:33.099+0000] {logging_mixin.py:188} INFO - [2024-07-26T12:17:33.099+0000] {dag.py:3823} INFO - Setting next_dagrun for example_weekday_branch_operator to 2024-07-25 00:00:00+00:00, run_after=2024-07-26 00:00:00+00:00
[2024-07-26T12:17:33.142+0000] {processor.py:183} INFO - Processing /home/airflow/.local/lib/python3.8/site-packages/airflow/example_dags/example_branch_day_of_week_operator.py took 0.119 seconds
[2024-07-26T12:18:04.099+0000] {processor.py:161} INFO - Started process (PID=456) to work on /home/airflow/.local/lib/python3.8/site-packages/airflow/example_dags/example_branch_day_of_week_operator.py
[2024-07-26T12:18:04.100+0000] {processor.py:830} INFO - Processing file /home/airflow/.local/lib/python3.8/site-packages/airflow/example_dags/example_branch_day_of_week_operator.py for tasks to queue
[2024-07-26T12:18:04.102+0000] {logging_mixin.py:188} INFO - [2024-07-26T12:18:04.102+0000] {dagbag.py:538} INFO - Filling up the DagBag from /home/airflow/.local/lib/python3.8/site-packages/airflow/example_dags/example_branch_day_of_week_operator.py
[2024-07-26T12:18:04.111+0000] {processor.py:840} INFO - DAG(s) 'example_weekday_branch_operator' retrieved from /home/airflow/.local/lib/python3.8/site-packages/airflow/example_dags/example_branch_day_of_week_operator.py
[2024-07-26T12:18:04.136+0000] {logging_mixin.py:188} INFO - [2024-07-26T12:18:04.136+0000] {dag.py:3036} INFO - Sync 1 DAGs
[2024-07-26T12:18:04.164+0000] {logging_mixin.py:188} INFO - [2024-07-26T12:18:04.164+0000] {dag.py:3823} INFO - Setting next_dagrun for example_weekday_branch_operator to 2024-07-25 00:00:00+00:00, run_after=2024-07-26 00:00:00+00:00
[2024-07-26T12:18:04.187+0000] {processor.py:183} INFO - Processing /home/airflow/.local/lib/python3.8/site-packages/airflow/example_dags/example_branch_day_of_week_operator.py took 0.091 seconds
[2024-07-26T12:18:35.320+0000] {processor.py:161} INFO - Started process (PID=520) to work on /home/airflow/.local/lib/python3.8/site-packages/airflow/example_dags/example_branch_day_of_week_operator.py
[2024-07-26T12:18:35.321+0000] {processor.py:830} INFO - Processing file /home/airflow/.local/lib/python3.8/site-packages/airflow/example_dags/example_branch_day_of_week_operator.py for tasks to queue
[2024-07-26T12:18:35.324+0000] {logging_mixin.py:188} INFO - [2024-07-26T12:18:35.324+0000] {dagbag.py:538} INFO - Filling up the DagBag from /home/airflow/.local/lib/python3.8/site-packages/airflow/example_dags/example_branch_day_of_week_operator.py
[2024-07-26T12:18:35.333+0000] {processor.py:840} INFO - DAG(s) 'example_weekday_branch_operator' retrieved from /home/airflow/.local/lib/python3.8/site-packages/airflow/example_dags/example_branch_day_of_week_operator.py
[2024-07-26T12:18:35.359+0000] {logging_mixin.py:188} INFO - [2024-07-26T12:18:35.359+0000] {dag.py:3036} INFO - Sync 1 DAGs
[2024-07-26T12:18:35.387+0000] {logging_mixin.py:188} INFO - [2024-07-26T12:18:35.387+0000] {dag.py:3823} INFO - Setting next_dagrun for example_weekday_branch_operator to 2024-07-25 00:00:00+00:00, run_after=2024-07-26 00:00:00+00:00
[2024-07-26T12:18:35.411+0000] {processor.py:183} INFO - Processing /home/airflow/.local/lib/python3.8/site-packages/airflow/example_dags/example_branch_day_of_week_operator.py took 0.095 seconds
[2024-07-26T12:19:06.144+0000] {processor.py:161} INFO - Started process (PID=584) to work on /home/airflow/.local/lib/python3.8/site-packages/airflow/example_dags/example_branch_day_of_week_operator.py
[2024-07-26T12:19:06.145+0000] {processor.py:830} INFO - Processing file /home/airflow/.local/lib/python3.8/site-packages/airflow/example_dags/example_branch_day_of_week_operator.py for tasks to queue
[2024-07-26T12:19:06.147+0000] {logging_mixin.py:188} INFO - [2024-07-26T12:19:06.147+0000] {dagbag.py:538} INFO - Filling up the DagBag from /home/airflow/.local/lib/python3.8/site-packages/airflow/example_dags/example_branch_day_of_week_operator.py
[2024-07-26T12:19:06.155+0000] {processor.py:840} INFO - DAG(s) 'example_weekday_branch_operator' retrieved from /home/airflow/.local/lib/python3.8/site-packages/airflow/example_dags/example_branch_day_of_week_operator.py
[2024-07-26T12:19:06.187+0000] {logging_mixin.py:188} INFO - [2024-07-26T12:19:06.186+0000] {dag.py:3036} INFO - Sync 1 DAGs
[2024-07-26T12:19:06.215+0000] {logging_mixin.py:188} INFO - [2024-07-26T12:19:06.215+0000] {dag.py:3823} INFO - Setting next_dagrun for example_weekday_branch_operator to 2024-07-25 00:00:00+00:00, run_after=2024-07-26 00:00:00+00:00
[2024-07-26T12:19:06.239+0000] {processor.py:183} INFO - Processing /home/airflow/.local/lib/python3.8/site-packages/airflow/example_dags/example_branch_day_of_week_operator.py took 0.099 seconds
[2024-07-26T12:19:36.502+0000] {processor.py:161} INFO - Started process (PID=640) to work on /home/airflow/.local/lib/python3.8/site-packages/airflow/example_dags/example_branch_day_of_week_operator.py
[2024-07-26T12:19:36.503+0000] {processor.py:830} INFO - Processing file /home/airflow/.local/lib/python3.8/site-packages/airflow/example_dags/example_branch_day_of_week_operator.py for tasks to queue
[2024-07-26T12:19:36.505+0000] {logging_mixin.py:188} INFO - [2024-07-26T12:19:36.504+0000] {dagbag.py:538} INFO - Filling up the DagBag from /home/airflow/.local/lib/python3.8/site-packages/airflow/example_dags/example_branch_day_of_week_operator.py
[2024-07-26T12:19:36.517+0000] {processor.py:840} INFO - DAG(s) 'example_weekday_branch_operator' retrieved from /home/airflow/.local/lib/python3.8/site-packages/airflow/example_dags/example_branch_day_of_week_operator.py
[2024-07-26T12:19:36.544+0000] {logging_mixin.py:188} INFO - [2024-07-26T12:19:36.543+0000] {dag.py:3036} INFO - Sync 1 DAGs
[2024-07-26T12:19:36.569+0000] {logging_mixin.py:188} INFO - [2024-07-26T12:19:36.569+0000] {dag.py:3823} INFO - Setting next_dagrun for example_weekday_branch_operator to 2024-07-25 00:00:00+00:00, run_after=2024-07-26 00:00:00+00:00
[2024-07-26T12:19:36.590+0000] {processor.py:183} INFO - Processing /home/airflow/.local/lib/python3.8/site-packages/airflow/example_dags/example_branch_day_of_week_operator.py took 0.092 seconds
[2024-07-26T12:28:21.690+0000] {processor.py:161} INFO - Started process (PID=138) to work on /home/airflow/.local/lib/python3.8/site-packages/airflow/example_dags/example_branch_day_of_week_operator.py
[2024-07-26T12:28:21.691+0000] {processor.py:830} INFO - Processing file /home/airflow/.local/lib/python3.8/site-packages/airflow/example_dags/example_branch_day_of_week_operator.py for tasks to queue
[2024-07-26T12:28:21.694+0000] {logging_mixin.py:188} INFO - [2024-07-26T12:28:21.693+0000] {dagbag.py:538} INFO - Filling up the DagBag from /home/airflow/.local/lib/python3.8/site-packages/airflow/example_dags/example_branch_day_of_week_operator.py
[2024-07-26T12:28:21.703+0000] {processor.py:840} INFO - DAG(s) 'example_weekday_branch_operator' retrieved from /home/airflow/.local/lib/python3.8/site-packages/airflow/example_dags/example_branch_day_of_week_operator.py
[2024-07-26T12:28:21.821+0000] {logging_mixin.py:188} INFO - [2024-07-26T12:28:21.820+0000] {dag.py:3036} INFO - Sync 1 DAGs
[2024-07-26T12:28:21.848+0000] {logging_mixin.py:188} INFO - [2024-07-26T12:28:21.847+0000] {dag.py:3823} INFO - Setting next_dagrun for example_weekday_branch_operator to 2024-07-25 00:00:00+00:00, run_after=2024-07-26 00:00:00+00:00
[2024-07-26T12:28:21.869+0000] {processor.py:183} INFO - Processing /home/airflow/.local/lib/python3.8/site-packages/airflow/example_dags/example_branch_day_of_week_operator.py took 0.182 seconds
[2024-07-26T12:28:51.942+0000] {processor.py:161} INFO - Started process (PID=203) to work on /home/airflow/.local/lib/python3.8/site-packages/airflow/example_dags/example_branch_day_of_week_operator.py
[2024-07-26T12:28:51.943+0000] {processor.py:830} INFO - Processing file /home/airflow/.local/lib/python3.8/site-packages/airflow/example_dags/example_branch_day_of_week_operator.py for tasks to queue
[2024-07-26T12:28:51.946+0000] {logging_mixin.py:188} INFO - [2024-07-26T12:28:51.946+0000] {dagbag.py:538} INFO - Filling up the DagBag from /home/airflow/.local/lib/python3.8/site-packages/airflow/example_dags/example_branch_day_of_week_operator.py
[2024-07-26T12:28:51.954+0000] {processor.py:840} INFO - DAG(s) 'example_weekday_branch_operator' retrieved from /home/airflow/.local/lib/python3.8/site-packages/airflow/example_dags/example_branch_day_of_week_operator.py
[2024-07-26T12:28:51.977+0000] {logging_mixin.py:188} INFO - [2024-07-26T12:28:51.976+0000] {dag.py:3036} INFO - Sync 1 DAGs
[2024-07-26T12:28:52.003+0000] {logging_mixin.py:188} INFO - [2024-07-26T12:28:52.003+0000] {dag.py:3823} INFO - Setting next_dagrun for example_weekday_branch_operator to 2024-07-25 00:00:00+00:00, run_after=2024-07-26 00:00:00+00:00
[2024-07-26T12:28:52.022+0000] {processor.py:183} INFO - Processing /home/airflow/.local/lib/python3.8/site-packages/airflow/example_dags/example_branch_day_of_week_operator.py took 0.083 seconds
[2024-07-26T12:29:22.933+0000] {processor.py:161} INFO - Started process (PID=265) to work on /home/airflow/.local/lib/python3.8/site-packages/airflow/example_dags/example_branch_day_of_week_operator.py
[2024-07-26T12:29:22.934+0000] {processor.py:830} INFO - Processing file /home/airflow/.local/lib/python3.8/site-packages/airflow/example_dags/example_branch_day_of_week_operator.py for tasks to queue
[2024-07-26T12:29:22.936+0000] {logging_mixin.py:188} INFO - [2024-07-26T12:29:22.936+0000] {dagbag.py:538} INFO - Filling up the DagBag from /home/airflow/.local/lib/python3.8/site-packages/airflow/example_dags/example_branch_day_of_week_operator.py
[2024-07-26T12:29:22.946+0000] {processor.py:840} INFO - DAG(s) 'example_weekday_branch_operator' retrieved from /home/airflow/.local/lib/python3.8/site-packages/airflow/example_dags/example_branch_day_of_week_operator.py
[2024-07-26T12:29:22.972+0000] {logging_mixin.py:188} INFO - [2024-07-26T12:29:22.972+0000] {dag.py:3036} INFO - Sync 1 DAGs
[2024-07-26T12:29:23.010+0000] {logging_mixin.py:188} INFO - [2024-07-26T12:29:23.010+0000] {dag.py:3823} INFO - Setting next_dagrun for example_weekday_branch_operator to 2024-07-25 00:00:00+00:00, run_after=2024-07-26 00:00:00+00:00
[2024-07-26T12:29:23.041+0000] {processor.py:183} INFO - Processing /home/airflow/.local/lib/python3.8/site-packages/airflow/example_dags/example_branch_day_of_week_operator.py took 0.112 seconds
[2024-07-26T12:29:53.466+0000] {processor.py:161} INFO - Started process (PID=329) to work on /home/airflow/.local/lib/python3.8/site-packages/airflow/example_dags/example_branch_day_of_week_operator.py
[2024-07-26T12:29:53.469+0000] {processor.py:830} INFO - Processing file /home/airflow/.local/lib/python3.8/site-packages/airflow/example_dags/example_branch_day_of_week_operator.py for tasks to queue
[2024-07-26T12:29:53.472+0000] {logging_mixin.py:188} INFO - [2024-07-26T12:29:53.471+0000] {dagbag.py:538} INFO - Filling up the DagBag from /home/airflow/.local/lib/python3.8/site-packages/airflow/example_dags/example_branch_day_of_week_operator.py
[2024-07-26T12:29:53.483+0000] {processor.py:840} INFO - DAG(s) 'example_weekday_branch_operator' retrieved from /home/airflow/.local/lib/python3.8/site-packages/airflow/example_dags/example_branch_day_of_week_operator.py
[2024-07-26T12:29:53.521+0000] {logging_mixin.py:188} INFO - [2024-07-26T12:29:53.521+0000] {dag.py:3036} INFO - Sync 1 DAGs
[2024-07-26T12:29:53.558+0000] {logging_mixin.py:188} INFO - [2024-07-26T12:29:53.558+0000] {dag.py:3823} INFO - Setting next_dagrun for example_weekday_branch_operator to 2024-07-25 00:00:00+00:00, run_after=2024-07-26 00:00:00+00:00
[2024-07-26T12:29:53.584+0000] {processor.py:183} INFO - Processing /home/airflow/.local/lib/python3.8/site-packages/airflow/example_dags/example_branch_day_of_week_operator.py took 0.123 seconds
[2024-07-26T12:30:24.201+0000] {processor.py:161} INFO - Started process (PID=393) to work on /home/airflow/.local/lib/python3.8/site-packages/airflow/example_dags/example_branch_day_of_week_operator.py
[2024-07-26T12:30:24.202+0000] {processor.py:830} INFO - Processing file /home/airflow/.local/lib/python3.8/site-packages/airflow/example_dags/example_branch_day_of_week_operator.py for tasks to queue
[2024-07-26T12:30:24.207+0000] {logging_mixin.py:188} INFO - [2024-07-26T12:30:24.207+0000] {dagbag.py:538} INFO - Filling up the DagBag from /home/airflow/.local/lib/python3.8/site-packages/airflow/example_dags/example_branch_day_of_week_operator.py
[2024-07-26T12:30:24.218+0000] {processor.py:840} INFO - DAG(s) 'example_weekday_branch_operator' retrieved from /home/airflow/.local/lib/python3.8/site-packages/airflow/example_dags/example_branch_day_of_week_operator.py
[2024-07-26T12:30:24.241+0000] {logging_mixin.py:188} INFO - [2024-07-26T12:30:24.240+0000] {dag.py:3036} INFO - Sync 1 DAGs
[2024-07-26T12:30:24.270+0000] {logging_mixin.py:188} INFO - [2024-07-26T12:30:24.270+0000] {dag.py:3823} INFO - Setting next_dagrun for example_weekday_branch_operator to 2024-07-25 00:00:00+00:00, run_after=2024-07-26 00:00:00+00:00
[2024-07-26T12:30:24.290+0000] {processor.py:183} INFO - Processing /home/airflow/.local/lib/python3.8/site-packages/airflow/example_dags/example_branch_day_of_week_operator.py took 0.092 seconds
[2024-07-26T12:30:55.249+0000] {processor.py:161} INFO - Started process (PID=457) to work on /home/airflow/.local/lib/python3.8/site-packages/airflow/example_dags/example_branch_day_of_week_operator.py
[2024-07-26T12:30:55.250+0000] {processor.py:830} INFO - Processing file /home/airflow/.local/lib/python3.8/site-packages/airflow/example_dags/example_branch_day_of_week_operator.py for tasks to queue
[2024-07-26T12:30:55.254+0000] {logging_mixin.py:188} INFO - [2024-07-26T12:30:55.252+0000] {dagbag.py:538} INFO - Filling up the DagBag from /home/airflow/.local/lib/python3.8/site-packages/airflow/example_dags/example_branch_day_of_week_operator.py
[2024-07-26T12:30:55.265+0000] {processor.py:840} INFO - DAG(s) 'example_weekday_branch_operator' retrieved from /home/airflow/.local/lib/python3.8/site-packages/airflow/example_dags/example_branch_day_of_week_operator.py
[2024-07-26T12:30:55.287+0000] {logging_mixin.py:188} INFO - [2024-07-26T12:30:55.287+0000] {dag.py:3036} INFO - Sync 1 DAGs
[2024-07-26T12:30:55.316+0000] {logging_mixin.py:188} INFO - [2024-07-26T12:30:55.316+0000] {dag.py:3823} INFO - Setting next_dagrun for example_weekday_branch_operator to 2024-07-25 00:00:00+00:00, run_after=2024-07-26 00:00:00+00:00
[2024-07-26T12:30:55.337+0000] {processor.py:183} INFO - Processing /home/airflow/.local/lib/python3.8/site-packages/airflow/example_dags/example_branch_day_of_week_operator.py took 0.091 seconds
[2024-07-26T12:31:26.390+0000] {processor.py:161} INFO - Started process (PID=521) to work on /home/airflow/.local/lib/python3.8/site-packages/airflow/example_dags/example_branch_day_of_week_operator.py
[2024-07-26T12:31:26.391+0000] {processor.py:830} INFO - Processing file /home/airflow/.local/lib/python3.8/site-packages/airflow/example_dags/example_branch_day_of_week_operator.py for tasks to queue
[2024-07-26T12:31:26.393+0000] {logging_mixin.py:188} INFO - [2024-07-26T12:31:26.392+0000] {dagbag.py:538} INFO - Filling up the DagBag from /home/airflow/.local/lib/python3.8/site-packages/airflow/example_dags/example_branch_day_of_week_operator.py
[2024-07-26T12:31:26.404+0000] {processor.py:840} INFO - DAG(s) 'example_weekday_branch_operator' retrieved from /home/airflow/.local/lib/python3.8/site-packages/airflow/example_dags/example_branch_day_of_week_operator.py
[2024-07-26T12:31:26.428+0000] {logging_mixin.py:188} INFO - [2024-07-26T12:31:26.427+0000] {dag.py:3036} INFO - Sync 1 DAGs
[2024-07-26T12:31:26.454+0000] {logging_mixin.py:188} INFO - [2024-07-26T12:31:26.453+0000] {dag.py:3823} INFO - Setting next_dagrun for example_weekday_branch_operator to 2024-07-25 00:00:00+00:00, run_after=2024-07-26 00:00:00+00:00
[2024-07-26T12:31:26.474+0000] {processor.py:183} INFO - Processing /home/airflow/.local/lib/python3.8/site-packages/airflow/example_dags/example_branch_day_of_week_operator.py took 0.088 seconds
[2024-07-26T12:31:57.101+0000] {processor.py:161} INFO - Started process (PID=578) to work on /home/airflow/.local/lib/python3.8/site-packages/airflow/example_dags/example_branch_day_of_week_operator.py
[2024-07-26T12:31:57.102+0000] {processor.py:830} INFO - Processing file /home/airflow/.local/lib/python3.8/site-packages/airflow/example_dags/example_branch_day_of_week_operator.py for tasks to queue
[2024-07-26T12:31:57.105+0000] {logging_mixin.py:188} INFO - [2024-07-26T12:31:57.104+0000] {dagbag.py:538} INFO - Filling up the DagBag from /home/airflow/.local/lib/python3.8/site-packages/airflow/example_dags/example_branch_day_of_week_operator.py
[2024-07-26T12:31:57.114+0000] {processor.py:840} INFO - DAG(s) 'example_weekday_branch_operator' retrieved from /home/airflow/.local/lib/python3.8/site-packages/airflow/example_dags/example_branch_day_of_week_operator.py
[2024-07-26T12:31:57.138+0000] {logging_mixin.py:188} INFO - [2024-07-26T12:31:57.137+0000] {dag.py:3036} INFO - Sync 1 DAGs
[2024-07-26T12:31:57.161+0000] {logging_mixin.py:188} INFO - [2024-07-26T12:31:57.161+0000] {dag.py:3823} INFO - Setting next_dagrun for example_weekday_branch_operator to 2024-07-25 00:00:00+00:00, run_after=2024-07-26 00:00:00+00:00
[2024-07-26T12:31:57.182+0000] {processor.py:183} INFO - Processing /home/airflow/.local/lib/python3.8/site-packages/airflow/example_dags/example_branch_day_of_week_operator.py took 0.084 seconds
[2024-07-26T12:32:27.587+0000] {processor.py:161} INFO - Started process (PID=640) to work on /home/airflow/.local/lib/python3.8/site-packages/airflow/example_dags/example_branch_day_of_week_operator.py
[2024-07-26T12:32:27.589+0000] {processor.py:830} INFO - Processing file /home/airflow/.local/lib/python3.8/site-packages/airflow/example_dags/example_branch_day_of_week_operator.py for tasks to queue
[2024-07-26T12:32:27.591+0000] {logging_mixin.py:188} INFO - [2024-07-26T12:32:27.591+0000] {dagbag.py:538} INFO - Filling up the DagBag from /home/airflow/.local/lib/python3.8/site-packages/airflow/example_dags/example_branch_day_of_week_operator.py
[2024-07-26T12:32:27.606+0000] {processor.py:840} INFO - DAG(s) 'example_weekday_branch_operator' retrieved from /home/airflow/.local/lib/python3.8/site-packages/airflow/example_dags/example_branch_day_of_week_operator.py
[2024-07-26T12:32:27.640+0000] {logging_mixin.py:188} INFO - [2024-07-26T12:32:27.639+0000] {dag.py:3036} INFO - Sync 1 DAGs
[2024-07-26T12:32:27.679+0000] {logging_mixin.py:188} INFO - [2024-07-26T12:32:27.678+0000] {dag.py:3823} INFO - Setting next_dagrun for example_weekday_branch_operator to 2024-07-25 00:00:00+00:00, run_after=2024-07-26 00:00:00+00:00
[2024-07-26T12:32:27.702+0000] {processor.py:183} INFO - Processing /home/airflow/.local/lib/python3.8/site-packages/airflow/example_dags/example_branch_day_of_week_operator.py took 0.119 seconds
[2024-07-26T12:32:58.669+0000] {processor.py:161} INFO - Started process (PID=704) to work on /home/airflow/.local/lib/python3.8/site-packages/airflow/example_dags/example_branch_day_of_week_operator.py
[2024-07-26T12:32:58.671+0000] {processor.py:830} INFO - Processing file /home/airflow/.local/lib/python3.8/site-packages/airflow/example_dags/example_branch_day_of_week_operator.py for tasks to queue
[2024-07-26T12:32:58.672+0000] {logging_mixin.py:188} INFO - [2024-07-26T12:32:58.672+0000] {dagbag.py:538} INFO - Filling up the DagBag from /home/airflow/.local/lib/python3.8/site-packages/airflow/example_dags/example_branch_day_of_week_operator.py
[2024-07-26T12:32:58.682+0000] {processor.py:840} INFO - DAG(s) 'example_weekday_branch_operator' retrieved from /home/airflow/.local/lib/python3.8/site-packages/airflow/example_dags/example_branch_day_of_week_operator.py
[2024-07-26T12:32:58.708+0000] {logging_mixin.py:188} INFO - [2024-07-26T12:32:58.707+0000] {dag.py:3036} INFO - Sync 1 DAGs
[2024-07-26T12:32:58.738+0000] {logging_mixin.py:188} INFO - [2024-07-26T12:32:58.738+0000] {dag.py:3823} INFO - Setting next_dagrun for example_weekday_branch_operator to 2024-07-25 00:00:00+00:00, run_after=2024-07-26 00:00:00+00:00
[2024-07-26T12:32:58.761+0000] {processor.py:183} INFO - Processing /home/airflow/.local/lib/python3.8/site-packages/airflow/example_dags/example_branch_day_of_week_operator.py took 0.094 seconds
[2024-07-26T12:33:29.114+0000] {processor.py:161} INFO - Started process (PID=769) to work on /home/airflow/.local/lib/python3.8/site-packages/airflow/example_dags/example_branch_day_of_week_operator.py
[2024-07-26T12:33:29.116+0000] {processor.py:830} INFO - Processing file /home/airflow/.local/lib/python3.8/site-packages/airflow/example_dags/example_branch_day_of_week_operator.py for tasks to queue
[2024-07-26T12:33:29.120+0000] {logging_mixin.py:188} INFO - [2024-07-26T12:33:29.119+0000] {dagbag.py:538} INFO - Filling up the DagBag from /home/airflow/.local/lib/python3.8/site-packages/airflow/example_dags/example_branch_day_of_week_operator.py
[2024-07-26T12:33:29.132+0000] {processor.py:840} INFO - DAG(s) 'example_weekday_branch_operator' retrieved from /home/airflow/.local/lib/python3.8/site-packages/airflow/example_dags/example_branch_day_of_week_operator.py
[2024-07-26T12:33:29.164+0000] {logging_mixin.py:188} INFO - [2024-07-26T12:33:29.164+0000] {dag.py:3036} INFO - Sync 1 DAGs
[2024-07-26T12:33:29.204+0000] {logging_mixin.py:188} INFO - [2024-07-26T12:33:29.204+0000] {dag.py:3823} INFO - Setting next_dagrun for example_weekday_branch_operator to 2024-07-25 00:00:00+00:00, run_after=2024-07-26 00:00:00+00:00
[2024-07-26T12:33:29.231+0000] {processor.py:183} INFO - Processing /home/airflow/.local/lib/python3.8/site-packages/airflow/example_dags/example_branch_day_of_week_operator.py took 0.121 seconds
[2024-07-26T12:33:59.625+0000] {processor.py:161} INFO - Started process (PID=833) to work on /home/airflow/.local/lib/python3.8/site-packages/airflow/example_dags/example_branch_day_of_week_operator.py
[2024-07-26T12:33:59.627+0000] {processor.py:830} INFO - Processing file /home/airflow/.local/lib/python3.8/site-packages/airflow/example_dags/example_branch_day_of_week_operator.py for tasks to queue
[2024-07-26T12:33:59.629+0000] {logging_mixin.py:188} INFO - [2024-07-26T12:33:59.629+0000] {dagbag.py:538} INFO - Filling up the DagBag from /home/airflow/.local/lib/python3.8/site-packages/airflow/example_dags/example_branch_day_of_week_operator.py
[2024-07-26T12:33:59.637+0000] {processor.py:840} INFO - DAG(s) 'example_weekday_branch_operator' retrieved from /home/airflow/.local/lib/python3.8/site-packages/airflow/example_dags/example_branch_day_of_week_operator.py
[2024-07-26T12:33:59.662+0000] {logging_mixin.py:188} INFO - [2024-07-26T12:33:59.662+0000] {dag.py:3036} INFO - Sync 1 DAGs
[2024-07-26T12:33:59.691+0000] {logging_mixin.py:188} INFO - [2024-07-26T12:33:59.691+0000] {dag.py:3823} INFO - Setting next_dagrun for example_weekday_branch_operator to 2024-07-25 00:00:00+00:00, run_after=2024-07-26 00:00:00+00:00
[2024-07-26T12:33:59.714+0000] {processor.py:183} INFO - Processing /home/airflow/.local/lib/python3.8/site-packages/airflow/example_dags/example_branch_day_of_week_operator.py took 0.093 seconds
[2024-07-26T12:34:29.851+0000] {processor.py:161} INFO - Started process (PID=897) to work on /home/airflow/.local/lib/python3.8/site-packages/airflow/example_dags/example_branch_day_of_week_operator.py
[2024-07-26T12:34:29.852+0000] {processor.py:830} INFO - Processing file /home/airflow/.local/lib/python3.8/site-packages/airflow/example_dags/example_branch_day_of_week_operator.py for tasks to queue
[2024-07-26T12:34:29.854+0000] {logging_mixin.py:188} INFO - [2024-07-26T12:34:29.854+0000] {dagbag.py:538} INFO - Filling up the DagBag from /home/airflow/.local/lib/python3.8/site-packages/airflow/example_dags/example_branch_day_of_week_operator.py
[2024-07-26T12:34:29.863+0000] {processor.py:840} INFO - DAG(s) 'example_weekday_branch_operator' retrieved from /home/airflow/.local/lib/python3.8/site-packages/airflow/example_dags/example_branch_day_of_week_operator.py
[2024-07-26T12:34:29.887+0000] {logging_mixin.py:188} INFO - [2024-07-26T12:34:29.886+0000] {dag.py:3036} INFO - Sync 1 DAGs
[2024-07-26T12:34:29.915+0000] {logging_mixin.py:188} INFO - [2024-07-26T12:34:29.915+0000] {dag.py:3823} INFO - Setting next_dagrun for example_weekday_branch_operator to 2024-07-25 00:00:00+00:00, run_after=2024-07-26 00:00:00+00:00
[2024-07-26T12:34:29.936+0000] {processor.py:183} INFO - Processing /home/airflow/.local/lib/python3.8/site-packages/airflow/example_dags/example_branch_day_of_week_operator.py took 0.088 seconds
[2024-07-26T12:35:00.587+0000] {processor.py:161} INFO - Started process (PID=961) to work on /home/airflow/.local/lib/python3.8/site-packages/airflow/example_dags/example_branch_day_of_week_operator.py
[2024-07-26T12:35:00.588+0000] {processor.py:830} INFO - Processing file /home/airflow/.local/lib/python3.8/site-packages/airflow/example_dags/example_branch_day_of_week_operator.py for tasks to queue
[2024-07-26T12:35:00.589+0000] {logging_mixin.py:188} INFO - [2024-07-26T12:35:00.589+0000] {dagbag.py:538} INFO - Filling up the DagBag from /home/airflow/.local/lib/python3.8/site-packages/airflow/example_dags/example_branch_day_of_week_operator.py
[2024-07-26T12:35:00.598+0000] {processor.py:840} INFO - DAG(s) 'example_weekday_branch_operator' retrieved from /home/airflow/.local/lib/python3.8/site-packages/airflow/example_dags/example_branch_day_of_week_operator.py
[2024-07-26T12:35:00.620+0000] {logging_mixin.py:188} INFO - [2024-07-26T12:35:00.620+0000] {dag.py:3036} INFO - Sync 1 DAGs
[2024-07-26T12:35:00.646+0000] {logging_mixin.py:188} INFO - [2024-07-26T12:35:00.645+0000] {dag.py:3823} INFO - Setting next_dagrun for example_weekday_branch_operator to 2024-07-25 00:00:00+00:00, run_after=2024-07-26 00:00:00+00:00
[2024-07-26T12:35:00.664+0000] {processor.py:183} INFO - Processing /home/airflow/.local/lib/python3.8/site-packages/airflow/example_dags/example_branch_day_of_week_operator.py took 0.081 seconds
[2024-07-26T12:35:31.306+0000] {processor.py:161} INFO - Started process (PID=1025) to work on /home/airflow/.local/lib/python3.8/site-packages/airflow/example_dags/example_branch_day_of_week_operator.py
[2024-07-26T12:35:31.307+0000] {processor.py:830} INFO - Processing file /home/airflow/.local/lib/python3.8/site-packages/airflow/example_dags/example_branch_day_of_week_operator.py for tasks to queue
[2024-07-26T12:35:31.309+0000] {logging_mixin.py:188} INFO - [2024-07-26T12:35:31.309+0000] {dagbag.py:538} INFO - Filling up the DagBag from /home/airflow/.local/lib/python3.8/site-packages/airflow/example_dags/example_branch_day_of_week_operator.py
[2024-07-26T12:35:31.317+0000] {processor.py:840} INFO - DAG(s) 'example_weekday_branch_operator' retrieved from /home/airflow/.local/lib/python3.8/site-packages/airflow/example_dags/example_branch_day_of_week_operator.py
[2024-07-26T12:35:31.341+0000] {logging_mixin.py:188} INFO - [2024-07-26T12:35:31.340+0000] {dag.py:3036} INFO - Sync 1 DAGs
[2024-07-26T12:35:31.370+0000] {logging_mixin.py:188} INFO - [2024-07-26T12:35:31.370+0000] {dag.py:3823} INFO - Setting next_dagrun for example_weekday_branch_operator to 2024-07-25 00:00:00+00:00, run_after=2024-07-26 00:00:00+00:00
[2024-07-26T12:35:31.390+0000] {processor.py:183} INFO - Processing /home/airflow/.local/lib/python3.8/site-packages/airflow/example_dags/example_branch_day_of_week_operator.py took 0.087 seconds
[2024-07-26T12:36:01.677+0000] {processor.py:161} INFO - Started process (PID=1089) to work on /home/airflow/.local/lib/python3.8/site-packages/airflow/example_dags/example_branch_day_of_week_operator.py
[2024-07-26T12:36:01.678+0000] {processor.py:830} INFO - Processing file /home/airflow/.local/lib/python3.8/site-packages/airflow/example_dags/example_branch_day_of_week_operator.py for tasks to queue
[2024-07-26T12:36:01.680+0000] {logging_mixin.py:188} INFO - [2024-07-26T12:36:01.680+0000] {dagbag.py:538} INFO - Filling up the DagBag from /home/airflow/.local/lib/python3.8/site-packages/airflow/example_dags/example_branch_day_of_week_operator.py
[2024-07-26T12:36:01.690+0000] {processor.py:840} INFO - DAG(s) 'example_weekday_branch_operator' retrieved from /home/airflow/.local/lib/python3.8/site-packages/airflow/example_dags/example_branch_day_of_week_operator.py
[2024-07-26T12:36:01.716+0000] {logging_mixin.py:188} INFO - [2024-07-26T12:36:01.715+0000] {dag.py:3036} INFO - Sync 1 DAGs
[2024-07-26T12:36:01.744+0000] {logging_mixin.py:188} INFO - [2024-07-26T12:36:01.744+0000] {dag.py:3823} INFO - Setting next_dagrun for example_weekday_branch_operator to 2024-07-25 00:00:00+00:00, run_after=2024-07-26 00:00:00+00:00
[2024-07-26T12:36:01.768+0000] {processor.py:183} INFO - Processing /home/airflow/.local/lib/python3.8/site-packages/airflow/example_dags/example_branch_day_of_week_operator.py took 0.095 seconds
[2024-07-26T12:36:31.996+0000] {processor.py:161} INFO - Started process (PID=1153) to work on /home/airflow/.local/lib/python3.8/site-packages/airflow/example_dags/example_branch_day_of_week_operator.py
[2024-07-26T12:36:31.998+0000] {processor.py:830} INFO - Processing file /home/airflow/.local/lib/python3.8/site-packages/airflow/example_dags/example_branch_day_of_week_operator.py for tasks to queue
[2024-07-26T12:36:32.000+0000] {logging_mixin.py:188} INFO - [2024-07-26T12:36:32.000+0000] {dagbag.py:538} INFO - Filling up the DagBag from /home/airflow/.local/lib/python3.8/site-packages/airflow/example_dags/example_branch_day_of_week_operator.py
[2024-07-26T12:36:32.020+0000] {processor.py:840} INFO - DAG(s) 'example_weekday_branch_operator' retrieved from /home/airflow/.local/lib/python3.8/site-packages/airflow/example_dags/example_branch_day_of_week_operator.py
[2024-07-26T12:36:32.046+0000] {logging_mixin.py:188} INFO - [2024-07-26T12:36:32.045+0000] {dag.py:3036} INFO - Sync 1 DAGs
[2024-07-26T12:36:32.078+0000] {logging_mixin.py:188} INFO - [2024-07-26T12:36:32.078+0000] {dag.py:3823} INFO - Setting next_dagrun for example_weekday_branch_operator to 2024-07-25 00:00:00+00:00, run_after=2024-07-26 00:00:00+00:00
[2024-07-26T12:36:32.101+0000] {processor.py:183} INFO - Processing /home/airflow/.local/lib/python3.8/site-packages/airflow/example_dags/example_branch_day_of_week_operator.py took 0.108 seconds
[2024-07-26T12:37:02.484+0000] {processor.py:161} INFO - Started process (PID=1217) to work on /home/airflow/.local/lib/python3.8/site-packages/airflow/example_dags/example_branch_day_of_week_operator.py
[2024-07-26T12:37:02.486+0000] {processor.py:830} INFO - Processing file /home/airflow/.local/lib/python3.8/site-packages/airflow/example_dags/example_branch_day_of_week_operator.py for tasks to queue
[2024-07-26T12:37:02.488+0000] {logging_mixin.py:188} INFO - [2024-07-26T12:37:02.487+0000] {dagbag.py:538} INFO - Filling up the DagBag from /home/airflow/.local/lib/python3.8/site-packages/airflow/example_dags/example_branch_day_of_week_operator.py
[2024-07-26T12:37:02.498+0000] {processor.py:840} INFO - DAG(s) 'example_weekday_branch_operator' retrieved from /home/airflow/.local/lib/python3.8/site-packages/airflow/example_dags/example_branch_day_of_week_operator.py
[2024-07-26T12:37:02.521+0000] {logging_mixin.py:188} INFO - [2024-07-26T12:37:02.521+0000] {dag.py:3036} INFO - Sync 1 DAGs
[2024-07-26T12:37:02.549+0000] {logging_mixin.py:188} INFO - [2024-07-26T12:37:02.549+0000] {dag.py:3823} INFO - Setting next_dagrun for example_weekday_branch_operator to 2024-07-25 00:00:00+00:00, run_after=2024-07-26 00:00:00+00:00
[2024-07-26T12:37:02.568+0000] {processor.py:183} INFO - Processing /home/airflow/.local/lib/python3.8/site-packages/airflow/example_dags/example_branch_day_of_week_operator.py took 0.088 seconds
[2024-07-26T12:38:54.151+0000] {processor.py:161} INFO - Started process (PID=126) to work on /home/airflow/.local/lib/python3.8/site-packages/airflow/example_dags/example_branch_day_of_week_operator.py
[2024-07-26T12:38:54.152+0000] {processor.py:830} INFO - Processing file /home/airflow/.local/lib/python3.8/site-packages/airflow/example_dags/example_branch_day_of_week_operator.py for tasks to queue
[2024-07-26T12:38:54.155+0000] {logging_mixin.py:188} INFO - [2024-07-26T12:38:54.154+0000] {dagbag.py:538} INFO - Filling up the DagBag from /home/airflow/.local/lib/python3.8/site-packages/airflow/example_dags/example_branch_day_of_week_operator.py
[2024-07-26T12:38:54.164+0000] {processor.py:840} INFO - DAG(s) 'example_weekday_branch_operator' retrieved from /home/airflow/.local/lib/python3.8/site-packages/airflow/example_dags/example_branch_day_of_week_operator.py
[2024-07-26T12:38:54.178+0000] {logging_mixin.py:188} INFO - [2024-07-26T12:38:54.177+0000] {dag.py:3036} INFO - Sync 1 DAGs
[2024-07-26T12:38:54.204+0000] {logging_mixin.py:188} INFO - [2024-07-26T12:38:54.204+0000] {dag.py:3823} INFO - Setting next_dagrun for example_weekday_branch_operator to 2024-07-25 00:00:00+00:00, run_after=2024-07-26 00:00:00+00:00
[2024-07-26T12:38:54.226+0000] {processor.py:183} INFO - Processing /home/airflow/.local/lib/python3.8/site-packages/airflow/example_dags/example_branch_day_of_week_operator.py took 0.077 seconds
[2024-07-26T12:39:27.254+0000] {processor.py:161} INFO - Started process (PID=190) to work on /home/airflow/.local/lib/python3.8/site-packages/airflow/example_dags/example_branch_day_of_week_operator.py
[2024-07-26T12:39:27.255+0000] {processor.py:830} INFO - Processing file /home/airflow/.local/lib/python3.8/site-packages/airflow/example_dags/example_branch_day_of_week_operator.py for tasks to queue
[2024-07-26T12:39:27.258+0000] {logging_mixin.py:188} INFO - [2024-07-26T12:39:27.257+0000] {dagbag.py:538} INFO - Filling up the DagBag from /home/airflow/.local/lib/python3.8/site-packages/airflow/example_dags/example_branch_day_of_week_operator.py
[2024-07-26T12:39:27.267+0000] {processor.py:840} INFO - DAG(s) 'example_weekday_branch_operator' retrieved from /home/airflow/.local/lib/python3.8/site-packages/airflow/example_dags/example_branch_day_of_week_operator.py
[2024-07-26T12:39:27.388+0000] {logging_mixin.py:188} INFO - [2024-07-26T12:39:27.387+0000] {dag.py:3036} INFO - Sync 1 DAGs
[2024-07-26T12:39:27.413+0000] {logging_mixin.py:188} INFO - [2024-07-26T12:39:27.413+0000] {dag.py:3823} INFO - Setting next_dagrun for example_weekday_branch_operator to 2024-07-25 00:00:00+00:00, run_after=2024-07-26 00:00:00+00:00
[2024-07-26T12:39:27.436+0000] {processor.py:183} INFO - Processing /home/airflow/.local/lib/python3.8/site-packages/airflow/example_dags/example_branch_day_of_week_operator.py took 0.185 seconds
[2024-07-26T12:43:22.844+0000] {processor.py:161} INFO - Started process (PID=137) to work on /home/airflow/.local/lib/python3.8/site-packages/airflow/example_dags/example_branch_day_of_week_operator.py
[2024-07-26T12:43:22.845+0000] {processor.py:830} INFO - Processing file /home/airflow/.local/lib/python3.8/site-packages/airflow/example_dags/example_branch_day_of_week_operator.py for tasks to queue
[2024-07-26T12:43:22.847+0000] {logging_mixin.py:188} INFO - [2024-07-26T12:43:22.846+0000] {dagbag.py:538} INFO - Filling up the DagBag from /home/airflow/.local/lib/python3.8/site-packages/airflow/example_dags/example_branch_day_of_week_operator.py
[2024-07-26T12:43:22.856+0000] {processor.py:840} INFO - DAG(s) 'example_weekday_branch_operator' retrieved from /home/airflow/.local/lib/python3.8/site-packages/airflow/example_dags/example_branch_day_of_week_operator.py
[2024-07-26T12:43:23.004+0000] {logging_mixin.py:188} INFO - [2024-07-26T12:43:23.003+0000] {dag.py:3036} INFO - Sync 1 DAGs
[2024-07-26T12:43:23.041+0000] {logging_mixin.py:188} INFO - [2024-07-26T12:43:23.040+0000] {dag.py:3823} INFO - Setting next_dagrun for example_weekday_branch_operator to 2024-07-25 00:00:00+00:00, run_after=2024-07-26 00:00:00+00:00
[2024-07-26T12:43:23.077+0000] {processor.py:183} INFO - Processing /home/airflow/.local/lib/python3.8/site-packages/airflow/example_dags/example_branch_day_of_week_operator.py took 0.236 seconds
[2024-07-26T12:43:53.606+0000] {processor.py:161} INFO - Started process (PID=201) to work on /home/airflow/.local/lib/python3.8/site-packages/airflow/example_dags/example_branch_day_of_week_operator.py
[2024-07-26T12:43:53.607+0000] {processor.py:830} INFO - Processing file /home/airflow/.local/lib/python3.8/site-packages/airflow/example_dags/example_branch_day_of_week_operator.py for tasks to queue
[2024-07-26T12:43:53.609+0000] {logging_mixin.py:188} INFO - [2024-07-26T12:43:53.609+0000] {dagbag.py:538} INFO - Filling up the DagBag from /home/airflow/.local/lib/python3.8/site-packages/airflow/example_dags/example_branch_day_of_week_operator.py
[2024-07-26T12:43:53.618+0000] {processor.py:840} INFO - DAG(s) 'example_weekday_branch_operator' retrieved from /home/airflow/.local/lib/python3.8/site-packages/airflow/example_dags/example_branch_day_of_week_operator.py
[2024-07-26T12:43:53.639+0000] {logging_mixin.py:188} INFO - [2024-07-26T12:43:53.639+0000] {dag.py:3036} INFO - Sync 1 DAGs
[2024-07-26T12:43:53.663+0000] {logging_mixin.py:188} INFO - [2024-07-26T12:43:53.662+0000] {dag.py:3823} INFO - Setting next_dagrun for example_weekday_branch_operator to 2024-07-25 00:00:00+00:00, run_after=2024-07-26 00:00:00+00:00
[2024-07-26T12:43:53.682+0000] {processor.py:183} INFO - Processing /home/airflow/.local/lib/python3.8/site-packages/airflow/example_dags/example_branch_day_of_week_operator.py took 0.080 seconds
[2024-07-26T12:44:23.861+0000] {processor.py:161} INFO - Started process (PID=265) to work on /home/airflow/.local/lib/python3.8/site-packages/airflow/example_dags/example_branch_day_of_week_operator.py
[2024-07-26T12:44:23.863+0000] {processor.py:830} INFO - Processing file /home/airflow/.local/lib/python3.8/site-packages/airflow/example_dags/example_branch_day_of_week_operator.py for tasks to queue
[2024-07-26T12:44:23.865+0000] {logging_mixin.py:188} INFO - [2024-07-26T12:44:23.865+0000] {dagbag.py:538} INFO - Filling up the DagBag from /home/airflow/.local/lib/python3.8/site-packages/airflow/example_dags/example_branch_day_of_week_operator.py
[2024-07-26T12:44:23.873+0000] {processor.py:840} INFO - DAG(s) 'example_weekday_branch_operator' retrieved from /home/airflow/.local/lib/python3.8/site-packages/airflow/example_dags/example_branch_day_of_week_operator.py
[2024-07-26T12:44:23.897+0000] {logging_mixin.py:188} INFO - [2024-07-26T12:44:23.897+0000] {dag.py:3036} INFO - Sync 1 DAGs
[2024-07-26T12:44:23.924+0000] {logging_mixin.py:188} INFO - [2024-07-26T12:44:23.923+0000] {dag.py:3823} INFO - Setting next_dagrun for example_weekday_branch_operator to 2024-07-25 00:00:00+00:00, run_after=2024-07-26 00:00:00+00:00
[2024-07-26T12:44:23.956+0000] {processor.py:183} INFO - Processing /home/airflow/.local/lib/python3.8/site-packages/airflow/example_dags/example_branch_day_of_week_operator.py took 0.098 seconds
[2024-07-26T12:49:49.505+0000] {processor.py:161} INFO - Started process (PID=131) to work on /home/airflow/.local/lib/python3.8/site-packages/airflow/example_dags/example_branch_day_of_week_operator.py
[2024-07-26T12:49:49.506+0000] {processor.py:830} INFO - Processing file /home/airflow/.local/lib/python3.8/site-packages/airflow/example_dags/example_branch_day_of_week_operator.py for tasks to queue
[2024-07-26T12:49:49.509+0000] {logging_mixin.py:188} INFO - [2024-07-26T12:49:49.508+0000] {dagbag.py:538} INFO - Filling up the DagBag from /home/airflow/.local/lib/python3.8/site-packages/airflow/example_dags/example_branch_day_of_week_operator.py
[2024-07-26T12:49:49.518+0000] {processor.py:840} INFO - DAG(s) 'example_weekday_branch_operator' retrieved from /home/airflow/.local/lib/python3.8/site-packages/airflow/example_dags/example_branch_day_of_week_operator.py
[2024-07-26T12:49:49.670+0000] {logging_mixin.py:188} INFO - [2024-07-26T12:49:49.670+0000] {dag.py:3036} INFO - Sync 1 DAGs
[2024-07-26T12:49:49.700+0000] {logging_mixin.py:188} INFO - [2024-07-26T12:49:49.700+0000] {dag.py:3823} INFO - Setting next_dagrun for example_weekday_branch_operator to 2024-07-25 00:00:00+00:00, run_after=2024-07-26 00:00:00+00:00
[2024-07-26T12:49:49.725+0000] {processor.py:183} INFO - Processing /home/airflow/.local/lib/python3.8/site-packages/airflow/example_dags/example_branch_day_of_week_operator.py took 0.223 seconds
[2024-07-26T12:50:19.893+0000] {processor.py:161} INFO - Started process (PID=195) to work on /home/airflow/.local/lib/python3.8/site-packages/airflow/example_dags/example_branch_day_of_week_operator.py
[2024-07-26T12:50:19.894+0000] {processor.py:830} INFO - Processing file /home/airflow/.local/lib/python3.8/site-packages/airflow/example_dags/example_branch_day_of_week_operator.py for tasks to queue
[2024-07-26T12:50:19.896+0000] {logging_mixin.py:188} INFO - [2024-07-26T12:50:19.896+0000] {dagbag.py:538} INFO - Filling up the DagBag from /home/airflow/.local/lib/python3.8/site-packages/airflow/example_dags/example_branch_day_of_week_operator.py
[2024-07-26T12:50:19.910+0000] {processor.py:840} INFO - DAG(s) 'example_weekday_branch_operator' retrieved from /home/airflow/.local/lib/python3.8/site-packages/airflow/example_dags/example_branch_day_of_week_operator.py
[2024-07-26T12:50:19.938+0000] {logging_mixin.py:188} INFO - [2024-07-26T12:50:19.937+0000] {dag.py:3036} INFO - Sync 1 DAGs
[2024-07-26T12:50:19.969+0000] {logging_mixin.py:188} INFO - [2024-07-26T12:50:19.968+0000] {dag.py:3823} INFO - Setting next_dagrun for example_weekday_branch_operator to 2024-07-25 00:00:00+00:00, run_after=2024-07-26 00:00:00+00:00
[2024-07-26T12:50:19.996+0000] {processor.py:183} INFO - Processing /home/airflow/.local/lib/python3.8/site-packages/airflow/example_dags/example_branch_day_of_week_operator.py took 0.108 seconds
[2024-07-26T12:50:50.962+0000] {processor.py:161} INFO - Started process (PID=259) to work on /home/airflow/.local/lib/python3.8/site-packages/airflow/example_dags/example_branch_day_of_week_operator.py
[2024-07-26T12:50:50.963+0000] {processor.py:830} INFO - Processing file /home/airflow/.local/lib/python3.8/site-packages/airflow/example_dags/example_branch_day_of_week_operator.py for tasks to queue
[2024-07-26T12:50:50.966+0000] {logging_mixin.py:188} INFO - [2024-07-26T12:50:50.965+0000] {dagbag.py:538} INFO - Filling up the DagBag from /home/airflow/.local/lib/python3.8/site-packages/airflow/example_dags/example_branch_day_of_week_operator.py
[2024-07-26T12:50:50.992+0000] {processor.py:840} INFO - DAG(s) 'example_weekday_branch_operator' retrieved from /home/airflow/.local/lib/python3.8/site-packages/airflow/example_dags/example_branch_day_of_week_operator.py
[2024-07-26T12:50:51.054+0000] {logging_mixin.py:188} INFO - [2024-07-26T12:50:51.053+0000] {dag.py:3036} INFO - Sync 1 DAGs
[2024-07-26T12:50:51.111+0000] {logging_mixin.py:188} INFO - [2024-07-26T12:50:51.111+0000] {dag.py:3823} INFO - Setting next_dagrun for example_weekday_branch_operator to 2024-07-25 00:00:00+00:00, run_after=2024-07-26 00:00:00+00:00
[2024-07-26T12:50:51.160+0000] {processor.py:183} INFO - Processing /home/airflow/.local/lib/python3.8/site-packages/airflow/example_dags/example_branch_day_of_week_operator.py took 0.202 seconds
[2024-07-26T12:51:21.248+0000] {processor.py:161} INFO - Started process (PID=324) to work on /home/airflow/.local/lib/python3.8/site-packages/airflow/example_dags/example_branch_day_of_week_operator.py
[2024-07-26T12:51:21.249+0000] {processor.py:830} INFO - Processing file /home/airflow/.local/lib/python3.8/site-packages/airflow/example_dags/example_branch_day_of_week_operator.py for tasks to queue
[2024-07-26T12:51:21.251+0000] {logging_mixin.py:188} INFO - [2024-07-26T12:51:21.251+0000] {dagbag.py:538} INFO - Filling up the DagBag from /home/airflow/.local/lib/python3.8/site-packages/airflow/example_dags/example_branch_day_of_week_operator.py
[2024-07-26T12:51:21.259+0000] {processor.py:840} INFO - DAG(s) 'example_weekday_branch_operator' retrieved from /home/airflow/.local/lib/python3.8/site-packages/airflow/example_dags/example_branch_day_of_week_operator.py
[2024-07-26T12:51:21.284+0000] {logging_mixin.py:188} INFO - [2024-07-26T12:51:21.284+0000] {dag.py:3036} INFO - Sync 1 DAGs
[2024-07-26T12:51:21.309+0000] {logging_mixin.py:188} INFO - [2024-07-26T12:51:21.309+0000] {dag.py:3823} INFO - Setting next_dagrun for example_weekday_branch_operator to 2024-07-25 00:00:00+00:00, run_after=2024-07-26 00:00:00+00:00
[2024-07-26T12:51:21.333+0000] {processor.py:183} INFO - Processing /home/airflow/.local/lib/python3.8/site-packages/airflow/example_dags/example_branch_day_of_week_operator.py took 0.088 seconds
[2024-07-26T12:51:51.843+0000] {processor.py:161} INFO - Started process (PID=387) to work on /home/airflow/.local/lib/python3.8/site-packages/airflow/example_dags/example_branch_day_of_week_operator.py
[2024-07-26T12:51:51.844+0000] {processor.py:830} INFO - Processing file /home/airflow/.local/lib/python3.8/site-packages/airflow/example_dags/example_branch_day_of_week_operator.py for tasks to queue
[2024-07-26T12:51:51.846+0000] {logging_mixin.py:188} INFO - [2024-07-26T12:51:51.846+0000] {dagbag.py:538} INFO - Filling up the DagBag from /home/airflow/.local/lib/python3.8/site-packages/airflow/example_dags/example_branch_day_of_week_operator.py
[2024-07-26T12:51:51.856+0000] {processor.py:840} INFO - DAG(s) 'example_weekday_branch_operator' retrieved from /home/airflow/.local/lib/python3.8/site-packages/airflow/example_dags/example_branch_day_of_week_operator.py
[2024-07-26T12:51:51.878+0000] {logging_mixin.py:188} INFO - [2024-07-26T12:51:51.878+0000] {dag.py:3036} INFO - Sync 1 DAGs
[2024-07-26T12:51:51.905+0000] {logging_mixin.py:188} INFO - [2024-07-26T12:51:51.904+0000] {dag.py:3823} INFO - Setting next_dagrun for example_weekday_branch_operator to 2024-07-25 00:00:00+00:00, run_after=2024-07-26 00:00:00+00:00
[2024-07-26T12:51:51.925+0000] {processor.py:183} INFO - Processing /home/airflow/.local/lib/python3.8/site-packages/airflow/example_dags/example_branch_day_of_week_operator.py took 0.085 seconds
[2024-07-26T12:52:23.298+0000] {processor.py:161} INFO - Started process (PID=451) to work on /home/airflow/.local/lib/python3.8/site-packages/airflow/example_dags/example_branch_day_of_week_operator.py
[2024-07-26T12:52:23.299+0000] {processor.py:830} INFO - Processing file /home/airflow/.local/lib/python3.8/site-packages/airflow/example_dags/example_branch_day_of_week_operator.py for tasks to queue
[2024-07-26T12:52:23.301+0000] {logging_mixin.py:188} INFO - [2024-07-26T12:52:23.301+0000] {dagbag.py:538} INFO - Filling up the DagBag from /home/airflow/.local/lib/python3.8/site-packages/airflow/example_dags/example_branch_day_of_week_operator.py
[2024-07-26T12:52:23.309+0000] {processor.py:840} INFO - DAG(s) 'example_weekday_branch_operator' retrieved from /home/airflow/.local/lib/python3.8/site-packages/airflow/example_dags/example_branch_day_of_week_operator.py
[2024-07-26T12:52:23.332+0000] {logging_mixin.py:188} INFO - [2024-07-26T12:52:23.331+0000] {dag.py:3036} INFO - Sync 1 DAGs
[2024-07-26T12:52:23.356+0000] {logging_mixin.py:188} INFO - [2024-07-26T12:52:23.356+0000] {dag.py:3823} INFO - Setting next_dagrun for example_weekday_branch_operator to 2024-07-25 00:00:00+00:00, run_after=2024-07-26 00:00:00+00:00
[2024-07-26T12:52:23.379+0000] {processor.py:183} INFO - Processing /home/airflow/.local/lib/python3.8/site-packages/airflow/example_dags/example_branch_day_of_week_operator.py took 0.084 seconds
[2024-07-26T12:52:53.448+0000] {processor.py:161} INFO - Started process (PID=508) to work on /home/airflow/.local/lib/python3.8/site-packages/airflow/example_dags/example_branch_day_of_week_operator.py
[2024-07-26T12:52:53.449+0000] {processor.py:830} INFO - Processing file /home/airflow/.local/lib/python3.8/site-packages/airflow/example_dags/example_branch_day_of_week_operator.py for tasks to queue
[2024-07-26T12:52:53.451+0000] {logging_mixin.py:188} INFO - [2024-07-26T12:52:53.451+0000] {dagbag.py:538} INFO - Filling up the DagBag from /home/airflow/.local/lib/python3.8/site-packages/airflow/example_dags/example_branch_day_of_week_operator.py
[2024-07-26T12:52:53.460+0000] {processor.py:840} INFO - DAG(s) 'example_weekday_branch_operator' retrieved from /home/airflow/.local/lib/python3.8/site-packages/airflow/example_dags/example_branch_day_of_week_operator.py
[2024-07-26T12:52:53.483+0000] {logging_mixin.py:188} INFO - [2024-07-26T12:52:53.483+0000] {dag.py:3036} INFO - Sync 1 DAGs
[2024-07-26T12:52:53.509+0000] {logging_mixin.py:188} INFO - [2024-07-26T12:52:53.509+0000] {dag.py:3823} INFO - Setting next_dagrun for example_weekday_branch_operator to 2024-07-25 00:00:00+00:00, run_after=2024-07-26 00:00:00+00:00
[2024-07-26T12:52:53.530+0000] {processor.py:183} INFO - Processing /home/airflow/.local/lib/python3.8/site-packages/airflow/example_dags/example_branch_day_of_week_operator.py took 0.085 seconds
[2024-07-26T12:53:23.707+0000] {processor.py:161} INFO - Started process (PID=570) to work on /home/airflow/.local/lib/python3.8/site-packages/airflow/example_dags/example_branch_day_of_week_operator.py
[2024-07-26T12:53:23.708+0000] {processor.py:830} INFO - Processing file /home/airflow/.local/lib/python3.8/site-packages/airflow/example_dags/example_branch_day_of_week_operator.py for tasks to queue
[2024-07-26T12:53:23.710+0000] {logging_mixin.py:188} INFO - [2024-07-26T12:53:23.710+0000] {dagbag.py:538} INFO - Filling up the DagBag from /home/airflow/.local/lib/python3.8/site-packages/airflow/example_dags/example_branch_day_of_week_operator.py
[2024-07-26T12:53:23.719+0000] {processor.py:840} INFO - DAG(s) 'example_weekday_branch_operator' retrieved from /home/airflow/.local/lib/python3.8/site-packages/airflow/example_dags/example_branch_day_of_week_operator.py
[2024-07-26T12:53:23.743+0000] {logging_mixin.py:188} INFO - [2024-07-26T12:53:23.743+0000] {dag.py:3036} INFO - Sync 1 DAGs
[2024-07-26T12:53:23.769+0000] {logging_mixin.py:188} INFO - [2024-07-26T12:53:23.769+0000] {dag.py:3823} INFO - Setting next_dagrun for example_weekday_branch_operator to 2024-07-25 00:00:00+00:00, run_after=2024-07-26 00:00:00+00:00
[2024-07-26T12:53:23.790+0000] {processor.py:183} INFO - Processing /home/airflow/.local/lib/python3.8/site-packages/airflow/example_dags/example_branch_day_of_week_operator.py took 0.086 seconds
[2024-07-26T12:53:54.106+0000] {processor.py:161} INFO - Started process (PID=634) to work on /home/airflow/.local/lib/python3.8/site-packages/airflow/example_dags/example_branch_day_of_week_operator.py
[2024-07-26T12:53:54.107+0000] {processor.py:830} INFO - Processing file /home/airflow/.local/lib/python3.8/site-packages/airflow/example_dags/example_branch_day_of_week_operator.py for tasks to queue
[2024-07-26T12:53:54.109+0000] {logging_mixin.py:188} INFO - [2024-07-26T12:53:54.108+0000] {dagbag.py:538} INFO - Filling up the DagBag from /home/airflow/.local/lib/python3.8/site-packages/airflow/example_dags/example_branch_day_of_week_operator.py
[2024-07-26T12:53:54.117+0000] {processor.py:840} INFO - DAG(s) 'example_weekday_branch_operator' retrieved from /home/airflow/.local/lib/python3.8/site-packages/airflow/example_dags/example_branch_day_of_week_operator.py
[2024-07-26T12:53:54.141+0000] {logging_mixin.py:188} INFO - [2024-07-26T12:53:54.141+0000] {dag.py:3036} INFO - Sync 1 DAGs
[2024-07-26T12:53:54.167+0000] {logging_mixin.py:188} INFO - [2024-07-26T12:53:54.166+0000] {dag.py:3823} INFO - Setting next_dagrun for example_weekday_branch_operator to 2024-07-25 00:00:00+00:00, run_after=2024-07-26 00:00:00+00:00
[2024-07-26T12:53:54.189+0000] {processor.py:183} INFO - Processing /home/airflow/.local/lib/python3.8/site-packages/airflow/example_dags/example_branch_day_of_week_operator.py took 0.087 seconds
[2024-07-26T12:54:24.784+0000] {processor.py:161} INFO - Started process (PID=698) to work on /home/airflow/.local/lib/python3.8/site-packages/airflow/example_dags/example_branch_day_of_week_operator.py
[2024-07-26T12:54:24.785+0000] {processor.py:830} INFO - Processing file /home/airflow/.local/lib/python3.8/site-packages/airflow/example_dags/example_branch_day_of_week_operator.py for tasks to queue
[2024-07-26T12:54:24.787+0000] {logging_mixin.py:188} INFO - [2024-07-26T12:54:24.787+0000] {dagbag.py:538} INFO - Filling up the DagBag from /home/airflow/.local/lib/python3.8/site-packages/airflow/example_dags/example_branch_day_of_week_operator.py
[2024-07-26T12:54:24.796+0000] {processor.py:840} INFO - DAG(s) 'example_weekday_branch_operator' retrieved from /home/airflow/.local/lib/python3.8/site-packages/airflow/example_dags/example_branch_day_of_week_operator.py
[2024-07-26T12:54:24.819+0000] {logging_mixin.py:188} INFO - [2024-07-26T12:54:24.819+0000] {dag.py:3036} INFO - Sync 1 DAGs
[2024-07-26T12:54:24.851+0000] {logging_mixin.py:188} INFO - [2024-07-26T12:54:24.850+0000] {dag.py:3823} INFO - Setting next_dagrun for example_weekday_branch_operator to 2024-07-25 00:00:00+00:00, run_after=2024-07-26 00:00:00+00:00
[2024-07-26T12:54:24.873+0000] {processor.py:183} INFO - Processing /home/airflow/.local/lib/python3.8/site-packages/airflow/example_dags/example_branch_day_of_week_operator.py took 0.092 seconds
[2024-07-26T12:54:54.967+0000] {processor.py:161} INFO - Started process (PID=762) to work on /home/airflow/.local/lib/python3.8/site-packages/airflow/example_dags/example_branch_day_of_week_operator.py
[2024-07-26T12:54:54.968+0000] {processor.py:830} INFO - Processing file /home/airflow/.local/lib/python3.8/site-packages/airflow/example_dags/example_branch_day_of_week_operator.py for tasks to queue
[2024-07-26T12:54:54.971+0000] {logging_mixin.py:188} INFO - [2024-07-26T12:54:54.970+0000] {dagbag.py:538} INFO - Filling up the DagBag from /home/airflow/.local/lib/python3.8/site-packages/airflow/example_dags/example_branch_day_of_week_operator.py
[2024-07-26T12:54:54.980+0000] {processor.py:840} INFO - DAG(s) 'example_weekday_branch_operator' retrieved from /home/airflow/.local/lib/python3.8/site-packages/airflow/example_dags/example_branch_day_of_week_operator.py
[2024-07-26T12:54:55.003+0000] {logging_mixin.py:188} INFO - [2024-07-26T12:54:55.003+0000] {dag.py:3036} INFO - Sync 1 DAGs
[2024-07-26T12:54:55.030+0000] {logging_mixin.py:188} INFO - [2024-07-26T12:54:55.029+0000] {dag.py:3823} INFO - Setting next_dagrun for example_weekday_branch_operator to 2024-07-25 00:00:00+00:00, run_after=2024-07-26 00:00:00+00:00
[2024-07-26T12:54:55.053+0000] {processor.py:183} INFO - Processing /home/airflow/.local/lib/python3.8/site-packages/airflow/example_dags/example_branch_day_of_week_operator.py took 0.089 seconds
[2024-07-26T12:55:25.807+0000] {processor.py:161} INFO - Started process (PID=826) to work on /home/airflow/.local/lib/python3.8/site-packages/airflow/example_dags/example_branch_day_of_week_operator.py
[2024-07-26T12:55:25.808+0000] {processor.py:830} INFO - Processing file /home/airflow/.local/lib/python3.8/site-packages/airflow/example_dags/example_branch_day_of_week_operator.py for tasks to queue
[2024-07-26T12:55:25.810+0000] {logging_mixin.py:188} INFO - [2024-07-26T12:55:25.810+0000] {dagbag.py:538} INFO - Filling up the DagBag from /home/airflow/.local/lib/python3.8/site-packages/airflow/example_dags/example_branch_day_of_week_operator.py
[2024-07-26T12:55:25.820+0000] {processor.py:840} INFO - DAG(s) 'example_weekday_branch_operator' retrieved from /home/airflow/.local/lib/python3.8/site-packages/airflow/example_dags/example_branch_day_of_week_operator.py
[2024-07-26T12:55:25.849+0000] {logging_mixin.py:188} INFO - [2024-07-26T12:55:25.849+0000] {dag.py:3036} INFO - Sync 1 DAGs
[2024-07-26T12:55:25.876+0000] {logging_mixin.py:188} INFO - [2024-07-26T12:55:25.876+0000] {dag.py:3823} INFO - Setting next_dagrun for example_weekday_branch_operator to 2024-07-25 00:00:00+00:00, run_after=2024-07-26 00:00:00+00:00
[2024-07-26T12:55:25.900+0000] {processor.py:183} INFO - Processing /home/airflow/.local/lib/python3.8/site-packages/airflow/example_dags/example_branch_day_of_week_operator.py took 0.097 seconds
[2024-07-26T12:55:56.410+0000] {processor.py:161} INFO - Started process (PID=890) to work on /home/airflow/.local/lib/python3.8/site-packages/airflow/example_dags/example_branch_day_of_week_operator.py
[2024-07-26T12:55:56.411+0000] {processor.py:830} INFO - Processing file /home/airflow/.local/lib/python3.8/site-packages/airflow/example_dags/example_branch_day_of_week_operator.py for tasks to queue
[2024-07-26T12:55:56.423+0000] {logging_mixin.py:188} INFO - [2024-07-26T12:55:56.422+0000] {dagbag.py:538} INFO - Filling up the DagBag from /home/airflow/.local/lib/python3.8/site-packages/airflow/example_dags/example_branch_day_of_week_operator.py
[2024-07-26T12:55:56.446+0000] {processor.py:840} INFO - DAG(s) 'example_weekday_branch_operator' retrieved from /home/airflow/.local/lib/python3.8/site-packages/airflow/example_dags/example_branch_day_of_week_operator.py
[2024-07-26T12:55:56.485+0000] {logging_mixin.py:188} INFO - [2024-07-26T12:55:56.484+0000] {dag.py:3036} INFO - Sync 1 DAGs
[2024-07-26T12:55:56.514+0000] {logging_mixin.py:188} INFO - [2024-07-26T12:55:56.514+0000] {dag.py:3823} INFO - Setting next_dagrun for example_weekday_branch_operator to 2024-07-25 00:00:00+00:00, run_after=2024-07-26 00:00:00+00:00
[2024-07-26T12:55:56.534+0000] {processor.py:183} INFO - Processing /home/airflow/.local/lib/python3.8/site-packages/airflow/example_dags/example_branch_day_of_week_operator.py took 0.127 seconds
[2024-07-26T12:56:27.181+0000] {processor.py:161} INFO - Started process (PID=954) to work on /home/airflow/.local/lib/python3.8/site-packages/airflow/example_dags/example_branch_day_of_week_operator.py
[2024-07-26T12:56:27.182+0000] {processor.py:830} INFO - Processing file /home/airflow/.local/lib/python3.8/site-packages/airflow/example_dags/example_branch_day_of_week_operator.py for tasks to queue
[2024-07-26T12:56:27.184+0000] {logging_mixin.py:188} INFO - [2024-07-26T12:56:27.184+0000] {dagbag.py:538} INFO - Filling up the DagBag from /home/airflow/.local/lib/python3.8/site-packages/airflow/example_dags/example_branch_day_of_week_operator.py
[2024-07-26T12:56:27.192+0000] {processor.py:840} INFO - DAG(s) 'example_weekday_branch_operator' retrieved from /home/airflow/.local/lib/python3.8/site-packages/airflow/example_dags/example_branch_day_of_week_operator.py
[2024-07-26T12:56:27.215+0000] {logging_mixin.py:188} INFO - [2024-07-26T12:56:27.214+0000] {dag.py:3036} INFO - Sync 1 DAGs
[2024-07-26T12:56:27.244+0000] {logging_mixin.py:188} INFO - [2024-07-26T12:56:27.244+0000] {dag.py:3823} INFO - Setting next_dagrun for example_weekday_branch_operator to 2024-07-25 00:00:00+00:00, run_after=2024-07-26 00:00:00+00:00
[2024-07-26T12:56:27.269+0000] {processor.py:183} INFO - Processing /home/airflow/.local/lib/python3.8/site-packages/airflow/example_dags/example_branch_day_of_week_operator.py took 0.091 seconds
[2024-07-26T12:56:57.703+0000] {processor.py:161} INFO - Started process (PID=1018) to work on /home/airflow/.local/lib/python3.8/site-packages/airflow/example_dags/example_branch_day_of_week_operator.py
[2024-07-26T12:56:57.705+0000] {processor.py:830} INFO - Processing file /home/airflow/.local/lib/python3.8/site-packages/airflow/example_dags/example_branch_day_of_week_operator.py for tasks to queue
[2024-07-26T12:56:57.708+0000] {logging_mixin.py:188} INFO - [2024-07-26T12:56:57.707+0000] {dagbag.py:538} INFO - Filling up the DagBag from /home/airflow/.local/lib/python3.8/site-packages/airflow/example_dags/example_branch_day_of_week_operator.py
[2024-07-26T12:56:57.717+0000] {processor.py:840} INFO - DAG(s) 'example_weekday_branch_operator' retrieved from /home/airflow/.local/lib/python3.8/site-packages/airflow/example_dags/example_branch_day_of_week_operator.py
[2024-07-26T12:56:57.744+0000] {logging_mixin.py:188} INFO - [2024-07-26T12:56:57.743+0000] {dag.py:3036} INFO - Sync 1 DAGs
[2024-07-26T12:56:57.774+0000] {logging_mixin.py:188} INFO - [2024-07-26T12:56:57.774+0000] {dag.py:3823} INFO - Setting next_dagrun for example_weekday_branch_operator to 2024-07-25 00:00:00+00:00, run_after=2024-07-26 00:00:00+00:00
[2024-07-26T12:56:57.796+0000] {processor.py:183} INFO - Processing /home/airflow/.local/lib/python3.8/site-packages/airflow/example_dags/example_branch_day_of_week_operator.py took 0.096 seconds
[2024-07-26T12:57:28.278+0000] {processor.py:161} INFO - Started process (PID=1082) to work on /home/airflow/.local/lib/python3.8/site-packages/airflow/example_dags/example_branch_day_of_week_operator.py
[2024-07-26T12:57:28.279+0000] {processor.py:830} INFO - Processing file /home/airflow/.local/lib/python3.8/site-packages/airflow/example_dags/example_branch_day_of_week_operator.py for tasks to queue
[2024-07-26T12:57:28.281+0000] {logging_mixin.py:188} INFO - [2024-07-26T12:57:28.280+0000] {dagbag.py:538} INFO - Filling up the DagBag from /home/airflow/.local/lib/python3.8/site-packages/airflow/example_dags/example_branch_day_of_week_operator.py
[2024-07-26T12:57:28.290+0000] {processor.py:840} INFO - DAG(s) 'example_weekday_branch_operator' retrieved from /home/airflow/.local/lib/python3.8/site-packages/airflow/example_dags/example_branch_day_of_week_operator.py
[2024-07-26T12:57:28.317+0000] {logging_mixin.py:188} INFO - [2024-07-26T12:57:28.316+0000] {dag.py:3036} INFO - Sync 1 DAGs
[2024-07-26T12:57:28.345+0000] {logging_mixin.py:188} INFO - [2024-07-26T12:57:28.344+0000] {dag.py:3823} INFO - Setting next_dagrun for example_weekday_branch_operator to 2024-07-25 00:00:00+00:00, run_after=2024-07-26 00:00:00+00:00
[2024-07-26T12:57:28.368+0000] {processor.py:183} INFO - Processing /home/airflow/.local/lib/python3.8/site-packages/airflow/example_dags/example_branch_day_of_week_operator.py took 0.093 seconds
[2024-07-26T12:57:58.758+0000] {processor.py:161} INFO - Started process (PID=1146) to work on /home/airflow/.local/lib/python3.8/site-packages/airflow/example_dags/example_branch_day_of_week_operator.py
[2024-07-26T12:57:58.759+0000] {processor.py:830} INFO - Processing file /home/airflow/.local/lib/python3.8/site-packages/airflow/example_dags/example_branch_day_of_week_operator.py for tasks to queue
[2024-07-26T12:57:58.761+0000] {logging_mixin.py:188} INFO - [2024-07-26T12:57:58.761+0000] {dagbag.py:538} INFO - Filling up the DagBag from /home/airflow/.local/lib/python3.8/site-packages/airflow/example_dags/example_branch_day_of_week_operator.py
[2024-07-26T12:57:58.773+0000] {processor.py:840} INFO - DAG(s) 'example_weekday_branch_operator' retrieved from /home/airflow/.local/lib/python3.8/site-packages/airflow/example_dags/example_branch_day_of_week_operator.py
[2024-07-26T12:57:58.803+0000] {logging_mixin.py:188} INFO - [2024-07-26T12:57:58.803+0000] {dag.py:3036} INFO - Sync 1 DAGs
[2024-07-26T12:57:58.833+0000] {logging_mixin.py:188} INFO - [2024-07-26T12:57:58.833+0000] {dag.py:3823} INFO - Setting next_dagrun for example_weekday_branch_operator to 2024-07-25 00:00:00+00:00, run_after=2024-07-26 00:00:00+00:00
[2024-07-26T12:57:58.858+0000] {processor.py:183} INFO - Processing /home/airflow/.local/lib/python3.8/site-packages/airflow/example_dags/example_branch_day_of_week_operator.py took 0.104 seconds
[2024-07-26T12:58:29.020+0000] {processor.py:161} INFO - Started process (PID=1210) to work on /home/airflow/.local/lib/python3.8/site-packages/airflow/example_dags/example_branch_day_of_week_operator.py
[2024-07-26T12:58:29.021+0000] {processor.py:830} INFO - Processing file /home/airflow/.local/lib/python3.8/site-packages/airflow/example_dags/example_branch_day_of_week_operator.py for tasks to queue
[2024-07-26T12:58:29.023+0000] {logging_mixin.py:188} INFO - [2024-07-26T12:58:29.022+0000] {dagbag.py:538} INFO - Filling up the DagBag from /home/airflow/.local/lib/python3.8/site-packages/airflow/example_dags/example_branch_day_of_week_operator.py
[2024-07-26T12:58:29.033+0000] {processor.py:840} INFO - DAG(s) 'example_weekday_branch_operator' retrieved from /home/airflow/.local/lib/python3.8/site-packages/airflow/example_dags/example_branch_day_of_week_operator.py
[2024-07-26T12:58:29.057+0000] {logging_mixin.py:188} INFO - [2024-07-26T12:58:29.056+0000] {dag.py:3036} INFO - Sync 1 DAGs
[2024-07-26T12:58:29.083+0000] {logging_mixin.py:188} INFO - [2024-07-26T12:58:29.083+0000] {dag.py:3823} INFO - Setting next_dagrun for example_weekday_branch_operator to 2024-07-25 00:00:00+00:00, run_after=2024-07-26 00:00:00+00:00
[2024-07-26T12:58:29.104+0000] {processor.py:183} INFO - Processing /home/airflow/.local/lib/python3.8/site-packages/airflow/example_dags/example_branch_day_of_week_operator.py took 0.088 seconds
[2024-07-26T12:58:59.375+0000] {processor.py:161} INFO - Started process (PID=1274) to work on /home/airflow/.local/lib/python3.8/site-packages/airflow/example_dags/example_branch_day_of_week_operator.py
[2024-07-26T12:58:59.376+0000] {processor.py:830} INFO - Processing file /home/airflow/.local/lib/python3.8/site-packages/airflow/example_dags/example_branch_day_of_week_operator.py for tasks to queue
[2024-07-26T12:58:59.379+0000] {logging_mixin.py:188} INFO - [2024-07-26T12:58:59.378+0000] {dagbag.py:538} INFO - Filling up the DagBag from /home/airflow/.local/lib/python3.8/site-packages/airflow/example_dags/example_branch_day_of_week_operator.py
[2024-07-26T12:58:59.388+0000] {processor.py:840} INFO - DAG(s) 'example_weekday_branch_operator' retrieved from /home/airflow/.local/lib/python3.8/site-packages/airflow/example_dags/example_branch_day_of_week_operator.py
[2024-07-26T12:58:59.414+0000] {logging_mixin.py:188} INFO - [2024-07-26T12:58:59.413+0000] {dag.py:3036} INFO - Sync 1 DAGs
[2024-07-26T12:58:59.444+0000] {logging_mixin.py:188} INFO - [2024-07-26T12:58:59.444+0000] {dag.py:3823} INFO - Setting next_dagrun for example_weekday_branch_operator to 2024-07-25 00:00:00+00:00, run_after=2024-07-26 00:00:00+00:00
[2024-07-26T12:58:59.463+0000] {processor.py:183} INFO - Processing /home/airflow/.local/lib/python3.8/site-packages/airflow/example_dags/example_branch_day_of_week_operator.py took 0.092 seconds
