[2024-07-26T12:15:29.031+0000] {processor.py:161} INFO - Started process (PID=121) to work on /home/airflow/.local/lib/python3.8/site-packages/airflow/example_dags/example_complex.py
[2024-07-26T12:15:29.033+0000] {processor.py:830} INFO - Processing file /home/airflow/.local/lib/python3.8/site-packages/airflow/example_dags/example_complex.py for tasks to queue
[2024-07-26T12:15:29.036+0000] {logging_mixin.py:188} INFO - [2024-07-26T12:15:29.035+0000] {dagbag.py:538} INFO - Filling up the DagBag from /home/airflow/.local/lib/python3.8/site-packages/airflow/example_dags/example_complex.py
[2024-07-26T12:15:29.056+0000] {processor.py:840} INFO - DAG(s) 'example_complex' retrieved from /home/airflow/.local/lib/python3.8/site-packages/airflow/example_dags/example_complex.py
[2024-07-26T12:15:29.223+0000] {logging_mixin.py:188} INFO - [2024-07-26T12:15:29.222+0000] {dag.py:3036} INFO - Sync 1 DAGs
[2024-07-26T12:15:29.235+0000] {logging_mixin.py:188} INFO - [2024-07-26T12:15:29.235+0000] {dag.py:3823} INFO - Setting next_dagrun for example_complex to None, run_after=None
[2024-07-26T12:15:29.264+0000] {processor.py:183} INFO - Processing /home/airflow/.local/lib/python3.8/site-packages/airflow/example_dags/example_complex.py took 0.236 seconds
[2024-07-26T12:15:59.560+0000] {processor.py:161} INFO - Started process (PID=185) to work on /home/airflow/.local/lib/python3.8/site-packages/airflow/example_dags/example_complex.py
[2024-07-26T12:15:59.561+0000] {processor.py:830} INFO - Processing file /home/airflow/.local/lib/python3.8/site-packages/airflow/example_dags/example_complex.py for tasks to queue
[2024-07-26T12:15:59.563+0000] {logging_mixin.py:188} INFO - [2024-07-26T12:15:59.562+0000] {dagbag.py:538} INFO - Filling up the DagBag from /home/airflow/.local/lib/python3.8/site-packages/airflow/example_dags/example_complex.py
[2024-07-26T12:15:59.581+0000] {processor.py:840} INFO - DAG(s) 'example_complex' retrieved from /home/airflow/.local/lib/python3.8/site-packages/airflow/example_dags/example_complex.py
[2024-07-26T12:15:59.625+0000] {logging_mixin.py:188} INFO - [2024-07-26T12:15:59.625+0000] {dag.py:3036} INFO - Sync 1 DAGs
[2024-07-26T12:15:59.641+0000] {logging_mixin.py:188} INFO - [2024-07-26T12:15:59.640+0000] {dag.py:3823} INFO - Setting next_dagrun for example_complex to None, run_after=None
[2024-07-26T12:15:59.664+0000] {processor.py:183} INFO - Processing /home/airflow/.local/lib/python3.8/site-packages/airflow/example_dags/example_complex.py took 0.107 seconds
[2024-07-26T12:16:29.856+0000] {processor.py:161} INFO - Started process (PID=249) to work on /home/airflow/.local/lib/python3.8/site-packages/airflow/example_dags/example_complex.py
[2024-07-26T12:16:29.857+0000] {processor.py:830} INFO - Processing file /home/airflow/.local/lib/python3.8/site-packages/airflow/example_dags/example_complex.py for tasks to queue
[2024-07-26T12:16:29.859+0000] {logging_mixin.py:188} INFO - [2024-07-26T12:16:29.859+0000] {dagbag.py:538} INFO - Filling up the DagBag from /home/airflow/.local/lib/python3.8/site-packages/airflow/example_dags/example_complex.py
[2024-07-26T12:16:29.872+0000] {processor.py:840} INFO - DAG(s) 'example_complex' retrieved from /home/airflow/.local/lib/python3.8/site-packages/airflow/example_dags/example_complex.py
[2024-07-26T12:16:29.913+0000] {logging_mixin.py:188} INFO - [2024-07-26T12:16:29.913+0000] {dag.py:3036} INFO - Sync 1 DAGs
[2024-07-26T12:16:29.928+0000] {logging_mixin.py:188} INFO - [2024-07-26T12:16:29.928+0000] {dag.py:3823} INFO - Setting next_dagrun for example_complex to None, run_after=None
[2024-07-26T12:16:29.949+0000] {processor.py:183} INFO - Processing /home/airflow/.local/lib/python3.8/site-packages/airflow/example_dags/example_complex.py took 0.097 seconds
[2024-07-26T12:17:00.705+0000] {processor.py:161} INFO - Started process (PID=313) to work on /home/airflow/.local/lib/python3.8/site-packages/airflow/example_dags/example_complex.py
[2024-07-26T12:17:00.706+0000] {processor.py:830} INFO - Processing file /home/airflow/.local/lib/python3.8/site-packages/airflow/example_dags/example_complex.py for tasks to queue
[2024-07-26T12:17:00.709+0000] {logging_mixin.py:188} INFO - [2024-07-26T12:17:00.709+0000] {dagbag.py:538} INFO - Filling up the DagBag from /home/airflow/.local/lib/python3.8/site-packages/airflow/example_dags/example_complex.py
[2024-07-26T12:17:00.723+0000] {processor.py:840} INFO - DAG(s) 'example_complex' retrieved from /home/airflow/.local/lib/python3.8/site-packages/airflow/example_dags/example_complex.py
[2024-07-26T12:17:00.764+0000] {logging_mixin.py:188} INFO - [2024-07-26T12:17:00.763+0000] {dag.py:3036} INFO - Sync 1 DAGs
[2024-07-26T12:17:00.782+0000] {logging_mixin.py:188} INFO - [2024-07-26T12:17:00.782+0000] {dag.py:3823} INFO - Setting next_dagrun for example_complex to None, run_after=None
[2024-07-26T12:17:00.803+0000] {processor.py:183} INFO - Processing /home/airflow/.local/lib/python3.8/site-packages/airflow/example_dags/example_complex.py took 0.102 seconds
[2024-07-26T12:17:31.998+0000] {processor.py:161} INFO - Started process (PID=377) to work on /home/airflow/.local/lib/python3.8/site-packages/airflow/example_dags/example_complex.py
[2024-07-26T12:17:31.999+0000] {processor.py:830} INFO - Processing file /home/airflow/.local/lib/python3.8/site-packages/airflow/example_dags/example_complex.py for tasks to queue
[2024-07-26T12:17:32.002+0000] {logging_mixin.py:188} INFO - [2024-07-26T12:17:32.001+0000] {dagbag.py:538} INFO - Filling up the DagBag from /home/airflow/.local/lib/python3.8/site-packages/airflow/example_dags/example_complex.py
[2024-07-26T12:17:32.015+0000] {processor.py:840} INFO - DAG(s) 'example_complex' retrieved from /home/airflow/.local/lib/python3.8/site-packages/airflow/example_dags/example_complex.py
[2024-07-26T12:17:32.055+0000] {logging_mixin.py:188} INFO - [2024-07-26T12:17:32.054+0000] {dag.py:3036} INFO - Sync 1 DAGs
[2024-07-26T12:17:32.069+0000] {logging_mixin.py:188} INFO - [2024-07-26T12:17:32.069+0000] {dag.py:3823} INFO - Setting next_dagrun for example_complex to None, run_after=None
[2024-07-26T12:17:32.092+0000] {processor.py:183} INFO - Processing /home/airflow/.local/lib/python3.8/site-packages/airflow/example_dags/example_complex.py took 0.097 seconds
[2024-07-26T12:18:03.266+0000] {processor.py:161} INFO - Started process (PID=441) to work on /home/airflow/.local/lib/python3.8/site-packages/airflow/example_dags/example_complex.py
[2024-07-26T12:18:03.267+0000] {processor.py:830} INFO - Processing file /home/airflow/.local/lib/python3.8/site-packages/airflow/example_dags/example_complex.py for tasks to queue
[2024-07-26T12:18:03.270+0000] {logging_mixin.py:188} INFO - [2024-07-26T12:18:03.269+0000] {dagbag.py:538} INFO - Filling up the DagBag from /home/airflow/.local/lib/python3.8/site-packages/airflow/example_dags/example_complex.py
[2024-07-26T12:18:03.285+0000] {processor.py:840} INFO - DAG(s) 'example_complex' retrieved from /home/airflow/.local/lib/python3.8/site-packages/airflow/example_dags/example_complex.py
[2024-07-26T12:18:03.325+0000] {logging_mixin.py:188} INFO - [2024-07-26T12:18:03.325+0000] {dag.py:3036} INFO - Sync 1 DAGs
[2024-07-26T12:18:03.341+0000] {logging_mixin.py:188} INFO - [2024-07-26T12:18:03.341+0000] {dag.py:3823} INFO - Setting next_dagrun for example_complex to None, run_after=None
[2024-07-26T12:18:03.365+0000] {processor.py:183} INFO - Processing /home/airflow/.local/lib/python3.8/site-packages/airflow/example_dags/example_complex.py took 0.103 seconds
[2024-07-26T12:18:34.275+0000] {processor.py:161} INFO - Started process (PID=505) to work on /home/airflow/.local/lib/python3.8/site-packages/airflow/example_dags/example_complex.py
[2024-07-26T12:18:34.276+0000] {processor.py:830} INFO - Processing file /home/airflow/.local/lib/python3.8/site-packages/airflow/example_dags/example_complex.py for tasks to queue
[2024-07-26T12:18:34.278+0000] {logging_mixin.py:188} INFO - [2024-07-26T12:18:34.278+0000] {dagbag.py:538} INFO - Filling up the DagBag from /home/airflow/.local/lib/python3.8/site-packages/airflow/example_dags/example_complex.py
[2024-07-26T12:18:34.295+0000] {processor.py:840} INFO - DAG(s) 'example_complex' retrieved from /home/airflow/.local/lib/python3.8/site-packages/airflow/example_dags/example_complex.py
[2024-07-26T12:18:34.337+0000] {logging_mixin.py:188} INFO - [2024-07-26T12:18:34.336+0000] {dag.py:3036} INFO - Sync 1 DAGs
[2024-07-26T12:18:34.351+0000] {logging_mixin.py:188} INFO - [2024-07-26T12:18:34.351+0000] {dag.py:3823} INFO - Setting next_dagrun for example_complex to None, run_after=None
[2024-07-26T12:18:34.371+0000] {processor.py:183} INFO - Processing /home/airflow/.local/lib/python3.8/site-packages/airflow/example_dags/example_complex.py took 0.100 seconds
[2024-07-26T12:19:04.784+0000] {processor.py:161} INFO - Started process (PID=561) to work on /home/airflow/.local/lib/python3.8/site-packages/airflow/example_dags/example_complex.py
[2024-07-26T12:19:04.785+0000] {processor.py:830} INFO - Processing file /home/airflow/.local/lib/python3.8/site-packages/airflow/example_dags/example_complex.py for tasks to queue
[2024-07-26T12:19:04.788+0000] {logging_mixin.py:188} INFO - [2024-07-26T12:19:04.787+0000] {dagbag.py:538} INFO - Filling up the DagBag from /home/airflow/.local/lib/python3.8/site-packages/airflow/example_dags/example_complex.py
[2024-07-26T12:19:04.802+0000] {processor.py:840} INFO - DAG(s) 'example_complex' retrieved from /home/airflow/.local/lib/python3.8/site-packages/airflow/example_dags/example_complex.py
[2024-07-26T12:19:04.843+0000] {logging_mixin.py:188} INFO - [2024-07-26T12:19:04.843+0000] {dag.py:3036} INFO - Sync 1 DAGs
[2024-07-26T12:19:04.857+0000] {logging_mixin.py:188} INFO - [2024-07-26T12:19:04.857+0000] {dag.py:3823} INFO - Setting next_dagrun for example_complex to None, run_after=None
[2024-07-26T12:19:04.879+0000] {processor.py:183} INFO - Processing /home/airflow/.local/lib/python3.8/site-packages/airflow/example_dags/example_complex.py took 0.099 seconds
[2024-07-26T12:19:35.232+0000] {processor.py:161} INFO - Started process (PID=625) to work on /home/airflow/.local/lib/python3.8/site-packages/airflow/example_dags/example_complex.py
[2024-07-26T12:19:35.234+0000] {processor.py:830} INFO - Processing file /home/airflow/.local/lib/python3.8/site-packages/airflow/example_dags/example_complex.py for tasks to queue
[2024-07-26T12:19:35.235+0000] {logging_mixin.py:188} INFO - [2024-07-26T12:19:35.235+0000] {dagbag.py:538} INFO - Filling up the DagBag from /home/airflow/.local/lib/python3.8/site-packages/airflow/example_dags/example_complex.py
[2024-07-26T12:19:35.251+0000] {processor.py:840} INFO - DAG(s) 'example_complex' retrieved from /home/airflow/.local/lib/python3.8/site-packages/airflow/example_dags/example_complex.py
[2024-07-26T12:19:35.297+0000] {logging_mixin.py:188} INFO - [2024-07-26T12:19:35.297+0000] {dag.py:3036} INFO - Sync 1 DAGs
[2024-07-26T12:19:35.313+0000] {logging_mixin.py:188} INFO - [2024-07-26T12:19:35.313+0000] {dag.py:3823} INFO - Setting next_dagrun for example_complex to None, run_after=None
[2024-07-26T12:19:35.339+0000] {processor.py:183} INFO - Processing /home/airflow/.local/lib/python3.8/site-packages/airflow/example_dags/example_complex.py took 0.110 seconds
[2024-07-26T12:28:19.654+0000] {processor.py:161} INFO - Started process (PID=123) to work on /home/airflow/.local/lib/python3.8/site-packages/airflow/example_dags/example_complex.py
[2024-07-26T12:28:19.655+0000] {processor.py:830} INFO - Processing file /home/airflow/.local/lib/python3.8/site-packages/airflow/example_dags/example_complex.py for tasks to queue
[2024-07-26T12:28:19.657+0000] {logging_mixin.py:188} INFO - [2024-07-26T12:28:19.657+0000] {dagbag.py:538} INFO - Filling up the DagBag from /home/airflow/.local/lib/python3.8/site-packages/airflow/example_dags/example_complex.py
[2024-07-26T12:28:19.676+0000] {processor.py:840} INFO - DAG(s) 'example_complex' retrieved from /home/airflow/.local/lib/python3.8/site-packages/airflow/example_dags/example_complex.py
[2024-07-26T12:28:19.832+0000] {logging_mixin.py:188} INFO - [2024-07-26T12:28:19.832+0000] {dag.py:3036} INFO - Sync 1 DAGs
[2024-07-26T12:28:19.848+0000] {logging_mixin.py:188} INFO - [2024-07-26T12:28:19.848+0000] {dag.py:3823} INFO - Setting next_dagrun for example_complex to None, run_after=None
[2024-07-26T12:28:19.874+0000] {processor.py:183} INFO - Processing /home/airflow/.local/lib/python3.8/site-packages/airflow/example_dags/example_complex.py took 0.225 seconds
[2024-07-26T12:28:50.668+0000] {processor.py:161} INFO - Started process (PID=186) to work on /home/airflow/.local/lib/python3.8/site-packages/airflow/example_dags/example_complex.py
[2024-07-26T12:28:50.670+0000] {processor.py:830} INFO - Processing file /home/airflow/.local/lib/python3.8/site-packages/airflow/example_dags/example_complex.py for tasks to queue
[2024-07-26T12:28:50.672+0000] {logging_mixin.py:188} INFO - [2024-07-26T12:28:50.672+0000] {dagbag.py:538} INFO - Filling up the DagBag from /home/airflow/.local/lib/python3.8/site-packages/airflow/example_dags/example_complex.py
[2024-07-26T12:28:50.689+0000] {processor.py:840} INFO - DAG(s) 'example_complex' retrieved from /home/airflow/.local/lib/python3.8/site-packages/airflow/example_dags/example_complex.py
[2024-07-26T12:28:50.748+0000] {logging_mixin.py:188} INFO - [2024-07-26T12:28:50.747+0000] {dag.py:3036} INFO - Sync 1 DAGs
[2024-07-26T12:28:50.763+0000] {logging_mixin.py:188} INFO - [2024-07-26T12:28:50.763+0000] {dag.py:3823} INFO - Setting next_dagrun for example_complex to None, run_after=None
[2024-07-26T12:28:50.792+0000] {processor.py:183} INFO - Processing /home/airflow/.local/lib/python3.8/site-packages/airflow/example_dags/example_complex.py took 0.127 seconds
[2024-07-26T12:29:20.844+0000] {processor.py:161} INFO - Started process (PID=250) to work on /home/airflow/.local/lib/python3.8/site-packages/airflow/example_dags/example_complex.py
[2024-07-26T12:29:20.845+0000] {processor.py:830} INFO - Processing file /home/airflow/.local/lib/python3.8/site-packages/airflow/example_dags/example_complex.py for tasks to queue
[2024-07-26T12:29:20.847+0000] {logging_mixin.py:188} INFO - [2024-07-26T12:29:20.847+0000] {dagbag.py:538} INFO - Filling up the DagBag from /home/airflow/.local/lib/python3.8/site-packages/airflow/example_dags/example_complex.py
[2024-07-26T12:29:20.863+0000] {processor.py:840} INFO - DAG(s) 'example_complex' retrieved from /home/airflow/.local/lib/python3.8/site-packages/airflow/example_dags/example_complex.py
[2024-07-26T12:29:20.903+0000] {logging_mixin.py:188} INFO - [2024-07-26T12:29:20.903+0000] {dag.py:3036} INFO - Sync 1 DAGs
[2024-07-26T12:29:20.918+0000] {logging_mixin.py:188} INFO - [2024-07-26T12:29:20.918+0000] {dag.py:3823} INFO - Setting next_dagrun for example_complex to None, run_after=None
[2024-07-26T12:29:20.938+0000] {processor.py:183} INFO - Processing /home/airflow/.local/lib/python3.8/site-packages/airflow/example_dags/example_complex.py took 0.098 seconds
[2024-07-26T12:29:52.431+0000] {processor.py:161} INFO - Started process (PID=314) to work on /home/airflow/.local/lib/python3.8/site-packages/airflow/example_dags/example_complex.py
[2024-07-26T12:29:52.433+0000] {processor.py:830} INFO - Processing file /home/airflow/.local/lib/python3.8/site-packages/airflow/example_dags/example_complex.py for tasks to queue
[2024-07-26T12:29:52.435+0000] {logging_mixin.py:188} INFO - [2024-07-26T12:29:52.434+0000] {dagbag.py:538} INFO - Filling up the DagBag from /home/airflow/.local/lib/python3.8/site-packages/airflow/example_dags/example_complex.py
[2024-07-26T12:29:52.448+0000] {processor.py:840} INFO - DAG(s) 'example_complex' retrieved from /home/airflow/.local/lib/python3.8/site-packages/airflow/example_dags/example_complex.py
[2024-07-26T12:29:52.490+0000] {logging_mixin.py:188} INFO - [2024-07-26T12:29:52.489+0000] {dag.py:3036} INFO - Sync 1 DAGs
[2024-07-26T12:29:52.503+0000] {logging_mixin.py:188} INFO - [2024-07-26T12:29:52.502+0000] {dag.py:3823} INFO - Setting next_dagrun for example_complex to None, run_after=None
[2024-07-26T12:29:52.522+0000] {processor.py:183} INFO - Processing /home/airflow/.local/lib/python3.8/site-packages/airflow/example_dags/example_complex.py took 0.094 seconds
[2024-07-26T12:30:22.961+0000] {processor.py:161} INFO - Started process (PID=378) to work on /home/airflow/.local/lib/python3.8/site-packages/airflow/example_dags/example_complex.py
[2024-07-26T12:30:22.962+0000] {processor.py:830} INFO - Processing file /home/airflow/.local/lib/python3.8/site-packages/airflow/example_dags/example_complex.py for tasks to queue
[2024-07-26T12:30:22.964+0000] {logging_mixin.py:188} INFO - [2024-07-26T12:30:22.964+0000] {dagbag.py:538} INFO - Filling up the DagBag from /home/airflow/.local/lib/python3.8/site-packages/airflow/example_dags/example_complex.py
[2024-07-26T12:30:22.980+0000] {processor.py:840} INFO - DAG(s) 'example_complex' retrieved from /home/airflow/.local/lib/python3.8/site-packages/airflow/example_dags/example_complex.py
[2024-07-26T12:30:23.015+0000] {logging_mixin.py:188} INFO - [2024-07-26T12:30:23.015+0000] {dag.py:3036} INFO - Sync 1 DAGs
[2024-07-26T12:30:23.028+0000] {logging_mixin.py:188} INFO - [2024-07-26T12:30:23.028+0000] {dag.py:3823} INFO - Setting next_dagrun for example_complex to None, run_after=None
[2024-07-26T12:30:23.047+0000] {processor.py:183} INFO - Processing /home/airflow/.local/lib/python3.8/site-packages/airflow/example_dags/example_complex.py took 0.092 seconds
[2024-07-26T12:30:53.451+0000] {processor.py:161} INFO - Started process (PID=433) to work on /home/airflow/.local/lib/python3.8/site-packages/airflow/example_dags/example_complex.py
[2024-07-26T12:30:53.452+0000] {processor.py:830} INFO - Processing file /home/airflow/.local/lib/python3.8/site-packages/airflow/example_dags/example_complex.py for tasks to queue
[2024-07-26T12:30:53.455+0000] {logging_mixin.py:188} INFO - [2024-07-26T12:30:53.454+0000] {dagbag.py:538} INFO - Filling up the DagBag from /home/airflow/.local/lib/python3.8/site-packages/airflow/example_dags/example_complex.py
[2024-07-26T12:30:53.468+0000] {processor.py:840} INFO - DAG(s) 'example_complex' retrieved from /home/airflow/.local/lib/python3.8/site-packages/airflow/example_dags/example_complex.py
[2024-07-26T12:30:53.510+0000] {logging_mixin.py:188} INFO - [2024-07-26T12:30:53.510+0000] {dag.py:3036} INFO - Sync 1 DAGs
[2024-07-26T12:30:53.524+0000] {logging_mixin.py:188} INFO - [2024-07-26T12:30:53.524+0000] {dag.py:3823} INFO - Setting next_dagrun for example_complex to None, run_after=None
[2024-07-26T12:30:53.545+0000] {processor.py:183} INFO - Processing /home/airflow/.local/lib/python3.8/site-packages/airflow/example_dags/example_complex.py took 0.097 seconds
[2024-07-26T12:31:23.626+0000] {processor.py:161} INFO - Started process (PID=497) to work on /home/airflow/.local/lib/python3.8/site-packages/airflow/example_dags/example_complex.py
[2024-07-26T12:31:23.628+0000] {processor.py:830} INFO - Processing file /home/airflow/.local/lib/python3.8/site-packages/airflow/example_dags/example_complex.py for tasks to queue
[2024-07-26T12:31:23.630+0000] {logging_mixin.py:188} INFO - [2024-07-26T12:31:23.630+0000] {dagbag.py:538} INFO - Filling up the DagBag from /home/airflow/.local/lib/python3.8/site-packages/airflow/example_dags/example_complex.py
[2024-07-26T12:31:23.643+0000] {processor.py:840} INFO - DAG(s) 'example_complex' retrieved from /home/airflow/.local/lib/python3.8/site-packages/airflow/example_dags/example_complex.py
[2024-07-26T12:31:23.686+0000] {logging_mixin.py:188} INFO - [2024-07-26T12:31:23.686+0000] {dag.py:3036} INFO - Sync 1 DAGs
[2024-07-26T12:31:23.704+0000] {logging_mixin.py:188} INFO - [2024-07-26T12:31:23.704+0000] {dag.py:3823} INFO - Setting next_dagrun for example_complex to None, run_after=None
[2024-07-26T12:31:23.728+0000] {processor.py:183} INFO - Processing /home/airflow/.local/lib/python3.8/site-packages/airflow/example_dags/example_complex.py took 0.105 seconds
[2024-07-26T12:31:53.950+0000] {processor.py:161} INFO - Started process (PID=561) to work on /home/airflow/.local/lib/python3.8/site-packages/airflow/example_dags/example_complex.py
[2024-07-26T12:31:53.951+0000] {processor.py:830} INFO - Processing file /home/airflow/.local/lib/python3.8/site-packages/airflow/example_dags/example_complex.py for tasks to queue
[2024-07-26T12:31:53.955+0000] {logging_mixin.py:188} INFO - [2024-07-26T12:31:53.955+0000] {dagbag.py:538} INFO - Filling up the DagBag from /home/airflow/.local/lib/python3.8/site-packages/airflow/example_dags/example_complex.py
[2024-07-26T12:31:53.973+0000] {processor.py:840} INFO - DAG(s) 'example_complex' retrieved from /home/airflow/.local/lib/python3.8/site-packages/airflow/example_dags/example_complex.py
[2024-07-26T12:31:54.010+0000] {logging_mixin.py:188} INFO - [2024-07-26T12:31:54.010+0000] {dag.py:3036} INFO - Sync 1 DAGs
[2024-07-26T12:31:54.024+0000] {logging_mixin.py:188} INFO - [2024-07-26T12:31:54.024+0000] {dag.py:3823} INFO - Setting next_dagrun for example_complex to None, run_after=None
[2024-07-26T12:31:54.045+0000] {processor.py:183} INFO - Processing /home/airflow/.local/lib/python3.8/site-packages/airflow/example_dags/example_complex.py took 0.098 seconds
[2024-07-26T12:32:24.581+0000] {processor.py:161} INFO - Started process (PID=625) to work on /home/airflow/.local/lib/python3.8/site-packages/airflow/example_dags/example_complex.py
[2024-07-26T12:32:24.582+0000] {processor.py:830} INFO - Processing file /home/airflow/.local/lib/python3.8/site-packages/airflow/example_dags/example_complex.py for tasks to queue
[2024-07-26T12:32:24.584+0000] {logging_mixin.py:188} INFO - [2024-07-26T12:32:24.584+0000] {dagbag.py:538} INFO - Filling up the DagBag from /home/airflow/.local/lib/python3.8/site-packages/airflow/example_dags/example_complex.py
[2024-07-26T12:32:24.598+0000] {processor.py:840} INFO - DAG(s) 'example_complex' retrieved from /home/airflow/.local/lib/python3.8/site-packages/airflow/example_dags/example_complex.py
[2024-07-26T12:32:24.636+0000] {logging_mixin.py:188} INFO - [2024-07-26T12:32:24.635+0000] {dag.py:3036} INFO - Sync 1 DAGs
[2024-07-26T12:32:24.649+0000] {logging_mixin.py:188} INFO - [2024-07-26T12:32:24.648+0000] {dag.py:3823} INFO - Setting next_dagrun for example_complex to None, run_after=None
[2024-07-26T12:32:24.669+0000] {processor.py:183} INFO - Processing /home/airflow/.local/lib/python3.8/site-packages/airflow/example_dags/example_complex.py took 0.092 seconds
[2024-07-26T12:32:55.547+0000] {processor.py:161} INFO - Started process (PID=689) to work on /home/airflow/.local/lib/python3.8/site-packages/airflow/example_dags/example_complex.py
[2024-07-26T12:32:55.548+0000] {processor.py:830} INFO - Processing file /home/airflow/.local/lib/python3.8/site-packages/airflow/example_dags/example_complex.py for tasks to queue
[2024-07-26T12:32:55.551+0000] {logging_mixin.py:188} INFO - [2024-07-26T12:32:55.550+0000] {dagbag.py:538} INFO - Filling up the DagBag from /home/airflow/.local/lib/python3.8/site-packages/airflow/example_dags/example_complex.py
[2024-07-26T12:32:55.597+0000] {processor.py:840} INFO - DAG(s) 'example_complex' retrieved from /home/airflow/.local/lib/python3.8/site-packages/airflow/example_dags/example_complex.py
[2024-07-26T12:32:55.706+0000] {logging_mixin.py:188} INFO - [2024-07-26T12:32:55.705+0000] {dag.py:3036} INFO - Sync 1 DAGs
[2024-07-26T12:32:55.721+0000] {logging_mixin.py:188} INFO - [2024-07-26T12:32:55.721+0000] {dag.py:3823} INFO - Setting next_dagrun for example_complex to None, run_after=None
[2024-07-26T12:32:55.746+0000] {processor.py:183} INFO - Processing /home/airflow/.local/lib/python3.8/site-packages/airflow/example_dags/example_complex.py took 0.203 seconds
[2024-07-26T12:33:26.054+0000] {processor.py:161} INFO - Started process (PID=754) to work on /home/airflow/.local/lib/python3.8/site-packages/airflow/example_dags/example_complex.py
[2024-07-26T12:33:26.056+0000] {processor.py:830} INFO - Processing file /home/airflow/.local/lib/python3.8/site-packages/airflow/example_dags/example_complex.py for tasks to queue
[2024-07-26T12:33:26.058+0000] {logging_mixin.py:188} INFO - [2024-07-26T12:33:26.058+0000] {dagbag.py:538} INFO - Filling up the DagBag from /home/airflow/.local/lib/python3.8/site-packages/airflow/example_dags/example_complex.py
[2024-07-26T12:33:26.072+0000] {processor.py:840} INFO - DAG(s) 'example_complex' retrieved from /home/airflow/.local/lib/python3.8/site-packages/airflow/example_dags/example_complex.py
[2024-07-26T12:33:26.115+0000] {logging_mixin.py:188} INFO - [2024-07-26T12:33:26.115+0000] {dag.py:3036} INFO - Sync 1 DAGs
[2024-07-26T12:33:26.138+0000] {logging_mixin.py:188} INFO - [2024-07-26T12:33:26.138+0000] {dag.py:3823} INFO - Setting next_dagrun for example_complex to None, run_after=None
[2024-07-26T12:33:26.162+0000] {processor.py:183} INFO - Processing /home/airflow/.local/lib/python3.8/site-packages/airflow/example_dags/example_complex.py took 0.111 seconds
[2024-07-26T12:33:56.717+0000] {processor.py:161} INFO - Started process (PID=818) to work on /home/airflow/.local/lib/python3.8/site-packages/airflow/example_dags/example_complex.py
[2024-07-26T12:33:56.718+0000] {processor.py:830} INFO - Processing file /home/airflow/.local/lib/python3.8/site-packages/airflow/example_dags/example_complex.py for tasks to queue
[2024-07-26T12:33:56.721+0000] {logging_mixin.py:188} INFO - [2024-07-26T12:33:56.720+0000] {dagbag.py:538} INFO - Filling up the DagBag from /home/airflow/.local/lib/python3.8/site-packages/airflow/example_dags/example_complex.py
[2024-07-26T12:33:56.744+0000] {processor.py:840} INFO - DAG(s) 'example_complex' retrieved from /home/airflow/.local/lib/python3.8/site-packages/airflow/example_dags/example_complex.py
[2024-07-26T12:33:56.795+0000] {logging_mixin.py:188} INFO - [2024-07-26T12:33:56.794+0000] {dag.py:3036} INFO - Sync 1 DAGs
[2024-07-26T12:33:56.813+0000] {logging_mixin.py:188} INFO - [2024-07-26T12:33:56.813+0000] {dag.py:3823} INFO - Setting next_dagrun for example_complex to None, run_after=None
[2024-07-26T12:33:56.841+0000] {processor.py:183} INFO - Processing /home/airflow/.local/lib/python3.8/site-packages/airflow/example_dags/example_complex.py took 0.128 seconds
[2024-07-26T12:34:26.975+0000] {processor.py:161} INFO - Started process (PID=882) to work on /home/airflow/.local/lib/python3.8/site-packages/airflow/example_dags/example_complex.py
[2024-07-26T12:34:26.976+0000] {processor.py:830} INFO - Processing file /home/airflow/.local/lib/python3.8/site-packages/airflow/example_dags/example_complex.py for tasks to queue
[2024-07-26T12:34:26.978+0000] {logging_mixin.py:188} INFO - [2024-07-26T12:34:26.978+0000] {dagbag.py:538} INFO - Filling up the DagBag from /home/airflow/.local/lib/python3.8/site-packages/airflow/example_dags/example_complex.py
[2024-07-26T12:34:26.992+0000] {processor.py:840} INFO - DAG(s) 'example_complex' retrieved from /home/airflow/.local/lib/python3.8/site-packages/airflow/example_dags/example_complex.py
[2024-07-26T12:34:27.030+0000] {logging_mixin.py:188} INFO - [2024-07-26T12:34:27.030+0000] {dag.py:3036} INFO - Sync 1 DAGs
[2024-07-26T12:34:27.044+0000] {logging_mixin.py:188} INFO - [2024-07-26T12:34:27.043+0000] {dag.py:3823} INFO - Setting next_dagrun for example_complex to None, run_after=None
[2024-07-26T12:34:27.065+0000] {processor.py:183} INFO - Processing /home/airflow/.local/lib/python3.8/site-packages/airflow/example_dags/example_complex.py took 0.093 seconds
[2024-07-26T12:34:57.667+0000] {processor.py:161} INFO - Started process (PID=946) to work on /home/airflow/.local/lib/python3.8/site-packages/airflow/example_dags/example_complex.py
[2024-07-26T12:34:57.668+0000] {processor.py:830} INFO - Processing file /home/airflow/.local/lib/python3.8/site-packages/airflow/example_dags/example_complex.py for tasks to queue
[2024-07-26T12:34:57.670+0000] {logging_mixin.py:188} INFO - [2024-07-26T12:34:57.670+0000] {dagbag.py:538} INFO - Filling up the DagBag from /home/airflow/.local/lib/python3.8/site-packages/airflow/example_dags/example_complex.py
[2024-07-26T12:34:57.683+0000] {processor.py:840} INFO - DAG(s) 'example_complex' retrieved from /home/airflow/.local/lib/python3.8/site-packages/airflow/example_dags/example_complex.py
[2024-07-26T12:34:57.724+0000] {logging_mixin.py:188} INFO - [2024-07-26T12:34:57.724+0000] {dag.py:3036} INFO - Sync 1 DAGs
[2024-07-26T12:34:57.739+0000] {logging_mixin.py:188} INFO - [2024-07-26T12:34:57.738+0000] {dag.py:3823} INFO - Setting next_dagrun for example_complex to None, run_after=None
[2024-07-26T12:34:57.760+0000] {processor.py:183} INFO - Processing /home/airflow/.local/lib/python3.8/site-packages/airflow/example_dags/example_complex.py took 0.097 seconds
[2024-07-26T12:35:28.548+0000] {processor.py:161} INFO - Started process (PID=1010) to work on /home/airflow/.local/lib/python3.8/site-packages/airflow/example_dags/example_complex.py
[2024-07-26T12:35:28.549+0000] {processor.py:830} INFO - Processing file /home/airflow/.local/lib/python3.8/site-packages/airflow/example_dags/example_complex.py for tasks to queue
[2024-07-26T12:35:28.552+0000] {logging_mixin.py:188} INFO - [2024-07-26T12:35:28.551+0000] {dagbag.py:538} INFO - Filling up the DagBag from /home/airflow/.local/lib/python3.8/site-packages/airflow/example_dags/example_complex.py
[2024-07-26T12:35:28.564+0000] {processor.py:840} INFO - DAG(s) 'example_complex' retrieved from /home/airflow/.local/lib/python3.8/site-packages/airflow/example_dags/example_complex.py
[2024-07-26T12:35:28.605+0000] {logging_mixin.py:188} INFO - [2024-07-26T12:35:28.605+0000] {dag.py:3036} INFO - Sync 1 DAGs
[2024-07-26T12:35:28.619+0000] {logging_mixin.py:188} INFO - [2024-07-26T12:35:28.619+0000] {dag.py:3823} INFO - Setting next_dagrun for example_complex to None, run_after=None
[2024-07-26T12:35:28.642+0000] {processor.py:183} INFO - Processing /home/airflow/.local/lib/python3.8/site-packages/airflow/example_dags/example_complex.py took 0.097 seconds
[2024-07-26T12:35:58.707+0000] {processor.py:161} INFO - Started process (PID=1074) to work on /home/airflow/.local/lib/python3.8/site-packages/airflow/example_dags/example_complex.py
[2024-07-26T12:35:58.708+0000] {processor.py:830} INFO - Processing file /home/airflow/.local/lib/python3.8/site-packages/airflow/example_dags/example_complex.py for tasks to queue
[2024-07-26T12:35:58.710+0000] {logging_mixin.py:188} INFO - [2024-07-26T12:35:58.710+0000] {dagbag.py:538} INFO - Filling up the DagBag from /home/airflow/.local/lib/python3.8/site-packages/airflow/example_dags/example_complex.py
[2024-07-26T12:35:58.723+0000] {processor.py:840} INFO - DAG(s) 'example_complex' retrieved from /home/airflow/.local/lib/python3.8/site-packages/airflow/example_dags/example_complex.py
[2024-07-26T12:35:58.762+0000] {logging_mixin.py:188} INFO - [2024-07-26T12:35:58.761+0000] {dag.py:3036} INFO - Sync 1 DAGs
[2024-07-26T12:35:58.774+0000] {logging_mixin.py:188} INFO - [2024-07-26T12:35:58.774+0000] {dag.py:3823} INFO - Setting next_dagrun for example_complex to None, run_after=None
[2024-07-26T12:35:58.795+0000] {processor.py:183} INFO - Processing /home/airflow/.local/lib/python3.8/site-packages/airflow/example_dags/example_complex.py took 0.092 seconds
[2024-07-26T12:36:29.122+0000] {processor.py:161} INFO - Started process (PID=1138) to work on /home/airflow/.local/lib/python3.8/site-packages/airflow/example_dags/example_complex.py
[2024-07-26T12:36:29.123+0000] {processor.py:830} INFO - Processing file /home/airflow/.local/lib/python3.8/site-packages/airflow/example_dags/example_complex.py for tasks to queue
[2024-07-26T12:36:29.125+0000] {logging_mixin.py:188} INFO - [2024-07-26T12:36:29.125+0000] {dagbag.py:538} INFO - Filling up the DagBag from /home/airflow/.local/lib/python3.8/site-packages/airflow/example_dags/example_complex.py
[2024-07-26T12:36:29.139+0000] {processor.py:840} INFO - DAG(s) 'example_complex' retrieved from /home/airflow/.local/lib/python3.8/site-packages/airflow/example_dags/example_complex.py
[2024-07-26T12:36:29.183+0000] {logging_mixin.py:188} INFO - [2024-07-26T12:36:29.183+0000] {dag.py:3036} INFO - Sync 1 DAGs
[2024-07-26T12:36:29.203+0000] {logging_mixin.py:188} INFO - [2024-07-26T12:36:29.203+0000] {dag.py:3823} INFO - Setting next_dagrun for example_complex to None, run_after=None
[2024-07-26T12:36:29.224+0000] {processor.py:183} INFO - Processing /home/airflow/.local/lib/python3.8/site-packages/airflow/example_dags/example_complex.py took 0.105 seconds
[2024-07-26T12:36:59.470+0000] {processor.py:161} INFO - Started process (PID=1202) to work on /home/airflow/.local/lib/python3.8/site-packages/airflow/example_dags/example_complex.py
[2024-07-26T12:36:59.471+0000] {processor.py:830} INFO - Processing file /home/airflow/.local/lib/python3.8/site-packages/airflow/example_dags/example_complex.py for tasks to queue
[2024-07-26T12:36:59.473+0000] {logging_mixin.py:188} INFO - [2024-07-26T12:36:59.473+0000] {dagbag.py:538} INFO - Filling up the DagBag from /home/airflow/.local/lib/python3.8/site-packages/airflow/example_dags/example_complex.py
[2024-07-26T12:36:59.488+0000] {processor.py:840} INFO - DAG(s) 'example_complex' retrieved from /home/airflow/.local/lib/python3.8/site-packages/airflow/example_dags/example_complex.py
[2024-07-26T12:36:59.529+0000] {logging_mixin.py:188} INFO - [2024-07-26T12:36:59.528+0000] {dag.py:3036} INFO - Sync 1 DAGs
[2024-07-26T12:36:59.544+0000] {logging_mixin.py:188} INFO - [2024-07-26T12:36:59.543+0000] {dag.py:3823} INFO - Setting next_dagrun for example_complex to None, run_after=None
[2024-07-26T12:36:59.568+0000] {processor.py:183} INFO - Processing /home/airflow/.local/lib/python3.8/site-packages/airflow/example_dags/example_complex.py took 0.101 seconds
[2024-07-26T12:37:29.763+0000] {processor.py:161} INFO - Started process (PID=1265) to work on /home/airflow/.local/lib/python3.8/site-packages/airflow/example_dags/example_complex.py
[2024-07-26T12:37:29.764+0000] {processor.py:830} INFO - Processing file /home/airflow/.local/lib/python3.8/site-packages/airflow/example_dags/example_complex.py for tasks to queue
[2024-07-26T12:37:29.766+0000] {logging_mixin.py:188} INFO - [2024-07-26T12:37:29.766+0000] {dagbag.py:538} INFO - Filling up the DagBag from /home/airflow/.local/lib/python3.8/site-packages/airflow/example_dags/example_complex.py
[2024-07-26T12:37:29.783+0000] {processor.py:840} INFO - DAG(s) 'example_complex' retrieved from /home/airflow/.local/lib/python3.8/site-packages/airflow/example_dags/example_complex.py
[2024-07-26T12:37:29.820+0000] {logging_mixin.py:188} INFO - [2024-07-26T12:37:29.819+0000] {dag.py:3036} INFO - Sync 1 DAGs
[2024-07-26T12:37:29.836+0000] {logging_mixin.py:188} INFO - [2024-07-26T12:37:29.835+0000] {dag.py:3823} INFO - Setting next_dagrun for example_complex to None, run_after=None
[2024-07-26T12:37:29.860+0000] {processor.py:183} INFO - Processing /home/airflow/.local/lib/python3.8/site-packages/airflow/example_dags/example_complex.py took 0.100 seconds
[2024-07-26T12:38:52.981+0000] {processor.py:161} INFO - Started process (PID=111) to work on /home/airflow/.local/lib/python3.8/site-packages/airflow/example_dags/example_complex.py
[2024-07-26T12:38:52.982+0000] {processor.py:830} INFO - Processing file /home/airflow/.local/lib/python3.8/site-packages/airflow/example_dags/example_complex.py for tasks to queue
[2024-07-26T12:38:52.984+0000] {logging_mixin.py:188} INFO - [2024-07-26T12:38:52.984+0000] {dagbag.py:538} INFO - Filling up the DagBag from /home/airflow/.local/lib/python3.8/site-packages/airflow/example_dags/example_complex.py
[2024-07-26T12:38:52.999+0000] {processor.py:840} INFO - DAG(s) 'example_complex' retrieved from /home/airflow/.local/lib/python3.8/site-packages/airflow/example_dags/example_complex.py
[2024-07-26T12:38:53.010+0000] {logging_mixin.py:188} INFO - [2024-07-26T12:38:53.010+0000] {dag.py:3036} INFO - Sync 1 DAGs
[2024-07-26T12:38:53.025+0000] {logging_mixin.py:188} INFO - [2024-07-26T12:38:53.025+0000] {dag.py:3823} INFO - Setting next_dagrun for example_complex to None, run_after=None
[2024-07-26T12:38:53.044+0000] {processor.py:183} INFO - Processing /home/airflow/.local/lib/python3.8/site-packages/airflow/example_dags/example_complex.py took 0.066 seconds
[2024-07-26T12:39:25.321+0000] {processor.py:161} INFO - Started process (PID=175) to work on /home/airflow/.local/lib/python3.8/site-packages/airflow/example_dags/example_complex.py
[2024-07-26T12:39:25.322+0000] {processor.py:830} INFO - Processing file /home/airflow/.local/lib/python3.8/site-packages/airflow/example_dags/example_complex.py for tasks to queue
[2024-07-26T12:39:25.324+0000] {logging_mixin.py:188} INFO - [2024-07-26T12:39:25.324+0000] {dagbag.py:538} INFO - Filling up the DagBag from /home/airflow/.local/lib/python3.8/site-packages/airflow/example_dags/example_complex.py
[2024-07-26T12:39:25.342+0000] {processor.py:840} INFO - DAG(s) 'example_complex' retrieved from /home/airflow/.local/lib/python3.8/site-packages/airflow/example_dags/example_complex.py
[2024-07-26T12:39:25.511+0000] {logging_mixin.py:188} INFO - [2024-07-26T12:39:25.511+0000] {dag.py:3036} INFO - Sync 1 DAGs
[2024-07-26T12:39:25.526+0000] {logging_mixin.py:188} INFO - [2024-07-26T12:39:25.526+0000] {dag.py:3823} INFO - Setting next_dagrun for example_complex to None, run_after=None
[2024-07-26T12:39:25.572+0000] {processor.py:183} INFO - Processing /home/airflow/.local/lib/python3.8/site-packages/airflow/example_dags/example_complex.py took 0.254 seconds
[2024-07-26T12:43:19.987+0000] {processor.py:161} INFO - Started process (PID=122) to work on /home/airflow/.local/lib/python3.8/site-packages/airflow/example_dags/example_complex.py
[2024-07-26T12:43:19.989+0000] {processor.py:830} INFO - Processing file /home/airflow/.local/lib/python3.8/site-packages/airflow/example_dags/example_complex.py for tasks to queue
[2024-07-26T12:43:19.990+0000] {logging_mixin.py:188} INFO - [2024-07-26T12:43:19.990+0000] {dagbag.py:538} INFO - Filling up the DagBag from /home/airflow/.local/lib/python3.8/site-packages/airflow/example_dags/example_complex.py
[2024-07-26T12:43:20.009+0000] {processor.py:840} INFO - DAG(s) 'example_complex' retrieved from /home/airflow/.local/lib/python3.8/site-packages/airflow/example_dags/example_complex.py
[2024-07-26T12:43:20.221+0000] {logging_mixin.py:188} INFO - [2024-07-26T12:43:20.220+0000] {dag.py:3036} INFO - Sync 1 DAGs
[2024-07-26T12:43:20.237+0000] {logging_mixin.py:188} INFO - [2024-07-26T12:43:20.237+0000] {dag.py:3823} INFO - Setting next_dagrun for example_complex to None, run_after=None
[2024-07-26T12:43:20.268+0000] {processor.py:183} INFO - Processing /home/airflow/.local/lib/python3.8/site-packages/airflow/example_dags/example_complex.py took 0.284 seconds
[2024-07-26T12:43:50.606+0000] {processor.py:161} INFO - Started process (PID=186) to work on /home/airflow/.local/lib/python3.8/site-packages/airflow/example_dags/example_complex.py
[2024-07-26T12:43:50.607+0000] {processor.py:830} INFO - Processing file /home/airflow/.local/lib/python3.8/site-packages/airflow/example_dags/example_complex.py for tasks to queue
[2024-07-26T12:43:50.609+0000] {logging_mixin.py:188} INFO - [2024-07-26T12:43:50.609+0000] {dagbag.py:538} INFO - Filling up the DagBag from /home/airflow/.local/lib/python3.8/site-packages/airflow/example_dags/example_complex.py
[2024-07-26T12:43:50.625+0000] {processor.py:840} INFO - DAG(s) 'example_complex' retrieved from /home/airflow/.local/lib/python3.8/site-packages/airflow/example_dags/example_complex.py
[2024-07-26T12:43:50.663+0000] {logging_mixin.py:188} INFO - [2024-07-26T12:43:50.663+0000] {dag.py:3036} INFO - Sync 1 DAGs
[2024-07-26T12:43:50.678+0000] {logging_mixin.py:188} INFO - [2024-07-26T12:43:50.677+0000] {dag.py:3823} INFO - Setting next_dagrun for example_complex to None, run_after=None
[2024-07-26T12:43:50.696+0000] {processor.py:183} INFO - Processing /home/airflow/.local/lib/python3.8/site-packages/airflow/example_dags/example_complex.py took 0.094 seconds
[2024-07-26T12:44:20.925+0000] {processor.py:161} INFO - Started process (PID=250) to work on /home/airflow/.local/lib/python3.8/site-packages/airflow/example_dags/example_complex.py
[2024-07-26T12:44:20.926+0000] {processor.py:830} INFO - Processing file /home/airflow/.local/lib/python3.8/site-packages/airflow/example_dags/example_complex.py for tasks to queue
[2024-07-26T12:44:20.929+0000] {logging_mixin.py:188} INFO - [2024-07-26T12:44:20.929+0000] {dagbag.py:538} INFO - Filling up the DagBag from /home/airflow/.local/lib/python3.8/site-packages/airflow/example_dags/example_complex.py
[2024-07-26T12:44:20.943+0000] {processor.py:840} INFO - DAG(s) 'example_complex' retrieved from /home/airflow/.local/lib/python3.8/site-packages/airflow/example_dags/example_complex.py
[2024-07-26T12:44:20.983+0000] {logging_mixin.py:188} INFO - [2024-07-26T12:44:20.982+0000] {dag.py:3036} INFO - Sync 1 DAGs
[2024-07-26T12:44:20.996+0000] {logging_mixin.py:188} INFO - [2024-07-26T12:44:20.995+0000] {dag.py:3823} INFO - Setting next_dagrun for example_complex to None, run_after=None
[2024-07-26T12:44:21.016+0000] {processor.py:183} INFO - Processing /home/airflow/.local/lib/python3.8/site-packages/airflow/example_dags/example_complex.py took 0.094 seconds
[2024-07-26T12:49:47.539+0000] {processor.py:161} INFO - Started process (PID=116) to work on /home/airflow/.local/lib/python3.8/site-packages/airflow/example_dags/example_complex.py
[2024-07-26T12:49:47.540+0000] {processor.py:830} INFO - Processing file /home/airflow/.local/lib/python3.8/site-packages/airflow/example_dags/example_complex.py for tasks to queue
[2024-07-26T12:49:47.542+0000] {logging_mixin.py:188} INFO - [2024-07-26T12:49:47.541+0000] {dagbag.py:538} INFO - Filling up the DagBag from /home/airflow/.local/lib/python3.8/site-packages/airflow/example_dags/example_complex.py
[2024-07-26T12:49:47.560+0000] {processor.py:840} INFO - DAG(s) 'example_complex' retrieved from /home/airflow/.local/lib/python3.8/site-packages/airflow/example_dags/example_complex.py
[2024-07-26T12:49:47.710+0000] {logging_mixin.py:188} INFO - [2024-07-26T12:49:47.710+0000] {dag.py:3036} INFO - Sync 1 DAGs
[2024-07-26T12:49:47.723+0000] {logging_mixin.py:188} INFO - [2024-07-26T12:49:47.723+0000] {dag.py:3823} INFO - Setting next_dagrun for example_complex to None, run_after=None
[2024-07-26T12:49:47.746+0000] {processor.py:183} INFO - Processing /home/airflow/.local/lib/python3.8/site-packages/airflow/example_dags/example_complex.py took 0.211 seconds
[2024-07-26T12:50:17.837+0000] {processor.py:161} INFO - Started process (PID=180) to work on /home/airflow/.local/lib/python3.8/site-packages/airflow/example_dags/example_complex.py
[2024-07-26T12:50:17.839+0000] {processor.py:830} INFO - Processing file /home/airflow/.local/lib/python3.8/site-packages/airflow/example_dags/example_complex.py for tasks to queue
[2024-07-26T12:50:17.842+0000] {logging_mixin.py:188} INFO - [2024-07-26T12:50:17.841+0000] {dagbag.py:538} INFO - Filling up the DagBag from /home/airflow/.local/lib/python3.8/site-packages/airflow/example_dags/example_complex.py
[2024-07-26T12:50:17.859+0000] {processor.py:840} INFO - DAG(s) 'example_complex' retrieved from /home/airflow/.local/lib/python3.8/site-packages/airflow/example_dags/example_complex.py
[2024-07-26T12:50:17.897+0000] {logging_mixin.py:188} INFO - [2024-07-26T12:50:17.897+0000] {dag.py:3036} INFO - Sync 1 DAGs
[2024-07-26T12:50:17.911+0000] {logging_mixin.py:188} INFO - [2024-07-26T12:50:17.911+0000] {dag.py:3823} INFO - Setting next_dagrun for example_complex to None, run_after=None
[2024-07-26T12:50:17.934+0000] {processor.py:183} INFO - Processing /home/airflow/.local/lib/python3.8/site-packages/airflow/example_dags/example_complex.py took 0.102 seconds
[2024-07-26T12:50:48.941+0000] {processor.py:161} INFO - Started process (PID=244) to work on /home/airflow/.local/lib/python3.8/site-packages/airflow/example_dags/example_complex.py
[2024-07-26T12:50:48.942+0000] {processor.py:830} INFO - Processing file /home/airflow/.local/lib/python3.8/site-packages/airflow/example_dags/example_complex.py for tasks to queue
[2024-07-26T12:50:48.944+0000] {logging_mixin.py:188} INFO - [2024-07-26T12:50:48.944+0000] {dagbag.py:538} INFO - Filling up the DagBag from /home/airflow/.local/lib/python3.8/site-packages/airflow/example_dags/example_complex.py
[2024-07-26T12:50:48.957+0000] {processor.py:840} INFO - DAG(s) 'example_complex' retrieved from /home/airflow/.local/lib/python3.8/site-packages/airflow/example_dags/example_complex.py
[2024-07-26T12:50:48.998+0000] {logging_mixin.py:188} INFO - [2024-07-26T12:50:48.998+0000] {dag.py:3036} INFO - Sync 1 DAGs
[2024-07-26T12:50:49.015+0000] {logging_mixin.py:188} INFO - [2024-07-26T12:50:49.014+0000] {dag.py:3823} INFO - Setting next_dagrun for example_complex to None, run_after=None
[2024-07-26T12:50:49.035+0000] {processor.py:183} INFO - Processing /home/airflow/.local/lib/python3.8/site-packages/airflow/example_dags/example_complex.py took 0.097 seconds
[2024-07-26T12:51:19.940+0000] {processor.py:161} INFO - Started process (PID=308) to work on /home/airflow/.local/lib/python3.8/site-packages/airflow/example_dags/example_complex.py
[2024-07-26T12:51:19.941+0000] {processor.py:830} INFO - Processing file /home/airflow/.local/lib/python3.8/site-packages/airflow/example_dags/example_complex.py for tasks to queue
[2024-07-26T12:51:19.947+0000] {logging_mixin.py:188} INFO - [2024-07-26T12:51:19.947+0000] {dagbag.py:538} INFO - Filling up the DagBag from /home/airflow/.local/lib/python3.8/site-packages/airflow/example_dags/example_complex.py
[2024-07-26T12:51:19.968+0000] {processor.py:840} INFO - DAG(s) 'example_complex' retrieved from /home/airflow/.local/lib/python3.8/site-packages/airflow/example_dags/example_complex.py
[2024-07-26T12:51:20.017+0000] {logging_mixin.py:188} INFO - [2024-07-26T12:51:20.017+0000] {dag.py:3036} INFO - Sync 1 DAGs
[2024-07-26T12:51:20.035+0000] {logging_mixin.py:188} INFO - [2024-07-26T12:51:20.034+0000] {dag.py:3823} INFO - Setting next_dagrun for example_complex to None, run_after=None
[2024-07-26T12:51:20.057+0000] {processor.py:183} INFO - Processing /home/airflow/.local/lib/python3.8/site-packages/airflow/example_dags/example_complex.py took 0.122 seconds
[2024-07-26T12:51:50.375+0000] {processor.py:161} INFO - Started process (PID=364) to work on /home/airflow/.local/lib/python3.8/site-packages/airflow/example_dags/example_complex.py
[2024-07-26T12:51:50.377+0000] {processor.py:830} INFO - Processing file /home/airflow/.local/lib/python3.8/site-packages/airflow/example_dags/example_complex.py for tasks to queue
[2024-07-26T12:51:50.379+0000] {logging_mixin.py:188} INFO - [2024-07-26T12:51:50.378+0000] {dagbag.py:538} INFO - Filling up the DagBag from /home/airflow/.local/lib/python3.8/site-packages/airflow/example_dags/example_complex.py
[2024-07-26T12:51:50.392+0000] {processor.py:840} INFO - DAG(s) 'example_complex' retrieved from /home/airflow/.local/lib/python3.8/site-packages/airflow/example_dags/example_complex.py
[2024-07-26T12:51:50.433+0000] {logging_mixin.py:188} INFO - [2024-07-26T12:51:50.433+0000] {dag.py:3036} INFO - Sync 1 DAGs
[2024-07-26T12:51:50.447+0000] {logging_mixin.py:188} INFO - [2024-07-26T12:51:50.447+0000] {dag.py:3823} INFO - Setting next_dagrun for example_complex to None, run_after=None
[2024-07-26T12:51:50.475+0000] {processor.py:183} INFO - Processing /home/airflow/.local/lib/python3.8/site-packages/airflow/example_dags/example_complex.py took 0.104 seconds
[2024-07-26T12:52:20.755+0000] {processor.py:161} INFO - Started process (PID=427) to work on /home/airflow/.local/lib/python3.8/site-packages/airflow/example_dags/example_complex.py
[2024-07-26T12:52:20.756+0000] {processor.py:830} INFO - Processing file /home/airflow/.local/lib/python3.8/site-packages/airflow/example_dags/example_complex.py for tasks to queue
[2024-07-26T12:52:20.758+0000] {logging_mixin.py:188} INFO - [2024-07-26T12:52:20.757+0000] {dagbag.py:538} INFO - Filling up the DagBag from /home/airflow/.local/lib/python3.8/site-packages/airflow/example_dags/example_complex.py
[2024-07-26T12:52:20.771+0000] {processor.py:840} INFO - DAG(s) 'example_complex' retrieved from /home/airflow/.local/lib/python3.8/site-packages/airflow/example_dags/example_complex.py
[2024-07-26T12:52:20.814+0000] {logging_mixin.py:188} INFO - [2024-07-26T12:52:20.813+0000] {dag.py:3036} INFO - Sync 1 DAGs
[2024-07-26T12:52:20.826+0000] {logging_mixin.py:188} INFO - [2024-07-26T12:52:20.826+0000] {dag.py:3823} INFO - Setting next_dagrun for example_complex to None, run_after=None
[2024-07-26T12:52:20.848+0000] {processor.py:183} INFO - Processing /home/airflow/.local/lib/python3.8/site-packages/airflow/example_dags/example_complex.py took 0.096 seconds
[2024-07-26T12:52:51.369+0000] {processor.py:161} INFO - Started process (PID=491) to work on /home/airflow/.local/lib/python3.8/site-packages/airflow/example_dags/example_complex.py
[2024-07-26T12:52:51.370+0000] {processor.py:830} INFO - Processing file /home/airflow/.local/lib/python3.8/site-packages/airflow/example_dags/example_complex.py for tasks to queue
[2024-07-26T12:52:51.372+0000] {logging_mixin.py:188} INFO - [2024-07-26T12:52:51.372+0000] {dagbag.py:538} INFO - Filling up the DagBag from /home/airflow/.local/lib/python3.8/site-packages/airflow/example_dags/example_complex.py
[2024-07-26T12:52:51.385+0000] {processor.py:840} INFO - DAG(s) 'example_complex' retrieved from /home/airflow/.local/lib/python3.8/site-packages/airflow/example_dags/example_complex.py
[2024-07-26T12:52:51.424+0000] {logging_mixin.py:188} INFO - [2024-07-26T12:52:51.423+0000] {dag.py:3036} INFO - Sync 1 DAGs
[2024-07-26T12:52:51.439+0000] {logging_mixin.py:188} INFO - [2024-07-26T12:52:51.438+0000] {dag.py:3823} INFO - Setting next_dagrun for example_complex to None, run_after=None
[2024-07-26T12:52:51.460+0000] {processor.py:183} INFO - Processing /home/airflow/.local/lib/python3.8/site-packages/airflow/example_dags/example_complex.py took 0.095 seconds
[2024-07-26T12:53:21.874+0000] {processor.py:161} INFO - Started process (PID=555) to work on /home/airflow/.local/lib/python3.8/site-packages/airflow/example_dags/example_complex.py
[2024-07-26T12:53:21.875+0000] {processor.py:830} INFO - Processing file /home/airflow/.local/lib/python3.8/site-packages/airflow/example_dags/example_complex.py for tasks to queue
[2024-07-26T12:53:21.878+0000] {logging_mixin.py:188} INFO - [2024-07-26T12:53:21.877+0000] {dagbag.py:538} INFO - Filling up the DagBag from /home/airflow/.local/lib/python3.8/site-packages/airflow/example_dags/example_complex.py
[2024-07-26T12:53:21.894+0000] {processor.py:840} INFO - DAG(s) 'example_complex' retrieved from /home/airflow/.local/lib/python3.8/site-packages/airflow/example_dags/example_complex.py
[2024-07-26T12:53:21.932+0000] {logging_mixin.py:188} INFO - [2024-07-26T12:53:21.931+0000] {dag.py:3036} INFO - Sync 1 DAGs
[2024-07-26T12:53:21.945+0000] {logging_mixin.py:188} INFO - [2024-07-26T12:53:21.944+0000] {dag.py:3823} INFO - Setting next_dagrun for example_complex to None, run_after=None
[2024-07-26T12:53:21.965+0000] {processor.py:183} INFO - Processing /home/airflow/.local/lib/python3.8/site-packages/airflow/example_dags/example_complex.py took 0.095 seconds
[2024-07-26T12:53:52.246+0000] {processor.py:161} INFO - Started process (PID=619) to work on /home/airflow/.local/lib/python3.8/site-packages/airflow/example_dags/example_complex.py
[2024-07-26T12:53:52.247+0000] {processor.py:830} INFO - Processing file /home/airflow/.local/lib/python3.8/site-packages/airflow/example_dags/example_complex.py for tasks to queue
[2024-07-26T12:53:52.250+0000] {logging_mixin.py:188} INFO - [2024-07-26T12:53:52.250+0000] {dagbag.py:538} INFO - Filling up the DagBag from /home/airflow/.local/lib/python3.8/site-packages/airflow/example_dags/example_complex.py
[2024-07-26T12:53:52.266+0000] {processor.py:840} INFO - DAG(s) 'example_complex' retrieved from /home/airflow/.local/lib/python3.8/site-packages/airflow/example_dags/example_complex.py
[2024-07-26T12:53:52.304+0000] {logging_mixin.py:188} INFO - [2024-07-26T12:53:52.303+0000] {dag.py:3036} INFO - Sync 1 DAGs
[2024-07-26T12:53:52.317+0000] {logging_mixin.py:188} INFO - [2024-07-26T12:53:52.316+0000] {dag.py:3823} INFO - Setting next_dagrun for example_complex to None, run_after=None
[2024-07-26T12:53:52.340+0000] {processor.py:183} INFO - Processing /home/airflow/.local/lib/python3.8/site-packages/airflow/example_dags/example_complex.py took 0.099 seconds
[2024-07-26T12:54:22.683+0000] {processor.py:161} INFO - Started process (PID=683) to work on /home/airflow/.local/lib/python3.8/site-packages/airflow/example_dags/example_complex.py
[2024-07-26T12:54:22.684+0000] {processor.py:830} INFO - Processing file /home/airflow/.local/lib/python3.8/site-packages/airflow/example_dags/example_complex.py for tasks to queue
[2024-07-26T12:54:22.686+0000] {logging_mixin.py:188} INFO - [2024-07-26T12:54:22.686+0000] {dagbag.py:538} INFO - Filling up the DagBag from /home/airflow/.local/lib/python3.8/site-packages/airflow/example_dags/example_complex.py
[2024-07-26T12:54:22.707+0000] {processor.py:840} INFO - DAG(s) 'example_complex' retrieved from /home/airflow/.local/lib/python3.8/site-packages/airflow/example_dags/example_complex.py
[2024-07-26T12:54:22.759+0000] {logging_mixin.py:188} INFO - [2024-07-26T12:54:22.759+0000] {dag.py:3036} INFO - Sync 1 DAGs
[2024-07-26T12:54:22.773+0000] {logging_mixin.py:188} INFO - [2024-07-26T12:54:22.773+0000] {dag.py:3823} INFO - Setting next_dagrun for example_complex to None, run_after=None
[2024-07-26T12:54:22.800+0000] {processor.py:183} INFO - Processing /home/airflow/.local/lib/python3.8/site-packages/airflow/example_dags/example_complex.py took 0.122 seconds
[2024-07-26T12:54:52.934+0000] {processor.py:161} INFO - Started process (PID=747) to work on /home/airflow/.local/lib/python3.8/site-packages/airflow/example_dags/example_complex.py
[2024-07-26T12:54:52.935+0000] {processor.py:830} INFO - Processing file /home/airflow/.local/lib/python3.8/site-packages/airflow/example_dags/example_complex.py for tasks to queue
[2024-07-26T12:54:52.938+0000] {logging_mixin.py:188} INFO - [2024-07-26T12:54:52.938+0000] {dagbag.py:538} INFO - Filling up the DagBag from /home/airflow/.local/lib/python3.8/site-packages/airflow/example_dags/example_complex.py
[2024-07-26T12:54:52.951+0000] {processor.py:840} INFO - DAG(s) 'example_complex' retrieved from /home/airflow/.local/lib/python3.8/site-packages/airflow/example_dags/example_complex.py
[2024-07-26T12:54:52.988+0000] {logging_mixin.py:188} INFO - [2024-07-26T12:54:52.988+0000] {dag.py:3036} INFO - Sync 1 DAGs
[2024-07-26T12:54:53.003+0000] {logging_mixin.py:188} INFO - [2024-07-26T12:54:53.002+0000] {dag.py:3823} INFO - Setting next_dagrun for example_complex to None, run_after=None
[2024-07-26T12:54:53.022+0000] {processor.py:183} INFO - Processing /home/airflow/.local/lib/python3.8/site-packages/airflow/example_dags/example_complex.py took 0.091 seconds
[2024-07-26T12:55:23.658+0000] {processor.py:161} INFO - Started process (PID=811) to work on /home/airflow/.local/lib/python3.8/site-packages/airflow/example_dags/example_complex.py
[2024-07-26T12:55:23.661+0000] {processor.py:830} INFO - Processing file /home/airflow/.local/lib/python3.8/site-packages/airflow/example_dags/example_complex.py for tasks to queue
[2024-07-26T12:55:23.664+0000] {logging_mixin.py:188} INFO - [2024-07-26T12:55:23.663+0000] {dagbag.py:538} INFO - Filling up the DagBag from /home/airflow/.local/lib/python3.8/site-packages/airflow/example_dags/example_complex.py
[2024-07-26T12:55:23.684+0000] {processor.py:840} INFO - DAG(s) 'example_complex' retrieved from /home/airflow/.local/lib/python3.8/site-packages/airflow/example_dags/example_complex.py
[2024-07-26T12:55:23.730+0000] {logging_mixin.py:188} INFO - [2024-07-26T12:55:23.730+0000] {dag.py:3036} INFO - Sync 1 DAGs
[2024-07-26T12:55:23.746+0000] {logging_mixin.py:188} INFO - [2024-07-26T12:55:23.745+0000] {dag.py:3823} INFO - Setting next_dagrun for example_complex to None, run_after=None
[2024-07-26T12:55:23.767+0000] {processor.py:183} INFO - Processing /home/airflow/.local/lib/python3.8/site-packages/airflow/example_dags/example_complex.py took 0.115 seconds
[2024-07-26T12:55:54.460+0000] {processor.py:161} INFO - Started process (PID=875) to work on /home/airflow/.local/lib/python3.8/site-packages/airflow/example_dags/example_complex.py
[2024-07-26T12:55:54.461+0000] {processor.py:830} INFO - Processing file /home/airflow/.local/lib/python3.8/site-packages/airflow/example_dags/example_complex.py for tasks to queue
[2024-07-26T12:55:54.463+0000] {logging_mixin.py:188} INFO - [2024-07-26T12:55:54.463+0000] {dagbag.py:538} INFO - Filling up the DagBag from /home/airflow/.local/lib/python3.8/site-packages/airflow/example_dags/example_complex.py
[2024-07-26T12:55:54.476+0000] {processor.py:840} INFO - DAG(s) 'example_complex' retrieved from /home/airflow/.local/lib/python3.8/site-packages/airflow/example_dags/example_complex.py
[2024-07-26T12:55:54.523+0000] {logging_mixin.py:188} INFO - [2024-07-26T12:55:54.522+0000] {dag.py:3036} INFO - Sync 1 DAGs
[2024-07-26T12:55:54.543+0000] {logging_mixin.py:188} INFO - [2024-07-26T12:55:54.543+0000] {dag.py:3823} INFO - Setting next_dagrun for example_complex to None, run_after=None
[2024-07-26T12:55:54.574+0000] {processor.py:183} INFO - Processing /home/airflow/.local/lib/python3.8/site-packages/airflow/example_dags/example_complex.py took 0.117 seconds
[2024-07-26T12:56:25.195+0000] {processor.py:161} INFO - Started process (PID=939) to work on /home/airflow/.local/lib/python3.8/site-packages/airflow/example_dags/example_complex.py
[2024-07-26T12:56:25.197+0000] {processor.py:830} INFO - Processing file /home/airflow/.local/lib/python3.8/site-packages/airflow/example_dags/example_complex.py for tasks to queue
[2024-07-26T12:56:25.199+0000] {logging_mixin.py:188} INFO - [2024-07-26T12:56:25.199+0000] {dagbag.py:538} INFO - Filling up the DagBag from /home/airflow/.local/lib/python3.8/site-packages/airflow/example_dags/example_complex.py
[2024-07-26T12:56:25.215+0000] {processor.py:840} INFO - DAG(s) 'example_complex' retrieved from /home/airflow/.local/lib/python3.8/site-packages/airflow/example_dags/example_complex.py
[2024-07-26T12:56:25.260+0000] {logging_mixin.py:188} INFO - [2024-07-26T12:56:25.259+0000] {dag.py:3036} INFO - Sync 1 DAGs
[2024-07-26T12:56:25.275+0000] {logging_mixin.py:188} INFO - [2024-07-26T12:56:25.275+0000] {dag.py:3823} INFO - Setting next_dagrun for example_complex to None, run_after=None
[2024-07-26T12:56:25.298+0000] {processor.py:183} INFO - Processing /home/airflow/.local/lib/python3.8/site-packages/airflow/example_dags/example_complex.py took 0.107 seconds
[2024-07-26T12:56:55.785+0000] {processor.py:161} INFO - Started process (PID=1003) to work on /home/airflow/.local/lib/python3.8/site-packages/airflow/example_dags/example_complex.py
[2024-07-26T12:56:55.786+0000] {processor.py:830} INFO - Processing file /home/airflow/.local/lib/python3.8/site-packages/airflow/example_dags/example_complex.py for tasks to queue
[2024-07-26T12:56:55.788+0000] {logging_mixin.py:188} INFO - [2024-07-26T12:56:55.788+0000] {dagbag.py:538} INFO - Filling up the DagBag from /home/airflow/.local/lib/python3.8/site-packages/airflow/example_dags/example_complex.py
[2024-07-26T12:56:55.806+0000] {processor.py:840} INFO - DAG(s) 'example_complex' retrieved from /home/airflow/.local/lib/python3.8/site-packages/airflow/example_dags/example_complex.py
[2024-07-26T12:56:55.846+0000] {logging_mixin.py:188} INFO - [2024-07-26T12:56:55.846+0000] {dag.py:3036} INFO - Sync 1 DAGs
[2024-07-26T12:56:55.859+0000] {logging_mixin.py:188} INFO - [2024-07-26T12:56:55.859+0000] {dag.py:3823} INFO - Setting next_dagrun for example_complex to None, run_after=None
[2024-07-26T12:56:55.882+0000] {processor.py:183} INFO - Processing /home/airflow/.local/lib/python3.8/site-packages/airflow/example_dags/example_complex.py took 0.100 seconds
[2024-07-26T12:57:26.340+0000] {processor.py:161} INFO - Started process (PID=1067) to work on /home/airflow/.local/lib/python3.8/site-packages/airflow/example_dags/example_complex.py
[2024-07-26T12:57:26.341+0000] {processor.py:830} INFO - Processing file /home/airflow/.local/lib/python3.8/site-packages/airflow/example_dags/example_complex.py for tasks to queue
[2024-07-26T12:57:26.343+0000] {logging_mixin.py:188} INFO - [2024-07-26T12:57:26.342+0000] {dagbag.py:538} INFO - Filling up the DagBag from /home/airflow/.local/lib/python3.8/site-packages/airflow/example_dags/example_complex.py
[2024-07-26T12:57:26.356+0000] {processor.py:840} INFO - DAG(s) 'example_complex' retrieved from /home/airflow/.local/lib/python3.8/site-packages/airflow/example_dags/example_complex.py
[2024-07-26T12:57:26.395+0000] {logging_mixin.py:188} INFO - [2024-07-26T12:57:26.395+0000] {dag.py:3036} INFO - Sync 1 DAGs
[2024-07-26T12:57:26.412+0000] {logging_mixin.py:188} INFO - [2024-07-26T12:57:26.412+0000] {dag.py:3823} INFO - Setting next_dagrun for example_complex to None, run_after=None
[2024-07-26T12:57:26.434+0000] {processor.py:183} INFO - Processing /home/airflow/.local/lib/python3.8/site-packages/airflow/example_dags/example_complex.py took 0.097 seconds
[2024-07-26T12:57:56.779+0000] {processor.py:161} INFO - Started process (PID=1131) to work on /home/airflow/.local/lib/python3.8/site-packages/airflow/example_dags/example_complex.py
[2024-07-26T12:57:56.780+0000] {processor.py:830} INFO - Processing file /home/airflow/.local/lib/python3.8/site-packages/airflow/example_dags/example_complex.py for tasks to queue
[2024-07-26T12:57:56.782+0000] {logging_mixin.py:188} INFO - [2024-07-26T12:57:56.782+0000] {dagbag.py:538} INFO - Filling up the DagBag from /home/airflow/.local/lib/python3.8/site-packages/airflow/example_dags/example_complex.py
[2024-07-26T12:57:56.801+0000] {processor.py:840} INFO - DAG(s) 'example_complex' retrieved from /home/airflow/.local/lib/python3.8/site-packages/airflow/example_dags/example_complex.py
[2024-07-26T12:57:56.843+0000] {logging_mixin.py:188} INFO - [2024-07-26T12:57:56.842+0000] {dag.py:3036} INFO - Sync 1 DAGs
[2024-07-26T12:57:56.856+0000] {logging_mixin.py:188} INFO - [2024-07-26T12:57:56.856+0000] {dag.py:3823} INFO - Setting next_dagrun for example_complex to None, run_after=None
[2024-07-26T12:57:56.877+0000] {processor.py:183} INFO - Processing /home/airflow/.local/lib/python3.8/site-packages/airflow/example_dags/example_complex.py took 0.101 seconds
[2024-07-26T12:58:27.127+0000] {processor.py:161} INFO - Started process (PID=1195) to work on /home/airflow/.local/lib/python3.8/site-packages/airflow/example_dags/example_complex.py
[2024-07-26T12:58:27.128+0000] {processor.py:830} INFO - Processing file /home/airflow/.local/lib/python3.8/site-packages/airflow/example_dags/example_complex.py for tasks to queue
[2024-07-26T12:58:27.130+0000] {logging_mixin.py:188} INFO - [2024-07-26T12:58:27.130+0000] {dagbag.py:538} INFO - Filling up the DagBag from /home/airflow/.local/lib/python3.8/site-packages/airflow/example_dags/example_complex.py
[2024-07-26T12:58:27.144+0000] {processor.py:840} INFO - DAG(s) 'example_complex' retrieved from /home/airflow/.local/lib/python3.8/site-packages/airflow/example_dags/example_complex.py
[2024-07-26T12:58:27.191+0000] {logging_mixin.py:188} INFO - [2024-07-26T12:58:27.190+0000] {dag.py:3036} INFO - Sync 1 DAGs
[2024-07-26T12:58:27.206+0000] {logging_mixin.py:188} INFO - [2024-07-26T12:58:27.205+0000] {dag.py:3823} INFO - Setting next_dagrun for example_complex to None, run_after=None
[2024-07-26T12:58:27.229+0000] {processor.py:183} INFO - Processing /home/airflow/.local/lib/python3.8/site-packages/airflow/example_dags/example_complex.py took 0.105 seconds
[2024-07-26T12:58:57.326+0000] {processor.py:161} INFO - Started process (PID=1259) to work on /home/airflow/.local/lib/python3.8/site-packages/airflow/example_dags/example_complex.py
[2024-07-26T12:58:57.328+0000] {processor.py:830} INFO - Processing file /home/airflow/.local/lib/python3.8/site-packages/airflow/example_dags/example_complex.py for tasks to queue
[2024-07-26T12:58:57.330+0000] {logging_mixin.py:188} INFO - [2024-07-26T12:58:57.330+0000] {dagbag.py:538} INFO - Filling up the DagBag from /home/airflow/.local/lib/python3.8/site-packages/airflow/example_dags/example_complex.py
[2024-07-26T12:58:57.343+0000] {processor.py:840} INFO - DAG(s) 'example_complex' retrieved from /home/airflow/.local/lib/python3.8/site-packages/airflow/example_dags/example_complex.py
[2024-07-26T12:58:57.382+0000] {logging_mixin.py:188} INFO - [2024-07-26T12:58:57.381+0000] {dag.py:3036} INFO - Sync 1 DAGs
[2024-07-26T12:58:57.396+0000] {logging_mixin.py:188} INFO - [2024-07-26T12:58:57.396+0000] {dag.py:3823} INFO - Setting next_dagrun for example_complex to None, run_after=None
[2024-07-26T12:58:57.418+0000] {processor.py:183} INFO - Processing /home/airflow/.local/lib/python3.8/site-packages/airflow/example_dags/example_complex.py took 0.095 seconds
