[2024-07-26T12:15:28.431+0000] {processor.py:161} INFO - Started process (PID=117) to work on /home/airflow/.local/lib/python3.8/site-packages/airflow/example_dags/example_branch_labels.py
[2024-07-26T12:15:28.433+0000] {processor.py:830} INFO - Processing file /home/airflow/.local/lib/python3.8/site-packages/airflow/example_dags/example_branch_labels.py for tasks to queue
[2024-07-26T12:15:28.435+0000] {logging_mixin.py:188} INFO - [2024-07-26T12:15:28.434+0000] {dagbag.py:538} INFO - Filling up the DagBag from /home/airflow/.local/lib/python3.8/site-packages/airflow/example_dags/example_branch_labels.py
[2024-07-26T12:15:28.454+0000] {processor.py:840} INFO - DAG(s) 'example_branch_labels' retrieved from /home/airflow/.local/lib/python3.8/site-packages/airflow/example_dags/example_branch_labels.py
[2024-07-26T12:15:28.595+0000] {logging_mixin.py:188} INFO - [2024-07-26T12:15:28.595+0000] {dag.py:3036} INFO - Sync 1 DAGs
[2024-07-26T12:15:28.622+0000] {logging_mixin.py:188} INFO - [2024-07-26T12:15:28.622+0000] {dag.py:3823} INFO - Setting next_dagrun for example_branch_labels to 2024-07-25 00:00:00+00:00, run_after=2024-07-26 00:00:00+00:00
[2024-07-26T12:15:28.645+0000] {processor.py:183} INFO - Processing /home/airflow/.local/lib/python3.8/site-packages/airflow/example_dags/example_branch_labels.py took 0.218 seconds
[2024-07-26T12:15:59.114+0000] {processor.py:161} INFO - Started process (PID=181) to work on /home/airflow/.local/lib/python3.8/site-packages/airflow/example_dags/example_branch_labels.py
[2024-07-26T12:15:59.116+0000] {processor.py:830} INFO - Processing file /home/airflow/.local/lib/python3.8/site-packages/airflow/example_dags/example_branch_labels.py for tasks to queue
[2024-07-26T12:15:59.118+0000] {logging_mixin.py:188} INFO - [2024-07-26T12:15:59.118+0000] {dagbag.py:538} INFO - Filling up the DagBag from /home/airflow/.local/lib/python3.8/site-packages/airflow/example_dags/example_branch_labels.py
[2024-07-26T12:15:59.130+0000] {processor.py:840} INFO - DAG(s) 'example_branch_labels' retrieved from /home/airflow/.local/lib/python3.8/site-packages/airflow/example_dags/example_branch_labels.py
[2024-07-26T12:15:59.169+0000] {logging_mixin.py:188} INFO - [2024-07-26T12:15:59.169+0000] {dag.py:3036} INFO - Sync 1 DAGs
[2024-07-26T12:15:59.249+0000] {logging_mixin.py:188} INFO - [2024-07-26T12:15:59.249+0000] {dag.py:3823} INFO - Setting next_dagrun for example_branch_labels to 2024-07-25 00:00:00+00:00, run_after=2024-07-26 00:00:00+00:00
[2024-07-26T12:15:59.311+0000] {processor.py:183} INFO - Processing /home/airflow/.local/lib/python3.8/site-packages/airflow/example_dags/example_branch_labels.py took 0.200 seconds
[2024-07-26T12:16:29.557+0000] {processor.py:161} INFO - Started process (PID=245) to work on /home/airflow/.local/lib/python3.8/site-packages/airflow/example_dags/example_branch_labels.py
[2024-07-26T12:16:29.558+0000] {processor.py:830} INFO - Processing file /home/airflow/.local/lib/python3.8/site-packages/airflow/example_dags/example_branch_labels.py for tasks to queue
[2024-07-26T12:16:29.561+0000] {logging_mixin.py:188} INFO - [2024-07-26T12:16:29.560+0000] {dagbag.py:538} INFO - Filling up the DagBag from /home/airflow/.local/lib/python3.8/site-packages/airflow/example_dags/example_branch_labels.py
[2024-07-26T12:16:29.571+0000] {processor.py:840} INFO - DAG(s) 'example_branch_labels' retrieved from /home/airflow/.local/lib/python3.8/site-packages/airflow/example_dags/example_branch_labels.py
[2024-07-26T12:16:29.597+0000] {logging_mixin.py:188} INFO - [2024-07-26T12:16:29.597+0000] {dag.py:3036} INFO - Sync 1 DAGs
[2024-07-26T12:16:29.625+0000] {logging_mixin.py:188} INFO - [2024-07-26T12:16:29.624+0000] {dag.py:3823} INFO - Setting next_dagrun for example_branch_labels to 2024-07-25 00:00:00+00:00, run_after=2024-07-26 00:00:00+00:00
[2024-07-26T12:16:29.645+0000] {processor.py:183} INFO - Processing /home/airflow/.local/lib/python3.8/site-packages/airflow/example_dags/example_branch_labels.py took 0.091 seconds
[2024-07-26T12:17:00.449+0000] {processor.py:161} INFO - Started process (PID=309) to work on /home/airflow/.local/lib/python3.8/site-packages/airflow/example_dags/example_branch_labels.py
[2024-07-26T12:17:00.450+0000] {processor.py:830} INFO - Processing file /home/airflow/.local/lib/python3.8/site-packages/airflow/example_dags/example_branch_labels.py for tasks to queue
[2024-07-26T12:17:00.453+0000] {logging_mixin.py:188} INFO - [2024-07-26T12:17:00.453+0000] {dagbag.py:538} INFO - Filling up the DagBag from /home/airflow/.local/lib/python3.8/site-packages/airflow/example_dags/example_branch_labels.py
[2024-07-26T12:17:00.466+0000] {processor.py:840} INFO - DAG(s) 'example_branch_labels' retrieved from /home/airflow/.local/lib/python3.8/site-packages/airflow/example_dags/example_branch_labels.py
[2024-07-26T12:17:00.496+0000] {logging_mixin.py:188} INFO - [2024-07-26T12:17:00.496+0000] {dag.py:3036} INFO - Sync 1 DAGs
[2024-07-26T12:17:00.523+0000] {logging_mixin.py:188} INFO - [2024-07-26T12:17:00.523+0000] {dag.py:3823} INFO - Setting next_dagrun for example_branch_labels to 2024-07-25 00:00:00+00:00, run_after=2024-07-26 00:00:00+00:00
[2024-07-26T12:17:00.546+0000] {processor.py:183} INFO - Processing /home/airflow/.local/lib/python3.8/site-packages/airflow/example_dags/example_branch_labels.py took 0.100 seconds
[2024-07-26T12:17:31.734+0000] {processor.py:161} INFO - Started process (PID=374) to work on /home/airflow/.local/lib/python3.8/site-packages/airflow/example_dags/example_branch_labels.py
[2024-07-26T12:17:31.742+0000] {processor.py:830} INFO - Processing file /home/airflow/.local/lib/python3.8/site-packages/airflow/example_dags/example_branch_labels.py for tasks to queue
[2024-07-26T12:17:31.746+0000] {logging_mixin.py:188} INFO - [2024-07-26T12:17:31.745+0000] {dagbag.py:538} INFO - Filling up the DagBag from /home/airflow/.local/lib/python3.8/site-packages/airflow/example_dags/example_branch_labels.py
[2024-07-26T12:17:31.757+0000] {processor.py:840} INFO - DAG(s) 'example_branch_labels' retrieved from /home/airflow/.local/lib/python3.8/site-packages/airflow/example_dags/example_branch_labels.py
[2024-07-26T12:17:31.785+0000] {logging_mixin.py:188} INFO - [2024-07-26T12:17:31.784+0000] {dag.py:3036} INFO - Sync 1 DAGs
[2024-07-26T12:17:31.814+0000] {logging_mixin.py:188} INFO - [2024-07-26T12:17:31.813+0000] {dag.py:3823} INFO - Setting next_dagrun for example_branch_labels to 2024-07-25 00:00:00+00:00, run_after=2024-07-26 00:00:00+00:00
[2024-07-26T12:17:31.840+0000] {processor.py:183} INFO - Processing /home/airflow/.local/lib/python3.8/site-packages/airflow/example_dags/example_branch_labels.py took 0.110 seconds
[2024-07-26T12:18:02.662+0000] {processor.py:161} INFO - Started process (PID=430) to work on /home/airflow/.local/lib/python3.8/site-packages/airflow/example_dags/example_branch_labels.py
[2024-07-26T12:18:02.664+0000] {processor.py:830} INFO - Processing file /home/airflow/.local/lib/python3.8/site-packages/airflow/example_dags/example_branch_labels.py for tasks to queue
[2024-07-26T12:18:02.666+0000] {logging_mixin.py:188} INFO - [2024-07-26T12:18:02.666+0000] {dagbag.py:538} INFO - Filling up the DagBag from /home/airflow/.local/lib/python3.8/site-packages/airflow/example_dags/example_branch_labels.py
[2024-07-26T12:18:02.679+0000] {processor.py:840} INFO - DAG(s) 'example_branch_labels' retrieved from /home/airflow/.local/lib/python3.8/site-packages/airflow/example_dags/example_branch_labels.py
[2024-07-26T12:18:02.719+0000] {logging_mixin.py:188} INFO - [2024-07-26T12:18:02.719+0000] {dag.py:3036} INFO - Sync 1 DAGs
[2024-07-26T12:18:02.768+0000] {logging_mixin.py:188} INFO - [2024-07-26T12:18:02.767+0000] {dag.py:3823} INFO - Setting next_dagrun for example_branch_labels to 2024-07-25 00:00:00+00:00, run_after=2024-07-26 00:00:00+00:00
[2024-07-26T12:18:02.806+0000] {processor.py:183} INFO - Processing /home/airflow/.local/lib/python3.8/site-packages/airflow/example_dags/example_branch_labels.py took 0.148 seconds
[2024-07-26T12:18:33.141+0000] {processor.py:161} INFO - Started process (PID=492) to work on /home/airflow/.local/lib/python3.8/site-packages/airflow/example_dags/example_branch_labels.py
[2024-07-26T12:18:33.143+0000] {processor.py:830} INFO - Processing file /home/airflow/.local/lib/python3.8/site-packages/airflow/example_dags/example_branch_labels.py for tasks to queue
[2024-07-26T12:18:33.145+0000] {logging_mixin.py:188} INFO - [2024-07-26T12:18:33.144+0000] {dagbag.py:538} INFO - Filling up the DagBag from /home/airflow/.local/lib/python3.8/site-packages/airflow/example_dags/example_branch_labels.py
[2024-07-26T12:18:33.153+0000] {processor.py:840} INFO - DAG(s) 'example_branch_labels' retrieved from /home/airflow/.local/lib/python3.8/site-packages/airflow/example_dags/example_branch_labels.py
[2024-07-26T12:18:33.179+0000] {logging_mixin.py:188} INFO - [2024-07-26T12:18:33.178+0000] {dag.py:3036} INFO - Sync 1 DAGs
[2024-07-26T12:18:33.208+0000] {logging_mixin.py:188} INFO - [2024-07-26T12:18:33.207+0000] {dag.py:3823} INFO - Setting next_dagrun for example_branch_labels to 2024-07-25 00:00:00+00:00, run_after=2024-07-26 00:00:00+00:00
[2024-07-26T12:18:33.226+0000] {processor.py:183} INFO - Processing /home/airflow/.local/lib/python3.8/site-packages/airflow/example_dags/example_branch_labels.py took 0.088 seconds
[2024-07-26T12:19:03.379+0000] {processor.py:161} INFO - Started process (PID=556) to work on /home/airflow/.local/lib/python3.8/site-packages/airflow/example_dags/example_branch_labels.py
[2024-07-26T12:19:03.380+0000] {processor.py:830} INFO - Processing file /home/airflow/.local/lib/python3.8/site-packages/airflow/example_dags/example_branch_labels.py for tasks to queue
[2024-07-26T12:19:03.382+0000] {logging_mixin.py:188} INFO - [2024-07-26T12:19:03.381+0000] {dagbag.py:538} INFO - Filling up the DagBag from /home/airflow/.local/lib/python3.8/site-packages/airflow/example_dags/example_branch_labels.py
[2024-07-26T12:19:03.389+0000] {processor.py:840} INFO - DAG(s) 'example_branch_labels' retrieved from /home/airflow/.local/lib/python3.8/site-packages/airflow/example_dags/example_branch_labels.py
[2024-07-26T12:19:03.413+0000] {logging_mixin.py:188} INFO - [2024-07-26T12:19:03.412+0000] {dag.py:3036} INFO - Sync 1 DAGs
[2024-07-26T12:19:03.443+0000] {logging_mixin.py:188} INFO - [2024-07-26T12:19:03.442+0000] {dag.py:3823} INFO - Setting next_dagrun for example_branch_labels to 2024-07-25 00:00:00+00:00, run_after=2024-07-26 00:00:00+00:00
[2024-07-26T12:19:03.464+0000] {processor.py:183} INFO - Processing /home/airflow/.local/lib/python3.8/site-packages/airflow/example_dags/example_branch_labels.py took 0.088 seconds
[2024-07-26T12:19:33.830+0000] {processor.py:161} INFO - Started process (PID=621) to work on /home/airflow/.local/lib/python3.8/site-packages/airflow/example_dags/example_branch_labels.py
[2024-07-26T12:19:33.832+0000] {processor.py:830} INFO - Processing file /home/airflow/.local/lib/python3.8/site-packages/airflow/example_dags/example_branch_labels.py for tasks to queue
[2024-07-26T12:19:33.834+0000] {logging_mixin.py:188} INFO - [2024-07-26T12:19:33.833+0000] {dagbag.py:538} INFO - Filling up the DagBag from /home/airflow/.local/lib/python3.8/site-packages/airflow/example_dags/example_branch_labels.py
[2024-07-26T12:19:33.843+0000] {processor.py:840} INFO - DAG(s) 'example_branch_labels' retrieved from /home/airflow/.local/lib/python3.8/site-packages/airflow/example_dags/example_branch_labels.py
[2024-07-26T12:19:33.871+0000] {logging_mixin.py:188} INFO - [2024-07-26T12:19:33.870+0000] {dag.py:3036} INFO - Sync 1 DAGs
[2024-07-26T12:19:33.902+0000] {logging_mixin.py:188} INFO - [2024-07-26T12:19:33.901+0000] {dag.py:3823} INFO - Setting next_dagrun for example_branch_labels to 2024-07-25 00:00:00+00:00, run_after=2024-07-26 00:00:00+00:00
[2024-07-26T12:19:33.925+0000] {processor.py:183} INFO - Processing /home/airflow/.local/lib/python3.8/site-packages/airflow/example_dags/example_branch_labels.py took 0.097 seconds
[2024-07-26T12:28:19.113+0000] {processor.py:161} INFO - Started process (PID=119) to work on /home/airflow/.local/lib/python3.8/site-packages/airflow/example_dags/example_branch_labels.py
[2024-07-26T12:28:19.114+0000] {processor.py:830} INFO - Processing file /home/airflow/.local/lib/python3.8/site-packages/airflow/example_dags/example_branch_labels.py for tasks to queue
[2024-07-26T12:28:19.116+0000] {logging_mixin.py:188} INFO - [2024-07-26T12:28:19.116+0000] {dagbag.py:538} INFO - Filling up the DagBag from /home/airflow/.local/lib/python3.8/site-packages/airflow/example_dags/example_branch_labels.py
[2024-07-26T12:28:19.131+0000] {processor.py:840} INFO - DAG(s) 'example_branch_labels' retrieved from /home/airflow/.local/lib/python3.8/site-packages/airflow/example_dags/example_branch_labels.py
[2024-07-26T12:28:19.264+0000] {logging_mixin.py:188} INFO - [2024-07-26T12:28:19.263+0000] {dag.py:3036} INFO - Sync 1 DAGs
[2024-07-26T12:28:19.292+0000] {logging_mixin.py:188} INFO - [2024-07-26T12:28:19.291+0000] {dag.py:3823} INFO - Setting next_dagrun for example_branch_labels to 2024-07-25 00:00:00+00:00, run_after=2024-07-26 00:00:00+00:00
[2024-07-26T12:28:19.314+0000] {processor.py:183} INFO - Processing /home/airflow/.local/lib/python3.8/site-packages/airflow/example_dags/example_branch_labels.py took 0.205 seconds
[2024-07-26T12:28:49.400+0000] {processor.py:161} INFO - Started process (PID=182) to work on /home/airflow/.local/lib/python3.8/site-packages/airflow/example_dags/example_branch_labels.py
[2024-07-26T12:28:49.402+0000] {processor.py:830} INFO - Processing file /home/airflow/.local/lib/python3.8/site-packages/airflow/example_dags/example_branch_labels.py for tasks to queue
[2024-07-26T12:28:49.404+0000] {logging_mixin.py:188} INFO - [2024-07-26T12:28:49.403+0000] {dagbag.py:538} INFO - Filling up the DagBag from /home/airflow/.local/lib/python3.8/site-packages/airflow/example_dags/example_branch_labels.py
[2024-07-26T12:28:49.412+0000] {processor.py:840} INFO - DAG(s) 'example_branch_labels' retrieved from /home/airflow/.local/lib/python3.8/site-packages/airflow/example_dags/example_branch_labels.py
[2024-07-26T12:28:49.438+0000] {logging_mixin.py:188} INFO - [2024-07-26T12:28:49.438+0000] {dag.py:3036} INFO - Sync 1 DAGs
[2024-07-26T12:28:49.464+0000] {logging_mixin.py:188} INFO - [2024-07-26T12:28:49.464+0000] {dag.py:3823} INFO - Setting next_dagrun for example_branch_labels to 2024-07-25 00:00:00+00:00, run_after=2024-07-26 00:00:00+00:00
[2024-07-26T12:28:49.483+0000] {processor.py:183} INFO - Processing /home/airflow/.local/lib/python3.8/site-packages/airflow/example_dags/example_branch_labels.py took 0.087 seconds
[2024-07-26T12:29:20.490+0000] {processor.py:161} INFO - Started process (PID=246) to work on /home/airflow/.local/lib/python3.8/site-packages/airflow/example_dags/example_branch_labels.py
[2024-07-26T12:29:20.491+0000] {processor.py:830} INFO - Processing file /home/airflow/.local/lib/python3.8/site-packages/airflow/example_dags/example_branch_labels.py for tasks to queue
[2024-07-26T12:29:20.493+0000] {logging_mixin.py:188} INFO - [2024-07-26T12:29:20.493+0000] {dagbag.py:538} INFO - Filling up the DagBag from /home/airflow/.local/lib/python3.8/site-packages/airflow/example_dags/example_branch_labels.py
[2024-07-26T12:29:20.505+0000] {processor.py:840} INFO - DAG(s) 'example_branch_labels' retrieved from /home/airflow/.local/lib/python3.8/site-packages/airflow/example_dags/example_branch_labels.py
[2024-07-26T12:29:20.532+0000] {logging_mixin.py:188} INFO - [2024-07-26T12:29:20.531+0000] {dag.py:3036} INFO - Sync 1 DAGs
[2024-07-26T12:29:20.559+0000] {logging_mixin.py:188} INFO - [2024-07-26T12:29:20.558+0000] {dag.py:3823} INFO - Setting next_dagrun for example_branch_labels to 2024-07-25 00:00:00+00:00, run_after=2024-07-26 00:00:00+00:00
[2024-07-26T12:29:20.580+0000] {processor.py:183} INFO - Processing /home/airflow/.local/lib/python3.8/site-packages/airflow/example_dags/example_branch_labels.py took 0.095 seconds
[2024-07-26T12:29:52.168+0000] {processor.py:161} INFO - Started process (PID=310) to work on /home/airflow/.local/lib/python3.8/site-packages/airflow/example_dags/example_branch_labels.py
[2024-07-26T12:29:52.169+0000] {processor.py:830} INFO - Processing file /home/airflow/.local/lib/python3.8/site-packages/airflow/example_dags/example_branch_labels.py for tasks to queue
[2024-07-26T12:29:52.171+0000] {logging_mixin.py:188} INFO - [2024-07-26T12:29:52.171+0000] {dagbag.py:538} INFO - Filling up the DagBag from /home/airflow/.local/lib/python3.8/site-packages/airflow/example_dags/example_branch_labels.py
[2024-07-26T12:29:52.181+0000] {processor.py:840} INFO - DAG(s) 'example_branch_labels' retrieved from /home/airflow/.local/lib/python3.8/site-packages/airflow/example_dags/example_branch_labels.py
[2024-07-26T12:29:52.203+0000] {logging_mixin.py:188} INFO - [2024-07-26T12:29:52.203+0000] {dag.py:3036} INFO - Sync 1 DAGs
[2024-07-26T12:29:52.229+0000] {logging_mixin.py:188} INFO - [2024-07-26T12:29:52.229+0000] {dag.py:3823} INFO - Setting next_dagrun for example_branch_labels to 2024-07-25 00:00:00+00:00, run_after=2024-07-26 00:00:00+00:00
[2024-07-26T12:29:52.250+0000] {processor.py:183} INFO - Processing /home/airflow/.local/lib/python3.8/site-packages/airflow/example_dags/example_branch_labels.py took 0.085 seconds
[2024-07-26T12:30:22.346+0000] {processor.py:161} INFO - Started process (PID=366) to work on /home/airflow/.local/lib/python3.8/site-packages/airflow/example_dags/example_branch_labels.py
[2024-07-26T12:30:22.348+0000] {processor.py:830} INFO - Processing file /home/airflow/.local/lib/python3.8/site-packages/airflow/example_dags/example_branch_labels.py for tasks to queue
[2024-07-26T12:30:22.350+0000] {logging_mixin.py:188} INFO - [2024-07-26T12:30:22.349+0000] {dagbag.py:538} INFO - Filling up the DagBag from /home/airflow/.local/lib/python3.8/site-packages/airflow/example_dags/example_branch_labels.py
[2024-07-26T12:30:22.359+0000] {processor.py:840} INFO - DAG(s) 'example_branch_labels' retrieved from /home/airflow/.local/lib/python3.8/site-packages/airflow/example_dags/example_branch_labels.py
[2024-07-26T12:30:22.383+0000] {logging_mixin.py:188} INFO - [2024-07-26T12:30:22.383+0000] {dag.py:3036} INFO - Sync 1 DAGs
[2024-07-26T12:30:22.413+0000] {logging_mixin.py:188} INFO - [2024-07-26T12:30:22.412+0000] {dag.py:3823} INFO - Setting next_dagrun for example_branch_labels to 2024-07-25 00:00:00+00:00, run_after=2024-07-26 00:00:00+00:00
[2024-07-26T12:30:22.437+0000] {processor.py:183} INFO - Processing /home/airflow/.local/lib/python3.8/site-packages/airflow/example_dags/example_branch_labels.py took 0.095 seconds
[2024-07-26T12:30:53.077+0000] {processor.py:161} INFO - Started process (PID=429) to work on /home/airflow/.local/lib/python3.8/site-packages/airflow/example_dags/example_branch_labels.py
[2024-07-26T12:30:53.079+0000] {processor.py:830} INFO - Processing file /home/airflow/.local/lib/python3.8/site-packages/airflow/example_dags/example_branch_labels.py for tasks to queue
[2024-07-26T12:30:53.090+0000] {logging_mixin.py:188} INFO - [2024-07-26T12:30:53.088+0000] {dagbag.py:538} INFO - Filling up the DagBag from /home/airflow/.local/lib/python3.8/site-packages/airflow/example_dags/example_branch_labels.py
[2024-07-26T12:30:53.106+0000] {processor.py:840} INFO - DAG(s) 'example_branch_labels' retrieved from /home/airflow/.local/lib/python3.8/site-packages/airflow/example_dags/example_branch_labels.py
[2024-07-26T12:30:53.143+0000] {logging_mixin.py:188} INFO - [2024-07-26T12:30:53.143+0000] {dag.py:3036} INFO - Sync 1 DAGs
[2024-07-26T12:30:53.188+0000] {logging_mixin.py:188} INFO - [2024-07-26T12:30:53.188+0000] {dag.py:3823} INFO - Setting next_dagrun for example_branch_labels to 2024-07-25 00:00:00+00:00, run_after=2024-07-26 00:00:00+00:00
[2024-07-26T12:30:53.225+0000] {processor.py:183} INFO - Processing /home/airflow/.local/lib/python3.8/site-packages/airflow/example_dags/example_branch_labels.py took 0.151 seconds
[2024-07-26T12:31:23.338+0000] {processor.py:161} INFO - Started process (PID=493) to work on /home/airflow/.local/lib/python3.8/site-packages/airflow/example_dags/example_branch_labels.py
[2024-07-26T12:31:23.339+0000] {processor.py:830} INFO - Processing file /home/airflow/.local/lib/python3.8/site-packages/airflow/example_dags/example_branch_labels.py for tasks to queue
[2024-07-26T12:31:23.342+0000] {logging_mixin.py:188} INFO - [2024-07-26T12:31:23.342+0000] {dagbag.py:538} INFO - Filling up the DagBag from /home/airflow/.local/lib/python3.8/site-packages/airflow/example_dags/example_branch_labels.py
[2024-07-26T12:31:23.352+0000] {processor.py:840} INFO - DAG(s) 'example_branch_labels' retrieved from /home/airflow/.local/lib/python3.8/site-packages/airflow/example_dags/example_branch_labels.py
[2024-07-26T12:31:23.384+0000] {logging_mixin.py:188} INFO - [2024-07-26T12:31:23.384+0000] {dag.py:3036} INFO - Sync 1 DAGs
[2024-07-26T12:31:23.417+0000] {logging_mixin.py:188} INFO - [2024-07-26T12:31:23.416+0000] {dag.py:3823} INFO - Setting next_dagrun for example_branch_labels to 2024-07-25 00:00:00+00:00, run_after=2024-07-26 00:00:00+00:00
[2024-07-26T12:31:23.437+0000] {processor.py:183} INFO - Processing /home/airflow/.local/lib/python3.8/site-packages/airflow/example_dags/example_branch_labels.py took 0.102 seconds
[2024-07-26T12:31:53.675+0000] {processor.py:161} INFO - Started process (PID=557) to work on /home/airflow/.local/lib/python3.8/site-packages/airflow/example_dags/example_branch_labels.py
[2024-07-26T12:31:53.676+0000] {processor.py:830} INFO - Processing file /home/airflow/.local/lib/python3.8/site-packages/airflow/example_dags/example_branch_labels.py for tasks to queue
[2024-07-26T12:31:53.678+0000] {logging_mixin.py:188} INFO - [2024-07-26T12:31:53.678+0000] {dagbag.py:538} INFO - Filling up the DagBag from /home/airflow/.local/lib/python3.8/site-packages/airflow/example_dags/example_branch_labels.py
[2024-07-26T12:31:53.690+0000] {processor.py:840} INFO - DAG(s) 'example_branch_labels' retrieved from /home/airflow/.local/lib/python3.8/site-packages/airflow/example_dags/example_branch_labels.py
[2024-07-26T12:31:53.716+0000] {logging_mixin.py:188} INFO - [2024-07-26T12:31:53.715+0000] {dag.py:3036} INFO - Sync 1 DAGs
[2024-07-26T12:31:53.742+0000] {logging_mixin.py:188} INFO - [2024-07-26T12:31:53.742+0000] {dag.py:3823} INFO - Setting next_dagrun for example_branch_labels to 2024-07-25 00:00:00+00:00, run_after=2024-07-26 00:00:00+00:00
[2024-07-26T12:31:53.764+0000] {processor.py:183} INFO - Processing /home/airflow/.local/lib/python3.8/site-packages/airflow/example_dags/example_branch_labels.py took 0.093 seconds
[2024-07-26T12:32:24.219+0000] {processor.py:161} INFO - Started process (PID=621) to work on /home/airflow/.local/lib/python3.8/site-packages/airflow/example_dags/example_branch_labels.py
[2024-07-26T12:32:24.220+0000] {processor.py:830} INFO - Processing file /home/airflow/.local/lib/python3.8/site-packages/airflow/example_dags/example_branch_labels.py for tasks to queue
[2024-07-26T12:32:24.222+0000] {logging_mixin.py:188} INFO - [2024-07-26T12:32:24.222+0000] {dagbag.py:538} INFO - Filling up the DagBag from /home/airflow/.local/lib/python3.8/site-packages/airflow/example_dags/example_branch_labels.py
[2024-07-26T12:32:24.234+0000] {processor.py:840} INFO - DAG(s) 'example_branch_labels' retrieved from /home/airflow/.local/lib/python3.8/site-packages/airflow/example_dags/example_branch_labels.py
[2024-07-26T12:32:24.257+0000] {logging_mixin.py:188} INFO - [2024-07-26T12:32:24.257+0000] {dag.py:3036} INFO - Sync 1 DAGs
[2024-07-26T12:32:24.287+0000] {logging_mixin.py:188} INFO - [2024-07-26T12:32:24.287+0000] {dag.py:3823} INFO - Setting next_dagrun for example_branch_labels to 2024-07-25 00:00:00+00:00, run_after=2024-07-26 00:00:00+00:00
[2024-07-26T12:32:24.319+0000] {processor.py:183} INFO - Processing /home/airflow/.local/lib/python3.8/site-packages/airflow/example_dags/example_branch_labels.py took 0.103 seconds
[2024-07-26T12:32:55.263+0000] {processor.py:161} INFO - Started process (PID=685) to work on /home/airflow/.local/lib/python3.8/site-packages/airflow/example_dags/example_branch_labels.py
[2024-07-26T12:32:55.264+0000] {processor.py:830} INFO - Processing file /home/airflow/.local/lib/python3.8/site-packages/airflow/example_dags/example_branch_labels.py for tasks to queue
[2024-07-26T12:32:55.267+0000] {logging_mixin.py:188} INFO - [2024-07-26T12:32:55.267+0000] {dagbag.py:538} INFO - Filling up the DagBag from /home/airflow/.local/lib/python3.8/site-packages/airflow/example_dags/example_branch_labels.py
[2024-07-26T12:32:55.277+0000] {processor.py:840} INFO - DAG(s) 'example_branch_labels' retrieved from /home/airflow/.local/lib/python3.8/site-packages/airflow/example_dags/example_branch_labels.py
[2024-07-26T12:32:55.300+0000] {logging_mixin.py:188} INFO - [2024-07-26T12:32:55.300+0000] {dag.py:3036} INFO - Sync 1 DAGs
[2024-07-26T12:32:55.338+0000] {logging_mixin.py:188} INFO - [2024-07-26T12:32:55.337+0000] {dag.py:3823} INFO - Setting next_dagrun for example_branch_labels to 2024-07-25 00:00:00+00:00, run_after=2024-07-26 00:00:00+00:00
[2024-07-26T12:32:55.360+0000] {processor.py:183} INFO - Processing /home/airflow/.local/lib/python3.8/site-packages/airflow/example_dags/example_branch_labels.py took 0.101 seconds
[2024-07-26T12:33:25.761+0000] {processor.py:161} INFO - Started process (PID=750) to work on /home/airflow/.local/lib/python3.8/site-packages/airflow/example_dags/example_branch_labels.py
[2024-07-26T12:33:25.762+0000] {processor.py:830} INFO - Processing file /home/airflow/.local/lib/python3.8/site-packages/airflow/example_dags/example_branch_labels.py for tasks to queue
[2024-07-26T12:33:25.764+0000] {logging_mixin.py:188} INFO - [2024-07-26T12:33:25.764+0000] {dagbag.py:538} INFO - Filling up the DagBag from /home/airflow/.local/lib/python3.8/site-packages/airflow/example_dags/example_branch_labels.py
[2024-07-26T12:33:25.775+0000] {processor.py:840} INFO - DAG(s) 'example_branch_labels' retrieved from /home/airflow/.local/lib/python3.8/site-packages/airflow/example_dags/example_branch_labels.py
[2024-07-26T12:33:25.802+0000] {logging_mixin.py:188} INFO - [2024-07-26T12:33:25.801+0000] {dag.py:3036} INFO - Sync 1 DAGs
[2024-07-26T12:33:25.827+0000] {logging_mixin.py:188} INFO - [2024-07-26T12:33:25.826+0000] {dag.py:3823} INFO - Setting next_dagrun for example_branch_labels to 2024-07-25 00:00:00+00:00, run_after=2024-07-26 00:00:00+00:00
[2024-07-26T12:33:25.847+0000] {processor.py:183} INFO - Processing /home/airflow/.local/lib/python3.8/site-packages/airflow/example_dags/example_branch_labels.py took 0.090 seconds
[2024-07-26T12:33:56.329+0000] {processor.py:161} INFO - Started process (PID=814) to work on /home/airflow/.local/lib/python3.8/site-packages/airflow/example_dags/example_branch_labels.py
[2024-07-26T12:33:56.330+0000] {processor.py:830} INFO - Processing file /home/airflow/.local/lib/python3.8/site-packages/airflow/example_dags/example_branch_labels.py for tasks to queue
[2024-07-26T12:33:56.332+0000] {logging_mixin.py:188} INFO - [2024-07-26T12:33:56.332+0000] {dagbag.py:538} INFO - Filling up the DagBag from /home/airflow/.local/lib/python3.8/site-packages/airflow/example_dags/example_branch_labels.py
[2024-07-26T12:33:56.341+0000] {processor.py:840} INFO - DAG(s) 'example_branch_labels' retrieved from /home/airflow/.local/lib/python3.8/site-packages/airflow/example_dags/example_branch_labels.py
[2024-07-26T12:33:56.365+0000] {logging_mixin.py:188} INFO - [2024-07-26T12:33:56.365+0000] {dag.py:3036} INFO - Sync 1 DAGs
[2024-07-26T12:33:56.391+0000] {logging_mixin.py:188} INFO - [2024-07-26T12:33:56.391+0000] {dag.py:3823} INFO - Setting next_dagrun for example_branch_labels to 2024-07-25 00:00:00+00:00, run_after=2024-07-26 00:00:00+00:00
[2024-07-26T12:33:56.427+0000] {processor.py:183} INFO - Processing /home/airflow/.local/lib/python3.8/site-packages/airflow/example_dags/example_branch_labels.py took 0.101 seconds
[2024-07-26T12:34:26.717+0000] {processor.py:161} INFO - Started process (PID=878) to work on /home/airflow/.local/lib/python3.8/site-packages/airflow/example_dags/example_branch_labels.py
[2024-07-26T12:34:26.718+0000] {processor.py:830} INFO - Processing file /home/airflow/.local/lib/python3.8/site-packages/airflow/example_dags/example_branch_labels.py for tasks to queue
[2024-07-26T12:34:26.720+0000] {logging_mixin.py:188} INFO - [2024-07-26T12:34:26.720+0000] {dagbag.py:538} INFO - Filling up the DagBag from /home/airflow/.local/lib/python3.8/site-packages/airflow/example_dags/example_branch_labels.py
[2024-07-26T12:34:26.728+0000] {processor.py:840} INFO - DAG(s) 'example_branch_labels' retrieved from /home/airflow/.local/lib/python3.8/site-packages/airflow/example_dags/example_branch_labels.py
[2024-07-26T12:34:26.749+0000] {logging_mixin.py:188} INFO - [2024-07-26T12:34:26.749+0000] {dag.py:3036} INFO - Sync 1 DAGs
[2024-07-26T12:34:26.774+0000] {logging_mixin.py:188} INFO - [2024-07-26T12:34:26.774+0000] {dag.py:3823} INFO - Setting next_dagrun for example_branch_labels to 2024-07-25 00:00:00+00:00, run_after=2024-07-26 00:00:00+00:00
[2024-07-26T12:34:26.792+0000] {processor.py:183} INFO - Processing /home/airflow/.local/lib/python3.8/site-packages/airflow/example_dags/example_branch_labels.py took 0.078 seconds
[2024-07-26T12:34:57.385+0000] {processor.py:161} INFO - Started process (PID=942) to work on /home/airflow/.local/lib/python3.8/site-packages/airflow/example_dags/example_branch_labels.py
[2024-07-26T12:34:57.386+0000] {processor.py:830} INFO - Processing file /home/airflow/.local/lib/python3.8/site-packages/airflow/example_dags/example_branch_labels.py for tasks to queue
[2024-07-26T12:34:57.389+0000] {logging_mixin.py:188} INFO - [2024-07-26T12:34:57.388+0000] {dagbag.py:538} INFO - Filling up the DagBag from /home/airflow/.local/lib/python3.8/site-packages/airflow/example_dags/example_branch_labels.py
[2024-07-26T12:34:57.398+0000] {processor.py:840} INFO - DAG(s) 'example_branch_labels' retrieved from /home/airflow/.local/lib/python3.8/site-packages/airflow/example_dags/example_branch_labels.py
[2024-07-26T12:34:57.420+0000] {logging_mixin.py:188} INFO - [2024-07-26T12:34:57.420+0000] {dag.py:3036} INFO - Sync 1 DAGs
[2024-07-26T12:34:57.444+0000] {logging_mixin.py:188} INFO - [2024-07-26T12:34:57.444+0000] {dag.py:3823} INFO - Setting next_dagrun for example_branch_labels to 2024-07-25 00:00:00+00:00, run_after=2024-07-26 00:00:00+00:00
[2024-07-26T12:34:57.464+0000] {processor.py:183} INFO - Processing /home/airflow/.local/lib/python3.8/site-packages/airflow/example_dags/example_branch_labels.py took 0.081 seconds
[2024-07-26T12:35:28.148+0000] {processor.py:161} INFO - Started process (PID=1006) to work on /home/airflow/.local/lib/python3.8/site-packages/airflow/example_dags/example_branch_labels.py
[2024-07-26T12:35:28.149+0000] {processor.py:830} INFO - Processing file /home/airflow/.local/lib/python3.8/site-packages/airflow/example_dags/example_branch_labels.py for tasks to queue
[2024-07-26T12:35:28.152+0000] {logging_mixin.py:188} INFO - [2024-07-26T12:35:28.151+0000] {dagbag.py:538} INFO - Filling up the DagBag from /home/airflow/.local/lib/python3.8/site-packages/airflow/example_dags/example_branch_labels.py
[2024-07-26T12:35:28.161+0000] {processor.py:840} INFO - DAG(s) 'example_branch_labels' retrieved from /home/airflow/.local/lib/python3.8/site-packages/airflow/example_dags/example_branch_labels.py
[2024-07-26T12:35:28.186+0000] {logging_mixin.py:188} INFO - [2024-07-26T12:35:28.186+0000] {dag.py:3036} INFO - Sync 1 DAGs
[2024-07-26T12:35:28.216+0000] {logging_mixin.py:188} INFO - [2024-07-26T12:35:28.216+0000] {dag.py:3823} INFO - Setting next_dagrun for example_branch_labels to 2024-07-25 00:00:00+00:00, run_after=2024-07-26 00:00:00+00:00
[2024-07-26T12:35:28.234+0000] {processor.py:183} INFO - Processing /home/airflow/.local/lib/python3.8/site-packages/airflow/example_dags/example_branch_labels.py took 0.090 seconds
[2024-07-26T12:35:58.332+0000] {processor.py:161} INFO - Started process (PID=1070) to work on /home/airflow/.local/lib/python3.8/site-packages/airflow/example_dags/example_branch_labels.py
[2024-07-26T12:35:58.333+0000] {processor.py:830} INFO - Processing file /home/airflow/.local/lib/python3.8/site-packages/airflow/example_dags/example_branch_labels.py for tasks to queue
[2024-07-26T12:35:58.336+0000] {logging_mixin.py:188} INFO - [2024-07-26T12:35:58.336+0000] {dagbag.py:538} INFO - Filling up the DagBag from /home/airflow/.local/lib/python3.8/site-packages/airflow/example_dags/example_branch_labels.py
[2024-07-26T12:35:58.348+0000] {processor.py:840} INFO - DAG(s) 'example_branch_labels' retrieved from /home/airflow/.local/lib/python3.8/site-packages/airflow/example_dags/example_branch_labels.py
[2024-07-26T12:35:58.376+0000] {logging_mixin.py:188} INFO - [2024-07-26T12:35:58.376+0000] {dag.py:3036} INFO - Sync 1 DAGs
[2024-07-26T12:35:58.406+0000] {logging_mixin.py:188} INFO - [2024-07-26T12:35:58.405+0000] {dag.py:3823} INFO - Setting next_dagrun for example_branch_labels to 2024-07-25 00:00:00+00:00, run_after=2024-07-26 00:00:00+00:00
[2024-07-26T12:35:58.435+0000] {processor.py:183} INFO - Processing /home/airflow/.local/lib/python3.8/site-packages/airflow/example_dags/example_branch_labels.py took 0.106 seconds
[2024-07-26T12:36:28.794+0000] {processor.py:161} INFO - Started process (PID=1134) to work on /home/airflow/.local/lib/python3.8/site-packages/airflow/example_dags/example_branch_labels.py
[2024-07-26T12:36:28.796+0000] {processor.py:830} INFO - Processing file /home/airflow/.local/lib/python3.8/site-packages/airflow/example_dags/example_branch_labels.py for tasks to queue
[2024-07-26T12:36:28.799+0000] {logging_mixin.py:188} INFO - [2024-07-26T12:36:28.798+0000] {dagbag.py:538} INFO - Filling up the DagBag from /home/airflow/.local/lib/python3.8/site-packages/airflow/example_dags/example_branch_labels.py
[2024-07-26T12:36:28.812+0000] {processor.py:840} INFO - DAG(s) 'example_branch_labels' retrieved from /home/airflow/.local/lib/python3.8/site-packages/airflow/example_dags/example_branch_labels.py
[2024-07-26T12:36:28.841+0000] {logging_mixin.py:188} INFO - [2024-07-26T12:36:28.841+0000] {dag.py:3036} INFO - Sync 1 DAGs
[2024-07-26T12:36:28.872+0000] {logging_mixin.py:188} INFO - [2024-07-26T12:36:28.871+0000] {dag.py:3823} INFO - Setting next_dagrun for example_branch_labels to 2024-07-25 00:00:00+00:00, run_after=2024-07-26 00:00:00+00:00
[2024-07-26T12:36:28.893+0000] {processor.py:183} INFO - Processing /home/airflow/.local/lib/python3.8/site-packages/airflow/example_dags/example_branch_labels.py took 0.103 seconds
[2024-07-26T12:36:59.171+0000] {processor.py:161} INFO - Started process (PID=1198) to work on /home/airflow/.local/lib/python3.8/site-packages/airflow/example_dags/example_branch_labels.py
[2024-07-26T12:36:59.172+0000] {processor.py:830} INFO - Processing file /home/airflow/.local/lib/python3.8/site-packages/airflow/example_dags/example_branch_labels.py for tasks to queue
[2024-07-26T12:36:59.180+0000] {logging_mixin.py:188} INFO - [2024-07-26T12:36:59.179+0000] {dagbag.py:538} INFO - Filling up the DagBag from /home/airflow/.local/lib/python3.8/site-packages/airflow/example_dags/example_branch_labels.py
[2024-07-26T12:36:59.195+0000] {processor.py:840} INFO - DAG(s) 'example_branch_labels' retrieved from /home/airflow/.local/lib/python3.8/site-packages/airflow/example_dags/example_branch_labels.py
[2024-07-26T12:36:59.224+0000] {logging_mixin.py:188} INFO - [2024-07-26T12:36:59.224+0000] {dag.py:3036} INFO - Sync 1 DAGs
[2024-07-26T12:36:59.260+0000] {logging_mixin.py:188} INFO - [2024-07-26T12:36:59.260+0000] {dag.py:3823} INFO - Setting next_dagrun for example_branch_labels to 2024-07-25 00:00:00+00:00, run_after=2024-07-26 00:00:00+00:00
[2024-07-26T12:36:59.286+0000] {processor.py:183} INFO - Processing /home/airflow/.local/lib/python3.8/site-packages/airflow/example_dags/example_branch_labels.py took 0.120 seconds
[2024-07-26T12:37:29.468+0000] {processor.py:161} INFO - Started process (PID=1262) to work on /home/airflow/.local/lib/python3.8/site-packages/airflow/example_dags/example_branch_labels.py
[2024-07-26T12:37:29.469+0000] {processor.py:830} INFO - Processing file /home/airflow/.local/lib/python3.8/site-packages/airflow/example_dags/example_branch_labels.py for tasks to queue
[2024-07-26T12:37:29.471+0000] {logging_mixin.py:188} INFO - [2024-07-26T12:37:29.471+0000] {dagbag.py:538} INFO - Filling up the DagBag from /home/airflow/.local/lib/python3.8/site-packages/airflow/example_dags/example_branch_labels.py
[2024-07-26T12:37:29.481+0000] {processor.py:840} INFO - DAG(s) 'example_branch_labels' retrieved from /home/airflow/.local/lib/python3.8/site-packages/airflow/example_dags/example_branch_labels.py
[2024-07-26T12:37:29.512+0000] {logging_mixin.py:188} INFO - [2024-07-26T12:37:29.512+0000] {dag.py:3036} INFO - Sync 1 DAGs
[2024-07-26T12:37:29.551+0000] {logging_mixin.py:188} INFO - [2024-07-26T12:37:29.551+0000] {dag.py:3823} INFO - Setting next_dagrun for example_branch_labels to 2024-07-25 00:00:00+00:00, run_after=2024-07-26 00:00:00+00:00
[2024-07-26T12:37:29.578+0000] {processor.py:183} INFO - Processing /home/airflow/.local/lib/python3.8/site-packages/airflow/example_dags/example_branch_labels.py took 0.115 seconds
[2024-07-26T12:38:52.737+0000] {processor.py:161} INFO - Started process (PID=107) to work on /home/airflow/.local/lib/python3.8/site-packages/airflow/example_dags/example_branch_labels.py
[2024-07-26T12:38:52.738+0000] {processor.py:830} INFO - Processing file /home/airflow/.local/lib/python3.8/site-packages/airflow/example_dags/example_branch_labels.py for tasks to queue
[2024-07-26T12:38:52.740+0000] {logging_mixin.py:188} INFO - [2024-07-26T12:38:52.740+0000] {dagbag.py:538} INFO - Filling up the DagBag from /home/airflow/.local/lib/python3.8/site-packages/airflow/example_dags/example_branch_labels.py
[2024-07-26T12:38:52.755+0000] {processor.py:840} INFO - DAG(s) 'example_branch_labels' retrieved from /home/airflow/.local/lib/python3.8/site-packages/airflow/example_dags/example_branch_labels.py
[2024-07-26T12:38:52.769+0000] {logging_mixin.py:188} INFO - [2024-07-26T12:38:52.768+0000] {dag.py:3036} INFO - Sync 1 DAGs
[2024-07-26T12:38:52.804+0000] {logging_mixin.py:188} INFO - [2024-07-26T12:38:52.804+0000] {dag.py:3823} INFO - Setting next_dagrun for example_branch_labels to 2024-07-25 00:00:00+00:00, run_after=2024-07-26 00:00:00+00:00
[2024-07-26T12:38:52.826+0000] {processor.py:183} INFO - Processing /home/airflow/.local/lib/python3.8/site-packages/airflow/example_dags/example_branch_labels.py took 0.092 seconds
[2024-07-26T12:39:24.799+0000] {processor.py:161} INFO - Started process (PID=171) to work on /home/airflow/.local/lib/python3.8/site-packages/airflow/example_dags/example_branch_labels.py
[2024-07-26T12:39:24.800+0000] {processor.py:830} INFO - Processing file /home/airflow/.local/lib/python3.8/site-packages/airflow/example_dags/example_branch_labels.py for tasks to queue
[2024-07-26T12:39:24.802+0000] {logging_mixin.py:188} INFO - [2024-07-26T12:39:24.802+0000] {dagbag.py:538} INFO - Filling up the DagBag from /home/airflow/.local/lib/python3.8/site-packages/airflow/example_dags/example_branch_labels.py
[2024-07-26T12:39:24.813+0000] {processor.py:840} INFO - DAG(s) 'example_branch_labels' retrieved from /home/airflow/.local/lib/python3.8/site-packages/airflow/example_dags/example_branch_labels.py
[2024-07-26T12:39:24.947+0000] {logging_mixin.py:188} INFO - [2024-07-26T12:39:24.947+0000] {dag.py:3036} INFO - Sync 1 DAGs
[2024-07-26T12:39:24.972+0000] {logging_mixin.py:188} INFO - [2024-07-26T12:39:24.972+0000] {dag.py:3823} INFO - Setting next_dagrun for example_branch_labels to 2024-07-25 00:00:00+00:00, run_after=2024-07-26 00:00:00+00:00
[2024-07-26T12:39:24.999+0000] {processor.py:183} INFO - Processing /home/airflow/.local/lib/python3.8/site-packages/airflow/example_dags/example_branch_labels.py took 0.205 seconds
[2024-07-26T12:43:19.243+0000] {processor.py:161} INFO - Started process (PID=118) to work on /home/airflow/.local/lib/python3.8/site-packages/airflow/example_dags/example_branch_labels.py
[2024-07-26T12:43:19.245+0000] {processor.py:830} INFO - Processing file /home/airflow/.local/lib/python3.8/site-packages/airflow/example_dags/example_branch_labels.py for tasks to queue
[2024-07-26T12:43:19.247+0000] {logging_mixin.py:188} INFO - [2024-07-26T12:43:19.246+0000] {dagbag.py:538} INFO - Filling up the DagBag from /home/airflow/.local/lib/python3.8/site-packages/airflow/example_dags/example_branch_labels.py
[2024-07-26T12:43:19.260+0000] {processor.py:840} INFO - DAG(s) 'example_branch_labels' retrieved from /home/airflow/.local/lib/python3.8/site-packages/airflow/example_dags/example_branch_labels.py
[2024-07-26T12:43:19.392+0000] {logging_mixin.py:188} INFO - [2024-07-26T12:43:19.392+0000] {dag.py:3036} INFO - Sync 1 DAGs
[2024-07-26T12:43:19.418+0000] {logging_mixin.py:188} INFO - [2024-07-26T12:43:19.418+0000] {dag.py:3823} INFO - Setting next_dagrun for example_branch_labels to 2024-07-25 00:00:00+00:00, run_after=2024-07-26 00:00:00+00:00
[2024-07-26T12:43:19.443+0000] {processor.py:183} INFO - Processing /home/airflow/.local/lib/python3.8/site-packages/airflow/example_dags/example_branch_labels.py took 0.204 seconds
[2024-07-26T12:43:50.304+0000] {processor.py:161} INFO - Started process (PID=182) to work on /home/airflow/.local/lib/python3.8/site-packages/airflow/example_dags/example_branch_labels.py
[2024-07-26T12:43:50.305+0000] {processor.py:830} INFO - Processing file /home/airflow/.local/lib/python3.8/site-packages/airflow/example_dags/example_branch_labels.py for tasks to queue
[2024-07-26T12:43:50.307+0000] {logging_mixin.py:188} INFO - [2024-07-26T12:43:50.307+0000] {dagbag.py:538} INFO - Filling up the DagBag from /home/airflow/.local/lib/python3.8/site-packages/airflow/example_dags/example_branch_labels.py
[2024-07-26T12:43:50.315+0000] {processor.py:840} INFO - DAG(s) 'example_branch_labels' retrieved from /home/airflow/.local/lib/python3.8/site-packages/airflow/example_dags/example_branch_labels.py
[2024-07-26T12:43:50.342+0000] {logging_mixin.py:188} INFO - [2024-07-26T12:43:50.341+0000] {dag.py:3036} INFO - Sync 1 DAGs
[2024-07-26T12:43:50.367+0000] {logging_mixin.py:188} INFO - [2024-07-26T12:43:50.366+0000] {dag.py:3823} INFO - Setting next_dagrun for example_branch_labels to 2024-07-25 00:00:00+00:00, run_after=2024-07-26 00:00:00+00:00
[2024-07-26T12:43:50.386+0000] {processor.py:183} INFO - Processing /home/airflow/.local/lib/python3.8/site-packages/airflow/example_dags/example_branch_labels.py took 0.086 seconds
[2024-07-26T12:44:20.637+0000] {processor.py:161} INFO - Started process (PID=246) to work on /home/airflow/.local/lib/python3.8/site-packages/airflow/example_dags/example_branch_labels.py
[2024-07-26T12:44:20.639+0000] {processor.py:830} INFO - Processing file /home/airflow/.local/lib/python3.8/site-packages/airflow/example_dags/example_branch_labels.py for tasks to queue
[2024-07-26T12:44:20.644+0000] {logging_mixin.py:188} INFO - [2024-07-26T12:44:20.641+0000] {dagbag.py:538} INFO - Filling up the DagBag from /home/airflow/.local/lib/python3.8/site-packages/airflow/example_dags/example_branch_labels.py
[2024-07-26T12:44:20.656+0000] {processor.py:840} INFO - DAG(s) 'example_branch_labels' retrieved from /home/airflow/.local/lib/python3.8/site-packages/airflow/example_dags/example_branch_labels.py
[2024-07-26T12:44:20.691+0000] {logging_mixin.py:188} INFO - [2024-07-26T12:44:20.691+0000] {dag.py:3036} INFO - Sync 1 DAGs
[2024-07-26T12:44:20.720+0000] {logging_mixin.py:188} INFO - [2024-07-26T12:44:20.719+0000] {dag.py:3823} INFO - Setting next_dagrun for example_branch_labels to 2024-07-25 00:00:00+00:00, run_after=2024-07-26 00:00:00+00:00
[2024-07-26T12:44:20.739+0000] {processor.py:183} INFO - Processing /home/airflow/.local/lib/python3.8/site-packages/airflow/example_dags/example_branch_labels.py took 0.106 seconds
[2024-07-26T12:49:46.884+0000] {processor.py:161} INFO - Started process (PID=112) to work on /home/airflow/.local/lib/python3.8/site-packages/airflow/example_dags/example_branch_labels.py
[2024-07-26T12:49:46.885+0000] {processor.py:830} INFO - Processing file /home/airflow/.local/lib/python3.8/site-packages/airflow/example_dags/example_branch_labels.py for tasks to queue
[2024-07-26T12:49:46.887+0000] {logging_mixin.py:188} INFO - [2024-07-26T12:49:46.887+0000] {dagbag.py:538} INFO - Filling up the DagBag from /home/airflow/.local/lib/python3.8/site-packages/airflow/example_dags/example_branch_labels.py
[2024-07-26T12:49:46.899+0000] {processor.py:840} INFO - DAG(s) 'example_branch_labels' retrieved from /home/airflow/.local/lib/python3.8/site-packages/airflow/example_dags/example_branch_labels.py
[2024-07-26T12:49:47.042+0000] {logging_mixin.py:188} INFO - [2024-07-26T12:49:47.042+0000] {dag.py:3036} INFO - Sync 1 DAGs
[2024-07-26T12:49:47.071+0000] {logging_mixin.py:188} INFO - [2024-07-26T12:49:47.071+0000] {dag.py:3823} INFO - Setting next_dagrun for example_branch_labels to 2024-07-25 00:00:00+00:00, run_after=2024-07-26 00:00:00+00:00
[2024-07-26T12:49:47.097+0000] {processor.py:183} INFO - Processing /home/airflow/.local/lib/python3.8/site-packages/airflow/example_dags/example_branch_labels.py took 0.216 seconds
[2024-07-26T12:50:17.427+0000] {processor.py:161} INFO - Started process (PID=176) to work on /home/airflow/.local/lib/python3.8/site-packages/airflow/example_dags/example_branch_labels.py
[2024-07-26T12:50:17.428+0000] {processor.py:830} INFO - Processing file /home/airflow/.local/lib/python3.8/site-packages/airflow/example_dags/example_branch_labels.py for tasks to queue
[2024-07-26T12:50:17.431+0000] {logging_mixin.py:188} INFO - [2024-07-26T12:50:17.430+0000] {dagbag.py:538} INFO - Filling up the DagBag from /home/airflow/.local/lib/python3.8/site-packages/airflow/example_dags/example_branch_labels.py
[2024-07-26T12:50:17.439+0000] {processor.py:840} INFO - DAG(s) 'example_branch_labels' retrieved from /home/airflow/.local/lib/python3.8/site-packages/airflow/example_dags/example_branch_labels.py
[2024-07-26T12:50:17.462+0000] {logging_mixin.py:188} INFO - [2024-07-26T12:50:17.462+0000] {dag.py:3036} INFO - Sync 1 DAGs
[2024-07-26T12:50:17.493+0000] {logging_mixin.py:188} INFO - [2024-07-26T12:50:17.493+0000] {dag.py:3823} INFO - Setting next_dagrun for example_branch_labels to 2024-07-25 00:00:00+00:00, run_after=2024-07-26 00:00:00+00:00
[2024-07-26T12:50:17.515+0000] {processor.py:183} INFO - Processing /home/airflow/.local/lib/python3.8/site-packages/airflow/example_dags/example_branch_labels.py took 0.091 seconds
[2024-07-26T12:50:48.677+0000] {processor.py:161} INFO - Started process (PID=240) to work on /home/airflow/.local/lib/python3.8/site-packages/airflow/example_dags/example_branch_labels.py
[2024-07-26T12:50:48.678+0000] {processor.py:830} INFO - Processing file /home/airflow/.local/lib/python3.8/site-packages/airflow/example_dags/example_branch_labels.py for tasks to queue
[2024-07-26T12:50:48.680+0000] {logging_mixin.py:188} INFO - [2024-07-26T12:50:48.679+0000] {dagbag.py:538} INFO - Filling up the DagBag from /home/airflow/.local/lib/python3.8/site-packages/airflow/example_dags/example_branch_labels.py
[2024-07-26T12:50:48.689+0000] {processor.py:840} INFO - DAG(s) 'example_branch_labels' retrieved from /home/airflow/.local/lib/python3.8/site-packages/airflow/example_dags/example_branch_labels.py
[2024-07-26T12:50:48.714+0000] {logging_mixin.py:188} INFO - [2024-07-26T12:50:48.714+0000] {dag.py:3036} INFO - Sync 1 DAGs
[2024-07-26T12:50:48.739+0000] {logging_mixin.py:188} INFO - [2024-07-26T12:50:48.739+0000] {dag.py:3823} INFO - Setting next_dagrun for example_branch_labels to 2024-07-25 00:00:00+00:00, run_after=2024-07-26 00:00:00+00:00
[2024-07-26T12:50:48.758+0000] {processor.py:183} INFO - Processing /home/airflow/.local/lib/python3.8/site-packages/airflow/example_dags/example_branch_labels.py took 0.084 seconds
[2024-07-26T12:51:19.149+0000] {processor.py:161} INFO - Started process (PID=297) to work on /home/airflow/.local/lib/python3.8/site-packages/airflow/example_dags/example_branch_labels.py
[2024-07-26T12:51:19.151+0000] {processor.py:830} INFO - Processing file /home/airflow/.local/lib/python3.8/site-packages/airflow/example_dags/example_branch_labels.py for tasks to queue
[2024-07-26T12:51:19.154+0000] {logging_mixin.py:188} INFO - [2024-07-26T12:51:19.153+0000] {dagbag.py:538} INFO - Filling up the DagBag from /home/airflow/.local/lib/python3.8/site-packages/airflow/example_dags/example_branch_labels.py
[2024-07-26T12:51:19.166+0000] {processor.py:840} INFO - DAG(s) 'example_branch_labels' retrieved from /home/airflow/.local/lib/python3.8/site-packages/airflow/example_dags/example_branch_labels.py
[2024-07-26T12:51:19.200+0000] {logging_mixin.py:188} INFO - [2024-07-26T12:51:19.200+0000] {dag.py:3036} INFO - Sync 1 DAGs
[2024-07-26T12:51:19.232+0000] {logging_mixin.py:188} INFO - [2024-07-26T12:51:19.231+0000] {dag.py:3823} INFO - Setting next_dagrun for example_branch_labels to 2024-07-25 00:00:00+00:00, run_after=2024-07-26 00:00:00+00:00
[2024-07-26T12:51:19.254+0000] {processor.py:183} INFO - Processing /home/airflow/.local/lib/python3.8/site-packages/airflow/example_dags/example_branch_labels.py took 0.111 seconds
[2024-07-26T12:51:49.914+0000] {processor.py:161} INFO - Started process (PID=359) to work on /home/airflow/.local/lib/python3.8/site-packages/airflow/example_dags/example_branch_labels.py
[2024-07-26T12:51:49.916+0000] {processor.py:830} INFO - Processing file /home/airflow/.local/lib/python3.8/site-packages/airflow/example_dags/example_branch_labels.py for tasks to queue
[2024-07-26T12:51:49.919+0000] {logging_mixin.py:188} INFO - [2024-07-26T12:51:49.918+0000] {dagbag.py:538} INFO - Filling up the DagBag from /home/airflow/.local/lib/python3.8/site-packages/airflow/example_dags/example_branch_labels.py
[2024-07-26T12:51:49.934+0000] {processor.py:840} INFO - DAG(s) 'example_branch_labels' retrieved from /home/airflow/.local/lib/python3.8/site-packages/airflow/example_dags/example_branch_labels.py
[2024-07-26T12:51:49.977+0000] {logging_mixin.py:188} INFO - [2024-07-26T12:51:49.976+0000] {dag.py:3036} INFO - Sync 1 DAGs
[2024-07-26T12:51:50.007+0000] {logging_mixin.py:188} INFO - [2024-07-26T12:51:50.007+0000] {dag.py:3823} INFO - Setting next_dagrun for example_branch_labels to 2024-07-25 00:00:00+00:00, run_after=2024-07-26 00:00:00+00:00
[2024-07-26T12:51:50.036+0000] {processor.py:183} INFO - Processing /home/airflow/.local/lib/python3.8/site-packages/airflow/example_dags/example_branch_labels.py took 0.128 seconds
[2024-07-26T12:52:20.490+0000] {processor.py:161} INFO - Started process (PID=423) to work on /home/airflow/.local/lib/python3.8/site-packages/airflow/example_dags/example_branch_labels.py
[2024-07-26T12:52:20.491+0000] {processor.py:830} INFO - Processing file /home/airflow/.local/lib/python3.8/site-packages/airflow/example_dags/example_branch_labels.py for tasks to queue
[2024-07-26T12:52:20.494+0000] {logging_mixin.py:188} INFO - [2024-07-26T12:52:20.493+0000] {dagbag.py:538} INFO - Filling up the DagBag from /home/airflow/.local/lib/python3.8/site-packages/airflow/example_dags/example_branch_labels.py
[2024-07-26T12:52:20.503+0000] {processor.py:840} INFO - DAG(s) 'example_branch_labels' retrieved from /home/airflow/.local/lib/python3.8/site-packages/airflow/example_dags/example_branch_labels.py
[2024-07-26T12:52:20.527+0000] {logging_mixin.py:188} INFO - [2024-07-26T12:52:20.526+0000] {dag.py:3036} INFO - Sync 1 DAGs
[2024-07-26T12:52:20.552+0000] {logging_mixin.py:188} INFO - [2024-07-26T12:52:20.552+0000] {dag.py:3823} INFO - Setting next_dagrun for example_branch_labels to 2024-07-25 00:00:00+00:00, run_after=2024-07-26 00:00:00+00:00
[2024-07-26T12:52:20.574+0000] {processor.py:183} INFO - Processing /home/airflow/.local/lib/python3.8/site-packages/airflow/example_dags/example_branch_labels.py took 0.087 seconds
[2024-07-26T12:52:50.971+0000] {processor.py:161} INFO - Started process (PID=487) to work on /home/airflow/.local/lib/python3.8/site-packages/airflow/example_dags/example_branch_labels.py
[2024-07-26T12:52:50.972+0000] {processor.py:830} INFO - Processing file /home/airflow/.local/lib/python3.8/site-packages/airflow/example_dags/example_branch_labels.py for tasks to queue
[2024-07-26T12:52:50.975+0000] {logging_mixin.py:188} INFO - [2024-07-26T12:52:50.974+0000] {dagbag.py:538} INFO - Filling up the DagBag from /home/airflow/.local/lib/python3.8/site-packages/airflow/example_dags/example_branch_labels.py
[2024-07-26T12:52:50.983+0000] {processor.py:840} INFO - DAG(s) 'example_branch_labels' retrieved from /home/airflow/.local/lib/python3.8/site-packages/airflow/example_dags/example_branch_labels.py
[2024-07-26T12:52:51.011+0000] {logging_mixin.py:188} INFO - [2024-07-26T12:52:51.011+0000] {dag.py:3036} INFO - Sync 1 DAGs
[2024-07-26T12:52:51.034+0000] {logging_mixin.py:188} INFO - [2024-07-26T12:52:51.034+0000] {dag.py:3823} INFO - Setting next_dagrun for example_branch_labels to 2024-07-25 00:00:00+00:00, run_after=2024-07-26 00:00:00+00:00
[2024-07-26T12:52:51.054+0000] {processor.py:183} INFO - Processing /home/airflow/.local/lib/python3.8/site-packages/airflow/example_dags/example_branch_labels.py took 0.086 seconds
[2024-07-26T12:53:21.624+0000] {processor.py:161} INFO - Started process (PID=551) to work on /home/airflow/.local/lib/python3.8/site-packages/airflow/example_dags/example_branch_labels.py
[2024-07-26T12:53:21.626+0000] {processor.py:830} INFO - Processing file /home/airflow/.local/lib/python3.8/site-packages/airflow/example_dags/example_branch_labels.py for tasks to queue
[2024-07-26T12:53:21.628+0000] {logging_mixin.py:188} INFO - [2024-07-26T12:53:21.628+0000] {dagbag.py:538} INFO - Filling up the DagBag from /home/airflow/.local/lib/python3.8/site-packages/airflow/example_dags/example_branch_labels.py
[2024-07-26T12:53:21.637+0000] {processor.py:840} INFO - DAG(s) 'example_branch_labels' retrieved from /home/airflow/.local/lib/python3.8/site-packages/airflow/example_dags/example_branch_labels.py
[2024-07-26T12:53:21.663+0000] {logging_mixin.py:188} INFO - [2024-07-26T12:53:21.663+0000] {dag.py:3036} INFO - Sync 1 DAGs
[2024-07-26T12:53:21.689+0000] {logging_mixin.py:188} INFO - [2024-07-26T12:53:21.689+0000] {dag.py:3823} INFO - Setting next_dagrun for example_branch_labels to 2024-07-25 00:00:00+00:00, run_after=2024-07-26 00:00:00+00:00
[2024-07-26T12:53:21.712+0000] {processor.py:183} INFO - Processing /home/airflow/.local/lib/python3.8/site-packages/airflow/example_dags/example_branch_labels.py took 0.090 seconds
[2024-07-26T12:53:51.886+0000] {processor.py:161} INFO - Started process (PID=615) to work on /home/airflow/.local/lib/python3.8/site-packages/airflow/example_dags/example_branch_labels.py
[2024-07-26T12:53:51.887+0000] {processor.py:830} INFO - Processing file /home/airflow/.local/lib/python3.8/site-packages/airflow/example_dags/example_branch_labels.py for tasks to queue
[2024-07-26T12:53:51.889+0000] {logging_mixin.py:188} INFO - [2024-07-26T12:53:51.889+0000] {dagbag.py:538} INFO - Filling up the DagBag from /home/airflow/.local/lib/python3.8/site-packages/airflow/example_dags/example_branch_labels.py
[2024-07-26T12:53:51.897+0000] {processor.py:840} INFO - DAG(s) 'example_branch_labels' retrieved from /home/airflow/.local/lib/python3.8/site-packages/airflow/example_dags/example_branch_labels.py
[2024-07-26T12:53:51.920+0000] {logging_mixin.py:188} INFO - [2024-07-26T12:53:51.920+0000] {dag.py:3036} INFO - Sync 1 DAGs
[2024-07-26T12:53:51.944+0000] {logging_mixin.py:188} INFO - [2024-07-26T12:53:51.944+0000] {dag.py:3823} INFO - Setting next_dagrun for example_branch_labels to 2024-07-25 00:00:00+00:00, run_after=2024-07-26 00:00:00+00:00
[2024-07-26T12:53:51.964+0000] {processor.py:183} INFO - Processing /home/airflow/.local/lib/python3.8/site-packages/airflow/example_dags/example_branch_labels.py took 0.081 seconds
[2024-07-26T12:54:22.346+0000] {processor.py:161} INFO - Started process (PID=679) to work on /home/airflow/.local/lib/python3.8/site-packages/airflow/example_dags/example_branch_labels.py
[2024-07-26T12:54:22.347+0000] {processor.py:830} INFO - Processing file /home/airflow/.local/lib/python3.8/site-packages/airflow/example_dags/example_branch_labels.py for tasks to queue
[2024-07-26T12:54:22.349+0000] {logging_mixin.py:188} INFO - [2024-07-26T12:54:22.348+0000] {dagbag.py:538} INFO - Filling up the DagBag from /home/airflow/.local/lib/python3.8/site-packages/airflow/example_dags/example_branch_labels.py
[2024-07-26T12:54:22.359+0000] {processor.py:840} INFO - DAG(s) 'example_branch_labels' retrieved from /home/airflow/.local/lib/python3.8/site-packages/airflow/example_dags/example_branch_labels.py
[2024-07-26T12:54:22.384+0000] {logging_mixin.py:188} INFO - [2024-07-26T12:54:22.384+0000] {dag.py:3036} INFO - Sync 1 DAGs
[2024-07-26T12:54:22.418+0000] {logging_mixin.py:188} INFO - [2024-07-26T12:54:22.417+0000] {dag.py:3823} INFO - Setting next_dagrun for example_branch_labels to 2024-07-25 00:00:00+00:00, run_after=2024-07-26 00:00:00+00:00
[2024-07-26T12:54:22.447+0000] {processor.py:183} INFO - Processing /home/airflow/.local/lib/python3.8/site-packages/airflow/example_dags/example_branch_labels.py took 0.104 seconds
[2024-07-26T12:54:52.615+0000] {processor.py:161} INFO - Started process (PID=743) to work on /home/airflow/.local/lib/python3.8/site-packages/airflow/example_dags/example_branch_labels.py
[2024-07-26T12:54:52.616+0000] {processor.py:830} INFO - Processing file /home/airflow/.local/lib/python3.8/site-packages/airflow/example_dags/example_branch_labels.py for tasks to queue
[2024-07-26T12:54:52.619+0000] {logging_mixin.py:188} INFO - [2024-07-26T12:54:52.618+0000] {dagbag.py:538} INFO - Filling up the DagBag from /home/airflow/.local/lib/python3.8/site-packages/airflow/example_dags/example_branch_labels.py
[2024-07-26T12:54:52.629+0000] {processor.py:840} INFO - DAG(s) 'example_branch_labels' retrieved from /home/airflow/.local/lib/python3.8/site-packages/airflow/example_dags/example_branch_labels.py
[2024-07-26T12:54:52.652+0000] {logging_mixin.py:188} INFO - [2024-07-26T12:54:52.652+0000] {dag.py:3036} INFO - Sync 1 DAGs
[2024-07-26T12:54:52.685+0000] {logging_mixin.py:188} INFO - [2024-07-26T12:54:52.685+0000] {dag.py:3823} INFO - Setting next_dagrun for example_branch_labels to 2024-07-25 00:00:00+00:00, run_after=2024-07-26 00:00:00+00:00
[2024-07-26T12:54:52.707+0000] {processor.py:183} INFO - Processing /home/airflow/.local/lib/python3.8/site-packages/airflow/example_dags/example_branch_labels.py took 0.095 seconds
[2024-07-26T12:55:23.205+0000] {processor.py:161} INFO - Started process (PID=807) to work on /home/airflow/.local/lib/python3.8/site-packages/airflow/example_dags/example_branch_labels.py
[2024-07-26T12:55:23.206+0000] {processor.py:830} INFO - Processing file /home/airflow/.local/lib/python3.8/site-packages/airflow/example_dags/example_branch_labels.py for tasks to queue
[2024-07-26T12:55:23.208+0000] {logging_mixin.py:188} INFO - [2024-07-26T12:55:23.208+0000] {dagbag.py:538} INFO - Filling up the DagBag from /home/airflow/.local/lib/python3.8/site-packages/airflow/example_dags/example_branch_labels.py
[2024-07-26T12:55:23.221+0000] {processor.py:840} INFO - DAG(s) 'example_branch_labels' retrieved from /home/airflow/.local/lib/python3.8/site-packages/airflow/example_dags/example_branch_labels.py
[2024-07-26T12:55:23.246+0000] {logging_mixin.py:188} INFO - [2024-07-26T12:55:23.246+0000] {dag.py:3036} INFO - Sync 1 DAGs
[2024-07-26T12:55:23.295+0000] {logging_mixin.py:188} INFO - [2024-07-26T12:55:23.294+0000] {dag.py:3823} INFO - Setting next_dagrun for example_branch_labels to 2024-07-25 00:00:00+00:00, run_after=2024-07-26 00:00:00+00:00
[2024-07-26T12:55:23.461+0000] {processor.py:183} INFO - Processing /home/airflow/.local/lib/python3.8/site-packages/airflow/example_dags/example_branch_labels.py took 0.260 seconds
[2024-07-26T12:55:54.187+0000] {processor.py:161} INFO - Started process (PID=871) to work on /home/airflow/.local/lib/python3.8/site-packages/airflow/example_dags/example_branch_labels.py
[2024-07-26T12:55:54.189+0000] {processor.py:830} INFO - Processing file /home/airflow/.local/lib/python3.8/site-packages/airflow/example_dags/example_branch_labels.py for tasks to queue
[2024-07-26T12:55:54.191+0000] {logging_mixin.py:188} INFO - [2024-07-26T12:55:54.190+0000] {dagbag.py:538} INFO - Filling up the DagBag from /home/airflow/.local/lib/python3.8/site-packages/airflow/example_dags/example_branch_labels.py
[2024-07-26T12:55:54.200+0000] {processor.py:840} INFO - DAG(s) 'example_branch_labels' retrieved from /home/airflow/.local/lib/python3.8/site-packages/airflow/example_dags/example_branch_labels.py
[2024-07-26T12:55:54.225+0000] {logging_mixin.py:188} INFO - [2024-07-26T12:55:54.225+0000] {dag.py:3036} INFO - Sync 1 DAGs
[2024-07-26T12:55:54.251+0000] {logging_mixin.py:188} INFO - [2024-07-26T12:55:54.250+0000] {dag.py:3823} INFO - Setting next_dagrun for example_branch_labels to 2024-07-25 00:00:00+00:00, run_after=2024-07-26 00:00:00+00:00
[2024-07-26T12:55:54.270+0000] {processor.py:183} INFO - Processing /home/airflow/.local/lib/python3.8/site-packages/airflow/example_dags/example_branch_labels.py took 0.086 seconds
[2024-07-26T12:56:24.900+0000] {processor.py:161} INFO - Started process (PID=935) to work on /home/airflow/.local/lib/python3.8/site-packages/airflow/example_dags/example_branch_labels.py
[2024-07-26T12:56:24.901+0000] {processor.py:830} INFO - Processing file /home/airflow/.local/lib/python3.8/site-packages/airflow/example_dags/example_branch_labels.py for tasks to queue
[2024-07-26T12:56:24.903+0000] {logging_mixin.py:188} INFO - [2024-07-26T12:56:24.903+0000] {dagbag.py:538} INFO - Filling up the DagBag from /home/airflow/.local/lib/python3.8/site-packages/airflow/example_dags/example_branch_labels.py
[2024-07-26T12:56:24.914+0000] {processor.py:840} INFO - DAG(s) 'example_branch_labels' retrieved from /home/airflow/.local/lib/python3.8/site-packages/airflow/example_dags/example_branch_labels.py
[2024-07-26T12:56:24.940+0000] {logging_mixin.py:188} INFO - [2024-07-26T12:56:24.940+0000] {dag.py:3036} INFO - Sync 1 DAGs
[2024-07-26T12:56:24.969+0000] {logging_mixin.py:188} INFO - [2024-07-26T12:56:24.968+0000] {dag.py:3823} INFO - Setting next_dagrun for example_branch_labels to 2024-07-25 00:00:00+00:00, run_after=2024-07-26 00:00:00+00:00
[2024-07-26T12:56:24.988+0000] {processor.py:183} INFO - Processing /home/airflow/.local/lib/python3.8/site-packages/airflow/example_dags/example_branch_labels.py took 0.093 seconds
[2024-07-26T12:56:55.508+0000] {processor.py:161} INFO - Started process (PID=999) to work on /home/airflow/.local/lib/python3.8/site-packages/airflow/example_dags/example_branch_labels.py
[2024-07-26T12:56:55.509+0000] {processor.py:830} INFO - Processing file /home/airflow/.local/lib/python3.8/site-packages/airflow/example_dags/example_branch_labels.py for tasks to queue
[2024-07-26T12:56:55.512+0000] {logging_mixin.py:188} INFO - [2024-07-26T12:56:55.511+0000] {dagbag.py:538} INFO - Filling up the DagBag from /home/airflow/.local/lib/python3.8/site-packages/airflow/example_dags/example_branch_labels.py
[2024-07-26T12:56:55.522+0000] {processor.py:840} INFO - DAG(s) 'example_branch_labels' retrieved from /home/airflow/.local/lib/python3.8/site-packages/airflow/example_dags/example_branch_labels.py
[2024-07-26T12:56:55.547+0000] {logging_mixin.py:188} INFO - [2024-07-26T12:56:55.547+0000] {dag.py:3036} INFO - Sync 1 DAGs
[2024-07-26T12:56:55.572+0000] {logging_mixin.py:188} INFO - [2024-07-26T12:56:55.571+0000] {dag.py:3823} INFO - Setting next_dagrun for example_branch_labels to 2024-07-25 00:00:00+00:00, run_after=2024-07-26 00:00:00+00:00
[2024-07-26T12:56:55.592+0000] {processor.py:183} INFO - Processing /home/airflow/.local/lib/python3.8/site-packages/airflow/example_dags/example_branch_labels.py took 0.087 seconds
[2024-07-26T12:57:26.038+0000] {processor.py:161} INFO - Started process (PID=1063) to work on /home/airflow/.local/lib/python3.8/site-packages/airflow/example_dags/example_branch_labels.py
[2024-07-26T12:57:26.040+0000] {processor.py:830} INFO - Processing file /home/airflow/.local/lib/python3.8/site-packages/airflow/example_dags/example_branch_labels.py for tasks to queue
[2024-07-26T12:57:26.041+0000] {logging_mixin.py:188} INFO - [2024-07-26T12:57:26.041+0000] {dagbag.py:538} INFO - Filling up the DagBag from /home/airflow/.local/lib/python3.8/site-packages/airflow/example_dags/example_branch_labels.py
[2024-07-26T12:57:26.051+0000] {processor.py:840} INFO - DAG(s) 'example_branch_labels' retrieved from /home/airflow/.local/lib/python3.8/site-packages/airflow/example_dags/example_branch_labels.py
[2024-07-26T12:57:26.077+0000] {logging_mixin.py:188} INFO - [2024-07-26T12:57:26.077+0000] {dag.py:3036} INFO - Sync 1 DAGs
[2024-07-26T12:57:26.109+0000] {logging_mixin.py:188} INFO - [2024-07-26T12:57:26.108+0000] {dag.py:3823} INFO - Setting next_dagrun for example_branch_labels to 2024-07-25 00:00:00+00:00, run_after=2024-07-26 00:00:00+00:00
[2024-07-26T12:57:26.134+0000] {processor.py:183} INFO - Processing /home/airflow/.local/lib/python3.8/site-packages/airflow/example_dags/example_branch_labels.py took 0.099 seconds
[2024-07-26T12:57:56.500+0000] {processor.py:161} INFO - Started process (PID=1127) to work on /home/airflow/.local/lib/python3.8/site-packages/airflow/example_dags/example_branch_labels.py
[2024-07-26T12:57:56.501+0000] {processor.py:830} INFO - Processing file /home/airflow/.local/lib/python3.8/site-packages/airflow/example_dags/example_branch_labels.py for tasks to queue
[2024-07-26T12:57:56.503+0000] {logging_mixin.py:188} INFO - [2024-07-26T12:57:56.503+0000] {dagbag.py:538} INFO - Filling up the DagBag from /home/airflow/.local/lib/python3.8/site-packages/airflow/example_dags/example_branch_labels.py
[2024-07-26T12:57:56.512+0000] {processor.py:840} INFO - DAG(s) 'example_branch_labels' retrieved from /home/airflow/.local/lib/python3.8/site-packages/airflow/example_dags/example_branch_labels.py
[2024-07-26T12:57:56.537+0000] {logging_mixin.py:188} INFO - [2024-07-26T12:57:56.536+0000] {dag.py:3036} INFO - Sync 1 DAGs
[2024-07-26T12:57:56.565+0000] {logging_mixin.py:188} INFO - [2024-07-26T12:57:56.565+0000] {dag.py:3823} INFO - Setting next_dagrun for example_branch_labels to 2024-07-25 00:00:00+00:00, run_after=2024-07-26 00:00:00+00:00
[2024-07-26T12:57:56.587+0000] {processor.py:183} INFO - Processing /home/airflow/.local/lib/python3.8/site-packages/airflow/example_dags/example_branch_labels.py took 0.090 seconds
[2024-07-26T12:58:26.841+0000] {processor.py:161} INFO - Started process (PID=1191) to work on /home/airflow/.local/lib/python3.8/site-packages/airflow/example_dags/example_branch_labels.py
[2024-07-26T12:58:26.842+0000] {processor.py:830} INFO - Processing file /home/airflow/.local/lib/python3.8/site-packages/airflow/example_dags/example_branch_labels.py for tasks to queue
[2024-07-26T12:58:26.844+0000] {logging_mixin.py:188} INFO - [2024-07-26T12:58:26.844+0000] {dagbag.py:538} INFO - Filling up the DagBag from /home/airflow/.local/lib/python3.8/site-packages/airflow/example_dags/example_branch_labels.py
[2024-07-26T12:58:26.854+0000] {processor.py:840} INFO - DAG(s) 'example_branch_labels' retrieved from /home/airflow/.local/lib/python3.8/site-packages/airflow/example_dags/example_branch_labels.py
[2024-07-26T12:58:26.880+0000] {logging_mixin.py:188} INFO - [2024-07-26T12:58:26.880+0000] {dag.py:3036} INFO - Sync 1 DAGs
[2024-07-26T12:58:26.906+0000] {logging_mixin.py:188} INFO - [2024-07-26T12:58:26.906+0000] {dag.py:3823} INFO - Setting next_dagrun for example_branch_labels to 2024-07-25 00:00:00+00:00, run_after=2024-07-26 00:00:00+00:00
[2024-07-26T12:58:26.929+0000] {processor.py:183} INFO - Processing /home/airflow/.local/lib/python3.8/site-packages/airflow/example_dags/example_branch_labels.py took 0.091 seconds
[2024-07-26T12:58:56.999+0000] {processor.py:161} INFO - Started process (PID=1255) to work on /home/airflow/.local/lib/python3.8/site-packages/airflow/example_dags/example_branch_labels.py
[2024-07-26T12:58:57.000+0000] {processor.py:830} INFO - Processing file /home/airflow/.local/lib/python3.8/site-packages/airflow/example_dags/example_branch_labels.py for tasks to queue
[2024-07-26T12:58:57.002+0000] {logging_mixin.py:188} INFO - [2024-07-26T12:58:57.001+0000] {dagbag.py:538} INFO - Filling up the DagBag from /home/airflow/.local/lib/python3.8/site-packages/airflow/example_dags/example_branch_labels.py
[2024-07-26T12:58:57.010+0000] {processor.py:840} INFO - DAG(s) 'example_branch_labels' retrieved from /home/airflow/.local/lib/python3.8/site-packages/airflow/example_dags/example_branch_labels.py
[2024-07-26T12:58:57.032+0000] {logging_mixin.py:188} INFO - [2024-07-26T12:58:57.032+0000] {dag.py:3036} INFO - Sync 1 DAGs
[2024-07-26T12:58:57.056+0000] {logging_mixin.py:188} INFO - [2024-07-26T12:58:57.056+0000] {dag.py:3823} INFO - Setting next_dagrun for example_branch_labels to 2024-07-25 00:00:00+00:00, run_after=2024-07-26 00:00:00+00:00
[2024-07-26T12:58:57.077+0000] {processor.py:183} INFO - Processing /home/airflow/.local/lib/python3.8/site-packages/airflow/example_dags/example_branch_labels.py took 0.082 seconds
