[2024-07-26T12:15:25.714+0000] {processor.py:161} INFO - Started process (PID=102) to work on /home/airflow/.local/lib/python3.8/site-packages/airflow/example_dags/tutorial_dag.py
[2024-07-26T12:15:25.716+0000] {processor.py:830} INFO - Processing file /home/airflow/.local/lib/python3.8/site-packages/airflow/example_dags/tutorial_dag.py for tasks to queue
[2024-07-26T12:15:25.719+0000] {logging_mixin.py:188} INFO - [2024-07-26T12:15:25.718+0000] {dagbag.py:538} INFO - Filling up the DagBag from /home/airflow/.local/lib/python3.8/site-packages/airflow/example_dags/tutorial_dag.py
[2024-07-26T12:15:25.735+0000] {processor.py:840} INFO - DAG(s) 'tutorial_dag' retrieved from /home/airflow/.local/lib/python3.8/site-packages/airflow/example_dags/tutorial_dag.py
[2024-07-26T12:15:26.006+0000] {logging_mixin.py:188} INFO - [2024-07-26T12:15:26.005+0000] {dag.py:3036} INFO - Sync 1 DAGs
[2024-07-26T12:15:26.030+0000] {logging_mixin.py:188} INFO - [2024-07-26T12:15:26.029+0000] {dag.py:3823} INFO - Setting next_dagrun for tutorial_dag to None, run_after=None
[2024-07-26T12:15:26.071+0000] {processor.py:183} INFO - Processing /home/airflow/.local/lib/python3.8/site-packages/airflow/example_dags/tutorial_dag.py took 0.361 seconds
[2024-07-26T12:15:56.671+0000] {processor.py:161} INFO - Started process (PID=166) to work on /home/airflow/.local/lib/python3.8/site-packages/airflow/example_dags/tutorial_dag.py
[2024-07-26T12:15:56.673+0000] {processor.py:830} INFO - Processing file /home/airflow/.local/lib/python3.8/site-packages/airflow/example_dags/tutorial_dag.py for tasks to queue
[2024-07-26T12:15:56.675+0000] {logging_mixin.py:188} INFO - [2024-07-26T12:15:56.674+0000] {dagbag.py:538} INFO - Filling up the DagBag from /home/airflow/.local/lib/python3.8/site-packages/airflow/example_dags/tutorial_dag.py
[2024-07-26T12:15:56.680+0000] {processor.py:840} INFO - DAG(s) 'tutorial_dag' retrieved from /home/airflow/.local/lib/python3.8/site-packages/airflow/example_dags/tutorial_dag.py
[2024-07-26T12:15:56.703+0000] {logging_mixin.py:188} INFO - [2024-07-26T12:15:56.703+0000] {dag.py:3036} INFO - Sync 1 DAGs
[2024-07-26T12:15:56.720+0000] {logging_mixin.py:188} INFO - [2024-07-26T12:15:56.719+0000] {dag.py:3823} INFO - Setting next_dagrun for tutorial_dag to None, run_after=None
[2024-07-26T12:15:56.745+0000] {processor.py:183} INFO - Processing /home/airflow/.local/lib/python3.8/site-packages/airflow/example_dags/tutorial_dag.py took 0.078 seconds
[2024-07-26T12:16:27.319+0000] {processor.py:161} INFO - Started process (PID=223) to work on /home/airflow/.local/lib/python3.8/site-packages/airflow/example_dags/tutorial_dag.py
[2024-07-26T12:16:27.321+0000] {processor.py:830} INFO - Processing file /home/airflow/.local/lib/python3.8/site-packages/airflow/example_dags/tutorial_dag.py for tasks to queue
[2024-07-26T12:16:27.322+0000] {logging_mixin.py:188} INFO - [2024-07-26T12:16:27.322+0000] {dagbag.py:538} INFO - Filling up the DagBag from /home/airflow/.local/lib/python3.8/site-packages/airflow/example_dags/tutorial_dag.py
[2024-07-26T12:16:27.328+0000] {processor.py:840} INFO - DAG(s) 'tutorial_dag' retrieved from /home/airflow/.local/lib/python3.8/site-packages/airflow/example_dags/tutorial_dag.py
[2024-07-26T12:16:27.349+0000] {logging_mixin.py:188} INFO - [2024-07-26T12:16:27.349+0000] {dag.py:3036} INFO - Sync 1 DAGs
[2024-07-26T12:16:27.361+0000] {logging_mixin.py:188} INFO - [2024-07-26T12:16:27.361+0000] {dag.py:3823} INFO - Setting next_dagrun for tutorial_dag to None, run_after=None
[2024-07-26T12:16:27.380+0000] {processor.py:183} INFO - Processing /home/airflow/.local/lib/python3.8/site-packages/airflow/example_dags/tutorial_dag.py took 0.064 seconds
[2024-07-26T12:16:57.528+0000] {processor.py:161} INFO - Started process (PID=285) to work on /home/airflow/.local/lib/python3.8/site-packages/airflow/example_dags/tutorial_dag.py
[2024-07-26T12:16:57.529+0000] {processor.py:830} INFO - Processing file /home/airflow/.local/lib/python3.8/site-packages/airflow/example_dags/tutorial_dag.py for tasks to queue
[2024-07-26T12:16:57.532+0000] {logging_mixin.py:188} INFO - [2024-07-26T12:16:57.531+0000] {dagbag.py:538} INFO - Filling up the DagBag from /home/airflow/.local/lib/python3.8/site-packages/airflow/example_dags/tutorial_dag.py
[2024-07-26T12:16:57.541+0000] {processor.py:840} INFO - DAG(s) 'tutorial_dag' retrieved from /home/airflow/.local/lib/python3.8/site-packages/airflow/example_dags/tutorial_dag.py
[2024-07-26T12:16:57.571+0000] {logging_mixin.py:188} INFO - [2024-07-26T12:16:57.571+0000] {dag.py:3036} INFO - Sync 1 DAGs
[2024-07-26T12:16:57.593+0000] {logging_mixin.py:188} INFO - [2024-07-26T12:16:57.593+0000] {dag.py:3823} INFO - Setting next_dagrun for tutorial_dag to None, run_after=None
[2024-07-26T12:16:57.619+0000] {processor.py:183} INFO - Processing /home/airflow/.local/lib/python3.8/site-packages/airflow/example_dags/tutorial_dag.py took 0.094 seconds
[2024-07-26T12:17:28.093+0000] {processor.py:161} INFO - Started process (PID=349) to work on /home/airflow/.local/lib/python3.8/site-packages/airflow/example_dags/tutorial_dag.py
[2024-07-26T12:17:28.094+0000] {processor.py:830} INFO - Processing file /home/airflow/.local/lib/python3.8/site-packages/airflow/example_dags/tutorial_dag.py for tasks to queue
[2024-07-26T12:17:28.097+0000] {logging_mixin.py:188} INFO - [2024-07-26T12:17:28.096+0000] {dagbag.py:538} INFO - Filling up the DagBag from /home/airflow/.local/lib/python3.8/site-packages/airflow/example_dags/tutorial_dag.py
[2024-07-26T12:17:28.104+0000] {processor.py:840} INFO - DAG(s) 'tutorial_dag' retrieved from /home/airflow/.local/lib/python3.8/site-packages/airflow/example_dags/tutorial_dag.py
[2024-07-26T12:17:28.130+0000] {logging_mixin.py:188} INFO - [2024-07-26T12:17:28.129+0000] {dag.py:3036} INFO - Sync 1 DAGs
[2024-07-26T12:17:28.145+0000] {logging_mixin.py:188} INFO - [2024-07-26T12:17:28.145+0000] {dag.py:3823} INFO - Setting next_dagrun for tutorial_dag to None, run_after=None
[2024-07-26T12:17:28.168+0000] {processor.py:183} INFO - Processing /home/airflow/.local/lib/python3.8/site-packages/airflow/example_dags/tutorial_dag.py took 0.078 seconds
[2024-07-26T12:17:58.340+0000] {processor.py:161} INFO - Started process (PID=413) to work on /home/airflow/.local/lib/python3.8/site-packages/airflow/example_dags/tutorial_dag.py
[2024-07-26T12:17:58.342+0000] {processor.py:830} INFO - Processing file /home/airflow/.local/lib/python3.8/site-packages/airflow/example_dags/tutorial_dag.py for tasks to queue
[2024-07-26T12:17:58.344+0000] {logging_mixin.py:188} INFO - [2024-07-26T12:17:58.344+0000] {dagbag.py:538} INFO - Filling up the DagBag from /home/airflow/.local/lib/python3.8/site-packages/airflow/example_dags/tutorial_dag.py
[2024-07-26T12:17:58.350+0000] {processor.py:840} INFO - DAG(s) 'tutorial_dag' retrieved from /home/airflow/.local/lib/python3.8/site-packages/airflow/example_dags/tutorial_dag.py
[2024-07-26T12:17:58.373+0000] {logging_mixin.py:188} INFO - [2024-07-26T12:17:58.373+0000] {dag.py:3036} INFO - Sync 1 DAGs
[2024-07-26T12:17:58.389+0000] {logging_mixin.py:188} INFO - [2024-07-26T12:17:58.388+0000] {dag.py:3823} INFO - Setting next_dagrun for tutorial_dag to None, run_after=None
[2024-07-26T12:17:58.412+0000] {processor.py:183} INFO - Processing /home/airflow/.local/lib/python3.8/site-packages/airflow/example_dags/tutorial_dag.py took 0.076 seconds
[2024-07-26T12:18:29.182+0000] {processor.py:161} INFO - Started process (PID=477) to work on /home/airflow/.local/lib/python3.8/site-packages/airflow/example_dags/tutorial_dag.py
[2024-07-26T12:18:29.184+0000] {processor.py:830} INFO - Processing file /home/airflow/.local/lib/python3.8/site-packages/airflow/example_dags/tutorial_dag.py for tasks to queue
[2024-07-26T12:18:29.186+0000] {logging_mixin.py:188} INFO - [2024-07-26T12:18:29.186+0000] {dagbag.py:538} INFO - Filling up the DagBag from /home/airflow/.local/lib/python3.8/site-packages/airflow/example_dags/tutorial_dag.py
[2024-07-26T12:18:29.192+0000] {processor.py:840} INFO - DAG(s) 'tutorial_dag' retrieved from /home/airflow/.local/lib/python3.8/site-packages/airflow/example_dags/tutorial_dag.py
[2024-07-26T12:18:29.216+0000] {logging_mixin.py:188} INFO - [2024-07-26T12:18:29.216+0000] {dag.py:3036} INFO - Sync 1 DAGs
[2024-07-26T12:18:29.232+0000] {logging_mixin.py:188} INFO - [2024-07-26T12:18:29.231+0000] {dag.py:3823} INFO - Setting next_dagrun for tutorial_dag to None, run_after=None
[2024-07-26T12:18:29.256+0000] {processor.py:183} INFO - Processing /home/airflow/.local/lib/python3.8/site-packages/airflow/example_dags/tutorial_dag.py took 0.077 seconds
[2024-07-26T12:18:59.512+0000] {processor.py:161} INFO - Started process (PID=541) to work on /home/airflow/.local/lib/python3.8/site-packages/airflow/example_dags/tutorial_dag.py
[2024-07-26T12:18:59.513+0000] {processor.py:830} INFO - Processing file /home/airflow/.local/lib/python3.8/site-packages/airflow/example_dags/tutorial_dag.py for tasks to queue
[2024-07-26T12:18:59.515+0000] {logging_mixin.py:188} INFO - [2024-07-26T12:18:59.515+0000] {dagbag.py:538} INFO - Filling up the DagBag from /home/airflow/.local/lib/python3.8/site-packages/airflow/example_dags/tutorial_dag.py
[2024-07-26T12:18:59.520+0000] {processor.py:840} INFO - DAG(s) 'tutorial_dag' retrieved from /home/airflow/.local/lib/python3.8/site-packages/airflow/example_dags/tutorial_dag.py
[2024-07-26T12:18:59.541+0000] {logging_mixin.py:188} INFO - [2024-07-26T12:18:59.540+0000] {dag.py:3036} INFO - Sync 1 DAGs
[2024-07-26T12:18:59.555+0000] {logging_mixin.py:188} INFO - [2024-07-26T12:18:59.554+0000] {dag.py:3823} INFO - Setting next_dagrun for tutorial_dag to None, run_after=None
[2024-07-26T12:18:59.578+0000] {processor.py:183} INFO - Processing /home/airflow/.local/lib/python3.8/site-packages/airflow/example_dags/tutorial_dag.py took 0.069 seconds
[2024-07-26T12:19:30.645+0000] {processor.py:161} INFO - Started process (PID=606) to work on /home/airflow/.local/lib/python3.8/site-packages/airflow/example_dags/tutorial_dag.py
[2024-07-26T12:19:30.646+0000] {processor.py:830} INFO - Processing file /home/airflow/.local/lib/python3.8/site-packages/airflow/example_dags/tutorial_dag.py for tasks to queue
[2024-07-26T12:19:30.647+0000] {logging_mixin.py:188} INFO - [2024-07-26T12:19:30.647+0000] {dagbag.py:538} INFO - Filling up the DagBag from /home/airflow/.local/lib/python3.8/site-packages/airflow/example_dags/tutorial_dag.py
[2024-07-26T12:19:30.653+0000] {processor.py:840} INFO - DAG(s) 'tutorial_dag' retrieved from /home/airflow/.local/lib/python3.8/site-packages/airflow/example_dags/tutorial_dag.py
[2024-07-26T12:19:30.678+0000] {logging_mixin.py:188} INFO - [2024-07-26T12:19:30.678+0000] {dag.py:3036} INFO - Sync 1 DAGs
[2024-07-26T12:19:30.704+0000] {logging_mixin.py:188} INFO - [2024-07-26T12:19:30.704+0000] {dag.py:3823} INFO - Setting next_dagrun for tutorial_dag to None, run_after=None
[2024-07-26T12:19:30.801+0000] {processor.py:183} INFO - Processing /home/airflow/.local/lib/python3.8/site-packages/airflow/example_dags/tutorial_dag.py took 0.161 seconds
[2024-07-26T12:28:17.228+0000] {processor.py:161} INFO - Started process (PID=98) to work on /home/airflow/.local/lib/python3.8/site-packages/airflow/example_dags/tutorial_dag.py
[2024-07-26T12:28:17.230+0000] {processor.py:830} INFO - Processing file /home/airflow/.local/lib/python3.8/site-packages/airflow/example_dags/tutorial_dag.py for tasks to queue
[2024-07-26T12:28:17.232+0000] {logging_mixin.py:188} INFO - [2024-07-26T12:28:17.231+0000] {dagbag.py:538} INFO - Filling up the DagBag from /home/airflow/.local/lib/python3.8/site-packages/airflow/example_dags/tutorial_dag.py
[2024-07-26T12:28:17.244+0000] {processor.py:840} INFO - DAG(s) 'tutorial_dag' retrieved from /home/airflow/.local/lib/python3.8/site-packages/airflow/example_dags/tutorial_dag.py
[2024-07-26T12:28:17.395+0000] {logging_mixin.py:188} INFO - [2024-07-26T12:28:17.395+0000] {dag.py:3036} INFO - Sync 1 DAGs
[2024-07-26T12:28:17.412+0000] {logging_mixin.py:188} INFO - [2024-07-26T12:28:17.412+0000] {dag.py:3823} INFO - Setting next_dagrun for tutorial_dag to None, run_after=None
[2024-07-26T12:28:17.471+0000] {processor.py:183} INFO - Processing /home/airflow/.local/lib/python3.8/site-packages/airflow/example_dags/tutorial_dag.py took 0.247 seconds
[2024-07-26T12:28:48.129+0000] {processor.py:161} INFO - Started process (PID=162) to work on /home/airflow/.local/lib/python3.8/site-packages/airflow/example_dags/tutorial_dag.py
[2024-07-26T12:28:48.132+0000] {processor.py:830} INFO - Processing file /home/airflow/.local/lib/python3.8/site-packages/airflow/example_dags/tutorial_dag.py for tasks to queue
[2024-07-26T12:28:48.139+0000] {logging_mixin.py:188} INFO - [2024-07-26T12:28:48.138+0000] {dagbag.py:538} INFO - Filling up the DagBag from /home/airflow/.local/lib/python3.8/site-packages/airflow/example_dags/tutorial_dag.py
[2024-07-26T12:28:48.155+0000] {processor.py:840} INFO - DAG(s) 'tutorial_dag' retrieved from /home/airflow/.local/lib/python3.8/site-packages/airflow/example_dags/tutorial_dag.py
[2024-07-26T12:28:48.233+0000] {logging_mixin.py:188} INFO - [2024-07-26T12:28:48.233+0000] {dag.py:3036} INFO - Sync 1 DAGs
[2024-07-26T12:28:48.283+0000] {logging_mixin.py:188} INFO - [2024-07-26T12:28:48.283+0000] {dag.py:3823} INFO - Setting next_dagrun for tutorial_dag to None, run_after=None
[2024-07-26T12:28:48.346+0000] {processor.py:183} INFO - Processing /home/airflow/.local/lib/python3.8/site-packages/airflow/example_dags/tutorial_dag.py took 0.227 seconds
[2024-07-26T12:29:19.127+0000] {processor.py:161} INFO - Started process (PID=223) to work on /home/airflow/.local/lib/python3.8/site-packages/airflow/example_dags/tutorial_dag.py
[2024-07-26T12:29:19.128+0000] {processor.py:830} INFO - Processing file /home/airflow/.local/lib/python3.8/site-packages/airflow/example_dags/tutorial_dag.py for tasks to queue
[2024-07-26T12:29:19.131+0000] {logging_mixin.py:188} INFO - [2024-07-26T12:29:19.131+0000] {dagbag.py:538} INFO - Filling up the DagBag from /home/airflow/.local/lib/python3.8/site-packages/airflow/example_dags/tutorial_dag.py
[2024-07-26T12:29:19.138+0000] {processor.py:840} INFO - DAG(s) 'tutorial_dag' retrieved from /home/airflow/.local/lib/python3.8/site-packages/airflow/example_dags/tutorial_dag.py
[2024-07-26T12:29:19.159+0000] {logging_mixin.py:188} INFO - [2024-07-26T12:29:19.159+0000] {dag.py:3036} INFO - Sync 1 DAGs
[2024-07-26T12:29:19.173+0000] {logging_mixin.py:188} INFO - [2024-07-26T12:29:19.173+0000] {dag.py:3823} INFO - Setting next_dagrun for tutorial_dag to None, run_after=None
[2024-07-26T12:29:19.197+0000] {processor.py:183} INFO - Processing /home/airflow/.local/lib/python3.8/site-packages/airflow/example_dags/tutorial_dag.py took 0.073 seconds
[2024-07-26T12:29:49.631+0000] {processor.py:161} INFO - Started process (PID=286) to work on /home/airflow/.local/lib/python3.8/site-packages/airflow/example_dags/tutorial_dag.py
[2024-07-26T12:29:49.632+0000] {processor.py:830} INFO - Processing file /home/airflow/.local/lib/python3.8/site-packages/airflow/example_dags/tutorial_dag.py for tasks to queue
[2024-07-26T12:29:49.637+0000] {logging_mixin.py:188} INFO - [2024-07-26T12:29:49.636+0000] {dagbag.py:538} INFO - Filling up the DagBag from /home/airflow/.local/lib/python3.8/site-packages/airflow/example_dags/tutorial_dag.py
[2024-07-26T12:29:49.647+0000] {processor.py:840} INFO - DAG(s) 'tutorial_dag' retrieved from /home/airflow/.local/lib/python3.8/site-packages/airflow/example_dags/tutorial_dag.py
[2024-07-26T12:29:49.683+0000] {logging_mixin.py:188} INFO - [2024-07-26T12:29:49.681+0000] {dag.py:3036} INFO - Sync 1 DAGs
[2024-07-26T12:29:49.704+0000] {logging_mixin.py:188} INFO - [2024-07-26T12:29:49.704+0000] {dag.py:3823} INFO - Setting next_dagrun for tutorial_dag to None, run_after=None
[2024-07-26T12:29:49.726+0000] {processor.py:183} INFO - Processing /home/airflow/.local/lib/python3.8/site-packages/airflow/example_dags/tutorial_dag.py took 0.100 seconds
[2024-07-26T12:30:19.813+0000] {processor.py:161} INFO - Started process (PID=350) to work on /home/airflow/.local/lib/python3.8/site-packages/airflow/example_dags/tutorial_dag.py
[2024-07-26T12:30:19.815+0000] {processor.py:830} INFO - Processing file /home/airflow/.local/lib/python3.8/site-packages/airflow/example_dags/tutorial_dag.py for tasks to queue
[2024-07-26T12:30:19.817+0000] {logging_mixin.py:188} INFO - [2024-07-26T12:30:19.817+0000] {dagbag.py:538} INFO - Filling up the DagBag from /home/airflow/.local/lib/python3.8/site-packages/airflow/example_dags/tutorial_dag.py
[2024-07-26T12:30:19.822+0000] {processor.py:840} INFO - DAG(s) 'tutorial_dag' retrieved from /home/airflow/.local/lib/python3.8/site-packages/airflow/example_dags/tutorial_dag.py
[2024-07-26T12:30:19.845+0000] {logging_mixin.py:188} INFO - [2024-07-26T12:30:19.844+0000] {dag.py:3036} INFO - Sync 1 DAGs
[2024-07-26T12:30:19.859+0000] {logging_mixin.py:188} INFO - [2024-07-26T12:30:19.859+0000] {dag.py:3823} INFO - Setting next_dagrun for tutorial_dag to None, run_after=None
[2024-07-26T12:30:19.881+0000] {processor.py:183} INFO - Processing /home/airflow/.local/lib/python3.8/site-packages/airflow/example_dags/tutorial_dag.py took 0.071 seconds
[2024-07-26T12:30:49.907+0000] {processor.py:161} INFO - Started process (PID=414) to work on /home/airflow/.local/lib/python3.8/site-packages/airflow/example_dags/tutorial_dag.py
[2024-07-26T12:30:49.908+0000] {processor.py:830} INFO - Processing file /home/airflow/.local/lib/python3.8/site-packages/airflow/example_dags/tutorial_dag.py for tasks to queue
[2024-07-26T12:30:49.910+0000] {logging_mixin.py:188} INFO - [2024-07-26T12:30:49.910+0000] {dagbag.py:538} INFO - Filling up the DagBag from /home/airflow/.local/lib/python3.8/site-packages/airflow/example_dags/tutorial_dag.py
[2024-07-26T12:30:49.918+0000] {processor.py:840} INFO - DAG(s) 'tutorial_dag' retrieved from /home/airflow/.local/lib/python3.8/site-packages/airflow/example_dags/tutorial_dag.py
[2024-07-26T12:30:49.958+0000] {logging_mixin.py:188} INFO - [2024-07-26T12:30:49.957+0000] {dag.py:3036} INFO - Sync 1 DAGs
[2024-07-26T12:30:50.004+0000] {logging_mixin.py:188} INFO - [2024-07-26T12:30:50.004+0000] {dag.py:3823} INFO - Setting next_dagrun for tutorial_dag to None, run_after=None
[2024-07-26T12:30:50.058+0000] {processor.py:183} INFO - Processing /home/airflow/.local/lib/python3.8/site-packages/airflow/example_dags/tutorial_dag.py took 0.156 seconds
[2024-07-26T12:31:20.327+0000] {processor.py:161} INFO - Started process (PID=478) to work on /home/airflow/.local/lib/python3.8/site-packages/airflow/example_dags/tutorial_dag.py
[2024-07-26T12:31:20.328+0000] {processor.py:830} INFO - Processing file /home/airflow/.local/lib/python3.8/site-packages/airflow/example_dags/tutorial_dag.py for tasks to queue
[2024-07-26T12:31:20.330+0000] {logging_mixin.py:188} INFO - [2024-07-26T12:31:20.329+0000] {dagbag.py:538} INFO - Filling up the DagBag from /home/airflow/.local/lib/python3.8/site-packages/airflow/example_dags/tutorial_dag.py
[2024-07-26T12:31:20.337+0000] {processor.py:840} INFO - DAG(s) 'tutorial_dag' retrieved from /home/airflow/.local/lib/python3.8/site-packages/airflow/example_dags/tutorial_dag.py
[2024-07-26T12:31:20.357+0000] {logging_mixin.py:188} INFO - [2024-07-26T12:31:20.357+0000] {dag.py:3036} INFO - Sync 1 DAGs
[2024-07-26T12:31:20.371+0000] {logging_mixin.py:188} INFO - [2024-07-26T12:31:20.371+0000] {dag.py:3823} INFO - Setting next_dagrun for tutorial_dag to None, run_after=None
[2024-07-26T12:31:20.395+0000] {processor.py:183} INFO - Processing /home/airflow/.local/lib/python3.8/site-packages/airflow/example_dags/tutorial_dag.py took 0.072 seconds
[2024-07-26T12:31:50.627+0000] {processor.py:161} INFO - Started process (PID=542) to work on /home/airflow/.local/lib/python3.8/site-packages/airflow/example_dags/tutorial_dag.py
[2024-07-26T12:31:50.628+0000] {processor.py:830} INFO - Processing file /home/airflow/.local/lib/python3.8/site-packages/airflow/example_dags/tutorial_dag.py for tasks to queue
[2024-07-26T12:31:50.631+0000] {logging_mixin.py:188} INFO - [2024-07-26T12:31:50.631+0000] {dagbag.py:538} INFO - Filling up the DagBag from /home/airflow/.local/lib/python3.8/site-packages/airflow/example_dags/tutorial_dag.py
[2024-07-26T12:31:50.638+0000] {processor.py:840} INFO - DAG(s) 'tutorial_dag' retrieved from /home/airflow/.local/lib/python3.8/site-packages/airflow/example_dags/tutorial_dag.py
[2024-07-26T12:31:50.660+0000] {logging_mixin.py:188} INFO - [2024-07-26T12:31:50.659+0000] {dag.py:3036} INFO - Sync 1 DAGs
[2024-07-26T12:31:50.676+0000] {logging_mixin.py:188} INFO - [2024-07-26T12:31:50.676+0000] {dag.py:3823} INFO - Setting next_dagrun for tutorial_dag to None, run_after=None
[2024-07-26T12:31:50.700+0000] {processor.py:183} INFO - Processing /home/airflow/.local/lib/python3.8/site-packages/airflow/example_dags/tutorial_dag.py took 0.076 seconds
[2024-07-26T12:32:21.184+0000] {processor.py:161} INFO - Started process (PID=606) to work on /home/airflow/.local/lib/python3.8/site-packages/airflow/example_dags/tutorial_dag.py
[2024-07-26T12:32:21.186+0000] {processor.py:830} INFO - Processing file /home/airflow/.local/lib/python3.8/site-packages/airflow/example_dags/tutorial_dag.py for tasks to queue
[2024-07-26T12:32:21.188+0000] {logging_mixin.py:188} INFO - [2024-07-26T12:32:21.187+0000] {dagbag.py:538} INFO - Filling up the DagBag from /home/airflow/.local/lib/python3.8/site-packages/airflow/example_dags/tutorial_dag.py
[2024-07-26T12:32:21.194+0000] {processor.py:840} INFO - DAG(s) 'tutorial_dag' retrieved from /home/airflow/.local/lib/python3.8/site-packages/airflow/example_dags/tutorial_dag.py
[2024-07-26T12:32:21.216+0000] {logging_mixin.py:188} INFO - [2024-07-26T12:32:21.216+0000] {dag.py:3036} INFO - Sync 1 DAGs
[2024-07-26T12:32:21.233+0000] {logging_mixin.py:188} INFO - [2024-07-26T12:32:21.233+0000] {dag.py:3823} INFO - Setting next_dagrun for tutorial_dag to None, run_after=None
[2024-07-26T12:32:21.258+0000] {processor.py:183} INFO - Processing /home/airflow/.local/lib/python3.8/site-packages/airflow/example_dags/tutorial_dag.py took 0.077 seconds
[2024-07-26T12:32:52.051+0000] {processor.py:161} INFO - Started process (PID=670) to work on /home/airflow/.local/lib/python3.8/site-packages/airflow/example_dags/tutorial_dag.py
[2024-07-26T12:32:52.053+0000] {processor.py:830} INFO - Processing file /home/airflow/.local/lib/python3.8/site-packages/airflow/example_dags/tutorial_dag.py for tasks to queue
[2024-07-26T12:32:52.055+0000] {logging_mixin.py:188} INFO - [2024-07-26T12:32:52.055+0000] {dagbag.py:538} INFO - Filling up the DagBag from /home/airflow/.local/lib/python3.8/site-packages/airflow/example_dags/tutorial_dag.py
[2024-07-26T12:32:52.066+0000] {processor.py:840} INFO - DAG(s) 'tutorial_dag' retrieved from /home/airflow/.local/lib/python3.8/site-packages/airflow/example_dags/tutorial_dag.py
[2024-07-26T12:32:52.265+0000] {logging_mixin.py:188} INFO - [2024-07-26T12:32:52.265+0000] {dag.py:3036} INFO - Sync 1 DAGs
[2024-07-26T12:32:52.310+0000] {logging_mixin.py:188} INFO - [2024-07-26T12:32:52.309+0000] {dag.py:3823} INFO - Setting next_dagrun for tutorial_dag to None, run_after=None
[2024-07-26T12:32:52.337+0000] {processor.py:183} INFO - Processing /home/airflow/.local/lib/python3.8/site-packages/airflow/example_dags/tutorial_dag.py took 0.291 seconds
[2024-07-26T12:33:22.779+0000] {processor.py:161} INFO - Started process (PID=735) to work on /home/airflow/.local/lib/python3.8/site-packages/airflow/example_dags/tutorial_dag.py
[2024-07-26T12:33:22.780+0000] {processor.py:830} INFO - Processing file /home/airflow/.local/lib/python3.8/site-packages/airflow/example_dags/tutorial_dag.py for tasks to queue
[2024-07-26T12:33:22.782+0000] {logging_mixin.py:188} INFO - [2024-07-26T12:33:22.782+0000] {dagbag.py:538} INFO - Filling up the DagBag from /home/airflow/.local/lib/python3.8/site-packages/airflow/example_dags/tutorial_dag.py
[2024-07-26T12:33:22.788+0000] {processor.py:840} INFO - DAG(s) 'tutorial_dag' retrieved from /home/airflow/.local/lib/python3.8/site-packages/airflow/example_dags/tutorial_dag.py
[2024-07-26T12:33:22.812+0000] {logging_mixin.py:188} INFO - [2024-07-26T12:33:22.812+0000] {dag.py:3036} INFO - Sync 1 DAGs
[2024-07-26T12:33:22.827+0000] {logging_mixin.py:188} INFO - [2024-07-26T12:33:22.826+0000] {dag.py:3823} INFO - Setting next_dagrun for tutorial_dag to None, run_after=None
[2024-07-26T12:33:22.851+0000] {processor.py:183} INFO - Processing /home/airflow/.local/lib/python3.8/site-packages/airflow/example_dags/tutorial_dag.py took 0.075 seconds
[2024-07-26T12:33:53.333+0000] {processor.py:161} INFO - Started process (PID=799) to work on /home/airflow/.local/lib/python3.8/site-packages/airflow/example_dags/tutorial_dag.py
[2024-07-26T12:33:53.335+0000] {processor.py:830} INFO - Processing file /home/airflow/.local/lib/python3.8/site-packages/airflow/example_dags/tutorial_dag.py for tasks to queue
[2024-07-26T12:33:53.338+0000] {logging_mixin.py:188} INFO - [2024-07-26T12:33:53.338+0000] {dagbag.py:538} INFO - Filling up the DagBag from /home/airflow/.local/lib/python3.8/site-packages/airflow/example_dags/tutorial_dag.py
[2024-07-26T12:33:53.350+0000] {processor.py:840} INFO - DAG(s) 'tutorial_dag' retrieved from /home/airflow/.local/lib/python3.8/site-packages/airflow/example_dags/tutorial_dag.py
[2024-07-26T12:33:53.376+0000] {logging_mixin.py:188} INFO - [2024-07-26T12:33:53.376+0000] {dag.py:3036} INFO - Sync 1 DAGs
[2024-07-26T12:33:53.392+0000] {logging_mixin.py:188} INFO - [2024-07-26T12:33:53.392+0000] {dag.py:3823} INFO - Setting next_dagrun for tutorial_dag to None, run_after=None
[2024-07-26T12:33:53.414+0000] {processor.py:183} INFO - Processing /home/airflow/.local/lib/python3.8/site-packages/airflow/example_dags/tutorial_dag.py took 0.086 seconds
[2024-07-26T12:34:23.506+0000] {processor.py:161} INFO - Started process (PID=863) to work on /home/airflow/.local/lib/python3.8/site-packages/airflow/example_dags/tutorial_dag.py
[2024-07-26T12:34:23.507+0000] {processor.py:830} INFO - Processing file /home/airflow/.local/lib/python3.8/site-packages/airflow/example_dags/tutorial_dag.py for tasks to queue
[2024-07-26T12:34:23.509+0000] {logging_mixin.py:188} INFO - [2024-07-26T12:34:23.508+0000] {dagbag.py:538} INFO - Filling up the DagBag from /home/airflow/.local/lib/python3.8/site-packages/airflow/example_dags/tutorial_dag.py
[2024-07-26T12:34:23.515+0000] {processor.py:840} INFO - DAG(s) 'tutorial_dag' retrieved from /home/airflow/.local/lib/python3.8/site-packages/airflow/example_dags/tutorial_dag.py
[2024-07-26T12:34:23.537+0000] {logging_mixin.py:188} INFO - [2024-07-26T12:34:23.536+0000] {dag.py:3036} INFO - Sync 1 DAGs
[2024-07-26T12:34:23.550+0000] {logging_mixin.py:188} INFO - [2024-07-26T12:34:23.549+0000] {dag.py:3823} INFO - Setting next_dagrun for tutorial_dag to None, run_after=None
[2024-07-26T12:34:23.589+0000] {processor.py:183} INFO - Processing /home/airflow/.local/lib/python3.8/site-packages/airflow/example_dags/tutorial_dag.py took 0.086 seconds
[2024-07-26T12:34:53.714+0000] {processor.py:161} INFO - Started process (PID=926) to work on /home/airflow/.local/lib/python3.8/site-packages/airflow/example_dags/tutorial_dag.py
[2024-07-26T12:34:53.715+0000] {processor.py:830} INFO - Processing file /home/airflow/.local/lib/python3.8/site-packages/airflow/example_dags/tutorial_dag.py for tasks to queue
[2024-07-26T12:34:53.717+0000] {logging_mixin.py:188} INFO - [2024-07-26T12:34:53.717+0000] {dagbag.py:538} INFO - Filling up the DagBag from /home/airflow/.local/lib/python3.8/site-packages/airflow/example_dags/tutorial_dag.py
[2024-07-26T12:34:53.723+0000] {processor.py:840} INFO - DAG(s) 'tutorial_dag' retrieved from /home/airflow/.local/lib/python3.8/site-packages/airflow/example_dags/tutorial_dag.py
[2024-07-26T12:34:53.744+0000] {logging_mixin.py:188} INFO - [2024-07-26T12:34:53.743+0000] {dag.py:3036} INFO - Sync 1 DAGs
[2024-07-26T12:34:53.769+0000] {logging_mixin.py:188} INFO - [2024-07-26T12:34:53.768+0000] {dag.py:3823} INFO - Setting next_dagrun for tutorial_dag to None, run_after=None
[2024-07-26T12:34:53.813+0000] {processor.py:183} INFO - Processing /home/airflow/.local/lib/python3.8/site-packages/airflow/example_dags/tutorial_dag.py took 0.103 seconds
[2024-07-26T12:35:23.911+0000] {processor.py:161} INFO - Started process (PID=990) to work on /home/airflow/.local/lib/python3.8/site-packages/airflow/example_dags/tutorial_dag.py
[2024-07-26T12:35:23.912+0000] {processor.py:830} INFO - Processing file /home/airflow/.local/lib/python3.8/site-packages/airflow/example_dags/tutorial_dag.py for tasks to queue
[2024-07-26T12:35:23.915+0000] {logging_mixin.py:188} INFO - [2024-07-26T12:35:23.914+0000] {dagbag.py:538} INFO - Filling up the DagBag from /home/airflow/.local/lib/python3.8/site-packages/airflow/example_dags/tutorial_dag.py
[2024-07-26T12:35:23.923+0000] {processor.py:840} INFO - DAG(s) 'tutorial_dag' retrieved from /home/airflow/.local/lib/python3.8/site-packages/airflow/example_dags/tutorial_dag.py
[2024-07-26T12:35:23.943+0000] {logging_mixin.py:188} INFO - [2024-07-26T12:35:23.943+0000] {dag.py:3036} INFO - Sync 1 DAGs
[2024-07-26T12:35:23.961+0000] {logging_mixin.py:188} INFO - [2024-07-26T12:35:23.961+0000] {dag.py:3823} INFO - Setting next_dagrun for tutorial_dag to None, run_after=None
[2024-07-26T12:35:23.987+0000] {processor.py:183} INFO - Processing /home/airflow/.local/lib/python3.8/site-packages/airflow/example_dags/tutorial_dag.py took 0.081 seconds
[2024-07-26T12:35:54.119+0000] {processor.py:161} INFO - Started process (PID=1054) to work on /home/airflow/.local/lib/python3.8/site-packages/airflow/example_dags/tutorial_dag.py
[2024-07-26T12:35:54.120+0000] {processor.py:830} INFO - Processing file /home/airflow/.local/lib/python3.8/site-packages/airflow/example_dags/tutorial_dag.py for tasks to queue
[2024-07-26T12:35:54.122+0000] {logging_mixin.py:188} INFO - [2024-07-26T12:35:54.122+0000] {dagbag.py:538} INFO - Filling up the DagBag from /home/airflow/.local/lib/python3.8/site-packages/airflow/example_dags/tutorial_dag.py
[2024-07-26T12:35:54.127+0000] {processor.py:840} INFO - DAG(s) 'tutorial_dag' retrieved from /home/airflow/.local/lib/python3.8/site-packages/airflow/example_dags/tutorial_dag.py
[2024-07-26T12:35:54.151+0000] {logging_mixin.py:188} INFO - [2024-07-26T12:35:54.150+0000] {dag.py:3036} INFO - Sync 1 DAGs
[2024-07-26T12:35:54.169+0000] {logging_mixin.py:188} INFO - [2024-07-26T12:35:54.169+0000] {dag.py:3823} INFO - Setting next_dagrun for tutorial_dag to None, run_after=None
[2024-07-26T12:35:54.192+0000] {processor.py:183} INFO - Processing /home/airflow/.local/lib/python3.8/site-packages/airflow/example_dags/tutorial_dag.py took 0.076 seconds
[2024-07-26T12:36:24.688+0000] {processor.py:161} INFO - Started process (PID=1118) to work on /home/airflow/.local/lib/python3.8/site-packages/airflow/example_dags/tutorial_dag.py
[2024-07-26T12:36:24.689+0000] {processor.py:830} INFO - Processing file /home/airflow/.local/lib/python3.8/site-packages/airflow/example_dags/tutorial_dag.py for tasks to queue
[2024-07-26T12:36:24.690+0000] {logging_mixin.py:188} INFO - [2024-07-26T12:36:24.690+0000] {dagbag.py:538} INFO - Filling up the DagBag from /home/airflow/.local/lib/python3.8/site-packages/airflow/example_dags/tutorial_dag.py
[2024-07-26T12:36:24.697+0000] {processor.py:840} INFO - DAG(s) 'tutorial_dag' retrieved from /home/airflow/.local/lib/python3.8/site-packages/airflow/example_dags/tutorial_dag.py
[2024-07-26T12:36:24.718+0000] {logging_mixin.py:188} INFO - [2024-07-26T12:36:24.717+0000] {dag.py:3036} INFO - Sync 1 DAGs
[2024-07-26T12:36:24.733+0000] {logging_mixin.py:188} INFO - [2024-07-26T12:36:24.733+0000] {dag.py:3823} INFO - Setting next_dagrun for tutorial_dag to None, run_after=None
[2024-07-26T12:36:24.751+0000] {processor.py:183} INFO - Processing /home/airflow/.local/lib/python3.8/site-packages/airflow/example_dags/tutorial_dag.py took 0.067 seconds
[2024-07-26T12:36:55.000+0000] {processor.py:161} INFO - Started process (PID=1182) to work on /home/airflow/.local/lib/python3.8/site-packages/airflow/example_dags/tutorial_dag.py
[2024-07-26T12:36:55.002+0000] {processor.py:830} INFO - Processing file /home/airflow/.local/lib/python3.8/site-packages/airflow/example_dags/tutorial_dag.py for tasks to queue
[2024-07-26T12:36:55.004+0000] {logging_mixin.py:188} INFO - [2024-07-26T12:36:55.004+0000] {dagbag.py:538} INFO - Filling up the DagBag from /home/airflow/.local/lib/python3.8/site-packages/airflow/example_dags/tutorial_dag.py
[2024-07-26T12:36:55.010+0000] {processor.py:840} INFO - DAG(s) 'tutorial_dag' retrieved from /home/airflow/.local/lib/python3.8/site-packages/airflow/example_dags/tutorial_dag.py
[2024-07-26T12:36:55.035+0000] {logging_mixin.py:188} INFO - [2024-07-26T12:36:55.035+0000] {dag.py:3036} INFO - Sync 1 DAGs
[2024-07-26T12:36:55.050+0000] {logging_mixin.py:188} INFO - [2024-07-26T12:36:55.049+0000] {dag.py:3823} INFO - Setting next_dagrun for tutorial_dag to None, run_after=None
[2024-07-26T12:36:55.073+0000] {processor.py:183} INFO - Processing /home/airflow/.local/lib/python3.8/site-packages/airflow/example_dags/tutorial_dag.py took 0.076 seconds
[2024-07-26T12:37:25.465+0000] {processor.py:161} INFO - Started process (PID=1246) to work on /home/airflow/.local/lib/python3.8/site-packages/airflow/example_dags/tutorial_dag.py
[2024-07-26T12:37:25.466+0000] {processor.py:830} INFO - Processing file /home/airflow/.local/lib/python3.8/site-packages/airflow/example_dags/tutorial_dag.py for tasks to queue
[2024-07-26T12:37:25.468+0000] {logging_mixin.py:188} INFO - [2024-07-26T12:37:25.468+0000] {dagbag.py:538} INFO - Filling up the DagBag from /home/airflow/.local/lib/python3.8/site-packages/airflow/example_dags/tutorial_dag.py
[2024-07-26T12:37:25.475+0000] {processor.py:840} INFO - DAG(s) 'tutorial_dag' retrieved from /home/airflow/.local/lib/python3.8/site-packages/airflow/example_dags/tutorial_dag.py
[2024-07-26T12:37:25.502+0000] {logging_mixin.py:188} INFO - [2024-07-26T12:37:25.502+0000] {dag.py:3036} INFO - Sync 1 DAGs
[2024-07-26T12:37:25.519+0000] {logging_mixin.py:188} INFO - [2024-07-26T12:37:25.518+0000] {dag.py:3823} INFO - Setting next_dagrun for tutorial_dag to None, run_after=None
[2024-07-26T12:37:25.544+0000] {processor.py:183} INFO - Processing /home/airflow/.local/lib/python3.8/site-packages/airflow/example_dags/tutorial_dag.py took 0.084 seconds
[2024-07-26T12:38:51.692+0000] {processor.py:161} INFO - Started process (PID=92) to work on /home/airflow/.local/lib/python3.8/site-packages/airflow/example_dags/tutorial_dag.py
[2024-07-26T12:38:51.693+0000] {processor.py:830} INFO - Processing file /home/airflow/.local/lib/python3.8/site-packages/airflow/example_dags/tutorial_dag.py for tasks to queue
[2024-07-26T12:38:51.695+0000] {logging_mixin.py:188} INFO - [2024-07-26T12:38:51.695+0000] {dagbag.py:538} INFO - Filling up the DagBag from /home/airflow/.local/lib/python3.8/site-packages/airflow/example_dags/tutorial_dag.py
[2024-07-26T12:38:51.705+0000] {processor.py:840} INFO - DAG(s) 'tutorial_dag' retrieved from /home/airflow/.local/lib/python3.8/site-packages/airflow/example_dags/tutorial_dag.py
[2024-07-26T12:38:51.718+0000] {logging_mixin.py:188} INFO - [2024-07-26T12:38:51.717+0000] {dag.py:3036} INFO - Sync 1 DAGs
[2024-07-26T12:38:51.736+0000] {logging_mixin.py:188} INFO - [2024-07-26T12:38:51.736+0000] {dag.py:3823} INFO - Setting next_dagrun for tutorial_dag to None, run_after=None
[2024-07-26T12:38:51.762+0000] {processor.py:183} INFO - Processing /home/airflow/.local/lib/python3.8/site-packages/airflow/example_dags/tutorial_dag.py took 0.073 seconds
[2024-07-26T12:39:22.469+0000] {processor.py:161} INFO - Started process (PID=156) to work on /home/airflow/.local/lib/python3.8/site-packages/airflow/example_dags/tutorial_dag.py
[2024-07-26T12:39:22.470+0000] {processor.py:830} INFO - Processing file /home/airflow/.local/lib/python3.8/site-packages/airflow/example_dags/tutorial_dag.py for tasks to queue
[2024-07-26T12:39:22.472+0000] {logging_mixin.py:188} INFO - [2024-07-26T12:39:22.472+0000] {dagbag.py:538} INFO - Filling up the DagBag from /home/airflow/.local/lib/python3.8/site-packages/airflow/example_dags/tutorial_dag.py
[2024-07-26T12:39:22.479+0000] {processor.py:840} INFO - DAG(s) 'tutorial_dag' retrieved from /home/airflow/.local/lib/python3.8/site-packages/airflow/example_dags/tutorial_dag.py
[2024-07-26T12:39:22.605+0000] {logging_mixin.py:188} INFO - [2024-07-26T12:39:22.605+0000] {dag.py:3036} INFO - Sync 1 DAGs
[2024-07-26T12:39:22.621+0000] {logging_mixin.py:188} INFO - [2024-07-26T12:39:22.620+0000] {dag.py:3823} INFO - Setting next_dagrun for tutorial_dag to None, run_after=None
[2024-07-26T12:39:22.650+0000] {processor.py:183} INFO - Processing /home/airflow/.local/lib/python3.8/site-packages/airflow/example_dags/tutorial_dag.py took 0.185 seconds
[2024-07-26T12:43:17.268+0000] {processor.py:161} INFO - Started process (PID=97) to work on /home/airflow/.local/lib/python3.8/site-packages/airflow/example_dags/tutorial_dag.py
[2024-07-26T12:43:17.268+0000] {processor.py:830} INFO - Processing file /home/airflow/.local/lib/python3.8/site-packages/airflow/example_dags/tutorial_dag.py for tasks to queue
[2024-07-26T12:43:17.270+0000] {logging_mixin.py:188} INFO - [2024-07-26T12:43:17.270+0000] {dagbag.py:538} INFO - Filling up the DagBag from /home/airflow/.local/lib/python3.8/site-packages/airflow/example_dags/tutorial_dag.py
[2024-07-26T12:43:17.279+0000] {processor.py:840} INFO - DAG(s) 'tutorial_dag' retrieved from /home/airflow/.local/lib/python3.8/site-packages/airflow/example_dags/tutorial_dag.py
[2024-07-26T12:43:17.421+0000] {logging_mixin.py:188} INFO - [2024-07-26T12:43:17.420+0000] {dag.py:3036} INFO - Sync 1 DAGs
[2024-07-26T12:43:17.446+0000] {logging_mixin.py:188} INFO - [2024-07-26T12:43:17.439+0000] {dag.py:3823} INFO - Setting next_dagrun for tutorial_dag to None, run_after=None
[2024-07-26T12:43:17.491+0000] {processor.py:183} INFO - Processing /home/airflow/.local/lib/python3.8/site-packages/airflow/example_dags/tutorial_dag.py took 0.227 seconds
[2024-07-26T12:43:48.057+0000] {processor.py:161} INFO - Started process (PID=161) to work on /home/airflow/.local/lib/python3.8/site-packages/airflow/example_dags/tutorial_dag.py
[2024-07-26T12:43:48.058+0000] {processor.py:830} INFO - Processing file /home/airflow/.local/lib/python3.8/site-packages/airflow/example_dags/tutorial_dag.py for tasks to queue
[2024-07-26T12:43:48.060+0000] {logging_mixin.py:188} INFO - [2024-07-26T12:43:48.060+0000] {dagbag.py:538} INFO - Filling up the DagBag from /home/airflow/.local/lib/python3.8/site-packages/airflow/example_dags/tutorial_dag.py
[2024-07-26T12:43:48.067+0000] {processor.py:840} INFO - DAG(s) 'tutorial_dag' retrieved from /home/airflow/.local/lib/python3.8/site-packages/airflow/example_dags/tutorial_dag.py
[2024-07-26T12:43:48.088+0000] {logging_mixin.py:188} INFO - [2024-07-26T12:43:48.088+0000] {dag.py:3036} INFO - Sync 1 DAGs
[2024-07-26T12:43:48.103+0000] {logging_mixin.py:188} INFO - [2024-07-26T12:43:48.103+0000] {dag.py:3823} INFO - Setting next_dagrun for tutorial_dag to None, run_after=None
[2024-07-26T12:43:48.123+0000] {processor.py:183} INFO - Processing /home/airflow/.local/lib/python3.8/site-packages/airflow/example_dags/tutorial_dag.py took 0.069 seconds
[2024-07-26T12:44:19.222+0000] {processor.py:161} INFO - Started process (PID=224) to work on /home/airflow/.local/lib/python3.8/site-packages/airflow/example_dags/tutorial_dag.py
[2024-07-26T12:44:19.223+0000] {processor.py:830} INFO - Processing file /home/airflow/.local/lib/python3.8/site-packages/airflow/example_dags/tutorial_dag.py for tasks to queue
[2024-07-26T12:44:19.225+0000] {logging_mixin.py:188} INFO - [2024-07-26T12:44:19.225+0000] {dagbag.py:538} INFO - Filling up the DagBag from /home/airflow/.local/lib/python3.8/site-packages/airflow/example_dags/tutorial_dag.py
[2024-07-26T12:44:19.232+0000] {processor.py:840} INFO - DAG(s) 'tutorial_dag' retrieved from /home/airflow/.local/lib/python3.8/site-packages/airflow/example_dags/tutorial_dag.py
[2024-07-26T12:44:19.258+0000] {logging_mixin.py:188} INFO - [2024-07-26T12:44:19.257+0000] {dag.py:3036} INFO - Sync 1 DAGs
[2024-07-26T12:44:19.271+0000] {logging_mixin.py:188} INFO - [2024-07-26T12:44:19.271+0000] {dag.py:3823} INFO - Setting next_dagrun for tutorial_dag to None, run_after=None
[2024-07-26T12:44:19.292+0000] {processor.py:183} INFO - Processing /home/airflow/.local/lib/python3.8/site-packages/airflow/example_dags/tutorial_dag.py took 0.073 seconds
[2024-07-26T12:49:44.763+0000] {processor.py:161} INFO - Started process (PID=90) to work on /home/airflow/.local/lib/python3.8/site-packages/airflow/example_dags/tutorial_dag.py
[2024-07-26T12:49:44.765+0000] {processor.py:830} INFO - Processing file /home/airflow/.local/lib/python3.8/site-packages/airflow/example_dags/tutorial_dag.py for tasks to queue
[2024-07-26T12:49:44.769+0000] {logging_mixin.py:188} INFO - [2024-07-26T12:49:44.768+0000] {dagbag.py:538} INFO - Filling up the DagBag from /home/airflow/.local/lib/python3.8/site-packages/airflow/example_dags/tutorial_dag.py
[2024-07-26T12:49:44.789+0000] {processor.py:840} INFO - DAG(s) 'tutorial_dag' retrieved from /home/airflow/.local/lib/python3.8/site-packages/airflow/example_dags/tutorial_dag.py
[2024-07-26T12:49:44.850+0000] {logging_mixin.py:188} INFO - [2024-07-26T12:49:44.849+0000] {dag.py:3036} INFO - Sync 1 DAGs
[2024-07-26T12:49:44.877+0000] {logging_mixin.py:188} INFO - [2024-07-26T12:49:44.877+0000] {dag.py:3823} INFO - Setting next_dagrun for tutorial_dag to None, run_after=None
[2024-07-26T12:49:44.904+0000] {processor.py:183} INFO - Processing /home/airflow/.local/lib/python3.8/site-packages/airflow/example_dags/tutorial_dag.py took 0.146 seconds
[2024-07-26T12:50:15.462+0000] {processor.py:161} INFO - Started process (PID=152) to work on /home/airflow/.local/lib/python3.8/site-packages/airflow/example_dags/tutorial_dag.py
[2024-07-26T12:50:15.463+0000] {processor.py:830} INFO - Processing file /home/airflow/.local/lib/python3.8/site-packages/airflow/example_dags/tutorial_dag.py for tasks to queue
[2024-07-26T12:50:15.475+0000] {logging_mixin.py:188} INFO - [2024-07-26T12:50:15.474+0000] {dagbag.py:538} INFO - Filling up the DagBag from /home/airflow/.local/lib/python3.8/site-packages/airflow/example_dags/tutorial_dag.py
[2024-07-26T12:50:15.491+0000] {processor.py:840} INFO - DAG(s) 'tutorial_dag' retrieved from /home/airflow/.local/lib/python3.8/site-packages/airflow/example_dags/tutorial_dag.py
[2024-07-26T12:50:15.779+0000] {logging_mixin.py:188} INFO - [2024-07-26T12:50:15.778+0000] {dag.py:3036} INFO - Sync 1 DAGs
[2024-07-26T12:50:15.798+0000] {logging_mixin.py:188} INFO - [2024-07-26T12:50:15.798+0000] {dag.py:3823} INFO - Setting next_dagrun for tutorial_dag to None, run_after=None
[2024-07-26T12:50:15.819+0000] {processor.py:183} INFO - Processing /home/airflow/.local/lib/python3.8/site-packages/airflow/example_dags/tutorial_dag.py took 0.373 seconds
[2024-07-26T12:50:46.125+0000] {processor.py:161} INFO - Started process (PID=216) to work on /home/airflow/.local/lib/python3.8/site-packages/airflow/example_dags/tutorial_dag.py
[2024-07-26T12:50:46.127+0000] {processor.py:830} INFO - Processing file /home/airflow/.local/lib/python3.8/site-packages/airflow/example_dags/tutorial_dag.py for tasks to queue
[2024-07-26T12:50:46.129+0000] {logging_mixin.py:188} INFO - [2024-07-26T12:50:46.128+0000] {dagbag.py:538} INFO - Filling up the DagBag from /home/airflow/.local/lib/python3.8/site-packages/airflow/example_dags/tutorial_dag.py
[2024-07-26T12:50:46.134+0000] {processor.py:840} INFO - DAG(s) 'tutorial_dag' retrieved from /home/airflow/.local/lib/python3.8/site-packages/airflow/example_dags/tutorial_dag.py
[2024-07-26T12:50:46.169+0000] {logging_mixin.py:188} INFO - [2024-07-26T12:50:46.169+0000] {dag.py:3036} INFO - Sync 1 DAGs
[2024-07-26T12:50:46.199+0000] {logging_mixin.py:188} INFO - [2024-07-26T12:50:46.199+0000] {dag.py:3823} INFO - Setting next_dagrun for tutorial_dag to None, run_after=None
[2024-07-26T12:50:46.260+0000] {processor.py:183} INFO - Processing /home/airflow/.local/lib/python3.8/site-packages/airflow/example_dags/tutorial_dag.py took 0.137 seconds
[2024-07-26T12:51:16.328+0000] {processor.py:161} INFO - Started process (PID=280) to work on /home/airflow/.local/lib/python3.8/site-packages/airflow/example_dags/tutorial_dag.py
[2024-07-26T12:51:16.329+0000] {processor.py:830} INFO - Processing file /home/airflow/.local/lib/python3.8/site-packages/airflow/example_dags/tutorial_dag.py for tasks to queue
[2024-07-26T12:51:16.331+0000] {logging_mixin.py:188} INFO - [2024-07-26T12:51:16.331+0000] {dagbag.py:538} INFO - Filling up the DagBag from /home/airflow/.local/lib/python3.8/site-packages/airflow/example_dags/tutorial_dag.py
[2024-07-26T12:51:16.338+0000] {processor.py:840} INFO - DAG(s) 'tutorial_dag' retrieved from /home/airflow/.local/lib/python3.8/site-packages/airflow/example_dags/tutorial_dag.py
[2024-07-26T12:51:16.362+0000] {logging_mixin.py:188} INFO - [2024-07-26T12:51:16.362+0000] {dag.py:3036} INFO - Sync 1 DAGs
[2024-07-26T12:51:16.376+0000] {logging_mixin.py:188} INFO - [2024-07-26T12:51:16.375+0000] {dag.py:3823} INFO - Setting next_dagrun for tutorial_dag to None, run_after=None
[2024-07-26T12:51:16.396+0000] {processor.py:183} INFO - Processing /home/airflow/.local/lib/python3.8/site-packages/airflow/example_dags/tutorial_dag.py took 0.072 seconds
[2024-07-26T12:51:46.743+0000] {processor.py:161} INFO - Started process (PID=344) to work on /home/airflow/.local/lib/python3.8/site-packages/airflow/example_dags/tutorial_dag.py
[2024-07-26T12:51:46.744+0000] {processor.py:830} INFO - Processing file /home/airflow/.local/lib/python3.8/site-packages/airflow/example_dags/tutorial_dag.py for tasks to queue
[2024-07-26T12:51:46.747+0000] {logging_mixin.py:188} INFO - [2024-07-26T12:51:46.746+0000] {dagbag.py:538} INFO - Filling up the DagBag from /home/airflow/.local/lib/python3.8/site-packages/airflow/example_dags/tutorial_dag.py
[2024-07-26T12:51:46.753+0000] {processor.py:840} INFO - DAG(s) 'tutorial_dag' retrieved from /home/airflow/.local/lib/python3.8/site-packages/airflow/example_dags/tutorial_dag.py
[2024-07-26T12:51:46.775+0000] {logging_mixin.py:188} INFO - [2024-07-26T12:51:46.775+0000] {dag.py:3036} INFO - Sync 1 DAGs
[2024-07-26T12:51:46.789+0000] {logging_mixin.py:188} INFO - [2024-07-26T12:51:46.789+0000] {dag.py:3823} INFO - Setting next_dagrun for tutorial_dag to None, run_after=None
[2024-07-26T12:51:46.810+0000] {processor.py:183} INFO - Processing /home/airflow/.local/lib/python3.8/site-packages/airflow/example_dags/tutorial_dag.py took 0.070 seconds
[2024-07-26T12:52:17.439+0000] {processor.py:161} INFO - Started process (PID=408) to work on /home/airflow/.local/lib/python3.8/site-packages/airflow/example_dags/tutorial_dag.py
[2024-07-26T12:52:17.441+0000] {processor.py:830} INFO - Processing file /home/airflow/.local/lib/python3.8/site-packages/airflow/example_dags/tutorial_dag.py for tasks to queue
[2024-07-26T12:52:17.497+0000] {logging_mixin.py:188} INFO - [2024-07-26T12:52:17.496+0000] {dagbag.py:538} INFO - Filling up the DagBag from /home/airflow/.local/lib/python3.8/site-packages/airflow/example_dags/tutorial_dag.py
[2024-07-26T12:52:17.540+0000] {processor.py:840} INFO - DAG(s) 'tutorial_dag' retrieved from /home/airflow/.local/lib/python3.8/site-packages/airflow/example_dags/tutorial_dag.py
[2024-07-26T12:52:17.590+0000] {logging_mixin.py:188} INFO - [2024-07-26T12:52:17.590+0000] {dag.py:3036} INFO - Sync 1 DAGs
[2024-07-26T12:52:17.610+0000] {logging_mixin.py:188} INFO - [2024-07-26T12:52:17.610+0000] {dag.py:3823} INFO - Setting next_dagrun for tutorial_dag to None, run_after=None
[2024-07-26T12:52:17.631+0000] {processor.py:183} INFO - Processing /home/airflow/.local/lib/python3.8/site-packages/airflow/example_dags/tutorial_dag.py took 0.196 seconds
[2024-07-26T12:52:47.972+0000] {processor.py:161} INFO - Started process (PID=472) to work on /home/airflow/.local/lib/python3.8/site-packages/airflow/example_dags/tutorial_dag.py
[2024-07-26T12:52:47.974+0000] {processor.py:830} INFO - Processing file /home/airflow/.local/lib/python3.8/site-packages/airflow/example_dags/tutorial_dag.py for tasks to queue
[2024-07-26T12:52:47.976+0000] {logging_mixin.py:188} INFO - [2024-07-26T12:52:47.975+0000] {dagbag.py:538} INFO - Filling up the DagBag from /home/airflow/.local/lib/python3.8/site-packages/airflow/example_dags/tutorial_dag.py
[2024-07-26T12:52:47.983+0000] {processor.py:840} INFO - DAG(s) 'tutorial_dag' retrieved from /home/airflow/.local/lib/python3.8/site-packages/airflow/example_dags/tutorial_dag.py
[2024-07-26T12:52:48.007+0000] {logging_mixin.py:188} INFO - [2024-07-26T12:52:48.007+0000] {dag.py:3036} INFO - Sync 1 DAGs
[2024-07-26T12:52:48.021+0000] {logging_mixin.py:188} INFO - [2024-07-26T12:52:48.021+0000] {dag.py:3823} INFO - Setting next_dagrun for tutorial_dag to None, run_after=None
[2024-07-26T12:52:48.043+0000] {processor.py:183} INFO - Processing /home/airflow/.local/lib/python3.8/site-packages/airflow/example_dags/tutorial_dag.py took 0.074 seconds
[2024-07-26T12:53:18.567+0000] {processor.py:161} INFO - Started process (PID=535) to work on /home/airflow/.local/lib/python3.8/site-packages/airflow/example_dags/tutorial_dag.py
[2024-07-26T12:53:18.568+0000] {processor.py:830} INFO - Processing file /home/airflow/.local/lib/python3.8/site-packages/airflow/example_dags/tutorial_dag.py for tasks to queue
[2024-07-26T12:53:18.570+0000] {logging_mixin.py:188} INFO - [2024-07-26T12:53:18.570+0000] {dagbag.py:538} INFO - Filling up the DagBag from /home/airflow/.local/lib/python3.8/site-packages/airflow/example_dags/tutorial_dag.py
[2024-07-26T12:53:18.577+0000] {processor.py:840} INFO - DAG(s) 'tutorial_dag' retrieved from /home/airflow/.local/lib/python3.8/site-packages/airflow/example_dags/tutorial_dag.py
[2024-07-26T12:53:18.600+0000] {logging_mixin.py:188} INFO - [2024-07-26T12:53:18.600+0000] {dag.py:3036} INFO - Sync 1 DAGs
[2024-07-26T12:53:18.614+0000] {logging_mixin.py:188} INFO - [2024-07-26T12:53:18.614+0000] {dag.py:3823} INFO - Setting next_dagrun for tutorial_dag to None, run_after=None
[2024-07-26T12:53:18.636+0000] {processor.py:183} INFO - Processing /home/airflow/.local/lib/python3.8/site-packages/airflow/example_dags/tutorial_dag.py took 0.072 seconds
[2024-07-26T12:53:49.001+0000] {processor.py:161} INFO - Started process (PID=600) to work on /home/airflow/.local/lib/python3.8/site-packages/airflow/example_dags/tutorial_dag.py
[2024-07-26T12:53:49.002+0000] {processor.py:830} INFO - Processing file /home/airflow/.local/lib/python3.8/site-packages/airflow/example_dags/tutorial_dag.py for tasks to queue
[2024-07-26T12:53:49.005+0000] {logging_mixin.py:188} INFO - [2024-07-26T12:53:49.004+0000] {dagbag.py:538} INFO - Filling up the DagBag from /home/airflow/.local/lib/python3.8/site-packages/airflow/example_dags/tutorial_dag.py
[2024-07-26T12:53:49.010+0000] {processor.py:840} INFO - DAG(s) 'tutorial_dag' retrieved from /home/airflow/.local/lib/python3.8/site-packages/airflow/example_dags/tutorial_dag.py
[2024-07-26T12:53:49.031+0000] {logging_mixin.py:188} INFO - [2024-07-26T12:53:49.031+0000] {dag.py:3036} INFO - Sync 1 DAGs
[2024-07-26T12:53:49.045+0000] {logging_mixin.py:188} INFO - [2024-07-26T12:53:49.044+0000] {dag.py:3823} INFO - Setting next_dagrun for tutorial_dag to None, run_after=None
[2024-07-26T12:53:49.066+0000] {processor.py:183} INFO - Processing /home/airflow/.local/lib/python3.8/site-packages/airflow/example_dags/tutorial_dag.py took 0.068 seconds
[2024-07-26T12:54:19.244+0000] {processor.py:161} INFO - Started process (PID=664) to work on /home/airflow/.local/lib/python3.8/site-packages/airflow/example_dags/tutorial_dag.py
[2024-07-26T12:54:19.246+0000] {processor.py:830} INFO - Processing file /home/airflow/.local/lib/python3.8/site-packages/airflow/example_dags/tutorial_dag.py for tasks to queue
[2024-07-26T12:54:19.248+0000] {logging_mixin.py:188} INFO - [2024-07-26T12:54:19.247+0000] {dagbag.py:538} INFO - Filling up the DagBag from /home/airflow/.local/lib/python3.8/site-packages/airflow/example_dags/tutorial_dag.py
[2024-07-26T12:54:19.253+0000] {processor.py:840} INFO - DAG(s) 'tutorial_dag' retrieved from /home/airflow/.local/lib/python3.8/site-packages/airflow/example_dags/tutorial_dag.py
[2024-07-26T12:54:19.274+0000] {logging_mixin.py:188} INFO - [2024-07-26T12:54:19.274+0000] {dag.py:3036} INFO - Sync 1 DAGs
[2024-07-26T12:54:19.289+0000] {logging_mixin.py:188} INFO - [2024-07-26T12:54:19.288+0000] {dag.py:3823} INFO - Setting next_dagrun for tutorial_dag to None, run_after=None
[2024-07-26T12:54:19.320+0000] {processor.py:183} INFO - Processing /home/airflow/.local/lib/python3.8/site-packages/airflow/example_dags/tutorial_dag.py took 0.079 seconds
[2024-07-26T12:54:49.503+0000] {processor.py:161} INFO - Started process (PID=728) to work on /home/airflow/.local/lib/python3.8/site-packages/airflow/example_dags/tutorial_dag.py
[2024-07-26T12:54:49.504+0000] {processor.py:830} INFO - Processing file /home/airflow/.local/lib/python3.8/site-packages/airflow/example_dags/tutorial_dag.py for tasks to queue
[2024-07-26T12:54:49.506+0000] {logging_mixin.py:188} INFO - [2024-07-26T12:54:49.506+0000] {dagbag.py:538} INFO - Filling up the DagBag from /home/airflow/.local/lib/python3.8/site-packages/airflow/example_dags/tutorial_dag.py
[2024-07-26T12:54:49.512+0000] {processor.py:840} INFO - DAG(s) 'tutorial_dag' retrieved from /home/airflow/.local/lib/python3.8/site-packages/airflow/example_dags/tutorial_dag.py
[2024-07-26T12:54:49.534+0000] {logging_mixin.py:188} INFO - [2024-07-26T12:54:49.533+0000] {dag.py:3036} INFO - Sync 1 DAGs
[2024-07-26T12:54:49.549+0000] {logging_mixin.py:188} INFO - [2024-07-26T12:54:49.548+0000] {dag.py:3823} INFO - Setting next_dagrun for tutorial_dag to None, run_after=None
[2024-07-26T12:54:49.574+0000] {processor.py:183} INFO - Processing /home/airflow/.local/lib/python3.8/site-packages/airflow/example_dags/tutorial_dag.py took 0.074 seconds
[2024-07-26T12:55:19.747+0000] {processor.py:161} INFO - Started process (PID=791) to work on /home/airflow/.local/lib/python3.8/site-packages/airflow/example_dags/tutorial_dag.py
[2024-07-26T12:55:19.748+0000] {processor.py:830} INFO - Processing file /home/airflow/.local/lib/python3.8/site-packages/airflow/example_dags/tutorial_dag.py for tasks to queue
[2024-07-26T12:55:19.751+0000] {logging_mixin.py:188} INFO - [2024-07-26T12:55:19.750+0000] {dagbag.py:538} INFO - Filling up the DagBag from /home/airflow/.local/lib/python3.8/site-packages/airflow/example_dags/tutorial_dag.py
[2024-07-26T12:55:19.756+0000] {processor.py:840} INFO - DAG(s) 'tutorial_dag' retrieved from /home/airflow/.local/lib/python3.8/site-packages/airflow/example_dags/tutorial_dag.py
[2024-07-26T12:55:19.781+0000] {logging_mixin.py:188} INFO - [2024-07-26T12:55:19.781+0000] {dag.py:3036} INFO - Sync 1 DAGs
[2024-07-26T12:55:19.797+0000] {logging_mixin.py:188} INFO - [2024-07-26T12:55:19.796+0000] {dag.py:3823} INFO - Setting next_dagrun for tutorial_dag to None, run_after=None
[2024-07-26T12:55:19.817+0000] {processor.py:183} INFO - Processing /home/airflow/.local/lib/python3.8/site-packages/airflow/example_dags/tutorial_dag.py took 0.074 seconds
[2024-07-26T12:55:49.974+0000] {processor.py:161} INFO - Started process (PID=855) to work on /home/airflow/.local/lib/python3.8/site-packages/airflow/example_dags/tutorial_dag.py
[2024-07-26T12:55:49.975+0000] {processor.py:830} INFO - Processing file /home/airflow/.local/lib/python3.8/site-packages/airflow/example_dags/tutorial_dag.py for tasks to queue
[2024-07-26T12:55:49.977+0000] {logging_mixin.py:188} INFO - [2024-07-26T12:55:49.976+0000] {dagbag.py:538} INFO - Filling up the DagBag from /home/airflow/.local/lib/python3.8/site-packages/airflow/example_dags/tutorial_dag.py
[2024-07-26T12:55:49.982+0000] {processor.py:840} INFO - DAG(s) 'tutorial_dag' retrieved from /home/airflow/.local/lib/python3.8/site-packages/airflow/example_dags/tutorial_dag.py
[2024-07-26T12:55:50.007+0000] {logging_mixin.py:188} INFO - [2024-07-26T12:55:50.007+0000] {dag.py:3036} INFO - Sync 1 DAGs
[2024-07-26T12:55:50.028+0000] {logging_mixin.py:188} INFO - [2024-07-26T12:55:50.028+0000] {dag.py:3823} INFO - Setting next_dagrun for tutorial_dag to None, run_after=None
[2024-07-26T12:55:50.053+0000] {processor.py:183} INFO - Processing /home/airflow/.local/lib/python3.8/site-packages/airflow/example_dags/tutorial_dag.py took 0.082 seconds
[2024-07-26T12:56:20.890+0000] {processor.py:161} INFO - Started process (PID=919) to work on /home/airflow/.local/lib/python3.8/site-packages/airflow/example_dags/tutorial_dag.py
[2024-07-26T12:56:20.891+0000] {processor.py:830} INFO - Processing file /home/airflow/.local/lib/python3.8/site-packages/airflow/example_dags/tutorial_dag.py for tasks to queue
[2024-07-26T12:56:20.893+0000] {logging_mixin.py:188} INFO - [2024-07-26T12:56:20.893+0000] {dagbag.py:538} INFO - Filling up the DagBag from /home/airflow/.local/lib/python3.8/site-packages/airflow/example_dags/tutorial_dag.py
[2024-07-26T12:56:20.900+0000] {processor.py:840} INFO - DAG(s) 'tutorial_dag' retrieved from /home/airflow/.local/lib/python3.8/site-packages/airflow/example_dags/tutorial_dag.py
[2024-07-26T12:56:20.921+0000] {logging_mixin.py:188} INFO - [2024-07-26T12:56:20.921+0000] {dag.py:3036} INFO - Sync 1 DAGs
[2024-07-26T12:56:20.937+0000] {logging_mixin.py:188} INFO - [2024-07-26T12:56:20.937+0000] {dag.py:3823} INFO - Setting next_dagrun for tutorial_dag to None, run_after=None
[2024-07-26T12:56:20.957+0000] {processor.py:183} INFO - Processing /home/airflow/.local/lib/python3.8/site-packages/airflow/example_dags/tutorial_dag.py took 0.071 seconds
[2024-07-26T12:56:51.086+0000] {processor.py:161} INFO - Started process (PID=983) to work on /home/airflow/.local/lib/python3.8/site-packages/airflow/example_dags/tutorial_dag.py
[2024-07-26T12:56:51.087+0000] {processor.py:830} INFO - Processing file /home/airflow/.local/lib/python3.8/site-packages/airflow/example_dags/tutorial_dag.py for tasks to queue
[2024-07-26T12:56:51.089+0000] {logging_mixin.py:188} INFO - [2024-07-26T12:56:51.088+0000] {dagbag.py:538} INFO - Filling up the DagBag from /home/airflow/.local/lib/python3.8/site-packages/airflow/example_dags/tutorial_dag.py
[2024-07-26T12:56:51.094+0000] {processor.py:840} INFO - DAG(s) 'tutorial_dag' retrieved from /home/airflow/.local/lib/python3.8/site-packages/airflow/example_dags/tutorial_dag.py
[2024-07-26T12:56:51.119+0000] {logging_mixin.py:188} INFO - [2024-07-26T12:56:51.119+0000] {dag.py:3036} INFO - Sync 1 DAGs
[2024-07-26T12:56:51.132+0000] {logging_mixin.py:188} INFO - [2024-07-26T12:56:51.132+0000] {dag.py:3823} INFO - Setting next_dagrun for tutorial_dag to None, run_after=None
[2024-07-26T12:56:51.152+0000] {processor.py:183} INFO - Processing /home/airflow/.local/lib/python3.8/site-packages/airflow/example_dags/tutorial_dag.py took 0.070 seconds
[2024-07-26T12:57:21.565+0000] {processor.py:161} INFO - Started process (PID=1047) to work on /home/airflow/.local/lib/python3.8/site-packages/airflow/example_dags/tutorial_dag.py
[2024-07-26T12:57:21.566+0000] {processor.py:830} INFO - Processing file /home/airflow/.local/lib/python3.8/site-packages/airflow/example_dags/tutorial_dag.py for tasks to queue
[2024-07-26T12:57:21.569+0000] {logging_mixin.py:188} INFO - [2024-07-26T12:57:21.569+0000] {dagbag.py:538} INFO - Filling up the DagBag from /home/airflow/.local/lib/python3.8/site-packages/airflow/example_dags/tutorial_dag.py
[2024-07-26T12:57:21.575+0000] {processor.py:840} INFO - DAG(s) 'tutorial_dag' retrieved from /home/airflow/.local/lib/python3.8/site-packages/airflow/example_dags/tutorial_dag.py
[2024-07-26T12:57:21.599+0000] {logging_mixin.py:188} INFO - [2024-07-26T12:57:21.598+0000] {dag.py:3036} INFO - Sync 1 DAGs
[2024-07-26T12:57:21.613+0000] {logging_mixin.py:188} INFO - [2024-07-26T12:57:21.613+0000] {dag.py:3823} INFO - Setting next_dagrun for tutorial_dag to None, run_after=None
[2024-07-26T12:57:21.633+0000] {processor.py:183} INFO - Processing /home/airflow/.local/lib/python3.8/site-packages/airflow/example_dags/tutorial_dag.py took 0.073 seconds
[2024-07-26T12:57:52.052+0000] {processor.py:161} INFO - Started process (PID=1111) to work on /home/airflow/.local/lib/python3.8/site-packages/airflow/example_dags/tutorial_dag.py
[2024-07-26T12:57:52.054+0000] {processor.py:830} INFO - Processing file /home/airflow/.local/lib/python3.8/site-packages/airflow/example_dags/tutorial_dag.py for tasks to queue
[2024-07-26T12:57:52.056+0000] {logging_mixin.py:188} INFO - [2024-07-26T12:57:52.055+0000] {dagbag.py:538} INFO - Filling up the DagBag from /home/airflow/.local/lib/python3.8/site-packages/airflow/example_dags/tutorial_dag.py
[2024-07-26T12:57:52.061+0000] {processor.py:840} INFO - DAG(s) 'tutorial_dag' retrieved from /home/airflow/.local/lib/python3.8/site-packages/airflow/example_dags/tutorial_dag.py
[2024-07-26T12:57:52.084+0000] {logging_mixin.py:188} INFO - [2024-07-26T12:57:52.084+0000] {dag.py:3036} INFO - Sync 1 DAGs
[2024-07-26T12:57:52.100+0000] {logging_mixin.py:188} INFO - [2024-07-26T12:57:52.100+0000] {dag.py:3823} INFO - Setting next_dagrun for tutorial_dag to None, run_after=None
[2024-07-26T12:57:52.121+0000] {processor.py:183} INFO - Processing /home/airflow/.local/lib/python3.8/site-packages/airflow/example_dags/tutorial_dag.py took 0.073 seconds
[2024-07-26T12:58:22.663+0000] {processor.py:161} INFO - Started process (PID=1175) to work on /home/airflow/.local/lib/python3.8/site-packages/airflow/example_dags/tutorial_dag.py
[2024-07-26T12:58:22.665+0000] {processor.py:830} INFO - Processing file /home/airflow/.local/lib/python3.8/site-packages/airflow/example_dags/tutorial_dag.py for tasks to queue
[2024-07-26T12:58:22.669+0000] {logging_mixin.py:188} INFO - [2024-07-26T12:58:22.669+0000] {dagbag.py:538} INFO - Filling up the DagBag from /home/airflow/.local/lib/python3.8/site-packages/airflow/example_dags/tutorial_dag.py
[2024-07-26T12:58:22.681+0000] {processor.py:840} INFO - DAG(s) 'tutorial_dag' retrieved from /home/airflow/.local/lib/python3.8/site-packages/airflow/example_dags/tutorial_dag.py
[2024-07-26T12:58:22.713+0000] {logging_mixin.py:188} INFO - [2024-07-26T12:58:22.713+0000] {dag.py:3036} INFO - Sync 1 DAGs
[2024-07-26T12:58:22.731+0000] {logging_mixin.py:188} INFO - [2024-07-26T12:58:22.731+0000] {dag.py:3823} INFO - Setting next_dagrun for tutorial_dag to None, run_after=None
[2024-07-26T12:58:22.762+0000] {processor.py:183} INFO - Processing /home/airflow/.local/lib/python3.8/site-packages/airflow/example_dags/tutorial_dag.py took 0.107 seconds
[2024-07-26T12:58:52.850+0000] {processor.py:161} INFO - Started process (PID=1239) to work on /home/airflow/.local/lib/python3.8/site-packages/airflow/example_dags/tutorial_dag.py
[2024-07-26T12:58:52.851+0000] {processor.py:830} INFO - Processing file /home/airflow/.local/lib/python3.8/site-packages/airflow/example_dags/tutorial_dag.py for tasks to queue
[2024-07-26T12:58:52.853+0000] {logging_mixin.py:188} INFO - [2024-07-26T12:58:52.852+0000] {dagbag.py:538} INFO - Filling up the DagBag from /home/airflow/.local/lib/python3.8/site-packages/airflow/example_dags/tutorial_dag.py
[2024-07-26T12:58:52.858+0000] {processor.py:840} INFO - DAG(s) 'tutorial_dag' retrieved from /home/airflow/.local/lib/python3.8/site-packages/airflow/example_dags/tutorial_dag.py
[2024-07-26T12:58:52.890+0000] {logging_mixin.py:188} INFO - [2024-07-26T12:58:52.890+0000] {dag.py:3036} INFO - Sync 1 DAGs
[2024-07-26T12:58:52.913+0000] {logging_mixin.py:188} INFO - [2024-07-26T12:58:52.912+0000] {dag.py:3823} INFO - Setting next_dagrun for tutorial_dag to None, run_after=None
[2024-07-26T12:58:52.935+0000] {processor.py:183} INFO - Processing /home/airflow/.local/lib/python3.8/site-packages/airflow/example_dags/tutorial_dag.py took 0.089 seconds
