[2024-07-26T12:15:23.604+0000] {processor.py:161} INFO - Started process (PID=81) to work on /home/airflow/.local/lib/python3.8/site-packages/airflow/example_dags/tutorial.py
[2024-07-26T12:15:23.606+0000] {processor.py:830} INFO - Processing file /home/airflow/.local/lib/python3.8/site-packages/airflow/example_dags/tutorial.py for tasks to queue
[2024-07-26T12:15:23.608+0000] {logging_mixin.py:188} INFO - [2024-07-26T12:15:23.608+0000] {dagbag.py:538} INFO - Filling up the DagBag from /home/airflow/.local/lib/python3.8/site-packages/airflow/example_dags/tutorial.py
[2024-07-26T12:15:23.620+0000] {processor.py:840} INFO - DAG(s) 'tutorial' retrieved from /home/airflow/.local/lib/python3.8/site-packages/airflow/example_dags/tutorial.py
[2024-07-26T12:15:23.854+0000] {logging_mixin.py:188} INFO - [2024-07-26T12:15:23.853+0000] {dag.py:3036} INFO - Sync 1 DAGs
[2024-07-26T12:15:23.895+0000] {logging_mixin.py:188} INFO - [2024-07-26T12:15:23.895+0000] {dag.py:3823} INFO - Setting next_dagrun for tutorial to 2024-07-25 00:00:00+00:00, run_after=2024-07-26 00:00:00+00:00
[2024-07-26T12:15:23.924+0000] {processor.py:183} INFO - Processing /home/airflow/.local/lib/python3.8/site-packages/airflow/example_dags/tutorial.py took 0.324 seconds
[2024-07-26T12:15:54.267+0000] {processor.py:161} INFO - Started process (PID=149) to work on /home/airflow/.local/lib/python3.8/site-packages/airflow/example_dags/tutorial.py
[2024-07-26T12:15:54.268+0000] {processor.py:830} INFO - Processing file /home/airflow/.local/lib/python3.8/site-packages/airflow/example_dags/tutorial.py for tasks to queue
[2024-07-26T12:15:54.270+0000] {logging_mixin.py:188} INFO - [2024-07-26T12:15:54.270+0000] {dagbag.py:538} INFO - Filling up the DagBag from /home/airflow/.local/lib/python3.8/site-packages/airflow/example_dags/tutorial.py
[2024-07-26T12:15:54.276+0000] {processor.py:840} INFO - DAG(s) 'tutorial' retrieved from /home/airflow/.local/lib/python3.8/site-packages/airflow/example_dags/tutorial.py
[2024-07-26T12:15:54.296+0000] {logging_mixin.py:188} INFO - [2024-07-26T12:15:54.296+0000] {dag.py:3036} INFO - Sync 1 DAGs
[2024-07-26T12:15:54.320+0000] {logging_mixin.py:188} INFO - [2024-07-26T12:15:54.320+0000] {dag.py:3823} INFO - Setting next_dagrun for tutorial to 2024-07-25 00:00:00+00:00, run_after=2024-07-26 00:00:00+00:00
[2024-07-26T12:15:54.339+0000] {processor.py:183} INFO - Processing /home/airflow/.local/lib/python3.8/site-packages/airflow/example_dags/tutorial.py took 0.075 seconds
[2024-07-26T12:16:24.447+0000] {processor.py:161} INFO - Started process (PID=213) to work on /home/airflow/.local/lib/python3.8/site-packages/airflow/example_dags/tutorial.py
[2024-07-26T12:16:24.448+0000] {processor.py:830} INFO - Processing file /home/airflow/.local/lib/python3.8/site-packages/airflow/example_dags/tutorial.py for tasks to queue
[2024-07-26T12:16:24.450+0000] {logging_mixin.py:188} INFO - [2024-07-26T12:16:24.450+0000] {dagbag.py:538} INFO - Filling up the DagBag from /home/airflow/.local/lib/python3.8/site-packages/airflow/example_dags/tutorial.py
[2024-07-26T12:16:24.458+0000] {processor.py:840} INFO - DAG(s) 'tutorial' retrieved from /home/airflow/.local/lib/python3.8/site-packages/airflow/example_dags/tutorial.py
[2024-07-26T12:16:24.482+0000] {logging_mixin.py:188} INFO - [2024-07-26T12:16:24.482+0000] {dag.py:3036} INFO - Sync 1 DAGs
[2024-07-26T12:16:24.508+0000] {logging_mixin.py:188} INFO - [2024-07-26T12:16:24.508+0000] {dag.py:3823} INFO - Setting next_dagrun for tutorial to 2024-07-25 00:00:00+00:00, run_after=2024-07-26 00:00:00+00:00
[2024-07-26T12:16:24.534+0000] {processor.py:183} INFO - Processing /home/airflow/.local/lib/python3.8/site-packages/airflow/example_dags/tutorial.py took 0.091 seconds
[2024-07-26T12:16:54.848+0000] {processor.py:161} INFO - Started process (PID=276) to work on /home/airflow/.local/lib/python3.8/site-packages/airflow/example_dags/tutorial.py
[2024-07-26T12:16:54.849+0000] {processor.py:830} INFO - Processing file /home/airflow/.local/lib/python3.8/site-packages/airflow/example_dags/tutorial.py for tasks to queue
[2024-07-26T12:16:54.852+0000] {logging_mixin.py:188} INFO - [2024-07-26T12:16:54.851+0000] {dagbag.py:538} INFO - Filling up the DagBag from /home/airflow/.local/lib/python3.8/site-packages/airflow/example_dags/tutorial.py
[2024-07-26T12:16:54.858+0000] {processor.py:840} INFO - DAG(s) 'tutorial' retrieved from /home/airflow/.local/lib/python3.8/site-packages/airflow/example_dags/tutorial.py
[2024-07-26T12:16:54.886+0000] {logging_mixin.py:188} INFO - [2024-07-26T12:16:54.886+0000] {dag.py:3036} INFO - Sync 1 DAGs
[2024-07-26T12:16:54.923+0000] {logging_mixin.py:188} INFO - [2024-07-26T12:16:54.923+0000] {dag.py:3823} INFO - Setting next_dagrun for tutorial to 2024-07-25 00:00:00+00:00, run_after=2024-07-26 00:00:00+00:00
[2024-07-26T12:16:54.956+0000] {processor.py:183} INFO - Processing /home/airflow/.local/lib/python3.8/site-packages/airflow/example_dags/tutorial.py took 0.110 seconds
[2024-07-26T12:17:25.542+0000] {processor.py:161} INFO - Started process (PID=340) to work on /home/airflow/.local/lib/python3.8/site-packages/airflow/example_dags/tutorial.py
[2024-07-26T12:17:25.543+0000] {processor.py:830} INFO - Processing file /home/airflow/.local/lib/python3.8/site-packages/airflow/example_dags/tutorial.py for tasks to queue
[2024-07-26T12:17:25.545+0000] {logging_mixin.py:188} INFO - [2024-07-26T12:17:25.545+0000] {dagbag.py:538} INFO - Filling up the DagBag from /home/airflow/.local/lib/python3.8/site-packages/airflow/example_dags/tutorial.py
[2024-07-26T12:17:25.552+0000] {processor.py:840} INFO - DAG(s) 'tutorial' retrieved from /home/airflow/.local/lib/python3.8/site-packages/airflow/example_dags/tutorial.py
[2024-07-26T12:17:25.576+0000] {logging_mixin.py:188} INFO - [2024-07-26T12:17:25.576+0000] {dag.py:3036} INFO - Sync 1 DAGs
[2024-07-26T12:17:25.604+0000] {logging_mixin.py:188} INFO - [2024-07-26T12:17:25.603+0000] {dag.py:3823} INFO - Setting next_dagrun for tutorial to 2024-07-25 00:00:00+00:00, run_after=2024-07-26 00:00:00+00:00
[2024-07-26T12:17:25.634+0000] {processor.py:183} INFO - Processing /home/airflow/.local/lib/python3.8/site-packages/airflow/example_dags/tutorial.py took 0.096 seconds
[2024-07-26T12:17:55.852+0000] {processor.py:161} INFO - Started process (PID=404) to work on /home/airflow/.local/lib/python3.8/site-packages/airflow/example_dags/tutorial.py
[2024-07-26T12:17:55.854+0000] {processor.py:830} INFO - Processing file /home/airflow/.local/lib/python3.8/site-packages/airflow/example_dags/tutorial.py for tasks to queue
[2024-07-26T12:17:55.856+0000] {logging_mixin.py:188} INFO - [2024-07-26T12:17:55.856+0000] {dagbag.py:538} INFO - Filling up the DagBag from /home/airflow/.local/lib/python3.8/site-packages/airflow/example_dags/tutorial.py
[2024-07-26T12:17:55.865+0000] {processor.py:840} INFO - DAG(s) 'tutorial' retrieved from /home/airflow/.local/lib/python3.8/site-packages/airflow/example_dags/tutorial.py
[2024-07-26T12:17:55.889+0000] {logging_mixin.py:188} INFO - [2024-07-26T12:17:55.889+0000] {dag.py:3036} INFO - Sync 1 DAGs
[2024-07-26T12:17:55.916+0000] {logging_mixin.py:188} INFO - [2024-07-26T12:17:55.916+0000] {dag.py:3823} INFO - Setting next_dagrun for tutorial to 2024-07-25 00:00:00+00:00, run_after=2024-07-26 00:00:00+00:00
[2024-07-26T12:17:55.942+0000] {processor.py:183} INFO - Processing /home/airflow/.local/lib/python3.8/site-packages/airflow/example_dags/tutorial.py took 0.093 seconds
[2024-07-26T12:18:26.505+0000] {processor.py:161} INFO - Started process (PID=468) to work on /home/airflow/.local/lib/python3.8/site-packages/airflow/example_dags/tutorial.py
[2024-07-26T12:18:26.507+0000] {processor.py:830} INFO - Processing file /home/airflow/.local/lib/python3.8/site-packages/airflow/example_dags/tutorial.py for tasks to queue
[2024-07-26T12:18:26.509+0000] {logging_mixin.py:188} INFO - [2024-07-26T12:18:26.509+0000] {dagbag.py:538} INFO - Filling up the DagBag from /home/airflow/.local/lib/python3.8/site-packages/airflow/example_dags/tutorial.py
[2024-07-26T12:18:26.517+0000] {processor.py:840} INFO - DAG(s) 'tutorial' retrieved from /home/airflow/.local/lib/python3.8/site-packages/airflow/example_dags/tutorial.py
[2024-07-26T12:18:26.541+0000] {logging_mixin.py:188} INFO - [2024-07-26T12:18:26.540+0000] {dag.py:3036} INFO - Sync 1 DAGs
[2024-07-26T12:18:26.567+0000] {logging_mixin.py:188} INFO - [2024-07-26T12:18:26.567+0000] {dag.py:3823} INFO - Setting next_dagrun for tutorial to 2024-07-25 00:00:00+00:00, run_after=2024-07-26 00:00:00+00:00
[2024-07-26T12:18:26.589+0000] {processor.py:183} INFO - Processing /home/airflow/.local/lib/python3.8/site-packages/airflow/example_dags/tutorial.py took 0.089 seconds
[2024-07-26T12:18:56.660+0000] {processor.py:161} INFO - Started process (PID=532) to work on /home/airflow/.local/lib/python3.8/site-packages/airflow/example_dags/tutorial.py
[2024-07-26T12:18:56.661+0000] {processor.py:830} INFO - Processing file /home/airflow/.local/lib/python3.8/site-packages/airflow/example_dags/tutorial.py for tasks to queue
[2024-07-26T12:18:56.665+0000] {logging_mixin.py:188} INFO - [2024-07-26T12:18:56.664+0000] {dagbag.py:538} INFO - Filling up the DagBag from /home/airflow/.local/lib/python3.8/site-packages/airflow/example_dags/tutorial.py
[2024-07-26T12:18:56.671+0000] {processor.py:840} INFO - DAG(s) 'tutorial' retrieved from /home/airflow/.local/lib/python3.8/site-packages/airflow/example_dags/tutorial.py
[2024-07-26T12:18:56.693+0000] {logging_mixin.py:188} INFO - [2024-07-26T12:18:56.693+0000] {dag.py:3036} INFO - Sync 1 DAGs
[2024-07-26T12:18:56.718+0000] {logging_mixin.py:188} INFO - [2024-07-26T12:18:56.718+0000] {dag.py:3823} INFO - Setting next_dagrun for tutorial to 2024-07-25 00:00:00+00:00, run_after=2024-07-26 00:00:00+00:00
[2024-07-26T12:18:56.737+0000] {processor.py:183} INFO - Processing /home/airflow/.local/lib/python3.8/site-packages/airflow/example_dags/tutorial.py took 0.081 seconds
[2024-07-26T12:19:27.090+0000] {processor.py:161} INFO - Started process (PID=597) to work on /home/airflow/.local/lib/python3.8/site-packages/airflow/example_dags/tutorial.py
[2024-07-26T12:19:27.092+0000] {processor.py:830} INFO - Processing file /home/airflow/.local/lib/python3.8/site-packages/airflow/example_dags/tutorial.py for tasks to queue
[2024-07-26T12:19:27.094+0000] {logging_mixin.py:188} INFO - [2024-07-26T12:19:27.094+0000] {dagbag.py:538} INFO - Filling up the DagBag from /home/airflow/.local/lib/python3.8/site-packages/airflow/example_dags/tutorial.py
[2024-07-26T12:19:27.103+0000] {processor.py:840} INFO - DAG(s) 'tutorial' retrieved from /home/airflow/.local/lib/python3.8/site-packages/airflow/example_dags/tutorial.py
[2024-07-26T12:19:27.128+0000] {logging_mixin.py:188} INFO - [2024-07-26T12:19:27.127+0000] {dag.py:3036} INFO - Sync 1 DAGs
[2024-07-26T12:19:27.151+0000] {logging_mixin.py:188} INFO - [2024-07-26T12:19:27.151+0000] {dag.py:3823} INFO - Setting next_dagrun for tutorial to 2024-07-25 00:00:00+00:00, run_after=2024-07-26 00:00:00+00:00
[2024-07-26T12:19:27.185+0000] {processor.py:183} INFO - Processing /home/airflow/.local/lib/python3.8/site-packages/airflow/example_dags/tutorial.py took 0.099 seconds
[2024-07-26T12:28:15.326+0000] {processor.py:161} INFO - Started process (PID=83) to work on /home/airflow/.local/lib/python3.8/site-packages/airflow/example_dags/tutorial.py
[2024-07-26T12:28:15.327+0000] {processor.py:830} INFO - Processing file /home/airflow/.local/lib/python3.8/site-packages/airflow/example_dags/tutorial.py for tasks to queue
[2024-07-26T12:28:15.330+0000] {logging_mixin.py:188} INFO - [2024-07-26T12:28:15.330+0000] {dagbag.py:538} INFO - Filling up the DagBag from /home/airflow/.local/lib/python3.8/site-packages/airflow/example_dags/tutorial.py
[2024-07-26T12:28:15.342+0000] {processor.py:840} INFO - DAG(s) 'tutorial' retrieved from /home/airflow/.local/lib/python3.8/site-packages/airflow/example_dags/tutorial.py
[2024-07-26T12:28:15.496+0000] {logging_mixin.py:188} INFO - [2024-07-26T12:28:15.495+0000] {dag.py:3036} INFO - Sync 1 DAGs
[2024-07-26T12:28:15.528+0000] {logging_mixin.py:188} INFO - [2024-07-26T12:28:15.528+0000] {dag.py:3823} INFO - Setting next_dagrun for tutorial to 2024-07-25 00:00:00+00:00, run_after=2024-07-26 00:00:00+00:00
[2024-07-26T12:28:15.564+0000] {processor.py:183} INFO - Processing /home/airflow/.local/lib/python3.8/site-packages/airflow/example_dags/tutorial.py took 0.242 seconds
[2024-07-26T12:28:45.993+0000] {processor.py:161} INFO - Started process (PID=145) to work on /home/airflow/.local/lib/python3.8/site-packages/airflow/example_dags/tutorial.py
[2024-07-26T12:28:45.995+0000] {processor.py:830} INFO - Processing file /home/airflow/.local/lib/python3.8/site-packages/airflow/example_dags/tutorial.py for tasks to queue
[2024-07-26T12:28:45.997+0000] {logging_mixin.py:188} INFO - [2024-07-26T12:28:45.997+0000] {dagbag.py:538} INFO - Filling up the DagBag from /home/airflow/.local/lib/python3.8/site-packages/airflow/example_dags/tutorial.py
[2024-07-26T12:28:46.004+0000] {processor.py:840} INFO - DAG(s) 'tutorial' retrieved from /home/airflow/.local/lib/python3.8/site-packages/airflow/example_dags/tutorial.py
[2024-07-26T12:28:46.029+0000] {logging_mixin.py:188} INFO - [2024-07-26T12:28:46.029+0000] {dag.py:3036} INFO - Sync 1 DAGs
[2024-07-26T12:28:46.056+0000] {logging_mixin.py:188} INFO - [2024-07-26T12:28:46.056+0000] {dag.py:3823} INFO - Setting next_dagrun for tutorial to 2024-07-25 00:00:00+00:00, run_after=2024-07-26 00:00:00+00:00
[2024-07-26T12:28:46.078+0000] {processor.py:183} INFO - Processing /home/airflow/.local/lib/python3.8/site-packages/airflow/example_dags/tutorial.py took 0.088 seconds
[2024-07-26T12:29:16.285+0000] {processor.py:161} INFO - Started process (PID=208) to work on /home/airflow/.local/lib/python3.8/site-packages/airflow/example_dags/tutorial.py
[2024-07-26T12:29:16.286+0000] {processor.py:830} INFO - Processing file /home/airflow/.local/lib/python3.8/site-packages/airflow/example_dags/tutorial.py for tasks to queue
[2024-07-26T12:29:16.292+0000] {logging_mixin.py:188} INFO - [2024-07-26T12:29:16.291+0000] {dagbag.py:538} INFO - Filling up the DagBag from /home/airflow/.local/lib/python3.8/site-packages/airflow/example_dags/tutorial.py
[2024-07-26T12:29:16.302+0000] {processor.py:840} INFO - DAG(s) 'tutorial' retrieved from /home/airflow/.local/lib/python3.8/site-packages/airflow/example_dags/tutorial.py
[2024-07-26T12:29:16.332+0000] {logging_mixin.py:188} INFO - [2024-07-26T12:29:16.331+0000] {dag.py:3036} INFO - Sync 1 DAGs
[2024-07-26T12:29:16.357+0000] {logging_mixin.py:188} INFO - [2024-07-26T12:29:16.357+0000] {dag.py:3823} INFO - Setting next_dagrun for tutorial to 2024-07-25 00:00:00+00:00, run_after=2024-07-26 00:00:00+00:00
[2024-07-26T12:29:16.387+0000] {processor.py:183} INFO - Processing /home/airflow/.local/lib/python3.8/site-packages/airflow/example_dags/tutorial.py took 0.109 seconds
[2024-07-26T12:29:46.785+0000] {processor.py:161} INFO - Started process (PID=272) to work on /home/airflow/.local/lib/python3.8/site-packages/airflow/example_dags/tutorial.py
[2024-07-26T12:29:46.786+0000] {processor.py:830} INFO - Processing file /home/airflow/.local/lib/python3.8/site-packages/airflow/example_dags/tutorial.py for tasks to queue
[2024-07-26T12:29:46.789+0000] {logging_mixin.py:188} INFO - [2024-07-26T12:29:46.788+0000] {dagbag.py:538} INFO - Filling up the DagBag from /home/airflow/.local/lib/python3.8/site-packages/airflow/example_dags/tutorial.py
[2024-07-26T12:29:46.794+0000] {processor.py:840} INFO - DAG(s) 'tutorial' retrieved from /home/airflow/.local/lib/python3.8/site-packages/airflow/example_dags/tutorial.py
[2024-07-26T12:29:46.819+0000] {logging_mixin.py:188} INFO - [2024-07-26T12:29:46.818+0000] {dag.py:3036} INFO - Sync 1 DAGs
[2024-07-26T12:29:46.843+0000] {logging_mixin.py:188} INFO - [2024-07-26T12:29:46.842+0000] {dag.py:3823} INFO - Setting next_dagrun for tutorial to 2024-07-25 00:00:00+00:00, run_after=2024-07-26 00:00:00+00:00
[2024-07-26T12:29:46.875+0000] {processor.py:183} INFO - Processing /home/airflow/.local/lib/python3.8/site-packages/airflow/example_dags/tutorial.py took 0.094 seconds
[2024-07-26T12:30:16.922+0000] {processor.py:161} INFO - Started process (PID=335) to work on /home/airflow/.local/lib/python3.8/site-packages/airflow/example_dags/tutorial.py
[2024-07-26T12:30:16.923+0000] {processor.py:830} INFO - Processing file /home/airflow/.local/lib/python3.8/site-packages/airflow/example_dags/tutorial.py for tasks to queue
[2024-07-26T12:30:16.927+0000] {logging_mixin.py:188} INFO - [2024-07-26T12:30:16.926+0000] {dagbag.py:538} INFO - Filling up the DagBag from /home/airflow/.local/lib/python3.8/site-packages/airflow/example_dags/tutorial.py
[2024-07-26T12:30:16.935+0000] {processor.py:840} INFO - DAG(s) 'tutorial' retrieved from /home/airflow/.local/lib/python3.8/site-packages/airflow/example_dags/tutorial.py
[2024-07-26T12:30:16.960+0000] {logging_mixin.py:188} INFO - [2024-07-26T12:30:16.960+0000] {dag.py:3036} INFO - Sync 1 DAGs
[2024-07-26T12:30:16.985+0000] {logging_mixin.py:188} INFO - [2024-07-26T12:30:16.985+0000] {dag.py:3823} INFO - Setting next_dagrun for tutorial to 2024-07-25 00:00:00+00:00, run_after=2024-07-26 00:00:00+00:00
[2024-07-26T12:30:17.008+0000] {processor.py:183} INFO - Processing /home/airflow/.local/lib/python3.8/site-packages/airflow/example_dags/tutorial.py took 0.090 seconds
[2024-07-26T12:30:47.071+0000] {processor.py:161} INFO - Started process (PID=399) to work on /home/airflow/.local/lib/python3.8/site-packages/airflow/example_dags/tutorial.py
[2024-07-26T12:30:47.072+0000] {processor.py:830} INFO - Processing file /home/airflow/.local/lib/python3.8/site-packages/airflow/example_dags/tutorial.py for tasks to queue
[2024-07-26T12:30:47.074+0000] {logging_mixin.py:188} INFO - [2024-07-26T12:30:47.074+0000] {dagbag.py:538} INFO - Filling up the DagBag from /home/airflow/.local/lib/python3.8/site-packages/airflow/example_dags/tutorial.py
[2024-07-26T12:30:47.080+0000] {processor.py:840} INFO - DAG(s) 'tutorial' retrieved from /home/airflow/.local/lib/python3.8/site-packages/airflow/example_dags/tutorial.py
[2024-07-26T12:30:47.102+0000] {logging_mixin.py:188} INFO - [2024-07-26T12:30:47.102+0000] {dag.py:3036} INFO - Sync 1 DAGs
[2024-07-26T12:30:47.126+0000] {logging_mixin.py:188} INFO - [2024-07-26T12:30:47.126+0000] {dag.py:3823} INFO - Setting next_dagrun for tutorial to 2024-07-25 00:00:00+00:00, run_after=2024-07-26 00:00:00+00:00
[2024-07-26T12:30:47.150+0000] {processor.py:183} INFO - Processing /home/airflow/.local/lib/python3.8/site-packages/airflow/example_dags/tutorial.py took 0.082 seconds
[2024-07-26T12:31:17.565+0000] {processor.py:161} INFO - Started process (PID=463) to work on /home/airflow/.local/lib/python3.8/site-packages/airflow/example_dags/tutorial.py
[2024-07-26T12:31:17.565+0000] {processor.py:830} INFO - Processing file /home/airflow/.local/lib/python3.8/site-packages/airflow/example_dags/tutorial.py for tasks to queue
[2024-07-26T12:31:17.568+0000] {logging_mixin.py:188} INFO - [2024-07-26T12:31:17.568+0000] {dagbag.py:538} INFO - Filling up the DagBag from /home/airflow/.local/lib/python3.8/site-packages/airflow/example_dags/tutorial.py
[2024-07-26T12:31:17.574+0000] {processor.py:840} INFO - DAG(s) 'tutorial' retrieved from /home/airflow/.local/lib/python3.8/site-packages/airflow/example_dags/tutorial.py
[2024-07-26T12:31:17.602+0000] {logging_mixin.py:188} INFO - [2024-07-26T12:31:17.602+0000] {dag.py:3036} INFO - Sync 1 DAGs
[2024-07-26T12:31:17.641+0000] {logging_mixin.py:188} INFO - [2024-07-26T12:31:17.641+0000] {dag.py:3823} INFO - Setting next_dagrun for tutorial to 2024-07-25 00:00:00+00:00, run_after=2024-07-26 00:00:00+00:00
[2024-07-26T12:31:17.669+0000] {processor.py:183} INFO - Processing /home/airflow/.local/lib/python3.8/site-packages/airflow/example_dags/tutorial.py took 0.108 seconds
[2024-07-26T12:31:47.813+0000] {processor.py:161} INFO - Started process (PID=527) to work on /home/airflow/.local/lib/python3.8/site-packages/airflow/example_dags/tutorial.py
[2024-07-26T12:31:47.814+0000] {processor.py:830} INFO - Processing file /home/airflow/.local/lib/python3.8/site-packages/airflow/example_dags/tutorial.py for tasks to queue
[2024-07-26T12:31:47.817+0000] {logging_mixin.py:188} INFO - [2024-07-26T12:31:47.816+0000] {dagbag.py:538} INFO - Filling up the DagBag from /home/airflow/.local/lib/python3.8/site-packages/airflow/example_dags/tutorial.py
[2024-07-26T12:31:47.824+0000] {processor.py:840} INFO - DAG(s) 'tutorial' retrieved from /home/airflow/.local/lib/python3.8/site-packages/airflow/example_dags/tutorial.py
[2024-07-26T12:31:47.849+0000] {logging_mixin.py:188} INFO - [2024-07-26T12:31:47.848+0000] {dag.py:3036} INFO - Sync 1 DAGs
[2024-07-26T12:31:47.878+0000] {logging_mixin.py:188} INFO - [2024-07-26T12:31:47.878+0000] {dag.py:3823} INFO - Setting next_dagrun for tutorial to 2024-07-25 00:00:00+00:00, run_after=2024-07-26 00:00:00+00:00
[2024-07-26T12:31:47.907+0000] {processor.py:183} INFO - Processing /home/airflow/.local/lib/python3.8/site-packages/airflow/example_dags/tutorial.py took 0.097 seconds
[2024-07-26T12:32:18.123+0000] {processor.py:161} INFO - Started process (PID=591) to work on /home/airflow/.local/lib/python3.8/site-packages/airflow/example_dags/tutorial.py
[2024-07-26T12:32:18.125+0000] {processor.py:830} INFO - Processing file /home/airflow/.local/lib/python3.8/site-packages/airflow/example_dags/tutorial.py for tasks to queue
[2024-07-26T12:32:18.128+0000] {logging_mixin.py:188} INFO - [2024-07-26T12:32:18.127+0000] {dagbag.py:538} INFO - Filling up the DagBag from /home/airflow/.local/lib/python3.8/site-packages/airflow/example_dags/tutorial.py
[2024-07-26T12:32:18.134+0000] {processor.py:840} INFO - DAG(s) 'tutorial' retrieved from /home/airflow/.local/lib/python3.8/site-packages/airflow/example_dags/tutorial.py
[2024-07-26T12:32:18.162+0000] {logging_mixin.py:188} INFO - [2024-07-26T12:32:18.162+0000] {dag.py:3036} INFO - Sync 1 DAGs
[2024-07-26T12:32:18.193+0000] {logging_mixin.py:188} INFO - [2024-07-26T12:32:18.193+0000] {dag.py:3823} INFO - Setting next_dagrun for tutorial to 2024-07-25 00:00:00+00:00, run_after=2024-07-26 00:00:00+00:00
[2024-07-26T12:32:18.223+0000] {processor.py:183} INFO - Processing /home/airflow/.local/lib/python3.8/site-packages/airflow/example_dags/tutorial.py took 0.104 seconds
[2024-07-26T12:32:48.513+0000] {processor.py:161} INFO - Started process (PID=655) to work on /home/airflow/.local/lib/python3.8/site-packages/airflow/example_dags/tutorial.py
[2024-07-26T12:32:48.514+0000] {processor.py:830} INFO - Processing file /home/airflow/.local/lib/python3.8/site-packages/airflow/example_dags/tutorial.py for tasks to queue
[2024-07-26T12:32:48.517+0000] {logging_mixin.py:188} INFO - [2024-07-26T12:32:48.516+0000] {dagbag.py:538} INFO - Filling up the DagBag from /home/airflow/.local/lib/python3.8/site-packages/airflow/example_dags/tutorial.py
[2024-07-26T12:32:48.526+0000] {processor.py:840} INFO - DAG(s) 'tutorial' retrieved from /home/airflow/.local/lib/python3.8/site-packages/airflow/example_dags/tutorial.py
[2024-07-26T12:32:48.553+0000] {logging_mixin.py:188} INFO - [2024-07-26T12:32:48.553+0000] {dag.py:3036} INFO - Sync 1 DAGs
[2024-07-26T12:32:48.579+0000] {logging_mixin.py:188} INFO - [2024-07-26T12:32:48.579+0000] {dag.py:3823} INFO - Setting next_dagrun for tutorial to 2024-07-25 00:00:00+00:00, run_after=2024-07-26 00:00:00+00:00
[2024-07-26T12:32:48.614+0000] {processor.py:183} INFO - Processing /home/airflow/.local/lib/python3.8/site-packages/airflow/example_dags/tutorial.py took 0.104 seconds
[2024-07-26T12:33:19.071+0000] {processor.py:161} INFO - Started process (PID=726) to work on /home/airflow/.local/lib/python3.8/site-packages/airflow/example_dags/tutorial.py
[2024-07-26T12:33:19.073+0000] {processor.py:830} INFO - Processing file /home/airflow/.local/lib/python3.8/site-packages/airflow/example_dags/tutorial.py for tasks to queue
[2024-07-26T12:33:19.075+0000] {logging_mixin.py:188} INFO - [2024-07-26T12:33:19.074+0000] {dagbag.py:538} INFO - Filling up the DagBag from /home/airflow/.local/lib/python3.8/site-packages/airflow/example_dags/tutorial.py
[2024-07-26T12:33:19.081+0000] {processor.py:840} INFO - DAG(s) 'tutorial' retrieved from /home/airflow/.local/lib/python3.8/site-packages/airflow/example_dags/tutorial.py
[2024-07-26T12:33:19.103+0000] {logging_mixin.py:188} INFO - [2024-07-26T12:33:19.102+0000] {dag.py:3036} INFO - Sync 1 DAGs
[2024-07-26T12:33:19.126+0000] {logging_mixin.py:188} INFO - [2024-07-26T12:33:19.126+0000] {dag.py:3823} INFO - Setting next_dagrun for tutorial to 2024-07-25 00:00:00+00:00, run_after=2024-07-26 00:00:00+00:00
[2024-07-26T12:33:19.153+0000] {processor.py:183} INFO - Processing /home/airflow/.local/lib/python3.8/site-packages/airflow/example_dags/tutorial.py took 0.084 seconds
[2024-07-26T12:33:49.599+0000] {processor.py:161} INFO - Started process (PID=790) to work on /home/airflow/.local/lib/python3.8/site-packages/airflow/example_dags/tutorial.py
[2024-07-26T12:33:49.600+0000] {processor.py:830} INFO - Processing file /home/airflow/.local/lib/python3.8/site-packages/airflow/example_dags/tutorial.py for tasks to queue
[2024-07-26T12:33:49.602+0000] {logging_mixin.py:188} INFO - [2024-07-26T12:33:49.602+0000] {dagbag.py:538} INFO - Filling up the DagBag from /home/airflow/.local/lib/python3.8/site-packages/airflow/example_dags/tutorial.py
[2024-07-26T12:33:49.608+0000] {processor.py:840} INFO - DAG(s) 'tutorial' retrieved from /home/airflow/.local/lib/python3.8/site-packages/airflow/example_dags/tutorial.py
[2024-07-26T12:33:49.631+0000] {logging_mixin.py:188} INFO - [2024-07-26T12:33:49.631+0000] {dag.py:3036} INFO - Sync 1 DAGs
[2024-07-26T12:33:49.656+0000] {logging_mixin.py:188} INFO - [2024-07-26T12:33:49.656+0000] {dag.py:3823} INFO - Setting next_dagrun for tutorial to 2024-07-25 00:00:00+00:00, run_after=2024-07-26 00:00:00+00:00
[2024-07-26T12:33:49.678+0000] {processor.py:183} INFO - Processing /home/airflow/.local/lib/python3.8/site-packages/airflow/example_dags/tutorial.py took 0.082 seconds
[2024-07-26T12:34:20.057+0000] {processor.py:161} INFO - Started process (PID=854) to work on /home/airflow/.local/lib/python3.8/site-packages/airflow/example_dags/tutorial.py
[2024-07-26T12:34:20.058+0000] {processor.py:830} INFO - Processing file /home/airflow/.local/lib/python3.8/site-packages/airflow/example_dags/tutorial.py for tasks to queue
[2024-07-26T12:34:20.061+0000] {logging_mixin.py:188} INFO - [2024-07-26T12:34:20.061+0000] {dagbag.py:538} INFO - Filling up the DagBag from /home/airflow/.local/lib/python3.8/site-packages/airflow/example_dags/tutorial.py
[2024-07-26T12:34:20.068+0000] {processor.py:840} INFO - DAG(s) 'tutorial' retrieved from /home/airflow/.local/lib/python3.8/site-packages/airflow/example_dags/tutorial.py
[2024-07-26T12:34:20.090+0000] {logging_mixin.py:188} INFO - [2024-07-26T12:34:20.089+0000] {dag.py:3036} INFO - Sync 1 DAGs
[2024-07-26T12:34:20.134+0000] {logging_mixin.py:188} INFO - [2024-07-26T12:34:20.133+0000] {dag.py:3823} INFO - Setting next_dagrun for tutorial to 2024-07-25 00:00:00+00:00, run_after=2024-07-26 00:00:00+00:00
[2024-07-26T12:34:20.162+0000] {processor.py:183} INFO - Processing /home/airflow/.local/lib/python3.8/site-packages/airflow/example_dags/tutorial.py took 0.108 seconds
[2024-07-26T12:34:50.266+0000] {processor.py:161} INFO - Started process (PID=918) to work on /home/airflow/.local/lib/python3.8/site-packages/airflow/example_dags/tutorial.py
[2024-07-26T12:34:50.268+0000] {processor.py:830} INFO - Processing file /home/airflow/.local/lib/python3.8/site-packages/airflow/example_dags/tutorial.py for tasks to queue
[2024-07-26T12:34:50.270+0000] {logging_mixin.py:188} INFO - [2024-07-26T12:34:50.269+0000] {dagbag.py:538} INFO - Filling up the DagBag from /home/airflow/.local/lib/python3.8/site-packages/airflow/example_dags/tutorial.py
[2024-07-26T12:34:50.276+0000] {processor.py:840} INFO - DAG(s) 'tutorial' retrieved from /home/airflow/.local/lib/python3.8/site-packages/airflow/example_dags/tutorial.py
[2024-07-26T12:34:50.299+0000] {logging_mixin.py:188} INFO - [2024-07-26T12:34:50.299+0000] {dag.py:3036} INFO - Sync 1 DAGs
[2024-07-26T12:34:50.323+0000] {logging_mixin.py:188} INFO - [2024-07-26T12:34:50.322+0000] {dag.py:3823} INFO - Setting next_dagrun for tutorial to 2024-07-25 00:00:00+00:00, run_after=2024-07-26 00:00:00+00:00
[2024-07-26T12:34:50.348+0000] {processor.py:183} INFO - Processing /home/airflow/.local/lib/python3.8/site-packages/airflow/example_dags/tutorial.py took 0.085 seconds
[2024-07-26T12:35:20.404+0000] {processor.py:161} INFO - Started process (PID=982) to work on /home/airflow/.local/lib/python3.8/site-packages/airflow/example_dags/tutorial.py
[2024-07-26T12:35:20.405+0000] {processor.py:830} INFO - Processing file /home/airflow/.local/lib/python3.8/site-packages/airflow/example_dags/tutorial.py for tasks to queue
[2024-07-26T12:35:20.408+0000] {logging_mixin.py:188} INFO - [2024-07-26T12:35:20.407+0000] {dagbag.py:538} INFO - Filling up the DagBag from /home/airflow/.local/lib/python3.8/site-packages/airflow/example_dags/tutorial.py
[2024-07-26T12:35:20.414+0000] {processor.py:840} INFO - DAG(s) 'tutorial' retrieved from /home/airflow/.local/lib/python3.8/site-packages/airflow/example_dags/tutorial.py
[2024-07-26T12:35:20.448+0000] {logging_mixin.py:188} INFO - [2024-07-26T12:35:20.447+0000] {dag.py:3036} INFO - Sync 1 DAGs
[2024-07-26T12:35:20.482+0000] {logging_mixin.py:188} INFO - [2024-07-26T12:35:20.481+0000] {dag.py:3823} INFO - Setting next_dagrun for tutorial to 2024-07-25 00:00:00+00:00, run_after=2024-07-26 00:00:00+00:00
[2024-07-26T12:35:20.507+0000] {processor.py:183} INFO - Processing /home/airflow/.local/lib/python3.8/site-packages/airflow/example_dags/tutorial.py took 0.107 seconds
[2024-07-26T12:35:50.668+0000] {processor.py:161} INFO - Started process (PID=1046) to work on /home/airflow/.local/lib/python3.8/site-packages/airflow/example_dags/tutorial.py
[2024-07-26T12:35:50.669+0000] {processor.py:830} INFO - Processing file /home/airflow/.local/lib/python3.8/site-packages/airflow/example_dags/tutorial.py for tasks to queue
[2024-07-26T12:35:50.671+0000] {logging_mixin.py:188} INFO - [2024-07-26T12:35:50.671+0000] {dagbag.py:538} INFO - Filling up the DagBag from /home/airflow/.local/lib/python3.8/site-packages/airflow/example_dags/tutorial.py
[2024-07-26T12:35:50.677+0000] {processor.py:840} INFO - DAG(s) 'tutorial' retrieved from /home/airflow/.local/lib/python3.8/site-packages/airflow/example_dags/tutorial.py
[2024-07-26T12:35:50.699+0000] {logging_mixin.py:188} INFO - [2024-07-26T12:35:50.699+0000] {dag.py:3036} INFO - Sync 1 DAGs
[2024-07-26T12:35:50.723+0000] {logging_mixin.py:188} INFO - [2024-07-26T12:35:50.722+0000] {dag.py:3823} INFO - Setting next_dagrun for tutorial to 2024-07-25 00:00:00+00:00, run_after=2024-07-26 00:00:00+00:00
[2024-07-26T12:35:50.747+0000] {processor.py:183} INFO - Processing /home/airflow/.local/lib/python3.8/site-packages/airflow/example_dags/tutorial.py took 0.082 seconds
[2024-07-26T12:36:21.081+0000] {processor.py:161} INFO - Started process (PID=1110) to work on /home/airflow/.local/lib/python3.8/site-packages/airflow/example_dags/tutorial.py
[2024-07-26T12:36:21.083+0000] {processor.py:830} INFO - Processing file /home/airflow/.local/lib/python3.8/site-packages/airflow/example_dags/tutorial.py for tasks to queue
[2024-07-26T12:36:21.085+0000] {logging_mixin.py:188} INFO - [2024-07-26T12:36:21.085+0000] {dagbag.py:538} INFO - Filling up the DagBag from /home/airflow/.local/lib/python3.8/site-packages/airflow/example_dags/tutorial.py
[2024-07-26T12:36:21.093+0000] {processor.py:840} INFO - DAG(s) 'tutorial' retrieved from /home/airflow/.local/lib/python3.8/site-packages/airflow/example_dags/tutorial.py
[2024-07-26T12:36:21.119+0000] {logging_mixin.py:188} INFO - [2024-07-26T12:36:21.119+0000] {dag.py:3036} INFO - Sync 1 DAGs
[2024-07-26T12:36:21.143+0000] {logging_mixin.py:188} INFO - [2024-07-26T12:36:21.143+0000] {dag.py:3823} INFO - Setting next_dagrun for tutorial to 2024-07-25 00:00:00+00:00, run_after=2024-07-26 00:00:00+00:00
[2024-07-26T12:36:21.166+0000] {processor.py:183} INFO - Processing /home/airflow/.local/lib/python3.8/site-packages/airflow/example_dags/tutorial.py took 0.088 seconds
[2024-07-26T12:36:51.540+0000] {processor.py:161} INFO - Started process (PID=1174) to work on /home/airflow/.local/lib/python3.8/site-packages/airflow/example_dags/tutorial.py
[2024-07-26T12:36:51.541+0000] {processor.py:830} INFO - Processing file /home/airflow/.local/lib/python3.8/site-packages/airflow/example_dags/tutorial.py for tasks to queue
[2024-07-26T12:36:51.543+0000] {logging_mixin.py:188} INFO - [2024-07-26T12:36:51.543+0000] {dagbag.py:538} INFO - Filling up the DagBag from /home/airflow/.local/lib/python3.8/site-packages/airflow/example_dags/tutorial.py
[2024-07-26T12:36:51.548+0000] {processor.py:840} INFO - DAG(s) 'tutorial' retrieved from /home/airflow/.local/lib/python3.8/site-packages/airflow/example_dags/tutorial.py
[2024-07-26T12:36:51.570+0000] {logging_mixin.py:188} INFO - [2024-07-26T12:36:51.570+0000] {dag.py:3036} INFO - Sync 1 DAGs
[2024-07-26T12:36:51.598+0000] {logging_mixin.py:188} INFO - [2024-07-26T12:36:51.598+0000] {dag.py:3823} INFO - Setting next_dagrun for tutorial to 2024-07-25 00:00:00+00:00, run_after=2024-07-26 00:00:00+00:00
[2024-07-26T12:36:51.625+0000] {processor.py:183} INFO - Processing /home/airflow/.local/lib/python3.8/site-packages/airflow/example_dags/tutorial.py took 0.088 seconds
[2024-07-26T12:37:22.018+0000] {processor.py:161} INFO - Started process (PID=1238) to work on /home/airflow/.local/lib/python3.8/site-packages/airflow/example_dags/tutorial.py
[2024-07-26T12:37:22.019+0000] {processor.py:830} INFO - Processing file /home/airflow/.local/lib/python3.8/site-packages/airflow/example_dags/tutorial.py for tasks to queue
[2024-07-26T12:37:22.021+0000] {logging_mixin.py:188} INFO - [2024-07-26T12:37:22.021+0000] {dagbag.py:538} INFO - Filling up the DagBag from /home/airflow/.local/lib/python3.8/site-packages/airflow/example_dags/tutorial.py
[2024-07-26T12:37:22.028+0000] {processor.py:840} INFO - DAG(s) 'tutorial' retrieved from /home/airflow/.local/lib/python3.8/site-packages/airflow/example_dags/tutorial.py
[2024-07-26T12:37:22.049+0000] {logging_mixin.py:188} INFO - [2024-07-26T12:37:22.049+0000] {dag.py:3036} INFO - Sync 1 DAGs
[2024-07-26T12:37:22.072+0000] {logging_mixin.py:188} INFO - [2024-07-26T12:37:22.072+0000] {dag.py:3823} INFO - Setting next_dagrun for tutorial to 2024-07-25 00:00:00+00:00, run_after=2024-07-26 00:00:00+00:00
[2024-07-26T12:37:22.094+0000] {processor.py:183} INFO - Processing /home/airflow/.local/lib/python3.8/site-packages/airflow/example_dags/tutorial.py took 0.080 seconds
[2024-07-26T12:38:50.716+0000] {processor.py:161} INFO - Started process (PID=77) to work on /home/airflow/.local/lib/python3.8/site-packages/airflow/example_dags/tutorial.py
[2024-07-26T12:38:50.717+0000] {processor.py:830} INFO - Processing file /home/airflow/.local/lib/python3.8/site-packages/airflow/example_dags/tutorial.py for tasks to queue
[2024-07-26T12:38:50.721+0000] {logging_mixin.py:188} INFO - [2024-07-26T12:38:50.720+0000] {dagbag.py:538} INFO - Filling up the DagBag from /home/airflow/.local/lib/python3.8/site-packages/airflow/example_dags/tutorial.py
[2024-07-26T12:38:50.736+0000] {processor.py:840} INFO - DAG(s) 'tutorial' retrieved from /home/airflow/.local/lib/python3.8/site-packages/airflow/example_dags/tutorial.py
[2024-07-26T12:38:50.760+0000] {logging_mixin.py:188} INFO - [2024-07-26T12:38:50.760+0000] {dag.py:3036} INFO - Sync 1 DAGs
[2024-07-26T12:38:50.814+0000] {logging_mixin.py:188} INFO - [2024-07-26T12:38:50.805+0000] {dag.py:3823} INFO - Setting next_dagrun for tutorial to 2024-07-25 00:00:00+00:00, run_after=2024-07-26 00:00:00+00:00
[2024-07-26T12:38:50.877+0000] {processor.py:183} INFO - Processing /home/airflow/.local/lib/python3.8/site-packages/airflow/example_dags/tutorial.py took 0.164 seconds
[2024-07-26T12:39:21.012+0000] {processor.py:161} INFO - Started process (PID=139) to work on /home/airflow/.local/lib/python3.8/site-packages/airflow/example_dags/tutorial.py
[2024-07-26T12:39:21.014+0000] {processor.py:830} INFO - Processing file /home/airflow/.local/lib/python3.8/site-packages/airflow/example_dags/tutorial.py for tasks to queue
[2024-07-26T12:39:21.016+0000] {logging_mixin.py:188} INFO - [2024-07-26T12:39:21.015+0000] {dagbag.py:538} INFO - Filling up the DagBag from /home/airflow/.local/lib/python3.8/site-packages/airflow/example_dags/tutorial.py
[2024-07-26T12:39:21.022+0000] {processor.py:840} INFO - DAG(s) 'tutorial' retrieved from /home/airflow/.local/lib/python3.8/site-packages/airflow/example_dags/tutorial.py
[2024-07-26T12:39:21.144+0000] {logging_mixin.py:188} INFO - [2024-07-26T12:39:21.144+0000] {dag.py:3036} INFO - Sync 1 DAGs
[2024-07-26T12:39:21.170+0000] {logging_mixin.py:188} INFO - [2024-07-26T12:39:21.170+0000] {dag.py:3823} INFO - Setting next_dagrun for tutorial to 2024-07-25 00:00:00+00:00, run_after=2024-07-26 00:00:00+00:00
[2024-07-26T12:39:21.206+0000] {processor.py:183} INFO - Processing /home/airflow/.local/lib/python3.8/site-packages/airflow/example_dags/tutorial.py took 0.197 seconds
[2024-07-26T12:43:15.380+0000] {processor.py:161} INFO - Started process (PID=82) to work on /home/airflow/.local/lib/python3.8/site-packages/airflow/example_dags/tutorial.py
[2024-07-26T12:43:15.381+0000] {processor.py:830} INFO - Processing file /home/airflow/.local/lib/python3.8/site-packages/airflow/example_dags/tutorial.py for tasks to queue
[2024-07-26T12:43:15.384+0000] {logging_mixin.py:188} INFO - [2024-07-26T12:43:15.383+0000] {dagbag.py:538} INFO - Filling up the DagBag from /home/airflow/.local/lib/python3.8/site-packages/airflow/example_dags/tutorial.py
[2024-07-26T12:43:15.394+0000] {processor.py:840} INFO - DAG(s) 'tutorial' retrieved from /home/airflow/.local/lib/python3.8/site-packages/airflow/example_dags/tutorial.py
[2024-07-26T12:43:15.560+0000] {logging_mixin.py:188} INFO - [2024-07-26T12:43:15.560+0000] {dag.py:3036} INFO - Sync 1 DAGs
[2024-07-26T12:43:15.589+0000] {logging_mixin.py:188} INFO - [2024-07-26T12:43:15.589+0000] {dag.py:3823} INFO - Setting next_dagrun for tutorial to 2024-07-25 00:00:00+00:00, run_after=2024-07-26 00:00:00+00:00
[2024-07-26T12:43:15.614+0000] {processor.py:183} INFO - Processing /home/airflow/.local/lib/python3.8/site-packages/airflow/example_dags/tutorial.py took 0.239 seconds
[2024-07-26T12:43:45.879+0000] {processor.py:161} INFO - Started process (PID=144) to work on /home/airflow/.local/lib/python3.8/site-packages/airflow/example_dags/tutorial.py
[2024-07-26T12:43:45.881+0000] {processor.py:830} INFO - Processing file /home/airflow/.local/lib/python3.8/site-packages/airflow/example_dags/tutorial.py for tasks to queue
[2024-07-26T12:43:45.883+0000] {logging_mixin.py:188} INFO - [2024-07-26T12:43:45.883+0000] {dagbag.py:538} INFO - Filling up the DagBag from /home/airflow/.local/lib/python3.8/site-packages/airflow/example_dags/tutorial.py
[2024-07-26T12:43:45.888+0000] {processor.py:840} INFO - DAG(s) 'tutorial' retrieved from /home/airflow/.local/lib/python3.8/site-packages/airflow/example_dags/tutorial.py
[2024-07-26T12:43:45.911+0000] {logging_mixin.py:188} INFO - [2024-07-26T12:43:45.910+0000] {dag.py:3036} INFO - Sync 1 DAGs
[2024-07-26T12:43:45.935+0000] {logging_mixin.py:188} INFO - [2024-07-26T12:43:45.935+0000] {dag.py:3823} INFO - Setting next_dagrun for tutorial to 2024-07-25 00:00:00+00:00, run_after=2024-07-26 00:00:00+00:00
[2024-07-26T12:43:45.969+0000] {processor.py:183} INFO - Processing /home/airflow/.local/lib/python3.8/site-packages/airflow/example_dags/tutorial.py took 0.094 seconds
[2024-07-26T12:44:16.029+0000] {processor.py:161} INFO - Started process (PID=207) to work on /home/airflow/.local/lib/python3.8/site-packages/airflow/example_dags/tutorial.py
[2024-07-26T12:44:16.030+0000] {processor.py:830} INFO - Processing file /home/airflow/.local/lib/python3.8/site-packages/airflow/example_dags/tutorial.py for tasks to queue
[2024-07-26T12:44:16.034+0000] {logging_mixin.py:188} INFO - [2024-07-26T12:44:16.033+0000] {dagbag.py:538} INFO - Filling up the DagBag from /home/airflow/.local/lib/python3.8/site-packages/airflow/example_dags/tutorial.py
[2024-07-26T12:44:16.040+0000] {processor.py:840} INFO - DAG(s) 'tutorial' retrieved from /home/airflow/.local/lib/python3.8/site-packages/airflow/example_dags/tutorial.py
[2024-07-26T12:44:16.062+0000] {logging_mixin.py:188} INFO - [2024-07-26T12:44:16.062+0000] {dag.py:3036} INFO - Sync 1 DAGs
[2024-07-26T12:44:16.090+0000] {logging_mixin.py:188} INFO - [2024-07-26T12:44:16.089+0000] {dag.py:3823} INFO - Setting next_dagrun for tutorial to 2024-07-25 00:00:00+00:00, run_after=2024-07-26 00:00:00+00:00
[2024-07-26T12:44:16.117+0000] {processor.py:183} INFO - Processing /home/airflow/.local/lib/python3.8/site-packages/airflow/example_dags/tutorial.py took 0.091 seconds
[2024-07-26T12:49:43.419+0000] {processor.py:161} INFO - Started process (PID=76) to work on /home/airflow/.local/lib/python3.8/site-packages/airflow/example_dags/tutorial.py
[2024-07-26T12:49:43.420+0000] {processor.py:830} INFO - Processing file /home/airflow/.local/lib/python3.8/site-packages/airflow/example_dags/tutorial.py for tasks to queue
[2024-07-26T12:49:43.422+0000] {logging_mixin.py:188} INFO - [2024-07-26T12:49:43.422+0000] {dagbag.py:538} INFO - Filling up the DagBag from /home/airflow/.local/lib/python3.8/site-packages/airflow/example_dags/tutorial.py
[2024-07-26T12:49:43.437+0000] {processor.py:840} INFO - DAG(s) 'tutorial' retrieved from /home/airflow/.local/lib/python3.8/site-packages/airflow/example_dags/tutorial.py
[2024-07-26T12:49:43.456+0000] {logging_mixin.py:188} INFO - [2024-07-26T12:49:43.455+0000] {dag.py:3036} INFO - Sync 1 DAGs
[2024-07-26T12:49:43.490+0000] {logging_mixin.py:188} INFO - [2024-07-26T12:49:43.489+0000] {dag.py:3823} INFO - Setting next_dagrun for tutorial to 2024-07-25 00:00:00+00:00, run_after=2024-07-26 00:00:00+00:00
[2024-07-26T12:49:43.515+0000] {processor.py:183} INFO - Processing /home/airflow/.local/lib/python3.8/site-packages/airflow/example_dags/tutorial.py took 0.099 seconds
[2024-07-26T12:50:14.007+0000] {processor.py:161} INFO - Started process (PID=144) to work on /home/airflow/.local/lib/python3.8/site-packages/airflow/example_dags/tutorial.py
[2024-07-26T12:50:14.008+0000] {processor.py:830} INFO - Processing file /home/airflow/.local/lib/python3.8/site-packages/airflow/example_dags/tutorial.py for tasks to queue
[2024-07-26T12:50:14.011+0000] {logging_mixin.py:188} INFO - [2024-07-26T12:50:14.010+0000] {dagbag.py:538} INFO - Filling up the DagBag from /home/airflow/.local/lib/python3.8/site-packages/airflow/example_dags/tutorial.py
[2024-07-26T12:50:14.017+0000] {processor.py:840} INFO - DAG(s) 'tutorial' retrieved from /home/airflow/.local/lib/python3.8/site-packages/airflow/example_dags/tutorial.py
[2024-07-26T12:50:14.154+0000] {logging_mixin.py:188} INFO - [2024-07-26T12:50:14.154+0000] {dag.py:3036} INFO - Sync 1 DAGs
[2024-07-26T12:50:14.196+0000] {logging_mixin.py:188} INFO - [2024-07-26T12:50:14.196+0000] {dag.py:3823} INFO - Setting next_dagrun for tutorial to 2024-07-25 00:00:00+00:00, run_after=2024-07-26 00:00:00+00:00
[2024-07-26T12:50:14.219+0000] {processor.py:183} INFO - Processing /home/airflow/.local/lib/python3.8/site-packages/airflow/example_dags/tutorial.py took 0.216 seconds
[2024-07-26T12:50:44.301+0000] {processor.py:161} INFO - Started process (PID=208) to work on /home/airflow/.local/lib/python3.8/site-packages/airflow/example_dags/tutorial.py
[2024-07-26T12:50:44.302+0000] {processor.py:830} INFO - Processing file /home/airflow/.local/lib/python3.8/site-packages/airflow/example_dags/tutorial.py for tasks to queue
[2024-07-26T12:50:44.305+0000] {logging_mixin.py:188} INFO - [2024-07-26T12:50:44.304+0000] {dagbag.py:538} INFO - Filling up the DagBag from /home/airflow/.local/lib/python3.8/site-packages/airflow/example_dags/tutorial.py
[2024-07-26T12:50:44.312+0000] {processor.py:840} INFO - DAG(s) 'tutorial' retrieved from /home/airflow/.local/lib/python3.8/site-packages/airflow/example_dags/tutorial.py
[2024-07-26T12:50:44.340+0000] {logging_mixin.py:188} INFO - [2024-07-26T12:50:44.339+0000] {dag.py:3036} INFO - Sync 1 DAGs
[2024-07-26T12:50:44.372+0000] {logging_mixin.py:188} INFO - [2024-07-26T12:50:44.372+0000] {dag.py:3823} INFO - Setting next_dagrun for tutorial to 2024-07-25 00:00:00+00:00, run_after=2024-07-26 00:00:00+00:00
[2024-07-26T12:50:44.404+0000] {processor.py:183} INFO - Processing /home/airflow/.local/lib/python3.8/site-packages/airflow/example_dags/tutorial.py took 0.107 seconds
[2024-07-26T12:51:14.579+0000] {processor.py:161} INFO - Started process (PID=271) to work on /home/airflow/.local/lib/python3.8/site-packages/airflow/example_dags/tutorial.py
[2024-07-26T12:51:14.580+0000] {processor.py:830} INFO - Processing file /home/airflow/.local/lib/python3.8/site-packages/airflow/example_dags/tutorial.py for tasks to queue
[2024-07-26T12:51:14.583+0000] {logging_mixin.py:188} INFO - [2024-07-26T12:51:14.582+0000] {dagbag.py:538} INFO - Filling up the DagBag from /home/airflow/.local/lib/python3.8/site-packages/airflow/example_dags/tutorial.py
[2024-07-26T12:51:14.588+0000] {processor.py:840} INFO - DAG(s) 'tutorial' retrieved from /home/airflow/.local/lib/python3.8/site-packages/airflow/example_dags/tutorial.py
[2024-07-26T12:51:14.609+0000] {logging_mixin.py:188} INFO - [2024-07-26T12:51:14.609+0000] {dag.py:3036} INFO - Sync 1 DAGs
[2024-07-26T12:51:14.632+0000] {logging_mixin.py:188} INFO - [2024-07-26T12:51:14.632+0000] {dag.py:3823} INFO - Setting next_dagrun for tutorial to 2024-07-25 00:00:00+00:00, run_after=2024-07-26 00:00:00+00:00
[2024-07-26T12:51:14.656+0000] {processor.py:183} INFO - Processing /home/airflow/.local/lib/python3.8/site-packages/airflow/example_dags/tutorial.py took 0.081 seconds
[2024-07-26T12:51:45.134+0000] {processor.py:161} INFO - Started process (PID=335) to work on /home/airflow/.local/lib/python3.8/site-packages/airflow/example_dags/tutorial.py
[2024-07-26T12:51:45.135+0000] {processor.py:830} INFO - Processing file /home/airflow/.local/lib/python3.8/site-packages/airflow/example_dags/tutorial.py for tasks to queue
[2024-07-26T12:51:45.137+0000] {logging_mixin.py:188} INFO - [2024-07-26T12:51:45.137+0000] {dagbag.py:538} INFO - Filling up the DagBag from /home/airflow/.local/lib/python3.8/site-packages/airflow/example_dags/tutorial.py
[2024-07-26T12:51:45.144+0000] {processor.py:840} INFO - DAG(s) 'tutorial' retrieved from /home/airflow/.local/lib/python3.8/site-packages/airflow/example_dags/tutorial.py
[2024-07-26T12:51:45.167+0000] {logging_mixin.py:188} INFO - [2024-07-26T12:51:45.167+0000] {dag.py:3036} INFO - Sync 1 DAGs
[2024-07-26T12:51:45.192+0000] {logging_mixin.py:188} INFO - [2024-07-26T12:51:45.191+0000] {dag.py:3823} INFO - Setting next_dagrun for tutorial to 2024-07-25 00:00:00+00:00, run_after=2024-07-26 00:00:00+00:00
[2024-07-26T12:51:45.214+0000] {processor.py:183} INFO - Processing /home/airflow/.local/lib/python3.8/site-packages/airflow/example_dags/tutorial.py took 0.084 seconds
[2024-07-26T12:52:15.651+0000] {processor.py:161} INFO - Started process (PID=399) to work on /home/airflow/.local/lib/python3.8/site-packages/airflow/example_dags/tutorial.py
[2024-07-26T12:52:15.652+0000] {processor.py:830} INFO - Processing file /home/airflow/.local/lib/python3.8/site-packages/airflow/example_dags/tutorial.py for tasks to queue
[2024-07-26T12:52:15.654+0000] {logging_mixin.py:188} INFO - [2024-07-26T12:52:15.653+0000] {dagbag.py:538} INFO - Filling up the DagBag from /home/airflow/.local/lib/python3.8/site-packages/airflow/example_dags/tutorial.py
[2024-07-26T12:52:15.660+0000] {processor.py:840} INFO - DAG(s) 'tutorial' retrieved from /home/airflow/.local/lib/python3.8/site-packages/airflow/example_dags/tutorial.py
[2024-07-26T12:52:15.684+0000] {logging_mixin.py:188} INFO - [2024-07-26T12:52:15.683+0000] {dag.py:3036} INFO - Sync 1 DAGs
[2024-07-26T12:52:15.712+0000] {logging_mixin.py:188} INFO - [2024-07-26T12:52:15.712+0000] {dag.py:3823} INFO - Setting next_dagrun for tutorial to 2024-07-25 00:00:00+00:00, run_after=2024-07-26 00:00:00+00:00
[2024-07-26T12:52:15.740+0000] {processor.py:183} INFO - Processing /home/airflow/.local/lib/python3.8/site-packages/airflow/example_dags/tutorial.py took 0.092 seconds
[2024-07-26T12:52:46.251+0000] {processor.py:161} INFO - Started process (PID=463) to work on /home/airflow/.local/lib/python3.8/site-packages/airflow/example_dags/tutorial.py
[2024-07-26T12:52:46.252+0000] {processor.py:830} INFO - Processing file /home/airflow/.local/lib/python3.8/site-packages/airflow/example_dags/tutorial.py for tasks to queue
[2024-07-26T12:52:46.254+0000] {logging_mixin.py:188} INFO - [2024-07-26T12:52:46.254+0000] {dagbag.py:538} INFO - Filling up the DagBag from /home/airflow/.local/lib/python3.8/site-packages/airflow/example_dags/tutorial.py
[2024-07-26T12:52:46.260+0000] {processor.py:840} INFO - DAG(s) 'tutorial' retrieved from /home/airflow/.local/lib/python3.8/site-packages/airflow/example_dags/tutorial.py
[2024-07-26T12:52:46.282+0000] {logging_mixin.py:188} INFO - [2024-07-26T12:52:46.282+0000] {dag.py:3036} INFO - Sync 1 DAGs
[2024-07-26T12:52:46.306+0000] {logging_mixin.py:188} INFO - [2024-07-26T12:52:46.306+0000] {dag.py:3823} INFO - Setting next_dagrun for tutorial to 2024-07-25 00:00:00+00:00, run_after=2024-07-26 00:00:00+00:00
[2024-07-26T12:52:46.336+0000] {processor.py:183} INFO - Processing /home/airflow/.local/lib/python3.8/site-packages/airflow/example_dags/tutorial.py took 0.089 seconds
[2024-07-26T12:53:16.950+0000] {processor.py:161} INFO - Started process (PID=527) to work on /home/airflow/.local/lib/python3.8/site-packages/airflow/example_dags/tutorial.py
[2024-07-26T12:53:16.952+0000] {processor.py:830} INFO - Processing file /home/airflow/.local/lib/python3.8/site-packages/airflow/example_dags/tutorial.py for tasks to queue
[2024-07-26T12:53:16.955+0000] {logging_mixin.py:188} INFO - [2024-07-26T12:53:16.955+0000] {dagbag.py:538} INFO - Filling up the DagBag from /home/airflow/.local/lib/python3.8/site-packages/airflow/example_dags/tutorial.py
[2024-07-26T12:53:16.965+0000] {processor.py:840} INFO - DAG(s) 'tutorial' retrieved from /home/airflow/.local/lib/python3.8/site-packages/airflow/example_dags/tutorial.py
[2024-07-26T12:53:17.000+0000] {logging_mixin.py:188} INFO - [2024-07-26T12:53:16.999+0000] {dag.py:3036} INFO - Sync 1 DAGs
[2024-07-26T12:53:17.040+0000] {logging_mixin.py:188} INFO - [2024-07-26T12:53:17.040+0000] {dag.py:3823} INFO - Setting next_dagrun for tutorial to 2024-07-25 00:00:00+00:00, run_after=2024-07-26 00:00:00+00:00
[2024-07-26T12:53:17.067+0000] {processor.py:183} INFO - Processing /home/airflow/.local/lib/python3.8/site-packages/airflow/example_dags/tutorial.py took 0.122 seconds
[2024-07-26T12:53:47.139+0000] {processor.py:161} INFO - Started process (PID=591) to work on /home/airflow/.local/lib/python3.8/site-packages/airflow/example_dags/tutorial.py
[2024-07-26T12:53:47.141+0000] {processor.py:830} INFO - Processing file /home/airflow/.local/lib/python3.8/site-packages/airflow/example_dags/tutorial.py for tasks to queue
[2024-07-26T12:53:47.143+0000] {logging_mixin.py:188} INFO - [2024-07-26T12:53:47.143+0000] {dagbag.py:538} INFO - Filling up the DagBag from /home/airflow/.local/lib/python3.8/site-packages/airflow/example_dags/tutorial.py
[2024-07-26T12:53:47.148+0000] {processor.py:840} INFO - DAG(s) 'tutorial' retrieved from /home/airflow/.local/lib/python3.8/site-packages/airflow/example_dags/tutorial.py
[2024-07-26T12:53:47.172+0000] {logging_mixin.py:188} INFO - [2024-07-26T12:53:47.171+0000] {dag.py:3036} INFO - Sync 1 DAGs
[2024-07-26T12:53:47.195+0000] {logging_mixin.py:188} INFO - [2024-07-26T12:53:47.194+0000] {dag.py:3823} INFO - Setting next_dagrun for tutorial to 2024-07-25 00:00:00+00:00, run_after=2024-07-26 00:00:00+00:00
[2024-07-26T12:53:47.221+0000] {processor.py:183} INFO - Processing /home/airflow/.local/lib/python3.8/site-packages/airflow/example_dags/tutorial.py took 0.085 seconds
[2024-07-26T12:54:17.543+0000] {processor.py:161} INFO - Started process (PID=655) to work on /home/airflow/.local/lib/python3.8/site-packages/airflow/example_dags/tutorial.py
[2024-07-26T12:54:17.545+0000] {processor.py:830} INFO - Processing file /home/airflow/.local/lib/python3.8/site-packages/airflow/example_dags/tutorial.py for tasks to queue
[2024-07-26T12:54:17.547+0000] {logging_mixin.py:188} INFO - [2024-07-26T12:54:17.547+0000] {dagbag.py:538} INFO - Filling up the DagBag from /home/airflow/.local/lib/python3.8/site-packages/airflow/example_dags/tutorial.py
[2024-07-26T12:54:17.556+0000] {processor.py:840} INFO - DAG(s) 'tutorial' retrieved from /home/airflow/.local/lib/python3.8/site-packages/airflow/example_dags/tutorial.py
[2024-07-26T12:54:17.586+0000] {logging_mixin.py:188} INFO - [2024-07-26T12:54:17.586+0000] {dag.py:3036} INFO - Sync 1 DAGs
[2024-07-26T12:54:17.621+0000] {logging_mixin.py:188} INFO - [2024-07-26T12:54:17.621+0000] {dag.py:3823} INFO - Setting next_dagrun for tutorial to 2024-07-25 00:00:00+00:00, run_after=2024-07-26 00:00:00+00:00
[2024-07-26T12:54:17.648+0000] {processor.py:183} INFO - Processing /home/airflow/.local/lib/python3.8/site-packages/airflow/example_dags/tutorial.py took 0.109 seconds
[2024-07-26T12:54:48.646+0000] {processor.py:161} INFO - Started process (PID=719) to work on /home/airflow/.local/lib/python3.8/site-packages/airflow/example_dags/tutorial.py
[2024-07-26T12:54:48.647+0000] {processor.py:830} INFO - Processing file /home/airflow/.local/lib/python3.8/site-packages/airflow/example_dags/tutorial.py for tasks to queue
[2024-07-26T12:54:48.649+0000] {logging_mixin.py:188} INFO - [2024-07-26T12:54:48.648+0000] {dagbag.py:538} INFO - Filling up the DagBag from /home/airflow/.local/lib/python3.8/site-packages/airflow/example_dags/tutorial.py
[2024-07-26T12:54:48.655+0000] {processor.py:840} INFO - DAG(s) 'tutorial' retrieved from /home/airflow/.local/lib/python3.8/site-packages/airflow/example_dags/tutorial.py
[2024-07-26T12:54:48.679+0000] {logging_mixin.py:188} INFO - [2024-07-26T12:54:48.679+0000] {dag.py:3036} INFO - Sync 1 DAGs
[2024-07-26T12:54:48.705+0000] {logging_mixin.py:188} INFO - [2024-07-26T12:54:48.704+0000] {dag.py:3823} INFO - Setting next_dagrun for tutorial to 2024-07-25 00:00:00+00:00, run_after=2024-07-26 00:00:00+00:00
[2024-07-26T12:54:48.731+0000] {processor.py:183} INFO - Processing /home/airflow/.local/lib/python3.8/site-packages/airflow/example_dags/tutorial.py took 0.090 seconds
[2024-07-26T12:55:18.832+0000] {processor.py:161} INFO - Started process (PID=783) to work on /home/airflow/.local/lib/python3.8/site-packages/airflow/example_dags/tutorial.py
[2024-07-26T12:55:18.833+0000] {processor.py:830} INFO - Processing file /home/airflow/.local/lib/python3.8/site-packages/airflow/example_dags/tutorial.py for tasks to queue
[2024-07-26T12:55:18.836+0000] {logging_mixin.py:188} INFO - [2024-07-26T12:55:18.836+0000] {dagbag.py:538} INFO - Filling up the DagBag from /home/airflow/.local/lib/python3.8/site-packages/airflow/example_dags/tutorial.py
[2024-07-26T12:55:18.844+0000] {processor.py:840} INFO - DAG(s) 'tutorial' retrieved from /home/airflow/.local/lib/python3.8/site-packages/airflow/example_dags/tutorial.py
[2024-07-26T12:55:18.871+0000] {logging_mixin.py:188} INFO - [2024-07-26T12:55:18.871+0000] {dag.py:3036} INFO - Sync 1 DAGs
[2024-07-26T12:55:18.900+0000] {logging_mixin.py:188} INFO - [2024-07-26T12:55:18.900+0000] {dag.py:3823} INFO - Setting next_dagrun for tutorial to 2024-07-25 00:00:00+00:00, run_after=2024-07-26 00:00:00+00:00
[2024-07-26T12:55:18.928+0000] {processor.py:183} INFO - Processing /home/airflow/.local/lib/python3.8/site-packages/airflow/example_dags/tutorial.py took 0.100 seconds
[2024-07-26T12:55:49.219+0000] {processor.py:161} INFO - Started process (PID=847) to work on /home/airflow/.local/lib/python3.8/site-packages/airflow/example_dags/tutorial.py
[2024-07-26T12:55:49.220+0000] {processor.py:830} INFO - Processing file /home/airflow/.local/lib/python3.8/site-packages/airflow/example_dags/tutorial.py for tasks to queue
[2024-07-26T12:55:49.222+0000] {logging_mixin.py:188} INFO - [2024-07-26T12:55:49.222+0000] {dagbag.py:538} INFO - Filling up the DagBag from /home/airflow/.local/lib/python3.8/site-packages/airflow/example_dags/tutorial.py
[2024-07-26T12:55:49.231+0000] {processor.py:840} INFO - DAG(s) 'tutorial' retrieved from /home/airflow/.local/lib/python3.8/site-packages/airflow/example_dags/tutorial.py
[2024-07-26T12:55:49.261+0000] {logging_mixin.py:188} INFO - [2024-07-26T12:55:49.261+0000] {dag.py:3036} INFO - Sync 1 DAGs
[2024-07-26T12:55:49.291+0000] {logging_mixin.py:188} INFO - [2024-07-26T12:55:49.291+0000] {dag.py:3823} INFO - Setting next_dagrun for tutorial to 2024-07-25 00:00:00+00:00, run_after=2024-07-26 00:00:00+00:00
[2024-07-26T12:55:49.321+0000] {processor.py:183} INFO - Processing /home/airflow/.local/lib/python3.8/site-packages/airflow/example_dags/tutorial.py took 0.106 seconds
[2024-07-26T12:56:19.353+0000] {processor.py:161} INFO - Started process (PID=911) to work on /home/airflow/.local/lib/python3.8/site-packages/airflow/example_dags/tutorial.py
[2024-07-26T12:56:19.355+0000] {processor.py:830} INFO - Processing file /home/airflow/.local/lib/python3.8/site-packages/airflow/example_dags/tutorial.py for tasks to queue
[2024-07-26T12:56:19.357+0000] {logging_mixin.py:188} INFO - [2024-07-26T12:56:19.356+0000] {dagbag.py:538} INFO - Filling up the DagBag from /home/airflow/.local/lib/python3.8/site-packages/airflow/example_dags/tutorial.py
[2024-07-26T12:56:19.363+0000] {processor.py:840} INFO - DAG(s) 'tutorial' retrieved from /home/airflow/.local/lib/python3.8/site-packages/airflow/example_dags/tutorial.py
[2024-07-26T12:56:19.392+0000] {logging_mixin.py:188} INFO - [2024-07-26T12:56:19.392+0000] {dag.py:3036} INFO - Sync 1 DAGs
[2024-07-26T12:56:19.429+0000] {logging_mixin.py:188} INFO - [2024-07-26T12:56:19.429+0000] {dag.py:3823} INFO - Setting next_dagrun for tutorial to 2024-07-25 00:00:00+00:00, run_after=2024-07-26 00:00:00+00:00
[2024-07-26T12:56:19.456+0000] {processor.py:183} INFO - Processing /home/airflow/.local/lib/python3.8/site-packages/airflow/example_dags/tutorial.py took 0.106 seconds
[2024-07-26T12:56:49.585+0000] {processor.py:161} INFO - Started process (PID=975) to work on /home/airflow/.local/lib/python3.8/site-packages/airflow/example_dags/tutorial.py
[2024-07-26T12:56:49.586+0000] {processor.py:830} INFO - Processing file /home/airflow/.local/lib/python3.8/site-packages/airflow/example_dags/tutorial.py for tasks to queue
[2024-07-26T12:56:49.588+0000] {logging_mixin.py:188} INFO - [2024-07-26T12:56:49.588+0000] {dagbag.py:538} INFO - Filling up the DagBag from /home/airflow/.local/lib/python3.8/site-packages/airflow/example_dags/tutorial.py
[2024-07-26T12:56:49.594+0000] {processor.py:840} INFO - DAG(s) 'tutorial' retrieved from /home/airflow/.local/lib/python3.8/site-packages/airflow/example_dags/tutorial.py
[2024-07-26T12:56:49.616+0000] {logging_mixin.py:188} INFO - [2024-07-26T12:56:49.616+0000] {dag.py:3036} INFO - Sync 1 DAGs
[2024-07-26T12:56:49.638+0000] {logging_mixin.py:188} INFO - [2024-07-26T12:56:49.638+0000] {dag.py:3823} INFO - Setting next_dagrun for tutorial to 2024-07-25 00:00:00+00:00, run_after=2024-07-26 00:00:00+00:00
[2024-07-26T12:56:49.666+0000] {processor.py:183} INFO - Processing /home/airflow/.local/lib/python3.8/site-packages/airflow/example_dags/tutorial.py took 0.085 seconds
[2024-07-26T12:57:20.136+0000] {processor.py:161} INFO - Started process (PID=1039) to work on /home/airflow/.local/lib/python3.8/site-packages/airflow/example_dags/tutorial.py
[2024-07-26T12:57:20.137+0000] {processor.py:830} INFO - Processing file /home/airflow/.local/lib/python3.8/site-packages/airflow/example_dags/tutorial.py for tasks to queue
[2024-07-26T12:57:20.140+0000] {logging_mixin.py:188} INFO - [2024-07-26T12:57:20.140+0000] {dagbag.py:538} INFO - Filling up the DagBag from /home/airflow/.local/lib/python3.8/site-packages/airflow/example_dags/tutorial.py
[2024-07-26T12:57:20.153+0000] {processor.py:840} INFO - DAG(s) 'tutorial' retrieved from /home/airflow/.local/lib/python3.8/site-packages/airflow/example_dags/tutorial.py
[2024-07-26T12:57:20.185+0000] {logging_mixin.py:188} INFO - [2024-07-26T12:57:20.185+0000] {dag.py:3036} INFO - Sync 1 DAGs
[2024-07-26T12:57:20.221+0000] {logging_mixin.py:188} INFO - [2024-07-26T12:57:20.220+0000] {dag.py:3823} INFO - Setting next_dagrun for tutorial to 2024-07-25 00:00:00+00:00, run_after=2024-07-26 00:00:00+00:00
[2024-07-26T12:57:20.257+0000] {processor.py:183} INFO - Processing /home/airflow/.local/lib/python3.8/site-packages/airflow/example_dags/tutorial.py took 0.126 seconds
[2024-07-26T12:57:50.674+0000] {processor.py:161} INFO - Started process (PID=1103) to work on /home/airflow/.local/lib/python3.8/site-packages/airflow/example_dags/tutorial.py
[2024-07-26T12:57:50.675+0000] {processor.py:830} INFO - Processing file /home/airflow/.local/lib/python3.8/site-packages/airflow/example_dags/tutorial.py for tasks to queue
[2024-07-26T12:57:50.677+0000] {logging_mixin.py:188} INFO - [2024-07-26T12:57:50.677+0000] {dagbag.py:538} INFO - Filling up the DagBag from /home/airflow/.local/lib/python3.8/site-packages/airflow/example_dags/tutorial.py
[2024-07-26T12:57:50.685+0000] {processor.py:840} INFO - DAG(s) 'tutorial' retrieved from /home/airflow/.local/lib/python3.8/site-packages/airflow/example_dags/tutorial.py
[2024-07-26T12:57:50.715+0000] {logging_mixin.py:188} INFO - [2024-07-26T12:57:50.714+0000] {dag.py:3036} INFO - Sync 1 DAGs
[2024-07-26T12:57:50.742+0000] {logging_mixin.py:188} INFO - [2024-07-26T12:57:50.741+0000] {dag.py:3823} INFO - Setting next_dagrun for tutorial to 2024-07-25 00:00:00+00:00, run_after=2024-07-26 00:00:00+00:00
[2024-07-26T12:57:50.769+0000] {processor.py:183} INFO - Processing /home/airflow/.local/lib/python3.8/site-packages/airflow/example_dags/tutorial.py took 0.098 seconds
[2024-07-26T12:58:21.142+0000] {processor.py:161} INFO - Started process (PID=1167) to work on /home/airflow/.local/lib/python3.8/site-packages/airflow/example_dags/tutorial.py
[2024-07-26T12:58:21.143+0000] {processor.py:830} INFO - Processing file /home/airflow/.local/lib/python3.8/site-packages/airflow/example_dags/tutorial.py for tasks to queue
[2024-07-26T12:58:21.145+0000] {logging_mixin.py:188} INFO - [2024-07-26T12:58:21.145+0000] {dagbag.py:538} INFO - Filling up the DagBag from /home/airflow/.local/lib/python3.8/site-packages/airflow/example_dags/tutorial.py
[2024-07-26T12:58:21.152+0000] {processor.py:840} INFO - DAG(s) 'tutorial' retrieved from /home/airflow/.local/lib/python3.8/site-packages/airflow/example_dags/tutorial.py
[2024-07-26T12:58:21.176+0000] {logging_mixin.py:188} INFO - [2024-07-26T12:58:21.176+0000] {dag.py:3036} INFO - Sync 1 DAGs
[2024-07-26T12:58:21.202+0000] {logging_mixin.py:188} INFO - [2024-07-26T12:58:21.202+0000] {dag.py:3823} INFO - Setting next_dagrun for tutorial to 2024-07-25 00:00:00+00:00, run_after=2024-07-26 00:00:00+00:00
[2024-07-26T12:58:21.227+0000] {processor.py:183} INFO - Processing /home/airflow/.local/lib/python3.8/site-packages/airflow/example_dags/tutorial.py took 0.088 seconds
[2024-07-26T12:58:51.353+0000] {processor.py:161} INFO - Started process (PID=1231) to work on /home/airflow/.local/lib/python3.8/site-packages/airflow/example_dags/tutorial.py
[2024-07-26T12:58:51.354+0000] {processor.py:830} INFO - Processing file /home/airflow/.local/lib/python3.8/site-packages/airflow/example_dags/tutorial.py for tasks to queue
[2024-07-26T12:58:51.356+0000] {logging_mixin.py:188} INFO - [2024-07-26T12:58:51.355+0000] {dagbag.py:538} INFO - Filling up the DagBag from /home/airflow/.local/lib/python3.8/site-packages/airflow/example_dags/tutorial.py
[2024-07-26T12:58:51.362+0000] {processor.py:840} INFO - DAG(s) 'tutorial' retrieved from /home/airflow/.local/lib/python3.8/site-packages/airflow/example_dags/tutorial.py
[2024-07-26T12:58:51.387+0000] {logging_mixin.py:188} INFO - [2024-07-26T12:58:51.386+0000] {dag.py:3036} INFO - Sync 1 DAGs
[2024-07-26T12:58:51.413+0000] {logging_mixin.py:188} INFO - [2024-07-26T12:58:51.412+0000] {dag.py:3823} INFO - Setting next_dagrun for tutorial to 2024-07-25 00:00:00+00:00, run_after=2024-07-26 00:00:00+00:00
[2024-07-26T12:58:51.433+0000] {processor.py:183} INFO - Processing /home/airflow/.local/lib/python3.8/site-packages/airflow/example_dags/tutorial.py took 0.084 seconds
