[2024-07-26T12:28:14.441+0000] {processor.py:161} INFO - Started process (PID=80) to work on /opt/airflow/dags/ml_pipeline2.py
[2024-07-26T12:28:14.443+0000] {processor.py:830} INFO - Processing file /opt/airflow/dags/ml_pipeline2.py for tasks to queue
[2024-07-26T12:28:14.447+0000] {logging_mixin.py:188} INFO - [2024-07-26T12:28:14.446+0000] {dagbag.py:538} INFO - Filling up the DagBag from /opt/airflow/dags/ml_pipeline2.py
[2024-07-26T12:28:16.716+0000] {processor.py:840} INFO - DAG(s) 'ml_pipeline_demo' retrieved from /opt/airflow/dags/ml_pipeline2.py
[2024-07-26T12:28:16.865+0000] {logging_mixin.py:188} INFO - [2024-07-26T12:28:16.864+0000] {override.py:1769} INFO - Created Permission View: can edit on DAG:ml_pipeline_demo
[2024-07-26T12:28:16.884+0000] {logging_mixin.py:188} INFO - [2024-07-26T12:28:16.884+0000] {override.py:1769} INFO - Created Permission View: can delete on DAG:ml_pipeline_demo
[2024-07-26T12:28:16.893+0000] {logging_mixin.py:188} INFO - [2024-07-26T12:28:16.892+0000] {override.py:1769} INFO - Created Permission View: can read on DAG:ml_pipeline_demo
[2024-07-26T12:28:16.894+0000] {logging_mixin.py:188} INFO - [2024-07-26T12:28:16.893+0000] {dag.py:3036} INFO - Sync 1 DAGs
[2024-07-26T12:28:16.908+0000] {logging_mixin.py:188} INFO - [2024-07-26T12:28:16.907+0000] {dag.py:3058} INFO - Creating ORM DAG for ml_pipeline_demo
[2024-07-26T12:28:16.921+0000] {logging_mixin.py:188} INFO - [2024-07-26T12:28:16.921+0000] {dag.py:3823} INFO - Setting next_dagrun for ml_pipeline_demo to 2024-07-26 00:00:00+00:00, run_after=2024-07-27 00:00:00+00:00
[2024-07-26T12:28:16.938+0000] {processor.py:183} INFO - Processing /opt/airflow/dags/ml_pipeline2.py took 2.503 seconds
[2024-07-26T12:28:47.022+0000] {processor.py:161} INFO - Started process (PID=147) to work on /opt/airflow/dags/ml_pipeline2.py
[2024-07-26T12:28:47.023+0000] {processor.py:830} INFO - Processing file /opt/airflow/dags/ml_pipeline2.py for tasks to queue
[2024-07-26T12:28:47.025+0000] {logging_mixin.py:188} INFO - [2024-07-26T12:28:47.025+0000] {dagbag.py:538} INFO - Filling up the DagBag from /opt/airflow/dags/ml_pipeline2.py
[2024-07-26T12:28:48.503+0000] {processor.py:840} INFO - DAG(s) 'ml_pipeline_demo' retrieved from /opt/airflow/dags/ml_pipeline2.py
[2024-07-26T12:28:48.539+0000] {logging_mixin.py:188} INFO - [2024-07-26T12:28:48.538+0000] {dag.py:3036} INFO - Sync 1 DAGs
[2024-07-26T12:28:48.577+0000] {logging_mixin.py:188} INFO - [2024-07-26T12:28:48.576+0000] {dag.py:3823} INFO - Setting next_dagrun for ml_pipeline_demo to 2024-07-26 00:00:00+00:00, run_after=2024-07-27 00:00:00+00:00
[2024-07-26T12:28:48.613+0000] {processor.py:183} INFO - Processing /opt/airflow/dags/ml_pipeline2.py took 1.596 seconds
[2024-07-26T12:29:19.123+0000] {processor.py:161} INFO - Started process (PID=222) to work on /opt/airflow/dags/ml_pipeline2.py
[2024-07-26T12:29:19.125+0000] {processor.py:830} INFO - Processing file /opt/airflow/dags/ml_pipeline2.py for tasks to queue
[2024-07-26T12:29:19.127+0000] {logging_mixin.py:188} INFO - [2024-07-26T12:29:19.127+0000] {dagbag.py:538} INFO - Filling up the DagBag from /opt/airflow/dags/ml_pipeline2.py
[2024-07-26T12:29:20.039+0000] {processor.py:840} INFO - DAG(s) 'ml_pipeline_demo' retrieved from /opt/airflow/dags/ml_pipeline2.py
[2024-07-26T12:29:20.060+0000] {logging_mixin.py:188} INFO - [2024-07-26T12:29:20.059+0000] {dag.py:3036} INFO - Sync 1 DAGs
[2024-07-26T12:29:20.087+0000] {logging_mixin.py:188} INFO - [2024-07-26T12:29:20.087+0000] {dag.py:3823} INFO - Setting next_dagrun for ml_pipeline_demo to 2024-07-26 00:00:00+00:00, run_after=2024-07-27 00:00:00+00:00
[2024-07-26T12:29:20.111+0000] {processor.py:183} INFO - Processing /opt/airflow/dags/ml_pipeline2.py took 0.992 seconds
[2024-07-26T12:29:51.066+0000] {processor.py:161} INFO - Started process (PID=293) to work on /opt/airflow/dags/ml_pipeline2.py
[2024-07-26T12:29:51.067+0000] {processor.py:830} INFO - Processing file /opt/airflow/dags/ml_pipeline2.py for tasks to queue
[2024-07-26T12:29:51.069+0000] {logging_mixin.py:188} INFO - [2024-07-26T12:29:51.069+0000] {dagbag.py:538} INFO - Filling up the DagBag from /opt/airflow/dags/ml_pipeline2.py
[2024-07-26T12:29:52.147+0000] {processor.py:840} INFO - DAG(s) 'ml_pipeline_demo' retrieved from /opt/airflow/dags/ml_pipeline2.py
[2024-07-26T12:29:52.167+0000] {logging_mixin.py:188} INFO - [2024-07-26T12:29:52.166+0000] {dag.py:3036} INFO - Sync 1 DAGs
[2024-07-26T12:29:52.190+0000] {logging_mixin.py:188} INFO - [2024-07-26T12:29:52.189+0000] {dag.py:3823} INFO - Setting next_dagrun for ml_pipeline_demo to 2024-07-26 00:00:00+00:00, run_after=2024-07-27 00:00:00+00:00
[2024-07-26T12:29:52.209+0000] {processor.py:183} INFO - Processing /opt/airflow/dags/ml_pipeline2.py took 1.147 seconds
[2024-07-26T12:30:22.340+0000] {processor.py:161} INFO - Started process (PID=365) to work on /opt/airflow/dags/ml_pipeline2.py
[2024-07-26T12:30:22.341+0000] {processor.py:830} INFO - Processing file /opt/airflow/dags/ml_pipeline2.py for tasks to queue
[2024-07-26T12:30:22.344+0000] {logging_mixin.py:188} INFO - [2024-07-26T12:30:22.344+0000] {dagbag.py:538} INFO - Filling up the DagBag from /opt/airflow/dags/ml_pipeline2.py
[2024-07-26T12:30:23.421+0000] {processor.py:840} INFO - DAG(s) 'ml_pipeline_demo' retrieved from /opt/airflow/dags/ml_pipeline2.py
[2024-07-26T12:30:23.439+0000] {logging_mixin.py:188} INFO - [2024-07-26T12:30:23.439+0000] {dag.py:3036} INFO - Sync 1 DAGs
[2024-07-26T12:30:23.462+0000] {logging_mixin.py:188} INFO - [2024-07-26T12:30:23.461+0000] {dag.py:3823} INFO - Setting next_dagrun for ml_pipeline_demo to 2024-07-26 00:00:00+00:00, run_after=2024-07-27 00:00:00+00:00
[2024-07-26T12:30:23.479+0000] {processor.py:183} INFO - Processing /opt/airflow/dags/ml_pipeline2.py took 1.143 seconds
[2024-07-26T12:30:53.700+0000] {processor.py:161} INFO - Started process (PID=435) to work on /opt/airflow/dags/ml_pipeline2.py
[2024-07-26T12:30:53.701+0000] {processor.py:830} INFO - Processing file /opt/airflow/dags/ml_pipeline2.py for tasks to queue
[2024-07-26T12:30:53.706+0000] {logging_mixin.py:188} INFO - [2024-07-26T12:30:53.706+0000] {dagbag.py:538} INFO - Filling up the DagBag from /opt/airflow/dags/ml_pipeline2.py
[2024-07-26T12:30:54.904+0000] {processor.py:840} INFO - DAG(s) 'ml_pipeline_demo' retrieved from /opt/airflow/dags/ml_pipeline2.py
[2024-07-26T12:30:54.948+0000] {logging_mixin.py:188} INFO - [2024-07-26T12:30:54.947+0000] {dag.py:3036} INFO - Sync 1 DAGs
[2024-07-26T12:30:54.989+0000] {logging_mixin.py:188} INFO - [2024-07-26T12:30:54.989+0000] {dag.py:3823} INFO - Setting next_dagrun for ml_pipeline_demo to 2024-07-26 00:00:00+00:00, run_after=2024-07-27 00:00:00+00:00
[2024-07-26T12:30:55.010+0000] {processor.py:183} INFO - Processing /opt/airflow/dags/ml_pipeline2.py took 1.313 seconds
[2024-07-26T12:31:25.295+0000] {processor.py:161} INFO - Started process (PID=503) to work on /opt/airflow/dags/ml_pipeline2.py
[2024-07-26T12:31:25.297+0000] {processor.py:830} INFO - Processing file /opt/airflow/dags/ml_pipeline2.py for tasks to queue
[2024-07-26T12:31:25.300+0000] {logging_mixin.py:188} INFO - [2024-07-26T12:31:25.299+0000] {dagbag.py:538} INFO - Filling up the DagBag from /opt/airflow/dags/ml_pipeline2.py
[2024-07-26T12:31:26.288+0000] {processor.py:840} INFO - DAG(s) 'ml_pipeline_demo' retrieved from /opt/airflow/dags/ml_pipeline2.py
[2024-07-26T12:31:26.311+0000] {logging_mixin.py:188} INFO - [2024-07-26T12:31:26.310+0000] {dag.py:3036} INFO - Sync 1 DAGs
[2024-07-26T12:31:26.334+0000] {logging_mixin.py:188} INFO - [2024-07-26T12:31:26.334+0000] {dag.py:3823} INFO - Setting next_dagrun for ml_pipeline_demo to 2024-07-26 00:00:00+00:00, run_after=2024-07-27 00:00:00+00:00
[2024-07-26T12:31:26.353+0000] {processor.py:183} INFO - Processing /opt/airflow/dags/ml_pipeline2.py took 1.063 seconds
[2024-07-26T12:31:56.799+0000] {processor.py:161} INFO - Started process (PID=574) to work on /opt/airflow/dags/ml_pipeline2.py
[2024-07-26T12:31:56.800+0000] {processor.py:830} INFO - Processing file /opt/airflow/dags/ml_pipeline2.py for tasks to queue
[2024-07-26T12:31:56.802+0000] {logging_mixin.py:188} INFO - [2024-07-26T12:31:56.802+0000] {dagbag.py:538} INFO - Filling up the DagBag from /opt/airflow/dags/ml_pipeline2.py
[2024-07-26T12:31:57.861+0000] {processor.py:840} INFO - DAG(s) 'ml_pipeline_demo' retrieved from /opt/airflow/dags/ml_pipeline2.py
[2024-07-26T12:31:57.883+0000] {logging_mixin.py:188} INFO - [2024-07-26T12:31:57.882+0000] {dag.py:3036} INFO - Sync 1 DAGs
[2024-07-26T12:31:57.908+0000] {logging_mixin.py:188} INFO - [2024-07-26T12:31:57.907+0000] {dag.py:3823} INFO - Setting next_dagrun for ml_pipeline_demo to 2024-07-26 00:00:00+00:00, run_after=2024-07-27 00:00:00+00:00
[2024-07-26T12:31:57.930+0000] {processor.py:183} INFO - Processing /opt/airflow/dags/ml_pipeline2.py took 1.134 seconds
[2024-07-26T12:32:28.790+0000] {processor.py:161} INFO - Started process (PID=644) to work on /opt/airflow/dags/ml_pipeline2.py
[2024-07-26T12:32:28.791+0000] {processor.py:830} INFO - Processing file /opt/airflow/dags/ml_pipeline2.py for tasks to queue
[2024-07-26T12:32:28.793+0000] {logging_mixin.py:188} INFO - [2024-07-26T12:32:28.793+0000] {dagbag.py:538} INFO - Filling up the DagBag from /opt/airflow/dags/ml_pipeline2.py
[2024-07-26T12:32:29.758+0000] {processor.py:840} INFO - DAG(s) 'ml_pipeline_demo' retrieved from /opt/airflow/dags/ml_pipeline2.py
[2024-07-26T12:32:29.787+0000] {logging_mixin.py:188} INFO - [2024-07-26T12:32:29.787+0000] {dag.py:3036} INFO - Sync 1 DAGs
[2024-07-26T12:32:29.818+0000] {logging_mixin.py:188} INFO - [2024-07-26T12:32:29.818+0000] {dag.py:3823} INFO - Setting next_dagrun for ml_pipeline_demo to 2024-07-26 00:00:00+00:00, run_after=2024-07-27 00:00:00+00:00
[2024-07-26T12:32:29.846+0000] {processor.py:183} INFO - Processing /opt/airflow/dags/ml_pipeline2.py took 1.060 seconds
[2024-07-26T12:32:59.912+0000] {processor.py:161} INFO - Started process (PID=708) to work on /opt/airflow/dags/ml_pipeline2.py
[2024-07-26T12:32:59.913+0000] {processor.py:830} INFO - Processing file /opt/airflow/dags/ml_pipeline2.py for tasks to queue
[2024-07-26T12:32:59.916+0000] {logging_mixin.py:188} INFO - [2024-07-26T12:32:59.915+0000] {dagbag.py:538} INFO - Filling up the DagBag from /opt/airflow/dags/ml_pipeline2.py
[2024-07-26T12:33:00.811+0000] {processor.py:840} INFO - DAG(s) 'ml_pipeline_demo' retrieved from /opt/airflow/dags/ml_pipeline2.py
[2024-07-26T12:33:00.834+0000] {logging_mixin.py:188} INFO - [2024-07-26T12:33:00.833+0000] {dag.py:3036} INFO - Sync 1 DAGs
[2024-07-26T12:33:00.858+0000] {logging_mixin.py:188} INFO - [2024-07-26T12:33:00.857+0000] {dag.py:3823} INFO - Setting next_dagrun for ml_pipeline_demo to 2024-07-26 00:00:00+00:00, run_after=2024-07-27 00:00:00+00:00
[2024-07-26T12:33:00.882+0000] {processor.py:183} INFO - Processing /opt/airflow/dags/ml_pipeline2.py took 0.974 seconds
[2024-07-26T12:33:31.323+0000] {processor.py:161} INFO - Started process (PID=773) to work on /opt/airflow/dags/ml_pipeline2.py
[2024-07-26T12:33:31.324+0000] {processor.py:830} INFO - Processing file /opt/airflow/dags/ml_pipeline2.py for tasks to queue
[2024-07-26T12:33:31.327+0000] {logging_mixin.py:188} INFO - [2024-07-26T12:33:31.326+0000] {dagbag.py:538} INFO - Filling up the DagBag from /opt/airflow/dags/ml_pipeline2.py
[2024-07-26T12:33:32.302+0000] {processor.py:840} INFO - DAG(s) 'ml_pipeline_demo' retrieved from /opt/airflow/dags/ml_pipeline2.py
[2024-07-26T12:33:32.338+0000] {logging_mixin.py:188} INFO - [2024-07-26T12:33:32.338+0000] {dag.py:3036} INFO - Sync 1 DAGs
[2024-07-26T12:33:32.381+0000] {logging_mixin.py:188} INFO - [2024-07-26T12:33:32.380+0000] {dag.py:3823} INFO - Setting next_dagrun for ml_pipeline_demo to 2024-07-26 00:00:00+00:00, run_after=2024-07-27 00:00:00+00:00
[2024-07-26T12:33:32.412+0000] {processor.py:183} INFO - Processing /opt/airflow/dags/ml_pipeline2.py took 1.092 seconds
[2024-07-26T12:34:02.827+0000] {processor.py:161} INFO - Started process (PID=837) to work on /opt/airflow/dags/ml_pipeline2.py
[2024-07-26T12:34:02.828+0000] {processor.py:830} INFO - Processing file /opt/airflow/dags/ml_pipeline2.py for tasks to queue
[2024-07-26T12:34:02.830+0000] {logging_mixin.py:188} INFO - [2024-07-26T12:34:02.830+0000] {dagbag.py:538} INFO - Filling up the DagBag from /opt/airflow/dags/ml_pipeline2.py
[2024-07-26T12:34:03.763+0000] {processor.py:840} INFO - DAG(s) 'ml_pipeline_demo' retrieved from /opt/airflow/dags/ml_pipeline2.py
[2024-07-26T12:34:03.783+0000] {logging_mixin.py:188} INFO - [2024-07-26T12:34:03.783+0000] {dag.py:3036} INFO - Sync 1 DAGs
[2024-07-26T12:34:03.805+0000] {logging_mixin.py:188} INFO - [2024-07-26T12:34:03.805+0000] {dag.py:3823} INFO - Setting next_dagrun for ml_pipeline_demo to 2024-07-26 00:00:00+00:00, run_after=2024-07-27 00:00:00+00:00
[2024-07-26T12:34:03.825+0000] {processor.py:183} INFO - Processing /opt/airflow/dags/ml_pipeline2.py took 1.002 seconds
[2024-07-26T12:34:34.076+0000] {processor.py:161} INFO - Started process (PID=901) to work on /opt/airflow/dags/ml_pipeline2.py
[2024-07-26T12:34:34.077+0000] {processor.py:830} INFO - Processing file /opt/airflow/dags/ml_pipeline2.py for tasks to queue
[2024-07-26T12:34:34.079+0000] {logging_mixin.py:188} INFO - [2024-07-26T12:34:34.079+0000] {dagbag.py:538} INFO - Filling up the DagBag from /opt/airflow/dags/ml_pipeline2.py
[2024-07-26T12:34:35.063+0000] {processor.py:840} INFO - DAG(s) 'ml_pipeline_demo' retrieved from /opt/airflow/dags/ml_pipeline2.py
[2024-07-26T12:34:35.085+0000] {logging_mixin.py:188} INFO - [2024-07-26T12:34:35.084+0000] {dag.py:3036} INFO - Sync 1 DAGs
[2024-07-26T12:34:35.108+0000] {logging_mixin.py:188} INFO - [2024-07-26T12:34:35.108+0000] {dag.py:3823} INFO - Setting next_dagrun for ml_pipeline_demo to 2024-07-26 00:00:00+00:00, run_after=2024-07-27 00:00:00+00:00
[2024-07-26T12:34:35.138+0000] {processor.py:183} INFO - Processing /opt/airflow/dags/ml_pipeline2.py took 1.067 seconds
[2024-07-26T12:35:05.242+0000] {processor.py:161} INFO - Started process (PID=967) to work on /opt/airflow/dags/ml_pipeline2.py
[2024-07-26T12:35:05.244+0000] {processor.py:830} INFO - Processing file /opt/airflow/dags/ml_pipeline2.py for tasks to queue
[2024-07-26T12:35:05.246+0000] {logging_mixin.py:188} INFO - [2024-07-26T12:35:05.245+0000] {dagbag.py:538} INFO - Filling up the DagBag from /opt/airflow/dags/ml_pipeline2.py
[2024-07-26T12:35:06.246+0000] {processor.py:840} INFO - DAG(s) 'ml_pipeline_demo' retrieved from /opt/airflow/dags/ml_pipeline2.py
[2024-07-26T12:35:06.266+0000] {logging_mixin.py:188} INFO - [2024-07-26T12:35:06.265+0000] {dag.py:3036} INFO - Sync 1 DAGs
[2024-07-26T12:35:06.290+0000] {logging_mixin.py:188} INFO - [2024-07-26T12:35:06.290+0000] {dag.py:3823} INFO - Setting next_dagrun for ml_pipeline_demo to 2024-07-26 00:00:00+00:00, run_after=2024-07-27 00:00:00+00:00
[2024-07-26T12:35:06.309+0000] {processor.py:183} INFO - Processing /opt/airflow/dags/ml_pipeline2.py took 1.070 seconds
[2024-07-26T12:35:36.533+0000] {processor.py:161} INFO - Started process (PID=1031) to work on /opt/airflow/dags/ml_pipeline2.py
[2024-07-26T12:35:36.534+0000] {processor.py:830} INFO - Processing file /opt/airflow/dags/ml_pipeline2.py for tasks to queue
[2024-07-26T12:35:36.536+0000] {logging_mixin.py:188} INFO - [2024-07-26T12:35:36.536+0000] {dagbag.py:538} INFO - Filling up the DagBag from /opt/airflow/dags/ml_pipeline2.py
[2024-07-26T12:35:37.497+0000] {processor.py:840} INFO - DAG(s) 'ml_pipeline_demo' retrieved from /opt/airflow/dags/ml_pipeline2.py
[2024-07-26T12:35:37.518+0000] {logging_mixin.py:188} INFO - [2024-07-26T12:35:37.518+0000] {dag.py:3036} INFO - Sync 1 DAGs
[2024-07-26T12:35:37.547+0000] {logging_mixin.py:188} INFO - [2024-07-26T12:35:37.547+0000] {dag.py:3823} INFO - Setting next_dagrun for ml_pipeline_demo to 2024-07-26 00:00:00+00:00, run_after=2024-07-27 00:00:00+00:00
[2024-07-26T12:35:37.565+0000] {processor.py:183} INFO - Processing /opt/airflow/dags/ml_pipeline2.py took 1.036 seconds
[2024-07-26T12:36:07.975+0000] {processor.py:161} INFO - Started process (PID=1095) to work on /opt/airflow/dags/ml_pipeline2.py
[2024-07-26T12:36:07.977+0000] {processor.py:830} INFO - Processing file /opt/airflow/dags/ml_pipeline2.py for tasks to queue
[2024-07-26T12:36:07.978+0000] {logging_mixin.py:188} INFO - [2024-07-26T12:36:07.978+0000] {dagbag.py:538} INFO - Filling up the DagBag from /opt/airflow/dags/ml_pipeline2.py
[2024-07-26T12:36:08.875+0000] {processor.py:840} INFO - DAG(s) 'ml_pipeline_demo' retrieved from /opt/airflow/dags/ml_pipeline2.py
[2024-07-26T12:36:08.893+0000] {logging_mixin.py:188} INFO - [2024-07-26T12:36:08.893+0000] {dag.py:3036} INFO - Sync 1 DAGs
[2024-07-26T12:36:08.917+0000] {logging_mixin.py:188} INFO - [2024-07-26T12:36:08.917+0000] {dag.py:3823} INFO - Setting next_dagrun for ml_pipeline_demo to 2024-07-26 00:00:00+00:00, run_after=2024-07-27 00:00:00+00:00
[2024-07-26T12:36:08.942+0000] {processor.py:183} INFO - Processing /opt/airflow/dags/ml_pipeline2.py took 0.970 seconds
[2024-07-26T12:36:39.370+0000] {processor.py:161} INFO - Started process (PID=1159) to work on /opt/airflow/dags/ml_pipeline2.py
[2024-07-26T12:36:39.371+0000] {processor.py:830} INFO - Processing file /opt/airflow/dags/ml_pipeline2.py for tasks to queue
[2024-07-26T12:36:39.373+0000] {logging_mixin.py:188} INFO - [2024-07-26T12:36:39.372+0000] {dagbag.py:538} INFO - Filling up the DagBag from /opt/airflow/dags/ml_pipeline2.py
[2024-07-26T12:36:40.284+0000] {processor.py:840} INFO - DAG(s) 'ml_pipeline_demo' retrieved from /opt/airflow/dags/ml_pipeline2.py
[2024-07-26T12:36:40.304+0000] {logging_mixin.py:188} INFO - [2024-07-26T12:36:40.304+0000] {dag.py:3036} INFO - Sync 1 DAGs
[2024-07-26T12:36:40.327+0000] {logging_mixin.py:188} INFO - [2024-07-26T12:36:40.327+0000] {dag.py:3823} INFO - Setting next_dagrun for ml_pipeline_demo to 2024-07-26 00:00:00+00:00, run_after=2024-07-27 00:00:00+00:00
[2024-07-26T12:36:40.346+0000] {processor.py:183} INFO - Processing /opt/airflow/dags/ml_pipeline2.py took 0.979 seconds
[2024-07-26T12:37:05.758+0000] {processor.py:161} INFO - Started process (PID=1221) to work on /opt/airflow/dags/ml_pipeline2.py
[2024-07-26T12:37:05.759+0000] {processor.py:830} INFO - Processing file /opt/airflow/dags/ml_pipeline2.py for tasks to queue
[2024-07-26T12:37:05.761+0000] {logging_mixin.py:188} INFO - [2024-07-26T12:37:05.760+0000] {dagbag.py:538} INFO - Filling up the DagBag from /opt/airflow/dags/ml_pipeline2.py
[2024-07-26T12:37:06.756+0000] {logging_mixin.py:188} INFO - [2024-07-26T12:37:06.750+0000] {dagbag.py:348} ERROR - Failed to import: /opt/airflow/dags/ml_pipeline2.py
Traceback (most recent call last):
  File "/home/airflow/.local/lib/python3.8/site-packages/airflow/models/dagbag.py", line 344, in parse
    loader.exec_module(new_module)
  File "<frozen importlib._bootstrap_external>", line 843, in exec_module
  File "<frozen importlib._bootstrap>", line 219, in _call_with_frames_removed
  File "/opt/airflow/dags/ml_pipeline2.py", line 141, in <module>
    task_training_basic_classifier = PythonOperator(
  File "/home/airflow/.local/lib/python3.8/site-packages/airflow/models/baseoperator.py", line 437, in apply_defaults
    result = func(self, **kwargs, default_args=default_args)
  File "/home/airflow/.local/lib/python3.8/site-packages/airflow/operators/python.py", line 184, in __init__
    super().__init__(**kwargs)
  File "/home/airflow/.local/lib/python3.8/site-packages/airflow/models/baseoperator.py", line 437, in apply_defaults
    result = func(self, **kwargs, default_args=default_args)
  File "/home/airflow/.local/lib/python3.8/site-packages/airflow/models/baseoperator.py", line 811, in __init__
    task_group.add(self)
  File "/home/airflow/.local/lib/python3.8/site-packages/airflow/utils/task_group.py", line 231, in add
    raise DuplicateTaskIdFound(f"{node_type} id '{key}' has already been added to the DAG")
airflow.exceptions.DuplicateTaskIdFound: Task id 'train_test_split' has already been added to the DAG
[2024-07-26T12:37:06.757+0000] {processor.py:842} WARNING - No viable dags retrieved from /opt/airflow/dags/ml_pipeline2.py
[2024-07-26T12:37:06.776+0000] {processor.py:183} INFO - Processing /opt/airflow/dags/ml_pipeline2.py took 1.023 seconds
[2024-07-26T12:38:50.365+0000] {processor.py:161} INFO - Started process (PID=68) to work on /opt/airflow/dags/ml_pipeline2.py
[2024-07-26T12:38:50.366+0000] {processor.py:830} INFO - Processing file /opt/airflow/dags/ml_pipeline2.py for tasks to queue
[2024-07-26T12:38:50.369+0000] {logging_mixin.py:188} INFO - [2024-07-26T12:38:50.369+0000] {dagbag.py:538} INFO - Filling up the DagBag from /opt/airflow/dags/ml_pipeline2.py
[2024-07-26T12:38:51.636+0000] {logging_mixin.py:188} INFO - [2024-07-26T12:38:51.632+0000] {dagbag.py:348} ERROR - Failed to import: /opt/airflow/dags/ml_pipeline2.py
Traceback (most recent call last):
  File "/home/airflow/.local/lib/python3.8/site-packages/airflow/models/dagbag.py", line 344, in parse
    loader.exec_module(new_module)
  File "<frozen importlib._bootstrap_external>", line 843, in exec_module
  File "<frozen importlib._bootstrap>", line 219, in _call_with_frames_removed
  File "/opt/airflow/dags/ml_pipeline2.py", line 141, in <module>
    task_training_basic_classifier = PythonOperator(
  File "/home/airflow/.local/lib/python3.8/site-packages/airflow/models/baseoperator.py", line 437, in apply_defaults
    result = func(self, **kwargs, default_args=default_args)
  File "/home/airflow/.local/lib/python3.8/site-packages/airflow/operators/python.py", line 184, in __init__
    super().__init__(**kwargs)
  File "/home/airflow/.local/lib/python3.8/site-packages/airflow/models/baseoperator.py", line 437, in apply_defaults
    result = func(self, **kwargs, default_args=default_args)
  File "/home/airflow/.local/lib/python3.8/site-packages/airflow/models/baseoperator.py", line 811, in __init__
    task_group.add(self)
  File "/home/airflow/.local/lib/python3.8/site-packages/airflow/utils/task_group.py", line 231, in add
    raise DuplicateTaskIdFound(f"{node_type} id '{key}' has already been added to the DAG")
airflow.exceptions.DuplicateTaskIdFound: Task id 'train_test_split' has already been added to the DAG
[2024-07-26T12:38:51.637+0000] {processor.py:842} WARNING - No viable dags retrieved from /opt/airflow/dags/ml_pipeline2.py
[2024-07-26T12:38:51.656+0000] {processor.py:183} INFO - Processing /opt/airflow/dags/ml_pipeline2.py took 1.295 seconds
[2024-07-26T12:39:21.831+0000] {processor.py:161} INFO - Started process (PID=145) to work on /opt/airflow/dags/ml_pipeline2.py
[2024-07-26T12:39:21.833+0000] {processor.py:830} INFO - Processing file /opt/airflow/dags/ml_pipeline2.py for tasks to queue
[2024-07-26T12:39:21.835+0000] {logging_mixin.py:188} INFO - [2024-07-26T12:39:21.835+0000] {dagbag.py:538} INFO - Filling up the DagBag from /opt/airflow/dags/ml_pipeline2.py
[2024-07-26T12:39:22.846+0000] {logging_mixin.py:188} INFO - [2024-07-26T12:39:22.839+0000] {dagbag.py:348} ERROR - Failed to import: /opt/airflow/dags/ml_pipeline2.py
Traceback (most recent call last):
  File "/home/airflow/.local/lib/python3.8/site-packages/airflow/models/dagbag.py", line 344, in parse
    loader.exec_module(new_module)
  File "<frozen importlib._bootstrap_external>", line 843, in exec_module
  File "<frozen importlib._bootstrap>", line 219, in _call_with_frames_removed
  File "/opt/airflow/dags/ml_pipeline2.py", line 141, in <module>
    task_training_basic_classifier = PythonOperator(
  File "/home/airflow/.local/lib/python3.8/site-packages/airflow/models/baseoperator.py", line 437, in apply_defaults
    result = func(self, **kwargs, default_args=default_args)
  File "/home/airflow/.local/lib/python3.8/site-packages/airflow/operators/python.py", line 184, in __init__
    super().__init__(**kwargs)
  File "/home/airflow/.local/lib/python3.8/site-packages/airflow/models/baseoperator.py", line 437, in apply_defaults
    result = func(self, **kwargs, default_args=default_args)
  File "/home/airflow/.local/lib/python3.8/site-packages/airflow/models/baseoperator.py", line 811, in __init__
    task_group.add(self)
  File "/home/airflow/.local/lib/python3.8/site-packages/airflow/utils/task_group.py", line 231, in add
    raise DuplicateTaskIdFound(f"{node_type} id '{key}' has already been added to the DAG")
airflow.exceptions.DuplicateTaskIdFound: Task id 'train_test_split' has already been added to the DAG
[2024-07-26T12:39:22.846+0000] {processor.py:842} WARNING - No viable dags retrieved from /opt/airflow/dags/ml_pipeline2.py
[2024-07-26T12:39:22.867+0000] {processor.py:183} INFO - Processing /opt/airflow/dags/ml_pipeline2.py took 1.042 seconds
